<?xml version="1.0" encoding="UTF-8"?>
<testsuite xmlns:xsi="http://www.w3.org/2001/XMLSchema-instance" xsi:noNamespaceSchemaLocation="https://maven.apache.org/surefire/maven-surefire-plugin/xsd/surefire-test-report.xsd" version="3.0.2" name="com.fastandfurious.reindeer.ArchitectureTest" time="1.965" tests="6" errors="0" skipped="0" failures="0">
  <properties>
    <property name="java.specification.version" value="24"/>
    <property name="sun.cpu.isalist" value="amd64"/>
    <property name="sun.jnu.encoding" value="Cp1252"/>
    <property name="java.class.path" value="C:\Work\2567\2567-2\CPE112_Project\Non-Build\WebBase\fast-dasher-core\target\test-classes;C:\Work\2567\2567-2\CPE112_Project\Non-Build\WebBase\fast-dasher-core\target\classes;C:\Users\jetan\.m2\repository\com\vaadin\vaadin\24.7.2\vaadin-24.7.2.jar;C:\Users\jetan\.m2\repository\com\vaadin\vaadin-internal\24.7.2\vaadin-internal-24.7.2.jar;C:\Users\jetan\.m2\repository\com\vaadin\vaadin-board-flow\24.7.2\vaadin-board-flow-24.7.2.jar;C:\Users\jetan\.m2\repository\com\vaadin\vaadin-charts-flow\24.7.2\vaadin-charts-flow-24.7.2.jar;C:\Users\jetan\.m2\repository\com\vaadin\vaadin-cookie-consent-flow\24.7.2\vaadin-cookie-consent-flow-24.7.2.jar;C:\Users\jetan\.m2\repository\com\vaadin\vaadin-crud-flow\24.7.2\vaadin-crud-flow-24.7.2.jar;C:\Users\jetan\.m2\repository\com\vaadin\vaadin-button-flow\24.7.2\vaadin-button-flow-24.7.2.jar;C:\Users\jetan\.m2\repository\com\vaadin\vaadin-flow-components-base\24.7.2\vaadin-flow-components-base-24.7.2.jar;C:\Users\jetan\.m2\repository\com\vaadin\vaadin-grid-flow\24.7.2\vaadin-grid-flow-24.7.2.jar;C:\Users\jetan\.m2\repository\org\apache\commons\commons-lang3\3.17.0\commons-lang3-3.17.0.jar;C:\Users\jetan\.m2\repository\com\vaadin\vaadin-renderer-flow\24.7.2\vaadin-renderer-flow-24.7.2.jar;C:\Users\jetan\.m2\repository\com\vaadin\vaadin-text-field-flow\24.7.2\vaadin-text-field-flow-24.7.2.jar;C:\Users\jetan\.m2\repository\com\vaadin\vaadin-dashboard-flow\24.7.2\vaadin-dashboard-flow-24.7.2.jar;C:\Users\jetan\.m2\repository\com\vaadin\vaadin-grid-pro-flow\24.7.2\vaadin-grid-pro-flow-24.7.2.jar;C:\Users\jetan\.m2\repository\com\vaadin\vaadin-map-flow\24.7.2\vaadin-map-flow-24.7.2.jar;C:\Users\jetan\.m2\repository\com\vaadin\vaadin-rich-text-editor-flow\24.7.2\vaadin-rich-text-editor-flow-24.7.2.jar;C:\Users\jetan\.m2\repository\com\vaadin\vaadin-spring-boot-starter\24.7.2\vaadin-spring-boot-starter-24.7.2.jar;C:\Users\jetan\.m2\repository\com\vaadin\vaadin-spring\24.7.4\vaadin-spring-24.7.4.jar;C:\Users\jetan\.m2\repository\com\vaadin\flow-server\24.7.4\flow-server-24.7.4.jar;C:\Users\jetan\.m2\repository\com\vaadin\servletdetector\throw-if-servlet3\1.0.2\throw-if-servlet3-1.0.2.jar;C:\Users\jetan\.m2\repository\org\jspecify\jspecify\1.0.0\jspecify-1.0.0.jar;C:\Users\jetan\.m2\repository\com\vaadin\external\gwt\gwt-elemental\2.8.2.vaadin2\gwt-elemental-2.8.2.vaadin2.jar;C:\Users\jetan\.m2\repository\org\apache\commons\commons-fileupload2-jakarta\2.0.0-M1\commons-fileupload2-jakarta-2.0.0-M1.jar;C:\Users\jetan\.m2\repository\org\apache\commons\commons-fileupload2-core\2.0.0-M1\commons-fileupload2-core-2.0.0-M1.jar;C:\Users\jetan\.m2\repository\commons-io\commons-io\2.18.0\commons-io-2.18.0.jar;C:\Users\jetan\.m2\repository\com\fasterxml\jackson\core\jackson-core\2.18.2\jackson-core-2.18.2.jar;C:\Users\jetan\.m2\repository\org\jsoup\jsoup\1.18.3\jsoup-1.18.3.jar;C:\Users\jetan\.m2\repository\com\helger\ph-css\7.0.4\ph-css-7.0.4.jar;C:\Users\jetan\.m2\repository\com\helger\commons\ph-commons\11.2.0\ph-commons-11.2.0.jar;C:\Users\jetan\.m2\repository\org\ow2\asm\asm\9.7.1\asm-9.7.1.jar;C:\Users\jetan\.m2\repository\com\vaadin\external\gentyref\1.2.0.vaadin1\gentyref-1.2.0.vaadin1.jar;C:\Users\jetan\.m2\repository\org\apache\commons\commons-compress\1.27.1\commons-compress-1.27.1.jar;C:\Users\jetan\.m2\repository\commons-codec\commons-codec\1.17.2\commons-codec-1.17.2.jar;C:\Users\jetan\.m2\repository\com\vaadin\flow-push\24.7.4\flow-push-24.7.4.jar;C:\Users\jetan\.m2\repository\com\vaadin\external\atmosphere\atmosphere-runtime\3.0.5.slf4jvaadin1\atmosphere-runtime-3.0.5.slf4jvaadin1.jar;C:\Users\jetan\.m2\repository\com\vaadin\flow-client\24.7.4\flow-client-24.7.4.jar;C:\Users\jetan\.m2\repository\org\springframework\spring-webmvc\6.2.3\spring-webmvc-6.2.3.jar;C:\Users\jetan\.m2\repository\org\springframework\spring-expression\6.2.3\spring-expression-6.2.3.jar;C:\Users\jetan\.m2\repository\org\springframework\spring-websocket\6.2.3\spring-websocket-6.2.3.jar;C:\Users\jetan\.m2\repository\org\reflections\reflections\0.10.2\reflections-0.10.2.jar;C:\Users\jetan\.m2\repository\com\google\code\findbugs\jsr305\3.0.2\jsr305-3.0.2.jar;C:\Users\jetan\.m2\repository\org\javassist\javassist\3.30.2-GA\javassist-3.30.2-GA.jar;C:\Users\jetan\.m2\repository\com\vaadin\hilla\24.7.2\hilla-24.7.2.jar;C:\Users\jetan\.m2\repository\com\vaadin\hilla-endpoint\24.7.2\hilla-endpoint-24.7.2.jar;C:\Users\jetan\.m2\repository\com\vaadin\hilla-engine-core\24.7.2\hilla-engine-core-24.7.2.jar;C:\Users\jetan\.m2\repository\com\vaadin\hilla-parser-jvm-core\24.7.2\hilla-parser-jvm-core-24.7.2.jar;C:\Users\jetan\.m2\repository\io\github\classgraph\classgraph\4.8.179\classgraph-4.8.179.jar;C:\Users\jetan\.m2\repository\com\fasterxml\jackson\dataformat\jackson-dataformat-yaml\2.18.2\jackson-dataformat-yaml-2.18.2.jar;C:\Users\jetan\.m2\repository\com\vaadin\hilla-parser-jvm-plugin-backbone\24.7.2\hilla-parser-jvm-plugin-backbone-24.7.2.jar;C:\Users\jetan\.m2\repository\com\vaadin\hilla-parser-jvm-plugin-nonnull\24.7.2\hilla-parser-jvm-plugin-nonnull-24.7.2.jar;C:\Users\jetan\.m2\repository\com\vaadin\hilla-parser-jvm-plugin-subtypes\24.7.2\hilla-parser-jvm-plugin-subtypes-24.7.2.jar;C:\Users\jetan\.m2\repository\com\vaadin\hilla-parser-jvm-plugin-model\24.7.2\hilla-parser-jvm-plugin-model-24.7.2.jar;C:\Users\jetan\.m2\repository\com\vaadin\hilla-parser-jvm-plugin-transfertypes\24.7.2\hilla-parser-jvm-plugin-transfertypes-24.7.2.jar;C:\Users\jetan\.m2\repository\io\projectreactor\reactor-core\3.7.3\reactor-core-3.7.3.jar;C:\Users\jetan\.m2\repository\org\reactivestreams\reactive-streams\1.0.4\reactive-streams-1.0.4.jar;C:\Users\jetan\.m2\repository\com\fasterxml\jackson\module\jackson-module-parameter-names\2.18.2\jackson-module-parameter-names-2.18.2.jar;C:\Users\jetan\.m2\repository\com\fasterxml\jackson\datatype\jackson-datatype-jdk8\2.18.2\jackson-datatype-jdk8-2.18.2.jar;C:\Users\jetan\.m2\repository\org\springframework\security\spring-security-core\6.4.3\spring-security-core-6.4.3.jar;C:\Users\jetan\.m2\repository\org\springframework\security\spring-security-crypto\6.4.3\spring-security-crypto-6.4.3.jar;C:\Users\jetan\.m2\repository\com\github\javaparser\javaparser-symbol-solver-core\3.26.4\javaparser-symbol-solver-core-3.26.4.jar;C:\Users\jetan\.m2\repository\com\github\javaparser\javaparser-core\3.26.4\javaparser-core-3.26.4.jar;C:\Users\jetan\.m2\repository\com\google\guava\guava\33.4.0-jre\guava-33.4.0-jre.jar;C:\Users\jetan\.m2\repository\com\google\guava\failureaccess\1.0.2\failureaccess-1.0.2.jar;C:\Users\jetan\.m2\repository\com\google\guava\listenablefuture\9999.0-empty-to-avoid-conflict-with-guava\listenablefuture-9999.0-empty-to-avoid-conflict-with-guava.jar;C:\Users\jetan\.m2\repository\org\checkerframework\checker-qual\3.43.0\checker-qual-3.43.0.jar;C:\Users\jetan\.m2\repository\com\google\errorprone\error_prone_annotations\2.36.0\error_prone_annotations-2.36.0.jar;C:\Users\jetan\.m2\repository\com\google\j2objc\j2objc-annotations\3.0.0\j2objc-annotations-3.0.0.jar;C:\Users\jetan\.m2\repository\com\vaadin\hilla-parser-jvm-utils\24.7.2\hilla-parser-jvm-utils-24.7.2.jar;C:\Users\jetan\.m2\repository\io\swagger\core\v3\swagger-core\2.2.28\swagger-core-2.2.28.jar;C:\Users\jetan\.m2\repository\io\swagger\core\v3\swagger-annotations\2.2.28\swagger-annotations-2.2.28.jar;C:\Users\jetan\.m2\repository\io\swagger\core\v3\swagger-models\2.2.28\swagger-models-2.2.28.jar;C:\Users\jetan\.m2\repository\com\vaadin\hilla-runtime-plugin-transfertypes\24.7.2\hilla-runtime-plugin-transfertypes-24.7.2.jar;C:\Users\jetan\.m2\repository\com\vaadin\hilla-engine-runtime\24.7.2\hilla-engine-runtime-24.7.2.jar;C:\Users\jetan\.m2\repository\org\springframework\boot\spring-boot-starter-web\3.4.3\spring-boot-starter-web-3.4.3.jar;C:\Users\jetan\.m2\repository\org\springframework\boot\spring-boot-starter-json\3.4.3\spring-boot-starter-json-3.4.3.jar;C:\Users\jetan\.m2\repository\org\springframework\boot\spring-boot-starter-tomcat\3.4.3\spring-boot-starter-tomcat-3.4.3.jar;C:\Users\jetan\.m2\repository\org\apache\tomcat\embed\tomcat-embed-core\10.1.36\tomcat-embed-core-10.1.36.jar;C:\Users\jetan\.m2\repository\org\apache\tomcat\embed\tomcat-embed-websocket\10.1.36\tomcat-embed-websocket-10.1.36.jar;C:\Users\jetan\.m2\repository\org\springframework\spring-web\6.2.3\spring-web-6.2.3.jar;C:\Users\jetan\.m2\repository\org\springframework\boot\spring-boot-starter-data-jpa\3.4.3\spring-boot-starter-data-jpa-3.4.3.jar;C:\Users\jetan\.m2\repository\org\springframework\boot\spring-boot-starter\3.4.3\spring-boot-starter-3.4.3.jar;C:\Users\jetan\.m2\repository\org\springframework\boot\spring-boot-starter-logging\3.4.3\spring-boot-starter-logging-3.4.3.jar;C:\Users\jetan\.m2\repository\ch\qos\logback\logback-classic\1.5.16\logback-classic-1.5.16.jar;C:\Users\jetan\.m2\repository\ch\qos\logback\logback-core\1.5.16\logback-core-1.5.16.jar;C:\Users\jetan\.m2\repository\org\apache\logging\log4j\log4j-to-slf4j\2.24.3\log4j-to-slf4j-2.24.3.jar;C:\Users\jetan\.m2\repository\org\apache\logging\log4j\log4j-api\2.24.3\log4j-api-2.24.3.jar;C:\Users\jetan\.m2\repository\org\slf4j\jul-to-slf4j\2.0.16\jul-to-slf4j-2.0.16.jar;C:\Users\jetan\.m2\repository\jakarta\annotation\jakarta.annotation-api\2.1.1\jakarta.annotation-api-2.1.1.jar;C:\Users\jetan\.m2\repository\org\yaml\snakeyaml\2.3\snakeyaml-2.3.jar;C:\Users\jetan\.m2\repository\org\springframework\boot\spring-boot-starter-jdbc\3.4.3\spring-boot-starter-jdbc-3.4.3.jar;C:\Users\jetan\.m2\repository\com\zaxxer\HikariCP\5.1.0\HikariCP-5.1.0.jar;C:\Users\jetan\.m2\repository\org\springframework\spring-jdbc\6.2.3\spring-jdbc-6.2.3.jar;C:\Users\jetan\.m2\repository\org\hibernate\orm\hibernate-core\6.6.8.Final\hibernate-core-6.6.8.Final.jar;C:\Users\jetan\.m2\repository\jakarta\persistence\jakarta.persistence-api\3.1.0\jakarta.persistence-api-3.1.0.jar;C:\Users\jetan\.m2\repository\jakarta\transaction\jakarta.transaction-api\2.0.1\jakarta.transaction-api-2.0.1.jar;C:\Users\jetan\.m2\repository\org\jboss\logging\jboss-logging\3.6.1.Final\jboss-logging-3.6.1.Final.jar;C:\Users\jetan\.m2\repository\org\hibernate\common\hibernate-commons-annotations\7.0.3.Final\hibernate-commons-annotations-7.0.3.Final.jar;C:\Users\jetan\.m2\repository\io\smallrye\jandex\3.2.0\jandex-3.2.0.jar;C:\Users\jetan\.m2\repository\com\fasterxml\classmate\1.7.0\classmate-1.7.0.jar;C:\Users\jetan\.m2\repository\net\bytebuddy\byte-buddy\1.15.11\byte-buddy-1.15.11.jar;C:\Users\jetan\.m2\repository\org\glassfish\jaxb\jaxb-runtime\4.0.5\jaxb-runtime-4.0.5.jar;C:\Users\jetan\.m2\repository\org\glassfish\jaxb\jaxb-core\4.0.5\jaxb-core-4.0.5.jar;C:\Users\jetan\.m2\repository\org\eclipse\angus\angus-activation\2.0.2\angus-activation-2.0.2.jar;C:\Users\jetan\.m2\repository\org\glassfish\jaxb\txw2\4.0.5\txw2-4.0.5.jar;C:\Users\jetan\.m2\repository\com\sun\istack\istack-commons-runtime\4.1.2\istack-commons-runtime-4.1.2.jar;C:\Users\jetan\.m2\repository\jakarta\inject\jakarta.inject-api\2.0.1\jakarta.inject-api-2.0.1.jar;C:\Users\jetan\.m2\repository\org\antlr\antlr4-runtime\4.13.0\antlr4-runtime-4.13.0.jar;C:\Users\jetan\.m2\repository\org\springframework\data\spring-data-jpa\3.4.3\spring-data-jpa-3.4.3.jar;C:\Users\jetan\.m2\repository\org\springframework\data\spring-data-commons\3.4.3\spring-data-commons-3.4.3.jar;C:\Users\jetan\.m2\repository\org\springframework\spring-orm\6.2.3\spring-orm-6.2.3.jar;C:\Users\jetan\.m2\repository\org\springframework\spring-context\6.2.3\spring-context-6.2.3.jar;C:\Users\jetan\.m2\repository\org\springframework\spring-aop\6.2.3\spring-aop-6.2.3.jar;C:\Users\jetan\.m2\repository\org\springframework\spring-tx\6.2.3\spring-tx-6.2.3.jar;C:\Users\jetan\.m2\repository\org\springframework\spring-beans\6.2.3\spring-beans-6.2.3.jar;C:\Users\jetan\.m2\repository\org\slf4j\slf4j-api\2.0.16\slf4j-api-2.0.16.jar;C:\Users\jetan\.m2\repository\org\springframework\spring-aspects\6.2.3\spring-aspects-6.2.3.jar;C:\Users\jetan\.m2\repository\org\aspectj\aspectjweaver\1.9.22.1\aspectjweaver-1.9.22.1.jar;C:\Users\jetan\.m2\repository\com\h2database\h2\2.3.232\h2-2.3.232.jar;C:\Users\jetan\.m2\repository\org\springframework\boot\spring-boot-starter-actuator\3.4.3\spring-boot-starter-actuator-3.4.3.jar;C:\Users\jetan\.m2\repository\org\springframework\boot\spring-boot-actuator-autoconfigure\3.4.3\spring-boot-actuator-autoconfigure-3.4.3.jar;C:\Users\jetan\.m2\repository\org\springframework\boot\spring-boot-actuator\3.4.3\spring-boot-actuator-3.4.3.jar;C:\Users\jetan\.m2\repository\com\fasterxml\jackson\core\jackson-databind\2.18.2\jackson-databind-2.18.2.jar;C:\Users\jetan\.m2\repository\com\fasterxml\jackson\core\jackson-annotations\2.18.2\jackson-annotations-2.18.2.jar;C:\Users\jetan\.m2\repository\com\fasterxml\jackson\datatype\jackson-datatype-jsr310\2.18.2\jackson-datatype-jsr310-2.18.2.jar;C:\Users\jetan\.m2\repository\io\micrometer\micrometer-observation\1.14.4\micrometer-observation-1.14.4.jar;C:\Users\jetan\.m2\repository\io\micrometer\micrometer-commons\1.14.4\micrometer-commons-1.14.4.jar;C:\Users\jetan\.m2\repository\io\micrometer\micrometer-jakarta9\1.14.4\micrometer-jakarta9-1.14.4.jar;C:\Users\jetan\.m2\repository\io\micrometer\micrometer-core\1.14.4\micrometer-core-1.14.4.jar;C:\Users\jetan\.m2\repository\org\hdrhistogram\HdrHistogram\2.2.2\HdrHistogram-2.2.2.jar;C:\Users\jetan\.m2\repository\org\latencyutils\LatencyUtils\2.0.3\LatencyUtils-2.0.3.jar;C:\Users\jetan\.m2\repository\org\springframework\boot\spring-boot-starter-validation\3.4.3\spring-boot-starter-validation-3.4.3.jar;C:\Users\jetan\.m2\repository\org\apache\tomcat\embed\tomcat-embed-el\10.1.36\tomcat-embed-el-10.1.36.jar;C:\Users\jetan\.m2\repository\org\hibernate\validator\hibernate-validator\8.0.2.Final\hibernate-validator-8.0.2.Final.jar;C:\Users\jetan\.m2\repository\jakarta\validation\jakarta.validation-api\3.0.2\jakarta.validation-api-3.0.2.jar;C:\Users\jetan\.m2\repository\org\springframework\boot\spring-boot-devtools\3.4.3\spring-boot-devtools-3.4.3.jar;C:\Users\jetan\.m2\repository\org\springframework\boot\spring-boot\3.4.3\spring-boot-3.4.3.jar;C:\Users\jetan\.m2\repository\org\springframework\boot\spring-boot-autoconfigure\3.4.3\spring-boot-autoconfigure-3.4.3.jar;C:\Users\jetan\.m2\repository\org\springframework\boot\spring-boot-starter-test\3.4.3\spring-boot-starter-test-3.4.3.jar;C:\Users\jetan\.m2\repository\org\springframework\boot\spring-boot-test\3.4.3\spring-boot-test-3.4.3.jar;C:\Users\jetan\.m2\repository\org\springframework\boot\spring-boot-test-autoconfigure\3.4.3\spring-boot-test-autoconfigure-3.4.3.jar;C:\Users\jetan\.m2\repository\com\jayway\jsonpath\json-path\2.9.0\json-path-2.9.0.jar;C:\Users\jetan\.m2\repository\jakarta\xml\bind\jakarta.xml.bind-api\4.0.2\jakarta.xml.bind-api-4.0.2.jar;C:\Users\jetan\.m2\repository\jakarta\activation\jakarta.activation-api\2.1.3\jakarta.activation-api-2.1.3.jar;C:\Users\jetan\.m2\repository\net\minidev\json-smart\2.5.2\json-smart-2.5.2.jar;C:\Users\jetan\.m2\repository\net\minidev\accessors-smart\2.5.2\accessors-smart-2.5.2.jar;C:\Users\jetan\.m2\repository\org\assertj\assertj-core\3.26.3\assertj-core-3.26.3.jar;C:\Users\jetan\.m2\repository\org\awaitility\awaitility\4.2.2\awaitility-4.2.2.jar;C:\Users\jetan\.m2\repository\org\hamcrest\hamcrest\2.2\hamcrest-2.2.jar;C:\Users\jetan\.m2\repository\org\junit\jupiter\junit-jupiter\5.11.4\junit-jupiter-5.11.4.jar;C:\Users\jetan\.m2\repository\org\junit\jupiter\junit-jupiter-api\5.11.4\junit-jupiter-api-5.11.4.jar;C:\Users\jetan\.m2\repository\org\opentest4j\opentest4j\1.3.0\opentest4j-1.3.0.jar;C:\Users\jetan\.m2\repository\org\junit\platform\junit-platform-commons\1.11.4\junit-platform-commons-1.11.4.jar;C:\Users\jetan\.m2\repository\org\apiguardian\apiguardian-api\1.1.2\apiguardian-api-1.1.2.jar;C:\Users\jetan\.m2\repository\org\junit\jupiter\junit-jupiter-params\5.11.4\junit-jupiter-params-5.11.4.jar;C:\Users\jetan\.m2\repository\org\junit\jupiter\junit-jupiter-engine\5.11.4\junit-jupiter-engine-5.11.4.jar;C:\Users\jetan\.m2\repository\org\junit\platform\junit-platform-engine\1.11.4\junit-platform-engine-1.11.4.jar;C:\Users\jetan\.m2\repository\org\mockito\mockito-core\5.14.2\mockito-core-5.14.2.jar;C:\Users\jetan\.m2\repository\net\bytebuddy\byte-buddy-agent\1.15.11\byte-buddy-agent-1.15.11.jar;C:\Users\jetan\.m2\repository\org\objenesis\objenesis\3.3\objenesis-3.3.jar;C:\Users\jetan\.m2\repository\org\mockito\mockito-junit-jupiter\5.14.2\mockito-junit-jupiter-5.14.2.jar;C:\Users\jetan\.m2\repository\org\skyscreamer\jsonassert\1.5.3\jsonassert-1.5.3.jar;C:\Users\jetan\.m2\repository\com\vaadin\external\google\android-json\0.0.20131108.vaadin1\android-json-0.0.20131108.vaadin1.jar;C:\Users\jetan\.m2\repository\org\springframework\spring-core\6.2.3\spring-core-6.2.3.jar;C:\Users\jetan\.m2\repository\org\springframework\spring-jcl\6.2.3\spring-jcl-6.2.3.jar;C:\Users\jetan\.m2\repository\org\springframework\spring-test\6.2.3\spring-test-6.2.3.jar;C:\Users\jetan\.m2\repository\org\xmlunit\xmlunit-core\2.10.0\xmlunit-core-2.10.0.jar;C:\Users\jetan\.m2\repository\com\tngtech\archunit\archunit-junit5\1.3.0\archunit-junit5-1.3.0.jar;C:\Users\jetan\.m2\repository\com\tngtech\archunit\archunit-junit5-api\1.3.0\archunit-junit5-api-1.3.0.jar;C:\Users\jetan\.m2\repository\com\tngtech\archunit\archunit\1.3.0\archunit-1.3.0.jar;C:\Users\jetan\.m2\repository\com\tngtech\archunit\archunit-junit5-engine\1.3.0\archunit-junit5-engine-1.3.0.jar;C:\Users\jetan\.m2\repository\com\tngtech\archunit\archunit-junit5-engine-api\1.3.0\archunit-junit5-engine-api-1.3.0.jar;C:\Users\jetan\.m2\repository\com\vaadin\vaadin-core\24.7.2\vaadin-core-24.7.2.jar;C:\Users\jetan\.m2\repository\com\vaadin\vaadin-core-internal\24.7.2\vaadin-core-internal-24.7.2.jar;C:\Users\jetan\.m2\repository\com\vaadin\flow-lit-template\24.7.4\flow-lit-template-24.7.4.jar;C:\Users\jetan\.m2\repository\com\vaadin\flow-react\24.7.4\flow-react-24.7.4.jar;C:\Users\jetan\.m2\repository\com\vaadin\flow-html-components\24.7.4\flow-html-components-24.7.4.jar;C:\Users\jetan\.m2\repository\com\vaadin\flow-data\24.7.4\flow-data-24.7.4.jar;C:\Users\jetan\.m2\repository\com\vaadin\flow-dnd\24.7.4\flow-dnd-24.7.4.jar;C:\Users\jetan\.m2\repository\com\vaadin\vaadin-lumo-theme\24.7.2\vaadin-lumo-theme-24.7.2.jar;C:\Users\jetan\.m2\repository\com\vaadin\vaadin-icons-flow\24.7.2\vaadin-icons-flow-24.7.2.jar;C:\Users\jetan\.m2\repository\com\vaadin\vaadin-material-theme\24.7.2\vaadin-material-theme-24.7.2.jar;C:\Users\jetan\.m2\repository\com\vaadin\vaadin-core-components\24.7.2\vaadin-core-components-24.7.2.jar;C:\Users\jetan\.m2\repository\com\vaadin\vaadin-accordion-flow\24.7.2\vaadin-accordion-flow-24.7.2.jar;C:\Users\jetan\.m2\repository\com\vaadin\vaadin-avatar-flow\24.7.2\vaadin-avatar-flow-24.7.2.jar;C:\Users\jetan\.m2\repository\com\vaadin\vaadin-card-flow\24.7.2\vaadin-card-flow-24.7.2.jar;C:\Users\jetan\.m2\repository\com\vaadin\vaadin-checkbox-flow\24.7.2\vaadin-checkbox-flow-24.7.2.jar;C:\Users\jetan\.m2\repository\com\vaadin\vaadin-combo-box-flow\24.7.2\vaadin-combo-box-flow-24.7.2.jar;C:\Users\jetan\.m2\repository\com\vaadin\vaadin-confirm-dialog-flow\24.7.2\vaadin-confirm-dialog-flow-24.7.2.jar;C:\Users\jetan\.m2\repository\com\vaadin\vaadin-custom-field-flow\24.7.2\vaadin-custom-field-flow-24.7.2.jar;C:\Users\jetan\.m2\repository\com\vaadin\vaadin-date-picker-flow\24.7.2\vaadin-date-picker-flow-24.7.2.jar;C:\Users\jetan\.m2\repository\com\vaadin\vaadin-date-time-picker-flow\24.7.2\vaadin-date-time-picker-flow-24.7.2.jar;C:\Users\jetan\.m2\repository\com\vaadin\vaadin-details-flow\24.7.2\vaadin-details-flow-24.7.2.jar;C:\Users\jetan\.m2\repository\com\vaadin\vaadin-time-picker-flow\24.7.2\vaadin-time-picker-flow-24.7.2.jar;C:\Users\jetan\.m2\repository\com\vaadin\vaadin-select-flow\24.7.2\vaadin-select-flow-24.7.2.jar;C:\Users\jetan\.m2\repository\com\vaadin\vaadin-side-nav-flow\24.7.2\vaadin-side-nav-flow-24.7.2.jar;C:\Users\jetan\.m2\repository\com\vaadin\vaadin-dialog-flow\24.7.2\vaadin-dialog-flow-24.7.2.jar;C:\Users\jetan\.m2\repository\com\vaadin\vaadin-form-layout-flow\24.7.2\vaadin-form-layout-flow-24.7.2.jar;C:\Users\jetan\.m2\repository\com\vaadin\vaadin-field-highlighter-flow\24.7.2\vaadin-field-highlighter-flow-24.7.2.jar;C:\Users\jetan\.m2\repository\com\vaadin\vaadin-virtual-list-flow\24.7.2\vaadin-virtual-list-flow-24.7.2.jar;C:\Users\jetan\.m2\repository\com\vaadin\vaadin-list-box-flow\24.7.2\vaadin-list-box-flow-24.7.2.jar;C:\Users\jetan\.m2\repository\com\vaadin\vaadin-login-flow\24.7.2\vaadin-login-flow-24.7.2.jar;C:\Users\jetan\.m2\repository\com\vaadin\vaadin-messages-flow\24.7.2\vaadin-messages-flow-24.7.2.jar;C:\Users\jetan\.m2\repository\com\vaadin\vaadin-ordered-layout-flow\24.7.2\vaadin-ordered-layout-flow-24.7.2.jar;C:\Users\jetan\.m2\repository\com\vaadin\vaadin-progress-bar-flow\24.7.2\vaadin-progress-bar-flow-24.7.2.jar;C:\Users\jetan\.m2\repository\com\vaadin\vaadin-popover-flow\24.7.2\vaadin-popover-flow-24.7.2.jar;C:\Users\jetan\.m2\repository\com\vaadin\vaadin-radio-button-flow\24.7.2\vaadin-radio-button-flow-24.7.2.jar;C:\Users\jetan\.m2\repository\com\vaadin\vaadin-split-layout-flow\24.7.2\vaadin-split-layout-flow-24.7.2.jar;C:\Users\jetan\.m2\repository\com\vaadin\vaadin-tabs-flow\24.7.2\vaadin-tabs-flow-24.7.2.jar;C:\Users\jetan\.m2\repository\com\vaadin\vaadin-upload-flow\24.7.2\vaadin-upload-flow-24.7.2.jar;C:\Users\jetan\.m2\repository\com\vaadin\vaadin-notification-flow\24.7.2\vaadin-notification-flow-24.7.2.jar;C:\Users\jetan\.m2\repository\com\vaadin\vaadin-app-layout-flow\24.7.2\vaadin-app-layout-flow-24.7.2.jar;C:\Users\jetan\.m2\repository\com\vaadin\vaadin-context-menu-flow\24.7.2\vaadin-context-menu-flow-24.7.2.jar;C:\Users\jetan\.m2\repository\com\vaadin\vaadin-menu-bar-flow\24.7.2\vaadin-menu-bar-flow-24.7.2.jar;C:\Users\jetan\.m2\repository\com\vaadin\collaboration-engine\6.4.0\collaboration-engine-6.4.0.jar;"/>
    <property name="java.vm.vendor" value="Oracle Corporation"/>
    <property name="sun.arch.data.model" value="64"/>
    <property name="user.variant" value=""/>
    <property name="java.vendor.url" value="https://java.oracle.com/"/>
    <property name="user.timezone" value="Asia/Bangkok"/>
    <property name="user.country.format" value="TH"/>
    <property name="os.name" value="Windows 11"/>
    <property name="java.vm.specification.version" value="24"/>
    <property name="sun.java.launcher" value="SUN_STANDARD"/>
    <property name="user.country" value="US"/>
    <property name="sun.boot.library.path" value="C:\Users\jetan\scoop\apps\openjdk\24.0.1-9\bin"/>
    <property name="sun.java.command" value="C:\Users\jetan\AppData\Local\Temp\surefire2862573543133802700\surefirebooter-20250423151717530_3.jar C:\Users\jetan\AppData\Local\Temp\surefire2862573543133802700 2568-04-23T15-17-07_943-jvmRun1 surefire-20250423151717530_1tmp surefire_0-20250423151717530_2tmp"/>
    <property name="jdk.debug" value="release"/>
    <property name="surefire.test.class.path" value="C:\Work\2567\2567-2\CPE112_Project\Non-Build\WebBase\fast-dasher-core\target\test-classes;C:\Work\2567\2567-2\CPE112_Project\Non-Build\WebBase\fast-dasher-core\target\classes;C:\Users\jetan\.m2\repository\com\vaadin\vaadin\24.7.2\vaadin-24.7.2.jar;C:\Users\jetan\.m2\repository\com\vaadin\vaadin-internal\24.7.2\vaadin-internal-24.7.2.jar;C:\Users\jetan\.m2\repository\com\vaadin\vaadin-board-flow\24.7.2\vaadin-board-flow-24.7.2.jar;C:\Users\jetan\.m2\repository\com\vaadin\vaadin-charts-flow\24.7.2\vaadin-charts-flow-24.7.2.jar;C:\Users\jetan\.m2\repository\com\vaadin\vaadin-cookie-consent-flow\24.7.2\vaadin-cookie-consent-flow-24.7.2.jar;C:\Users\jetan\.m2\repository\com\vaadin\vaadin-crud-flow\24.7.2\vaadin-crud-flow-24.7.2.jar;C:\Users\jetan\.m2\repository\com\vaadin\vaadin-button-flow\24.7.2\vaadin-button-flow-24.7.2.jar;C:\Users\jetan\.m2\repository\com\vaadin\vaadin-flow-components-base\24.7.2\vaadin-flow-components-base-24.7.2.jar;C:\Users\jetan\.m2\repository\com\vaadin\vaadin-grid-flow\24.7.2\vaadin-grid-flow-24.7.2.jar;C:\Users\jetan\.m2\repository\org\apache\commons\commons-lang3\3.17.0\commons-lang3-3.17.0.jar;C:\Users\jetan\.m2\repository\com\vaadin\vaadin-renderer-flow\24.7.2\vaadin-renderer-flow-24.7.2.jar;C:\Users\jetan\.m2\repository\com\vaadin\vaadin-text-field-flow\24.7.2\vaadin-text-field-flow-24.7.2.jar;C:\Users\jetan\.m2\repository\com\vaadin\vaadin-dashboard-flow\24.7.2\vaadin-dashboard-flow-24.7.2.jar;C:\Users\jetan\.m2\repository\com\vaadin\vaadin-grid-pro-flow\24.7.2\vaadin-grid-pro-flow-24.7.2.jar;C:\Users\jetan\.m2\repository\com\vaadin\vaadin-map-flow\24.7.2\vaadin-map-flow-24.7.2.jar;C:\Users\jetan\.m2\repository\com\vaadin\vaadin-rich-text-editor-flow\24.7.2\vaadin-rich-text-editor-flow-24.7.2.jar;C:\Users\jetan\.m2\repository\com\vaadin\vaadin-spring-boot-starter\24.7.2\vaadin-spring-boot-starter-24.7.2.jar;C:\Users\jetan\.m2\repository\com\vaadin\vaadin-spring\24.7.4\vaadin-spring-24.7.4.jar;C:\Users\jetan\.m2\repository\com\vaadin\flow-server\24.7.4\flow-server-24.7.4.jar;C:\Users\jetan\.m2\repository\com\vaadin\servletdetector\throw-if-servlet3\1.0.2\throw-if-servlet3-1.0.2.jar;C:\Users\jetan\.m2\repository\org\jspecify\jspecify\1.0.0\jspecify-1.0.0.jar;C:\Users\jetan\.m2\repository\com\vaadin\external\gwt\gwt-elemental\2.8.2.vaadin2\gwt-elemental-2.8.2.vaadin2.jar;C:\Users\jetan\.m2\repository\org\apache\commons\commons-fileupload2-jakarta\2.0.0-M1\commons-fileupload2-jakarta-2.0.0-M1.jar;C:\Users\jetan\.m2\repository\org\apache\commons\commons-fileupload2-core\2.0.0-M1\commons-fileupload2-core-2.0.0-M1.jar;C:\Users\jetan\.m2\repository\commons-io\commons-io\2.18.0\commons-io-2.18.0.jar;C:\Users\jetan\.m2\repository\com\fasterxml\jackson\core\jackson-core\2.18.2\jackson-core-2.18.2.jar;C:\Users\jetan\.m2\repository\org\jsoup\jsoup\1.18.3\jsoup-1.18.3.jar;C:\Users\jetan\.m2\repository\com\helger\ph-css\7.0.4\ph-css-7.0.4.jar;C:\Users\jetan\.m2\repository\com\helger\commons\ph-commons\11.2.0\ph-commons-11.2.0.jar;C:\Users\jetan\.m2\repository\org\ow2\asm\asm\9.7.1\asm-9.7.1.jar;C:\Users\jetan\.m2\repository\com\vaadin\external\gentyref\1.2.0.vaadin1\gentyref-1.2.0.vaadin1.jar;C:\Users\jetan\.m2\repository\org\apache\commons\commons-compress\1.27.1\commons-compress-1.27.1.jar;C:\Users\jetan\.m2\repository\commons-codec\commons-codec\1.17.2\commons-codec-1.17.2.jar;C:\Users\jetan\.m2\repository\com\vaadin\flow-push\24.7.4\flow-push-24.7.4.jar;C:\Users\jetan\.m2\repository\com\vaadin\external\atmosphere\atmosphere-runtime\3.0.5.slf4jvaadin1\atmosphere-runtime-3.0.5.slf4jvaadin1.jar;C:\Users\jetan\.m2\repository\com\vaadin\flow-client\24.7.4\flow-client-24.7.4.jar;C:\Users\jetan\.m2\repository\org\springframework\spring-webmvc\6.2.3\spring-webmvc-6.2.3.jar;C:\Users\jetan\.m2\repository\org\springframework\spring-expression\6.2.3\spring-expression-6.2.3.jar;C:\Users\jetan\.m2\repository\org\springframework\spring-websocket\6.2.3\spring-websocket-6.2.3.jar;C:\Users\jetan\.m2\repository\org\reflections\reflections\0.10.2\reflections-0.10.2.jar;C:\Users\jetan\.m2\repository\com\google\code\findbugs\jsr305\3.0.2\jsr305-3.0.2.jar;C:\Users\jetan\.m2\repository\org\javassist\javassist\3.30.2-GA\javassist-3.30.2-GA.jar;C:\Users\jetan\.m2\repository\com\vaadin\hilla\24.7.2\hilla-24.7.2.jar;C:\Users\jetan\.m2\repository\com\vaadin\hilla-endpoint\24.7.2\hilla-endpoint-24.7.2.jar;C:\Users\jetan\.m2\repository\com\vaadin\hilla-engine-core\24.7.2\hilla-engine-core-24.7.2.jar;C:\Users\jetan\.m2\repository\com\vaadin\hilla-parser-jvm-core\24.7.2\hilla-parser-jvm-core-24.7.2.jar;C:\Users\jetan\.m2\repository\io\github\classgraph\classgraph\4.8.179\classgraph-4.8.179.jar;C:\Users\jetan\.m2\repository\com\fasterxml\jackson\dataformat\jackson-dataformat-yaml\2.18.2\jackson-dataformat-yaml-2.18.2.jar;C:\Users\jetan\.m2\repository\com\vaadin\hilla-parser-jvm-plugin-backbone\24.7.2\hilla-parser-jvm-plugin-backbone-24.7.2.jar;C:\Users\jetan\.m2\repository\com\vaadin\hilla-parser-jvm-plugin-nonnull\24.7.2\hilla-parser-jvm-plugin-nonnull-24.7.2.jar;C:\Users\jetan\.m2\repository\com\vaadin\hilla-parser-jvm-plugin-subtypes\24.7.2\hilla-parser-jvm-plugin-subtypes-24.7.2.jar;C:\Users\jetan\.m2\repository\com\vaadin\hilla-parser-jvm-plugin-model\24.7.2\hilla-parser-jvm-plugin-model-24.7.2.jar;C:\Users\jetan\.m2\repository\com\vaadin\hilla-parser-jvm-plugin-transfertypes\24.7.2\hilla-parser-jvm-plugin-transfertypes-24.7.2.jar;C:\Users\jetan\.m2\repository\io\projectreactor\reactor-core\3.7.3\reactor-core-3.7.3.jar;C:\Users\jetan\.m2\repository\org\reactivestreams\reactive-streams\1.0.4\reactive-streams-1.0.4.jar;C:\Users\jetan\.m2\repository\com\fasterxml\jackson\module\jackson-module-parameter-names\2.18.2\jackson-module-parameter-names-2.18.2.jar;C:\Users\jetan\.m2\repository\com\fasterxml\jackson\datatype\jackson-datatype-jdk8\2.18.2\jackson-datatype-jdk8-2.18.2.jar;C:\Users\jetan\.m2\repository\org\springframework\security\spring-security-core\6.4.3\spring-security-core-6.4.3.jar;C:\Users\jetan\.m2\repository\org\springframework\security\spring-security-crypto\6.4.3\spring-security-crypto-6.4.3.jar;C:\Users\jetan\.m2\repository\com\github\javaparser\javaparser-symbol-solver-core\3.26.4\javaparser-symbol-solver-core-3.26.4.jar;C:\Users\jetan\.m2\repository\com\github\javaparser\javaparser-core\3.26.4\javaparser-core-3.26.4.jar;C:\Users\jetan\.m2\repository\com\google\guava\guava\33.4.0-jre\guava-33.4.0-jre.jar;C:\Users\jetan\.m2\repository\com\google\guava\failureaccess\1.0.2\failureaccess-1.0.2.jar;C:\Users\jetan\.m2\repository\com\google\guava\listenablefuture\9999.0-empty-to-avoid-conflict-with-guava\listenablefuture-9999.0-empty-to-avoid-conflict-with-guava.jar;C:\Users\jetan\.m2\repository\org\checkerframework\checker-qual\3.43.0\checker-qual-3.43.0.jar;C:\Users\jetan\.m2\repository\com\google\errorprone\error_prone_annotations\2.36.0\error_prone_annotations-2.36.0.jar;C:\Users\jetan\.m2\repository\com\google\j2objc\j2objc-annotations\3.0.0\j2objc-annotations-3.0.0.jar;C:\Users\jetan\.m2\repository\com\vaadin\hilla-parser-jvm-utils\24.7.2\hilla-parser-jvm-utils-24.7.2.jar;C:\Users\jetan\.m2\repository\io\swagger\core\v3\swagger-core\2.2.28\swagger-core-2.2.28.jar;C:\Users\jetan\.m2\repository\io\swagger\core\v3\swagger-annotations\2.2.28\swagger-annotations-2.2.28.jar;C:\Users\jetan\.m2\repository\io\swagger\core\v3\swagger-models\2.2.28\swagger-models-2.2.28.jar;C:\Users\jetan\.m2\repository\com\vaadin\hilla-runtime-plugin-transfertypes\24.7.2\hilla-runtime-plugin-transfertypes-24.7.2.jar;C:\Users\jetan\.m2\repository\com\vaadin\hilla-engine-runtime\24.7.2\hilla-engine-runtime-24.7.2.jar;C:\Users\jetan\.m2\repository\org\springframework\boot\spring-boot-starter-web\3.4.3\spring-boot-starter-web-3.4.3.jar;C:\Users\jetan\.m2\repository\org\springframework\boot\spring-boot-starter-json\3.4.3\spring-boot-starter-json-3.4.3.jar;C:\Users\jetan\.m2\repository\org\springframework\boot\spring-boot-starter-tomcat\3.4.3\spring-boot-starter-tomcat-3.4.3.jar;C:\Users\jetan\.m2\repository\org\apache\tomcat\embed\tomcat-embed-core\10.1.36\tomcat-embed-core-10.1.36.jar;C:\Users\jetan\.m2\repository\org\apache\tomcat\embed\tomcat-embed-websocket\10.1.36\tomcat-embed-websocket-10.1.36.jar;C:\Users\jetan\.m2\repository\org\springframework\spring-web\6.2.3\spring-web-6.2.3.jar;C:\Users\jetan\.m2\repository\org\springframework\boot\spring-boot-starter-data-jpa\3.4.3\spring-boot-starter-data-jpa-3.4.3.jar;C:\Users\jetan\.m2\repository\org\springframework\boot\spring-boot-starter\3.4.3\spring-boot-starter-3.4.3.jar;C:\Users\jetan\.m2\repository\org\springframework\boot\spring-boot-starter-logging\3.4.3\spring-boot-starter-logging-3.4.3.jar;C:\Users\jetan\.m2\repository\ch\qos\logback\logback-classic\1.5.16\logback-classic-1.5.16.jar;C:\Users\jetan\.m2\repository\ch\qos\logback\logback-core\1.5.16\logback-core-1.5.16.jar;C:\Users\jetan\.m2\repository\org\apache\logging\log4j\log4j-to-slf4j\2.24.3\log4j-to-slf4j-2.24.3.jar;C:\Users\jetan\.m2\repository\org\apache\logging\log4j\log4j-api\2.24.3\log4j-api-2.24.3.jar;C:\Users\jetan\.m2\repository\org\slf4j\jul-to-slf4j\2.0.16\jul-to-slf4j-2.0.16.jar;C:\Users\jetan\.m2\repository\jakarta\annotation\jakarta.annotation-api\2.1.1\jakarta.annotation-api-2.1.1.jar;C:\Users\jetan\.m2\repository\org\yaml\snakeyaml\2.3\snakeyaml-2.3.jar;C:\Users\jetan\.m2\repository\org\springframework\boot\spring-boot-starter-jdbc\3.4.3\spring-boot-starter-jdbc-3.4.3.jar;C:\Users\jetan\.m2\repository\com\zaxxer\HikariCP\5.1.0\HikariCP-5.1.0.jar;C:\Users\jetan\.m2\repository\org\springframework\spring-jdbc\6.2.3\spring-jdbc-6.2.3.jar;C:\Users\jetan\.m2\repository\org\hibernate\orm\hibernate-core\6.6.8.Final\hibernate-core-6.6.8.Final.jar;C:\Users\jetan\.m2\repository\jakarta\persistence\jakarta.persistence-api\3.1.0\jakarta.persistence-api-3.1.0.jar;C:\Users\jetan\.m2\repository\jakarta\transaction\jakarta.transaction-api\2.0.1\jakarta.transaction-api-2.0.1.jar;C:\Users\jetan\.m2\repository\org\jboss\logging\jboss-logging\3.6.1.Final\jboss-logging-3.6.1.Final.jar;C:\Users\jetan\.m2\repository\org\hibernate\common\hibernate-commons-annotations\7.0.3.Final\hibernate-commons-annotations-7.0.3.Final.jar;C:\Users\jetan\.m2\repository\io\smallrye\jandex\3.2.0\jandex-3.2.0.jar;C:\Users\jetan\.m2\repository\com\fasterxml\classmate\1.7.0\classmate-1.7.0.jar;C:\Users\jetan\.m2\repository\net\bytebuddy\byte-buddy\1.15.11\byte-buddy-1.15.11.jar;C:\Users\jetan\.m2\repository\org\glassfish\jaxb\jaxb-runtime\4.0.5\jaxb-runtime-4.0.5.jar;C:\Users\jetan\.m2\repository\org\glassfish\jaxb\jaxb-core\4.0.5\jaxb-core-4.0.5.jar;C:\Users\jetan\.m2\repository\org\eclipse\angus\angus-activation\2.0.2\angus-activation-2.0.2.jar;C:\Users\jetan\.m2\repository\org\glassfish\jaxb\txw2\4.0.5\txw2-4.0.5.jar;C:\Users\jetan\.m2\repository\com\sun\istack\istack-commons-runtime\4.1.2\istack-commons-runtime-4.1.2.jar;C:\Users\jetan\.m2\repository\jakarta\inject\jakarta.inject-api\2.0.1\jakarta.inject-api-2.0.1.jar;C:\Users\jetan\.m2\repository\org\antlr\antlr4-runtime\4.13.0\antlr4-runtime-4.13.0.jar;C:\Users\jetan\.m2\repository\org\springframework\data\spring-data-jpa\3.4.3\spring-data-jpa-3.4.3.jar;C:\Users\jetan\.m2\repository\org\springframework\data\spring-data-commons\3.4.3\spring-data-commons-3.4.3.jar;C:\Users\jetan\.m2\repository\org\springframework\spring-orm\6.2.3\spring-orm-6.2.3.jar;C:\Users\jetan\.m2\repository\org\springframework\spring-context\6.2.3\spring-context-6.2.3.jar;C:\Users\jetan\.m2\repository\org\springframework\spring-aop\6.2.3\spring-aop-6.2.3.jar;C:\Users\jetan\.m2\repository\org\springframework\spring-tx\6.2.3\spring-tx-6.2.3.jar;C:\Users\jetan\.m2\repository\org\springframework\spring-beans\6.2.3\spring-beans-6.2.3.jar;C:\Users\jetan\.m2\repository\org\slf4j\slf4j-api\2.0.16\slf4j-api-2.0.16.jar;C:\Users\jetan\.m2\repository\org\springframework\spring-aspects\6.2.3\spring-aspects-6.2.3.jar;C:\Users\jetan\.m2\repository\org\aspectj\aspectjweaver\1.9.22.1\aspectjweaver-1.9.22.1.jar;C:\Users\jetan\.m2\repository\com\h2database\h2\2.3.232\h2-2.3.232.jar;C:\Users\jetan\.m2\repository\org\springframework\boot\spring-boot-starter-actuator\3.4.3\spring-boot-starter-actuator-3.4.3.jar;C:\Users\jetan\.m2\repository\org\springframework\boot\spring-boot-actuator-autoconfigure\3.4.3\spring-boot-actuator-autoconfigure-3.4.3.jar;C:\Users\jetan\.m2\repository\org\springframework\boot\spring-boot-actuator\3.4.3\spring-boot-actuator-3.4.3.jar;C:\Users\jetan\.m2\repository\com\fasterxml\jackson\core\jackson-databind\2.18.2\jackson-databind-2.18.2.jar;C:\Users\jetan\.m2\repository\com\fasterxml\jackson\core\jackson-annotations\2.18.2\jackson-annotations-2.18.2.jar;C:\Users\jetan\.m2\repository\com\fasterxml\jackson\datatype\jackson-datatype-jsr310\2.18.2\jackson-datatype-jsr310-2.18.2.jar;C:\Users\jetan\.m2\repository\io\micrometer\micrometer-observation\1.14.4\micrometer-observation-1.14.4.jar;C:\Users\jetan\.m2\repository\io\micrometer\micrometer-commons\1.14.4\micrometer-commons-1.14.4.jar;C:\Users\jetan\.m2\repository\io\micrometer\micrometer-jakarta9\1.14.4\micrometer-jakarta9-1.14.4.jar;C:\Users\jetan\.m2\repository\io\micrometer\micrometer-core\1.14.4\micrometer-core-1.14.4.jar;C:\Users\jetan\.m2\repository\org\hdrhistogram\HdrHistogram\2.2.2\HdrHistogram-2.2.2.jar;C:\Users\jetan\.m2\repository\org\latencyutils\LatencyUtils\2.0.3\LatencyUtils-2.0.3.jar;C:\Users\jetan\.m2\repository\org\springframework\boot\spring-boot-starter-validation\3.4.3\spring-boot-starter-validation-3.4.3.jar;C:\Users\jetan\.m2\repository\org\apache\tomcat\embed\tomcat-embed-el\10.1.36\tomcat-embed-el-10.1.36.jar;C:\Users\jetan\.m2\repository\org\hibernate\validator\hibernate-validator\8.0.2.Final\hibernate-validator-8.0.2.Final.jar;C:\Users\jetan\.m2\repository\jakarta\validation\jakarta.validation-api\3.0.2\jakarta.validation-api-3.0.2.jar;C:\Users\jetan\.m2\repository\org\springframework\boot\spring-boot-devtools\3.4.3\spring-boot-devtools-3.4.3.jar;C:\Users\jetan\.m2\repository\org\springframework\boot\spring-boot\3.4.3\spring-boot-3.4.3.jar;C:\Users\jetan\.m2\repository\org\springframework\boot\spring-boot-autoconfigure\3.4.3\spring-boot-autoconfigure-3.4.3.jar;C:\Users\jetan\.m2\repository\org\springframework\boot\spring-boot-starter-test\3.4.3\spring-boot-starter-test-3.4.3.jar;C:\Users\jetan\.m2\repository\org\springframework\boot\spring-boot-test\3.4.3\spring-boot-test-3.4.3.jar;C:\Users\jetan\.m2\repository\org\springframework\boot\spring-boot-test-autoconfigure\3.4.3\spring-boot-test-autoconfigure-3.4.3.jar;C:\Users\jetan\.m2\repository\com\jayway\jsonpath\json-path\2.9.0\json-path-2.9.0.jar;C:\Users\jetan\.m2\repository\jakarta\xml\bind\jakarta.xml.bind-api\4.0.2\jakarta.xml.bind-api-4.0.2.jar;C:\Users\jetan\.m2\repository\jakarta\activation\jakarta.activation-api\2.1.3\jakarta.activation-api-2.1.3.jar;C:\Users\jetan\.m2\repository\net\minidev\json-smart\2.5.2\json-smart-2.5.2.jar;C:\Users\jetan\.m2\repository\net\minidev\accessors-smart\2.5.2\accessors-smart-2.5.2.jar;C:\Users\jetan\.m2\repository\org\assertj\assertj-core\3.26.3\assertj-core-3.26.3.jar;C:\Users\jetan\.m2\repository\org\awaitility\awaitility\4.2.2\awaitility-4.2.2.jar;C:\Users\jetan\.m2\repository\org\hamcrest\hamcrest\2.2\hamcrest-2.2.jar;C:\Users\jetan\.m2\repository\org\junit\jupiter\junit-jupiter\5.11.4\junit-jupiter-5.11.4.jar;C:\Users\jetan\.m2\repository\org\junit\jupiter\junit-jupiter-api\5.11.4\junit-jupiter-api-5.11.4.jar;C:\Users\jetan\.m2\repository\org\opentest4j\opentest4j\1.3.0\opentest4j-1.3.0.jar;C:\Users\jetan\.m2\repository\org\junit\platform\junit-platform-commons\1.11.4\junit-platform-commons-1.11.4.jar;C:\Users\jetan\.m2\repository\org\apiguardian\apiguardian-api\1.1.2\apiguardian-api-1.1.2.jar;C:\Users\jetan\.m2\repository\org\junit\jupiter\junit-jupiter-params\5.11.4\junit-jupiter-params-5.11.4.jar;C:\Users\jetan\.m2\repository\org\junit\jupiter\junit-jupiter-engine\5.11.4\junit-jupiter-engine-5.11.4.jar;C:\Users\jetan\.m2\repository\org\junit\platform\junit-platform-engine\1.11.4\junit-platform-engine-1.11.4.jar;C:\Users\jetan\.m2\repository\org\mockito\mockito-core\5.14.2\mockito-core-5.14.2.jar;C:\Users\jetan\.m2\repository\net\bytebuddy\byte-buddy-agent\1.15.11\byte-buddy-agent-1.15.11.jar;C:\Users\jetan\.m2\repository\org\objenesis\objenesis\3.3\objenesis-3.3.jar;C:\Users\jetan\.m2\repository\org\mockito\mockito-junit-jupiter\5.14.2\mockito-junit-jupiter-5.14.2.jar;C:\Users\jetan\.m2\repository\org\skyscreamer\jsonassert\1.5.3\jsonassert-1.5.3.jar;C:\Users\jetan\.m2\repository\com\vaadin\external\google\android-json\0.0.20131108.vaadin1\android-json-0.0.20131108.vaadin1.jar;C:\Users\jetan\.m2\repository\org\springframework\spring-core\6.2.3\spring-core-6.2.3.jar;C:\Users\jetan\.m2\repository\org\springframework\spring-jcl\6.2.3\spring-jcl-6.2.3.jar;C:\Users\jetan\.m2\repository\org\springframework\spring-test\6.2.3\spring-test-6.2.3.jar;C:\Users\jetan\.m2\repository\org\xmlunit\xmlunit-core\2.10.0\xmlunit-core-2.10.0.jar;C:\Users\jetan\.m2\repository\com\tngtech\archunit\archunit-junit5\1.3.0\archunit-junit5-1.3.0.jar;C:\Users\jetan\.m2\repository\com\tngtech\archunit\archunit-junit5-api\1.3.0\archunit-junit5-api-1.3.0.jar;C:\Users\jetan\.m2\repository\com\tngtech\archunit\archunit\1.3.0\archunit-1.3.0.jar;C:\Users\jetan\.m2\repository\com\tngtech\archunit\archunit-junit5-engine\1.3.0\archunit-junit5-engine-1.3.0.jar;C:\Users\jetan\.m2\repository\com\tngtech\archunit\archunit-junit5-engine-api\1.3.0\archunit-junit5-engine-api-1.3.0.jar;C:\Users\jetan\.m2\repository\com\vaadin\vaadin-core\24.7.2\vaadin-core-24.7.2.jar;C:\Users\jetan\.m2\repository\com\vaadin\vaadin-core-internal\24.7.2\vaadin-core-internal-24.7.2.jar;C:\Users\jetan\.m2\repository\com\vaadin\flow-lit-template\24.7.4\flow-lit-template-24.7.4.jar;C:\Users\jetan\.m2\repository\com\vaadin\flow-react\24.7.4\flow-react-24.7.4.jar;C:\Users\jetan\.m2\repository\com\vaadin\flow-html-components\24.7.4\flow-html-components-24.7.4.jar;C:\Users\jetan\.m2\repository\com\vaadin\flow-data\24.7.4\flow-data-24.7.4.jar;C:\Users\jetan\.m2\repository\com\vaadin\flow-dnd\24.7.4\flow-dnd-24.7.4.jar;C:\Users\jetan\.m2\repository\com\vaadin\vaadin-lumo-theme\24.7.2\vaadin-lumo-theme-24.7.2.jar;C:\Users\jetan\.m2\repository\com\vaadin\vaadin-icons-flow\24.7.2\vaadin-icons-flow-24.7.2.jar;C:\Users\jetan\.m2\repository\com\vaadin\vaadin-material-theme\24.7.2\vaadin-material-theme-24.7.2.jar;C:\Users\jetan\.m2\repository\com\vaadin\vaadin-core-components\24.7.2\vaadin-core-components-24.7.2.jar;C:\Users\jetan\.m2\repository\com\vaadin\vaadin-accordion-flow\24.7.2\vaadin-accordion-flow-24.7.2.jar;C:\Users\jetan\.m2\repository\com\vaadin\vaadin-avatar-flow\24.7.2\vaadin-avatar-flow-24.7.2.jar;C:\Users\jetan\.m2\repository\com\vaadin\vaadin-card-flow\24.7.2\vaadin-card-flow-24.7.2.jar;C:\Users\jetan\.m2\repository\com\vaadin\vaadin-checkbox-flow\24.7.2\vaadin-checkbox-flow-24.7.2.jar;C:\Users\jetan\.m2\repository\com\vaadin\vaadin-combo-box-flow\24.7.2\vaadin-combo-box-flow-24.7.2.jar;C:\Users\jetan\.m2\repository\com\vaadin\vaadin-confirm-dialog-flow\24.7.2\vaadin-confirm-dialog-flow-24.7.2.jar;C:\Users\jetan\.m2\repository\com\vaadin\vaadin-custom-field-flow\24.7.2\vaadin-custom-field-flow-24.7.2.jar;C:\Users\jetan\.m2\repository\com\vaadin\vaadin-date-picker-flow\24.7.2\vaadin-date-picker-flow-24.7.2.jar;C:\Users\jetan\.m2\repository\com\vaadin\vaadin-date-time-picker-flow\24.7.2\vaadin-date-time-picker-flow-24.7.2.jar;C:\Users\jetan\.m2\repository\com\vaadin\vaadin-details-flow\24.7.2\vaadin-details-flow-24.7.2.jar;C:\Users\jetan\.m2\repository\com\vaadin\vaadin-time-picker-flow\24.7.2\vaadin-time-picker-flow-24.7.2.jar;C:\Users\jetan\.m2\repository\com\vaadin\vaadin-select-flow\24.7.2\vaadin-select-flow-24.7.2.jar;C:\Users\jetan\.m2\repository\com\vaadin\vaadin-side-nav-flow\24.7.2\vaadin-side-nav-flow-24.7.2.jar;C:\Users\jetan\.m2\repository\com\vaadin\vaadin-dialog-flow\24.7.2\vaadin-dialog-flow-24.7.2.jar;C:\Users\jetan\.m2\repository\com\vaadin\vaadin-form-layout-flow\24.7.2\vaadin-form-layout-flow-24.7.2.jar;C:\Users\jetan\.m2\repository\com\vaadin\vaadin-field-highlighter-flow\24.7.2\vaadin-field-highlighter-flow-24.7.2.jar;C:\Users\jetan\.m2\repository\com\vaadin\vaadin-virtual-list-flow\24.7.2\vaadin-virtual-list-flow-24.7.2.jar;C:\Users\jetan\.m2\repository\com\vaadin\vaadin-list-box-flow\24.7.2\vaadin-list-box-flow-24.7.2.jar;C:\Users\jetan\.m2\repository\com\vaadin\vaadin-login-flow\24.7.2\vaadin-login-flow-24.7.2.jar;C:\Users\jetan\.m2\repository\com\vaadin\vaadin-messages-flow\24.7.2\vaadin-messages-flow-24.7.2.jar;C:\Users\jetan\.m2\repository\com\vaadin\vaadin-ordered-layout-flow\24.7.2\vaadin-ordered-layout-flow-24.7.2.jar;C:\Users\jetan\.m2\repository\com\vaadin\vaadin-progress-bar-flow\24.7.2\vaadin-progress-bar-flow-24.7.2.jar;C:\Users\jetan\.m2\repository\com\vaadin\vaadin-popover-flow\24.7.2\vaadin-popover-flow-24.7.2.jar;C:\Users\jetan\.m2\repository\com\vaadin\vaadin-radio-button-flow\24.7.2\vaadin-radio-button-flow-24.7.2.jar;C:\Users\jetan\.m2\repository\com\vaadin\vaadin-split-layout-flow\24.7.2\vaadin-split-layout-flow-24.7.2.jar;C:\Users\jetan\.m2\repository\com\vaadin\vaadin-tabs-flow\24.7.2\vaadin-tabs-flow-24.7.2.jar;C:\Users\jetan\.m2\repository\com\vaadin\vaadin-upload-flow\24.7.2\vaadin-upload-flow-24.7.2.jar;C:\Users\jetan\.m2\repository\com\vaadin\vaadin-notification-flow\24.7.2\vaadin-notification-flow-24.7.2.jar;C:\Users\jetan\.m2\repository\com\vaadin\vaadin-app-layout-flow\24.7.2\vaadin-app-layout-flow-24.7.2.jar;C:\Users\jetan\.m2\repository\com\vaadin\vaadin-context-menu-flow\24.7.2\vaadin-context-menu-flow-24.7.2.jar;C:\Users\jetan\.m2\repository\com\vaadin\vaadin-menu-bar-flow\24.7.2\vaadin-menu-bar-flow-24.7.2.jar;C:\Users\jetan\.m2\repository\com\vaadin\collaboration-engine\6.4.0\collaboration-engine-6.4.0.jar;"/>
    <property name="sun.cpu.endian" value="little"/>
    <property name="user.home" value="C:\Users\jetan"/>
    <property name="user.language" value="en"/>
    <property name="java.specification.vendor" value="Oracle Corporation"/>
    <property name="java.version.date" value="2025-04-15"/>
    <property name="java.home" value="C:\Users\jetan\scoop\apps\openjdk\24.0.1-9"/>
    <property name="file.separator" value="\"/>
    <property name="basedir" value="C:\Work\2567\2567-2\CPE112_Project\Non-Build\WebBase\fast-dasher-core"/>
    <property name="java.vm.compressedOopsMode" value="Zero based"/>
    <property name="line.separator" value="&#10;"/>
    <property name="java.vm.specification.vendor" value="Oracle Corporation"/>
    <property name="java.specification.name" value="Java Platform API Specification"/>
    <property name="surefire.real.class.path" value="C:\Users\jetan\AppData\Local\Temp\surefire2862573543133802700\surefirebooter-20250423151717530_3.jar"/>
    <property name="user.script" value=""/>
    <property name="sun.management.compiler" value="HotSpot 64-Bit Tiered Compilers"/>
    <property name="java.runtime.version" value="24.0.1+9-30"/>
    <property name="user.name" value="jetan"/>
    <property name="stdout.encoding" value="UTF-8"/>
    <property name="path.separator" value=";"/>
    <property name="os.version" value="10.0"/>
    <property name="java.runtime.name" value="OpenJDK Runtime Environment"/>
    <property name="file.encoding" value="UTF-8"/>
    <property name="java.vm.name" value="OpenJDK 64-Bit Server VM"/>
    <property name="localRepository" value="C:\Users\jetan\.m2\repository"/>
    <property name="java.vendor.url.bug" value="https://bugreport.java.com/bugreport/"/>
    <property name="java.io.tmpdir" value="C:\Users\jetan\AppData\Local\Temp\"/>
    <property name="java.version" value="24.0.1"/>
    <property name="user.dir" value="C:\Work\2567\2567-2\CPE112_Project\Non-Build\WebBase\fast-dasher-core"/>
    <property name="os.arch" value="amd64"/>
    <property name="java.vm.specification.name" value="Java Virtual Machine Specification"/>
    <property name="user.language.format" value="th"/>
    <property name="sun.os.patch.level" value=""/>
    <property name="native.encoding" value="Cp1252"/>
    <property name="java.library.path" value="C:\Users\jetan\scoop\apps\openjdk\24.0.1-9\bin;C:\WINDOWS\Sun\Java\bin;C:\WINDOWS\system32;C:\WINDOWS;C:\Users\jetan\AppData\Roaming\Code\User\globalStorage\pleiades.java-extension-pack-jdk\gradle\latest\bin;C:\Users\jetan\AppData\Roaming\Code\User\globalStorage\pleiades.java-extension-pack-jdk\maven\latest\bin;C:\Users\jetan\scoop\apps\openjdk\24.0.1-9\bin;C:\Program Files (x86)\VMware\VMware Player\bin\;C:\WINDOWS\system32;C:\WINDOWS;C:\WINDOWS\System32\Wbem;C:\WINDOWS\System32\WindowsPowerShell\v1.0\;C:\WINDOWS\System32\OpenSSH\;C:\Program Files (x86)\NVIDIA Corporation\PhysX\Common;C:\Program Files\Wolfram Research\WolframScript\;C:\Program Files\dotnet\;C:\Program Files (x86)\Windows Kits\10\Windows Performance Toolkit\;C:\gcc-14.2.0\bin;C:\Users\jetan\AppData\Local\Programs\Python\Python313;C:\Program Files\nodejs\;C:\Program Files (x86)\Microsoft Visual Studio\2022\BuildTools\VC\Tools\MSVC\14.42.34433\bin\Hostx64\x64;C:\Program Files\Git\cmd;C:\Program Files\CMake\bin;C:\ProgramData\chocolatey\bin;C:\Program Files\GitHub CLI\;C:\Program Files\NVIDIA Corporation\NVIDIA app\NvDLISR;C:\Gradle\gradle-8.13\bin;C:\javafx-sdk-24.0.1\lib;C:\Program Files\Java\jdk-21\bin;C:\Users\jetan\scoop\apps\maven\current\bin;C:\Users\jetan\scoop\shims;C:\Users\jetan\AppData\Local\Programs\Python\Python310\Scripts\;C:\Users\jetan\AppData\Local\Programs\Python\Python310\;C:\Users\jetan\AppData\Local\Programs\Python\Python313\Scripts\;C:\Users\jetan\AppData\Local\Programs\Python\Python313\;C:\Users\jetan\.cargo\bin;C:\Users\jetan\AppData\Local\Microsoft\WindowsApps;C:\Users\jetan\AppData\Local\Programs\Microsoft VS Code\bin;C:\Users\jetan\AppData\Local\GitHubDesktop\bin;C:\Users\jetan\AppData\Roaming\npm;C:\Users\jetan\AppData\Local\Microsoft\WinGet\Packages\Schniz.fnm_Microsoft.Winget.Source_8wekyb3d8bbwe;C:\Program Files (x86)\Microsoft Visual Studio\2022\BuildTools\VC\Tools\MSVC\14.42.34433\bin\Hostx64\x64;;c:\Users\jetan\AppData\Roaming\Code\User\globalStorage\github.copilot-chat\debugCommand;."/>
    <property name="java.vm.info" value="mixed mode, sharing"/>
    <property name="stderr.encoding" value="UTF-8"/>
    <property name="java.vendor" value="Oracle Corporation"/>
    <property name="java.vm.version" value="24.0.1+9-30"/>
    <property name="sun.io.unicode.encoding" value="UnicodeLittle"/>
    <property name="java.class.version" value="68.0"/>
  </properties>
  <testcase name="domain_model_should_not_depend_on_application_services" classname="ArchitectureTest" time="1.715">
    <system-out><![CDATA[15:17:18.765 [main] INFO com.tngtech.archunit.core.PluginLoader -- Detected Java version 24.0.1
15:17:19.396 [main] WARN com.tngtech.archunit.core.importer.ClassFileProcessor -- Error during import from jrt:/java.base/java/lang/Long.class, falling back to simple import
java.lang.IllegalArgumentException: Unsupported class file major version 68
	at com.tngtech.archunit.thirdparty.org.objectweb.asm.ClassReader.<init>(ClassReader.java:200)
	at com.tngtech.archunit.thirdparty.org.objectweb.asm.ClassReader.<init>(ClassReader.java:180)
	at com.tngtech.archunit.thirdparty.org.objectweb.asm.ClassReader.<init>(ClassReader.java:166)
	at com.tngtech.archunit.thirdparty.org.objectweb.asm.ClassReader.<init>(ClassReader.java:288)
	at com.tngtech.archunit.core.importer.ClassFileProcessor$UriImporterOfProcessor.tryImport(ClassFileProcessor.java:350)
	at com.tngtech.archunit.core.importer.resolvers.ClassResolverFromClasspath.tryResolve(ClassResolverFromClasspath.java:51)
	at com.tngtech.archunit.core.importer.ImportedClasses.resolve(ImportedClasses.java:80)
	at com.tngtech.archunit.core.importer.ImportedClasses.ensurePresent(ImportedClasses.java:75)
	at com.tngtech.archunit.core.importer.DependencyResolutionProcess.executeRun(DependencyResolutionProcess.java:146)
	at com.tngtech.archunit.core.importer.DependencyResolutionProcess.resolve(DependencyResolutionProcess.java:122)
	at com.tngtech.archunit.core.importer.ClassGraphCreator.complete(ClassGraphCreator.java:107)
	at com.tngtech.archunit.core.importer.ClassFileProcessor.process(ClassFileProcessor.java:75)
	at com.tngtech.archunit.core.importer.ClassFileImporter.importLocations(ClassFileImporter.java:325)
	at com.tngtech.archunit.junit.internal.ClassCache$CacheClassFileImporter.importClasses(ClassCache.java:126)
	at com.tngtech.archunit.junit.internal.ClassCache$LazyJavaClasses.initialize(ClassCache.java:118)
	at com.tngtech.archunit.junit.internal.ClassCache$LazyJavaClasses.get(ClassCache.java:107)
	at com.tngtech.archunit.junit.internal.ClassCache.getClassesToAnalyzeFor(ClassCache.java:84)
	at com.tngtech.archunit.junit.internal.ArchUnitTestDescriptor.lambda$createChildren$1(ArchUnitTestDescriptor.java:90)
	at com.tngtech.archunit.junit.internal.ArchUnitTestDescriptor$ArchUnitRuleDescriptor.execute(ArchUnitTestDescriptor.java:167)
	at com.tngtech.archunit.junit.internal.ArchUnitTestDescriptor$ArchUnitRuleDescriptor.execute(ArchUnitTestDescriptor.java:150)
	at org.junit.platform.engine.support.hierarchical.NodeTestTask.lambda$executeRecursively$6(NodeTestTask.java:156)
	at org.junit.platform.engine.support.hierarchical.ThrowableCollector.execute(ThrowableCollector.java:73)
	at org.junit.platform.engine.support.hierarchical.NodeTestTask.lambda$executeRecursively$8(NodeTestTask.java:146)
	at org.junit.platform.engine.support.hierarchical.Node.around(Node.java:137)
	at org.junit.platform.engine.support.hierarchical.NodeTestTask.lambda$executeRecursively$9(NodeTestTask.java:144)
	at org.junit.platform.engine.support.hierarchical.ThrowableCollector.execute(ThrowableCollector.java:73)
	at org.junit.platform.engine.support.hierarchical.NodeTestTask.executeRecursively(NodeTestTask.java:143)
	at org.junit.platform.engine.support.hierarchical.NodeTestTask.execute(NodeTestTask.java:100)
	at java.base/java.util.ArrayList.forEach(ArrayList.java:1604)
	at org.junit.platform.engine.support.hierarchical.SameThreadHierarchicalTestExecutorService.invokeAll(SameThreadHierarchicalTestExecutorService.java:41)
	at org.junit.platform.engine.support.hierarchical.NodeTestTask.lambda$executeRecursively$6(NodeTestTask.java:160)
	at org.junit.platform.engine.support.hierarchical.ThrowableCollector.execute(ThrowableCollector.java:73)
	at org.junit.platform.engine.support.hierarchical.NodeTestTask.lambda$executeRecursively$8(NodeTestTask.java:146)
	at org.junit.platform.engine.support.hierarchical.Node.around(Node.java:137)
	at org.junit.platform.engine.support.hierarchical.NodeTestTask.lambda$executeRecursively$9(NodeTestTask.java:144)
	at org.junit.platform.engine.support.hierarchical.ThrowableCollector.execute(ThrowableCollector.java:73)
	at org.junit.platform.engine.support.hierarchical.NodeTestTask.executeRecursively(NodeTestTask.java:143)
	at org.junit.platform.engine.support.hierarchical.NodeTestTask.execute(NodeTestTask.java:100)
	at java.base/java.util.ArrayList.forEach(ArrayList.java:1604)
	at org.junit.platform.engine.support.hierarchical.SameThreadHierarchicalTestExecutorService.invokeAll(SameThreadHierarchicalTestExecutorService.java:41)
	at org.junit.platform.engine.support.hierarchical.NodeTestTask.lambda$executeRecursively$6(NodeTestTask.java:160)
	at org.junit.platform.engine.support.hierarchical.ThrowableCollector.execute(ThrowableCollector.java:73)
	at org.junit.platform.engine.support.hierarchical.NodeTestTask.lambda$executeRecursively$8(NodeTestTask.java:146)
	at org.junit.platform.engine.support.hierarchical.Node.around(Node.java:137)
	at org.junit.platform.engine.support.hierarchical.NodeTestTask.lambda$executeRecursively$9(NodeTestTask.java:144)
	at org.junit.platform.engine.support.hierarchical.ThrowableCollector.execute(ThrowableCollector.java:73)
	at org.junit.platform.engine.support.hierarchical.NodeTestTask.executeRecursively(NodeTestTask.java:143)
	at org.junit.platform.engine.support.hierarchical.NodeTestTask.execute(NodeTestTask.java:100)
	at org.junit.platform.engine.support.hierarchical.SameThreadHierarchicalTestExecutorService.submit(SameThreadHierarchicalTestExecutorService.java:35)
	at org.junit.platform.engine.support.hierarchical.HierarchicalTestExecutor.execute(HierarchicalTestExecutor.java:57)
	at org.junit.platform.engine.support.hierarchical.HierarchicalTestEngine.execute(HierarchicalTestEngine.java:54)
	at org.junit.platform.launcher.core.EngineExecutionOrchestrator.execute(EngineExecutionOrchestrator.java:198)
	at org.junit.platform.launcher.core.EngineExecutionOrchestrator.execute(EngineExecutionOrchestrator.java:169)
	at org.junit.platform.launcher.core.EngineExecutionOrchestrator.execute(EngineExecutionOrchestrator.java:93)
	at org.junit.platform.launcher.core.EngineExecutionOrchestrator.lambda$execute$0(EngineExecutionOrchestrator.java:58)
	at org.junit.platform.launcher.core.EngineExecutionOrchestrator.withInterceptedStreams(EngineExecutionOrchestrator.java:141)
	at org.junit.platform.launcher.core.EngineExecutionOrchestrator.execute(EngineExecutionOrchestrator.java:57)
	at org.junit.platform.launcher.core.DefaultLauncher.execute(DefaultLauncher.java:103)
	at org.junit.platform.launcher.core.DefaultLauncher.execute(DefaultLauncher.java:85)
	at org.junit.platform.launcher.core.DelegatingLauncher.execute(DelegatingLauncher.java:47)
	at org.apache.maven.surefire.junitplatform.LazyLauncher.execute(LazyLauncher.java:56)
	at org.apache.maven.surefire.junitplatform.JUnitPlatformProvider.execute(JUnitPlatformProvider.java:184)
	at org.apache.maven.surefire.junitplatform.JUnitPlatformProvider.invokeAllTests(JUnitPlatformProvider.java:148)
	at org.apache.maven.surefire.junitplatform.JUnitPlatformProvider.invoke(JUnitPlatformProvider.java:122)
	at org.apache.maven.surefire.booter.ForkedBooter.runSuitesInProcess(ForkedBooter.java:385)
	at org.apache.maven.surefire.booter.ForkedBooter.execute(ForkedBooter.java:162)
	at org.apache.maven.surefire.booter.ForkedBooter.run(ForkedBooter.java:507)
	at org.apache.maven.surefire.booter.ForkedBooter.main(ForkedBooter.java:495)
15:17:19.429 [main] WARN com.tngtech.archunit.core.importer.ClassFileProcessor -- Error during import from jrt:/java.base/java/lang/String.class, falling back to simple import
java.lang.IllegalArgumentException: Unsupported class file major version 68
	at com.tngtech.archunit.thirdparty.org.objectweb.asm.ClassReader.<init>(ClassReader.java:200)
	at com.tngtech.archunit.thirdparty.org.objectweb.asm.ClassReader.<init>(ClassReader.java:180)
	at com.tngtech.archunit.thirdparty.org.objectweb.asm.ClassReader.<init>(ClassReader.java:166)
	at com.tngtech.archunit.thirdparty.org.objectweb.asm.ClassReader.<init>(ClassReader.java:288)
	at com.tngtech.archunit.core.importer.ClassFileProcessor$UriImporterOfProcessor.tryImport(ClassFileProcessor.java:350)
	at com.tngtech.archunit.core.importer.resolvers.ClassResolverFromClasspath.tryResolve(ClassResolverFromClasspath.java:51)
	at com.tngtech.archunit.core.importer.ImportedClasses.resolve(ImportedClasses.java:80)
	at com.tngtech.archunit.core.importer.ImportedClasses.getOrResolve(ImportedClasses.java:67)
	at com.tngtech.archunit.core.importer.ImportedClasses.addModifiersIfPossible(ImportedClasses.java:115)
	at com.tngtech.archunit.core.importer.ImportedClasses.stubClassOf(ImportedClasses.java:104)
	at com.tngtech.archunit.core.importer.ImportedClasses.resolve(ImportedClasses.java:81)
	at com.tngtech.archunit.core.importer.ImportedClasses.ensurePresent(ImportedClasses.java:75)
	at com.tngtech.archunit.core.importer.DependencyResolutionProcess.executeRun(DependencyResolutionProcess.java:146)
	at com.tngtech.archunit.core.importer.DependencyResolutionProcess.resolve(DependencyResolutionProcess.java:122)
	at com.tngtech.archunit.core.importer.ClassGraphCreator.complete(ClassGraphCreator.java:107)
	at com.tngtech.archunit.core.importer.ClassFileProcessor.process(ClassFileProcessor.java:75)
	at com.tngtech.archunit.core.importer.ClassFileImporter.importLocations(ClassFileImporter.java:325)
	at com.tngtech.archunit.junit.internal.ClassCache$CacheClassFileImporter.importClasses(ClassCache.java:126)
	at com.tngtech.archunit.junit.internal.ClassCache$LazyJavaClasses.initialize(ClassCache.java:118)
	at com.tngtech.archunit.junit.internal.ClassCache$LazyJavaClasses.get(ClassCache.java:107)
	at com.tngtech.archunit.junit.internal.ClassCache.getClassesToAnalyzeFor(ClassCache.java:84)
	at com.tngtech.archunit.junit.internal.ArchUnitTestDescriptor.lambda$createChildren$1(ArchUnitTestDescriptor.java:90)
	at com.tngtech.archunit.junit.internal.ArchUnitTestDescriptor$ArchUnitRuleDescriptor.execute(ArchUnitTestDescriptor.java:167)
	at com.tngtech.archunit.junit.internal.ArchUnitTestDescriptor$ArchUnitRuleDescriptor.execute(ArchUnitTestDescriptor.java:150)
	at org.junit.platform.engine.support.hierarchical.NodeTestTask.lambda$executeRecursively$6(NodeTestTask.java:156)
	at org.junit.platform.engine.support.hierarchical.ThrowableCollector.execute(ThrowableCollector.java:73)
	at org.junit.platform.engine.support.hierarchical.NodeTestTask.lambda$executeRecursively$8(NodeTestTask.java:146)
	at org.junit.platform.engine.support.hierarchical.Node.around(Node.java:137)
	at org.junit.platform.engine.support.hierarchical.NodeTestTask.lambda$executeRecursively$9(NodeTestTask.java:144)
	at org.junit.platform.engine.support.hierarchical.ThrowableCollector.execute(ThrowableCollector.java:73)
	at org.junit.platform.engine.support.hierarchical.NodeTestTask.executeRecursively(NodeTestTask.java:143)
	at org.junit.platform.engine.support.hierarchical.NodeTestTask.execute(NodeTestTask.java:100)
	at java.base/java.util.ArrayList.forEach(ArrayList.java:1604)
	at org.junit.platform.engine.support.hierarchical.SameThreadHierarchicalTestExecutorService.invokeAll(SameThreadHierarchicalTestExecutorService.java:41)
	at org.junit.platform.engine.support.hierarchical.NodeTestTask.lambda$executeRecursively$6(NodeTestTask.java:160)
	at org.junit.platform.engine.support.hierarchical.ThrowableCollector.execute(ThrowableCollector.java:73)
	at org.junit.platform.engine.support.hierarchical.NodeTestTask.lambda$executeRecursively$8(NodeTestTask.java:146)
	at org.junit.platform.engine.support.hierarchical.Node.around(Node.java:137)
	at org.junit.platform.engine.support.hierarchical.NodeTestTask.lambda$executeRecursively$9(NodeTestTask.java:144)
	at org.junit.platform.engine.support.hierarchical.ThrowableCollector.execute(ThrowableCollector.java:73)
	at org.junit.platform.engine.support.hierarchical.NodeTestTask.executeRecursively(NodeTestTask.java:143)
	at org.junit.platform.engine.support.hierarchical.NodeTestTask.execute(NodeTestTask.java:100)
	at java.base/java.util.ArrayList.forEach(ArrayList.java:1604)
	at org.junit.platform.engine.support.hierarchical.SameThreadHierarchicalTestExecutorService.invokeAll(SameThreadHierarchicalTestExecutorService.java:41)
	at org.junit.platform.engine.support.hierarchical.NodeTestTask.lambda$executeRecursively$6(NodeTestTask.java:160)
	at org.junit.platform.engine.support.hierarchical.ThrowableCollector.execute(ThrowableCollector.java:73)
	at org.junit.platform.engine.support.hierarchical.NodeTestTask.lambda$executeRecursively$8(NodeTestTask.java:146)
	at org.junit.platform.engine.support.hierarchical.Node.around(Node.java:137)
	at org.junit.platform.engine.support.hierarchical.NodeTestTask.lambda$executeRecursively$9(NodeTestTask.java:144)
	at org.junit.platform.engine.support.hierarchical.ThrowableCollector.execute(ThrowableCollector.java:73)
	at org.junit.platform.engine.support.hierarchical.NodeTestTask.executeRecursively(NodeTestTask.java:143)
	at org.junit.platform.engine.support.hierarchical.NodeTestTask.execute(NodeTestTask.java:100)
	at org.junit.platform.engine.support.hierarchical.SameThreadHierarchicalTestExecutorService.submit(SameThreadHierarchicalTestExecutorService.java:35)
	at org.junit.platform.engine.support.hierarchical.HierarchicalTestExecutor.execute(HierarchicalTestExecutor.java:57)
	at org.junit.platform.engine.support.hierarchical.HierarchicalTestEngine.execute(HierarchicalTestEngine.java:54)
	at org.junit.platform.launcher.core.EngineExecutionOrchestrator.execute(EngineExecutionOrchestrator.java:198)
	at org.junit.platform.launcher.core.EngineExecutionOrchestrator.execute(EngineExecutionOrchestrator.java:169)
	at org.junit.platform.launcher.core.EngineExecutionOrchestrator.execute(EngineExecutionOrchestrator.java:93)
	at org.junit.platform.launcher.core.EngineExecutionOrchestrator.lambda$execute$0(EngineExecutionOrchestrator.java:58)
	at org.junit.platform.launcher.core.EngineExecutionOrchestrator.withInterceptedStreams(EngineExecutionOrchestrator.java:141)
	at org.junit.platform.launcher.core.EngineExecutionOrchestrator.execute(EngineExecutionOrchestrator.java:57)
	at org.junit.platform.launcher.core.DefaultLauncher.execute(DefaultLauncher.java:103)
	at org.junit.platform.launcher.core.DefaultLauncher.execute(DefaultLauncher.java:85)
	at org.junit.platform.launcher.core.DelegatingLauncher.execute(DelegatingLauncher.java:47)
	at org.apache.maven.surefire.junitplatform.LazyLauncher.execute(LazyLauncher.java:56)
	at org.apache.maven.surefire.junitplatform.JUnitPlatformProvider.execute(JUnitPlatformProvider.java:184)
	at org.apache.maven.surefire.junitplatform.JUnitPlatformProvider.invokeAllTests(JUnitPlatformProvider.java:148)
	at org.apache.maven.surefire.junitplatform.JUnitPlatformProvider.invoke(JUnitPlatformProvider.java:122)
	at org.apache.maven.surefire.booter.ForkedBooter.runSuitesInProcess(ForkedBooter.java:385)
	at org.apache.maven.surefire.booter.ForkedBooter.execute(ForkedBooter.java:162)
	at org.apache.maven.surefire.booter.ForkedBooter.run(ForkedBooter.java:507)
	at org.apache.maven.surefire.booter.ForkedBooter.main(ForkedBooter.java:495)
15:17:19.433 [main] WARN com.tngtech.archunit.core.importer.ClassFileProcessor -- Error during import from jrt:/java.base/java/util/stream/Stream.class, falling back to simple import
java.lang.IllegalArgumentException: Unsupported class file major version 68
	at com.tngtech.archunit.thirdparty.org.objectweb.asm.ClassReader.<init>(ClassReader.java:200)
	at com.tngtech.archunit.thirdparty.org.objectweb.asm.ClassReader.<init>(ClassReader.java:180)
	at com.tngtech.archunit.thirdparty.org.objectweb.asm.ClassReader.<init>(ClassReader.java:166)
	at com.tngtech.archunit.thirdparty.org.objectweb.asm.ClassReader.<init>(ClassReader.java:288)
	at com.tngtech.archunit.core.importer.ClassFileProcessor$UriImporterOfProcessor.tryImport(ClassFileProcessor.java:350)
	at com.tngtech.archunit.core.importer.resolvers.ClassResolverFromClasspath.tryResolve(ClassResolverFromClasspath.java:51)
	at com.tngtech.archunit.core.importer.ImportedClasses.resolve(ImportedClasses.java:80)
	at com.tngtech.archunit.core.importer.ImportedClasses.ensurePresent(ImportedClasses.java:75)
	at com.tngtech.archunit.core.importer.DependencyResolutionProcess.executeRun(DependencyResolutionProcess.java:146)
	at com.tngtech.archunit.core.importer.DependencyResolutionProcess.resolve(DependencyResolutionProcess.java:122)
	at com.tngtech.archunit.core.importer.ClassGraphCreator.complete(ClassGraphCreator.java:107)
	at com.tngtech.archunit.core.importer.ClassFileProcessor.process(ClassFileProcessor.java:75)
	at com.tngtech.archunit.core.importer.ClassFileImporter.importLocations(ClassFileImporter.java:325)
	at com.tngtech.archunit.junit.internal.ClassCache$CacheClassFileImporter.importClasses(ClassCache.java:126)
	at com.tngtech.archunit.junit.internal.ClassCache$LazyJavaClasses.initialize(ClassCache.java:118)
	at com.tngtech.archunit.junit.internal.ClassCache$LazyJavaClasses.get(ClassCache.java:107)
	at com.tngtech.archunit.junit.internal.ClassCache.getClassesToAnalyzeFor(ClassCache.java:84)
	at com.tngtech.archunit.junit.internal.ArchUnitTestDescriptor.lambda$createChildren$1(ArchUnitTestDescriptor.java:90)
	at com.tngtech.archunit.junit.internal.ArchUnitTestDescriptor$ArchUnitRuleDescriptor.execute(ArchUnitTestDescriptor.java:167)
	at com.tngtech.archunit.junit.internal.ArchUnitTestDescriptor$ArchUnitRuleDescriptor.execute(ArchUnitTestDescriptor.java:150)
	at org.junit.platform.engine.support.hierarchical.NodeTestTask.lambda$executeRecursively$6(NodeTestTask.java:156)
	at org.junit.platform.engine.support.hierarchical.ThrowableCollector.execute(ThrowableCollector.java:73)
	at org.junit.platform.engine.support.hierarchical.NodeTestTask.lambda$executeRecursively$8(NodeTestTask.java:146)
	at org.junit.platform.engine.support.hierarchical.Node.around(Node.java:137)
	at org.junit.platform.engine.support.hierarchical.NodeTestTask.lambda$executeRecursively$9(NodeTestTask.java:144)
	at org.junit.platform.engine.support.hierarchical.ThrowableCollector.execute(ThrowableCollector.java:73)
	at org.junit.platform.engine.support.hierarchical.NodeTestTask.executeRecursively(NodeTestTask.java:143)
	at org.junit.platform.engine.support.hierarchical.NodeTestTask.execute(NodeTestTask.java:100)
	at java.base/java.util.ArrayList.forEach(ArrayList.java:1604)
	at org.junit.platform.engine.support.hierarchical.SameThreadHierarchicalTestExecutorService.invokeAll(SameThreadHierarchicalTestExecutorService.java:41)
	at org.junit.platform.engine.support.hierarchical.NodeTestTask.lambda$executeRecursively$6(NodeTestTask.java:160)
	at org.junit.platform.engine.support.hierarchical.ThrowableCollector.execute(ThrowableCollector.java:73)
	at org.junit.platform.engine.support.hierarchical.NodeTestTask.lambda$executeRecursively$8(NodeTestTask.java:146)
	at org.junit.platform.engine.support.hierarchical.Node.around(Node.java:137)
	at org.junit.platform.engine.support.hierarchical.NodeTestTask.lambda$executeRecursively$9(NodeTestTask.java:144)
	at org.junit.platform.engine.support.hierarchical.ThrowableCollector.execute(ThrowableCollector.java:73)
	at org.junit.platform.engine.support.hierarchical.NodeTestTask.executeRecursively(NodeTestTask.java:143)
	at org.junit.platform.engine.support.hierarchical.NodeTestTask.execute(NodeTestTask.java:100)
	at java.base/java.util.ArrayList.forEach(ArrayList.java:1604)
	at org.junit.platform.engine.support.hierarchical.SameThreadHierarchicalTestExecutorService.invokeAll(SameThreadHierarchicalTestExecutorService.java:41)
	at org.junit.platform.engine.support.hierarchical.NodeTestTask.lambda$executeRecursively$6(NodeTestTask.java:160)
	at org.junit.platform.engine.support.hierarchical.ThrowableCollector.execute(ThrowableCollector.java:73)
	at org.junit.platform.engine.support.hierarchical.NodeTestTask.lambda$executeRecursively$8(NodeTestTask.java:146)
	at org.junit.platform.engine.support.hierarchical.Node.around(Node.java:137)
	at org.junit.platform.engine.support.hierarchical.NodeTestTask.lambda$executeRecursively$9(NodeTestTask.java:144)
	at org.junit.platform.engine.support.hierarchical.ThrowableCollector.execute(ThrowableCollector.java:73)
	at org.junit.platform.engine.support.hierarchical.NodeTestTask.executeRecursively(NodeTestTask.java:143)
	at org.junit.platform.engine.support.hierarchical.NodeTestTask.execute(NodeTestTask.java:100)
	at org.junit.platform.engine.support.hierarchical.SameThreadHierarchicalTestExecutorService.submit(SameThreadHierarchicalTestExecutorService.java:35)
	at org.junit.platform.engine.support.hierarchical.HierarchicalTestExecutor.execute(HierarchicalTestExecutor.java:57)
	at org.junit.platform.engine.support.hierarchical.HierarchicalTestEngine.execute(HierarchicalTestEngine.java:54)
	at org.junit.platform.launcher.core.EngineExecutionOrchestrator.execute(EngineExecutionOrchestrator.java:198)
	at org.junit.platform.launcher.core.EngineExecutionOrchestrator.execute(EngineExecutionOrchestrator.java:169)
	at org.junit.platform.launcher.core.EngineExecutionOrchestrator.execute(EngineExecutionOrchestrator.java:93)
	at org.junit.platform.launcher.core.EngineExecutionOrchestrator.lambda$execute$0(EngineExecutionOrchestrator.java:58)
	at org.junit.platform.launcher.core.EngineExecutionOrchestrator.withInterceptedStreams(EngineExecutionOrchestrator.java:141)
	at org.junit.platform.launcher.core.EngineExecutionOrchestrator.execute(EngineExecutionOrchestrator.java:57)
	at org.junit.platform.launcher.core.DefaultLauncher.execute(DefaultLauncher.java:103)
	at org.junit.platform.launcher.core.DefaultLauncher.execute(DefaultLauncher.java:85)
	at org.junit.platform.launcher.core.DelegatingLauncher.execute(DelegatingLauncher.java:47)
	at org.apache.maven.surefire.junitplatform.LazyLauncher.execute(LazyLauncher.java:56)
	at org.apache.maven.surefire.junitplatform.JUnitPlatformProvider.execute(JUnitPlatformProvider.java:184)
	at org.apache.maven.surefire.junitplatform.JUnitPlatformProvider.invokeAllTests(JUnitPlatformProvider.java:148)
	at org.apache.maven.surefire.junitplatform.JUnitPlatformProvider.invoke(JUnitPlatformProvider.java:122)
	at org.apache.maven.surefire.booter.ForkedBooter.runSuitesInProcess(ForkedBooter.java:385)
	at org.apache.maven.surefire.booter.ForkedBooter.execute(ForkedBooter.java:162)
	at org.apache.maven.surefire.booter.ForkedBooter.run(ForkedBooter.java:507)
	at org.apache.maven.surefire.booter.ForkedBooter.main(ForkedBooter.java:495)
15:17:19.438 [main] WARN com.tngtech.archunit.core.importer.ClassFileProcessor -- Error during import from jrt:/java.base/java/lang/Throwable.class, falling back to simple import
java.lang.IllegalArgumentException: Unsupported class file major version 68
	at com.tngtech.archunit.thirdparty.org.objectweb.asm.ClassReader.<init>(ClassReader.java:200)
	at com.tngtech.archunit.thirdparty.org.objectweb.asm.ClassReader.<init>(ClassReader.java:180)
	at com.tngtech.archunit.thirdparty.org.objectweb.asm.ClassReader.<init>(ClassReader.java:166)
	at com.tngtech.archunit.thirdparty.org.objectweb.asm.ClassReader.<init>(ClassReader.java:288)
	at com.tngtech.archunit.core.importer.ClassFileProcessor$UriImporterOfProcessor.tryImport(ClassFileProcessor.java:350)
	at com.tngtech.archunit.core.importer.resolvers.ClassResolverFromClasspath.tryResolve(ClassResolverFromClasspath.java:51)
	at com.tngtech.archunit.core.importer.ImportedClasses.resolve(ImportedClasses.java:80)
	at com.tngtech.archunit.core.importer.ImportedClasses.ensurePresent(ImportedClasses.java:75)
	at com.tngtech.archunit.core.importer.DependencyResolutionProcess.executeRun(DependencyResolutionProcess.java:146)
	at com.tngtech.archunit.core.importer.DependencyResolutionProcess.resolve(DependencyResolutionProcess.java:122)
	at com.tngtech.archunit.core.importer.ClassGraphCreator.complete(ClassGraphCreator.java:107)
	at com.tngtech.archunit.core.importer.ClassFileProcessor.process(ClassFileProcessor.java:75)
	at com.tngtech.archunit.core.importer.ClassFileImporter.importLocations(ClassFileImporter.java:325)
	at com.tngtech.archunit.junit.internal.ClassCache$CacheClassFileImporter.importClasses(ClassCache.java:126)
	at com.tngtech.archunit.junit.internal.ClassCache$LazyJavaClasses.initialize(ClassCache.java:118)
	at com.tngtech.archunit.junit.internal.ClassCache$LazyJavaClasses.get(ClassCache.java:107)
	at com.tngtech.archunit.junit.internal.ClassCache.getClassesToAnalyzeFor(ClassCache.java:84)
	at com.tngtech.archunit.junit.internal.ArchUnitTestDescriptor.lambda$createChildren$1(ArchUnitTestDescriptor.java:90)
	at com.tngtech.archunit.junit.internal.ArchUnitTestDescriptor$ArchUnitRuleDescriptor.execute(ArchUnitTestDescriptor.java:167)
	at com.tngtech.archunit.junit.internal.ArchUnitTestDescriptor$ArchUnitRuleDescriptor.execute(ArchUnitTestDescriptor.java:150)
	at org.junit.platform.engine.support.hierarchical.NodeTestTask.lambda$executeRecursively$6(NodeTestTask.java:156)
	at org.junit.platform.engine.support.hierarchical.ThrowableCollector.execute(ThrowableCollector.java:73)
	at org.junit.platform.engine.support.hierarchical.NodeTestTask.lambda$executeRecursively$8(NodeTestTask.java:146)
	at org.junit.platform.engine.support.hierarchical.Node.around(Node.java:137)
	at org.junit.platform.engine.support.hierarchical.NodeTestTask.lambda$executeRecursively$9(NodeTestTask.java:144)
	at org.junit.platform.engine.support.hierarchical.ThrowableCollector.execute(ThrowableCollector.java:73)
	at org.junit.platform.engine.support.hierarchical.NodeTestTask.executeRecursively(NodeTestTask.java:143)
	at org.junit.platform.engine.support.hierarchical.NodeTestTask.execute(NodeTestTask.java:100)
	at java.base/java.util.ArrayList.forEach(ArrayList.java:1604)
	at org.junit.platform.engine.support.hierarchical.SameThreadHierarchicalTestExecutorService.invokeAll(SameThreadHierarchicalTestExecutorService.java:41)
	at org.junit.platform.engine.support.hierarchical.NodeTestTask.lambda$executeRecursively$6(NodeTestTask.java:160)
	at org.junit.platform.engine.support.hierarchical.ThrowableCollector.execute(ThrowableCollector.java:73)
	at org.junit.platform.engine.support.hierarchical.NodeTestTask.lambda$executeRecursively$8(NodeTestTask.java:146)
	at org.junit.platform.engine.support.hierarchical.Node.around(Node.java:137)
	at org.junit.platform.engine.support.hierarchical.NodeTestTask.lambda$executeRecursively$9(NodeTestTask.java:144)
	at org.junit.platform.engine.support.hierarchical.ThrowableCollector.execute(ThrowableCollector.java:73)
	at org.junit.platform.engine.support.hierarchical.NodeTestTask.executeRecursively(NodeTestTask.java:143)
	at org.junit.platform.engine.support.hierarchical.NodeTestTask.execute(NodeTestTask.java:100)
	at java.base/java.util.ArrayList.forEach(ArrayList.java:1604)
	at org.junit.platform.engine.support.hierarchical.SameThreadHierarchicalTestExecutorService.invokeAll(SameThreadHierarchicalTestExecutorService.java:41)
	at org.junit.platform.engine.support.hierarchical.NodeTestTask.lambda$executeRecursively$6(NodeTestTask.java:160)
	at org.junit.platform.engine.support.hierarchical.ThrowableCollector.execute(ThrowableCollector.java:73)
	at org.junit.platform.engine.support.hierarchical.NodeTestTask.lambda$executeRecursively$8(NodeTestTask.java:146)
	at org.junit.platform.engine.support.hierarchical.Node.around(Node.java:137)
	at org.junit.platform.engine.support.hierarchical.NodeTestTask.lambda$executeRecursively$9(NodeTestTask.java:144)
	at org.junit.platform.engine.support.hierarchical.ThrowableCollector.execute(ThrowableCollector.java:73)
	at org.junit.platform.engine.support.hierarchical.NodeTestTask.executeRecursively(NodeTestTask.java:143)
	at org.junit.platform.engine.support.hierarchical.NodeTestTask.execute(NodeTestTask.java:100)
	at org.junit.platform.engine.support.hierarchical.SameThreadHierarchicalTestExecutorService.submit(SameThreadHierarchicalTestExecutorService.java:35)
	at org.junit.platform.engine.support.hierarchical.HierarchicalTestExecutor.execute(HierarchicalTestExecutor.java:57)
	at org.junit.platform.engine.support.hierarchical.HierarchicalTestEngine.execute(HierarchicalTestEngine.java:54)
	at org.junit.platform.launcher.core.EngineExecutionOrchestrator.execute(EngineExecutionOrchestrator.java:198)
	at org.junit.platform.launcher.core.EngineExecutionOrchestrator.execute(EngineExecutionOrchestrator.java:169)
	at org.junit.platform.launcher.core.EngineExecutionOrchestrator.execute(EngineExecutionOrchestrator.java:93)
	at org.junit.platform.launcher.core.EngineExecutionOrchestrator.lambda$execute$0(EngineExecutionOrchestrator.java:58)
	at org.junit.platform.launcher.core.EngineExecutionOrchestrator.withInterceptedStreams(EngineExecutionOrchestrator.java:141)
	at org.junit.platform.launcher.core.EngineExecutionOrchestrator.execute(EngineExecutionOrchestrator.java:57)
	at org.junit.platform.launcher.core.DefaultLauncher.execute(DefaultLauncher.java:103)
	at org.junit.platform.launcher.core.DefaultLauncher.execute(DefaultLauncher.java:85)
	at org.junit.platform.launcher.core.DelegatingLauncher.execute(DelegatingLauncher.java:47)
	at org.apache.maven.surefire.junitplatform.LazyLauncher.execute(LazyLauncher.java:56)
	at org.apache.maven.surefire.junitplatform.JUnitPlatformProvider.execute(JUnitPlatformProvider.java:184)
	at org.apache.maven.surefire.junitplatform.JUnitPlatformProvider.invokeAllTests(JUnitPlatformProvider.java:148)
	at org.apache.maven.surefire.junitplatform.JUnitPlatformProvider.invoke(JUnitPlatformProvider.java:122)
	at org.apache.maven.surefire.booter.ForkedBooter.runSuitesInProcess(ForkedBooter.java:385)
	at org.apache.maven.surefire.booter.ForkedBooter.execute(ForkedBooter.java:162)
	at org.apache.maven.surefire.booter.ForkedBooter.run(ForkedBooter.java:507)
	at org.apache.maven.surefire.booter.ForkedBooter.main(ForkedBooter.java:495)
15:17:19.444 [main] WARN com.tngtech.archunit.core.importer.ClassFileProcessor -- Error during import from jrt:/java.base/java/time/format/FormatStyle.class, falling back to simple import
java.lang.IllegalArgumentException: Unsupported class file major version 68
	at com.tngtech.archunit.thirdparty.org.objectweb.asm.ClassReader.<init>(ClassReader.java:200)
	at com.tngtech.archunit.thirdparty.org.objectweb.asm.ClassReader.<init>(ClassReader.java:180)
	at com.tngtech.archunit.thirdparty.org.objectweb.asm.ClassReader.<init>(ClassReader.java:166)
	at com.tngtech.archunit.thirdparty.org.objectweb.asm.ClassReader.<init>(ClassReader.java:288)
	at com.tngtech.archunit.core.importer.ClassFileProcessor$UriImporterOfProcessor.tryImport(ClassFileProcessor.java:350)
	at com.tngtech.archunit.core.importer.resolvers.ClassResolverFromClasspath.tryResolve(ClassResolverFromClasspath.java:51)
	at com.tngtech.archunit.core.importer.ImportedClasses.resolve(ImportedClasses.java:80)
	at com.tngtech.archunit.core.importer.ImportedClasses.ensurePresent(ImportedClasses.java:75)
	at com.tngtech.archunit.core.importer.DependencyResolutionProcess.executeRun(DependencyResolutionProcess.java:146)
	at com.tngtech.archunit.core.importer.DependencyResolutionProcess.resolve(DependencyResolutionProcess.java:122)
	at com.tngtech.archunit.core.importer.ClassGraphCreator.complete(ClassGraphCreator.java:107)
	at com.tngtech.archunit.core.importer.ClassFileProcessor.process(ClassFileProcessor.java:75)
	at com.tngtech.archunit.core.importer.ClassFileImporter.importLocations(ClassFileImporter.java:325)
	at com.tngtech.archunit.junit.internal.ClassCache$CacheClassFileImporter.importClasses(ClassCache.java:126)
	at com.tngtech.archunit.junit.internal.ClassCache$LazyJavaClasses.initialize(ClassCache.java:118)
	at com.tngtech.archunit.junit.internal.ClassCache$LazyJavaClasses.get(ClassCache.java:107)
	at com.tngtech.archunit.junit.internal.ClassCache.getClassesToAnalyzeFor(ClassCache.java:84)
	at com.tngtech.archunit.junit.internal.ArchUnitTestDescriptor.lambda$createChildren$1(ArchUnitTestDescriptor.java:90)
	at com.tngtech.archunit.junit.internal.ArchUnitTestDescriptor$ArchUnitRuleDescriptor.execute(ArchUnitTestDescriptor.java:167)
	at com.tngtech.archunit.junit.internal.ArchUnitTestDescriptor$ArchUnitRuleDescriptor.execute(ArchUnitTestDescriptor.java:150)
	at org.junit.platform.engine.support.hierarchical.NodeTestTask.lambda$executeRecursively$6(NodeTestTask.java:156)
	at org.junit.platform.engine.support.hierarchical.ThrowableCollector.execute(ThrowableCollector.java:73)
	at org.junit.platform.engine.support.hierarchical.NodeTestTask.lambda$executeRecursively$8(NodeTestTask.java:146)
	at org.junit.platform.engine.support.hierarchical.Node.around(Node.java:137)
	at org.junit.platform.engine.support.hierarchical.NodeTestTask.lambda$executeRecursively$9(NodeTestTask.java:144)
	at org.junit.platform.engine.support.hierarchical.ThrowableCollector.execute(ThrowableCollector.java:73)
	at org.junit.platform.engine.support.hierarchical.NodeTestTask.executeRecursively(NodeTestTask.java:143)
	at org.junit.platform.engine.support.hierarchical.NodeTestTask.execute(NodeTestTask.java:100)
	at java.base/java.util.ArrayList.forEach(ArrayList.java:1604)
	at org.junit.platform.engine.support.hierarchical.SameThreadHierarchicalTestExecutorService.invokeAll(SameThreadHierarchicalTestExecutorService.java:41)
	at org.junit.platform.engine.support.hierarchical.NodeTestTask.lambda$executeRecursively$6(NodeTestTask.java:160)
	at org.junit.platform.engine.support.hierarchical.ThrowableCollector.execute(ThrowableCollector.java:73)
	at org.junit.platform.engine.support.hierarchical.NodeTestTask.lambda$executeRecursively$8(NodeTestTask.java:146)
	at org.junit.platform.engine.support.hierarchical.Node.around(Node.java:137)
	at org.junit.platform.engine.support.hierarchical.NodeTestTask.lambda$executeRecursively$9(NodeTestTask.java:144)
	at org.junit.platform.engine.support.hierarchical.ThrowableCollector.execute(ThrowableCollector.java:73)
	at org.junit.platform.engine.support.hierarchical.NodeTestTask.executeRecursively(NodeTestTask.java:143)
	at org.junit.platform.engine.support.hierarchical.NodeTestTask.execute(NodeTestTask.java:100)
	at java.base/java.util.ArrayList.forEach(ArrayList.java:1604)
	at org.junit.platform.engine.support.hierarchical.SameThreadHierarchicalTestExecutorService.invokeAll(SameThreadHierarchicalTestExecutorService.java:41)
	at org.junit.platform.engine.support.hierarchical.NodeTestTask.lambda$executeRecursively$6(NodeTestTask.java:160)
	at org.junit.platform.engine.support.hierarchical.ThrowableCollector.execute(ThrowableCollector.java:73)
	at org.junit.platform.engine.support.hierarchical.NodeTestTask.lambda$executeRecursively$8(NodeTestTask.java:146)
	at org.junit.platform.engine.support.hierarchical.Node.around(Node.java:137)
	at org.junit.platform.engine.support.hierarchical.NodeTestTask.lambda$executeRecursively$9(NodeTestTask.java:144)
	at org.junit.platform.engine.support.hierarchical.ThrowableCollector.execute(ThrowableCollector.java:73)
	at org.junit.platform.engine.support.hierarchical.NodeTestTask.executeRecursively(NodeTestTask.java:143)
	at org.junit.platform.engine.support.hierarchical.NodeTestTask.execute(NodeTestTask.java:100)
	at org.junit.platform.engine.support.hierarchical.SameThreadHierarchicalTestExecutorService.submit(SameThreadHierarchicalTestExecutorService.java:35)
	at org.junit.platform.engine.support.hierarchical.HierarchicalTestExecutor.execute(HierarchicalTestExecutor.java:57)
	at org.junit.platform.engine.support.hierarchical.HierarchicalTestEngine.execute(HierarchicalTestEngine.java:54)
	at org.junit.platform.launcher.core.EngineExecutionOrchestrator.execute(EngineExecutionOrchestrator.java:198)
	at org.junit.platform.launcher.core.EngineExecutionOrchestrator.execute(EngineExecutionOrchestrator.java:169)
	at org.junit.platform.launcher.core.EngineExecutionOrchestrator.execute(EngineExecutionOrchestrator.java:93)
	at org.junit.platform.launcher.core.EngineExecutionOrchestrator.lambda$execute$0(EngineExecutionOrchestrator.java:58)
	at org.junit.platform.launcher.core.EngineExecutionOrchestrator.withInterceptedStreams(EngineExecutionOrchestrator.java:141)
	at org.junit.platform.launcher.core.EngineExecutionOrchestrator.execute(EngineExecutionOrchestrator.java:57)
	at org.junit.platform.launcher.core.DefaultLauncher.execute(DefaultLauncher.java:103)
	at org.junit.platform.launcher.core.DefaultLauncher.execute(DefaultLauncher.java:85)
	at org.junit.platform.launcher.core.DelegatingLauncher.execute(DelegatingLauncher.java:47)
	at org.apache.maven.surefire.junitplatform.LazyLauncher.execute(LazyLauncher.java:56)
	at org.apache.maven.surefire.junitplatform.JUnitPlatformProvider.execute(JUnitPlatformProvider.java:184)
	at org.apache.maven.surefire.junitplatform.JUnitPlatformProvider.invokeAllTests(JUnitPlatformProvider.java:148)
	at org.apache.maven.surefire.junitplatform.JUnitPlatformProvider.invoke(JUnitPlatformProvider.java:122)
	at org.apache.maven.surefire.booter.ForkedBooter.runSuitesInProcess(ForkedBooter.java:385)
	at org.apache.maven.surefire.booter.ForkedBooter.execute(ForkedBooter.java:162)
	at org.apache.maven.surefire.booter.ForkedBooter.run(ForkedBooter.java:507)
	at org.apache.maven.surefire.booter.ForkedBooter.main(ForkedBooter.java:495)
15:17:19.446 [main] WARN com.tngtech.archunit.core.importer.ClassFileProcessor -- Error during import from jrt:/java.base/java/lang/RuntimeException.class, falling back to simple import
java.lang.IllegalArgumentException: Unsupported class file major version 68
	at com.tngtech.archunit.thirdparty.org.objectweb.asm.ClassReader.<init>(ClassReader.java:200)
	at com.tngtech.archunit.thirdparty.org.objectweb.asm.ClassReader.<init>(ClassReader.java:180)
	at com.tngtech.archunit.thirdparty.org.objectweb.asm.ClassReader.<init>(ClassReader.java:166)
	at com.tngtech.archunit.thirdparty.org.objectweb.asm.ClassReader.<init>(ClassReader.java:288)
	at com.tngtech.archunit.core.importer.ClassFileProcessor$UriImporterOfProcessor.tryImport(ClassFileProcessor.java:350)
	at com.tngtech.archunit.core.importer.resolvers.ClassResolverFromClasspath.tryResolve(ClassResolverFromClasspath.java:51)
	at com.tngtech.archunit.core.importer.ImportedClasses.resolve(ImportedClasses.java:80)
	at com.tngtech.archunit.core.importer.ImportedClasses.ensurePresent(ImportedClasses.java:75)
	at com.tngtech.archunit.core.importer.DependencyResolutionProcess.executeRun(DependencyResolutionProcess.java:146)
	at com.tngtech.archunit.core.importer.DependencyResolutionProcess.resolve(DependencyResolutionProcess.java:122)
	at com.tngtech.archunit.core.importer.ClassGraphCreator.complete(ClassGraphCreator.java:107)
	at com.tngtech.archunit.core.importer.ClassFileProcessor.process(ClassFileProcessor.java:75)
	at com.tngtech.archunit.core.importer.ClassFileImporter.importLocations(ClassFileImporter.java:325)
	at com.tngtech.archunit.junit.internal.ClassCache$CacheClassFileImporter.importClasses(ClassCache.java:126)
	at com.tngtech.archunit.junit.internal.ClassCache$LazyJavaClasses.initialize(ClassCache.java:118)
	at com.tngtech.archunit.junit.internal.ClassCache$LazyJavaClasses.get(ClassCache.java:107)
	at com.tngtech.archunit.junit.internal.ClassCache.getClassesToAnalyzeFor(ClassCache.java:84)
	at com.tngtech.archunit.junit.internal.ArchUnitTestDescriptor.lambda$createChildren$1(ArchUnitTestDescriptor.java:90)
	at com.tngtech.archunit.junit.internal.ArchUnitTestDescriptor$ArchUnitRuleDescriptor.execute(ArchUnitTestDescriptor.java:167)
	at com.tngtech.archunit.junit.internal.ArchUnitTestDescriptor$ArchUnitRuleDescriptor.execute(ArchUnitTestDescriptor.java:150)
	at org.junit.platform.engine.support.hierarchical.NodeTestTask.lambda$executeRecursively$6(NodeTestTask.java:156)
	at org.junit.platform.engine.support.hierarchical.ThrowableCollector.execute(ThrowableCollector.java:73)
	at org.junit.platform.engine.support.hierarchical.NodeTestTask.lambda$executeRecursively$8(NodeTestTask.java:146)
	at org.junit.platform.engine.support.hierarchical.Node.around(Node.java:137)
	at org.junit.platform.engine.support.hierarchical.NodeTestTask.lambda$executeRecursively$9(NodeTestTask.java:144)
	at org.junit.platform.engine.support.hierarchical.ThrowableCollector.execute(ThrowableCollector.java:73)
	at org.junit.platform.engine.support.hierarchical.NodeTestTask.executeRecursively(NodeTestTask.java:143)
	at org.junit.platform.engine.support.hierarchical.NodeTestTask.execute(NodeTestTask.java:100)
	at java.base/java.util.ArrayList.forEach(ArrayList.java:1604)
	at org.junit.platform.engine.support.hierarchical.SameThreadHierarchicalTestExecutorService.invokeAll(SameThreadHierarchicalTestExecutorService.java:41)
	at org.junit.platform.engine.support.hierarchical.NodeTestTask.lambda$executeRecursively$6(NodeTestTask.java:160)
	at org.junit.platform.engine.support.hierarchical.ThrowableCollector.execute(ThrowableCollector.java:73)
	at org.junit.platform.engine.support.hierarchical.NodeTestTask.lambda$executeRecursively$8(NodeTestTask.java:146)
	at org.junit.platform.engine.support.hierarchical.Node.around(Node.java:137)
	at org.junit.platform.engine.support.hierarchical.NodeTestTask.lambda$executeRecursively$9(NodeTestTask.java:144)
	at org.junit.platform.engine.support.hierarchical.ThrowableCollector.execute(ThrowableCollector.java:73)
	at org.junit.platform.engine.support.hierarchical.NodeTestTask.executeRecursively(NodeTestTask.java:143)
	at org.junit.platform.engine.support.hierarchical.NodeTestTask.execute(NodeTestTask.java:100)
	at java.base/java.util.ArrayList.forEach(ArrayList.java:1604)
	at org.junit.platform.engine.support.hierarchical.SameThreadHierarchicalTestExecutorService.invokeAll(SameThreadHierarchicalTestExecutorService.java:41)
	at org.junit.platform.engine.support.hierarchical.NodeTestTask.lambda$executeRecursively$6(NodeTestTask.java:160)
	at org.junit.platform.engine.support.hierarchical.ThrowableCollector.execute(ThrowableCollector.java:73)
	at org.junit.platform.engine.support.hierarchical.NodeTestTask.lambda$executeRecursively$8(NodeTestTask.java:146)
	at org.junit.platform.engine.support.hierarchical.Node.around(Node.java:137)
	at org.junit.platform.engine.support.hierarchical.NodeTestTask.lambda$executeRecursively$9(NodeTestTask.java:144)
	at org.junit.platform.engine.support.hierarchical.ThrowableCollector.execute(ThrowableCollector.java:73)
	at org.junit.platform.engine.support.hierarchical.NodeTestTask.executeRecursively(NodeTestTask.java:143)
	at org.junit.platform.engine.support.hierarchical.NodeTestTask.execute(NodeTestTask.java:100)
	at org.junit.platform.engine.support.hierarchical.SameThreadHierarchicalTestExecutorService.submit(SameThreadHierarchicalTestExecutorService.java:35)
	at org.junit.platform.engine.support.hierarchical.HierarchicalTestExecutor.execute(HierarchicalTestExecutor.java:57)
	at org.junit.platform.engine.support.hierarchical.HierarchicalTestEngine.execute(HierarchicalTestEngine.java:54)
	at org.junit.platform.launcher.core.EngineExecutionOrchestrator.execute(EngineExecutionOrchestrator.java:198)
	at org.junit.platform.launcher.core.EngineExecutionOrchestrator.execute(EngineExecutionOrchestrator.java:169)
	at org.junit.platform.launcher.core.EngineExecutionOrchestrator.execute(EngineExecutionOrchestrator.java:93)
	at org.junit.platform.launcher.core.EngineExecutionOrchestrator.lambda$execute$0(EngineExecutionOrchestrator.java:58)
	at org.junit.platform.launcher.core.EngineExecutionOrchestrator.withInterceptedStreams(EngineExecutionOrchestrator.java:141)
	at org.junit.platform.launcher.core.EngineExecutionOrchestrator.execute(EngineExecutionOrchestrator.java:57)
	at org.junit.platform.launcher.core.DefaultLauncher.execute(DefaultLauncher.java:103)
	at org.junit.platform.launcher.core.DefaultLauncher.execute(DefaultLauncher.java:85)
	at org.junit.platform.launcher.core.DelegatingLauncher.execute(DelegatingLauncher.java:47)
	at org.apache.maven.surefire.junitplatform.LazyLauncher.execute(LazyLauncher.java:56)
	at org.apache.maven.surefire.junitplatform.JUnitPlatformProvider.execute(JUnitPlatformProvider.java:184)
	at org.apache.maven.surefire.junitplatform.JUnitPlatformProvider.invokeAllTests(JUnitPlatformProvider.java:148)
	at org.apache.maven.surefire.junitplatform.JUnitPlatformProvider.invoke(JUnitPlatformProvider.java:122)
	at org.apache.maven.surefire.booter.ForkedBooter.runSuitesInProcess(ForkedBooter.java:385)
	at org.apache.maven.surefire.booter.ForkedBooter.execute(ForkedBooter.java:162)
	at org.apache.maven.surefire.booter.ForkedBooter.run(ForkedBooter.java:507)
	at org.apache.maven.surefire.booter.ForkedBooter.main(ForkedBooter.java:495)
15:17:19.475 [main] WARN com.tngtech.archunit.core.importer.ClassFileProcessor -- Error during import from jrt:/java.base/java/time/Instant.class, falling back to simple import
java.lang.IllegalArgumentException: Unsupported class file major version 68
	at com.tngtech.archunit.thirdparty.org.objectweb.asm.ClassReader.<init>(ClassReader.java:200)
	at com.tngtech.archunit.thirdparty.org.objectweb.asm.ClassReader.<init>(ClassReader.java:180)
	at com.tngtech.archunit.thirdparty.org.objectweb.asm.ClassReader.<init>(ClassReader.java:166)
	at com.tngtech.archunit.thirdparty.org.objectweb.asm.ClassReader.<init>(ClassReader.java:288)
	at com.tngtech.archunit.core.importer.ClassFileProcessor$UriImporterOfProcessor.tryImport(ClassFileProcessor.java:350)
	at com.tngtech.archunit.core.importer.resolvers.ClassResolverFromClasspath.tryResolve(ClassResolverFromClasspath.java:51)
	at com.tngtech.archunit.core.importer.ImportedClasses.resolve(ImportedClasses.java:80)
	at com.tngtech.archunit.core.importer.ImportedClasses.ensurePresent(ImportedClasses.java:75)
	at com.tngtech.archunit.core.importer.DependencyResolutionProcess.executeRun(DependencyResolutionProcess.java:146)
	at com.tngtech.archunit.core.importer.DependencyResolutionProcess.resolve(DependencyResolutionProcess.java:122)
	at com.tngtech.archunit.core.importer.ClassGraphCreator.complete(ClassGraphCreator.java:107)
	at com.tngtech.archunit.core.importer.ClassFileProcessor.process(ClassFileProcessor.java:75)
	at com.tngtech.archunit.core.importer.ClassFileImporter.importLocations(ClassFileImporter.java:325)
	at com.tngtech.archunit.junit.internal.ClassCache$CacheClassFileImporter.importClasses(ClassCache.java:126)
	at com.tngtech.archunit.junit.internal.ClassCache$LazyJavaClasses.initialize(ClassCache.java:118)
	at com.tngtech.archunit.junit.internal.ClassCache$LazyJavaClasses.get(ClassCache.java:107)
	at com.tngtech.archunit.junit.internal.ClassCache.getClassesToAnalyzeFor(ClassCache.java:84)
	at com.tngtech.archunit.junit.internal.ArchUnitTestDescriptor.lambda$createChildren$1(ArchUnitTestDescriptor.java:90)
	at com.tngtech.archunit.junit.internal.ArchUnitTestDescriptor$ArchUnitRuleDescriptor.execute(ArchUnitTestDescriptor.java:167)
	at com.tngtech.archunit.junit.internal.ArchUnitTestDescriptor$ArchUnitRuleDescriptor.execute(ArchUnitTestDescriptor.java:150)
	at org.junit.platform.engine.support.hierarchical.NodeTestTask.lambda$executeRecursively$6(NodeTestTask.java:156)
	at org.junit.platform.engine.support.hierarchical.ThrowableCollector.execute(ThrowableCollector.java:73)
	at org.junit.platform.engine.support.hierarchical.NodeTestTask.lambda$executeRecursively$8(NodeTestTask.java:146)
	at org.junit.platform.engine.support.hierarchical.Node.around(Node.java:137)
	at org.junit.platform.engine.support.hierarchical.NodeTestTask.lambda$executeRecursively$9(NodeTestTask.java:144)
	at org.junit.platform.engine.support.hierarchical.ThrowableCollector.execute(ThrowableCollector.java:73)
	at org.junit.platform.engine.support.hierarchical.NodeTestTask.executeRecursively(NodeTestTask.java:143)
	at org.junit.platform.engine.support.hierarchical.NodeTestTask.execute(NodeTestTask.java:100)
	at java.base/java.util.ArrayList.forEach(ArrayList.java:1604)
	at org.junit.platform.engine.support.hierarchical.SameThreadHierarchicalTestExecutorService.invokeAll(SameThreadHierarchicalTestExecutorService.java:41)
	at org.junit.platform.engine.support.hierarchical.NodeTestTask.lambda$executeRecursively$6(NodeTestTask.java:160)
	at org.junit.platform.engine.support.hierarchical.ThrowableCollector.execute(ThrowableCollector.java:73)
	at org.junit.platform.engine.support.hierarchical.NodeTestTask.lambda$executeRecursively$8(NodeTestTask.java:146)
	at org.junit.platform.engine.support.hierarchical.Node.around(Node.java:137)
	at org.junit.platform.engine.support.hierarchical.NodeTestTask.lambda$executeRecursively$9(NodeTestTask.java:144)
	at org.junit.platform.engine.support.hierarchical.ThrowableCollector.execute(ThrowableCollector.java:73)
	at org.junit.platform.engine.support.hierarchical.NodeTestTask.executeRecursively(NodeTestTask.java:143)
	at org.junit.platform.engine.support.hierarchical.NodeTestTask.execute(NodeTestTask.java:100)
	at java.base/java.util.ArrayList.forEach(ArrayList.java:1604)
	at org.junit.platform.engine.support.hierarchical.SameThreadHierarchicalTestExecutorService.invokeAll(SameThreadHierarchicalTestExecutorService.java:41)
	at org.junit.platform.engine.support.hierarchical.NodeTestTask.lambda$executeRecursively$6(NodeTestTask.java:160)
	at org.junit.platform.engine.support.hierarchical.ThrowableCollector.execute(ThrowableCollector.java:73)
	at org.junit.platform.engine.support.hierarchical.NodeTestTask.lambda$executeRecursively$8(NodeTestTask.java:146)
	at org.junit.platform.engine.support.hierarchical.Node.around(Node.java:137)
	at org.junit.platform.engine.support.hierarchical.NodeTestTask.lambda$executeRecursively$9(NodeTestTask.java:144)
	at org.junit.platform.engine.support.hierarchical.ThrowableCollector.execute(ThrowableCollector.java:73)
	at org.junit.platform.engine.support.hierarchical.NodeTestTask.executeRecursively(NodeTestTask.java:143)
	at org.junit.platform.engine.support.hierarchical.NodeTestTask.execute(NodeTestTask.java:100)
	at org.junit.platform.engine.support.hierarchical.SameThreadHierarchicalTestExecutorService.submit(SameThreadHierarchicalTestExecutorService.java:35)
	at org.junit.platform.engine.support.hierarchical.HierarchicalTestExecutor.execute(HierarchicalTestExecutor.java:57)
	at org.junit.platform.engine.support.hierarchical.HierarchicalTestEngine.execute(HierarchicalTestEngine.java:54)
	at org.junit.platform.launcher.core.EngineExecutionOrchestrator.execute(EngineExecutionOrchestrator.java:198)
	at org.junit.platform.launcher.core.EngineExecutionOrchestrator.execute(EngineExecutionOrchestrator.java:169)
	at org.junit.platform.launcher.core.EngineExecutionOrchestrator.execute(EngineExecutionOrchestrator.java:93)
	at org.junit.platform.launcher.core.EngineExecutionOrchestrator.lambda$execute$0(EngineExecutionOrchestrator.java:58)
	at org.junit.platform.launcher.core.EngineExecutionOrchestrator.withInterceptedStreams(EngineExecutionOrchestrator.java:141)
	at org.junit.platform.launcher.core.EngineExecutionOrchestrator.execute(EngineExecutionOrchestrator.java:57)
	at org.junit.platform.launcher.core.DefaultLauncher.execute(DefaultLauncher.java:103)
	at org.junit.platform.launcher.core.DefaultLauncher.execute(DefaultLauncher.java:85)
	at org.junit.platform.launcher.core.DelegatingLauncher.execute(DelegatingLauncher.java:47)
	at org.apache.maven.surefire.junitplatform.LazyLauncher.execute(LazyLauncher.java:56)
	at org.apache.maven.surefire.junitplatform.JUnitPlatformProvider.execute(JUnitPlatformProvider.java:184)
	at org.apache.maven.surefire.junitplatform.JUnitPlatformProvider.invokeAllTests(JUnitPlatformProvider.java:148)
	at org.apache.maven.surefire.junitplatform.JUnitPlatformProvider.invoke(JUnitPlatformProvider.java:122)
	at org.apache.maven.surefire.booter.ForkedBooter.runSuitesInProcess(ForkedBooter.java:385)
	at org.apache.maven.surefire.booter.ForkedBooter.execute(ForkedBooter.java:162)
	at org.apache.maven.surefire.booter.ForkedBooter.run(ForkedBooter.java:507)
	at org.apache.maven.surefire.booter.ForkedBooter.main(ForkedBooter.java:495)
15:17:19.478 [main] WARN com.tngtech.archunit.core.importer.ClassFileProcessor -- Error during import from jrt:/java.base/java/util/List.class, falling back to simple import
java.lang.IllegalArgumentException: Unsupported class file major version 68
	at com.tngtech.archunit.thirdparty.org.objectweb.asm.ClassReader.<init>(ClassReader.java:200)
	at com.tngtech.archunit.thirdparty.org.objectweb.asm.ClassReader.<init>(ClassReader.java:180)
	at com.tngtech.archunit.thirdparty.org.objectweb.asm.ClassReader.<init>(ClassReader.java:166)
	at com.tngtech.archunit.thirdparty.org.objectweb.asm.ClassReader.<init>(ClassReader.java:288)
	at com.tngtech.archunit.core.importer.ClassFileProcessor$UriImporterOfProcessor.tryImport(ClassFileProcessor.java:350)
	at com.tngtech.archunit.core.importer.resolvers.ClassResolverFromClasspath.tryResolve(ClassResolverFromClasspath.java:51)
	at com.tngtech.archunit.core.importer.ImportedClasses.resolve(ImportedClasses.java:80)
	at com.tngtech.archunit.core.importer.ImportedClasses.ensurePresent(ImportedClasses.java:75)
	at com.tngtech.archunit.core.importer.DependencyResolutionProcess.executeRun(DependencyResolutionProcess.java:146)
	at com.tngtech.archunit.core.importer.DependencyResolutionProcess.resolve(DependencyResolutionProcess.java:122)
	at com.tngtech.archunit.core.importer.ClassGraphCreator.complete(ClassGraphCreator.java:107)
	at com.tngtech.archunit.core.importer.ClassFileProcessor.process(ClassFileProcessor.java:75)
	at com.tngtech.archunit.core.importer.ClassFileImporter.importLocations(ClassFileImporter.java:325)
	at com.tngtech.archunit.junit.internal.ClassCache$CacheClassFileImporter.importClasses(ClassCache.java:126)
	at com.tngtech.archunit.junit.internal.ClassCache$LazyJavaClasses.initialize(ClassCache.java:118)
	at com.tngtech.archunit.junit.internal.ClassCache$LazyJavaClasses.get(ClassCache.java:107)
	at com.tngtech.archunit.junit.internal.ClassCache.getClassesToAnalyzeFor(ClassCache.java:84)
	at com.tngtech.archunit.junit.internal.ArchUnitTestDescriptor.lambda$createChildren$1(ArchUnitTestDescriptor.java:90)
	at com.tngtech.archunit.junit.internal.ArchUnitTestDescriptor$ArchUnitRuleDescriptor.execute(ArchUnitTestDescriptor.java:167)
	at com.tngtech.archunit.junit.internal.ArchUnitTestDescriptor$ArchUnitRuleDescriptor.execute(ArchUnitTestDescriptor.java:150)
	at org.junit.platform.engine.support.hierarchical.NodeTestTask.lambda$executeRecursively$6(NodeTestTask.java:156)
	at org.junit.platform.engine.support.hierarchical.ThrowableCollector.execute(ThrowableCollector.java:73)
	at org.junit.platform.engine.support.hierarchical.NodeTestTask.lambda$executeRecursively$8(NodeTestTask.java:146)
	at org.junit.platform.engine.support.hierarchical.Node.around(Node.java:137)
	at org.junit.platform.engine.support.hierarchical.NodeTestTask.lambda$executeRecursively$9(NodeTestTask.java:144)
	at org.junit.platform.engine.support.hierarchical.ThrowableCollector.execute(ThrowableCollector.java:73)
	at org.junit.platform.engine.support.hierarchical.NodeTestTask.executeRecursively(NodeTestTask.java:143)
	at org.junit.platform.engine.support.hierarchical.NodeTestTask.execute(NodeTestTask.java:100)
	at java.base/java.util.ArrayList.forEach(ArrayList.java:1604)
	at org.junit.platform.engine.support.hierarchical.SameThreadHierarchicalTestExecutorService.invokeAll(SameThreadHierarchicalTestExecutorService.java:41)
	at org.junit.platform.engine.support.hierarchical.NodeTestTask.lambda$executeRecursively$6(NodeTestTask.java:160)
	at org.junit.platform.engine.support.hierarchical.ThrowableCollector.execute(ThrowableCollector.java:73)
	at org.junit.platform.engine.support.hierarchical.NodeTestTask.lambda$executeRecursively$8(NodeTestTask.java:146)
	at org.junit.platform.engine.support.hierarchical.Node.around(Node.java:137)
	at org.junit.platform.engine.support.hierarchical.NodeTestTask.lambda$executeRecursively$9(NodeTestTask.java:144)
	at org.junit.platform.engine.support.hierarchical.ThrowableCollector.execute(ThrowableCollector.java:73)
	at org.junit.platform.engine.support.hierarchical.NodeTestTask.executeRecursively(NodeTestTask.java:143)
	at org.junit.platform.engine.support.hierarchical.NodeTestTask.execute(NodeTestTask.java:100)
	at java.base/java.util.ArrayList.forEach(ArrayList.java:1604)
	at org.junit.platform.engine.support.hierarchical.SameThreadHierarchicalTestExecutorService.invokeAll(SameThreadHierarchicalTestExecutorService.java:41)
	at org.junit.platform.engine.support.hierarchical.NodeTestTask.lambda$executeRecursively$6(NodeTestTask.java:160)
	at org.junit.platform.engine.support.hierarchical.ThrowableCollector.execute(ThrowableCollector.java:73)
	at org.junit.platform.engine.support.hierarchical.NodeTestTask.lambda$executeRecursively$8(NodeTestTask.java:146)
	at org.junit.platform.engine.support.hierarchical.Node.around(Node.java:137)
	at org.junit.platform.engine.support.hierarchical.NodeTestTask.lambda$executeRecursively$9(NodeTestTask.java:144)
	at org.junit.platform.engine.support.hierarchical.ThrowableCollector.execute(ThrowableCollector.java:73)
	at org.junit.platform.engine.support.hierarchical.NodeTestTask.executeRecursively(NodeTestTask.java:143)
	at org.junit.platform.engine.support.hierarchical.NodeTestTask.execute(NodeTestTask.java:100)
	at org.junit.platform.engine.support.hierarchical.SameThreadHierarchicalTestExecutorService.submit(SameThreadHierarchicalTestExecutorService.java:35)
	at org.junit.platform.engine.support.hierarchical.HierarchicalTestExecutor.execute(HierarchicalTestExecutor.java:57)
	at org.junit.platform.engine.support.hierarchical.HierarchicalTestEngine.execute(HierarchicalTestEngine.java:54)
	at org.junit.platform.launcher.core.EngineExecutionOrchestrator.execute(EngineExecutionOrchestrator.java:198)
	at org.junit.platform.launcher.core.EngineExecutionOrchestrator.execute(EngineExecutionOrchestrator.java:169)
	at org.junit.platform.launcher.core.EngineExecutionOrchestrator.execute(EngineExecutionOrchestrator.java:93)
	at org.junit.platform.launcher.core.EngineExecutionOrchestrator.lambda$execute$0(EngineExecutionOrchestrator.java:58)
	at org.junit.platform.launcher.core.EngineExecutionOrchestrator.withInterceptedStreams(EngineExecutionOrchestrator.java:141)
	at org.junit.platform.launcher.core.EngineExecutionOrchestrator.execute(EngineExecutionOrchestrator.java:57)
	at org.junit.platform.launcher.core.DefaultLauncher.execute(DefaultLauncher.java:103)
	at org.junit.platform.launcher.core.DefaultLauncher.execute(DefaultLauncher.java:85)
	at org.junit.platform.launcher.core.DelegatingLauncher.execute(DelegatingLauncher.java:47)
	at org.apache.maven.surefire.junitplatform.LazyLauncher.execute(LazyLauncher.java:56)
	at org.apache.maven.surefire.junitplatform.JUnitPlatformProvider.execute(JUnitPlatformProvider.java:184)
	at org.apache.maven.surefire.junitplatform.JUnitPlatformProvider.invokeAllTests(JUnitPlatformProvider.java:148)
	at org.apache.maven.surefire.junitplatform.JUnitPlatformProvider.invoke(JUnitPlatformProvider.java:122)
	at org.apache.maven.surefire.booter.ForkedBooter.runSuitesInProcess(ForkedBooter.java:385)
	at org.apache.maven.surefire.booter.ForkedBooter.execute(ForkedBooter.java:162)
	at org.apache.maven.surefire.booter.ForkedBooter.run(ForkedBooter.java:507)
	at org.apache.maven.surefire.booter.ForkedBooter.main(ForkedBooter.java:495)
15:17:19.481 [main] WARN com.tngtech.archunit.core.importer.ClassFileProcessor -- Error during import from jrt:/java.base/java/time/LocalDate.class, falling back to simple import
java.lang.IllegalArgumentException: Unsupported class file major version 68
	at com.tngtech.archunit.thirdparty.org.objectweb.asm.ClassReader.<init>(ClassReader.java:200)
	at com.tngtech.archunit.thirdparty.org.objectweb.asm.ClassReader.<init>(ClassReader.java:180)
	at com.tngtech.archunit.thirdparty.org.objectweb.asm.ClassReader.<init>(ClassReader.java:166)
	at com.tngtech.archunit.thirdparty.org.objectweb.asm.ClassReader.<init>(ClassReader.java:288)
	at com.tngtech.archunit.core.importer.ClassFileProcessor$UriImporterOfProcessor.tryImport(ClassFileProcessor.java:350)
	at com.tngtech.archunit.core.importer.resolvers.ClassResolverFromClasspath.tryResolve(ClassResolverFromClasspath.java:51)
	at com.tngtech.archunit.core.importer.ImportedClasses.resolve(ImportedClasses.java:80)
	at com.tngtech.archunit.core.importer.ImportedClasses.ensurePresent(ImportedClasses.java:75)
	at com.tngtech.archunit.core.importer.DependencyResolutionProcess.executeRun(DependencyResolutionProcess.java:146)
	at com.tngtech.archunit.core.importer.DependencyResolutionProcess.resolve(DependencyResolutionProcess.java:122)
	at com.tngtech.archunit.core.importer.ClassGraphCreator.complete(ClassGraphCreator.java:107)
	at com.tngtech.archunit.core.importer.ClassFileProcessor.process(ClassFileProcessor.java:75)
	at com.tngtech.archunit.core.importer.ClassFileImporter.importLocations(ClassFileImporter.java:325)
	at com.tngtech.archunit.junit.internal.ClassCache$CacheClassFileImporter.importClasses(ClassCache.java:126)
	at com.tngtech.archunit.junit.internal.ClassCache$LazyJavaClasses.initialize(ClassCache.java:118)
	at com.tngtech.archunit.junit.internal.ClassCache$LazyJavaClasses.get(ClassCache.java:107)
	at com.tngtech.archunit.junit.internal.ClassCache.getClassesToAnalyzeFor(ClassCache.java:84)
	at com.tngtech.archunit.junit.internal.ArchUnitTestDescriptor.lambda$createChildren$1(ArchUnitTestDescriptor.java:90)
	at com.tngtech.archunit.junit.internal.ArchUnitTestDescriptor$ArchUnitRuleDescriptor.execute(ArchUnitTestDescriptor.java:167)
	at com.tngtech.archunit.junit.internal.ArchUnitTestDescriptor$ArchUnitRuleDescriptor.execute(ArchUnitTestDescriptor.java:150)
	at org.junit.platform.engine.support.hierarchical.NodeTestTask.lambda$executeRecursively$6(NodeTestTask.java:156)
	at org.junit.platform.engine.support.hierarchical.ThrowableCollector.execute(ThrowableCollector.java:73)
	at org.junit.platform.engine.support.hierarchical.NodeTestTask.lambda$executeRecursively$8(NodeTestTask.java:146)
	at org.junit.platform.engine.support.hierarchical.Node.around(Node.java:137)
	at org.junit.platform.engine.support.hierarchical.NodeTestTask.lambda$executeRecursively$9(NodeTestTask.java:144)
	at org.junit.platform.engine.support.hierarchical.ThrowableCollector.execute(ThrowableCollector.java:73)
	at org.junit.platform.engine.support.hierarchical.NodeTestTask.executeRecursively(NodeTestTask.java:143)
	at org.junit.platform.engine.support.hierarchical.NodeTestTask.execute(NodeTestTask.java:100)
	at java.base/java.util.ArrayList.forEach(ArrayList.java:1604)
	at org.junit.platform.engine.support.hierarchical.SameThreadHierarchicalTestExecutorService.invokeAll(SameThreadHierarchicalTestExecutorService.java:41)
	at org.junit.platform.engine.support.hierarchical.NodeTestTask.lambda$executeRecursively$6(NodeTestTask.java:160)
	at org.junit.platform.engine.support.hierarchical.ThrowableCollector.execute(ThrowableCollector.java:73)
	at org.junit.platform.engine.support.hierarchical.NodeTestTask.lambda$executeRecursively$8(NodeTestTask.java:146)
	at org.junit.platform.engine.support.hierarchical.Node.around(Node.java:137)
	at org.junit.platform.engine.support.hierarchical.NodeTestTask.lambda$executeRecursively$9(NodeTestTask.java:144)
	at org.junit.platform.engine.support.hierarchical.ThrowableCollector.execute(ThrowableCollector.java:73)
	at org.junit.platform.engine.support.hierarchical.NodeTestTask.executeRecursively(NodeTestTask.java:143)
	at org.junit.platform.engine.support.hierarchical.NodeTestTask.execute(NodeTestTask.java:100)
	at java.base/java.util.ArrayList.forEach(ArrayList.java:1604)
	at org.junit.platform.engine.support.hierarchical.SameThreadHierarchicalTestExecutorService.invokeAll(SameThreadHierarchicalTestExecutorService.java:41)
	at org.junit.platform.engine.support.hierarchical.NodeTestTask.lambda$executeRecursively$6(NodeTestTask.java:160)
	at org.junit.platform.engine.support.hierarchical.ThrowableCollector.execute(ThrowableCollector.java:73)
	at org.junit.platform.engine.support.hierarchical.NodeTestTask.lambda$executeRecursively$8(NodeTestTask.java:146)
	at org.junit.platform.engine.support.hierarchical.Node.around(Node.java:137)
	at org.junit.platform.engine.support.hierarchical.NodeTestTask.lambda$executeRecursively$9(NodeTestTask.java:144)
	at org.junit.platform.engine.support.hierarchical.ThrowableCollector.execute(ThrowableCollector.java:73)
	at org.junit.platform.engine.support.hierarchical.NodeTestTask.executeRecursively(NodeTestTask.java:143)
	at org.junit.platform.engine.support.hierarchical.NodeTestTask.execute(NodeTestTask.java:100)
	at org.junit.platform.engine.support.hierarchical.SameThreadHierarchicalTestExecutorService.submit(SameThreadHierarchicalTestExecutorService.java:35)
	at org.junit.platform.engine.support.hierarchical.HierarchicalTestExecutor.execute(HierarchicalTestExecutor.java:57)
	at org.junit.platform.engine.support.hierarchical.HierarchicalTestEngine.execute(HierarchicalTestEngine.java:54)
	at org.junit.platform.launcher.core.EngineExecutionOrchestrator.execute(EngineExecutionOrchestrator.java:198)
	at org.junit.platform.launcher.core.EngineExecutionOrchestrator.execute(EngineExecutionOrchestrator.java:169)
	at org.junit.platform.launcher.core.EngineExecutionOrchestrator.execute(EngineExecutionOrchestrator.java:93)
	at org.junit.platform.launcher.core.EngineExecutionOrchestrator.lambda$execute$0(EngineExecutionOrchestrator.java:58)
	at org.junit.platform.launcher.core.EngineExecutionOrchestrator.withInterceptedStreams(EngineExecutionOrchestrator.java:141)
	at org.junit.platform.launcher.core.EngineExecutionOrchestrator.execute(EngineExecutionOrchestrator.java:57)
	at org.junit.platform.launcher.core.DefaultLauncher.execute(DefaultLauncher.java:103)
	at org.junit.platform.launcher.core.DefaultLauncher.execute(DefaultLauncher.java:85)
	at org.junit.platform.launcher.core.DelegatingLauncher.execute(DelegatingLauncher.java:47)
	at org.apache.maven.surefire.junitplatform.LazyLauncher.execute(LazyLauncher.java:56)
	at org.apache.maven.surefire.junitplatform.JUnitPlatformProvider.execute(JUnitPlatformProvider.java:184)
	at org.apache.maven.surefire.junitplatform.JUnitPlatformProvider.invokeAllTests(JUnitPlatformProvider.java:148)
	at org.apache.maven.surefire.junitplatform.JUnitPlatformProvider.invoke(JUnitPlatformProvider.java:122)
	at org.apache.maven.surefire.booter.ForkedBooter.runSuitesInProcess(ForkedBooter.java:385)
	at org.apache.maven.surefire.booter.ForkedBooter.execute(ForkedBooter.java:162)
	at org.apache.maven.surefire.booter.ForkedBooter.run(ForkedBooter.java:507)
	at org.apache.maven.surefire.booter.ForkedBooter.main(ForkedBooter.java:495)
15:17:19.486 [main] WARN com.tngtech.archunit.core.importer.ClassFileProcessor -- Error during import from jrt:/java.base/java/util/Optional.class, falling back to simple import
java.lang.IllegalArgumentException: Unsupported class file major version 68
	at com.tngtech.archunit.thirdparty.org.objectweb.asm.ClassReader.<init>(ClassReader.java:200)
	at com.tngtech.archunit.thirdparty.org.objectweb.asm.ClassReader.<init>(ClassReader.java:180)
	at com.tngtech.archunit.thirdparty.org.objectweb.asm.ClassReader.<init>(ClassReader.java:166)
	at com.tngtech.archunit.thirdparty.org.objectweb.asm.ClassReader.<init>(ClassReader.java:288)
	at com.tngtech.archunit.core.importer.ClassFileProcessor$UriImporterOfProcessor.tryImport(ClassFileProcessor.java:350)
	at com.tngtech.archunit.core.importer.resolvers.ClassResolverFromClasspath.tryResolve(ClassResolverFromClasspath.java:51)
	at com.tngtech.archunit.core.importer.ImportedClasses.resolve(ImportedClasses.java:80)
	at com.tngtech.archunit.core.importer.ImportedClasses.ensurePresent(ImportedClasses.java:75)
	at com.tngtech.archunit.core.importer.DependencyResolutionProcess.executeRun(DependencyResolutionProcess.java:146)
	at com.tngtech.archunit.core.importer.DependencyResolutionProcess.resolve(DependencyResolutionProcess.java:122)
	at com.tngtech.archunit.core.importer.ClassGraphCreator.complete(ClassGraphCreator.java:107)
	at com.tngtech.archunit.core.importer.ClassFileProcessor.process(ClassFileProcessor.java:75)
	at com.tngtech.archunit.core.importer.ClassFileImporter.importLocations(ClassFileImporter.java:325)
	at com.tngtech.archunit.junit.internal.ClassCache$CacheClassFileImporter.importClasses(ClassCache.java:126)
	at com.tngtech.archunit.junit.internal.ClassCache$LazyJavaClasses.initialize(ClassCache.java:118)
	at com.tngtech.archunit.junit.internal.ClassCache$LazyJavaClasses.get(ClassCache.java:107)
	at com.tngtech.archunit.junit.internal.ClassCache.getClassesToAnalyzeFor(ClassCache.java:84)
	at com.tngtech.archunit.junit.internal.ArchUnitTestDescriptor.lambda$createChildren$1(ArchUnitTestDescriptor.java:90)
	at com.tngtech.archunit.junit.internal.ArchUnitTestDescriptor$ArchUnitRuleDescriptor.execute(ArchUnitTestDescriptor.java:167)
	at com.tngtech.archunit.junit.internal.ArchUnitTestDescriptor$ArchUnitRuleDescriptor.execute(ArchUnitTestDescriptor.java:150)
	at org.junit.platform.engine.support.hierarchical.NodeTestTask.lambda$executeRecursively$6(NodeTestTask.java:156)
	at org.junit.platform.engine.support.hierarchical.ThrowableCollector.execute(ThrowableCollector.java:73)
	at org.junit.platform.engine.support.hierarchical.NodeTestTask.lambda$executeRecursively$8(NodeTestTask.java:146)
	at org.junit.platform.engine.support.hierarchical.Node.around(Node.java:137)
	at org.junit.platform.engine.support.hierarchical.NodeTestTask.lambda$executeRecursively$9(NodeTestTask.java:144)
	at org.junit.platform.engine.support.hierarchical.ThrowableCollector.execute(ThrowableCollector.java:73)
	at org.junit.platform.engine.support.hierarchical.NodeTestTask.executeRecursively(NodeTestTask.java:143)
	at org.junit.platform.engine.support.hierarchical.NodeTestTask.execute(NodeTestTask.java:100)
	at java.base/java.util.ArrayList.forEach(ArrayList.java:1604)
	at org.junit.platform.engine.support.hierarchical.SameThreadHierarchicalTestExecutorService.invokeAll(SameThreadHierarchicalTestExecutorService.java:41)
	at org.junit.platform.engine.support.hierarchical.NodeTestTask.lambda$executeRecursively$6(NodeTestTask.java:160)
	at org.junit.platform.engine.support.hierarchical.ThrowableCollector.execute(ThrowableCollector.java:73)
	at org.junit.platform.engine.support.hierarchical.NodeTestTask.lambda$executeRecursively$8(NodeTestTask.java:146)
	at org.junit.platform.engine.support.hierarchical.Node.around(Node.java:137)
	at org.junit.platform.engine.support.hierarchical.NodeTestTask.lambda$executeRecursively$9(NodeTestTask.java:144)
	at org.junit.platform.engine.support.hierarchical.ThrowableCollector.execute(ThrowableCollector.java:73)
	at org.junit.platform.engine.support.hierarchical.NodeTestTask.executeRecursively(NodeTestTask.java:143)
	at org.junit.platform.engine.support.hierarchical.NodeTestTask.execute(NodeTestTask.java:100)
	at java.base/java.util.ArrayList.forEach(ArrayList.java:1604)
	at org.junit.platform.engine.support.hierarchical.SameThreadHierarchicalTestExecutorService.invokeAll(SameThreadHierarchicalTestExecutorService.java:41)
	at org.junit.platform.engine.support.hierarchical.NodeTestTask.lambda$executeRecursively$6(NodeTestTask.java:160)
	at org.junit.platform.engine.support.hierarchical.ThrowableCollector.execute(ThrowableCollector.java:73)
	at org.junit.platform.engine.support.hierarchical.NodeTestTask.lambda$executeRecursively$8(NodeTestTask.java:146)
	at org.junit.platform.engine.support.hierarchical.Node.around(Node.java:137)
	at org.junit.platform.engine.support.hierarchical.NodeTestTask.lambda$executeRecursively$9(NodeTestTask.java:144)
	at org.junit.platform.engine.support.hierarchical.ThrowableCollector.execute(ThrowableCollector.java:73)
	at org.junit.platform.engine.support.hierarchical.NodeTestTask.executeRecursively(NodeTestTask.java:143)
	at org.junit.platform.engine.support.hierarchical.NodeTestTask.execute(NodeTestTask.java:100)
	at org.junit.platform.engine.support.hierarchical.SameThreadHierarchicalTestExecutorService.submit(SameThreadHierarchicalTestExecutorService.java:35)
	at org.junit.platform.engine.support.hierarchical.HierarchicalTestExecutor.execute(HierarchicalTestExecutor.java:57)
	at org.junit.platform.engine.support.hierarchical.HierarchicalTestEngine.execute(HierarchicalTestEngine.java:54)
	at org.junit.platform.launcher.core.EngineExecutionOrchestrator.execute(EngineExecutionOrchestrator.java:198)
	at org.junit.platform.launcher.core.EngineExecutionOrchestrator.execute(EngineExecutionOrchestrator.java:169)
	at org.junit.platform.launcher.core.EngineExecutionOrchestrator.execute(EngineExecutionOrchestrator.java:93)
	at org.junit.platform.launcher.core.EngineExecutionOrchestrator.lambda$execute$0(EngineExecutionOrchestrator.java:58)
	at org.junit.platform.launcher.core.EngineExecutionOrchestrator.withInterceptedStreams(EngineExecutionOrchestrator.java:141)
	at org.junit.platform.launcher.core.EngineExecutionOrchestrator.execute(EngineExecutionOrchestrator.java:57)
	at org.junit.platform.launcher.core.DefaultLauncher.execute(DefaultLauncher.java:103)
	at org.junit.platform.launcher.core.DefaultLauncher.execute(DefaultLauncher.java:85)
	at org.junit.platform.launcher.core.DelegatingLauncher.execute(DelegatingLauncher.java:47)
	at org.apache.maven.surefire.junitplatform.LazyLauncher.execute(LazyLauncher.java:56)
	at org.apache.maven.surefire.junitplatform.JUnitPlatformProvider.execute(JUnitPlatformProvider.java:184)
	at org.apache.maven.surefire.junitplatform.JUnitPlatformProvider.invokeAllTests(JUnitPlatformProvider.java:148)
	at org.apache.maven.surefire.junitplatform.JUnitPlatformProvider.invoke(JUnitPlatformProvider.java:122)
	at org.apache.maven.surefire.booter.ForkedBooter.runSuitesInProcess(ForkedBooter.java:385)
	at org.apache.maven.surefire.booter.ForkedBooter.execute(ForkedBooter.java:162)
	at org.apache.maven.surefire.booter.ForkedBooter.run(ForkedBooter.java:507)
	at org.apache.maven.surefire.booter.ForkedBooter.main(ForkedBooter.java:495)
15:17:19.492 [main] WARN com.tngtech.archunit.core.importer.ClassFileProcessor -- Error during import from jrt:/java.base/java/lang/invoke/SerializedLambda.class, falling back to simple import
java.lang.IllegalArgumentException: Unsupported class file major version 68
	at com.tngtech.archunit.thirdparty.org.objectweb.asm.ClassReader.<init>(ClassReader.java:200)
	at com.tngtech.archunit.thirdparty.org.objectweb.asm.ClassReader.<init>(ClassReader.java:180)
	at com.tngtech.archunit.thirdparty.org.objectweb.asm.ClassReader.<init>(ClassReader.java:166)
	at com.tngtech.archunit.thirdparty.org.objectweb.asm.ClassReader.<init>(ClassReader.java:288)
	at com.tngtech.archunit.core.importer.ClassFileProcessor$UriImporterOfProcessor.tryImport(ClassFileProcessor.java:350)
	at com.tngtech.archunit.core.importer.resolvers.ClassResolverFromClasspath.tryResolve(ClassResolverFromClasspath.java:51)
	at com.tngtech.archunit.core.importer.ImportedClasses.resolve(ImportedClasses.java:80)
	at com.tngtech.archunit.core.importer.ImportedClasses.ensurePresent(ImportedClasses.java:75)
	at com.tngtech.archunit.core.importer.DependencyResolutionProcess.executeRun(DependencyResolutionProcess.java:146)
	at com.tngtech.archunit.core.importer.DependencyResolutionProcess.resolve(DependencyResolutionProcess.java:122)
	at com.tngtech.archunit.core.importer.ClassGraphCreator.complete(ClassGraphCreator.java:107)
	at com.tngtech.archunit.core.importer.ClassFileProcessor.process(ClassFileProcessor.java:75)
	at com.tngtech.archunit.core.importer.ClassFileImporter.importLocations(ClassFileImporter.java:325)
	at com.tngtech.archunit.junit.internal.ClassCache$CacheClassFileImporter.importClasses(ClassCache.java:126)
	at com.tngtech.archunit.junit.internal.ClassCache$LazyJavaClasses.initialize(ClassCache.java:118)
	at com.tngtech.archunit.junit.internal.ClassCache$LazyJavaClasses.get(ClassCache.java:107)
	at com.tngtech.archunit.junit.internal.ClassCache.getClassesToAnalyzeFor(ClassCache.java:84)
	at com.tngtech.archunit.junit.internal.ArchUnitTestDescriptor.lambda$createChildren$1(ArchUnitTestDescriptor.java:90)
	at com.tngtech.archunit.junit.internal.ArchUnitTestDescriptor$ArchUnitRuleDescriptor.execute(ArchUnitTestDescriptor.java:167)
	at com.tngtech.archunit.junit.internal.ArchUnitTestDescriptor$ArchUnitRuleDescriptor.execute(ArchUnitTestDescriptor.java:150)
	at org.junit.platform.engine.support.hierarchical.NodeTestTask.lambda$executeRecursively$6(NodeTestTask.java:156)
	at org.junit.platform.engine.support.hierarchical.ThrowableCollector.execute(ThrowableCollector.java:73)
	at org.junit.platform.engine.support.hierarchical.NodeTestTask.lambda$executeRecursively$8(NodeTestTask.java:146)
	at org.junit.platform.engine.support.hierarchical.Node.around(Node.java:137)
	at org.junit.platform.engine.support.hierarchical.NodeTestTask.lambda$executeRecursively$9(NodeTestTask.java:144)
	at org.junit.platform.engine.support.hierarchical.ThrowableCollector.execute(ThrowableCollector.java:73)
	at org.junit.platform.engine.support.hierarchical.NodeTestTask.executeRecursively(NodeTestTask.java:143)
	at org.junit.platform.engine.support.hierarchical.NodeTestTask.execute(NodeTestTask.java:100)
	at java.base/java.util.ArrayList.forEach(ArrayList.java:1604)
	at org.junit.platform.engine.support.hierarchical.SameThreadHierarchicalTestExecutorService.invokeAll(SameThreadHierarchicalTestExecutorService.java:41)
	at org.junit.platform.engine.support.hierarchical.NodeTestTask.lambda$executeRecursively$6(NodeTestTask.java:160)
	at org.junit.platform.engine.support.hierarchical.ThrowableCollector.execute(ThrowableCollector.java:73)
	at org.junit.platform.engine.support.hierarchical.NodeTestTask.lambda$executeRecursively$8(NodeTestTask.java:146)
	at org.junit.platform.engine.support.hierarchical.Node.around(Node.java:137)
	at org.junit.platform.engine.support.hierarchical.NodeTestTask.lambda$executeRecursively$9(NodeTestTask.java:144)
	at org.junit.platform.engine.support.hierarchical.ThrowableCollector.execute(ThrowableCollector.java:73)
	at org.junit.platform.engine.support.hierarchical.NodeTestTask.executeRecursively(NodeTestTask.java:143)
	at org.junit.platform.engine.support.hierarchical.NodeTestTask.execute(NodeTestTask.java:100)
	at java.base/java.util.ArrayList.forEach(ArrayList.java:1604)
	at org.junit.platform.engine.support.hierarchical.SameThreadHierarchicalTestExecutorService.invokeAll(SameThreadHierarchicalTestExecutorService.java:41)
	at org.junit.platform.engine.support.hierarchical.NodeTestTask.lambda$executeRecursively$6(NodeTestTask.java:160)
	at org.junit.platform.engine.support.hierarchical.ThrowableCollector.execute(ThrowableCollector.java:73)
	at org.junit.platform.engine.support.hierarchical.NodeTestTask.lambda$executeRecursively$8(NodeTestTask.java:146)
	at org.junit.platform.engine.support.hierarchical.Node.around(Node.java:137)
	at org.junit.platform.engine.support.hierarchical.NodeTestTask.lambda$executeRecursively$9(NodeTestTask.java:144)
	at org.junit.platform.engine.support.hierarchical.ThrowableCollector.execute(ThrowableCollector.java:73)
	at org.junit.platform.engine.support.hierarchical.NodeTestTask.executeRecursively(NodeTestTask.java:143)
	at org.junit.platform.engine.support.hierarchical.NodeTestTask.execute(NodeTestTask.java:100)
	at org.junit.platform.engine.support.hierarchical.SameThreadHierarchicalTestExecutorService.submit(SameThreadHierarchicalTestExecutorService.java:35)
	at org.junit.platform.engine.support.hierarchical.HierarchicalTestExecutor.execute(HierarchicalTestExecutor.java:57)
	at org.junit.platform.engine.support.hierarchical.HierarchicalTestEngine.execute(HierarchicalTestEngine.java:54)
	at org.junit.platform.launcher.core.EngineExecutionOrchestrator.execute(EngineExecutionOrchestrator.java:198)
	at org.junit.platform.launcher.core.EngineExecutionOrchestrator.execute(EngineExecutionOrchestrator.java:169)
	at org.junit.platform.launcher.core.EngineExecutionOrchestrator.execute(EngineExecutionOrchestrator.java:93)
	at org.junit.platform.launcher.core.EngineExecutionOrchestrator.lambda$execute$0(EngineExecutionOrchestrator.java:58)
	at org.junit.platform.launcher.core.EngineExecutionOrchestrator.withInterceptedStreams(EngineExecutionOrchestrator.java:141)
	at org.junit.platform.launcher.core.EngineExecutionOrchestrator.execute(EngineExecutionOrchestrator.java:57)
	at org.junit.platform.launcher.core.DefaultLauncher.execute(DefaultLauncher.java:103)
	at org.junit.platform.launcher.core.DefaultLauncher.execute(DefaultLauncher.java:85)
	at org.junit.platform.launcher.core.DelegatingLauncher.execute(DelegatingLauncher.java:47)
	at org.apache.maven.surefire.junitplatform.LazyLauncher.execute(LazyLauncher.java:56)
	at org.apache.maven.surefire.junitplatform.JUnitPlatformProvider.execute(JUnitPlatformProvider.java:184)
	at org.apache.maven.surefire.junitplatform.JUnitPlatformProvider.invokeAllTests(JUnitPlatformProvider.java:148)
	at org.apache.maven.surefire.junitplatform.JUnitPlatformProvider.invoke(JUnitPlatformProvider.java:122)
	at org.apache.maven.surefire.booter.ForkedBooter.runSuitesInProcess(ForkedBooter.java:385)
	at org.apache.maven.surefire.booter.ForkedBooter.execute(ForkedBooter.java:162)
	at org.apache.maven.surefire.booter.ForkedBooter.run(ForkedBooter.java:507)
	at org.apache.maven.surefire.booter.ForkedBooter.main(ForkedBooter.java:495)
15:17:19.509 [main] WARN com.tngtech.archunit.core.importer.ClassFileProcessor -- Error during import from jrt:/java.base/java/lang/IllegalArgumentException.class, falling back to simple import
java.lang.IllegalArgumentException: Unsupported class file major version 68
	at com.tngtech.archunit.thirdparty.org.objectweb.asm.ClassReader.<init>(ClassReader.java:200)
	at com.tngtech.archunit.thirdparty.org.objectweb.asm.ClassReader.<init>(ClassReader.java:180)
	at com.tngtech.archunit.thirdparty.org.objectweb.asm.ClassReader.<init>(ClassReader.java:166)
	at com.tngtech.archunit.thirdparty.org.objectweb.asm.ClassReader.<init>(ClassReader.java:288)
	at com.tngtech.archunit.core.importer.ClassFileProcessor$UriImporterOfProcessor.tryImport(ClassFileProcessor.java:350)
	at com.tngtech.archunit.core.importer.resolvers.ClassResolverFromClasspath.tryResolve(ClassResolverFromClasspath.java:51)
	at com.tngtech.archunit.core.importer.ImportedClasses.resolve(ImportedClasses.java:80)
	at com.tngtech.archunit.core.importer.ImportedClasses.ensurePresent(ImportedClasses.java:75)
	at com.tngtech.archunit.core.importer.DependencyResolutionProcess.executeRun(DependencyResolutionProcess.java:146)
	at com.tngtech.archunit.core.importer.DependencyResolutionProcess.resolve(DependencyResolutionProcess.java:122)
	at com.tngtech.archunit.core.importer.ClassGraphCreator.complete(ClassGraphCreator.java:107)
	at com.tngtech.archunit.core.importer.ClassFileProcessor.process(ClassFileProcessor.java:75)
	at com.tngtech.archunit.core.importer.ClassFileImporter.importLocations(ClassFileImporter.java:325)
	at com.tngtech.archunit.junit.internal.ClassCache$CacheClassFileImporter.importClasses(ClassCache.java:126)
	at com.tngtech.archunit.junit.internal.ClassCache$LazyJavaClasses.initialize(ClassCache.java:118)
	at com.tngtech.archunit.junit.internal.ClassCache$LazyJavaClasses.get(ClassCache.java:107)
	at com.tngtech.archunit.junit.internal.ClassCache.getClassesToAnalyzeFor(ClassCache.java:84)
	at com.tngtech.archunit.junit.internal.ArchUnitTestDescriptor.lambda$createChildren$1(ArchUnitTestDescriptor.java:90)
	at com.tngtech.archunit.junit.internal.ArchUnitTestDescriptor$ArchUnitRuleDescriptor.execute(ArchUnitTestDescriptor.java:167)
	at com.tngtech.archunit.junit.internal.ArchUnitTestDescriptor$ArchUnitRuleDescriptor.execute(ArchUnitTestDescriptor.java:150)
	at org.junit.platform.engine.support.hierarchical.NodeTestTask.lambda$executeRecursively$6(NodeTestTask.java:156)
	at org.junit.platform.engine.support.hierarchical.ThrowableCollector.execute(ThrowableCollector.java:73)
	at org.junit.platform.engine.support.hierarchical.NodeTestTask.lambda$executeRecursively$8(NodeTestTask.java:146)
	at org.junit.platform.engine.support.hierarchical.Node.around(Node.java:137)
	at org.junit.platform.engine.support.hierarchical.NodeTestTask.lambda$executeRecursively$9(NodeTestTask.java:144)
	at org.junit.platform.engine.support.hierarchical.ThrowableCollector.execute(ThrowableCollector.java:73)
	at org.junit.platform.engine.support.hierarchical.NodeTestTask.executeRecursively(NodeTestTask.java:143)
	at org.junit.platform.engine.support.hierarchical.NodeTestTask.execute(NodeTestTask.java:100)
	at java.base/java.util.ArrayList.forEach(ArrayList.java:1604)
	at org.junit.platform.engine.support.hierarchical.SameThreadHierarchicalTestExecutorService.invokeAll(SameThreadHierarchicalTestExecutorService.java:41)
	at org.junit.platform.engine.support.hierarchical.NodeTestTask.lambda$executeRecursively$6(NodeTestTask.java:160)
	at org.junit.platform.engine.support.hierarchical.ThrowableCollector.execute(ThrowableCollector.java:73)
	at org.junit.platform.engine.support.hierarchical.NodeTestTask.lambda$executeRecursively$8(NodeTestTask.java:146)
	at org.junit.platform.engine.support.hierarchical.Node.around(Node.java:137)
	at org.junit.platform.engine.support.hierarchical.NodeTestTask.lambda$executeRecursively$9(NodeTestTask.java:144)
	at org.junit.platform.engine.support.hierarchical.ThrowableCollector.execute(ThrowableCollector.java:73)
	at org.junit.platform.engine.support.hierarchical.NodeTestTask.executeRecursively(NodeTestTask.java:143)
	at org.junit.platform.engine.support.hierarchical.NodeTestTask.execute(NodeTestTask.java:100)
	at java.base/java.util.ArrayList.forEach(ArrayList.java:1604)
	at org.junit.platform.engine.support.hierarchical.SameThreadHierarchicalTestExecutorService.invokeAll(SameThreadHierarchicalTestExecutorService.java:41)
	at org.junit.platform.engine.support.hierarchical.NodeTestTask.lambda$executeRecursively$6(NodeTestTask.java:160)
	at org.junit.platform.engine.support.hierarchical.ThrowableCollector.execute(ThrowableCollector.java:73)
	at org.junit.platform.engine.support.hierarchical.NodeTestTask.lambda$executeRecursively$8(NodeTestTask.java:146)
	at org.junit.platform.engine.support.hierarchical.Node.around(Node.java:137)
	at org.junit.platform.engine.support.hierarchical.NodeTestTask.lambda$executeRecursively$9(NodeTestTask.java:144)
	at org.junit.platform.engine.support.hierarchical.ThrowableCollector.execute(ThrowableCollector.java:73)
	at org.junit.platform.engine.support.hierarchical.NodeTestTask.executeRecursively(NodeTestTask.java:143)
	at org.junit.platform.engine.support.hierarchical.NodeTestTask.execute(NodeTestTask.java:100)
	at org.junit.platform.engine.support.hierarchical.SameThreadHierarchicalTestExecutorService.submit(SameThreadHierarchicalTestExecutorService.java:35)
	at org.junit.platform.engine.support.hierarchical.HierarchicalTestExecutor.execute(HierarchicalTestExecutor.java:57)
	at org.junit.platform.engine.support.hierarchical.HierarchicalTestEngine.execute(HierarchicalTestEngine.java:54)
	at org.junit.platform.launcher.core.EngineExecutionOrchestrator.execute(EngineExecutionOrchestrator.java:198)
	at org.junit.platform.launcher.core.EngineExecutionOrchestrator.execute(EngineExecutionOrchestrator.java:169)
	at org.junit.platform.launcher.core.EngineExecutionOrchestrator.execute(EngineExecutionOrchestrator.java:93)
	at org.junit.platform.launcher.core.EngineExecutionOrchestrator.lambda$execute$0(EngineExecutionOrchestrator.java:58)
	at org.junit.platform.launcher.core.EngineExecutionOrchestrator.withInterceptedStreams(EngineExecutionOrchestrator.java:141)
	at org.junit.platform.launcher.core.EngineExecutionOrchestrator.execute(EngineExecutionOrchestrator.java:57)
	at org.junit.platform.launcher.core.DefaultLauncher.execute(DefaultLauncher.java:103)
	at org.junit.platform.launcher.core.DefaultLauncher.execute(DefaultLauncher.java:85)
	at org.junit.platform.launcher.core.DelegatingLauncher.execute(DelegatingLauncher.java:47)
	at org.apache.maven.surefire.junitplatform.LazyLauncher.execute(LazyLauncher.java:56)
	at org.apache.maven.surefire.junitplatform.JUnitPlatformProvider.execute(JUnitPlatformProvider.java:184)
	at org.apache.maven.surefire.junitplatform.JUnitPlatformProvider.invokeAllTests(JUnitPlatformProvider.java:148)
	at org.apache.maven.surefire.junitplatform.JUnitPlatformProvider.invoke(JUnitPlatformProvider.java:122)
	at org.apache.maven.surefire.booter.ForkedBooter.runSuitesInProcess(ForkedBooter.java:385)
	at org.apache.maven.surefire.booter.ForkedBooter.execute(ForkedBooter.java:162)
	at org.apache.maven.surefire.booter.ForkedBooter.run(ForkedBooter.java:507)
	at org.apache.maven.surefire.booter.ForkedBooter.main(ForkedBooter.java:495)
15:17:19.514 [main] WARN com.tngtech.archunit.core.importer.ClassFileProcessor -- Error during import from jrt:/java.base/java/time/format/DateTimeFormatter.class, falling back to simple import
java.lang.IllegalArgumentException: Unsupported class file major version 68
	at com.tngtech.archunit.thirdparty.org.objectweb.asm.ClassReader.<init>(ClassReader.java:200)
	at com.tngtech.archunit.thirdparty.org.objectweb.asm.ClassReader.<init>(ClassReader.java:180)
	at com.tngtech.archunit.thirdparty.org.objectweb.asm.ClassReader.<init>(ClassReader.java:166)
	at com.tngtech.archunit.thirdparty.org.objectweb.asm.ClassReader.<init>(ClassReader.java:288)
	at com.tngtech.archunit.core.importer.ClassFileProcessor$UriImporterOfProcessor.tryImport(ClassFileProcessor.java:350)
	at com.tngtech.archunit.core.importer.resolvers.ClassResolverFromClasspath.tryResolve(ClassResolverFromClasspath.java:51)
	at com.tngtech.archunit.core.importer.ImportedClasses.resolve(ImportedClasses.java:80)
	at com.tngtech.archunit.core.importer.ImportedClasses.ensurePresent(ImportedClasses.java:75)
	at com.tngtech.archunit.core.importer.DependencyResolutionProcess.executeRun(DependencyResolutionProcess.java:146)
	at com.tngtech.archunit.core.importer.DependencyResolutionProcess.resolve(DependencyResolutionProcess.java:122)
	at com.tngtech.archunit.core.importer.ClassGraphCreator.complete(ClassGraphCreator.java:107)
	at com.tngtech.archunit.core.importer.ClassFileProcessor.process(ClassFileProcessor.java:75)
	at com.tngtech.archunit.core.importer.ClassFileImporter.importLocations(ClassFileImporter.java:325)
	at com.tngtech.archunit.junit.internal.ClassCache$CacheClassFileImporter.importClasses(ClassCache.java:126)
	at com.tngtech.archunit.junit.internal.ClassCache$LazyJavaClasses.initialize(ClassCache.java:118)
	at com.tngtech.archunit.junit.internal.ClassCache$LazyJavaClasses.get(ClassCache.java:107)
	at com.tngtech.archunit.junit.internal.ClassCache.getClassesToAnalyzeFor(ClassCache.java:84)
	at com.tngtech.archunit.junit.internal.ArchUnitTestDescriptor.lambda$createChildren$1(ArchUnitTestDescriptor.java:90)
	at com.tngtech.archunit.junit.internal.ArchUnitTestDescriptor$ArchUnitRuleDescriptor.execute(ArchUnitTestDescriptor.java:167)
	at com.tngtech.archunit.junit.internal.ArchUnitTestDescriptor$ArchUnitRuleDescriptor.execute(ArchUnitTestDescriptor.java:150)
	at org.junit.platform.engine.support.hierarchical.NodeTestTask.lambda$executeRecursively$6(NodeTestTask.java:156)
	at org.junit.platform.engine.support.hierarchical.ThrowableCollector.execute(ThrowableCollector.java:73)
	at org.junit.platform.engine.support.hierarchical.NodeTestTask.lambda$executeRecursively$8(NodeTestTask.java:146)
	at org.junit.platform.engine.support.hierarchical.Node.around(Node.java:137)
	at org.junit.platform.engine.support.hierarchical.NodeTestTask.lambda$executeRecursively$9(NodeTestTask.java:144)
	at org.junit.platform.engine.support.hierarchical.ThrowableCollector.execute(ThrowableCollector.java:73)
	at org.junit.platform.engine.support.hierarchical.NodeTestTask.executeRecursively(NodeTestTask.java:143)
	at org.junit.platform.engine.support.hierarchical.NodeTestTask.execute(NodeTestTask.java:100)
	at java.base/java.util.ArrayList.forEach(ArrayList.java:1604)
	at org.junit.platform.engine.support.hierarchical.SameThreadHierarchicalTestExecutorService.invokeAll(SameThreadHierarchicalTestExecutorService.java:41)
	at org.junit.platform.engine.support.hierarchical.NodeTestTask.lambda$executeRecursively$6(NodeTestTask.java:160)
	at org.junit.platform.engine.support.hierarchical.ThrowableCollector.execute(ThrowableCollector.java:73)
	at org.junit.platform.engine.support.hierarchical.NodeTestTask.lambda$executeRecursively$8(NodeTestTask.java:146)
	at org.junit.platform.engine.support.hierarchical.Node.around(Node.java:137)
	at org.junit.platform.engine.support.hierarchical.NodeTestTask.lambda$executeRecursively$9(NodeTestTask.java:144)
	at org.junit.platform.engine.support.hierarchical.ThrowableCollector.execute(ThrowableCollector.java:73)
	at org.junit.platform.engine.support.hierarchical.NodeTestTask.executeRecursively(NodeTestTask.java:143)
	at org.junit.platform.engine.support.hierarchical.NodeTestTask.execute(NodeTestTask.java:100)
	at java.base/java.util.ArrayList.forEach(ArrayList.java:1604)
	at org.junit.platform.engine.support.hierarchical.SameThreadHierarchicalTestExecutorService.invokeAll(SameThreadHierarchicalTestExecutorService.java:41)
	at org.junit.platform.engine.support.hierarchical.NodeTestTask.lambda$executeRecursively$6(NodeTestTask.java:160)
	at org.junit.platform.engine.support.hierarchical.ThrowableCollector.execute(ThrowableCollector.java:73)
	at org.junit.platform.engine.support.hierarchical.NodeTestTask.lambda$executeRecursively$8(NodeTestTask.java:146)
	at org.junit.platform.engine.support.hierarchical.Node.around(Node.java:137)
	at org.junit.platform.engine.support.hierarchical.NodeTestTask.lambda$executeRecursively$9(NodeTestTask.java:144)
	at org.junit.platform.engine.support.hierarchical.ThrowableCollector.execute(ThrowableCollector.java:73)
	at org.junit.platform.engine.support.hierarchical.NodeTestTask.executeRecursively(NodeTestTask.java:143)
	at org.junit.platform.engine.support.hierarchical.NodeTestTask.execute(NodeTestTask.java:100)
	at org.junit.platform.engine.support.hierarchical.SameThreadHierarchicalTestExecutorService.submit(SameThreadHierarchicalTestExecutorService.java:35)
	at org.junit.platform.engine.support.hierarchical.HierarchicalTestExecutor.execute(HierarchicalTestExecutor.java:57)
	at org.junit.platform.engine.support.hierarchical.HierarchicalTestEngine.execute(HierarchicalTestEngine.java:54)
	at org.junit.platform.launcher.core.EngineExecutionOrchestrator.execute(EngineExecutionOrchestrator.java:198)
	at org.junit.platform.launcher.core.EngineExecutionOrchestrator.execute(EngineExecutionOrchestrator.java:169)
	at org.junit.platform.launcher.core.EngineExecutionOrchestrator.execute(EngineExecutionOrchestrator.java:93)
	at org.junit.platform.launcher.core.EngineExecutionOrchestrator.lambda$execute$0(EngineExecutionOrchestrator.java:58)
	at org.junit.platform.launcher.core.EngineExecutionOrchestrator.withInterceptedStreams(EngineExecutionOrchestrator.java:141)
	at org.junit.platform.launcher.core.EngineExecutionOrchestrator.execute(EngineExecutionOrchestrator.java:57)
	at org.junit.platform.launcher.core.DefaultLauncher.execute(DefaultLauncher.java:103)
	at org.junit.platform.launcher.core.DefaultLauncher.execute(DefaultLauncher.java:85)
	at org.junit.platform.launcher.core.DelegatingLauncher.execute(DelegatingLauncher.java:47)
	at org.apache.maven.surefire.junitplatform.LazyLauncher.execute(LazyLauncher.java:56)
	at org.apache.maven.surefire.junitplatform.JUnitPlatformProvider.execute(JUnitPlatformProvider.java:184)
	at org.apache.maven.surefire.junitplatform.JUnitPlatformProvider.invokeAllTests(JUnitPlatformProvider.java:148)
	at org.apache.maven.surefire.junitplatform.JUnitPlatformProvider.invoke(JUnitPlatformProvider.java:122)
	at org.apache.maven.surefire.booter.ForkedBooter.runSuitesInProcess(ForkedBooter.java:385)
	at org.apache.maven.surefire.booter.ForkedBooter.execute(ForkedBooter.java:162)
	at org.apache.maven.surefire.booter.ForkedBooter.run(ForkedBooter.java:507)
	at org.apache.maven.surefire.booter.ForkedBooter.main(ForkedBooter.java:495)
15:17:19.515 [main] WARN com.tngtech.archunit.core.importer.ClassFileProcessor -- Error during import from jrt:/java.base/java/time/Clock.class, falling back to simple import
java.lang.IllegalArgumentException: Unsupported class file major version 68
	at com.tngtech.archunit.thirdparty.org.objectweb.asm.ClassReader.<init>(ClassReader.java:200)
	at com.tngtech.archunit.thirdparty.org.objectweb.asm.ClassReader.<init>(ClassReader.java:180)
	at com.tngtech.archunit.thirdparty.org.objectweb.asm.ClassReader.<init>(ClassReader.java:166)
	at com.tngtech.archunit.thirdparty.org.objectweb.asm.ClassReader.<init>(ClassReader.java:288)
	at com.tngtech.archunit.core.importer.ClassFileProcessor$UriImporterOfProcessor.tryImport(ClassFileProcessor.java:350)
	at com.tngtech.archunit.core.importer.resolvers.ClassResolverFromClasspath.tryResolve(ClassResolverFromClasspath.java:51)
	at com.tngtech.archunit.core.importer.ImportedClasses.resolve(ImportedClasses.java:80)
	at com.tngtech.archunit.core.importer.ImportedClasses.ensurePresent(ImportedClasses.java:75)
	at com.tngtech.archunit.core.importer.DependencyResolutionProcess.executeRun(DependencyResolutionProcess.java:146)
	at com.tngtech.archunit.core.importer.DependencyResolutionProcess.resolve(DependencyResolutionProcess.java:122)
	at com.tngtech.archunit.core.importer.ClassGraphCreator.complete(ClassGraphCreator.java:107)
	at com.tngtech.archunit.core.importer.ClassFileProcessor.process(ClassFileProcessor.java:75)
	at com.tngtech.archunit.core.importer.ClassFileImporter.importLocations(ClassFileImporter.java:325)
	at com.tngtech.archunit.junit.internal.ClassCache$CacheClassFileImporter.importClasses(ClassCache.java:126)
	at com.tngtech.archunit.junit.internal.ClassCache$LazyJavaClasses.initialize(ClassCache.java:118)
	at com.tngtech.archunit.junit.internal.ClassCache$LazyJavaClasses.get(ClassCache.java:107)
	at com.tngtech.archunit.junit.internal.ClassCache.getClassesToAnalyzeFor(ClassCache.java:84)
	at com.tngtech.archunit.junit.internal.ArchUnitTestDescriptor.lambda$createChildren$1(ArchUnitTestDescriptor.java:90)
	at com.tngtech.archunit.junit.internal.ArchUnitTestDescriptor$ArchUnitRuleDescriptor.execute(ArchUnitTestDescriptor.java:167)
	at com.tngtech.archunit.junit.internal.ArchUnitTestDescriptor$ArchUnitRuleDescriptor.execute(ArchUnitTestDescriptor.java:150)
	at org.junit.platform.engine.support.hierarchical.NodeTestTask.lambda$executeRecursively$6(NodeTestTask.java:156)
	at org.junit.platform.engine.support.hierarchical.ThrowableCollector.execute(ThrowableCollector.java:73)
	at org.junit.platform.engine.support.hierarchical.NodeTestTask.lambda$executeRecursively$8(NodeTestTask.java:146)
	at org.junit.platform.engine.support.hierarchical.Node.around(Node.java:137)
	at org.junit.platform.engine.support.hierarchical.NodeTestTask.lambda$executeRecursively$9(NodeTestTask.java:144)
	at org.junit.platform.engine.support.hierarchical.ThrowableCollector.execute(ThrowableCollector.java:73)
	at org.junit.platform.engine.support.hierarchical.NodeTestTask.executeRecursively(NodeTestTask.java:143)
	at org.junit.platform.engine.support.hierarchical.NodeTestTask.execute(NodeTestTask.java:100)
	at java.base/java.util.ArrayList.forEach(ArrayList.java:1604)
	at org.junit.platform.engine.support.hierarchical.SameThreadHierarchicalTestExecutorService.invokeAll(SameThreadHierarchicalTestExecutorService.java:41)
	at org.junit.platform.engine.support.hierarchical.NodeTestTask.lambda$executeRecursively$6(NodeTestTask.java:160)
	at org.junit.platform.engine.support.hierarchical.ThrowableCollector.execute(ThrowableCollector.java:73)
	at org.junit.platform.engine.support.hierarchical.NodeTestTask.lambda$executeRecursively$8(NodeTestTask.java:146)
	at org.junit.platform.engine.support.hierarchical.Node.around(Node.java:137)
	at org.junit.platform.engine.support.hierarchical.NodeTestTask.lambda$executeRecursively$9(NodeTestTask.java:144)
	at org.junit.platform.engine.support.hierarchical.ThrowableCollector.execute(ThrowableCollector.java:73)
	at org.junit.platform.engine.support.hierarchical.NodeTestTask.executeRecursively(NodeTestTask.java:143)
	at org.junit.platform.engine.support.hierarchical.NodeTestTask.execute(NodeTestTask.java:100)
	at java.base/java.util.ArrayList.forEach(ArrayList.java:1604)
	at org.junit.platform.engine.support.hierarchical.SameThreadHierarchicalTestExecutorService.invokeAll(SameThreadHierarchicalTestExecutorService.java:41)
	at org.junit.platform.engine.support.hierarchical.NodeTestTask.lambda$executeRecursively$6(NodeTestTask.java:160)
	at org.junit.platform.engine.support.hierarchical.ThrowableCollector.execute(ThrowableCollector.java:73)
	at org.junit.platform.engine.support.hierarchical.NodeTestTask.lambda$executeRecursively$8(NodeTestTask.java:146)
	at org.junit.platform.engine.support.hierarchical.Node.around(Node.java:137)
	at org.junit.platform.engine.support.hierarchical.NodeTestTask.lambda$executeRecursively$9(NodeTestTask.java:144)
	at org.junit.platform.engine.support.hierarchical.ThrowableCollector.execute(ThrowableCollector.java:73)
	at org.junit.platform.engine.support.hierarchical.NodeTestTask.executeRecursively(NodeTestTask.java:143)
	at org.junit.platform.engine.support.hierarchical.NodeTestTask.execute(NodeTestTask.java:100)
	at org.junit.platform.engine.support.hierarchical.SameThreadHierarchicalTestExecutorService.submit(SameThreadHierarchicalTestExecutorService.java:35)
	at org.junit.platform.engine.support.hierarchical.HierarchicalTestExecutor.execute(HierarchicalTestExecutor.java:57)
	at org.junit.platform.engine.support.hierarchical.HierarchicalTestEngine.execute(HierarchicalTestEngine.java:54)
	at org.junit.platform.launcher.core.EngineExecutionOrchestrator.execute(EngineExecutionOrchestrator.java:198)
	at org.junit.platform.launcher.core.EngineExecutionOrchestrator.execute(EngineExecutionOrchestrator.java:169)
	at org.junit.platform.launcher.core.EngineExecutionOrchestrator.execute(EngineExecutionOrchestrator.java:93)
	at org.junit.platform.launcher.core.EngineExecutionOrchestrator.lambda$execute$0(EngineExecutionOrchestrator.java:58)
	at org.junit.platform.launcher.core.EngineExecutionOrchestrator.withInterceptedStreams(EngineExecutionOrchestrator.java:141)
	at org.junit.platform.launcher.core.EngineExecutionOrchestrator.execute(EngineExecutionOrchestrator.java:57)
	at org.junit.platform.launcher.core.DefaultLauncher.execute(DefaultLauncher.java:103)
	at org.junit.platform.launcher.core.DefaultLauncher.execute(DefaultLauncher.java:85)
	at org.junit.platform.launcher.core.DelegatingLauncher.execute(DelegatingLauncher.java:47)
	at org.apache.maven.surefire.junitplatform.LazyLauncher.execute(LazyLauncher.java:56)
	at org.apache.maven.surefire.junitplatform.JUnitPlatformProvider.execute(JUnitPlatformProvider.java:184)
	at org.apache.maven.surefire.junitplatform.JUnitPlatformProvider.invokeAllTests(JUnitPlatformProvider.java:148)
	at org.apache.maven.surefire.junitplatform.JUnitPlatformProvider.invoke(JUnitPlatformProvider.java:122)
	at org.apache.maven.surefire.booter.ForkedBooter.runSuitesInProcess(ForkedBooter.java:385)
	at org.apache.maven.surefire.booter.ForkedBooter.execute(ForkedBooter.java:162)
	at org.apache.maven.surefire.booter.ForkedBooter.run(ForkedBooter.java:507)
	at org.apache.maven.surefire.booter.ForkedBooter.main(ForkedBooter.java:495)
15:17:19.516 [main] WARN com.tngtech.archunit.core.importer.ClassFileProcessor -- Error during import from jrt:/java.base/java/lang/Object.class, falling back to simple import
java.lang.IllegalArgumentException: Unsupported class file major version 68
	at com.tngtech.archunit.thirdparty.org.objectweb.asm.ClassReader.<init>(ClassReader.java:200)
	at com.tngtech.archunit.thirdparty.org.objectweb.asm.ClassReader.<init>(ClassReader.java:180)
	at com.tngtech.archunit.thirdparty.org.objectweb.asm.ClassReader.<init>(ClassReader.java:166)
	at com.tngtech.archunit.thirdparty.org.objectweb.asm.ClassReader.<init>(ClassReader.java:288)
	at com.tngtech.archunit.core.importer.ClassFileProcessor$UriImporterOfProcessor.tryImport(ClassFileProcessor.java:350)
	at com.tngtech.archunit.core.importer.resolvers.ClassResolverFromClasspath.tryResolve(ClassResolverFromClasspath.java:51)
	at com.tngtech.archunit.core.importer.ImportedClasses.resolve(ImportedClasses.java:80)
	at com.tngtech.archunit.core.importer.ImportedClasses.ensurePresent(ImportedClasses.java:75)
	at com.tngtech.archunit.core.importer.DependencyResolutionProcess.executeRun(DependencyResolutionProcess.java:146)
	at com.tngtech.archunit.core.importer.DependencyResolutionProcess.resolve(DependencyResolutionProcess.java:122)
	at com.tngtech.archunit.core.importer.ClassGraphCreator.complete(ClassGraphCreator.java:107)
	at com.tngtech.archunit.core.importer.ClassFileProcessor.process(ClassFileProcessor.java:75)
	at com.tngtech.archunit.core.importer.ClassFileImporter.importLocations(ClassFileImporter.java:325)
	at com.tngtech.archunit.junit.internal.ClassCache$CacheClassFileImporter.importClasses(ClassCache.java:126)
	at com.tngtech.archunit.junit.internal.ClassCache$LazyJavaClasses.initialize(ClassCache.java:118)
	at com.tngtech.archunit.junit.internal.ClassCache$LazyJavaClasses.get(ClassCache.java:107)
	at com.tngtech.archunit.junit.internal.ClassCache.getClassesToAnalyzeFor(ClassCache.java:84)
	at com.tngtech.archunit.junit.internal.ArchUnitTestDescriptor.lambda$createChildren$1(ArchUnitTestDescriptor.java:90)
	at com.tngtech.archunit.junit.internal.ArchUnitTestDescriptor$ArchUnitRuleDescriptor.execute(ArchUnitTestDescriptor.java:167)
	at com.tngtech.archunit.junit.internal.ArchUnitTestDescriptor$ArchUnitRuleDescriptor.execute(ArchUnitTestDescriptor.java:150)
	at org.junit.platform.engine.support.hierarchical.NodeTestTask.lambda$executeRecursively$6(NodeTestTask.java:156)
	at org.junit.platform.engine.support.hierarchical.ThrowableCollector.execute(ThrowableCollector.java:73)
	at org.junit.platform.engine.support.hierarchical.NodeTestTask.lambda$executeRecursively$8(NodeTestTask.java:146)
	at org.junit.platform.engine.support.hierarchical.Node.around(Node.java:137)
	at org.junit.platform.engine.support.hierarchical.NodeTestTask.lambda$executeRecursively$9(NodeTestTask.java:144)
	at org.junit.platform.engine.support.hierarchical.ThrowableCollector.execute(ThrowableCollector.java:73)
	at org.junit.platform.engine.support.hierarchical.NodeTestTask.executeRecursively(NodeTestTask.java:143)
	at org.junit.platform.engine.support.hierarchical.NodeTestTask.execute(NodeTestTask.java:100)
	at java.base/java.util.ArrayList.forEach(ArrayList.java:1604)
	at org.junit.platform.engine.support.hierarchical.SameThreadHierarchicalTestExecutorService.invokeAll(SameThreadHierarchicalTestExecutorService.java:41)
	at org.junit.platform.engine.support.hierarchical.NodeTestTask.lambda$executeRecursively$6(NodeTestTask.java:160)
	at org.junit.platform.engine.support.hierarchical.ThrowableCollector.execute(ThrowableCollector.java:73)
	at org.junit.platform.engine.support.hierarchical.NodeTestTask.lambda$executeRecursively$8(NodeTestTask.java:146)
	at org.junit.platform.engine.support.hierarchical.Node.around(Node.java:137)
	at org.junit.platform.engine.support.hierarchical.NodeTestTask.lambda$executeRecursively$9(NodeTestTask.java:144)
	at org.junit.platform.engine.support.hierarchical.ThrowableCollector.execute(ThrowableCollector.java:73)
	at org.junit.platform.engine.support.hierarchical.NodeTestTask.executeRecursively(NodeTestTask.java:143)
	at org.junit.platform.engine.support.hierarchical.NodeTestTask.execute(NodeTestTask.java:100)
	at java.base/java.util.ArrayList.forEach(ArrayList.java:1604)
	at org.junit.platform.engine.support.hierarchical.SameThreadHierarchicalTestExecutorService.invokeAll(SameThreadHierarchicalTestExecutorService.java:41)
	at org.junit.platform.engine.support.hierarchical.NodeTestTask.lambda$executeRecursively$6(NodeTestTask.java:160)
	at org.junit.platform.engine.support.hierarchical.ThrowableCollector.execute(ThrowableCollector.java:73)
	at org.junit.platform.engine.support.hierarchical.NodeTestTask.lambda$executeRecursively$8(NodeTestTask.java:146)
	at org.junit.platform.engine.support.hierarchical.Node.around(Node.java:137)
	at org.junit.platform.engine.support.hierarchical.NodeTestTask.lambda$executeRecursively$9(NodeTestTask.java:144)
	at org.junit.platform.engine.support.hierarchical.ThrowableCollector.execute(ThrowableCollector.java:73)
	at org.junit.platform.engine.support.hierarchical.NodeTestTask.executeRecursively(NodeTestTask.java:143)
	at org.junit.platform.engine.support.hierarchical.NodeTestTask.execute(NodeTestTask.java:100)
	at org.junit.platform.engine.support.hierarchical.SameThreadHierarchicalTestExecutorService.submit(SameThreadHierarchicalTestExecutorService.java:35)
	at org.junit.platform.engine.support.hierarchical.HierarchicalTestExecutor.execute(HierarchicalTestExecutor.java:57)
	at org.junit.platform.engine.support.hierarchical.HierarchicalTestEngine.execute(HierarchicalTestEngine.java:54)
	at org.junit.platform.launcher.core.EngineExecutionOrchestrator.execute(EngineExecutionOrchestrator.java:198)
	at org.junit.platform.launcher.core.EngineExecutionOrchestrator.execute(EngineExecutionOrchestrator.java:169)
	at org.junit.platform.launcher.core.EngineExecutionOrchestrator.execute(EngineExecutionOrchestrator.java:93)
	at org.junit.platform.launcher.core.EngineExecutionOrchestrator.lambda$execute$0(EngineExecutionOrchestrator.java:58)
	at org.junit.platform.launcher.core.EngineExecutionOrchestrator.withInterceptedStreams(EngineExecutionOrchestrator.java:141)
	at org.junit.platform.launcher.core.EngineExecutionOrchestrator.execute(EngineExecutionOrchestrator.java:57)
	at org.junit.platform.launcher.core.DefaultLauncher.execute(DefaultLauncher.java:103)
	at org.junit.platform.launcher.core.DefaultLauncher.execute(DefaultLauncher.java:85)
	at org.junit.platform.launcher.core.DelegatingLauncher.execute(DelegatingLauncher.java:47)
	at org.apache.maven.surefire.junitplatform.LazyLauncher.execute(LazyLauncher.java:56)
	at org.apache.maven.surefire.junitplatform.JUnitPlatformProvider.execute(JUnitPlatformProvider.java:184)
	at org.apache.maven.surefire.junitplatform.JUnitPlatformProvider.invokeAllTests(JUnitPlatformProvider.java:148)
	at org.apache.maven.surefire.junitplatform.JUnitPlatformProvider.invoke(JUnitPlatformProvider.java:122)
	at org.apache.maven.surefire.booter.ForkedBooter.runSuitesInProcess(ForkedBooter.java:385)
	at org.apache.maven.surefire.booter.ForkedBooter.execute(ForkedBooter.java:162)
	at org.apache.maven.surefire.booter.ForkedBooter.run(ForkedBooter.java:507)
	at org.apache.maven.surefire.booter.ForkedBooter.main(ForkedBooter.java:495)
15:17:19.518 [main] WARN com.tngtech.archunit.core.importer.ClassFileProcessor -- Error during import from jrt:/java.base/java/lang/Class.class, falling back to simple import
java.lang.IllegalArgumentException: Unsupported class file major version 68
	at com.tngtech.archunit.thirdparty.org.objectweb.asm.ClassReader.<init>(ClassReader.java:200)
	at com.tngtech.archunit.thirdparty.org.objectweb.asm.ClassReader.<init>(ClassReader.java:180)
	at com.tngtech.archunit.thirdparty.org.objectweb.asm.ClassReader.<init>(ClassReader.java:166)
	at com.tngtech.archunit.thirdparty.org.objectweb.asm.ClassReader.<init>(ClassReader.java:288)
	at com.tngtech.archunit.core.importer.ClassFileProcessor$UriImporterOfProcessor.tryImport(ClassFileProcessor.java:350)
	at com.tngtech.archunit.core.importer.resolvers.ClassResolverFromClasspath.tryResolve(ClassResolverFromClasspath.java:51)
	at com.tngtech.archunit.core.importer.ImportedClasses.resolve(ImportedClasses.java:80)
	at com.tngtech.archunit.core.importer.ImportedClasses.ensurePresent(ImportedClasses.java:75)
	at com.tngtech.archunit.core.importer.DependencyResolutionProcess.executeRun(DependencyResolutionProcess.java:146)
	at com.tngtech.archunit.core.importer.DependencyResolutionProcess.resolve(DependencyResolutionProcess.java:122)
	at com.tngtech.archunit.core.importer.ClassGraphCreator.complete(ClassGraphCreator.java:107)
	at com.tngtech.archunit.core.importer.ClassFileProcessor.process(ClassFileProcessor.java:75)
	at com.tngtech.archunit.core.importer.ClassFileImporter.importLocations(ClassFileImporter.java:325)
	at com.tngtech.archunit.junit.internal.ClassCache$CacheClassFileImporter.importClasses(ClassCache.java:126)
	at com.tngtech.archunit.junit.internal.ClassCache$LazyJavaClasses.initialize(ClassCache.java:118)
	at com.tngtech.archunit.junit.internal.ClassCache$LazyJavaClasses.get(ClassCache.java:107)
	at com.tngtech.archunit.junit.internal.ClassCache.getClassesToAnalyzeFor(ClassCache.java:84)
	at com.tngtech.archunit.junit.internal.ArchUnitTestDescriptor.lambda$createChildren$1(ArchUnitTestDescriptor.java:90)
	at com.tngtech.archunit.junit.internal.ArchUnitTestDescriptor$ArchUnitRuleDescriptor.execute(ArchUnitTestDescriptor.java:167)
	at com.tngtech.archunit.junit.internal.ArchUnitTestDescriptor$ArchUnitRuleDescriptor.execute(ArchUnitTestDescriptor.java:150)
	at org.junit.platform.engine.support.hierarchical.NodeTestTask.lambda$executeRecursively$6(NodeTestTask.java:156)
	at org.junit.platform.engine.support.hierarchical.ThrowableCollector.execute(ThrowableCollector.java:73)
	at org.junit.platform.engine.support.hierarchical.NodeTestTask.lambda$executeRecursively$8(NodeTestTask.java:146)
	at org.junit.platform.engine.support.hierarchical.Node.around(Node.java:137)
	at org.junit.platform.engine.support.hierarchical.NodeTestTask.lambda$executeRecursively$9(NodeTestTask.java:144)
	at org.junit.platform.engine.support.hierarchical.ThrowableCollector.execute(ThrowableCollector.java:73)
	at org.junit.platform.engine.support.hierarchical.NodeTestTask.executeRecursively(NodeTestTask.java:143)
	at org.junit.platform.engine.support.hierarchical.NodeTestTask.execute(NodeTestTask.java:100)
	at java.base/java.util.ArrayList.forEach(ArrayList.java:1604)
	at org.junit.platform.engine.support.hierarchical.SameThreadHierarchicalTestExecutorService.invokeAll(SameThreadHierarchicalTestExecutorService.java:41)
	at org.junit.platform.engine.support.hierarchical.NodeTestTask.lambda$executeRecursively$6(NodeTestTask.java:160)
	at org.junit.platform.engine.support.hierarchical.ThrowableCollector.execute(ThrowableCollector.java:73)
	at org.junit.platform.engine.support.hierarchical.NodeTestTask.lambda$executeRecursively$8(NodeTestTask.java:146)
	at org.junit.platform.engine.support.hierarchical.Node.around(Node.java:137)
	at org.junit.platform.engine.support.hierarchical.NodeTestTask.lambda$executeRecursively$9(NodeTestTask.java:144)
	at org.junit.platform.engine.support.hierarchical.ThrowableCollector.execute(ThrowableCollector.java:73)
	at org.junit.platform.engine.support.hierarchical.NodeTestTask.executeRecursively(NodeTestTask.java:143)
	at org.junit.platform.engine.support.hierarchical.NodeTestTask.execute(NodeTestTask.java:100)
	at java.base/java.util.ArrayList.forEach(ArrayList.java:1604)
	at org.junit.platform.engine.support.hierarchical.SameThreadHierarchicalTestExecutorService.invokeAll(SameThreadHierarchicalTestExecutorService.java:41)
	at org.junit.platform.engine.support.hierarchical.NodeTestTask.lambda$executeRecursively$6(NodeTestTask.java:160)
	at org.junit.platform.engine.support.hierarchical.ThrowableCollector.execute(ThrowableCollector.java:73)
	at org.junit.platform.engine.support.hierarchical.NodeTestTask.lambda$executeRecursively$8(NodeTestTask.java:146)
	at org.junit.platform.engine.support.hierarchical.Node.around(Node.java:137)
	at org.junit.platform.engine.support.hierarchical.NodeTestTask.lambda$executeRecursively$9(NodeTestTask.java:144)
	at org.junit.platform.engine.support.hierarchical.ThrowableCollector.execute(ThrowableCollector.java:73)
	at org.junit.platform.engine.support.hierarchical.NodeTestTask.executeRecursively(NodeTestTask.java:143)
	at org.junit.platform.engine.support.hierarchical.NodeTestTask.execute(NodeTestTask.java:100)
	at org.junit.platform.engine.support.hierarchical.SameThreadHierarchicalTestExecutorService.submit(SameThreadHierarchicalTestExecutorService.java:35)
	at org.junit.platform.engine.support.hierarchical.HierarchicalTestExecutor.execute(HierarchicalTestExecutor.java:57)
	at org.junit.platform.engine.support.hierarchical.HierarchicalTestEngine.execute(HierarchicalTestEngine.java:54)
	at org.junit.platform.launcher.core.EngineExecutionOrchestrator.execute(EngineExecutionOrchestrator.java:198)
	at org.junit.platform.launcher.core.EngineExecutionOrchestrator.execute(EngineExecutionOrchestrator.java:169)
	at org.junit.platform.launcher.core.EngineExecutionOrchestrator.execute(EngineExecutionOrchestrator.java:93)
	at org.junit.platform.launcher.core.EngineExecutionOrchestrator.lambda$execute$0(EngineExecutionOrchestrator.java:58)
	at org.junit.platform.launcher.core.EngineExecutionOrchestrator.withInterceptedStreams(EngineExecutionOrchestrator.java:141)
	at org.junit.platform.launcher.core.EngineExecutionOrchestrator.execute(EngineExecutionOrchestrator.java:57)
	at org.junit.platform.launcher.core.DefaultLauncher.execute(DefaultLauncher.java:103)
	at org.junit.platform.launcher.core.DefaultLauncher.execute(DefaultLauncher.java:85)
	at org.junit.platform.launcher.core.DelegatingLauncher.execute(DelegatingLauncher.java:47)
	at org.apache.maven.surefire.junitplatform.LazyLauncher.execute(LazyLauncher.java:56)
	at org.apache.maven.surefire.junitplatform.JUnitPlatformProvider.execute(JUnitPlatformProvider.java:184)
	at org.apache.maven.surefire.junitplatform.JUnitPlatformProvider.invokeAllTests(JUnitPlatformProvider.java:148)
	at org.apache.maven.surefire.junitplatform.JUnitPlatformProvider.invoke(JUnitPlatformProvider.java:122)
	at org.apache.maven.surefire.booter.ForkedBooter.runSuitesInProcess(ForkedBooter.java:385)
	at org.apache.maven.surefire.booter.ForkedBooter.execute(ForkedBooter.java:162)
	at org.apache.maven.surefire.booter.ForkedBooter.run(ForkedBooter.java:507)
	at org.apache.maven.surefire.booter.ForkedBooter.main(ForkedBooter.java:495)
15:17:19.521 [main] WARN com.tngtech.archunit.core.importer.ClassFileProcessor -- Error during import from jrt:/java.base/java/lang/IndexOutOfBoundsException.class, falling back to simple import
java.lang.IllegalArgumentException: Unsupported class file major version 68
	at com.tngtech.archunit.thirdparty.org.objectweb.asm.ClassReader.<init>(ClassReader.java:200)
	at com.tngtech.archunit.thirdparty.org.objectweb.asm.ClassReader.<init>(ClassReader.java:180)
	at com.tngtech.archunit.thirdparty.org.objectweb.asm.ClassReader.<init>(ClassReader.java:166)
	at com.tngtech.archunit.thirdparty.org.objectweb.asm.ClassReader.<init>(ClassReader.java:288)
	at com.tngtech.archunit.core.importer.ClassFileProcessor$UriImporterOfProcessor.tryImport(ClassFileProcessor.java:350)
	at com.tngtech.archunit.core.importer.resolvers.ClassResolverFromClasspath.tryResolve(ClassResolverFromClasspath.java:51)
	at com.tngtech.archunit.core.importer.ImportedClasses.resolve(ImportedClasses.java:80)
	at com.tngtech.archunit.core.importer.ImportedClasses.ensurePresent(ImportedClasses.java:75)
	at com.tngtech.archunit.core.importer.DependencyResolutionProcess.executeRun(DependencyResolutionProcess.java:146)
	at com.tngtech.archunit.core.importer.DependencyResolutionProcess.resolve(DependencyResolutionProcess.java:122)
	at com.tngtech.archunit.core.importer.ClassGraphCreator.complete(ClassGraphCreator.java:107)
	at com.tngtech.archunit.core.importer.ClassFileProcessor.process(ClassFileProcessor.java:75)
	at com.tngtech.archunit.core.importer.ClassFileImporter.importLocations(ClassFileImporter.java:325)
	at com.tngtech.archunit.junit.internal.ClassCache$CacheClassFileImporter.importClasses(ClassCache.java:126)
	at com.tngtech.archunit.junit.internal.ClassCache$LazyJavaClasses.initialize(ClassCache.java:118)
	at com.tngtech.archunit.junit.internal.ClassCache$LazyJavaClasses.get(ClassCache.java:107)
	at com.tngtech.archunit.junit.internal.ClassCache.getClassesToAnalyzeFor(ClassCache.java:84)
	at com.tngtech.archunit.junit.internal.ArchUnitTestDescriptor.lambda$createChildren$1(ArchUnitTestDescriptor.java:90)
	at com.tngtech.archunit.junit.internal.ArchUnitTestDescriptor$ArchUnitRuleDescriptor.execute(ArchUnitTestDescriptor.java:167)
	at com.tngtech.archunit.junit.internal.ArchUnitTestDescriptor$ArchUnitRuleDescriptor.execute(ArchUnitTestDescriptor.java:150)
	at org.junit.platform.engine.support.hierarchical.NodeTestTask.lambda$executeRecursively$6(NodeTestTask.java:156)
	at org.junit.platform.engine.support.hierarchical.ThrowableCollector.execute(ThrowableCollector.java:73)
	at org.junit.platform.engine.support.hierarchical.NodeTestTask.lambda$executeRecursively$8(NodeTestTask.java:146)
	at org.junit.platform.engine.support.hierarchical.Node.around(Node.java:137)
	at org.junit.platform.engine.support.hierarchical.NodeTestTask.lambda$executeRecursively$9(NodeTestTask.java:144)
	at org.junit.platform.engine.support.hierarchical.ThrowableCollector.execute(ThrowableCollector.java:73)
	at org.junit.platform.engine.support.hierarchical.NodeTestTask.executeRecursively(NodeTestTask.java:143)
	at org.junit.platform.engine.support.hierarchical.NodeTestTask.execute(NodeTestTask.java:100)
	at java.base/java.util.ArrayList.forEach(ArrayList.java:1604)
	at org.junit.platform.engine.support.hierarchical.SameThreadHierarchicalTestExecutorService.invokeAll(SameThreadHierarchicalTestExecutorService.java:41)
	at org.junit.platform.engine.support.hierarchical.NodeTestTask.lambda$executeRecursively$6(NodeTestTask.java:160)
	at org.junit.platform.engine.support.hierarchical.ThrowableCollector.execute(ThrowableCollector.java:73)
	at org.junit.platform.engine.support.hierarchical.NodeTestTask.lambda$executeRecursively$8(NodeTestTask.java:146)
	at org.junit.platform.engine.support.hierarchical.Node.around(Node.java:137)
	at org.junit.platform.engine.support.hierarchical.NodeTestTask.lambda$executeRecursively$9(NodeTestTask.java:144)
	at org.junit.platform.engine.support.hierarchical.ThrowableCollector.execute(ThrowableCollector.java:73)
	at org.junit.platform.engine.support.hierarchical.NodeTestTask.executeRecursively(NodeTestTask.java:143)
	at org.junit.platform.engine.support.hierarchical.NodeTestTask.execute(NodeTestTask.java:100)
	at java.base/java.util.ArrayList.forEach(ArrayList.java:1604)
	at org.junit.platform.engine.support.hierarchical.SameThreadHierarchicalTestExecutorService.invokeAll(SameThreadHierarchicalTestExecutorService.java:41)
	at org.junit.platform.engine.support.hierarchical.NodeTestTask.lambda$executeRecursively$6(NodeTestTask.java:160)
	at org.junit.platform.engine.support.hierarchical.ThrowableCollector.execute(ThrowableCollector.java:73)
	at org.junit.platform.engine.support.hierarchical.NodeTestTask.lambda$executeRecursively$8(NodeTestTask.java:146)
	at org.junit.platform.engine.support.hierarchical.Node.around(Node.java:137)
	at org.junit.platform.engine.support.hierarchical.NodeTestTask.lambda$executeRecursively$9(NodeTestTask.java:144)
	at org.junit.platform.engine.support.hierarchical.ThrowableCollector.execute(ThrowableCollector.java:73)
	at org.junit.platform.engine.support.hierarchical.NodeTestTask.executeRecursively(NodeTestTask.java:143)
	at org.junit.platform.engine.support.hierarchical.NodeTestTask.execute(NodeTestTask.java:100)
	at org.junit.platform.engine.support.hierarchical.SameThreadHierarchicalTestExecutorService.submit(SameThreadHierarchicalTestExecutorService.java:35)
	at org.junit.platform.engine.support.hierarchical.HierarchicalTestExecutor.execute(HierarchicalTestExecutor.java:57)
	at org.junit.platform.engine.support.hierarchical.HierarchicalTestEngine.execute(HierarchicalTestEngine.java:54)
	at org.junit.platform.launcher.core.EngineExecutionOrchestrator.execute(EngineExecutionOrchestrator.java:198)
	at org.junit.platform.launcher.core.EngineExecutionOrchestrator.execute(EngineExecutionOrchestrator.java:169)
	at org.junit.platform.launcher.core.EngineExecutionOrchestrator.execute(EngineExecutionOrchestrator.java:93)
	at org.junit.platform.launcher.core.EngineExecutionOrchestrator.lambda$execute$0(EngineExecutionOrchestrator.java:58)
	at org.junit.platform.launcher.core.EngineExecutionOrchestrator.withInterceptedStreams(EngineExecutionOrchestrator.java:141)
	at org.junit.platform.launcher.core.EngineExecutionOrchestrator.execute(EngineExecutionOrchestrator.java:57)
	at org.junit.platform.launcher.core.DefaultLauncher.execute(DefaultLauncher.java:103)
	at org.junit.platform.launcher.core.DefaultLauncher.execute(DefaultLauncher.java:85)
	at org.junit.platform.launcher.core.DelegatingLauncher.execute(DelegatingLauncher.java:47)
	at org.apache.maven.surefire.junitplatform.LazyLauncher.execute(LazyLauncher.java:56)
	at org.apache.maven.surefire.junitplatform.JUnitPlatformProvider.execute(JUnitPlatformProvider.java:184)
	at org.apache.maven.surefire.junitplatform.JUnitPlatformProvider.invokeAllTests(JUnitPlatformProvider.java:148)
	at org.apache.maven.surefire.junitplatform.JUnitPlatformProvider.invoke(JUnitPlatformProvider.java:122)
	at org.apache.maven.surefire.booter.ForkedBooter.runSuitesInProcess(ForkedBooter.java:385)
	at org.apache.maven.surefire.booter.ForkedBooter.execute(ForkedBooter.java:162)
	at org.apache.maven.surefire.booter.ForkedBooter.run(ForkedBooter.java:507)
	at org.apache.maven.surefire.booter.ForkedBooter.main(ForkedBooter.java:495)
15:17:19.522 [main] WARN com.tngtech.archunit.core.importer.ClassFileProcessor -- Error during import from jrt:/java.base/java/lang/annotation/Inherited.class, falling back to simple import
java.lang.IllegalArgumentException: Unsupported class file major version 68
	at com.tngtech.archunit.thirdparty.org.objectweb.asm.ClassReader.<init>(ClassReader.java:200)
	at com.tngtech.archunit.thirdparty.org.objectweb.asm.ClassReader.<init>(ClassReader.java:180)
	at com.tngtech.archunit.thirdparty.org.objectweb.asm.ClassReader.<init>(ClassReader.java:166)
	at com.tngtech.archunit.thirdparty.org.objectweb.asm.ClassReader.<init>(ClassReader.java:288)
	at com.tngtech.archunit.core.importer.ClassFileProcessor$UriImporterOfProcessor.tryImport(ClassFileProcessor.java:350)
	at com.tngtech.archunit.core.importer.resolvers.ClassResolverFromClasspath.tryResolve(ClassResolverFromClasspath.java:51)
	at com.tngtech.archunit.core.importer.ImportedClasses.resolve(ImportedClasses.java:80)
	at com.tngtech.archunit.core.importer.ImportedClasses.ensurePresent(ImportedClasses.java:75)
	at com.tngtech.archunit.core.importer.DependencyResolutionProcess.executeRun(DependencyResolutionProcess.java:146)
	at com.tngtech.archunit.core.importer.DependencyResolutionProcess.resolve(DependencyResolutionProcess.java:122)
	at com.tngtech.archunit.core.importer.ClassGraphCreator.complete(ClassGraphCreator.java:107)
	at com.tngtech.archunit.core.importer.ClassFileProcessor.process(ClassFileProcessor.java:75)
	at com.tngtech.archunit.core.importer.ClassFileImporter.importLocations(ClassFileImporter.java:325)
	at com.tngtech.archunit.junit.internal.ClassCache$CacheClassFileImporter.importClasses(ClassCache.java:126)
	at com.tngtech.archunit.junit.internal.ClassCache$LazyJavaClasses.initialize(ClassCache.java:118)
	at com.tngtech.archunit.junit.internal.ClassCache$LazyJavaClasses.get(ClassCache.java:107)
	at com.tngtech.archunit.junit.internal.ClassCache.getClassesToAnalyzeFor(ClassCache.java:84)
	at com.tngtech.archunit.junit.internal.ArchUnitTestDescriptor.lambda$createChildren$1(ArchUnitTestDescriptor.java:90)
	at com.tngtech.archunit.junit.internal.ArchUnitTestDescriptor$ArchUnitRuleDescriptor.execute(ArchUnitTestDescriptor.java:167)
	at com.tngtech.archunit.junit.internal.ArchUnitTestDescriptor$ArchUnitRuleDescriptor.execute(ArchUnitTestDescriptor.java:150)
	at org.junit.platform.engine.support.hierarchical.NodeTestTask.lambda$executeRecursively$6(NodeTestTask.java:156)
	at org.junit.platform.engine.support.hierarchical.ThrowableCollector.execute(ThrowableCollector.java:73)
	at org.junit.platform.engine.support.hierarchical.NodeTestTask.lambda$executeRecursively$8(NodeTestTask.java:146)
	at org.junit.platform.engine.support.hierarchical.Node.around(Node.java:137)
	at org.junit.platform.engine.support.hierarchical.NodeTestTask.lambda$executeRecursively$9(NodeTestTask.java:144)
	at org.junit.platform.engine.support.hierarchical.ThrowableCollector.execute(ThrowableCollector.java:73)
	at org.junit.platform.engine.support.hierarchical.NodeTestTask.executeRecursively(NodeTestTask.java:143)
	at org.junit.platform.engine.support.hierarchical.NodeTestTask.execute(NodeTestTask.java:100)
	at java.base/java.util.ArrayList.forEach(ArrayList.java:1604)
	at org.junit.platform.engine.support.hierarchical.SameThreadHierarchicalTestExecutorService.invokeAll(SameThreadHierarchicalTestExecutorService.java:41)
	at org.junit.platform.engine.support.hierarchical.NodeTestTask.lambda$executeRecursively$6(NodeTestTask.java:160)
	at org.junit.platform.engine.support.hierarchical.ThrowableCollector.execute(ThrowableCollector.java:73)
	at org.junit.platform.engine.support.hierarchical.NodeTestTask.lambda$executeRecursively$8(NodeTestTask.java:146)
	at org.junit.platform.engine.support.hierarchical.Node.around(Node.java:137)
	at org.junit.platform.engine.support.hierarchical.NodeTestTask.lambda$executeRecursively$9(NodeTestTask.java:144)
	at org.junit.platform.engine.support.hierarchical.ThrowableCollector.execute(ThrowableCollector.java:73)
	at org.junit.platform.engine.support.hierarchical.NodeTestTask.executeRecursively(NodeTestTask.java:143)
	at org.junit.platform.engine.support.hierarchical.NodeTestTask.execute(NodeTestTask.java:100)
	at java.base/java.util.ArrayList.forEach(ArrayList.java:1604)
	at org.junit.platform.engine.support.hierarchical.SameThreadHierarchicalTestExecutorService.invokeAll(SameThreadHierarchicalTestExecutorService.java:41)
	at org.junit.platform.engine.support.hierarchical.NodeTestTask.lambda$executeRecursively$6(NodeTestTask.java:160)
	at org.junit.platform.engine.support.hierarchical.ThrowableCollector.execute(ThrowableCollector.java:73)
	at org.junit.platform.engine.support.hierarchical.NodeTestTask.lambda$executeRecursively$8(NodeTestTask.java:146)
	at org.junit.platform.engine.support.hierarchical.Node.around(Node.java:137)
	at org.junit.platform.engine.support.hierarchical.NodeTestTask.lambda$executeRecursively$9(NodeTestTask.java:144)
	at org.junit.platform.engine.support.hierarchical.ThrowableCollector.execute(ThrowableCollector.java:73)
	at org.junit.platform.engine.support.hierarchical.NodeTestTask.executeRecursively(NodeTestTask.java:143)
	at org.junit.platform.engine.support.hierarchical.NodeTestTask.execute(NodeTestTask.java:100)
	at org.junit.platform.engine.support.hierarchical.SameThreadHierarchicalTestExecutorService.submit(SameThreadHierarchicalTestExecutorService.java:35)
	at org.junit.platform.engine.support.hierarchical.HierarchicalTestExecutor.execute(HierarchicalTestExecutor.java:57)
	at org.junit.platform.engine.support.hierarchical.HierarchicalTestEngine.execute(HierarchicalTestEngine.java:54)
	at org.junit.platform.launcher.core.EngineExecutionOrchestrator.execute(EngineExecutionOrchestrator.java:198)
	at org.junit.platform.launcher.core.EngineExecutionOrchestrator.execute(EngineExecutionOrchestrator.java:169)
	at org.junit.platform.launcher.core.EngineExecutionOrchestrator.execute(EngineExecutionOrchestrator.java:93)
	at org.junit.platform.launcher.core.EngineExecutionOrchestrator.lambda$execute$0(EngineExecutionOrchestrator.java:58)
	at org.junit.platform.launcher.core.EngineExecutionOrchestrator.withInterceptedStreams(EngineExecutionOrchestrator.java:141)
	at org.junit.platform.launcher.core.EngineExecutionOrchestrator.execute(EngineExecutionOrchestrator.java:57)
	at org.junit.platform.launcher.core.DefaultLauncher.execute(DefaultLauncher.java:103)
	at org.junit.platform.launcher.core.DefaultLauncher.execute(DefaultLauncher.java:85)
	at org.junit.platform.launcher.core.DelegatingLauncher.execute(DelegatingLauncher.java:47)
	at org.apache.maven.surefire.junitplatform.LazyLauncher.execute(LazyLauncher.java:56)
	at org.apache.maven.surefire.junitplatform.JUnitPlatformProvider.execute(JUnitPlatformProvider.java:184)
	at org.apache.maven.surefire.junitplatform.JUnitPlatformProvider.invokeAllTests(JUnitPlatformProvider.java:148)
	at org.apache.maven.surefire.junitplatform.JUnitPlatformProvider.invoke(JUnitPlatformProvider.java:122)
	at org.apache.maven.surefire.booter.ForkedBooter.runSuitesInProcess(ForkedBooter.java:385)
	at org.apache.maven.surefire.booter.ForkedBooter.execute(ForkedBooter.java:162)
	at org.apache.maven.surefire.booter.ForkedBooter.run(ForkedBooter.java:507)
	at org.apache.maven.surefire.booter.ForkedBooter.main(ForkedBooter.java:495)
15:17:19.524 [main] WARN com.tngtech.archunit.core.importer.ClassFileProcessor -- Error during import from jrt:/java.base/java/lang/Integer.class, falling back to simple import
java.lang.IllegalArgumentException: Unsupported class file major version 68
	at com.tngtech.archunit.thirdparty.org.objectweb.asm.ClassReader.<init>(ClassReader.java:200)
	at com.tngtech.archunit.thirdparty.org.objectweb.asm.ClassReader.<init>(ClassReader.java:180)
	at com.tngtech.archunit.thirdparty.org.objectweb.asm.ClassReader.<init>(ClassReader.java:166)
	at com.tngtech.archunit.thirdparty.org.objectweb.asm.ClassReader.<init>(ClassReader.java:288)
	at com.tngtech.archunit.core.importer.ClassFileProcessor$UriImporterOfProcessor.tryImport(ClassFileProcessor.java:350)
	at com.tngtech.archunit.core.importer.resolvers.ClassResolverFromClasspath.tryResolve(ClassResolverFromClasspath.java:51)
	at com.tngtech.archunit.core.importer.ImportedClasses.resolve(ImportedClasses.java:80)
	at com.tngtech.archunit.core.importer.ImportedClasses.ensurePresent(ImportedClasses.java:75)
	at com.tngtech.archunit.core.importer.DependencyResolutionProcess.executeRun(DependencyResolutionProcess.java:146)
	at com.tngtech.archunit.core.importer.DependencyResolutionProcess.resolve(DependencyResolutionProcess.java:122)
	at com.tngtech.archunit.core.importer.ClassGraphCreator.complete(ClassGraphCreator.java:107)
	at com.tngtech.archunit.core.importer.ClassFileProcessor.process(ClassFileProcessor.java:75)
	at com.tngtech.archunit.core.importer.ClassFileImporter.importLocations(ClassFileImporter.java:325)
	at com.tngtech.archunit.junit.internal.ClassCache$CacheClassFileImporter.importClasses(ClassCache.java:126)
	at com.tngtech.archunit.junit.internal.ClassCache$LazyJavaClasses.initialize(ClassCache.java:118)
	at com.tngtech.archunit.junit.internal.ClassCache$LazyJavaClasses.get(ClassCache.java:107)
	at com.tngtech.archunit.junit.internal.ClassCache.getClassesToAnalyzeFor(ClassCache.java:84)
	at com.tngtech.archunit.junit.internal.ArchUnitTestDescriptor.lambda$createChildren$1(ArchUnitTestDescriptor.java:90)
	at com.tngtech.archunit.junit.internal.ArchUnitTestDescriptor$ArchUnitRuleDescriptor.execute(ArchUnitTestDescriptor.java:167)
	at com.tngtech.archunit.junit.internal.ArchUnitTestDescriptor$ArchUnitRuleDescriptor.execute(ArchUnitTestDescriptor.java:150)
	at org.junit.platform.engine.support.hierarchical.NodeTestTask.lambda$executeRecursively$6(NodeTestTask.java:156)
	at org.junit.platform.engine.support.hierarchical.ThrowableCollector.execute(ThrowableCollector.java:73)
	at org.junit.platform.engine.support.hierarchical.NodeTestTask.lambda$executeRecursively$8(NodeTestTask.java:146)
	at org.junit.platform.engine.support.hierarchical.Node.around(Node.java:137)
	at org.junit.platform.engine.support.hierarchical.NodeTestTask.lambda$executeRecursively$9(NodeTestTask.java:144)
	at org.junit.platform.engine.support.hierarchical.ThrowableCollector.execute(ThrowableCollector.java:73)
	at org.junit.platform.engine.support.hierarchical.NodeTestTask.executeRecursively(NodeTestTask.java:143)
	at org.junit.platform.engine.support.hierarchical.NodeTestTask.execute(NodeTestTask.java:100)
	at java.base/java.util.ArrayList.forEach(ArrayList.java:1604)
	at org.junit.platform.engine.support.hierarchical.SameThreadHierarchicalTestExecutorService.invokeAll(SameThreadHierarchicalTestExecutorService.java:41)
	at org.junit.platform.engine.support.hierarchical.NodeTestTask.lambda$executeRecursively$6(NodeTestTask.java:160)
	at org.junit.platform.engine.support.hierarchical.ThrowableCollector.execute(ThrowableCollector.java:73)
	at org.junit.platform.engine.support.hierarchical.NodeTestTask.lambda$executeRecursively$8(NodeTestTask.java:146)
	at org.junit.platform.engine.support.hierarchical.Node.around(Node.java:137)
	at org.junit.platform.engine.support.hierarchical.NodeTestTask.lambda$executeRecursively$9(NodeTestTask.java:144)
	at org.junit.platform.engine.support.hierarchical.ThrowableCollector.execute(ThrowableCollector.java:73)
	at org.junit.platform.engine.support.hierarchical.NodeTestTask.executeRecursively(NodeTestTask.java:143)
	at org.junit.platform.engine.support.hierarchical.NodeTestTask.execute(NodeTestTask.java:100)
	at java.base/java.util.ArrayList.forEach(ArrayList.java:1604)
	at org.junit.platform.engine.support.hierarchical.SameThreadHierarchicalTestExecutorService.invokeAll(SameThreadHierarchicalTestExecutorService.java:41)
	at org.junit.platform.engine.support.hierarchical.NodeTestTask.lambda$executeRecursively$6(NodeTestTask.java:160)
	at org.junit.platform.engine.support.hierarchical.ThrowableCollector.execute(ThrowableCollector.java:73)
	at org.junit.platform.engine.support.hierarchical.NodeTestTask.lambda$executeRecursively$8(NodeTestTask.java:146)
	at org.junit.platform.engine.support.hierarchical.Node.around(Node.java:137)
	at org.junit.platform.engine.support.hierarchical.NodeTestTask.lambda$executeRecursively$9(NodeTestTask.java:144)
	at org.junit.platform.engine.support.hierarchical.ThrowableCollector.execute(ThrowableCollector.java:73)
	at org.junit.platform.engine.support.hierarchical.NodeTestTask.executeRecursively(NodeTestTask.java:143)
	at org.junit.platform.engine.support.hierarchical.NodeTestTask.execute(NodeTestTask.java:100)
	at org.junit.platform.engine.support.hierarchical.SameThreadHierarchicalTestExecutorService.submit(SameThreadHierarchicalTestExecutorService.java:35)
	at org.junit.platform.engine.support.hierarchical.HierarchicalTestExecutor.execute(HierarchicalTestExecutor.java:57)
	at org.junit.platform.engine.support.hierarchical.HierarchicalTestEngine.execute(HierarchicalTestEngine.java:54)
	at org.junit.platform.launcher.core.EngineExecutionOrchestrator.execute(EngineExecutionOrchestrator.java:198)
	at org.junit.platform.launcher.core.EngineExecutionOrchestrator.execute(EngineExecutionOrchestrator.java:169)
	at org.junit.platform.launcher.core.EngineExecutionOrchestrator.execute(EngineExecutionOrchestrator.java:93)
	at org.junit.platform.launcher.core.EngineExecutionOrchestrator.lambda$execute$0(EngineExecutionOrchestrator.java:58)
	at org.junit.platform.launcher.core.EngineExecutionOrchestrator.withInterceptedStreams(EngineExecutionOrchestrator.java:141)
	at org.junit.platform.launcher.core.EngineExecutionOrchestrator.execute(EngineExecutionOrchestrator.java:57)
	at org.junit.platform.launcher.core.DefaultLauncher.execute(DefaultLauncher.java:103)
	at org.junit.platform.launcher.core.DefaultLauncher.execute(DefaultLauncher.java:85)
	at org.junit.platform.launcher.core.DelegatingLauncher.execute(DelegatingLauncher.java:47)
	at org.apache.maven.surefire.junitplatform.LazyLauncher.execute(LazyLauncher.java:56)
	at org.apache.maven.surefire.junitplatform.JUnitPlatformProvider.execute(JUnitPlatformProvider.java:184)
	at org.apache.maven.surefire.junitplatform.JUnitPlatformProvider.invokeAllTests(JUnitPlatformProvider.java:148)
	at org.apache.maven.surefire.junitplatform.JUnitPlatformProvider.invoke(JUnitPlatformProvider.java:122)
	at org.apache.maven.surefire.booter.ForkedBooter.runSuitesInProcess(ForkedBooter.java:385)
	at org.apache.maven.surefire.booter.ForkedBooter.execute(ForkedBooter.java:162)
	at org.apache.maven.surefire.booter.ForkedBooter.run(ForkedBooter.java:507)
	at org.apache.maven.surefire.booter.ForkedBooter.main(ForkedBooter.java:495)
15:17:19.530 [main] WARN com.tngtech.archunit.core.importer.ClassFileProcessor -- Error during import from jrt:/java.base/java/math/BigInteger.class, falling back to simple import
java.lang.IllegalArgumentException: Unsupported class file major version 68
	at com.tngtech.archunit.thirdparty.org.objectweb.asm.ClassReader.<init>(ClassReader.java:200)
	at com.tngtech.archunit.thirdparty.org.objectweb.asm.ClassReader.<init>(ClassReader.java:180)
	at com.tngtech.archunit.thirdparty.org.objectweb.asm.ClassReader.<init>(ClassReader.java:166)
	at com.tngtech.archunit.thirdparty.org.objectweb.asm.ClassReader.<init>(ClassReader.java:288)
	at com.tngtech.archunit.core.importer.ClassFileProcessor$UriImporterOfProcessor.tryImport(ClassFileProcessor.java:350)
	at com.tngtech.archunit.core.importer.resolvers.ClassResolverFromClasspath.tryResolve(ClassResolverFromClasspath.java:51)
	at com.tngtech.archunit.core.importer.ImportedClasses.resolve(ImportedClasses.java:80)
	at com.tngtech.archunit.core.importer.ImportedClasses.ensurePresent(ImportedClasses.java:75)
	at com.tngtech.archunit.core.importer.DependencyResolutionProcess.executeRun(DependencyResolutionProcess.java:146)
	at com.tngtech.archunit.core.importer.DependencyResolutionProcess.resolve(DependencyResolutionProcess.java:122)
	at com.tngtech.archunit.core.importer.ClassGraphCreator.complete(ClassGraphCreator.java:107)
	at com.tngtech.archunit.core.importer.ClassFileProcessor.process(ClassFileProcessor.java:75)
	at com.tngtech.archunit.core.importer.ClassFileImporter.importLocations(ClassFileImporter.java:325)
	at com.tngtech.archunit.junit.internal.ClassCache$CacheClassFileImporter.importClasses(ClassCache.java:126)
	at com.tngtech.archunit.junit.internal.ClassCache$LazyJavaClasses.initialize(ClassCache.java:118)
	at com.tngtech.archunit.junit.internal.ClassCache$LazyJavaClasses.get(ClassCache.java:107)
	at com.tngtech.archunit.junit.internal.ClassCache.getClassesToAnalyzeFor(ClassCache.java:84)
	at com.tngtech.archunit.junit.internal.ArchUnitTestDescriptor.lambda$createChildren$1(ArchUnitTestDescriptor.java:90)
	at com.tngtech.archunit.junit.internal.ArchUnitTestDescriptor$ArchUnitRuleDescriptor.execute(ArchUnitTestDescriptor.java:167)
	at com.tngtech.archunit.junit.internal.ArchUnitTestDescriptor$ArchUnitRuleDescriptor.execute(ArchUnitTestDescriptor.java:150)
	at org.junit.platform.engine.support.hierarchical.NodeTestTask.lambda$executeRecursively$6(NodeTestTask.java:156)
	at org.junit.platform.engine.support.hierarchical.ThrowableCollector.execute(ThrowableCollector.java:73)
	at org.junit.platform.engine.support.hierarchical.NodeTestTask.lambda$executeRecursively$8(NodeTestTask.java:146)
	at org.junit.platform.engine.support.hierarchical.Node.around(Node.java:137)
	at org.junit.platform.engine.support.hierarchical.NodeTestTask.lambda$executeRecursively$9(NodeTestTask.java:144)
	at org.junit.platform.engine.support.hierarchical.ThrowableCollector.execute(ThrowableCollector.java:73)
	at org.junit.platform.engine.support.hierarchical.NodeTestTask.executeRecursively(NodeTestTask.java:143)
	at org.junit.platform.engine.support.hierarchical.NodeTestTask.execute(NodeTestTask.java:100)
	at java.base/java.util.ArrayList.forEach(ArrayList.java:1604)
	at org.junit.platform.engine.support.hierarchical.SameThreadHierarchicalTestExecutorService.invokeAll(SameThreadHierarchicalTestExecutorService.java:41)
	at org.junit.platform.engine.support.hierarchical.NodeTestTask.lambda$executeRecursively$6(NodeTestTask.java:160)
	at org.junit.platform.engine.support.hierarchical.ThrowableCollector.execute(ThrowableCollector.java:73)
	at org.junit.platform.engine.support.hierarchical.NodeTestTask.lambda$executeRecursively$8(NodeTestTask.java:146)
	at org.junit.platform.engine.support.hierarchical.Node.around(Node.java:137)
	at org.junit.platform.engine.support.hierarchical.NodeTestTask.lambda$executeRecursively$9(NodeTestTask.java:144)
	at org.junit.platform.engine.support.hierarchical.ThrowableCollector.execute(ThrowableCollector.java:73)
	at org.junit.platform.engine.support.hierarchical.NodeTestTask.executeRecursively(NodeTestTask.java:143)
	at org.junit.platform.engine.support.hierarchical.NodeTestTask.execute(NodeTestTask.java:100)
	at java.base/java.util.ArrayList.forEach(ArrayList.java:1604)
	at org.junit.platform.engine.support.hierarchical.SameThreadHierarchicalTestExecutorService.invokeAll(SameThreadHierarchicalTestExecutorService.java:41)
	at org.junit.platform.engine.support.hierarchical.NodeTestTask.lambda$executeRecursively$6(NodeTestTask.java:160)
	at org.junit.platform.engine.support.hierarchical.ThrowableCollector.execute(ThrowableCollector.java:73)
	at org.junit.platform.engine.support.hierarchical.NodeTestTask.lambda$executeRecursively$8(NodeTestTask.java:146)
	at org.junit.platform.engine.support.hierarchical.Node.around(Node.java:137)
	at org.junit.platform.engine.support.hierarchical.NodeTestTask.lambda$executeRecursively$9(NodeTestTask.java:144)
	at org.junit.platform.engine.support.hierarchical.ThrowableCollector.execute(ThrowableCollector.java:73)
	at org.junit.platform.engine.support.hierarchical.NodeTestTask.executeRecursively(NodeTestTask.java:143)
	at org.junit.platform.engine.support.hierarchical.NodeTestTask.execute(NodeTestTask.java:100)
	at org.junit.platform.engine.support.hierarchical.SameThreadHierarchicalTestExecutorService.submit(SameThreadHierarchicalTestExecutorService.java:35)
	at org.junit.platform.engine.support.hierarchical.HierarchicalTestExecutor.execute(HierarchicalTestExecutor.java:57)
	at org.junit.platform.engine.support.hierarchical.HierarchicalTestEngine.execute(HierarchicalTestEngine.java:54)
	at org.junit.platform.launcher.core.EngineExecutionOrchestrator.execute(EngineExecutionOrchestrator.java:198)
	at org.junit.platform.launcher.core.EngineExecutionOrchestrator.execute(EngineExecutionOrchestrator.java:169)
	at org.junit.platform.launcher.core.EngineExecutionOrchestrator.execute(EngineExecutionOrchestrator.java:93)
	at org.junit.platform.launcher.core.EngineExecutionOrchestrator.lambda$execute$0(EngineExecutionOrchestrator.java:58)
	at org.junit.platform.launcher.core.EngineExecutionOrchestrator.withInterceptedStreams(EngineExecutionOrchestrator.java:141)
	at org.junit.platform.launcher.core.EngineExecutionOrchestrator.execute(EngineExecutionOrchestrator.java:57)
	at org.junit.platform.launcher.core.DefaultLauncher.execute(DefaultLauncher.java:103)
	at org.junit.platform.launcher.core.DefaultLauncher.execute(DefaultLauncher.java:85)
	at org.junit.platform.launcher.core.DelegatingLauncher.execute(DelegatingLauncher.java:47)
	at org.apache.maven.surefire.junitplatform.LazyLauncher.execute(LazyLauncher.java:56)
	at org.apache.maven.surefire.junitplatform.JUnitPlatformProvider.execute(JUnitPlatformProvider.java:184)
	at org.apache.maven.surefire.junitplatform.JUnitPlatformProvider.invokeAllTests(JUnitPlatformProvider.java:148)
	at org.apache.maven.surefire.junitplatform.JUnitPlatformProvider.invoke(JUnitPlatformProvider.java:122)
	at org.apache.maven.surefire.booter.ForkedBooter.runSuitesInProcess(ForkedBooter.java:385)
	at org.apache.maven.surefire.booter.ForkedBooter.execute(ForkedBooter.java:162)
	at org.apache.maven.surefire.booter.ForkedBooter.run(ForkedBooter.java:507)
	at org.apache.maven.surefire.booter.ForkedBooter.main(ForkedBooter.java:495)
15:17:19.534 [main] WARN com.tngtech.archunit.core.importer.ClassFileProcessor -- Error during import from jrt:/java.base/java/lang/CharSequence.class, falling back to simple import
java.lang.IllegalArgumentException: Unsupported class file major version 68
	at com.tngtech.archunit.thirdparty.org.objectweb.asm.ClassReader.<init>(ClassReader.java:200)
	at com.tngtech.archunit.thirdparty.org.objectweb.asm.ClassReader.<init>(ClassReader.java:180)
	at com.tngtech.archunit.thirdparty.org.objectweb.asm.ClassReader.<init>(ClassReader.java:166)
	at com.tngtech.archunit.thirdparty.org.objectweb.asm.ClassReader.<init>(ClassReader.java:288)
	at com.tngtech.archunit.core.importer.ClassFileProcessor$UriImporterOfProcessor.tryImport(ClassFileProcessor.java:350)
	at com.tngtech.archunit.core.importer.resolvers.ClassResolverFromClasspath.tryResolve(ClassResolverFromClasspath.java:51)
	at com.tngtech.archunit.core.importer.ImportedClasses.resolve(ImportedClasses.java:80)
	at com.tngtech.archunit.core.importer.ImportedClasses.ensurePresent(ImportedClasses.java:75)
	at com.tngtech.archunit.core.importer.DependencyResolutionProcess.executeRun(DependencyResolutionProcess.java:146)
	at com.tngtech.archunit.core.importer.DependencyResolutionProcess.resolve(DependencyResolutionProcess.java:122)
	at com.tngtech.archunit.core.importer.ClassGraphCreator.complete(ClassGraphCreator.java:107)
	at com.tngtech.archunit.core.importer.ClassFileProcessor.process(ClassFileProcessor.java:75)
	at com.tngtech.archunit.core.importer.ClassFileImporter.importLocations(ClassFileImporter.java:325)
	at com.tngtech.archunit.junit.internal.ClassCache$CacheClassFileImporter.importClasses(ClassCache.java:126)
	at com.tngtech.archunit.junit.internal.ClassCache$LazyJavaClasses.initialize(ClassCache.java:118)
	at com.tngtech.archunit.junit.internal.ClassCache$LazyJavaClasses.get(ClassCache.java:107)
	at com.tngtech.archunit.junit.internal.ClassCache.getClassesToAnalyzeFor(ClassCache.java:84)
	at com.tngtech.archunit.junit.internal.ArchUnitTestDescriptor.lambda$createChildren$1(ArchUnitTestDescriptor.java:90)
	at com.tngtech.archunit.junit.internal.ArchUnitTestDescriptor$ArchUnitRuleDescriptor.execute(ArchUnitTestDescriptor.java:167)
	at com.tngtech.archunit.junit.internal.ArchUnitTestDescriptor$ArchUnitRuleDescriptor.execute(ArchUnitTestDescriptor.java:150)
	at org.junit.platform.engine.support.hierarchical.NodeTestTask.lambda$executeRecursively$6(NodeTestTask.java:156)
	at org.junit.platform.engine.support.hierarchical.ThrowableCollector.execute(ThrowableCollector.java:73)
	at org.junit.platform.engine.support.hierarchical.NodeTestTask.lambda$executeRecursively$8(NodeTestTask.java:146)
	at org.junit.platform.engine.support.hierarchical.Node.around(Node.java:137)
	at org.junit.platform.engine.support.hierarchical.NodeTestTask.lambda$executeRecursively$9(NodeTestTask.java:144)
	at org.junit.platform.engine.support.hierarchical.ThrowableCollector.execute(ThrowableCollector.java:73)
	at org.junit.platform.engine.support.hierarchical.NodeTestTask.executeRecursively(NodeTestTask.java:143)
	at org.junit.platform.engine.support.hierarchical.NodeTestTask.execute(NodeTestTask.java:100)
	at java.base/java.util.ArrayList.forEach(ArrayList.java:1604)
	at org.junit.platform.engine.support.hierarchical.SameThreadHierarchicalTestExecutorService.invokeAll(SameThreadHierarchicalTestExecutorService.java:41)
	at org.junit.platform.engine.support.hierarchical.NodeTestTask.lambda$executeRecursively$6(NodeTestTask.java:160)
	at org.junit.platform.engine.support.hierarchical.ThrowableCollector.execute(ThrowableCollector.java:73)
	at org.junit.platform.engine.support.hierarchical.NodeTestTask.lambda$executeRecursively$8(NodeTestTask.java:146)
	at org.junit.platform.engine.support.hierarchical.Node.around(Node.java:137)
	at org.junit.platform.engine.support.hierarchical.NodeTestTask.lambda$executeRecursively$9(NodeTestTask.java:144)
	at org.junit.platform.engine.support.hierarchical.ThrowableCollector.execute(ThrowableCollector.java:73)
	at org.junit.platform.engine.support.hierarchical.NodeTestTask.executeRecursively(NodeTestTask.java:143)
	at org.junit.platform.engine.support.hierarchical.NodeTestTask.execute(NodeTestTask.java:100)
	at java.base/java.util.ArrayList.forEach(ArrayList.java:1604)
	at org.junit.platform.engine.support.hierarchical.SameThreadHierarchicalTestExecutorService.invokeAll(SameThreadHierarchicalTestExecutorService.java:41)
	at org.junit.platform.engine.support.hierarchical.NodeTestTask.lambda$executeRecursively$6(NodeTestTask.java:160)
	at org.junit.platform.engine.support.hierarchical.ThrowableCollector.execute(ThrowableCollector.java:73)
	at org.junit.platform.engine.support.hierarchical.NodeTestTask.lambda$executeRecursively$8(NodeTestTask.java:146)
	at org.junit.platform.engine.support.hierarchical.Node.around(Node.java:137)
	at org.junit.platform.engine.support.hierarchical.NodeTestTask.lambda$executeRecursively$9(NodeTestTask.java:144)
	at org.junit.platform.engine.support.hierarchical.ThrowableCollector.execute(ThrowableCollector.java:73)
	at org.junit.platform.engine.support.hierarchical.NodeTestTask.executeRecursively(NodeTestTask.java:143)
	at org.junit.platform.engine.support.hierarchical.NodeTestTask.execute(NodeTestTask.java:100)
	at org.junit.platform.engine.support.hierarchical.SameThreadHierarchicalTestExecutorService.submit(SameThreadHierarchicalTestExecutorService.java:35)
	at org.junit.platform.engine.support.hierarchical.HierarchicalTestExecutor.execute(HierarchicalTestExecutor.java:57)
	at org.junit.platform.engine.support.hierarchical.HierarchicalTestEngine.execute(HierarchicalTestEngine.java:54)
	at org.junit.platform.launcher.core.EngineExecutionOrchestrator.execute(EngineExecutionOrchestrator.java:198)
	at org.junit.platform.launcher.core.EngineExecutionOrchestrator.execute(EngineExecutionOrchestrator.java:169)
	at org.junit.platform.launcher.core.EngineExecutionOrchestrator.execute(EngineExecutionOrchestrator.java:93)
	at org.junit.platform.launcher.core.EngineExecutionOrchestrator.lambda$execute$0(EngineExecutionOrchestrator.java:58)
	at org.junit.platform.launcher.core.EngineExecutionOrchestrator.withInterceptedStreams(EngineExecutionOrchestrator.java:141)
	at org.junit.platform.launcher.core.EngineExecutionOrchestrator.execute(EngineExecutionOrchestrator.java:57)
	at org.junit.platform.launcher.core.DefaultLauncher.execute(DefaultLauncher.java:103)
	at org.junit.platform.launcher.core.DefaultLauncher.execute(DefaultLauncher.java:85)
	at org.junit.platform.launcher.core.DelegatingLauncher.execute(DelegatingLauncher.java:47)
	at org.apache.maven.surefire.junitplatform.LazyLauncher.execute(LazyLauncher.java:56)
	at org.apache.maven.surefire.junitplatform.JUnitPlatformProvider.execute(JUnitPlatformProvider.java:184)
	at org.apache.maven.surefire.junitplatform.JUnitPlatformProvider.invokeAllTests(JUnitPlatformProvider.java:148)
	at org.apache.maven.surefire.junitplatform.JUnitPlatformProvider.invoke(JUnitPlatformProvider.java:122)
	at org.apache.maven.surefire.booter.ForkedBooter.runSuitesInProcess(ForkedBooter.java:385)
	at org.apache.maven.surefire.booter.ForkedBooter.execute(ForkedBooter.java:162)
	at org.apache.maven.surefire.booter.ForkedBooter.run(ForkedBooter.java:507)
	at org.apache.maven.surefire.booter.ForkedBooter.main(ForkedBooter.java:495)
15:17:19.536 [main] WARN com.tngtech.archunit.core.importer.ClassFileProcessor -- Error during import from jrt:/java.base/java/io/Serializable.class, falling back to simple import
java.lang.IllegalArgumentException: Unsupported class file major version 68
	at com.tngtech.archunit.thirdparty.org.objectweb.asm.ClassReader.<init>(ClassReader.java:200)
	at com.tngtech.archunit.thirdparty.org.objectweb.asm.ClassReader.<init>(ClassReader.java:180)
	at com.tngtech.archunit.thirdparty.org.objectweb.asm.ClassReader.<init>(ClassReader.java:166)
	at com.tngtech.archunit.thirdparty.org.objectweb.asm.ClassReader.<init>(ClassReader.java:288)
	at com.tngtech.archunit.core.importer.ClassFileProcessor$UriImporterOfProcessor.tryImport(ClassFileProcessor.java:350)
	at com.tngtech.archunit.core.importer.resolvers.ClassResolverFromClasspath.tryResolve(ClassResolverFromClasspath.java:51)
	at com.tngtech.archunit.core.importer.ImportedClasses.resolve(ImportedClasses.java:80)
	at com.tngtech.archunit.core.importer.ImportedClasses.ensurePresent(ImportedClasses.java:75)
	at com.tngtech.archunit.core.importer.DependencyResolutionProcess.executeRun(DependencyResolutionProcess.java:146)
	at com.tngtech.archunit.core.importer.DependencyResolutionProcess.resolve(DependencyResolutionProcess.java:122)
	at com.tngtech.archunit.core.importer.ClassGraphCreator.complete(ClassGraphCreator.java:107)
	at com.tngtech.archunit.core.importer.ClassFileProcessor.process(ClassFileProcessor.java:75)
	at com.tngtech.archunit.core.importer.ClassFileImporter.importLocations(ClassFileImporter.java:325)
	at com.tngtech.archunit.junit.internal.ClassCache$CacheClassFileImporter.importClasses(ClassCache.java:126)
	at com.tngtech.archunit.junit.internal.ClassCache$LazyJavaClasses.initialize(ClassCache.java:118)
	at com.tngtech.archunit.junit.internal.ClassCache$LazyJavaClasses.get(ClassCache.java:107)
	at com.tngtech.archunit.junit.internal.ClassCache.getClassesToAnalyzeFor(ClassCache.java:84)
	at com.tngtech.archunit.junit.internal.ArchUnitTestDescriptor.lambda$createChildren$1(ArchUnitTestDescriptor.java:90)
	at com.tngtech.archunit.junit.internal.ArchUnitTestDescriptor$ArchUnitRuleDescriptor.execute(ArchUnitTestDescriptor.java:167)
	at com.tngtech.archunit.junit.internal.ArchUnitTestDescriptor$ArchUnitRuleDescriptor.execute(ArchUnitTestDescriptor.java:150)
	at org.junit.platform.engine.support.hierarchical.NodeTestTask.lambda$executeRecursively$6(NodeTestTask.java:156)
	at org.junit.platform.engine.support.hierarchical.ThrowableCollector.execute(ThrowableCollector.java:73)
	at org.junit.platform.engine.support.hierarchical.NodeTestTask.lambda$executeRecursively$8(NodeTestTask.java:146)
	at org.junit.platform.engine.support.hierarchical.Node.around(Node.java:137)
	at org.junit.platform.engine.support.hierarchical.NodeTestTask.lambda$executeRecursively$9(NodeTestTask.java:144)
	at org.junit.platform.engine.support.hierarchical.ThrowableCollector.execute(ThrowableCollector.java:73)
	at org.junit.platform.engine.support.hierarchical.NodeTestTask.executeRecursively(NodeTestTask.java:143)
	at org.junit.platform.engine.support.hierarchical.NodeTestTask.execute(NodeTestTask.java:100)
	at java.base/java.util.ArrayList.forEach(ArrayList.java:1604)
	at org.junit.platform.engine.support.hierarchical.SameThreadHierarchicalTestExecutorService.invokeAll(SameThreadHierarchicalTestExecutorService.java:41)
	at org.junit.platform.engine.support.hierarchical.NodeTestTask.lambda$executeRecursively$6(NodeTestTask.java:160)
	at org.junit.platform.engine.support.hierarchical.ThrowableCollector.execute(ThrowableCollector.java:73)
	at org.junit.platform.engine.support.hierarchical.NodeTestTask.lambda$executeRecursively$8(NodeTestTask.java:146)
	at org.junit.platform.engine.support.hierarchical.Node.around(Node.java:137)
	at org.junit.platform.engine.support.hierarchical.NodeTestTask.lambda$executeRecursively$9(NodeTestTask.java:144)
	at org.junit.platform.engine.support.hierarchical.ThrowableCollector.execute(ThrowableCollector.java:73)
	at org.junit.platform.engine.support.hierarchical.NodeTestTask.executeRecursively(NodeTestTask.java:143)
	at org.junit.platform.engine.support.hierarchical.NodeTestTask.execute(NodeTestTask.java:100)
	at java.base/java.util.ArrayList.forEach(ArrayList.java:1604)
	at org.junit.platform.engine.support.hierarchical.SameThreadHierarchicalTestExecutorService.invokeAll(SameThreadHierarchicalTestExecutorService.java:41)
	at org.junit.platform.engine.support.hierarchical.NodeTestTask.lambda$executeRecursively$6(NodeTestTask.java:160)
	at org.junit.platform.engine.support.hierarchical.ThrowableCollector.execute(ThrowableCollector.java:73)
	at org.junit.platform.engine.support.hierarchical.NodeTestTask.lambda$executeRecursively$8(NodeTestTask.java:146)
	at org.junit.platform.engine.support.hierarchical.Node.around(Node.java:137)
	at org.junit.platform.engine.support.hierarchical.NodeTestTask.lambda$executeRecursively$9(NodeTestTask.java:144)
	at org.junit.platform.engine.support.hierarchical.ThrowableCollector.execute(ThrowableCollector.java:73)
	at org.junit.platform.engine.support.hierarchical.NodeTestTask.executeRecursively(NodeTestTask.java:143)
	at org.junit.platform.engine.support.hierarchical.NodeTestTask.execute(NodeTestTask.java:100)
	at org.junit.platform.engine.support.hierarchical.SameThreadHierarchicalTestExecutorService.submit(SameThreadHierarchicalTestExecutorService.java:35)
	at org.junit.platform.engine.support.hierarchical.HierarchicalTestExecutor.execute(HierarchicalTestExecutor.java:57)
	at org.junit.platform.engine.support.hierarchical.HierarchicalTestEngine.execute(HierarchicalTestEngine.java:54)
	at org.junit.platform.launcher.core.EngineExecutionOrchestrator.execute(EngineExecutionOrchestrator.java:198)
	at org.junit.platform.launcher.core.EngineExecutionOrchestrator.execute(EngineExecutionOrchestrator.java:169)
	at org.junit.platform.launcher.core.EngineExecutionOrchestrator.execute(EngineExecutionOrchestrator.java:93)
	at org.junit.platform.launcher.core.EngineExecutionOrchestrator.lambda$execute$0(EngineExecutionOrchestrator.java:58)
	at org.junit.platform.launcher.core.EngineExecutionOrchestrator.withInterceptedStreams(EngineExecutionOrchestrator.java:141)
	at org.junit.platform.launcher.core.EngineExecutionOrchestrator.execute(EngineExecutionOrchestrator.java:57)
	at org.junit.platform.launcher.core.DefaultLauncher.execute(DefaultLauncher.java:103)
	at org.junit.platform.launcher.core.DefaultLauncher.execute(DefaultLauncher.java:85)
	at org.junit.platform.launcher.core.DelegatingLauncher.execute(DelegatingLauncher.java:47)
	at org.apache.maven.surefire.junitplatform.LazyLauncher.execute(LazyLauncher.java:56)
	at org.apache.maven.surefire.junitplatform.JUnitPlatformProvider.execute(JUnitPlatformProvider.java:184)
	at org.apache.maven.surefire.junitplatform.JUnitPlatformProvider.invokeAllTests(JUnitPlatformProvider.java:148)
	at org.apache.maven.surefire.junitplatform.JUnitPlatformProvider.invoke(JUnitPlatformProvider.java:122)
	at org.apache.maven.surefire.booter.ForkedBooter.runSuitesInProcess(ForkedBooter.java:385)
	at org.apache.maven.surefire.booter.ForkedBooter.execute(ForkedBooter.java:162)
	at org.apache.maven.surefire.booter.ForkedBooter.run(ForkedBooter.java:507)
	at org.apache.maven.surefire.booter.ForkedBooter.main(ForkedBooter.java:495)
15:17:19.539 [main] WARN com.tngtech.archunit.core.importer.ClassFileProcessor -- Error during import from jrt:/java.base/java/util/EventListener.class, falling back to simple import
java.lang.IllegalArgumentException: Unsupported class file major version 68
	at com.tngtech.archunit.thirdparty.org.objectweb.asm.ClassReader.<init>(ClassReader.java:200)
	at com.tngtech.archunit.thirdparty.org.objectweb.asm.ClassReader.<init>(ClassReader.java:180)
	at com.tngtech.archunit.thirdparty.org.objectweb.asm.ClassReader.<init>(ClassReader.java:166)
	at com.tngtech.archunit.thirdparty.org.objectweb.asm.ClassReader.<init>(ClassReader.java:288)
	at com.tngtech.archunit.core.importer.ClassFileProcessor$UriImporterOfProcessor.tryImport(ClassFileProcessor.java:350)
	at com.tngtech.archunit.core.importer.resolvers.ClassResolverFromClasspath.tryResolve(ClassResolverFromClasspath.java:51)
	at com.tngtech.archunit.core.importer.ImportedClasses.resolve(ImportedClasses.java:80)
	at com.tngtech.archunit.core.importer.ImportedClasses.ensurePresent(ImportedClasses.java:75)
	at com.tngtech.archunit.core.importer.DependencyResolutionProcess.executeRun(DependencyResolutionProcess.java:146)
	at com.tngtech.archunit.core.importer.DependencyResolutionProcess.resolve(DependencyResolutionProcess.java:122)
	at com.tngtech.archunit.core.importer.ClassGraphCreator.complete(ClassGraphCreator.java:107)
	at com.tngtech.archunit.core.importer.ClassFileProcessor.process(ClassFileProcessor.java:75)
	at com.tngtech.archunit.core.importer.ClassFileImporter.importLocations(ClassFileImporter.java:325)
	at com.tngtech.archunit.junit.internal.ClassCache$CacheClassFileImporter.importClasses(ClassCache.java:126)
	at com.tngtech.archunit.junit.internal.ClassCache$LazyJavaClasses.initialize(ClassCache.java:118)
	at com.tngtech.archunit.junit.internal.ClassCache$LazyJavaClasses.get(ClassCache.java:107)
	at com.tngtech.archunit.junit.internal.ClassCache.getClassesToAnalyzeFor(ClassCache.java:84)
	at com.tngtech.archunit.junit.internal.ArchUnitTestDescriptor.lambda$createChildren$1(ArchUnitTestDescriptor.java:90)
	at com.tngtech.archunit.junit.internal.ArchUnitTestDescriptor$ArchUnitRuleDescriptor.execute(ArchUnitTestDescriptor.java:167)
	at com.tngtech.archunit.junit.internal.ArchUnitTestDescriptor$ArchUnitRuleDescriptor.execute(ArchUnitTestDescriptor.java:150)
	at org.junit.platform.engine.support.hierarchical.NodeTestTask.lambda$executeRecursively$6(NodeTestTask.java:156)
	at org.junit.platform.engine.support.hierarchical.ThrowableCollector.execute(ThrowableCollector.java:73)
	at org.junit.platform.engine.support.hierarchical.NodeTestTask.lambda$executeRecursively$8(NodeTestTask.java:146)
	at org.junit.platform.engine.support.hierarchical.Node.around(Node.java:137)
	at org.junit.platform.engine.support.hierarchical.NodeTestTask.lambda$executeRecursively$9(NodeTestTask.java:144)
	at org.junit.platform.engine.support.hierarchical.ThrowableCollector.execute(ThrowableCollector.java:73)
	at org.junit.platform.engine.support.hierarchical.NodeTestTask.executeRecursively(NodeTestTask.java:143)
	at org.junit.platform.engine.support.hierarchical.NodeTestTask.execute(NodeTestTask.java:100)
	at java.base/java.util.ArrayList.forEach(ArrayList.java:1604)
	at org.junit.platform.engine.support.hierarchical.SameThreadHierarchicalTestExecutorService.invokeAll(SameThreadHierarchicalTestExecutorService.java:41)
	at org.junit.platform.engine.support.hierarchical.NodeTestTask.lambda$executeRecursively$6(NodeTestTask.java:160)
	at org.junit.platform.engine.support.hierarchical.ThrowableCollector.execute(ThrowableCollector.java:73)
	at org.junit.platform.engine.support.hierarchical.NodeTestTask.lambda$executeRecursively$8(NodeTestTask.java:146)
	at org.junit.platform.engine.support.hierarchical.Node.around(Node.java:137)
	at org.junit.platform.engine.support.hierarchical.NodeTestTask.lambda$executeRecursively$9(NodeTestTask.java:144)
	at org.junit.platform.engine.support.hierarchical.ThrowableCollector.execute(ThrowableCollector.java:73)
	at org.junit.platform.engine.support.hierarchical.NodeTestTask.executeRecursively(NodeTestTask.java:143)
	at org.junit.platform.engine.support.hierarchical.NodeTestTask.execute(NodeTestTask.java:100)
	at java.base/java.util.ArrayList.forEach(ArrayList.java:1604)
	at org.junit.platform.engine.support.hierarchical.SameThreadHierarchicalTestExecutorService.invokeAll(SameThreadHierarchicalTestExecutorService.java:41)
	at org.junit.platform.engine.support.hierarchical.NodeTestTask.lambda$executeRecursively$6(NodeTestTask.java:160)
	at org.junit.platform.engine.support.hierarchical.ThrowableCollector.execute(ThrowableCollector.java:73)
	at org.junit.platform.engine.support.hierarchical.NodeTestTask.lambda$executeRecursively$8(NodeTestTask.java:146)
	at org.junit.platform.engine.support.hierarchical.Node.around(Node.java:137)
	at org.junit.platform.engine.support.hierarchical.NodeTestTask.lambda$executeRecursively$9(NodeTestTask.java:144)
	at org.junit.platform.engine.support.hierarchical.ThrowableCollector.execute(ThrowableCollector.java:73)
	at org.junit.platform.engine.support.hierarchical.NodeTestTask.executeRecursively(NodeTestTask.java:143)
	at org.junit.platform.engine.support.hierarchical.NodeTestTask.execute(NodeTestTask.java:100)
	at org.junit.platform.engine.support.hierarchical.SameThreadHierarchicalTestExecutorService.submit(SameThreadHierarchicalTestExecutorService.java:35)
	at org.junit.platform.engine.support.hierarchical.HierarchicalTestExecutor.execute(HierarchicalTestExecutor.java:57)
	at org.junit.platform.engine.support.hierarchical.HierarchicalTestEngine.execute(HierarchicalTestEngine.java:54)
	at org.junit.platform.launcher.core.EngineExecutionOrchestrator.execute(EngineExecutionOrchestrator.java:198)
	at org.junit.platform.launcher.core.EngineExecutionOrchestrator.execute(EngineExecutionOrchestrator.java:169)
	at org.junit.platform.launcher.core.EngineExecutionOrchestrator.execute(EngineExecutionOrchestrator.java:93)
	at org.junit.platform.launcher.core.EngineExecutionOrchestrator.lambda$execute$0(EngineExecutionOrchestrator.java:58)
	at org.junit.platform.launcher.core.EngineExecutionOrchestrator.withInterceptedStreams(EngineExecutionOrchestrator.java:141)
	at org.junit.platform.launcher.core.EngineExecutionOrchestrator.execute(EngineExecutionOrchestrator.java:57)
	at org.junit.platform.launcher.core.DefaultLauncher.execute(DefaultLauncher.java:103)
	at org.junit.platform.launcher.core.DefaultLauncher.execute(DefaultLauncher.java:85)
	at org.junit.platform.launcher.core.DelegatingLauncher.execute(DelegatingLauncher.java:47)
	at org.apache.maven.surefire.junitplatform.LazyLauncher.execute(LazyLauncher.java:56)
	at org.apache.maven.surefire.junitplatform.JUnitPlatformProvider.execute(JUnitPlatformProvider.java:184)
	at org.apache.maven.surefire.junitplatform.JUnitPlatformProvider.invokeAllTests(JUnitPlatformProvider.java:148)
	at org.apache.maven.surefire.junitplatform.JUnitPlatformProvider.invoke(JUnitPlatformProvider.java:122)
	at org.apache.maven.surefire.booter.ForkedBooter.runSuitesInProcess(ForkedBooter.java:385)
	at org.apache.maven.surefire.booter.ForkedBooter.execute(ForkedBooter.java:162)
	at org.apache.maven.surefire.booter.ForkedBooter.run(ForkedBooter.java:507)
	at org.apache.maven.surefire.booter.ForkedBooter.main(ForkedBooter.java:495)
15:17:19.544 [main] WARN com.tngtech.archunit.core.importer.ClassFileProcessor -- Error during import from jrt:/java.base/java/lang/ReflectiveOperationException.class, falling back to simple import
java.lang.IllegalArgumentException: Unsupported class file major version 68
	at com.tngtech.archunit.thirdparty.org.objectweb.asm.ClassReader.<init>(ClassReader.java:200)
	at com.tngtech.archunit.thirdparty.org.objectweb.asm.ClassReader.<init>(ClassReader.java:180)
	at com.tngtech.archunit.thirdparty.org.objectweb.asm.ClassReader.<init>(ClassReader.java:166)
	at com.tngtech.archunit.thirdparty.org.objectweb.asm.ClassReader.<init>(ClassReader.java:288)
	at com.tngtech.archunit.core.importer.ClassFileProcessor$UriImporterOfProcessor.tryImport(ClassFileProcessor.java:350)
	at com.tngtech.archunit.core.importer.resolvers.ClassResolverFromClasspath.tryResolve(ClassResolverFromClasspath.java:51)
	at com.tngtech.archunit.core.importer.ImportedClasses.resolve(ImportedClasses.java:80)
	at com.tngtech.archunit.core.importer.ImportedClasses.ensurePresent(ImportedClasses.java:75)
	at com.tngtech.archunit.core.importer.DependencyResolutionProcess.executeRun(DependencyResolutionProcess.java:146)
	at com.tngtech.archunit.core.importer.DependencyResolutionProcess.resolve(DependencyResolutionProcess.java:122)
	at com.tngtech.archunit.core.importer.ClassGraphCreator.complete(ClassGraphCreator.java:107)
	at com.tngtech.archunit.core.importer.ClassFileProcessor.process(ClassFileProcessor.java:75)
	at com.tngtech.archunit.core.importer.ClassFileImporter.importLocations(ClassFileImporter.java:325)
	at com.tngtech.archunit.junit.internal.ClassCache$CacheClassFileImporter.importClasses(ClassCache.java:126)
	at com.tngtech.archunit.junit.internal.ClassCache$LazyJavaClasses.initialize(ClassCache.java:118)
	at com.tngtech.archunit.junit.internal.ClassCache$LazyJavaClasses.get(ClassCache.java:107)
	at com.tngtech.archunit.junit.internal.ClassCache.getClassesToAnalyzeFor(ClassCache.java:84)
	at com.tngtech.archunit.junit.internal.ArchUnitTestDescriptor.lambda$createChildren$1(ArchUnitTestDescriptor.java:90)
	at com.tngtech.archunit.junit.internal.ArchUnitTestDescriptor$ArchUnitRuleDescriptor.execute(ArchUnitTestDescriptor.java:167)
	at com.tngtech.archunit.junit.internal.ArchUnitTestDescriptor$ArchUnitRuleDescriptor.execute(ArchUnitTestDescriptor.java:150)
	at org.junit.platform.engine.support.hierarchical.NodeTestTask.lambda$executeRecursively$6(NodeTestTask.java:156)
	at org.junit.platform.engine.support.hierarchical.ThrowableCollector.execute(ThrowableCollector.java:73)
	at org.junit.platform.engine.support.hierarchical.NodeTestTask.lambda$executeRecursively$8(NodeTestTask.java:146)
	at org.junit.platform.engine.support.hierarchical.Node.around(Node.java:137)
	at org.junit.platform.engine.support.hierarchical.NodeTestTask.lambda$executeRecursively$9(NodeTestTask.java:144)
	at org.junit.platform.engine.support.hierarchical.ThrowableCollector.execute(ThrowableCollector.java:73)
	at org.junit.platform.engine.support.hierarchical.NodeTestTask.executeRecursively(NodeTestTask.java:143)
	at org.junit.platform.engine.support.hierarchical.NodeTestTask.execute(NodeTestTask.java:100)
	at java.base/java.util.ArrayList.forEach(ArrayList.java:1604)
	at org.junit.platform.engine.support.hierarchical.SameThreadHierarchicalTestExecutorService.invokeAll(SameThreadHierarchicalTestExecutorService.java:41)
	at org.junit.platform.engine.support.hierarchical.NodeTestTask.lambda$executeRecursively$6(NodeTestTask.java:160)
	at org.junit.platform.engine.support.hierarchical.ThrowableCollector.execute(ThrowableCollector.java:73)
	at org.junit.platform.engine.support.hierarchical.NodeTestTask.lambda$executeRecursively$8(NodeTestTask.java:146)
	at org.junit.platform.engine.support.hierarchical.Node.around(Node.java:137)
	at org.junit.platform.engine.support.hierarchical.NodeTestTask.lambda$executeRecursively$9(NodeTestTask.java:144)
	at org.junit.platform.engine.support.hierarchical.ThrowableCollector.execute(ThrowableCollector.java:73)
	at org.junit.platform.engine.support.hierarchical.NodeTestTask.executeRecursively(NodeTestTask.java:143)
	at org.junit.platform.engine.support.hierarchical.NodeTestTask.execute(NodeTestTask.java:100)
	at java.base/java.util.ArrayList.forEach(ArrayList.java:1604)
	at org.junit.platform.engine.support.hierarchical.SameThreadHierarchicalTestExecutorService.invokeAll(SameThreadHierarchicalTestExecutorService.java:41)
	at org.junit.platform.engine.support.hierarchical.NodeTestTask.lambda$executeRecursively$6(NodeTestTask.java:160)
	at org.junit.platform.engine.support.hierarchical.ThrowableCollector.execute(ThrowableCollector.java:73)
	at org.junit.platform.engine.support.hierarchical.NodeTestTask.lambda$executeRecursively$8(NodeTestTask.java:146)
	at org.junit.platform.engine.support.hierarchical.Node.around(Node.java:137)
	at org.junit.platform.engine.support.hierarchical.NodeTestTask.lambda$executeRecursively$9(NodeTestTask.java:144)
	at org.junit.platform.engine.support.hierarchical.ThrowableCollector.execute(ThrowableCollector.java:73)
	at org.junit.platform.engine.support.hierarchical.NodeTestTask.executeRecursively(NodeTestTask.java:143)
	at org.junit.platform.engine.support.hierarchical.NodeTestTask.execute(NodeTestTask.java:100)
	at org.junit.platform.engine.support.hierarchical.SameThreadHierarchicalTestExecutorService.submit(SameThreadHierarchicalTestExecutorService.java:35)
	at org.junit.platform.engine.support.hierarchical.HierarchicalTestExecutor.execute(HierarchicalTestExecutor.java:57)
	at org.junit.platform.engine.support.hierarchical.HierarchicalTestEngine.execute(HierarchicalTestEngine.java:54)
	at org.junit.platform.launcher.core.EngineExecutionOrchestrator.execute(EngineExecutionOrchestrator.java:198)
	at org.junit.platform.launcher.core.EngineExecutionOrchestrator.execute(EngineExecutionOrchestrator.java:169)
	at org.junit.platform.launcher.core.EngineExecutionOrchestrator.execute(EngineExecutionOrchestrator.java:93)
	at org.junit.platform.launcher.core.EngineExecutionOrchestrator.lambda$execute$0(EngineExecutionOrchestrator.java:58)
	at org.junit.platform.launcher.core.EngineExecutionOrchestrator.withInterceptedStreams(EngineExecutionOrchestrator.java:141)
	at org.junit.platform.launcher.core.EngineExecutionOrchestrator.execute(EngineExecutionOrchestrator.java:57)
	at org.junit.platform.launcher.core.DefaultLauncher.execute(DefaultLauncher.java:103)
	at org.junit.platform.launcher.core.DefaultLauncher.execute(DefaultLauncher.java:85)
	at org.junit.platform.launcher.core.DelegatingLauncher.execute(DelegatingLauncher.java:47)
	at org.apache.maven.surefire.junitplatform.LazyLauncher.execute(LazyLauncher.java:56)
	at org.apache.maven.surefire.junitplatform.JUnitPlatformProvider.execute(JUnitPlatformProvider.java:184)
	at org.apache.maven.surefire.junitplatform.JUnitPlatformProvider.invokeAllTests(JUnitPlatformProvider.java:148)
	at org.apache.maven.surefire.junitplatform.JUnitPlatformProvider.invoke(JUnitPlatformProvider.java:122)
	at org.apache.maven.surefire.booter.ForkedBooter.runSuitesInProcess(ForkedBooter.java:385)
	at org.apache.maven.surefire.booter.ForkedBooter.execute(ForkedBooter.java:162)
	at org.apache.maven.surefire.booter.ForkedBooter.run(ForkedBooter.java:507)
	at org.apache.maven.surefire.booter.ForkedBooter.main(ForkedBooter.java:495)
15:17:19.549 [main] WARN com.tngtech.archunit.core.importer.ClassFileProcessor -- Error during import from jrt:/java.base/java/lang/SafeVarargs.class, falling back to simple import
java.lang.IllegalArgumentException: Unsupported class file major version 68
	at com.tngtech.archunit.thirdparty.org.objectweb.asm.ClassReader.<init>(ClassReader.java:200)
	at com.tngtech.archunit.thirdparty.org.objectweb.asm.ClassReader.<init>(ClassReader.java:180)
	at com.tngtech.archunit.thirdparty.org.objectweb.asm.ClassReader.<init>(ClassReader.java:166)
	at com.tngtech.archunit.thirdparty.org.objectweb.asm.ClassReader.<init>(ClassReader.java:288)
	at com.tngtech.archunit.core.importer.ClassFileProcessor$UriImporterOfProcessor.tryImport(ClassFileProcessor.java:350)
	at com.tngtech.archunit.core.importer.resolvers.ClassResolverFromClasspath.tryResolve(ClassResolverFromClasspath.java:51)
	at com.tngtech.archunit.core.importer.ImportedClasses.resolve(ImportedClasses.java:80)
	at com.tngtech.archunit.core.importer.ImportedClasses.ensurePresent(ImportedClasses.java:75)
	at com.tngtech.archunit.core.importer.DependencyResolutionProcess.executeRun(DependencyResolutionProcess.java:146)
	at com.tngtech.archunit.core.importer.DependencyResolutionProcess.resolve(DependencyResolutionProcess.java:122)
	at com.tngtech.archunit.core.importer.ClassGraphCreator.complete(ClassGraphCreator.java:107)
	at com.tngtech.archunit.core.importer.ClassFileProcessor.process(ClassFileProcessor.java:75)
	at com.tngtech.archunit.core.importer.ClassFileImporter.importLocations(ClassFileImporter.java:325)
	at com.tngtech.archunit.junit.internal.ClassCache$CacheClassFileImporter.importClasses(ClassCache.java:126)
	at com.tngtech.archunit.junit.internal.ClassCache$LazyJavaClasses.initialize(ClassCache.java:118)
	at com.tngtech.archunit.junit.internal.ClassCache$LazyJavaClasses.get(ClassCache.java:107)
	at com.tngtech.archunit.junit.internal.ClassCache.getClassesToAnalyzeFor(ClassCache.java:84)
	at com.tngtech.archunit.junit.internal.ArchUnitTestDescriptor.lambda$createChildren$1(ArchUnitTestDescriptor.java:90)
	at com.tngtech.archunit.junit.internal.ArchUnitTestDescriptor$ArchUnitRuleDescriptor.execute(ArchUnitTestDescriptor.java:167)
	at com.tngtech.archunit.junit.internal.ArchUnitTestDescriptor$ArchUnitRuleDescriptor.execute(ArchUnitTestDescriptor.java:150)
	at org.junit.platform.engine.support.hierarchical.NodeTestTask.lambda$executeRecursively$6(NodeTestTask.java:156)
	at org.junit.platform.engine.support.hierarchical.ThrowableCollector.execute(ThrowableCollector.java:73)
	at org.junit.platform.engine.support.hierarchical.NodeTestTask.lambda$executeRecursively$8(NodeTestTask.java:146)
	at org.junit.platform.engine.support.hierarchical.Node.around(Node.java:137)
	at org.junit.platform.engine.support.hierarchical.NodeTestTask.lambda$executeRecursively$9(NodeTestTask.java:144)
	at org.junit.platform.engine.support.hierarchical.ThrowableCollector.execute(ThrowableCollector.java:73)
	at org.junit.platform.engine.support.hierarchical.NodeTestTask.executeRecursively(NodeTestTask.java:143)
	at org.junit.platform.engine.support.hierarchical.NodeTestTask.execute(NodeTestTask.java:100)
	at java.base/java.util.ArrayList.forEach(ArrayList.java:1604)
	at org.junit.platform.engine.support.hierarchical.SameThreadHierarchicalTestExecutorService.invokeAll(SameThreadHierarchicalTestExecutorService.java:41)
	at org.junit.platform.engine.support.hierarchical.NodeTestTask.lambda$executeRecursively$6(NodeTestTask.java:160)
	at org.junit.platform.engine.support.hierarchical.ThrowableCollector.execute(ThrowableCollector.java:73)
	at org.junit.platform.engine.support.hierarchical.NodeTestTask.lambda$executeRecursively$8(NodeTestTask.java:146)
	at org.junit.platform.engine.support.hierarchical.Node.around(Node.java:137)
	at org.junit.platform.engine.support.hierarchical.NodeTestTask.lambda$executeRecursively$9(NodeTestTask.java:144)
	at org.junit.platform.engine.support.hierarchical.ThrowableCollector.execute(ThrowableCollector.java:73)
	at org.junit.platform.engine.support.hierarchical.NodeTestTask.executeRecursively(NodeTestTask.java:143)
	at org.junit.platform.engine.support.hierarchical.NodeTestTask.execute(NodeTestTask.java:100)
	at java.base/java.util.ArrayList.forEach(ArrayList.java:1604)
	at org.junit.platform.engine.support.hierarchical.SameThreadHierarchicalTestExecutorService.invokeAll(SameThreadHierarchicalTestExecutorService.java:41)
	at org.junit.platform.engine.support.hierarchical.NodeTestTask.lambda$executeRecursively$6(NodeTestTask.java:160)
	at org.junit.platform.engine.support.hierarchical.ThrowableCollector.execute(ThrowableCollector.java:73)
	at org.junit.platform.engine.support.hierarchical.NodeTestTask.lambda$executeRecursively$8(NodeTestTask.java:146)
	at org.junit.platform.engine.support.hierarchical.Node.around(Node.java:137)
	at org.junit.platform.engine.support.hierarchical.NodeTestTask.lambda$executeRecursively$9(NodeTestTask.java:144)
	at org.junit.platform.engine.support.hierarchical.ThrowableCollector.execute(ThrowableCollector.java:73)
	at org.junit.platform.engine.support.hierarchical.NodeTestTask.executeRecursively(NodeTestTask.java:143)
	at org.junit.platform.engine.support.hierarchical.NodeTestTask.execute(NodeTestTask.java:100)
	at org.junit.platform.engine.support.hierarchical.SameThreadHierarchicalTestExecutorService.submit(SameThreadHierarchicalTestExecutorService.java:35)
	at org.junit.platform.engine.support.hierarchical.HierarchicalTestExecutor.execute(HierarchicalTestExecutor.java:57)
	at org.junit.platform.engine.support.hierarchical.HierarchicalTestEngine.execute(HierarchicalTestEngine.java:54)
	at org.junit.platform.launcher.core.EngineExecutionOrchestrator.execute(EngineExecutionOrchestrator.java:198)
	at org.junit.platform.launcher.core.EngineExecutionOrchestrator.execute(EngineExecutionOrchestrator.java:169)
	at org.junit.platform.launcher.core.EngineExecutionOrchestrator.execute(EngineExecutionOrchestrator.java:93)
	at org.junit.platform.launcher.core.EngineExecutionOrchestrator.lambda$execute$0(EngineExecutionOrchestrator.java:58)
	at org.junit.platform.launcher.core.EngineExecutionOrchestrator.withInterceptedStreams(EngineExecutionOrchestrator.java:141)
	at org.junit.platform.launcher.core.EngineExecutionOrchestrator.execute(EngineExecutionOrchestrator.java:57)
	at org.junit.platform.launcher.core.DefaultLauncher.execute(DefaultLauncher.java:103)
	at org.junit.platform.launcher.core.DefaultLauncher.execute(DefaultLauncher.java:85)
	at org.junit.platform.launcher.core.DelegatingLauncher.execute(DelegatingLauncher.java:47)
	at org.apache.maven.surefire.junitplatform.LazyLauncher.execute(LazyLauncher.java:56)
	at org.apache.maven.surefire.junitplatform.JUnitPlatformProvider.execute(JUnitPlatformProvider.java:184)
	at org.apache.maven.surefire.junitplatform.JUnitPlatformProvider.invokeAllTests(JUnitPlatformProvider.java:148)
	at org.apache.maven.surefire.junitplatform.JUnitPlatformProvider.invoke(JUnitPlatformProvider.java:122)
	at org.apache.maven.surefire.booter.ForkedBooter.runSuitesInProcess(ForkedBooter.java:385)
	at org.apache.maven.surefire.booter.ForkedBooter.execute(ForkedBooter.java:162)
	at org.apache.maven.surefire.booter.ForkedBooter.run(ForkedBooter.java:507)
	at org.apache.maven.surefire.booter.ForkedBooter.main(ForkedBooter.java:495)
15:17:19.555 [main] WARN com.tngtech.archunit.core.importer.ClassFileProcessor -- Error during import from jrt:/java.base/java/lang/annotation/Target.class, falling back to simple import
java.lang.IllegalArgumentException: Unsupported class file major version 68
	at com.tngtech.archunit.thirdparty.org.objectweb.asm.ClassReader.<init>(ClassReader.java:200)
	at com.tngtech.archunit.thirdparty.org.objectweb.asm.ClassReader.<init>(ClassReader.java:180)
	at com.tngtech.archunit.thirdparty.org.objectweb.asm.ClassReader.<init>(ClassReader.java:166)
	at com.tngtech.archunit.thirdparty.org.objectweb.asm.ClassReader.<init>(ClassReader.java:288)
	at com.tngtech.archunit.core.importer.ClassFileProcessor$UriImporterOfProcessor.tryImport(ClassFileProcessor.java:350)
	at com.tngtech.archunit.core.importer.resolvers.ClassResolverFromClasspath.tryResolve(ClassResolverFromClasspath.java:51)
	at com.tngtech.archunit.core.importer.ImportedClasses.resolve(ImportedClasses.java:80)
	at com.tngtech.archunit.core.importer.ImportedClasses.ensurePresent(ImportedClasses.java:75)
	at com.tngtech.archunit.core.importer.DependencyResolutionProcess.executeRun(DependencyResolutionProcess.java:146)
	at com.tngtech.archunit.core.importer.DependencyResolutionProcess.resolve(DependencyResolutionProcess.java:122)
	at com.tngtech.archunit.core.importer.ClassGraphCreator.complete(ClassGraphCreator.java:107)
	at com.tngtech.archunit.core.importer.ClassFileProcessor.process(ClassFileProcessor.java:75)
	at com.tngtech.archunit.core.importer.ClassFileImporter.importLocations(ClassFileImporter.java:325)
	at com.tngtech.archunit.junit.internal.ClassCache$CacheClassFileImporter.importClasses(ClassCache.java:126)
	at com.tngtech.archunit.junit.internal.ClassCache$LazyJavaClasses.initialize(ClassCache.java:118)
	at com.tngtech.archunit.junit.internal.ClassCache$LazyJavaClasses.get(ClassCache.java:107)
	at com.tngtech.archunit.junit.internal.ClassCache.getClassesToAnalyzeFor(ClassCache.java:84)
	at com.tngtech.archunit.junit.internal.ArchUnitTestDescriptor.lambda$createChildren$1(ArchUnitTestDescriptor.java:90)
	at com.tngtech.archunit.junit.internal.ArchUnitTestDescriptor$ArchUnitRuleDescriptor.execute(ArchUnitTestDescriptor.java:167)
	at com.tngtech.archunit.junit.internal.ArchUnitTestDescriptor$ArchUnitRuleDescriptor.execute(ArchUnitTestDescriptor.java:150)
	at org.junit.platform.engine.support.hierarchical.NodeTestTask.lambda$executeRecursively$6(NodeTestTask.java:156)
	at org.junit.platform.engine.support.hierarchical.ThrowableCollector.execute(ThrowableCollector.java:73)
	at org.junit.platform.engine.support.hierarchical.NodeTestTask.lambda$executeRecursively$8(NodeTestTask.java:146)
	at org.junit.platform.engine.support.hierarchical.Node.around(Node.java:137)
	at org.junit.platform.engine.support.hierarchical.NodeTestTask.lambda$executeRecursively$9(NodeTestTask.java:144)
	at org.junit.platform.engine.support.hierarchical.ThrowableCollector.execute(ThrowableCollector.java:73)
	at org.junit.platform.engine.support.hierarchical.NodeTestTask.executeRecursively(NodeTestTask.java:143)
	at org.junit.platform.engine.support.hierarchical.NodeTestTask.execute(NodeTestTask.java:100)
	at java.base/java.util.ArrayList.forEach(ArrayList.java:1604)
	at org.junit.platform.engine.support.hierarchical.SameThreadHierarchicalTestExecutorService.invokeAll(SameThreadHierarchicalTestExecutorService.java:41)
	at org.junit.platform.engine.support.hierarchical.NodeTestTask.lambda$executeRecursively$6(NodeTestTask.java:160)
	at org.junit.platform.engine.support.hierarchical.ThrowableCollector.execute(ThrowableCollector.java:73)
	at org.junit.platform.engine.support.hierarchical.NodeTestTask.lambda$executeRecursively$8(NodeTestTask.java:146)
	at org.junit.platform.engine.support.hierarchical.Node.around(Node.java:137)
	at org.junit.platform.engine.support.hierarchical.NodeTestTask.lambda$executeRecursively$9(NodeTestTask.java:144)
	at org.junit.platform.engine.support.hierarchical.ThrowableCollector.execute(ThrowableCollector.java:73)
	at org.junit.platform.engine.support.hierarchical.NodeTestTask.executeRecursively(NodeTestTask.java:143)
	at org.junit.platform.engine.support.hierarchical.NodeTestTask.execute(NodeTestTask.java:100)
	at java.base/java.util.ArrayList.forEach(ArrayList.java:1604)
	at org.junit.platform.engine.support.hierarchical.SameThreadHierarchicalTestExecutorService.invokeAll(SameThreadHierarchicalTestExecutorService.java:41)
	at org.junit.platform.engine.support.hierarchical.NodeTestTask.lambda$executeRecursively$6(NodeTestTask.java:160)
	at org.junit.platform.engine.support.hierarchical.ThrowableCollector.execute(ThrowableCollector.java:73)
	at org.junit.platform.engine.support.hierarchical.NodeTestTask.lambda$executeRecursively$8(NodeTestTask.java:146)
	at org.junit.platform.engine.support.hierarchical.Node.around(Node.java:137)
	at org.junit.platform.engine.support.hierarchical.NodeTestTask.lambda$executeRecursively$9(NodeTestTask.java:144)
	at org.junit.platform.engine.support.hierarchical.ThrowableCollector.execute(ThrowableCollector.java:73)
	at org.junit.platform.engine.support.hierarchical.NodeTestTask.executeRecursively(NodeTestTask.java:143)
	at org.junit.platform.engine.support.hierarchical.NodeTestTask.execute(NodeTestTask.java:100)
	at org.junit.platform.engine.support.hierarchical.SameThreadHierarchicalTestExecutorService.submit(SameThreadHierarchicalTestExecutorService.java:35)
	at org.junit.platform.engine.support.hierarchical.HierarchicalTestExecutor.execute(HierarchicalTestExecutor.java:57)
	at org.junit.platform.engine.support.hierarchical.HierarchicalTestEngine.execute(HierarchicalTestEngine.java:54)
	at org.junit.platform.launcher.core.EngineExecutionOrchestrator.execute(EngineExecutionOrchestrator.java:198)
	at org.junit.platform.launcher.core.EngineExecutionOrchestrator.execute(EngineExecutionOrchestrator.java:169)
	at org.junit.platform.launcher.core.EngineExecutionOrchestrator.execute(EngineExecutionOrchestrator.java:93)
	at org.junit.platform.launcher.core.EngineExecutionOrchestrator.lambda$execute$0(EngineExecutionOrchestrator.java:58)
	at org.junit.platform.launcher.core.EngineExecutionOrchestrator.withInterceptedStreams(EngineExecutionOrchestrator.java:141)
	at org.junit.platform.launcher.core.EngineExecutionOrchestrator.execute(EngineExecutionOrchestrator.java:57)
	at org.junit.platform.launcher.core.DefaultLauncher.execute(DefaultLauncher.java:103)
	at org.junit.platform.launcher.core.DefaultLauncher.execute(DefaultLauncher.java:85)
	at org.junit.platform.launcher.core.DelegatingLauncher.execute(DelegatingLauncher.java:47)
	at org.apache.maven.surefire.junitplatform.LazyLauncher.execute(LazyLauncher.java:56)
	at org.apache.maven.surefire.junitplatform.JUnitPlatformProvider.execute(JUnitPlatformProvider.java:184)
	at org.apache.maven.surefire.junitplatform.JUnitPlatformProvider.invokeAllTests(JUnitPlatformProvider.java:148)
	at org.apache.maven.surefire.junitplatform.JUnitPlatformProvider.invoke(JUnitPlatformProvider.java:122)
	at org.apache.maven.surefire.booter.ForkedBooter.runSuitesInProcess(ForkedBooter.java:385)
	at org.apache.maven.surefire.booter.ForkedBooter.execute(ForkedBooter.java:162)
	at org.apache.maven.surefire.booter.ForkedBooter.run(ForkedBooter.java:507)
	at org.apache.maven.surefire.booter.ForkedBooter.main(ForkedBooter.java:495)
15:17:19.576 [main] WARN com.tngtech.archunit.core.importer.ClassFileProcessor -- Error during import from jrt:/java.base/java/io/IOException.class, falling back to simple import
java.lang.IllegalArgumentException: Unsupported class file major version 68
	at com.tngtech.archunit.thirdparty.org.objectweb.asm.ClassReader.<init>(ClassReader.java:200)
	at com.tngtech.archunit.thirdparty.org.objectweb.asm.ClassReader.<init>(ClassReader.java:180)
	at com.tngtech.archunit.thirdparty.org.objectweb.asm.ClassReader.<init>(ClassReader.java:166)
	at com.tngtech.archunit.thirdparty.org.objectweb.asm.ClassReader.<init>(ClassReader.java:288)
	at com.tngtech.archunit.core.importer.ClassFileProcessor$UriImporterOfProcessor.tryImport(ClassFileProcessor.java:350)
	at com.tngtech.archunit.core.importer.resolvers.ClassResolverFromClasspath.tryResolve(ClassResolverFromClasspath.java:51)
	at com.tngtech.archunit.core.importer.ImportedClasses.resolve(ImportedClasses.java:80)
	at com.tngtech.archunit.core.importer.ImportedClasses.ensurePresent(ImportedClasses.java:75)
	at com.tngtech.archunit.core.importer.DependencyResolutionProcess.executeRun(DependencyResolutionProcess.java:146)
	at com.tngtech.archunit.core.importer.DependencyResolutionProcess.resolve(DependencyResolutionProcess.java:122)
	at com.tngtech.archunit.core.importer.ClassGraphCreator.complete(ClassGraphCreator.java:107)
	at com.tngtech.archunit.core.importer.ClassFileProcessor.process(ClassFileProcessor.java:75)
	at com.tngtech.archunit.core.importer.ClassFileImporter.importLocations(ClassFileImporter.java:325)
	at com.tngtech.archunit.junit.internal.ClassCache$CacheClassFileImporter.importClasses(ClassCache.java:126)
	at com.tngtech.archunit.junit.internal.ClassCache$LazyJavaClasses.initialize(ClassCache.java:118)
	at com.tngtech.archunit.junit.internal.ClassCache$LazyJavaClasses.get(ClassCache.java:107)
	at com.tngtech.archunit.junit.internal.ClassCache.getClassesToAnalyzeFor(ClassCache.java:84)
	at com.tngtech.archunit.junit.internal.ArchUnitTestDescriptor.lambda$createChildren$1(ArchUnitTestDescriptor.java:90)
	at com.tngtech.archunit.junit.internal.ArchUnitTestDescriptor$ArchUnitRuleDescriptor.execute(ArchUnitTestDescriptor.java:167)
	at com.tngtech.archunit.junit.internal.ArchUnitTestDescriptor$ArchUnitRuleDescriptor.execute(ArchUnitTestDescriptor.java:150)
	at org.junit.platform.engine.support.hierarchical.NodeTestTask.lambda$executeRecursively$6(NodeTestTask.java:156)
	at org.junit.platform.engine.support.hierarchical.ThrowableCollector.execute(ThrowableCollector.java:73)
	at org.junit.platform.engine.support.hierarchical.NodeTestTask.lambda$executeRecursively$8(NodeTestTask.java:146)
	at org.junit.platform.engine.support.hierarchical.Node.around(Node.java:137)
	at org.junit.platform.engine.support.hierarchical.NodeTestTask.lambda$executeRecursively$9(NodeTestTask.java:144)
	at org.junit.platform.engine.support.hierarchical.ThrowableCollector.execute(ThrowableCollector.java:73)
	at org.junit.platform.engine.support.hierarchical.NodeTestTask.executeRecursively(NodeTestTask.java:143)
	at org.junit.platform.engine.support.hierarchical.NodeTestTask.execute(NodeTestTask.java:100)
	at java.base/java.util.ArrayList.forEach(ArrayList.java:1604)
	at org.junit.platform.engine.support.hierarchical.SameThreadHierarchicalTestExecutorService.invokeAll(SameThreadHierarchicalTestExecutorService.java:41)
	at org.junit.platform.engine.support.hierarchical.NodeTestTask.lambda$executeRecursively$6(NodeTestTask.java:160)
	at org.junit.platform.engine.support.hierarchical.ThrowableCollector.execute(ThrowableCollector.java:73)
	at org.junit.platform.engine.support.hierarchical.NodeTestTask.lambda$executeRecursively$8(NodeTestTask.java:146)
	at org.junit.platform.engine.support.hierarchical.Node.around(Node.java:137)
	at org.junit.platform.engine.support.hierarchical.NodeTestTask.lambda$executeRecursively$9(NodeTestTask.java:144)
	at org.junit.platform.engine.support.hierarchical.ThrowableCollector.execute(ThrowableCollector.java:73)
	at org.junit.platform.engine.support.hierarchical.NodeTestTask.executeRecursively(NodeTestTask.java:143)
	at org.junit.platform.engine.support.hierarchical.NodeTestTask.execute(NodeTestTask.java:100)
	at java.base/java.util.ArrayList.forEach(ArrayList.java:1604)
	at org.junit.platform.engine.support.hierarchical.SameThreadHierarchicalTestExecutorService.invokeAll(SameThreadHierarchicalTestExecutorService.java:41)
	at org.junit.platform.engine.support.hierarchical.NodeTestTask.lambda$executeRecursively$6(NodeTestTask.java:160)
	at org.junit.platform.engine.support.hierarchical.ThrowableCollector.execute(ThrowableCollector.java:73)
	at org.junit.platform.engine.support.hierarchical.NodeTestTask.lambda$executeRecursively$8(NodeTestTask.java:146)
	at org.junit.platform.engine.support.hierarchical.Node.around(Node.java:137)
	at org.junit.platform.engine.support.hierarchical.NodeTestTask.lambda$executeRecursively$9(NodeTestTask.java:144)
	at org.junit.platform.engine.support.hierarchical.ThrowableCollector.execute(ThrowableCollector.java:73)
	at org.junit.platform.engine.support.hierarchical.NodeTestTask.executeRecursively(NodeTestTask.java:143)
	at org.junit.platform.engine.support.hierarchical.NodeTestTask.execute(NodeTestTask.java:100)
	at org.junit.platform.engine.support.hierarchical.SameThreadHierarchicalTestExecutorService.submit(SameThreadHierarchicalTestExecutorService.java:35)
	at org.junit.platform.engine.support.hierarchical.HierarchicalTestExecutor.execute(HierarchicalTestExecutor.java:57)
	at org.junit.platform.engine.support.hierarchical.HierarchicalTestEngine.execute(HierarchicalTestEngine.java:54)
	at org.junit.platform.launcher.core.EngineExecutionOrchestrator.execute(EngineExecutionOrchestrator.java:198)
	at org.junit.platform.launcher.core.EngineExecutionOrchestrator.execute(EngineExecutionOrchestrator.java:169)
	at org.junit.platform.launcher.core.EngineExecutionOrchestrator.execute(EngineExecutionOrchestrator.java:93)
	at org.junit.platform.launcher.core.EngineExecutionOrchestrator.lambda$execute$0(EngineExecutionOrchestrator.java:58)
	at org.junit.platform.launcher.core.EngineExecutionOrchestrator.withInterceptedStreams(EngineExecutionOrchestrator.java:141)
	at org.junit.platform.launcher.core.EngineExecutionOrchestrator.execute(EngineExecutionOrchestrator.java:57)
	at org.junit.platform.launcher.core.DefaultLauncher.execute(DefaultLauncher.java:103)
	at org.junit.platform.launcher.core.DefaultLauncher.execute(DefaultLauncher.java:85)
	at org.junit.platform.launcher.core.DelegatingLauncher.execute(DelegatingLauncher.java:47)
	at org.apache.maven.surefire.junitplatform.LazyLauncher.execute(LazyLauncher.java:56)
	at org.apache.maven.surefire.junitplatform.JUnitPlatformProvider.execute(JUnitPlatformProvider.java:184)
	at org.apache.maven.surefire.junitplatform.JUnitPlatformProvider.invokeAllTests(JUnitPlatformProvider.java:148)
	at org.apache.maven.surefire.junitplatform.JUnitPlatformProvider.invoke(JUnitPlatformProvider.java:122)
	at org.apache.maven.surefire.booter.ForkedBooter.runSuitesInProcess(ForkedBooter.java:385)
	at org.apache.maven.surefire.booter.ForkedBooter.execute(ForkedBooter.java:162)
	at org.apache.maven.surefire.booter.ForkedBooter.run(ForkedBooter.java:507)
	at org.apache.maven.surefire.booter.ForkedBooter.main(ForkedBooter.java:495)
15:17:19.586 [main] WARN com.tngtech.archunit.core.importer.ClassFileProcessor -- Error during import from jrt:/java.base/java/util/EventObject.class, falling back to simple import
java.lang.IllegalArgumentException: Unsupported class file major version 68
	at com.tngtech.archunit.thirdparty.org.objectweb.asm.ClassReader.<init>(ClassReader.java:200)
	at com.tngtech.archunit.thirdparty.org.objectweb.asm.ClassReader.<init>(ClassReader.java:180)
	at com.tngtech.archunit.thirdparty.org.objectweb.asm.ClassReader.<init>(ClassReader.java:166)
	at com.tngtech.archunit.thirdparty.org.objectweb.asm.ClassReader.<init>(ClassReader.java:288)
	at com.tngtech.archunit.core.importer.ClassFileProcessor$UriImporterOfProcessor.tryImport(ClassFileProcessor.java:350)
	at com.tngtech.archunit.core.importer.resolvers.ClassResolverFromClasspath.tryResolve(ClassResolverFromClasspath.java:51)
	at com.tngtech.archunit.core.importer.ImportedClasses.resolve(ImportedClasses.java:80)
	at com.tngtech.archunit.core.importer.ImportedClasses.ensurePresent(ImportedClasses.java:75)
	at com.tngtech.archunit.core.importer.DependencyResolutionProcess.executeRun(DependencyResolutionProcess.java:146)
	at com.tngtech.archunit.core.importer.DependencyResolutionProcess.resolve(DependencyResolutionProcess.java:122)
	at com.tngtech.archunit.core.importer.ClassGraphCreator.complete(ClassGraphCreator.java:107)
	at com.tngtech.archunit.core.importer.ClassFileProcessor.process(ClassFileProcessor.java:75)
	at com.tngtech.archunit.core.importer.ClassFileImporter.importLocations(ClassFileImporter.java:325)
	at com.tngtech.archunit.junit.internal.ClassCache$CacheClassFileImporter.importClasses(ClassCache.java:126)
	at com.tngtech.archunit.junit.internal.ClassCache$LazyJavaClasses.initialize(ClassCache.java:118)
	at com.tngtech.archunit.junit.internal.ClassCache$LazyJavaClasses.get(ClassCache.java:107)
	at com.tngtech.archunit.junit.internal.ClassCache.getClassesToAnalyzeFor(ClassCache.java:84)
	at com.tngtech.archunit.junit.internal.ArchUnitTestDescriptor.lambda$createChildren$1(ArchUnitTestDescriptor.java:90)
	at com.tngtech.archunit.junit.internal.ArchUnitTestDescriptor$ArchUnitRuleDescriptor.execute(ArchUnitTestDescriptor.java:167)
	at com.tngtech.archunit.junit.internal.ArchUnitTestDescriptor$ArchUnitRuleDescriptor.execute(ArchUnitTestDescriptor.java:150)
	at org.junit.platform.engine.support.hierarchical.NodeTestTask.lambda$executeRecursively$6(NodeTestTask.java:156)
	at org.junit.platform.engine.support.hierarchical.ThrowableCollector.execute(ThrowableCollector.java:73)
	at org.junit.platform.engine.support.hierarchical.NodeTestTask.lambda$executeRecursively$8(NodeTestTask.java:146)
	at org.junit.platform.engine.support.hierarchical.Node.around(Node.java:137)
	at org.junit.platform.engine.support.hierarchical.NodeTestTask.lambda$executeRecursively$9(NodeTestTask.java:144)
	at org.junit.platform.engine.support.hierarchical.ThrowableCollector.execute(ThrowableCollector.java:73)
	at org.junit.platform.engine.support.hierarchical.NodeTestTask.executeRecursively(NodeTestTask.java:143)
	at org.junit.platform.engine.support.hierarchical.NodeTestTask.execute(NodeTestTask.java:100)
	at java.base/java.util.ArrayList.forEach(ArrayList.java:1604)
	at org.junit.platform.engine.support.hierarchical.SameThreadHierarchicalTestExecutorService.invokeAll(SameThreadHierarchicalTestExecutorService.java:41)
	at org.junit.platform.engine.support.hierarchical.NodeTestTask.lambda$executeRecursively$6(NodeTestTask.java:160)
	at org.junit.platform.engine.support.hierarchical.ThrowableCollector.execute(ThrowableCollector.java:73)
	at org.junit.platform.engine.support.hierarchical.NodeTestTask.lambda$executeRecursively$8(NodeTestTask.java:146)
	at org.junit.platform.engine.support.hierarchical.Node.around(Node.java:137)
	at org.junit.platform.engine.support.hierarchical.NodeTestTask.lambda$executeRecursively$9(NodeTestTask.java:144)
	at org.junit.platform.engine.support.hierarchical.ThrowableCollector.execute(ThrowableCollector.java:73)
	at org.junit.platform.engine.support.hierarchical.NodeTestTask.executeRecursively(NodeTestTask.java:143)
	at org.junit.platform.engine.support.hierarchical.NodeTestTask.execute(NodeTestTask.java:100)
	at java.base/java.util.ArrayList.forEach(ArrayList.java:1604)
	at org.junit.platform.engine.support.hierarchical.SameThreadHierarchicalTestExecutorService.invokeAll(SameThreadHierarchicalTestExecutorService.java:41)
	at org.junit.platform.engine.support.hierarchical.NodeTestTask.lambda$executeRecursively$6(NodeTestTask.java:160)
	at org.junit.platform.engine.support.hierarchical.ThrowableCollector.execute(ThrowableCollector.java:73)
	at org.junit.platform.engine.support.hierarchical.NodeTestTask.lambda$executeRecursively$8(NodeTestTask.java:146)
	at org.junit.platform.engine.support.hierarchical.Node.around(Node.java:137)
	at org.junit.platform.engine.support.hierarchical.NodeTestTask.lambda$executeRecursively$9(NodeTestTask.java:144)
	at org.junit.platform.engine.support.hierarchical.ThrowableCollector.execute(ThrowableCollector.java:73)
	at org.junit.platform.engine.support.hierarchical.NodeTestTask.executeRecursively(NodeTestTask.java:143)
	at org.junit.platform.engine.support.hierarchical.NodeTestTask.execute(NodeTestTask.java:100)
	at org.junit.platform.engine.support.hierarchical.SameThreadHierarchicalTestExecutorService.submit(SameThreadHierarchicalTestExecutorService.java:35)
	at org.junit.platform.engine.support.hierarchical.HierarchicalTestExecutor.execute(HierarchicalTestExecutor.java:57)
	at org.junit.platform.engine.support.hierarchical.HierarchicalTestEngine.execute(HierarchicalTestEngine.java:54)
	at org.junit.platform.launcher.core.EngineExecutionOrchestrator.execute(EngineExecutionOrchestrator.java:198)
	at org.junit.platform.launcher.core.EngineExecutionOrchestrator.execute(EngineExecutionOrchestrator.java:169)
	at org.junit.platform.launcher.core.EngineExecutionOrchestrator.execute(EngineExecutionOrchestrator.java:93)
	at org.junit.platform.launcher.core.EngineExecutionOrchestrator.lambda$execute$0(EngineExecutionOrchestrator.java:58)
	at org.junit.platform.launcher.core.EngineExecutionOrchestrator.withInterceptedStreams(EngineExecutionOrchestrator.java:141)
	at org.junit.platform.launcher.core.EngineExecutionOrchestrator.execute(EngineExecutionOrchestrator.java:57)
	at org.junit.platform.launcher.core.DefaultLauncher.execute(DefaultLauncher.java:103)
	at org.junit.platform.launcher.core.DefaultLauncher.execute(DefaultLauncher.java:85)
	at org.junit.platform.launcher.core.DelegatingLauncher.execute(DelegatingLauncher.java:47)
	at org.apache.maven.surefire.junitplatform.LazyLauncher.execute(LazyLauncher.java:56)
	at org.apache.maven.surefire.junitplatform.JUnitPlatformProvider.execute(JUnitPlatformProvider.java:184)
	at org.apache.maven.surefire.junitplatform.JUnitPlatformProvider.invokeAllTests(JUnitPlatformProvider.java:148)
	at org.apache.maven.surefire.junitplatform.JUnitPlatformProvider.invoke(JUnitPlatformProvider.java:122)
	at org.apache.maven.surefire.booter.ForkedBooter.runSuitesInProcess(ForkedBooter.java:385)
	at org.apache.maven.surefire.booter.ForkedBooter.execute(ForkedBooter.java:162)
	at org.apache.maven.surefire.booter.ForkedBooter.run(ForkedBooter.java:507)
	at org.apache.maven.surefire.booter.ForkedBooter.main(ForkedBooter.java:495)
15:17:19.588 [main] WARN com.tngtech.archunit.core.importer.ClassFileProcessor -- Error during import from jrt:/java.base/java/lang/Short.class, falling back to simple import
java.lang.IllegalArgumentException: Unsupported class file major version 68
	at com.tngtech.archunit.thirdparty.org.objectweb.asm.ClassReader.<init>(ClassReader.java:200)
	at com.tngtech.archunit.thirdparty.org.objectweb.asm.ClassReader.<init>(ClassReader.java:180)
	at com.tngtech.archunit.thirdparty.org.objectweb.asm.ClassReader.<init>(ClassReader.java:166)
	at com.tngtech.archunit.thirdparty.org.objectweb.asm.ClassReader.<init>(ClassReader.java:288)
	at com.tngtech.archunit.core.importer.ClassFileProcessor$UriImporterOfProcessor.tryImport(ClassFileProcessor.java:350)
	at com.tngtech.archunit.core.importer.resolvers.ClassResolverFromClasspath.tryResolve(ClassResolverFromClasspath.java:51)
	at com.tngtech.archunit.core.importer.ImportedClasses.resolve(ImportedClasses.java:80)
	at com.tngtech.archunit.core.importer.ImportedClasses.ensurePresent(ImportedClasses.java:75)
	at com.tngtech.archunit.core.importer.DependencyResolutionProcess.executeRun(DependencyResolutionProcess.java:146)
	at com.tngtech.archunit.core.importer.DependencyResolutionProcess.resolve(DependencyResolutionProcess.java:122)
	at com.tngtech.archunit.core.importer.ClassGraphCreator.complete(ClassGraphCreator.java:107)
	at com.tngtech.archunit.core.importer.ClassFileProcessor.process(ClassFileProcessor.java:75)
	at com.tngtech.archunit.core.importer.ClassFileImporter.importLocations(ClassFileImporter.java:325)
	at com.tngtech.archunit.junit.internal.ClassCache$CacheClassFileImporter.importClasses(ClassCache.java:126)
	at com.tngtech.archunit.junit.internal.ClassCache$LazyJavaClasses.initialize(ClassCache.java:118)
	at com.tngtech.archunit.junit.internal.ClassCache$LazyJavaClasses.get(ClassCache.java:107)
	at com.tngtech.archunit.junit.internal.ClassCache.getClassesToAnalyzeFor(ClassCache.java:84)
	at com.tngtech.archunit.junit.internal.ArchUnitTestDescriptor.lambda$createChildren$1(ArchUnitTestDescriptor.java:90)
	at com.tngtech.archunit.junit.internal.ArchUnitTestDescriptor$ArchUnitRuleDescriptor.execute(ArchUnitTestDescriptor.java:167)
	at com.tngtech.archunit.junit.internal.ArchUnitTestDescriptor$ArchUnitRuleDescriptor.execute(ArchUnitTestDescriptor.java:150)
	at org.junit.platform.engine.support.hierarchical.NodeTestTask.lambda$executeRecursively$6(NodeTestTask.java:156)
	at org.junit.platform.engine.support.hierarchical.ThrowableCollector.execute(ThrowableCollector.java:73)
	at org.junit.platform.engine.support.hierarchical.NodeTestTask.lambda$executeRecursively$8(NodeTestTask.java:146)
	at org.junit.platform.engine.support.hierarchical.Node.around(Node.java:137)
	at org.junit.platform.engine.support.hierarchical.NodeTestTask.lambda$executeRecursively$9(NodeTestTask.java:144)
	at org.junit.platform.engine.support.hierarchical.ThrowableCollector.execute(ThrowableCollector.java:73)
	at org.junit.platform.engine.support.hierarchical.NodeTestTask.executeRecursively(NodeTestTask.java:143)
	at org.junit.platform.engine.support.hierarchical.NodeTestTask.execute(NodeTestTask.java:100)
	at java.base/java.util.ArrayList.forEach(ArrayList.java:1604)
	at org.junit.platform.engine.support.hierarchical.SameThreadHierarchicalTestExecutorService.invokeAll(SameThreadHierarchicalTestExecutorService.java:41)
	at org.junit.platform.engine.support.hierarchical.NodeTestTask.lambda$executeRecursively$6(NodeTestTask.java:160)
	at org.junit.platform.engine.support.hierarchical.ThrowableCollector.execute(ThrowableCollector.java:73)
	at org.junit.platform.engine.support.hierarchical.NodeTestTask.lambda$executeRecursively$8(NodeTestTask.java:146)
	at org.junit.platform.engine.support.hierarchical.Node.around(Node.java:137)
	at org.junit.platform.engine.support.hierarchical.NodeTestTask.lambda$executeRecursively$9(NodeTestTask.java:144)
	at org.junit.platform.engine.support.hierarchical.ThrowableCollector.execute(ThrowableCollector.java:73)
	at org.junit.platform.engine.support.hierarchical.NodeTestTask.executeRecursively(NodeTestTask.java:143)
	at org.junit.platform.engine.support.hierarchical.NodeTestTask.execute(NodeTestTask.java:100)
	at java.base/java.util.ArrayList.forEach(ArrayList.java:1604)
	at org.junit.platform.engine.support.hierarchical.SameThreadHierarchicalTestExecutorService.invokeAll(SameThreadHierarchicalTestExecutorService.java:41)
	at org.junit.platform.engine.support.hierarchical.NodeTestTask.lambda$executeRecursively$6(NodeTestTask.java:160)
	at org.junit.platform.engine.support.hierarchical.ThrowableCollector.execute(ThrowableCollector.java:73)
	at org.junit.platform.engine.support.hierarchical.NodeTestTask.lambda$executeRecursively$8(NodeTestTask.java:146)
	at org.junit.platform.engine.support.hierarchical.Node.around(Node.java:137)
	at org.junit.platform.engine.support.hierarchical.NodeTestTask.lambda$executeRecursively$9(NodeTestTask.java:144)
	at org.junit.platform.engine.support.hierarchical.ThrowableCollector.execute(ThrowableCollector.java:73)
	at org.junit.platform.engine.support.hierarchical.NodeTestTask.executeRecursively(NodeTestTask.java:143)
	at org.junit.platform.engine.support.hierarchical.NodeTestTask.execute(NodeTestTask.java:100)
	at org.junit.platform.engine.support.hierarchical.SameThreadHierarchicalTestExecutorService.submit(SameThreadHierarchicalTestExecutorService.java:35)
	at org.junit.platform.engine.support.hierarchical.HierarchicalTestExecutor.execute(HierarchicalTestExecutor.java:57)
	at org.junit.platform.engine.support.hierarchical.HierarchicalTestEngine.execute(HierarchicalTestEngine.java:54)
	at org.junit.platform.launcher.core.EngineExecutionOrchestrator.execute(EngineExecutionOrchestrator.java:198)
	at org.junit.platform.launcher.core.EngineExecutionOrchestrator.execute(EngineExecutionOrchestrator.java:169)
	at org.junit.platform.launcher.core.EngineExecutionOrchestrator.execute(EngineExecutionOrchestrator.java:93)
	at org.junit.platform.launcher.core.EngineExecutionOrchestrator.lambda$execute$0(EngineExecutionOrchestrator.java:58)
	at org.junit.platform.launcher.core.EngineExecutionOrchestrator.withInterceptedStreams(EngineExecutionOrchestrator.java:141)
	at org.junit.platform.launcher.core.EngineExecutionOrchestrator.execute(EngineExecutionOrchestrator.java:57)
	at org.junit.platform.launcher.core.DefaultLauncher.execute(DefaultLauncher.java:103)
	at org.junit.platform.launcher.core.DefaultLauncher.execute(DefaultLauncher.java:85)
	at org.junit.platform.launcher.core.DelegatingLauncher.execute(DelegatingLauncher.java:47)
	at org.apache.maven.surefire.junitplatform.LazyLauncher.execute(LazyLauncher.java:56)
	at org.apache.maven.surefire.junitplatform.JUnitPlatformProvider.execute(JUnitPlatformProvider.java:184)
	at org.apache.maven.surefire.junitplatform.JUnitPlatformProvider.invokeAllTests(JUnitPlatformProvider.java:148)
	at org.apache.maven.surefire.junitplatform.JUnitPlatformProvider.invoke(JUnitPlatformProvider.java:122)
	at org.apache.maven.surefire.booter.ForkedBooter.runSuitesInProcess(ForkedBooter.java:385)
	at org.apache.maven.surefire.booter.ForkedBooter.execute(ForkedBooter.java:162)
	at org.apache.maven.surefire.booter.ForkedBooter.run(ForkedBooter.java:507)
	at org.apache.maven.surefire.booter.ForkedBooter.main(ForkedBooter.java:495)
15:17:19.591 [main] WARN com.tngtech.archunit.core.importer.ClassFileProcessor -- Error during import from jrt:/java.base/java/lang/annotation/Documented.class, falling back to simple import
java.lang.IllegalArgumentException: Unsupported class file major version 68
	at com.tngtech.archunit.thirdparty.org.objectweb.asm.ClassReader.<init>(ClassReader.java:200)
	at com.tngtech.archunit.thirdparty.org.objectweb.asm.ClassReader.<init>(ClassReader.java:180)
	at com.tngtech.archunit.thirdparty.org.objectweb.asm.ClassReader.<init>(ClassReader.java:166)
	at com.tngtech.archunit.thirdparty.org.objectweb.asm.ClassReader.<init>(ClassReader.java:288)
	at com.tngtech.archunit.core.importer.ClassFileProcessor$UriImporterOfProcessor.tryImport(ClassFileProcessor.java:350)
	at com.tngtech.archunit.core.importer.resolvers.ClassResolverFromClasspath.tryResolve(ClassResolverFromClasspath.java:51)
	at com.tngtech.archunit.core.importer.ImportedClasses.resolve(ImportedClasses.java:80)
	at com.tngtech.archunit.core.importer.ImportedClasses.ensurePresent(ImportedClasses.java:75)
	at com.tngtech.archunit.core.importer.DependencyResolutionProcess.executeRun(DependencyResolutionProcess.java:146)
	at com.tngtech.archunit.core.importer.DependencyResolutionProcess.resolve(DependencyResolutionProcess.java:122)
	at com.tngtech.archunit.core.importer.ClassGraphCreator.complete(ClassGraphCreator.java:107)
	at com.tngtech.archunit.core.importer.ClassFileProcessor.process(ClassFileProcessor.java:75)
	at com.tngtech.archunit.core.importer.ClassFileImporter.importLocations(ClassFileImporter.java:325)
	at com.tngtech.archunit.junit.internal.ClassCache$CacheClassFileImporter.importClasses(ClassCache.java:126)
	at com.tngtech.archunit.junit.internal.ClassCache$LazyJavaClasses.initialize(ClassCache.java:118)
	at com.tngtech.archunit.junit.internal.ClassCache$LazyJavaClasses.get(ClassCache.java:107)
	at com.tngtech.archunit.junit.internal.ClassCache.getClassesToAnalyzeFor(ClassCache.java:84)
	at com.tngtech.archunit.junit.internal.ArchUnitTestDescriptor.lambda$createChildren$1(ArchUnitTestDescriptor.java:90)
	at com.tngtech.archunit.junit.internal.ArchUnitTestDescriptor$ArchUnitRuleDescriptor.execute(ArchUnitTestDescriptor.java:167)
	at com.tngtech.archunit.junit.internal.ArchUnitTestDescriptor$ArchUnitRuleDescriptor.execute(ArchUnitTestDescriptor.java:150)
	at org.junit.platform.engine.support.hierarchical.NodeTestTask.lambda$executeRecursively$6(NodeTestTask.java:156)
	at org.junit.platform.engine.support.hierarchical.ThrowableCollector.execute(ThrowableCollector.java:73)
	at org.junit.platform.engine.support.hierarchical.NodeTestTask.lambda$executeRecursively$8(NodeTestTask.java:146)
	at org.junit.platform.engine.support.hierarchical.Node.around(Node.java:137)
	at org.junit.platform.engine.support.hierarchical.NodeTestTask.lambda$executeRecursively$9(NodeTestTask.java:144)
	at org.junit.platform.engine.support.hierarchical.ThrowableCollector.execute(ThrowableCollector.java:73)
	at org.junit.platform.engine.support.hierarchical.NodeTestTask.executeRecursively(NodeTestTask.java:143)
	at org.junit.platform.engine.support.hierarchical.NodeTestTask.execute(NodeTestTask.java:100)
	at java.base/java.util.ArrayList.forEach(ArrayList.java:1604)
	at org.junit.platform.engine.support.hierarchical.SameThreadHierarchicalTestExecutorService.invokeAll(SameThreadHierarchicalTestExecutorService.java:41)
	at org.junit.platform.engine.support.hierarchical.NodeTestTask.lambda$executeRecursively$6(NodeTestTask.java:160)
	at org.junit.platform.engine.support.hierarchical.ThrowableCollector.execute(ThrowableCollector.java:73)
	at org.junit.platform.engine.support.hierarchical.NodeTestTask.lambda$executeRecursively$8(NodeTestTask.java:146)
	at org.junit.platform.engine.support.hierarchical.Node.around(Node.java:137)
	at org.junit.platform.engine.support.hierarchical.NodeTestTask.lambda$executeRecursively$9(NodeTestTask.java:144)
	at org.junit.platform.engine.support.hierarchical.ThrowableCollector.execute(ThrowableCollector.java:73)
	at org.junit.platform.engine.support.hierarchical.NodeTestTask.executeRecursively(NodeTestTask.java:143)
	at org.junit.platform.engine.support.hierarchical.NodeTestTask.execute(NodeTestTask.java:100)
	at java.base/java.util.ArrayList.forEach(ArrayList.java:1604)
	at org.junit.platform.engine.support.hierarchical.SameThreadHierarchicalTestExecutorService.invokeAll(SameThreadHierarchicalTestExecutorService.java:41)
	at org.junit.platform.engine.support.hierarchical.NodeTestTask.lambda$executeRecursively$6(NodeTestTask.java:160)
	at org.junit.platform.engine.support.hierarchical.ThrowableCollector.execute(ThrowableCollector.java:73)
	at org.junit.platform.engine.support.hierarchical.NodeTestTask.lambda$executeRecursively$8(NodeTestTask.java:146)
	at org.junit.platform.engine.support.hierarchical.Node.around(Node.java:137)
	at org.junit.platform.engine.support.hierarchical.NodeTestTask.lambda$executeRecursively$9(NodeTestTask.java:144)
	at org.junit.platform.engine.support.hierarchical.ThrowableCollector.execute(ThrowableCollector.java:73)
	at org.junit.platform.engine.support.hierarchical.NodeTestTask.executeRecursively(NodeTestTask.java:143)
	at org.junit.platform.engine.support.hierarchical.NodeTestTask.execute(NodeTestTask.java:100)
	at org.junit.platform.engine.support.hierarchical.SameThreadHierarchicalTestExecutorService.submit(SameThreadHierarchicalTestExecutorService.java:35)
	at org.junit.platform.engine.support.hierarchical.HierarchicalTestExecutor.execute(HierarchicalTestExecutor.java:57)
	at org.junit.platform.engine.support.hierarchical.HierarchicalTestEngine.execute(HierarchicalTestEngine.java:54)
	at org.junit.platform.launcher.core.EngineExecutionOrchestrator.execute(EngineExecutionOrchestrator.java:198)
	at org.junit.platform.launcher.core.EngineExecutionOrchestrator.execute(EngineExecutionOrchestrator.java:169)
	at org.junit.platform.launcher.core.EngineExecutionOrchestrator.execute(EngineExecutionOrchestrator.java:93)
	at org.junit.platform.launcher.core.EngineExecutionOrchestrator.lambda$execute$0(EngineExecutionOrchestrator.java:58)
	at org.junit.platform.launcher.core.EngineExecutionOrchestrator.withInterceptedStreams(EngineExecutionOrchestrator.java:141)
	at org.junit.platform.launcher.core.EngineExecutionOrchestrator.execute(EngineExecutionOrchestrator.java:57)
	at org.junit.platform.launcher.core.DefaultLauncher.execute(DefaultLauncher.java:103)
	at org.junit.platform.launcher.core.DefaultLauncher.execute(DefaultLauncher.java:85)
	at org.junit.platform.launcher.core.DelegatingLauncher.execute(DelegatingLauncher.java:47)
	at org.apache.maven.surefire.junitplatform.LazyLauncher.execute(LazyLauncher.java:56)
	at org.apache.maven.surefire.junitplatform.JUnitPlatformProvider.execute(JUnitPlatformProvider.java:184)
	at org.apache.maven.surefire.junitplatform.JUnitPlatformProvider.invokeAllTests(JUnitPlatformProvider.java:148)
	at org.apache.maven.surefire.junitplatform.JUnitPlatformProvider.invoke(JUnitPlatformProvider.java:122)
	at org.apache.maven.surefire.booter.ForkedBooter.runSuitesInProcess(ForkedBooter.java:385)
	at org.apache.maven.surefire.booter.ForkedBooter.execute(ForkedBooter.java:162)
	at org.apache.maven.surefire.booter.ForkedBooter.run(ForkedBooter.java:507)
	at org.apache.maven.surefire.booter.ForkedBooter.main(ForkedBooter.java:495)
15:17:19.594 [main] WARN com.tngtech.archunit.core.importer.ClassFileProcessor -- Error during import from jrt:/java.base/java/util/Collection.class, falling back to simple import
java.lang.IllegalArgumentException: Unsupported class file major version 68
	at com.tngtech.archunit.thirdparty.org.objectweb.asm.ClassReader.<init>(ClassReader.java:200)
	at com.tngtech.archunit.thirdparty.org.objectweb.asm.ClassReader.<init>(ClassReader.java:180)
	at com.tngtech.archunit.thirdparty.org.objectweb.asm.ClassReader.<init>(ClassReader.java:166)
	at com.tngtech.archunit.thirdparty.org.objectweb.asm.ClassReader.<init>(ClassReader.java:288)
	at com.tngtech.archunit.core.importer.ClassFileProcessor$UriImporterOfProcessor.tryImport(ClassFileProcessor.java:350)
	at com.tngtech.archunit.core.importer.resolvers.ClassResolverFromClasspath.tryResolve(ClassResolverFromClasspath.java:51)
	at com.tngtech.archunit.core.importer.ImportedClasses.resolve(ImportedClasses.java:80)
	at com.tngtech.archunit.core.importer.ImportedClasses.ensurePresent(ImportedClasses.java:75)
	at com.tngtech.archunit.core.importer.DependencyResolutionProcess.executeRun(DependencyResolutionProcess.java:146)
	at com.tngtech.archunit.core.importer.DependencyResolutionProcess.resolve(DependencyResolutionProcess.java:122)
	at com.tngtech.archunit.core.importer.ClassGraphCreator.complete(ClassGraphCreator.java:107)
	at com.tngtech.archunit.core.importer.ClassFileProcessor.process(ClassFileProcessor.java:75)
	at com.tngtech.archunit.core.importer.ClassFileImporter.importLocations(ClassFileImporter.java:325)
	at com.tngtech.archunit.junit.internal.ClassCache$CacheClassFileImporter.importClasses(ClassCache.java:126)
	at com.tngtech.archunit.junit.internal.ClassCache$LazyJavaClasses.initialize(ClassCache.java:118)
	at com.tngtech.archunit.junit.internal.ClassCache$LazyJavaClasses.get(ClassCache.java:107)
	at com.tngtech.archunit.junit.internal.ClassCache.getClassesToAnalyzeFor(ClassCache.java:84)
	at com.tngtech.archunit.junit.internal.ArchUnitTestDescriptor.lambda$createChildren$1(ArchUnitTestDescriptor.java:90)
	at com.tngtech.archunit.junit.internal.ArchUnitTestDescriptor$ArchUnitRuleDescriptor.execute(ArchUnitTestDescriptor.java:167)
	at com.tngtech.archunit.junit.internal.ArchUnitTestDescriptor$ArchUnitRuleDescriptor.execute(ArchUnitTestDescriptor.java:150)
	at org.junit.platform.engine.support.hierarchical.NodeTestTask.lambda$executeRecursively$6(NodeTestTask.java:156)
	at org.junit.platform.engine.support.hierarchical.ThrowableCollector.execute(ThrowableCollector.java:73)
	at org.junit.platform.engine.support.hierarchical.NodeTestTask.lambda$executeRecursively$8(NodeTestTask.java:146)
	at org.junit.platform.engine.support.hierarchical.Node.around(Node.java:137)
	at org.junit.platform.engine.support.hierarchical.NodeTestTask.lambda$executeRecursively$9(NodeTestTask.java:144)
	at org.junit.platform.engine.support.hierarchical.ThrowableCollector.execute(ThrowableCollector.java:73)
	at org.junit.platform.engine.support.hierarchical.NodeTestTask.executeRecursively(NodeTestTask.java:143)
	at org.junit.platform.engine.support.hierarchical.NodeTestTask.execute(NodeTestTask.java:100)
	at java.base/java.util.ArrayList.forEach(ArrayList.java:1604)
	at org.junit.platform.engine.support.hierarchical.SameThreadHierarchicalTestExecutorService.invokeAll(SameThreadHierarchicalTestExecutorService.java:41)
	at org.junit.platform.engine.support.hierarchical.NodeTestTask.lambda$executeRecursively$6(NodeTestTask.java:160)
	at org.junit.platform.engine.support.hierarchical.ThrowableCollector.execute(ThrowableCollector.java:73)
	at org.junit.platform.engine.support.hierarchical.NodeTestTask.lambda$executeRecursively$8(NodeTestTask.java:146)
	at org.junit.platform.engine.support.hierarchical.Node.around(Node.java:137)
	at org.junit.platform.engine.support.hierarchical.NodeTestTask.lambda$executeRecursively$9(NodeTestTask.java:144)
	at org.junit.platform.engine.support.hierarchical.ThrowableCollector.execute(ThrowableCollector.java:73)
	at org.junit.platform.engine.support.hierarchical.NodeTestTask.executeRecursively(NodeTestTask.java:143)
	at org.junit.platform.engine.support.hierarchical.NodeTestTask.execute(NodeTestTask.java:100)
	at java.base/java.util.ArrayList.forEach(ArrayList.java:1604)
	at org.junit.platform.engine.support.hierarchical.SameThreadHierarchicalTestExecutorService.invokeAll(SameThreadHierarchicalTestExecutorService.java:41)
	at org.junit.platform.engine.support.hierarchical.NodeTestTask.lambda$executeRecursively$6(NodeTestTask.java:160)
	at org.junit.platform.engine.support.hierarchical.ThrowableCollector.execute(ThrowableCollector.java:73)
	at org.junit.platform.engine.support.hierarchical.NodeTestTask.lambda$executeRecursively$8(NodeTestTask.java:146)
	at org.junit.platform.engine.support.hierarchical.Node.around(Node.java:137)
	at org.junit.platform.engine.support.hierarchical.NodeTestTask.lambda$executeRecursively$9(NodeTestTask.java:144)
	at org.junit.platform.engine.support.hierarchical.ThrowableCollector.execute(ThrowableCollector.java:73)
	at org.junit.platform.engine.support.hierarchical.NodeTestTask.executeRecursively(NodeTestTask.java:143)
	at org.junit.platform.engine.support.hierarchical.NodeTestTask.execute(NodeTestTask.java:100)
	at org.junit.platform.engine.support.hierarchical.SameThreadHierarchicalTestExecutorService.submit(SameThreadHierarchicalTestExecutorService.java:35)
	at org.junit.platform.engine.support.hierarchical.HierarchicalTestExecutor.execute(HierarchicalTestExecutor.java:57)
	at org.junit.platform.engine.support.hierarchical.HierarchicalTestEngine.execute(HierarchicalTestEngine.java:54)
	at org.junit.platform.launcher.core.EngineExecutionOrchestrator.execute(EngineExecutionOrchestrator.java:198)
	at org.junit.platform.launcher.core.EngineExecutionOrchestrator.execute(EngineExecutionOrchestrator.java:169)
	at org.junit.platform.launcher.core.EngineExecutionOrchestrator.execute(EngineExecutionOrchestrator.java:93)
	at org.junit.platform.launcher.core.EngineExecutionOrchestrator.lambda$execute$0(EngineExecutionOrchestrator.java:58)
	at org.junit.platform.launcher.core.EngineExecutionOrchestrator.withInterceptedStreams(EngineExecutionOrchestrator.java:141)
	at org.junit.platform.launcher.core.EngineExecutionOrchestrator.execute(EngineExecutionOrchestrator.java:57)
	at org.junit.platform.launcher.core.DefaultLauncher.execute(DefaultLauncher.java:103)
	at org.junit.platform.launcher.core.DefaultLauncher.execute(DefaultLauncher.java:85)
	at org.junit.platform.launcher.core.DelegatingLauncher.execute(DelegatingLauncher.java:47)
	at org.apache.maven.surefire.junitplatform.LazyLauncher.execute(LazyLauncher.java:56)
	at org.apache.maven.surefire.junitplatform.JUnitPlatformProvider.execute(JUnitPlatformProvider.java:184)
	at org.apache.maven.surefire.junitplatform.JUnitPlatformProvider.invokeAllTests(JUnitPlatformProvider.java:148)
	at org.apache.maven.surefire.junitplatform.JUnitPlatformProvider.invoke(JUnitPlatformProvider.java:122)
	at org.apache.maven.surefire.booter.ForkedBooter.runSuitesInProcess(ForkedBooter.java:385)
	at org.apache.maven.surefire.booter.ForkedBooter.execute(ForkedBooter.java:162)
	at org.apache.maven.surefire.booter.ForkedBooter.run(ForkedBooter.java:507)
	at org.apache.maven.surefire.booter.ForkedBooter.main(ForkedBooter.java:495)
15:17:19.596 [main] WARN com.tngtech.archunit.core.importer.ClassFileProcessor -- Error during import from jrt:/java.base/java/lang/annotation/Annotation.class, falling back to simple import
java.lang.IllegalArgumentException: Unsupported class file major version 68
	at com.tngtech.archunit.thirdparty.org.objectweb.asm.ClassReader.<init>(ClassReader.java:200)
	at com.tngtech.archunit.thirdparty.org.objectweb.asm.ClassReader.<init>(ClassReader.java:180)
	at com.tngtech.archunit.thirdparty.org.objectweb.asm.ClassReader.<init>(ClassReader.java:166)
	at com.tngtech.archunit.thirdparty.org.objectweb.asm.ClassReader.<init>(ClassReader.java:288)
	at com.tngtech.archunit.core.importer.ClassFileProcessor$UriImporterOfProcessor.tryImport(ClassFileProcessor.java:350)
	at com.tngtech.archunit.core.importer.resolvers.ClassResolverFromClasspath.tryResolve(ClassResolverFromClasspath.java:51)
	at com.tngtech.archunit.core.importer.ImportedClasses.resolve(ImportedClasses.java:80)
	at com.tngtech.archunit.core.importer.ImportedClasses.ensurePresent(ImportedClasses.java:75)
	at com.tngtech.archunit.core.importer.DependencyResolutionProcess.executeRun(DependencyResolutionProcess.java:146)
	at com.tngtech.archunit.core.importer.DependencyResolutionProcess.resolve(DependencyResolutionProcess.java:122)
	at com.tngtech.archunit.core.importer.ClassGraphCreator.complete(ClassGraphCreator.java:107)
	at com.tngtech.archunit.core.importer.ClassFileProcessor.process(ClassFileProcessor.java:75)
	at com.tngtech.archunit.core.importer.ClassFileImporter.importLocations(ClassFileImporter.java:325)
	at com.tngtech.archunit.junit.internal.ClassCache$CacheClassFileImporter.importClasses(ClassCache.java:126)
	at com.tngtech.archunit.junit.internal.ClassCache$LazyJavaClasses.initialize(ClassCache.java:118)
	at com.tngtech.archunit.junit.internal.ClassCache$LazyJavaClasses.get(ClassCache.java:107)
	at com.tngtech.archunit.junit.internal.ClassCache.getClassesToAnalyzeFor(ClassCache.java:84)
	at com.tngtech.archunit.junit.internal.ArchUnitTestDescriptor.lambda$createChildren$1(ArchUnitTestDescriptor.java:90)
	at com.tngtech.archunit.junit.internal.ArchUnitTestDescriptor$ArchUnitRuleDescriptor.execute(ArchUnitTestDescriptor.java:167)
	at com.tngtech.archunit.junit.internal.ArchUnitTestDescriptor$ArchUnitRuleDescriptor.execute(ArchUnitTestDescriptor.java:150)
	at org.junit.platform.engine.support.hierarchical.NodeTestTask.lambda$executeRecursively$6(NodeTestTask.java:156)
	at org.junit.platform.engine.support.hierarchical.ThrowableCollector.execute(ThrowableCollector.java:73)
	at org.junit.platform.engine.support.hierarchical.NodeTestTask.lambda$executeRecursively$8(NodeTestTask.java:146)
	at org.junit.platform.engine.support.hierarchical.Node.around(Node.java:137)
	at org.junit.platform.engine.support.hierarchical.NodeTestTask.lambda$executeRecursively$9(NodeTestTask.java:144)
	at org.junit.platform.engine.support.hierarchical.ThrowableCollector.execute(ThrowableCollector.java:73)
	at org.junit.platform.engine.support.hierarchical.NodeTestTask.executeRecursively(NodeTestTask.java:143)
	at org.junit.platform.engine.support.hierarchical.NodeTestTask.execute(NodeTestTask.java:100)
	at java.base/java.util.ArrayList.forEach(ArrayList.java:1604)
	at org.junit.platform.engine.support.hierarchical.SameThreadHierarchicalTestExecutorService.invokeAll(SameThreadHierarchicalTestExecutorService.java:41)
	at org.junit.platform.engine.support.hierarchical.NodeTestTask.lambda$executeRecursively$6(NodeTestTask.java:160)
	at org.junit.platform.engine.support.hierarchical.ThrowableCollector.execute(ThrowableCollector.java:73)
	at org.junit.platform.engine.support.hierarchical.NodeTestTask.lambda$executeRecursively$8(NodeTestTask.java:146)
	at org.junit.platform.engine.support.hierarchical.Node.around(Node.java:137)
	at org.junit.platform.engine.support.hierarchical.NodeTestTask.lambda$executeRecursively$9(NodeTestTask.java:144)
	at org.junit.platform.engine.support.hierarchical.ThrowableCollector.execute(ThrowableCollector.java:73)
	at org.junit.platform.engine.support.hierarchical.NodeTestTask.executeRecursively(NodeTestTask.java:143)
	at org.junit.platform.engine.support.hierarchical.NodeTestTask.execute(NodeTestTask.java:100)
	at java.base/java.util.ArrayList.forEach(ArrayList.java:1604)
	at org.junit.platform.engine.support.hierarchical.SameThreadHierarchicalTestExecutorService.invokeAll(SameThreadHierarchicalTestExecutorService.java:41)
	at org.junit.platform.engine.support.hierarchical.NodeTestTask.lambda$executeRecursively$6(NodeTestTask.java:160)
	at org.junit.platform.engine.support.hierarchical.ThrowableCollector.execute(ThrowableCollector.java:73)
	at org.junit.platform.engine.support.hierarchical.NodeTestTask.lambda$executeRecursively$8(NodeTestTask.java:146)
	at org.junit.platform.engine.support.hierarchical.Node.around(Node.java:137)
	at org.junit.platform.engine.support.hierarchical.NodeTestTask.lambda$executeRecursively$9(NodeTestTask.java:144)
	at org.junit.platform.engine.support.hierarchical.ThrowableCollector.execute(ThrowableCollector.java:73)
	at org.junit.platform.engine.support.hierarchical.NodeTestTask.executeRecursively(NodeTestTask.java:143)
	at org.junit.platform.engine.support.hierarchical.NodeTestTask.execute(NodeTestTask.java:100)
	at org.junit.platform.engine.support.hierarchical.SameThreadHierarchicalTestExecutorService.submit(SameThreadHierarchicalTestExecutorService.java:35)
	at org.junit.platform.engine.support.hierarchical.HierarchicalTestExecutor.execute(HierarchicalTestExecutor.java:57)
	at org.junit.platform.engine.support.hierarchical.HierarchicalTestEngine.execute(HierarchicalTestEngine.java:54)
	at org.junit.platform.launcher.core.EngineExecutionOrchestrator.execute(EngineExecutionOrchestrator.java:198)
	at org.junit.platform.launcher.core.EngineExecutionOrchestrator.execute(EngineExecutionOrchestrator.java:169)
	at org.junit.platform.launcher.core.EngineExecutionOrchestrator.execute(EngineExecutionOrchestrator.java:93)
	at org.junit.platform.launcher.core.EngineExecutionOrchestrator.lambda$execute$0(EngineExecutionOrchestrator.java:58)
	at org.junit.platform.launcher.core.EngineExecutionOrchestrator.withInterceptedStreams(EngineExecutionOrchestrator.java:141)
	at org.junit.platform.launcher.core.EngineExecutionOrchestrator.execute(EngineExecutionOrchestrator.java:57)
	at org.junit.platform.launcher.core.DefaultLauncher.execute(DefaultLauncher.java:103)
	at org.junit.platform.launcher.core.DefaultLauncher.execute(DefaultLauncher.java:85)
	at org.junit.platform.launcher.core.DelegatingLauncher.execute(DelegatingLauncher.java:47)
	at org.apache.maven.surefire.junitplatform.LazyLauncher.execute(LazyLauncher.java:56)
	at org.apache.maven.surefire.junitplatform.JUnitPlatformProvider.execute(JUnitPlatformProvider.java:184)
	at org.apache.maven.surefire.junitplatform.JUnitPlatformProvider.invokeAllTests(JUnitPlatformProvider.java:148)
	at org.apache.maven.surefire.junitplatform.JUnitPlatformProvider.invoke(JUnitPlatformProvider.java:122)
	at org.apache.maven.surefire.booter.ForkedBooter.runSuitesInProcess(ForkedBooter.java:385)
	at org.apache.maven.surefire.booter.ForkedBooter.execute(ForkedBooter.java:162)
	at org.apache.maven.surefire.booter.ForkedBooter.run(ForkedBooter.java:507)
	at org.apache.maven.surefire.booter.ForkedBooter.main(ForkedBooter.java:495)
15:17:19.602 [main] WARN com.tngtech.archunit.core.importer.ClassFileProcessor -- Error during import from jrt:/java.base/java/lang/FunctionalInterface.class, falling back to simple import
java.lang.IllegalArgumentException: Unsupported class file major version 68
	at com.tngtech.archunit.thirdparty.org.objectweb.asm.ClassReader.<init>(ClassReader.java:200)
	at com.tngtech.archunit.thirdparty.org.objectweb.asm.ClassReader.<init>(ClassReader.java:180)
	at com.tngtech.archunit.thirdparty.org.objectweb.asm.ClassReader.<init>(ClassReader.java:166)
	at com.tngtech.archunit.thirdparty.org.objectweb.asm.ClassReader.<init>(ClassReader.java:288)
	at com.tngtech.archunit.core.importer.ClassFileProcessor$UriImporterOfProcessor.tryImport(ClassFileProcessor.java:350)
	at com.tngtech.archunit.core.importer.resolvers.ClassResolverFromClasspath.tryResolve(ClassResolverFromClasspath.java:51)
	at com.tngtech.archunit.core.importer.ImportedClasses.resolve(ImportedClasses.java:80)
	at com.tngtech.archunit.core.importer.ImportedClasses.ensurePresent(ImportedClasses.java:75)
	at com.tngtech.archunit.core.importer.DependencyResolutionProcess.executeRun(DependencyResolutionProcess.java:146)
	at com.tngtech.archunit.core.importer.DependencyResolutionProcess.resolve(DependencyResolutionProcess.java:122)
	at com.tngtech.archunit.core.importer.ClassGraphCreator.complete(ClassGraphCreator.java:107)
	at com.tngtech.archunit.core.importer.ClassFileProcessor.process(ClassFileProcessor.java:75)
	at com.tngtech.archunit.core.importer.ClassFileImporter.importLocations(ClassFileImporter.java:325)
	at com.tngtech.archunit.junit.internal.ClassCache$CacheClassFileImporter.importClasses(ClassCache.java:126)
	at com.tngtech.archunit.junit.internal.ClassCache$LazyJavaClasses.initialize(ClassCache.java:118)
	at com.tngtech.archunit.junit.internal.ClassCache$LazyJavaClasses.get(ClassCache.java:107)
	at com.tngtech.archunit.junit.internal.ClassCache.getClassesToAnalyzeFor(ClassCache.java:84)
	at com.tngtech.archunit.junit.internal.ArchUnitTestDescriptor.lambda$createChildren$1(ArchUnitTestDescriptor.java:90)
	at com.tngtech.archunit.junit.internal.ArchUnitTestDescriptor$ArchUnitRuleDescriptor.execute(ArchUnitTestDescriptor.java:167)
	at com.tngtech.archunit.junit.internal.ArchUnitTestDescriptor$ArchUnitRuleDescriptor.execute(ArchUnitTestDescriptor.java:150)
	at org.junit.platform.engine.support.hierarchical.NodeTestTask.lambda$executeRecursively$6(NodeTestTask.java:156)
	at org.junit.platform.engine.support.hierarchical.ThrowableCollector.execute(ThrowableCollector.java:73)
	at org.junit.platform.engine.support.hierarchical.NodeTestTask.lambda$executeRecursively$8(NodeTestTask.java:146)
	at org.junit.platform.engine.support.hierarchical.Node.around(Node.java:137)
	at org.junit.platform.engine.support.hierarchical.NodeTestTask.lambda$executeRecursively$9(NodeTestTask.java:144)
	at org.junit.platform.engine.support.hierarchical.ThrowableCollector.execute(ThrowableCollector.java:73)
	at org.junit.platform.engine.support.hierarchical.NodeTestTask.executeRecursively(NodeTestTask.java:143)
	at org.junit.platform.engine.support.hierarchical.NodeTestTask.execute(NodeTestTask.java:100)
	at java.base/java.util.ArrayList.forEach(ArrayList.java:1604)
	at org.junit.platform.engine.support.hierarchical.SameThreadHierarchicalTestExecutorService.invokeAll(SameThreadHierarchicalTestExecutorService.java:41)
	at org.junit.platform.engine.support.hierarchical.NodeTestTask.lambda$executeRecursively$6(NodeTestTask.java:160)
	at org.junit.platform.engine.support.hierarchical.ThrowableCollector.execute(ThrowableCollector.java:73)
	at org.junit.platform.engine.support.hierarchical.NodeTestTask.lambda$executeRecursively$8(NodeTestTask.java:146)
	at org.junit.platform.engine.support.hierarchical.Node.around(Node.java:137)
	at org.junit.platform.engine.support.hierarchical.NodeTestTask.lambda$executeRecursively$9(NodeTestTask.java:144)
	at org.junit.platform.engine.support.hierarchical.ThrowableCollector.execute(ThrowableCollector.java:73)
	at org.junit.platform.engine.support.hierarchical.NodeTestTask.executeRecursively(NodeTestTask.java:143)
	at org.junit.platform.engine.support.hierarchical.NodeTestTask.execute(NodeTestTask.java:100)
	at java.base/java.util.ArrayList.forEach(ArrayList.java:1604)
	at org.junit.platform.engine.support.hierarchical.SameThreadHierarchicalTestExecutorService.invokeAll(SameThreadHierarchicalTestExecutorService.java:41)
	at org.junit.platform.engine.support.hierarchical.NodeTestTask.lambda$executeRecursively$6(NodeTestTask.java:160)
	at org.junit.platform.engine.support.hierarchical.ThrowableCollector.execute(ThrowableCollector.java:73)
	at org.junit.platform.engine.support.hierarchical.NodeTestTask.lambda$executeRecursively$8(NodeTestTask.java:146)
	at org.junit.platform.engine.support.hierarchical.Node.around(Node.java:137)
	at org.junit.platform.engine.support.hierarchical.NodeTestTask.lambda$executeRecursively$9(NodeTestTask.java:144)
	at org.junit.platform.engine.support.hierarchical.ThrowableCollector.execute(ThrowableCollector.java:73)
	at org.junit.platform.engine.support.hierarchical.NodeTestTask.executeRecursively(NodeTestTask.java:143)
	at org.junit.platform.engine.support.hierarchical.NodeTestTask.execute(NodeTestTask.java:100)
	at org.junit.platform.engine.support.hierarchical.SameThreadHierarchicalTestExecutorService.submit(SameThreadHierarchicalTestExecutorService.java:35)
	at org.junit.platform.engine.support.hierarchical.HierarchicalTestExecutor.execute(HierarchicalTestExecutor.java:57)
	at org.junit.platform.engine.support.hierarchical.HierarchicalTestEngine.execute(HierarchicalTestEngine.java:54)
	at org.junit.platform.launcher.core.EngineExecutionOrchestrator.execute(EngineExecutionOrchestrator.java:198)
	at org.junit.platform.launcher.core.EngineExecutionOrchestrator.execute(EngineExecutionOrchestrator.java:169)
	at org.junit.platform.launcher.core.EngineExecutionOrchestrator.execute(EngineExecutionOrchestrator.java:93)
	at org.junit.platform.launcher.core.EngineExecutionOrchestrator.lambda$execute$0(EngineExecutionOrchestrator.java:58)
	at org.junit.platform.launcher.core.EngineExecutionOrchestrator.withInterceptedStreams(EngineExecutionOrchestrator.java:141)
	at org.junit.platform.launcher.core.EngineExecutionOrchestrator.execute(EngineExecutionOrchestrator.java:57)
	at org.junit.platform.launcher.core.DefaultLauncher.execute(DefaultLauncher.java:103)
	at org.junit.platform.launcher.core.DefaultLauncher.execute(DefaultLauncher.java:85)
	at org.junit.platform.launcher.core.DelegatingLauncher.execute(DelegatingLauncher.java:47)
	at org.apache.maven.surefire.junitplatform.LazyLauncher.execute(LazyLauncher.java:56)
	at org.apache.maven.surefire.junitplatform.JUnitPlatformProvider.execute(JUnitPlatformProvider.java:184)
	at org.apache.maven.surefire.junitplatform.JUnitPlatformProvider.invokeAllTests(JUnitPlatformProvider.java:148)
	at org.apache.maven.surefire.junitplatform.JUnitPlatformProvider.invoke(JUnitPlatformProvider.java:122)
	at org.apache.maven.surefire.booter.ForkedBooter.runSuitesInProcess(ForkedBooter.java:385)
	at org.apache.maven.surefire.booter.ForkedBooter.execute(ForkedBooter.java:162)
	at org.apache.maven.surefire.booter.ForkedBooter.run(ForkedBooter.java:507)
	at org.apache.maven.surefire.booter.ForkedBooter.main(ForkedBooter.java:495)
15:17:19.603 [main] WARN com.tngtech.archunit.core.importer.ClassFileProcessor -- Error during import from jrt:/java.base/java/lang/annotation/Repeatable.class, falling back to simple import
java.lang.IllegalArgumentException: Unsupported class file major version 68
	at com.tngtech.archunit.thirdparty.org.objectweb.asm.ClassReader.<init>(ClassReader.java:200)
	at com.tngtech.archunit.thirdparty.org.objectweb.asm.ClassReader.<init>(ClassReader.java:180)
	at com.tngtech.archunit.thirdparty.org.objectweb.asm.ClassReader.<init>(ClassReader.java:166)
	at com.tngtech.archunit.thirdparty.org.objectweb.asm.ClassReader.<init>(ClassReader.java:288)
	at com.tngtech.archunit.core.importer.ClassFileProcessor$UriImporterOfProcessor.tryImport(ClassFileProcessor.java:350)
	at com.tngtech.archunit.core.importer.resolvers.ClassResolverFromClasspath.tryResolve(ClassResolverFromClasspath.java:51)
	at com.tngtech.archunit.core.importer.ImportedClasses.resolve(ImportedClasses.java:80)
	at com.tngtech.archunit.core.importer.ImportedClasses.ensurePresent(ImportedClasses.java:75)
	at com.tngtech.archunit.core.importer.DependencyResolutionProcess.executeRun(DependencyResolutionProcess.java:146)
	at com.tngtech.archunit.core.importer.DependencyResolutionProcess.resolve(DependencyResolutionProcess.java:122)
	at com.tngtech.archunit.core.importer.ClassGraphCreator.complete(ClassGraphCreator.java:107)
	at com.tngtech.archunit.core.importer.ClassFileProcessor.process(ClassFileProcessor.java:75)
	at com.tngtech.archunit.core.importer.ClassFileImporter.importLocations(ClassFileImporter.java:325)
	at com.tngtech.archunit.junit.internal.ClassCache$CacheClassFileImporter.importClasses(ClassCache.java:126)
	at com.tngtech.archunit.junit.internal.ClassCache$LazyJavaClasses.initialize(ClassCache.java:118)
	at com.tngtech.archunit.junit.internal.ClassCache$LazyJavaClasses.get(ClassCache.java:107)
	at com.tngtech.archunit.junit.internal.ClassCache.getClassesToAnalyzeFor(ClassCache.java:84)
	at com.tngtech.archunit.junit.internal.ArchUnitTestDescriptor.lambda$createChildren$1(ArchUnitTestDescriptor.java:90)
	at com.tngtech.archunit.junit.internal.ArchUnitTestDescriptor$ArchUnitRuleDescriptor.execute(ArchUnitTestDescriptor.java:167)
	at com.tngtech.archunit.junit.internal.ArchUnitTestDescriptor$ArchUnitRuleDescriptor.execute(ArchUnitTestDescriptor.java:150)
	at org.junit.platform.engine.support.hierarchical.NodeTestTask.lambda$executeRecursively$6(NodeTestTask.java:156)
	at org.junit.platform.engine.support.hierarchical.ThrowableCollector.execute(ThrowableCollector.java:73)
	at org.junit.platform.engine.support.hierarchical.NodeTestTask.lambda$executeRecursively$8(NodeTestTask.java:146)
	at org.junit.platform.engine.support.hierarchical.Node.around(Node.java:137)
	at org.junit.platform.engine.support.hierarchical.NodeTestTask.lambda$executeRecursively$9(NodeTestTask.java:144)
	at org.junit.platform.engine.support.hierarchical.ThrowableCollector.execute(ThrowableCollector.java:73)
	at org.junit.platform.engine.support.hierarchical.NodeTestTask.executeRecursively(NodeTestTask.java:143)
	at org.junit.platform.engine.support.hierarchical.NodeTestTask.execute(NodeTestTask.java:100)
	at java.base/java.util.ArrayList.forEach(ArrayList.java:1604)
	at org.junit.platform.engine.support.hierarchical.SameThreadHierarchicalTestExecutorService.invokeAll(SameThreadHierarchicalTestExecutorService.java:41)
	at org.junit.platform.engine.support.hierarchical.NodeTestTask.lambda$executeRecursively$6(NodeTestTask.java:160)
	at org.junit.platform.engine.support.hierarchical.ThrowableCollector.execute(ThrowableCollector.java:73)
	at org.junit.platform.engine.support.hierarchical.NodeTestTask.lambda$executeRecursively$8(NodeTestTask.java:146)
	at org.junit.platform.engine.support.hierarchical.Node.around(Node.java:137)
	at org.junit.platform.engine.support.hierarchical.NodeTestTask.lambda$executeRecursively$9(NodeTestTask.java:144)
	at org.junit.platform.engine.support.hierarchical.ThrowableCollector.execute(ThrowableCollector.java:73)
	at org.junit.platform.engine.support.hierarchical.NodeTestTask.executeRecursively(NodeTestTask.java:143)
	at org.junit.platform.engine.support.hierarchical.NodeTestTask.execute(NodeTestTask.java:100)
	at java.base/java.util.ArrayList.forEach(ArrayList.java:1604)
	at org.junit.platform.engine.support.hierarchical.SameThreadHierarchicalTestExecutorService.invokeAll(SameThreadHierarchicalTestExecutorService.java:41)
	at org.junit.platform.engine.support.hierarchical.NodeTestTask.lambda$executeRecursively$6(NodeTestTask.java:160)
	at org.junit.platform.engine.support.hierarchical.ThrowableCollector.execute(ThrowableCollector.java:73)
	at org.junit.platform.engine.support.hierarchical.NodeTestTask.lambda$executeRecursively$8(NodeTestTask.java:146)
	at org.junit.platform.engine.support.hierarchical.Node.around(Node.java:137)
	at org.junit.platform.engine.support.hierarchical.NodeTestTask.lambda$executeRecursively$9(NodeTestTask.java:144)
	at org.junit.platform.engine.support.hierarchical.ThrowableCollector.execute(ThrowableCollector.java:73)
	at org.junit.platform.engine.support.hierarchical.NodeTestTask.executeRecursively(NodeTestTask.java:143)
	at org.junit.platform.engine.support.hierarchical.NodeTestTask.execute(NodeTestTask.java:100)
	at org.junit.platform.engine.support.hierarchical.SameThreadHierarchicalTestExecutorService.submit(SameThreadHierarchicalTestExecutorService.java:35)
	at org.junit.platform.engine.support.hierarchical.HierarchicalTestExecutor.execute(HierarchicalTestExecutor.java:57)
	at org.junit.platform.engine.support.hierarchical.HierarchicalTestEngine.execute(HierarchicalTestEngine.java:54)
	at org.junit.platform.launcher.core.EngineExecutionOrchestrator.execute(EngineExecutionOrchestrator.java:198)
	at org.junit.platform.launcher.core.EngineExecutionOrchestrator.execute(EngineExecutionOrchestrator.java:169)
	at org.junit.platform.launcher.core.EngineExecutionOrchestrator.execute(EngineExecutionOrchestrator.java:93)
	at org.junit.platform.launcher.core.EngineExecutionOrchestrator.lambda$execute$0(EngineExecutionOrchestrator.java:58)
	at org.junit.platform.launcher.core.EngineExecutionOrchestrator.withInterceptedStreams(EngineExecutionOrchestrator.java:141)
	at org.junit.platform.launcher.core.EngineExecutionOrchestrator.execute(EngineExecutionOrchestrator.java:57)
	at org.junit.platform.launcher.core.DefaultLauncher.execute(DefaultLauncher.java:103)
	at org.junit.platform.launcher.core.DefaultLauncher.execute(DefaultLauncher.java:85)
	at org.junit.platform.launcher.core.DelegatingLauncher.execute(DelegatingLauncher.java:47)
	at org.apache.maven.surefire.junitplatform.LazyLauncher.execute(LazyLauncher.java:56)
	at org.apache.maven.surefire.junitplatform.JUnitPlatformProvider.execute(JUnitPlatformProvider.java:184)
	at org.apache.maven.surefire.junitplatform.JUnitPlatformProvider.invokeAllTests(JUnitPlatformProvider.java:148)
	at org.apache.maven.surefire.junitplatform.JUnitPlatformProvider.invoke(JUnitPlatformProvider.java:122)
	at org.apache.maven.surefire.booter.ForkedBooter.runSuitesInProcess(ForkedBooter.java:385)
	at org.apache.maven.surefire.booter.ForkedBooter.execute(ForkedBooter.java:162)
	at org.apache.maven.surefire.booter.ForkedBooter.run(ForkedBooter.java:507)
	at org.apache.maven.surefire.booter.ForkedBooter.main(ForkedBooter.java:495)
15:17:19.608 [main] WARN com.tngtech.archunit.core.importer.ClassFileProcessor -- Error during import from jrt:/java.base/java/lang/StackWalker$StackFrame.class, falling back to simple import
java.lang.IllegalArgumentException: Unsupported class file major version 68
	at com.tngtech.archunit.thirdparty.org.objectweb.asm.ClassReader.<init>(ClassReader.java:200)
	at com.tngtech.archunit.thirdparty.org.objectweb.asm.ClassReader.<init>(ClassReader.java:180)
	at com.tngtech.archunit.thirdparty.org.objectweb.asm.ClassReader.<init>(ClassReader.java:166)
	at com.tngtech.archunit.thirdparty.org.objectweb.asm.ClassReader.<init>(ClassReader.java:288)
	at com.tngtech.archunit.core.importer.ClassFileProcessor$UriImporterOfProcessor.tryImport(ClassFileProcessor.java:350)
	at com.tngtech.archunit.core.importer.resolvers.ClassResolverFromClasspath.tryResolve(ClassResolverFromClasspath.java:51)
	at com.tngtech.archunit.core.importer.ImportedClasses.resolve(ImportedClasses.java:80)
	at com.tngtech.archunit.core.importer.ImportedClasses.ensurePresent(ImportedClasses.java:75)
	at com.tngtech.archunit.core.importer.DependencyResolutionProcess.executeRun(DependencyResolutionProcess.java:146)
	at com.tngtech.archunit.core.importer.DependencyResolutionProcess.resolve(DependencyResolutionProcess.java:122)
	at com.tngtech.archunit.core.importer.ClassGraphCreator.complete(ClassGraphCreator.java:107)
	at com.tngtech.archunit.core.importer.ClassFileProcessor.process(ClassFileProcessor.java:75)
	at com.tngtech.archunit.core.importer.ClassFileImporter.importLocations(ClassFileImporter.java:325)
	at com.tngtech.archunit.junit.internal.ClassCache$CacheClassFileImporter.importClasses(ClassCache.java:126)
	at com.tngtech.archunit.junit.internal.ClassCache$LazyJavaClasses.initialize(ClassCache.java:118)
	at com.tngtech.archunit.junit.internal.ClassCache$LazyJavaClasses.get(ClassCache.java:107)
	at com.tngtech.archunit.junit.internal.ClassCache.getClassesToAnalyzeFor(ClassCache.java:84)
	at com.tngtech.archunit.junit.internal.ArchUnitTestDescriptor.lambda$createChildren$1(ArchUnitTestDescriptor.java:90)
	at com.tngtech.archunit.junit.internal.ArchUnitTestDescriptor$ArchUnitRuleDescriptor.execute(ArchUnitTestDescriptor.java:167)
	at com.tngtech.archunit.junit.internal.ArchUnitTestDescriptor$ArchUnitRuleDescriptor.execute(ArchUnitTestDescriptor.java:150)
	at org.junit.platform.engine.support.hierarchical.NodeTestTask.lambda$executeRecursively$6(NodeTestTask.java:156)
	at org.junit.platform.engine.support.hierarchical.ThrowableCollector.execute(ThrowableCollector.java:73)
	at org.junit.platform.engine.support.hierarchical.NodeTestTask.lambda$executeRecursively$8(NodeTestTask.java:146)
	at org.junit.platform.engine.support.hierarchical.Node.around(Node.java:137)
	at org.junit.platform.engine.support.hierarchical.NodeTestTask.lambda$executeRecursively$9(NodeTestTask.java:144)
	at org.junit.platform.engine.support.hierarchical.ThrowableCollector.execute(ThrowableCollector.java:73)
	at org.junit.platform.engine.support.hierarchical.NodeTestTask.executeRecursively(NodeTestTask.java:143)
	at org.junit.platform.engine.support.hierarchical.NodeTestTask.execute(NodeTestTask.java:100)
	at java.base/java.util.ArrayList.forEach(ArrayList.java:1604)
	at org.junit.platform.engine.support.hierarchical.SameThreadHierarchicalTestExecutorService.invokeAll(SameThreadHierarchicalTestExecutorService.java:41)
	at org.junit.platform.engine.support.hierarchical.NodeTestTask.lambda$executeRecursively$6(NodeTestTask.java:160)
	at org.junit.platform.engine.support.hierarchical.ThrowableCollector.execute(ThrowableCollector.java:73)
	at org.junit.platform.engine.support.hierarchical.NodeTestTask.lambda$executeRecursively$8(NodeTestTask.java:146)
	at org.junit.platform.engine.support.hierarchical.Node.around(Node.java:137)
	at org.junit.platform.engine.support.hierarchical.NodeTestTask.lambda$executeRecursively$9(NodeTestTask.java:144)
	at org.junit.platform.engine.support.hierarchical.ThrowableCollector.execute(ThrowableCollector.java:73)
	at org.junit.platform.engine.support.hierarchical.NodeTestTask.executeRecursively(NodeTestTask.java:143)
	at org.junit.platform.engine.support.hierarchical.NodeTestTask.execute(NodeTestTask.java:100)
	at java.base/java.util.ArrayList.forEach(ArrayList.java:1604)
	at org.junit.platform.engine.support.hierarchical.SameThreadHierarchicalTestExecutorService.invokeAll(SameThreadHierarchicalTestExecutorService.java:41)
	at org.junit.platform.engine.support.hierarchical.NodeTestTask.lambda$executeRecursively$6(NodeTestTask.java:160)
	at org.junit.platform.engine.support.hierarchical.ThrowableCollector.execute(ThrowableCollector.java:73)
	at org.junit.platform.engine.support.hierarchical.NodeTestTask.lambda$executeRecursively$8(NodeTestTask.java:146)
	at org.junit.platform.engine.support.hierarchical.Node.around(Node.java:137)
	at org.junit.platform.engine.support.hierarchical.NodeTestTask.lambda$executeRecursively$9(NodeTestTask.java:144)
	at org.junit.platform.engine.support.hierarchical.ThrowableCollector.execute(ThrowableCollector.java:73)
	at org.junit.platform.engine.support.hierarchical.NodeTestTask.executeRecursively(NodeTestTask.java:143)
	at org.junit.platform.engine.support.hierarchical.NodeTestTask.execute(NodeTestTask.java:100)
	at org.junit.platform.engine.support.hierarchical.SameThreadHierarchicalTestExecutorService.submit(SameThreadHierarchicalTestExecutorService.java:35)
	at org.junit.platform.engine.support.hierarchical.HierarchicalTestExecutor.execute(HierarchicalTestExecutor.java:57)
	at org.junit.platform.engine.support.hierarchical.HierarchicalTestEngine.execute(HierarchicalTestEngine.java:54)
	at org.junit.platform.launcher.core.EngineExecutionOrchestrator.execute(EngineExecutionOrchestrator.java:198)
	at org.junit.platform.launcher.core.EngineExecutionOrchestrator.execute(EngineExecutionOrchestrator.java:169)
	at org.junit.platform.launcher.core.EngineExecutionOrchestrator.execute(EngineExecutionOrchestrator.java:93)
	at org.junit.platform.launcher.core.EngineExecutionOrchestrator.lambda$execute$0(EngineExecutionOrchestrator.java:58)
	at org.junit.platform.launcher.core.EngineExecutionOrchestrator.withInterceptedStreams(EngineExecutionOrchestrator.java:141)
	at org.junit.platform.launcher.core.EngineExecutionOrchestrator.execute(EngineExecutionOrchestrator.java:57)
	at org.junit.platform.launcher.core.DefaultLauncher.execute(DefaultLauncher.java:103)
	at org.junit.platform.launcher.core.DefaultLauncher.execute(DefaultLauncher.java:85)
	at org.junit.platform.launcher.core.DelegatingLauncher.execute(DelegatingLauncher.java:47)
	at org.apache.maven.surefire.junitplatform.LazyLauncher.execute(LazyLauncher.java:56)
	at org.apache.maven.surefire.junitplatform.JUnitPlatformProvider.execute(JUnitPlatformProvider.java:184)
	at org.apache.maven.surefire.junitplatform.JUnitPlatformProvider.invokeAllTests(JUnitPlatformProvider.java:148)
	at org.apache.maven.surefire.junitplatform.JUnitPlatformProvider.invoke(JUnitPlatformProvider.java:122)
	at org.apache.maven.surefire.booter.ForkedBooter.runSuitesInProcess(ForkedBooter.java:385)
	at org.apache.maven.surefire.booter.ForkedBooter.execute(ForkedBooter.java:162)
	at org.apache.maven.surefire.booter.ForkedBooter.run(ForkedBooter.java:507)
	at org.apache.maven.surefire.booter.ForkedBooter.main(ForkedBooter.java:495)
15:17:19.612 [main] WARN com.tngtech.archunit.core.importer.ClassFileProcessor -- Error during import from jrt:/java.base/java/util/Comparator.class, falling back to simple import
java.lang.IllegalArgumentException: Unsupported class file major version 68
	at com.tngtech.archunit.thirdparty.org.objectweb.asm.ClassReader.<init>(ClassReader.java:200)
	at com.tngtech.archunit.thirdparty.org.objectweb.asm.ClassReader.<init>(ClassReader.java:180)
	at com.tngtech.archunit.thirdparty.org.objectweb.asm.ClassReader.<init>(ClassReader.java:166)
	at com.tngtech.archunit.thirdparty.org.objectweb.asm.ClassReader.<init>(ClassReader.java:288)
	at com.tngtech.archunit.core.importer.ClassFileProcessor$UriImporterOfProcessor.tryImport(ClassFileProcessor.java:350)
	at com.tngtech.archunit.core.importer.resolvers.ClassResolverFromClasspath.tryResolve(ClassResolverFromClasspath.java:51)
	at com.tngtech.archunit.core.importer.ImportedClasses.resolve(ImportedClasses.java:80)
	at com.tngtech.archunit.core.importer.ImportedClasses.ensurePresent(ImportedClasses.java:75)
	at com.tngtech.archunit.core.importer.DependencyResolutionProcess.executeRun(DependencyResolutionProcess.java:146)
	at com.tngtech.archunit.core.importer.DependencyResolutionProcess.resolve(DependencyResolutionProcess.java:122)
	at com.tngtech.archunit.core.importer.ClassGraphCreator.complete(ClassGraphCreator.java:107)
	at com.tngtech.archunit.core.importer.ClassFileProcessor.process(ClassFileProcessor.java:75)
	at com.tngtech.archunit.core.importer.ClassFileImporter.importLocations(ClassFileImporter.java:325)
	at com.tngtech.archunit.junit.internal.ClassCache$CacheClassFileImporter.importClasses(ClassCache.java:126)
	at com.tngtech.archunit.junit.internal.ClassCache$LazyJavaClasses.initialize(ClassCache.java:118)
	at com.tngtech.archunit.junit.internal.ClassCache$LazyJavaClasses.get(ClassCache.java:107)
	at com.tngtech.archunit.junit.internal.ClassCache.getClassesToAnalyzeFor(ClassCache.java:84)
	at com.tngtech.archunit.junit.internal.ArchUnitTestDescriptor.lambda$createChildren$1(ArchUnitTestDescriptor.java:90)
	at com.tngtech.archunit.junit.internal.ArchUnitTestDescriptor$ArchUnitRuleDescriptor.execute(ArchUnitTestDescriptor.java:167)
	at com.tngtech.archunit.junit.internal.ArchUnitTestDescriptor$ArchUnitRuleDescriptor.execute(ArchUnitTestDescriptor.java:150)
	at org.junit.platform.engine.support.hierarchical.NodeTestTask.lambda$executeRecursively$6(NodeTestTask.java:156)
	at org.junit.platform.engine.support.hierarchical.ThrowableCollector.execute(ThrowableCollector.java:73)
	at org.junit.platform.engine.support.hierarchical.NodeTestTask.lambda$executeRecursively$8(NodeTestTask.java:146)
	at org.junit.platform.engine.support.hierarchical.Node.around(Node.java:137)
	at org.junit.platform.engine.support.hierarchical.NodeTestTask.lambda$executeRecursively$9(NodeTestTask.java:144)
	at org.junit.platform.engine.support.hierarchical.ThrowableCollector.execute(ThrowableCollector.java:73)
	at org.junit.platform.engine.support.hierarchical.NodeTestTask.executeRecursively(NodeTestTask.java:143)
	at org.junit.platform.engine.support.hierarchical.NodeTestTask.execute(NodeTestTask.java:100)
	at java.base/java.util.ArrayList.forEach(ArrayList.java:1604)
	at org.junit.platform.engine.support.hierarchical.SameThreadHierarchicalTestExecutorService.invokeAll(SameThreadHierarchicalTestExecutorService.java:41)
	at org.junit.platform.engine.support.hierarchical.NodeTestTask.lambda$executeRecursively$6(NodeTestTask.java:160)
	at org.junit.platform.engine.support.hierarchical.ThrowableCollector.execute(ThrowableCollector.java:73)
	at org.junit.platform.engine.support.hierarchical.NodeTestTask.lambda$executeRecursively$8(NodeTestTask.java:146)
	at org.junit.platform.engine.support.hierarchical.Node.around(Node.java:137)
	at org.junit.platform.engine.support.hierarchical.NodeTestTask.lambda$executeRecursively$9(NodeTestTask.java:144)
	at org.junit.platform.engine.support.hierarchical.ThrowableCollector.execute(ThrowableCollector.java:73)
	at org.junit.platform.engine.support.hierarchical.NodeTestTask.executeRecursively(NodeTestTask.java:143)
	at org.junit.platform.engine.support.hierarchical.NodeTestTask.execute(NodeTestTask.java:100)
	at java.base/java.util.ArrayList.forEach(ArrayList.java:1604)
	at org.junit.platform.engine.support.hierarchical.SameThreadHierarchicalTestExecutorService.invokeAll(SameThreadHierarchicalTestExecutorService.java:41)
	at org.junit.platform.engine.support.hierarchical.NodeTestTask.lambda$executeRecursively$6(NodeTestTask.java:160)
	at org.junit.platform.engine.support.hierarchical.ThrowableCollector.execute(ThrowableCollector.java:73)
	at org.junit.platform.engine.support.hierarchical.NodeTestTask.lambda$executeRecursively$8(NodeTestTask.java:146)
	at org.junit.platform.engine.support.hierarchical.Node.around(Node.java:137)
	at org.junit.platform.engine.support.hierarchical.NodeTestTask.lambda$executeRecursively$9(NodeTestTask.java:144)
	at org.junit.platform.engine.support.hierarchical.ThrowableCollector.execute(ThrowableCollector.java:73)
	at org.junit.platform.engine.support.hierarchical.NodeTestTask.executeRecursively(NodeTestTask.java:143)
	at org.junit.platform.engine.support.hierarchical.NodeTestTask.execute(NodeTestTask.java:100)
	at org.junit.platform.engine.support.hierarchical.SameThreadHierarchicalTestExecutorService.submit(SameThreadHierarchicalTestExecutorService.java:35)
	at org.junit.platform.engine.support.hierarchical.HierarchicalTestExecutor.execute(HierarchicalTestExecutor.java:57)
	at org.junit.platform.engine.support.hierarchical.HierarchicalTestEngine.execute(HierarchicalTestEngine.java:54)
	at org.junit.platform.launcher.core.EngineExecutionOrchestrator.execute(EngineExecutionOrchestrator.java:198)
	at org.junit.platform.launcher.core.EngineExecutionOrchestrator.execute(EngineExecutionOrchestrator.java:169)
	at org.junit.platform.launcher.core.EngineExecutionOrchestrator.execute(EngineExecutionOrchestrator.java:93)
	at org.junit.platform.launcher.core.EngineExecutionOrchestrator.lambda$execute$0(EngineExecutionOrchestrator.java:58)
	at org.junit.platform.launcher.core.EngineExecutionOrchestrator.withInterceptedStreams(EngineExecutionOrchestrator.java:141)
	at org.junit.platform.launcher.core.EngineExecutionOrchestrator.execute(EngineExecutionOrchestrator.java:57)
	at org.junit.platform.launcher.core.DefaultLauncher.execute(DefaultLauncher.java:103)
	at org.junit.platform.launcher.core.DefaultLauncher.execute(DefaultLauncher.java:85)
	at org.junit.platform.launcher.core.DelegatingLauncher.execute(DelegatingLauncher.java:47)
	at org.apache.maven.surefire.junitplatform.LazyLauncher.execute(LazyLauncher.java:56)
	at org.apache.maven.surefire.junitplatform.JUnitPlatformProvider.execute(JUnitPlatformProvider.java:184)
	at org.apache.maven.surefire.junitplatform.JUnitPlatformProvider.invokeAllTests(JUnitPlatformProvider.java:148)
	at org.apache.maven.surefire.junitplatform.JUnitPlatformProvider.invoke(JUnitPlatformProvider.java:122)
	at org.apache.maven.surefire.booter.ForkedBooter.runSuitesInProcess(ForkedBooter.java:385)
	at org.apache.maven.surefire.booter.ForkedBooter.execute(ForkedBooter.java:162)
	at org.apache.maven.surefire.booter.ForkedBooter.run(ForkedBooter.java:507)
	at org.apache.maven.surefire.booter.ForkedBooter.main(ForkedBooter.java:495)
15:17:19.613 [main] WARN com.tngtech.archunit.core.importer.ClassFileProcessor -- Error during import from jrt:/java.base/java/lang/annotation/RetentionPolicy.class, falling back to simple import
java.lang.IllegalArgumentException: Unsupported class file major version 68
	at com.tngtech.archunit.thirdparty.org.objectweb.asm.ClassReader.<init>(ClassReader.java:200)
	at com.tngtech.archunit.thirdparty.org.objectweb.asm.ClassReader.<init>(ClassReader.java:180)
	at com.tngtech.archunit.thirdparty.org.objectweb.asm.ClassReader.<init>(ClassReader.java:166)
	at com.tngtech.archunit.thirdparty.org.objectweb.asm.ClassReader.<init>(ClassReader.java:288)
	at com.tngtech.archunit.core.importer.ClassFileProcessor$UriImporterOfProcessor.tryImport(ClassFileProcessor.java:350)
	at com.tngtech.archunit.core.importer.resolvers.ClassResolverFromClasspath.tryResolve(ClassResolverFromClasspath.java:51)
	at com.tngtech.archunit.core.importer.ImportedClasses.resolve(ImportedClasses.java:80)
	at com.tngtech.archunit.core.importer.ImportedClasses.ensurePresent(ImportedClasses.java:75)
	at com.tngtech.archunit.core.importer.DependencyResolutionProcess.executeRun(DependencyResolutionProcess.java:146)
	at com.tngtech.archunit.core.importer.DependencyResolutionProcess.resolve(DependencyResolutionProcess.java:122)
	at com.tngtech.archunit.core.importer.ClassGraphCreator.complete(ClassGraphCreator.java:107)
	at com.tngtech.archunit.core.importer.ClassFileProcessor.process(ClassFileProcessor.java:75)
	at com.tngtech.archunit.core.importer.ClassFileImporter.importLocations(ClassFileImporter.java:325)
	at com.tngtech.archunit.junit.internal.ClassCache$CacheClassFileImporter.importClasses(ClassCache.java:126)
	at com.tngtech.archunit.junit.internal.ClassCache$LazyJavaClasses.initialize(ClassCache.java:118)
	at com.tngtech.archunit.junit.internal.ClassCache$LazyJavaClasses.get(ClassCache.java:107)
	at com.tngtech.archunit.junit.internal.ClassCache.getClassesToAnalyzeFor(ClassCache.java:84)
	at com.tngtech.archunit.junit.internal.ArchUnitTestDescriptor.lambda$createChildren$1(ArchUnitTestDescriptor.java:90)
	at com.tngtech.archunit.junit.internal.ArchUnitTestDescriptor$ArchUnitRuleDescriptor.execute(ArchUnitTestDescriptor.java:167)
	at com.tngtech.archunit.junit.internal.ArchUnitTestDescriptor$ArchUnitRuleDescriptor.execute(ArchUnitTestDescriptor.java:150)
	at org.junit.platform.engine.support.hierarchical.NodeTestTask.lambda$executeRecursively$6(NodeTestTask.java:156)
	at org.junit.platform.engine.support.hierarchical.ThrowableCollector.execute(ThrowableCollector.java:73)
	at org.junit.platform.engine.support.hierarchical.NodeTestTask.lambda$executeRecursively$8(NodeTestTask.java:146)
	at org.junit.platform.engine.support.hierarchical.Node.around(Node.java:137)
	at org.junit.platform.engine.support.hierarchical.NodeTestTask.lambda$executeRecursively$9(NodeTestTask.java:144)
	at org.junit.platform.engine.support.hierarchical.ThrowableCollector.execute(ThrowableCollector.java:73)
	at org.junit.platform.engine.support.hierarchical.NodeTestTask.executeRecursively(NodeTestTask.java:143)
	at org.junit.platform.engine.support.hierarchical.NodeTestTask.execute(NodeTestTask.java:100)
	at java.base/java.util.ArrayList.forEach(ArrayList.java:1604)
	at org.junit.platform.engine.support.hierarchical.SameThreadHierarchicalTestExecutorService.invokeAll(SameThreadHierarchicalTestExecutorService.java:41)
	at org.junit.platform.engine.support.hierarchical.NodeTestTask.lambda$executeRecursively$6(NodeTestTask.java:160)
	at org.junit.platform.engine.support.hierarchical.ThrowableCollector.execute(ThrowableCollector.java:73)
	at org.junit.platform.engine.support.hierarchical.NodeTestTask.lambda$executeRecursively$8(NodeTestTask.java:146)
	at org.junit.platform.engine.support.hierarchical.Node.around(Node.java:137)
	at org.junit.platform.engine.support.hierarchical.NodeTestTask.lambda$executeRecursively$9(NodeTestTask.java:144)
	at org.junit.platform.engine.support.hierarchical.ThrowableCollector.execute(ThrowableCollector.java:73)
	at org.junit.platform.engine.support.hierarchical.NodeTestTask.executeRecursively(NodeTestTask.java:143)
	at org.junit.platform.engine.support.hierarchical.NodeTestTask.execute(NodeTestTask.java:100)
	at java.base/java.util.ArrayList.forEach(ArrayList.java:1604)
	at org.junit.platform.engine.support.hierarchical.SameThreadHierarchicalTestExecutorService.invokeAll(SameThreadHierarchicalTestExecutorService.java:41)
	at org.junit.platform.engine.support.hierarchical.NodeTestTask.lambda$executeRecursively$6(NodeTestTask.java:160)
	at org.junit.platform.engine.support.hierarchical.ThrowableCollector.execute(ThrowableCollector.java:73)
	at org.junit.platform.engine.support.hierarchical.NodeTestTask.lambda$executeRecursively$8(NodeTestTask.java:146)
	at org.junit.platform.engine.support.hierarchical.Node.around(Node.java:137)
	at org.junit.platform.engine.support.hierarchical.NodeTestTask.lambda$executeRecursively$9(NodeTestTask.java:144)
	at org.junit.platform.engine.support.hierarchical.ThrowableCollector.execute(ThrowableCollector.java:73)
	at org.junit.platform.engine.support.hierarchical.NodeTestTask.executeRecursively(NodeTestTask.java:143)
	at org.junit.platform.engine.support.hierarchical.NodeTestTask.execute(NodeTestTask.java:100)
	at org.junit.platform.engine.support.hierarchical.SameThreadHierarchicalTestExecutorService.submit(SameThreadHierarchicalTestExecutorService.java:35)
	at org.junit.platform.engine.support.hierarchical.HierarchicalTestExecutor.execute(HierarchicalTestExecutor.java:57)
	at org.junit.platform.engine.support.hierarchical.HierarchicalTestEngine.execute(HierarchicalTestEngine.java:54)
	at org.junit.platform.launcher.core.EngineExecutionOrchestrator.execute(EngineExecutionOrchestrator.java:198)
	at org.junit.platform.launcher.core.EngineExecutionOrchestrator.execute(EngineExecutionOrchestrator.java:169)
	at org.junit.platform.launcher.core.EngineExecutionOrchestrator.execute(EngineExecutionOrchestrator.java:93)
	at org.junit.platform.launcher.core.EngineExecutionOrchestrator.lambda$execute$0(EngineExecutionOrchestrator.java:58)
	at org.junit.platform.launcher.core.EngineExecutionOrchestrator.withInterceptedStreams(EngineExecutionOrchestrator.java:141)
	at org.junit.platform.launcher.core.EngineExecutionOrchestrator.execute(EngineExecutionOrchestrator.java:57)
	at org.junit.platform.launcher.core.DefaultLauncher.execute(DefaultLauncher.java:103)
	at org.junit.platform.launcher.core.DefaultLauncher.execute(DefaultLauncher.java:85)
	at org.junit.platform.launcher.core.DelegatingLauncher.execute(DelegatingLauncher.java:47)
	at org.apache.maven.surefire.junitplatform.LazyLauncher.execute(LazyLauncher.java:56)
	at org.apache.maven.surefire.junitplatform.JUnitPlatformProvider.execute(JUnitPlatformProvider.java:184)
	at org.apache.maven.surefire.junitplatform.JUnitPlatformProvider.invokeAllTests(JUnitPlatformProvider.java:148)
	at org.apache.maven.surefire.junitplatform.JUnitPlatformProvider.invoke(JUnitPlatformProvider.java:122)
	at org.apache.maven.surefire.booter.ForkedBooter.runSuitesInProcess(ForkedBooter.java:385)
	at org.apache.maven.surefire.booter.ForkedBooter.execute(ForkedBooter.java:162)
	at org.apache.maven.surefire.booter.ForkedBooter.run(ForkedBooter.java:507)
	at org.apache.maven.surefire.booter.ForkedBooter.main(ForkedBooter.java:495)
15:17:19.615 [main] WARN com.tngtech.archunit.core.importer.ClassFileProcessor -- Error during import from jrt:/java.base/java/lang/Float.class, falling back to simple import
java.lang.IllegalArgumentException: Unsupported class file major version 68
	at com.tngtech.archunit.thirdparty.org.objectweb.asm.ClassReader.<init>(ClassReader.java:200)
	at com.tngtech.archunit.thirdparty.org.objectweb.asm.ClassReader.<init>(ClassReader.java:180)
	at com.tngtech.archunit.thirdparty.org.objectweb.asm.ClassReader.<init>(ClassReader.java:166)
	at com.tngtech.archunit.thirdparty.org.objectweb.asm.ClassReader.<init>(ClassReader.java:288)
	at com.tngtech.archunit.core.importer.ClassFileProcessor$UriImporterOfProcessor.tryImport(ClassFileProcessor.java:350)
	at com.tngtech.archunit.core.importer.resolvers.ClassResolverFromClasspath.tryResolve(ClassResolverFromClasspath.java:51)
	at com.tngtech.archunit.core.importer.ImportedClasses.resolve(ImportedClasses.java:80)
	at com.tngtech.archunit.core.importer.ImportedClasses.ensurePresent(ImportedClasses.java:75)
	at com.tngtech.archunit.core.importer.DependencyResolutionProcess.executeRun(DependencyResolutionProcess.java:146)
	at com.tngtech.archunit.core.importer.DependencyResolutionProcess.resolve(DependencyResolutionProcess.java:122)
	at com.tngtech.archunit.core.importer.ClassGraphCreator.complete(ClassGraphCreator.java:107)
	at com.tngtech.archunit.core.importer.ClassFileProcessor.process(ClassFileProcessor.java:75)
	at com.tngtech.archunit.core.importer.ClassFileImporter.importLocations(ClassFileImporter.java:325)
	at com.tngtech.archunit.junit.internal.ClassCache$CacheClassFileImporter.importClasses(ClassCache.java:126)
	at com.tngtech.archunit.junit.internal.ClassCache$LazyJavaClasses.initialize(ClassCache.java:118)
	at com.tngtech.archunit.junit.internal.ClassCache$LazyJavaClasses.get(ClassCache.java:107)
	at com.tngtech.archunit.junit.internal.ClassCache.getClassesToAnalyzeFor(ClassCache.java:84)
	at com.tngtech.archunit.junit.internal.ArchUnitTestDescriptor.lambda$createChildren$1(ArchUnitTestDescriptor.java:90)
	at com.tngtech.archunit.junit.internal.ArchUnitTestDescriptor$ArchUnitRuleDescriptor.execute(ArchUnitTestDescriptor.java:167)
	at com.tngtech.archunit.junit.internal.ArchUnitTestDescriptor$ArchUnitRuleDescriptor.execute(ArchUnitTestDescriptor.java:150)
	at org.junit.platform.engine.support.hierarchical.NodeTestTask.lambda$executeRecursively$6(NodeTestTask.java:156)
	at org.junit.platform.engine.support.hierarchical.ThrowableCollector.execute(ThrowableCollector.java:73)
	at org.junit.platform.engine.support.hierarchical.NodeTestTask.lambda$executeRecursively$8(NodeTestTask.java:146)
	at org.junit.platform.engine.support.hierarchical.Node.around(Node.java:137)
	at org.junit.platform.engine.support.hierarchical.NodeTestTask.lambda$executeRecursively$9(NodeTestTask.java:144)
	at org.junit.platform.engine.support.hierarchical.ThrowableCollector.execute(ThrowableCollector.java:73)
	at org.junit.platform.engine.support.hierarchical.NodeTestTask.executeRecursively(NodeTestTask.java:143)
	at org.junit.platform.engine.support.hierarchical.NodeTestTask.execute(NodeTestTask.java:100)
	at java.base/java.util.ArrayList.forEach(ArrayList.java:1604)
	at org.junit.platform.engine.support.hierarchical.SameThreadHierarchicalTestExecutorService.invokeAll(SameThreadHierarchicalTestExecutorService.java:41)
	at org.junit.platform.engine.support.hierarchical.NodeTestTask.lambda$executeRecursively$6(NodeTestTask.java:160)
	at org.junit.platform.engine.support.hierarchical.ThrowableCollector.execute(ThrowableCollector.java:73)
	at org.junit.platform.engine.support.hierarchical.NodeTestTask.lambda$executeRecursively$8(NodeTestTask.java:146)
	at org.junit.platform.engine.support.hierarchical.Node.around(Node.java:137)
	at org.junit.platform.engine.support.hierarchical.NodeTestTask.lambda$executeRecursively$9(NodeTestTask.java:144)
	at org.junit.platform.engine.support.hierarchical.ThrowableCollector.execute(ThrowableCollector.java:73)
	at org.junit.platform.engine.support.hierarchical.NodeTestTask.executeRecursively(NodeTestTask.java:143)
	at org.junit.platform.engine.support.hierarchical.NodeTestTask.execute(NodeTestTask.java:100)
	at java.base/java.util.ArrayList.forEach(ArrayList.java:1604)
	at org.junit.platform.engine.support.hierarchical.SameThreadHierarchicalTestExecutorService.invokeAll(SameThreadHierarchicalTestExecutorService.java:41)
	at org.junit.platform.engine.support.hierarchical.NodeTestTask.lambda$executeRecursively$6(NodeTestTask.java:160)
	at org.junit.platform.engine.support.hierarchical.ThrowableCollector.execute(ThrowableCollector.java:73)
	at org.junit.platform.engine.support.hierarchical.NodeTestTask.lambda$executeRecursively$8(NodeTestTask.java:146)
	at org.junit.platform.engine.support.hierarchical.Node.around(Node.java:137)
	at org.junit.platform.engine.support.hierarchical.NodeTestTask.lambda$executeRecursively$9(NodeTestTask.java:144)
	at org.junit.platform.engine.support.hierarchical.ThrowableCollector.execute(ThrowableCollector.java:73)
	at org.junit.platform.engine.support.hierarchical.NodeTestTask.executeRecursively(NodeTestTask.java:143)
	at org.junit.platform.engine.support.hierarchical.NodeTestTask.execute(NodeTestTask.java:100)
	at org.junit.platform.engine.support.hierarchical.SameThreadHierarchicalTestExecutorService.submit(SameThreadHierarchicalTestExecutorService.java:35)
	at org.junit.platform.engine.support.hierarchical.HierarchicalTestExecutor.execute(HierarchicalTestExecutor.java:57)
	at org.junit.platform.engine.support.hierarchical.HierarchicalTestEngine.execute(HierarchicalTestEngine.java:54)
	at org.junit.platform.launcher.core.EngineExecutionOrchestrator.execute(EngineExecutionOrchestrator.java:198)
	at org.junit.platform.launcher.core.EngineExecutionOrchestrator.execute(EngineExecutionOrchestrator.java:169)
	at org.junit.platform.launcher.core.EngineExecutionOrchestrator.execute(EngineExecutionOrchestrator.java:93)
	at org.junit.platform.launcher.core.EngineExecutionOrchestrator.lambda$execute$0(EngineExecutionOrchestrator.java:58)
	at org.junit.platform.launcher.core.EngineExecutionOrchestrator.withInterceptedStreams(EngineExecutionOrchestrator.java:141)
	at org.junit.platform.launcher.core.EngineExecutionOrchestrator.execute(EngineExecutionOrchestrator.java:57)
	at org.junit.platform.launcher.core.DefaultLauncher.execute(DefaultLauncher.java:103)
	at org.junit.platform.launcher.core.DefaultLauncher.execute(DefaultLauncher.java:85)
	at org.junit.platform.launcher.core.DelegatingLauncher.execute(DelegatingLauncher.java:47)
	at org.apache.maven.surefire.junitplatform.LazyLauncher.execute(LazyLauncher.java:56)
	at org.apache.maven.surefire.junitplatform.JUnitPlatformProvider.execute(JUnitPlatformProvider.java:184)
	at org.apache.maven.surefire.junitplatform.JUnitPlatformProvider.invokeAllTests(JUnitPlatformProvider.java:148)
	at org.apache.maven.surefire.junitplatform.JUnitPlatformProvider.invoke(JUnitPlatformProvider.java:122)
	at org.apache.maven.surefire.booter.ForkedBooter.runSuitesInProcess(ForkedBooter.java:385)
	at org.apache.maven.surefire.booter.ForkedBooter.execute(ForkedBooter.java:162)
	at org.apache.maven.surefire.booter.ForkedBooter.run(ForkedBooter.java:507)
	at org.apache.maven.surefire.booter.ForkedBooter.main(ForkedBooter.java:495)
15:17:19.619 [main] WARN com.tngtech.archunit.core.importer.ClassFileProcessor -- Error during import from jrt:/java.base/java/math/BigDecimal.class, falling back to simple import
java.lang.IllegalArgumentException: Unsupported class file major version 68
	at com.tngtech.archunit.thirdparty.org.objectweb.asm.ClassReader.<init>(ClassReader.java:200)
	at com.tngtech.archunit.thirdparty.org.objectweb.asm.ClassReader.<init>(ClassReader.java:180)
	at com.tngtech.archunit.thirdparty.org.objectweb.asm.ClassReader.<init>(ClassReader.java:166)
	at com.tngtech.archunit.thirdparty.org.objectweb.asm.ClassReader.<init>(ClassReader.java:288)
	at com.tngtech.archunit.core.importer.ClassFileProcessor$UriImporterOfProcessor.tryImport(ClassFileProcessor.java:350)
	at com.tngtech.archunit.core.importer.resolvers.ClassResolverFromClasspath.tryResolve(ClassResolverFromClasspath.java:51)
	at com.tngtech.archunit.core.importer.ImportedClasses.resolve(ImportedClasses.java:80)
	at com.tngtech.archunit.core.importer.ImportedClasses.ensurePresent(ImportedClasses.java:75)
	at com.tngtech.archunit.core.importer.DependencyResolutionProcess.executeRun(DependencyResolutionProcess.java:146)
	at com.tngtech.archunit.core.importer.DependencyResolutionProcess.resolve(DependencyResolutionProcess.java:122)
	at com.tngtech.archunit.core.importer.ClassGraphCreator.complete(ClassGraphCreator.java:107)
	at com.tngtech.archunit.core.importer.ClassFileProcessor.process(ClassFileProcessor.java:75)
	at com.tngtech.archunit.core.importer.ClassFileImporter.importLocations(ClassFileImporter.java:325)
	at com.tngtech.archunit.junit.internal.ClassCache$CacheClassFileImporter.importClasses(ClassCache.java:126)
	at com.tngtech.archunit.junit.internal.ClassCache$LazyJavaClasses.initialize(ClassCache.java:118)
	at com.tngtech.archunit.junit.internal.ClassCache$LazyJavaClasses.get(ClassCache.java:107)
	at com.tngtech.archunit.junit.internal.ClassCache.getClassesToAnalyzeFor(ClassCache.java:84)
	at com.tngtech.archunit.junit.internal.ArchUnitTestDescriptor.lambda$createChildren$1(ArchUnitTestDescriptor.java:90)
	at com.tngtech.archunit.junit.internal.ArchUnitTestDescriptor$ArchUnitRuleDescriptor.execute(ArchUnitTestDescriptor.java:167)
	at com.tngtech.archunit.junit.internal.ArchUnitTestDescriptor$ArchUnitRuleDescriptor.execute(ArchUnitTestDescriptor.java:150)
	at org.junit.platform.engine.support.hierarchical.NodeTestTask.lambda$executeRecursively$6(NodeTestTask.java:156)
	at org.junit.platform.engine.support.hierarchical.ThrowableCollector.execute(ThrowableCollector.java:73)
	at org.junit.platform.engine.support.hierarchical.NodeTestTask.lambda$executeRecursively$8(NodeTestTask.java:146)
	at org.junit.platform.engine.support.hierarchical.Node.around(Node.java:137)
	at org.junit.platform.engine.support.hierarchical.NodeTestTask.lambda$executeRecursively$9(NodeTestTask.java:144)
	at org.junit.platform.engine.support.hierarchical.ThrowableCollector.execute(ThrowableCollector.java:73)
	at org.junit.platform.engine.support.hierarchical.NodeTestTask.executeRecursively(NodeTestTask.java:143)
	at org.junit.platform.engine.support.hierarchical.NodeTestTask.execute(NodeTestTask.java:100)
	at java.base/java.util.ArrayList.forEach(ArrayList.java:1604)
	at org.junit.platform.engine.support.hierarchical.SameThreadHierarchicalTestExecutorService.invokeAll(SameThreadHierarchicalTestExecutorService.java:41)
	at org.junit.platform.engine.support.hierarchical.NodeTestTask.lambda$executeRecursively$6(NodeTestTask.java:160)
	at org.junit.platform.engine.support.hierarchical.ThrowableCollector.execute(ThrowableCollector.java:73)
	at org.junit.platform.engine.support.hierarchical.NodeTestTask.lambda$executeRecursively$8(NodeTestTask.java:146)
	at org.junit.platform.engine.support.hierarchical.Node.around(Node.java:137)
	at org.junit.platform.engine.support.hierarchical.NodeTestTask.lambda$executeRecursively$9(NodeTestTask.java:144)
	at org.junit.platform.engine.support.hierarchical.ThrowableCollector.execute(ThrowableCollector.java:73)
	at org.junit.platform.engine.support.hierarchical.NodeTestTask.executeRecursively(NodeTestTask.java:143)
	at org.junit.platform.engine.support.hierarchical.NodeTestTask.execute(NodeTestTask.java:100)
	at java.base/java.util.ArrayList.forEach(ArrayList.java:1604)
	at org.junit.platform.engine.support.hierarchical.SameThreadHierarchicalTestExecutorService.invokeAll(SameThreadHierarchicalTestExecutorService.java:41)
	at org.junit.platform.engine.support.hierarchical.NodeTestTask.lambda$executeRecursively$6(NodeTestTask.java:160)
	at org.junit.platform.engine.support.hierarchical.ThrowableCollector.execute(ThrowableCollector.java:73)
	at org.junit.platform.engine.support.hierarchical.NodeTestTask.lambda$executeRecursively$8(NodeTestTask.java:146)
	at org.junit.platform.engine.support.hierarchical.Node.around(Node.java:137)
	at org.junit.platform.engine.support.hierarchical.NodeTestTask.lambda$executeRecursively$9(NodeTestTask.java:144)
	at org.junit.platform.engine.support.hierarchical.ThrowableCollector.execute(ThrowableCollector.java:73)
	at org.junit.platform.engine.support.hierarchical.NodeTestTask.executeRecursively(NodeTestTask.java:143)
	at org.junit.platform.engine.support.hierarchical.NodeTestTask.execute(NodeTestTask.java:100)
	at org.junit.platform.engine.support.hierarchical.SameThreadHierarchicalTestExecutorService.submit(SameThreadHierarchicalTestExecutorService.java:35)
	at org.junit.platform.engine.support.hierarchical.HierarchicalTestExecutor.execute(HierarchicalTestExecutor.java:57)
	at org.junit.platform.engine.support.hierarchical.HierarchicalTestEngine.execute(HierarchicalTestEngine.java:54)
	at org.junit.platform.launcher.core.EngineExecutionOrchestrator.execute(EngineExecutionOrchestrator.java:198)
	at org.junit.platform.launcher.core.EngineExecutionOrchestrator.execute(EngineExecutionOrchestrator.java:169)
	at org.junit.platform.launcher.core.EngineExecutionOrchestrator.execute(EngineExecutionOrchestrator.java:93)
	at org.junit.platform.launcher.core.EngineExecutionOrchestrator.lambda$execute$0(EngineExecutionOrchestrator.java:58)
	at org.junit.platform.launcher.core.EngineExecutionOrchestrator.withInterceptedStreams(EngineExecutionOrchestrator.java:141)
	at org.junit.platform.launcher.core.EngineExecutionOrchestrator.execute(EngineExecutionOrchestrator.java:57)
	at org.junit.platform.launcher.core.DefaultLauncher.execute(DefaultLauncher.java:103)
	at org.junit.platform.launcher.core.DefaultLauncher.execute(DefaultLauncher.java:85)
	at org.junit.platform.launcher.core.DelegatingLauncher.execute(DelegatingLauncher.java:47)
	at org.apache.maven.surefire.junitplatform.LazyLauncher.execute(LazyLauncher.java:56)
	at org.apache.maven.surefire.junitplatform.JUnitPlatformProvider.execute(JUnitPlatformProvider.java:184)
	at org.apache.maven.surefire.junitplatform.JUnitPlatformProvider.invokeAllTests(JUnitPlatformProvider.java:148)
	at org.apache.maven.surefire.junitplatform.JUnitPlatformProvider.invoke(JUnitPlatformProvider.java:122)
	at org.apache.maven.surefire.booter.ForkedBooter.runSuitesInProcess(ForkedBooter.java:385)
	at org.apache.maven.surefire.booter.ForkedBooter.execute(ForkedBooter.java:162)
	at org.apache.maven.surefire.booter.ForkedBooter.run(ForkedBooter.java:507)
	at org.apache.maven.surefire.booter.ForkedBooter.main(ForkedBooter.java:495)
15:17:19.621 [main] WARN com.tngtech.archunit.core.importer.ClassFileProcessor -- Error during import from jrt:/java.base/java/lang/Void.class, falling back to simple import
java.lang.IllegalArgumentException: Unsupported class file major version 68
	at com.tngtech.archunit.thirdparty.org.objectweb.asm.ClassReader.<init>(ClassReader.java:200)
	at com.tngtech.archunit.thirdparty.org.objectweb.asm.ClassReader.<init>(ClassReader.java:180)
	at com.tngtech.archunit.thirdparty.org.objectweb.asm.ClassReader.<init>(ClassReader.java:166)
	at com.tngtech.archunit.thirdparty.org.objectweb.asm.ClassReader.<init>(ClassReader.java:288)
	at com.tngtech.archunit.core.importer.ClassFileProcessor$UriImporterOfProcessor.tryImport(ClassFileProcessor.java:350)
	at com.tngtech.archunit.core.importer.resolvers.ClassResolverFromClasspath.tryResolve(ClassResolverFromClasspath.java:51)
	at com.tngtech.archunit.core.importer.ImportedClasses.resolve(ImportedClasses.java:80)
	at com.tngtech.archunit.core.importer.ImportedClasses.ensurePresent(ImportedClasses.java:75)
	at com.tngtech.archunit.core.importer.DependencyResolutionProcess.executeRun(DependencyResolutionProcess.java:146)
	at com.tngtech.archunit.core.importer.DependencyResolutionProcess.resolve(DependencyResolutionProcess.java:122)
	at com.tngtech.archunit.core.importer.ClassGraphCreator.complete(ClassGraphCreator.java:107)
	at com.tngtech.archunit.core.importer.ClassFileProcessor.process(ClassFileProcessor.java:75)
	at com.tngtech.archunit.core.importer.ClassFileImporter.importLocations(ClassFileImporter.java:325)
	at com.tngtech.archunit.junit.internal.ClassCache$CacheClassFileImporter.importClasses(ClassCache.java:126)
	at com.tngtech.archunit.junit.internal.ClassCache$LazyJavaClasses.initialize(ClassCache.java:118)
	at com.tngtech.archunit.junit.internal.ClassCache$LazyJavaClasses.get(ClassCache.java:107)
	at com.tngtech.archunit.junit.internal.ClassCache.getClassesToAnalyzeFor(ClassCache.java:84)
	at com.tngtech.archunit.junit.internal.ArchUnitTestDescriptor.lambda$createChildren$1(ArchUnitTestDescriptor.java:90)
	at com.tngtech.archunit.junit.internal.ArchUnitTestDescriptor$ArchUnitRuleDescriptor.execute(ArchUnitTestDescriptor.java:167)
	at com.tngtech.archunit.junit.internal.ArchUnitTestDescriptor$ArchUnitRuleDescriptor.execute(ArchUnitTestDescriptor.java:150)
	at org.junit.platform.engine.support.hierarchical.NodeTestTask.lambda$executeRecursively$6(NodeTestTask.java:156)
	at org.junit.platform.engine.support.hierarchical.ThrowableCollector.execute(ThrowableCollector.java:73)
	at org.junit.platform.engine.support.hierarchical.NodeTestTask.lambda$executeRecursively$8(NodeTestTask.java:146)
	at org.junit.platform.engine.support.hierarchical.Node.around(Node.java:137)
	at org.junit.platform.engine.support.hierarchical.NodeTestTask.lambda$executeRecursively$9(NodeTestTask.java:144)
	at org.junit.platform.engine.support.hierarchical.ThrowableCollector.execute(ThrowableCollector.java:73)
	at org.junit.platform.engine.support.hierarchical.NodeTestTask.executeRecursively(NodeTestTask.java:143)
	at org.junit.platform.engine.support.hierarchical.NodeTestTask.execute(NodeTestTask.java:100)
	at java.base/java.util.ArrayList.forEach(ArrayList.java:1604)
	at org.junit.platform.engine.support.hierarchical.SameThreadHierarchicalTestExecutorService.invokeAll(SameThreadHierarchicalTestExecutorService.java:41)
	at org.junit.platform.engine.support.hierarchical.NodeTestTask.lambda$executeRecursively$6(NodeTestTask.java:160)
	at org.junit.platform.engine.support.hierarchical.ThrowableCollector.execute(ThrowableCollector.java:73)
	at org.junit.platform.engine.support.hierarchical.NodeTestTask.lambda$executeRecursively$8(NodeTestTask.java:146)
	at org.junit.platform.engine.support.hierarchical.Node.around(Node.java:137)
	at org.junit.platform.engine.support.hierarchical.NodeTestTask.lambda$executeRecursively$9(NodeTestTask.java:144)
	at org.junit.platform.engine.support.hierarchical.ThrowableCollector.execute(ThrowableCollector.java:73)
	at org.junit.platform.engine.support.hierarchical.NodeTestTask.executeRecursively(NodeTestTask.java:143)
	at org.junit.platform.engine.support.hierarchical.NodeTestTask.execute(NodeTestTask.java:100)
	at java.base/java.util.ArrayList.forEach(ArrayList.java:1604)
	at org.junit.platform.engine.support.hierarchical.SameThreadHierarchicalTestExecutorService.invokeAll(SameThreadHierarchicalTestExecutorService.java:41)
	at org.junit.platform.engine.support.hierarchical.NodeTestTask.lambda$executeRecursively$6(NodeTestTask.java:160)
	at org.junit.platform.engine.support.hierarchical.ThrowableCollector.execute(ThrowableCollector.java:73)
	at org.junit.platform.engine.support.hierarchical.NodeTestTask.lambda$executeRecursively$8(NodeTestTask.java:146)
	at org.junit.platform.engine.support.hierarchical.Node.around(Node.java:137)
	at org.junit.platform.engine.support.hierarchical.NodeTestTask.lambda$executeRecursively$9(NodeTestTask.java:144)
	at org.junit.platform.engine.support.hierarchical.ThrowableCollector.execute(ThrowableCollector.java:73)
	at org.junit.platform.engine.support.hierarchical.NodeTestTask.executeRecursively(NodeTestTask.java:143)
	at org.junit.platform.engine.support.hierarchical.NodeTestTask.execute(NodeTestTask.java:100)
	at org.junit.platform.engine.support.hierarchical.SameThreadHierarchicalTestExecutorService.submit(SameThreadHierarchicalTestExecutorService.java:35)
	at org.junit.platform.engine.support.hierarchical.HierarchicalTestExecutor.execute(HierarchicalTestExecutor.java:57)
	at org.junit.platform.engine.support.hierarchical.HierarchicalTestEngine.execute(HierarchicalTestEngine.java:54)
	at org.junit.platform.launcher.core.EngineExecutionOrchestrator.execute(EngineExecutionOrchestrator.java:198)
	at org.junit.platform.launcher.core.EngineExecutionOrchestrator.execute(EngineExecutionOrchestrator.java:169)
	at org.junit.platform.launcher.core.EngineExecutionOrchestrator.execute(EngineExecutionOrchestrator.java:93)
	at org.junit.platform.launcher.core.EngineExecutionOrchestrator.lambda$execute$0(EngineExecutionOrchestrator.java:58)
	at org.junit.platform.launcher.core.EngineExecutionOrchestrator.withInterceptedStreams(EngineExecutionOrchestrator.java:141)
	at org.junit.platform.launcher.core.EngineExecutionOrchestrator.execute(EngineExecutionOrchestrator.java:57)
	at org.junit.platform.launcher.core.DefaultLauncher.execute(DefaultLauncher.java:103)
	at org.junit.platform.launcher.core.DefaultLauncher.execute(DefaultLauncher.java:85)
	at org.junit.platform.launcher.core.DelegatingLauncher.execute(DelegatingLauncher.java:47)
	at org.apache.maven.surefire.junitplatform.LazyLauncher.execute(LazyLauncher.java:56)
	at org.apache.maven.surefire.junitplatform.JUnitPlatformProvider.execute(JUnitPlatformProvider.java:184)
	at org.apache.maven.surefire.junitplatform.JUnitPlatformProvider.invokeAllTests(JUnitPlatformProvider.java:148)
	at org.apache.maven.surefire.junitplatform.JUnitPlatformProvider.invoke(JUnitPlatformProvider.java:122)
	at org.apache.maven.surefire.booter.ForkedBooter.runSuitesInProcess(ForkedBooter.java:385)
	at org.apache.maven.surefire.booter.ForkedBooter.execute(ForkedBooter.java:162)
	at org.apache.maven.surefire.booter.ForkedBooter.run(ForkedBooter.java:507)
	at org.apache.maven.surefire.booter.ForkedBooter.main(ForkedBooter.java:495)
15:17:19.624 [main] WARN com.tngtech.archunit.core.importer.ClassFileProcessor -- Error during import from jrt:/java.base/java/lang/Exception.class, falling back to simple import
java.lang.IllegalArgumentException: Unsupported class file major version 68
	at com.tngtech.archunit.thirdparty.org.objectweb.asm.ClassReader.<init>(ClassReader.java:200)
	at com.tngtech.archunit.thirdparty.org.objectweb.asm.ClassReader.<init>(ClassReader.java:180)
	at com.tngtech.archunit.thirdparty.org.objectweb.asm.ClassReader.<init>(ClassReader.java:166)
	at com.tngtech.archunit.thirdparty.org.objectweb.asm.ClassReader.<init>(ClassReader.java:288)
	at com.tngtech.archunit.core.importer.ClassFileProcessor$UriImporterOfProcessor.tryImport(ClassFileProcessor.java:350)
	at com.tngtech.archunit.core.importer.resolvers.ClassResolverFromClasspath.tryResolve(ClassResolverFromClasspath.java:51)
	at com.tngtech.archunit.core.importer.ImportedClasses.resolve(ImportedClasses.java:80)
	at com.tngtech.archunit.core.importer.ImportedClasses.ensurePresent(ImportedClasses.java:75)
	at com.tngtech.archunit.core.importer.DependencyResolutionProcess.executeRun(DependencyResolutionProcess.java:146)
	at com.tngtech.archunit.core.importer.DependencyResolutionProcess.resolve(DependencyResolutionProcess.java:122)
	at com.tngtech.archunit.core.importer.ClassGraphCreator.complete(ClassGraphCreator.java:107)
	at com.tngtech.archunit.core.importer.ClassFileProcessor.process(ClassFileProcessor.java:75)
	at com.tngtech.archunit.core.importer.ClassFileImporter.importLocations(ClassFileImporter.java:325)
	at com.tngtech.archunit.junit.internal.ClassCache$CacheClassFileImporter.importClasses(ClassCache.java:126)
	at com.tngtech.archunit.junit.internal.ClassCache$LazyJavaClasses.initialize(ClassCache.java:118)
	at com.tngtech.archunit.junit.internal.ClassCache$LazyJavaClasses.get(ClassCache.java:107)
	at com.tngtech.archunit.junit.internal.ClassCache.getClassesToAnalyzeFor(ClassCache.java:84)
	at com.tngtech.archunit.junit.internal.ArchUnitTestDescriptor.lambda$createChildren$1(ArchUnitTestDescriptor.java:90)
	at com.tngtech.archunit.junit.internal.ArchUnitTestDescriptor$ArchUnitRuleDescriptor.execute(ArchUnitTestDescriptor.java:167)
	at com.tngtech.archunit.junit.internal.ArchUnitTestDescriptor$ArchUnitRuleDescriptor.execute(ArchUnitTestDescriptor.java:150)
	at org.junit.platform.engine.support.hierarchical.NodeTestTask.lambda$executeRecursively$6(NodeTestTask.java:156)
	at org.junit.platform.engine.support.hierarchical.ThrowableCollector.execute(ThrowableCollector.java:73)
	at org.junit.platform.engine.support.hierarchical.NodeTestTask.lambda$executeRecursively$8(NodeTestTask.java:146)
	at org.junit.platform.engine.support.hierarchical.Node.around(Node.java:137)
	at org.junit.platform.engine.support.hierarchical.NodeTestTask.lambda$executeRecursively$9(NodeTestTask.java:144)
	at org.junit.platform.engine.support.hierarchical.ThrowableCollector.execute(ThrowableCollector.java:73)
	at org.junit.platform.engine.support.hierarchical.NodeTestTask.executeRecursively(NodeTestTask.java:143)
	at org.junit.platform.engine.support.hierarchical.NodeTestTask.execute(NodeTestTask.java:100)
	at java.base/java.util.ArrayList.forEach(ArrayList.java:1604)
	at org.junit.platform.engine.support.hierarchical.SameThreadHierarchicalTestExecutorService.invokeAll(SameThreadHierarchicalTestExecutorService.java:41)
	at org.junit.platform.engine.support.hierarchical.NodeTestTask.lambda$executeRecursively$6(NodeTestTask.java:160)
	at org.junit.platform.engine.support.hierarchical.ThrowableCollector.execute(ThrowableCollector.java:73)
	at org.junit.platform.engine.support.hierarchical.NodeTestTask.lambda$executeRecursively$8(NodeTestTask.java:146)
	at org.junit.platform.engine.support.hierarchical.Node.around(Node.java:137)
	at org.junit.platform.engine.support.hierarchical.NodeTestTask.lambda$executeRecursively$9(NodeTestTask.java:144)
	at org.junit.platform.engine.support.hierarchical.ThrowableCollector.execute(ThrowableCollector.java:73)
	at org.junit.platform.engine.support.hierarchical.NodeTestTask.executeRecursively(NodeTestTask.java:143)
	at org.junit.platform.engine.support.hierarchical.NodeTestTask.execute(NodeTestTask.java:100)
	at java.base/java.util.ArrayList.forEach(ArrayList.java:1604)
	at org.junit.platform.engine.support.hierarchical.SameThreadHierarchicalTestExecutorService.invokeAll(SameThreadHierarchicalTestExecutorService.java:41)
	at org.junit.platform.engine.support.hierarchical.NodeTestTask.lambda$executeRecursively$6(NodeTestTask.java:160)
	at org.junit.platform.engine.support.hierarchical.ThrowableCollector.execute(ThrowableCollector.java:73)
	at org.junit.platform.engine.support.hierarchical.NodeTestTask.lambda$executeRecursively$8(NodeTestTask.java:146)
	at org.junit.platform.engine.support.hierarchical.Node.around(Node.java:137)
	at org.junit.platform.engine.support.hierarchical.NodeTestTask.lambda$executeRecursively$9(NodeTestTask.java:144)
	at org.junit.platform.engine.support.hierarchical.ThrowableCollector.execute(ThrowableCollector.java:73)
	at org.junit.platform.engine.support.hierarchical.NodeTestTask.executeRecursively(NodeTestTask.java:143)
	at org.junit.platform.engine.support.hierarchical.NodeTestTask.execute(NodeTestTask.java:100)
	at org.junit.platform.engine.support.hierarchical.SameThreadHierarchicalTestExecutorService.submit(SameThreadHierarchicalTestExecutorService.java:35)
	at org.junit.platform.engine.support.hierarchical.HierarchicalTestExecutor.execute(HierarchicalTestExecutor.java:57)
	at org.junit.platform.engine.support.hierarchical.HierarchicalTestEngine.execute(HierarchicalTestEngine.java:54)
	at org.junit.platform.launcher.core.EngineExecutionOrchestrator.execute(EngineExecutionOrchestrator.java:198)
	at org.junit.platform.launcher.core.EngineExecutionOrchestrator.execute(EngineExecutionOrchestrator.java:169)
	at org.junit.platform.launcher.core.EngineExecutionOrchestrator.execute(EngineExecutionOrchestrator.java:93)
	at org.junit.platform.launcher.core.EngineExecutionOrchestrator.lambda$execute$0(EngineExecutionOrchestrator.java:58)
	at org.junit.platform.launcher.core.EngineExecutionOrchestrator.withInterceptedStreams(EngineExecutionOrchestrator.java:141)
	at org.junit.platform.launcher.core.EngineExecutionOrchestrator.execute(EngineExecutionOrchestrator.java:57)
	at org.junit.platform.launcher.core.DefaultLauncher.execute(DefaultLauncher.java:103)
	at org.junit.platform.launcher.core.DefaultLauncher.execute(DefaultLauncher.java:85)
	at org.junit.platform.launcher.core.DelegatingLauncher.execute(DelegatingLauncher.java:47)
	at org.apache.maven.surefire.junitplatform.LazyLauncher.execute(LazyLauncher.java:56)
	at org.apache.maven.surefire.junitplatform.JUnitPlatformProvider.execute(JUnitPlatformProvider.java:184)
	at org.apache.maven.surefire.junitplatform.JUnitPlatformProvider.invokeAllTests(JUnitPlatformProvider.java:148)
	at org.apache.maven.surefire.junitplatform.JUnitPlatformProvider.invoke(JUnitPlatformProvider.java:122)
	at org.apache.maven.surefire.booter.ForkedBooter.runSuitesInProcess(ForkedBooter.java:385)
	at org.apache.maven.surefire.booter.ForkedBooter.execute(ForkedBooter.java:162)
	at org.apache.maven.surefire.booter.ForkedBooter.run(ForkedBooter.java:507)
	at org.apache.maven.surefire.booter.ForkedBooter.main(ForkedBooter.java:495)
15:17:19.626 [main] WARN com.tngtech.archunit.core.importer.ClassFileProcessor -- Error during import from jrt:/java.base/java/lang/Double.class, falling back to simple import
java.lang.IllegalArgumentException: Unsupported class file major version 68
	at com.tngtech.archunit.thirdparty.org.objectweb.asm.ClassReader.<init>(ClassReader.java:200)
	at com.tngtech.archunit.thirdparty.org.objectweb.asm.ClassReader.<init>(ClassReader.java:180)
	at com.tngtech.archunit.thirdparty.org.objectweb.asm.ClassReader.<init>(ClassReader.java:166)
	at com.tngtech.archunit.thirdparty.org.objectweb.asm.ClassReader.<init>(ClassReader.java:288)
	at com.tngtech.archunit.core.importer.ClassFileProcessor$UriImporterOfProcessor.tryImport(ClassFileProcessor.java:350)
	at com.tngtech.archunit.core.importer.resolvers.ClassResolverFromClasspath.tryResolve(ClassResolverFromClasspath.java:51)
	at com.tngtech.archunit.core.importer.ImportedClasses.resolve(ImportedClasses.java:80)
	at com.tngtech.archunit.core.importer.ImportedClasses.ensurePresent(ImportedClasses.java:75)
	at com.tngtech.archunit.core.importer.DependencyResolutionProcess.executeRun(DependencyResolutionProcess.java:146)
	at com.tngtech.archunit.core.importer.DependencyResolutionProcess.resolve(DependencyResolutionProcess.java:122)
	at com.tngtech.archunit.core.importer.ClassGraphCreator.complete(ClassGraphCreator.java:107)
	at com.tngtech.archunit.core.importer.ClassFileProcessor.process(ClassFileProcessor.java:75)
	at com.tngtech.archunit.core.importer.ClassFileImporter.importLocations(ClassFileImporter.java:325)
	at com.tngtech.archunit.junit.internal.ClassCache$CacheClassFileImporter.importClasses(ClassCache.java:126)
	at com.tngtech.archunit.junit.internal.ClassCache$LazyJavaClasses.initialize(ClassCache.java:118)
	at com.tngtech.archunit.junit.internal.ClassCache$LazyJavaClasses.get(ClassCache.java:107)
	at com.tngtech.archunit.junit.internal.ClassCache.getClassesToAnalyzeFor(ClassCache.java:84)
	at com.tngtech.archunit.junit.internal.ArchUnitTestDescriptor.lambda$createChildren$1(ArchUnitTestDescriptor.java:90)
	at com.tngtech.archunit.junit.internal.ArchUnitTestDescriptor$ArchUnitRuleDescriptor.execute(ArchUnitTestDescriptor.java:167)
	at com.tngtech.archunit.junit.internal.ArchUnitTestDescriptor$ArchUnitRuleDescriptor.execute(ArchUnitTestDescriptor.java:150)
	at org.junit.platform.engine.support.hierarchical.NodeTestTask.lambda$executeRecursively$6(NodeTestTask.java:156)
	at org.junit.platform.engine.support.hierarchical.ThrowableCollector.execute(ThrowableCollector.java:73)
	at org.junit.platform.engine.support.hierarchical.NodeTestTask.lambda$executeRecursively$8(NodeTestTask.java:146)
	at org.junit.platform.engine.support.hierarchical.Node.around(Node.java:137)
	at org.junit.platform.engine.support.hierarchical.NodeTestTask.lambda$executeRecursively$9(NodeTestTask.java:144)
	at org.junit.platform.engine.support.hierarchical.ThrowableCollector.execute(ThrowableCollector.java:73)
	at org.junit.platform.engine.support.hierarchical.NodeTestTask.executeRecursively(NodeTestTask.java:143)
	at org.junit.platform.engine.support.hierarchical.NodeTestTask.execute(NodeTestTask.java:100)
	at java.base/java.util.ArrayList.forEach(ArrayList.java:1604)
	at org.junit.platform.engine.support.hierarchical.SameThreadHierarchicalTestExecutorService.invokeAll(SameThreadHierarchicalTestExecutorService.java:41)
	at org.junit.platform.engine.support.hierarchical.NodeTestTask.lambda$executeRecursively$6(NodeTestTask.java:160)
	at org.junit.platform.engine.support.hierarchical.ThrowableCollector.execute(ThrowableCollector.java:73)
	at org.junit.platform.engine.support.hierarchical.NodeTestTask.lambda$executeRecursively$8(NodeTestTask.java:146)
	at org.junit.platform.engine.support.hierarchical.Node.around(Node.java:137)
	at org.junit.platform.engine.support.hierarchical.NodeTestTask.lambda$executeRecursively$9(NodeTestTask.java:144)
	at org.junit.platform.engine.support.hierarchical.ThrowableCollector.execute(ThrowableCollector.java:73)
	at org.junit.platform.engine.support.hierarchical.NodeTestTask.executeRecursively(NodeTestTask.java:143)
	at org.junit.platform.engine.support.hierarchical.NodeTestTask.execute(NodeTestTask.java:100)
	at java.base/java.util.ArrayList.forEach(ArrayList.java:1604)
	at org.junit.platform.engine.support.hierarchical.SameThreadHierarchicalTestExecutorService.invokeAll(SameThreadHierarchicalTestExecutorService.java:41)
	at org.junit.platform.engine.support.hierarchical.NodeTestTask.lambda$executeRecursively$6(NodeTestTask.java:160)
	at org.junit.platform.engine.support.hierarchical.ThrowableCollector.execute(ThrowableCollector.java:73)
	at org.junit.platform.engine.support.hierarchical.NodeTestTask.lambda$executeRecursively$8(NodeTestTask.java:146)
	at org.junit.platform.engine.support.hierarchical.Node.around(Node.java:137)
	at org.junit.platform.engine.support.hierarchical.NodeTestTask.lambda$executeRecursively$9(NodeTestTask.java:144)
	at org.junit.platform.engine.support.hierarchical.ThrowableCollector.execute(ThrowableCollector.java:73)
	at org.junit.platform.engine.support.hierarchical.NodeTestTask.executeRecursively(NodeTestTask.java:143)
	at org.junit.platform.engine.support.hierarchical.NodeTestTask.execute(NodeTestTask.java:100)
	at org.junit.platform.engine.support.hierarchical.SameThreadHierarchicalTestExecutorService.submit(SameThreadHierarchicalTestExecutorService.java:35)
	at org.junit.platform.engine.support.hierarchical.HierarchicalTestExecutor.execute(HierarchicalTestExecutor.java:57)
	at org.junit.platform.engine.support.hierarchical.HierarchicalTestEngine.execute(HierarchicalTestEngine.java:54)
	at org.junit.platform.launcher.core.EngineExecutionOrchestrator.execute(EngineExecutionOrchestrator.java:198)
	at org.junit.platform.launcher.core.EngineExecutionOrchestrator.execute(EngineExecutionOrchestrator.java:169)
	at org.junit.platform.launcher.core.EngineExecutionOrchestrator.execute(EngineExecutionOrchestrator.java:93)
	at org.junit.platform.launcher.core.EngineExecutionOrchestrator.lambda$execute$0(EngineExecutionOrchestrator.java:58)
	at org.junit.platform.launcher.core.EngineExecutionOrchestrator.withInterceptedStreams(EngineExecutionOrchestrator.java:141)
	at org.junit.platform.launcher.core.EngineExecutionOrchestrator.execute(EngineExecutionOrchestrator.java:57)
	at org.junit.platform.launcher.core.DefaultLauncher.execute(DefaultLauncher.java:103)
	at org.junit.platform.launcher.core.DefaultLauncher.execute(DefaultLauncher.java:85)
	at org.junit.platform.launcher.core.DelegatingLauncher.execute(DelegatingLauncher.java:47)
	at org.apache.maven.surefire.junitplatform.LazyLauncher.execute(LazyLauncher.java:56)
	at org.apache.maven.surefire.junitplatform.JUnitPlatformProvider.execute(JUnitPlatformProvider.java:184)
	at org.apache.maven.surefire.junitplatform.JUnitPlatformProvider.invokeAllTests(JUnitPlatformProvider.java:148)
	at org.apache.maven.surefire.junitplatform.JUnitPlatformProvider.invoke(JUnitPlatformProvider.java:122)
	at org.apache.maven.surefire.booter.ForkedBooter.runSuitesInProcess(ForkedBooter.java:385)
	at org.apache.maven.surefire.booter.ForkedBooter.execute(ForkedBooter.java:162)
	at org.apache.maven.surefire.booter.ForkedBooter.run(ForkedBooter.java:507)
	at org.apache.maven.surefire.booter.ForkedBooter.main(ForkedBooter.java:495)
15:17:19.635 [main] WARN com.tngtech.archunit.core.importer.ClassFileProcessor -- Error during import from jrt:/java.base/java/lang/Deprecated.class, falling back to simple import
java.lang.IllegalArgumentException: Unsupported class file major version 68
	at com.tngtech.archunit.thirdparty.org.objectweb.asm.ClassReader.<init>(ClassReader.java:200)
	at com.tngtech.archunit.thirdparty.org.objectweb.asm.ClassReader.<init>(ClassReader.java:180)
	at com.tngtech.archunit.thirdparty.org.objectweb.asm.ClassReader.<init>(ClassReader.java:166)
	at com.tngtech.archunit.thirdparty.org.objectweb.asm.ClassReader.<init>(ClassReader.java:288)
	at com.tngtech.archunit.core.importer.ClassFileProcessor$UriImporterOfProcessor.tryImport(ClassFileProcessor.java:350)
	at com.tngtech.archunit.core.importer.resolvers.ClassResolverFromClasspath.tryResolve(ClassResolverFromClasspath.java:51)
	at com.tngtech.archunit.core.importer.ImportedClasses.resolve(ImportedClasses.java:80)
	at com.tngtech.archunit.core.importer.ImportedClasses.ensurePresent(ImportedClasses.java:75)
	at com.tngtech.archunit.core.importer.DependencyResolutionProcess.executeRun(DependencyResolutionProcess.java:146)
	at com.tngtech.archunit.core.importer.DependencyResolutionProcess.resolve(DependencyResolutionProcess.java:122)
	at com.tngtech.archunit.core.importer.ClassGraphCreator.complete(ClassGraphCreator.java:107)
	at com.tngtech.archunit.core.importer.ClassFileProcessor.process(ClassFileProcessor.java:75)
	at com.tngtech.archunit.core.importer.ClassFileImporter.importLocations(ClassFileImporter.java:325)
	at com.tngtech.archunit.junit.internal.ClassCache$CacheClassFileImporter.importClasses(ClassCache.java:126)
	at com.tngtech.archunit.junit.internal.ClassCache$LazyJavaClasses.initialize(ClassCache.java:118)
	at com.tngtech.archunit.junit.internal.ClassCache$LazyJavaClasses.get(ClassCache.java:107)
	at com.tngtech.archunit.junit.internal.ClassCache.getClassesToAnalyzeFor(ClassCache.java:84)
	at com.tngtech.archunit.junit.internal.ArchUnitTestDescriptor.lambda$createChildren$1(ArchUnitTestDescriptor.java:90)
	at com.tngtech.archunit.junit.internal.ArchUnitTestDescriptor$ArchUnitRuleDescriptor.execute(ArchUnitTestDescriptor.java:167)
	at com.tngtech.archunit.junit.internal.ArchUnitTestDescriptor$ArchUnitRuleDescriptor.execute(ArchUnitTestDescriptor.java:150)
	at org.junit.platform.engine.support.hierarchical.NodeTestTask.lambda$executeRecursively$6(NodeTestTask.java:156)
	at org.junit.platform.engine.support.hierarchical.ThrowableCollector.execute(ThrowableCollector.java:73)
	at org.junit.platform.engine.support.hierarchical.NodeTestTask.lambda$executeRecursively$8(NodeTestTask.java:146)
	at org.junit.platform.engine.support.hierarchical.Node.around(Node.java:137)
	at org.junit.platform.engine.support.hierarchical.NodeTestTask.lambda$executeRecursively$9(NodeTestTask.java:144)
	at org.junit.platform.engine.support.hierarchical.ThrowableCollector.execute(ThrowableCollector.java:73)
	at org.junit.platform.engine.support.hierarchical.NodeTestTask.executeRecursively(NodeTestTask.java:143)
	at org.junit.platform.engine.support.hierarchical.NodeTestTask.execute(NodeTestTask.java:100)
	at java.base/java.util.ArrayList.forEach(ArrayList.java:1604)
	at org.junit.platform.engine.support.hierarchical.SameThreadHierarchicalTestExecutorService.invokeAll(SameThreadHierarchicalTestExecutorService.java:41)
	at org.junit.platform.engine.support.hierarchical.NodeTestTask.lambda$executeRecursively$6(NodeTestTask.java:160)
	at org.junit.platform.engine.support.hierarchical.ThrowableCollector.execute(ThrowableCollector.java:73)
	at org.junit.platform.engine.support.hierarchical.NodeTestTask.lambda$executeRecursively$8(NodeTestTask.java:146)
	at org.junit.platform.engine.support.hierarchical.Node.around(Node.java:137)
	at org.junit.platform.engine.support.hierarchical.NodeTestTask.lambda$executeRecursively$9(NodeTestTask.java:144)
	at org.junit.platform.engine.support.hierarchical.ThrowableCollector.execute(ThrowableCollector.java:73)
	at org.junit.platform.engine.support.hierarchical.NodeTestTask.executeRecursively(NodeTestTask.java:143)
	at org.junit.platform.engine.support.hierarchical.NodeTestTask.execute(NodeTestTask.java:100)
	at java.base/java.util.ArrayList.forEach(ArrayList.java:1604)
	at org.junit.platform.engine.support.hierarchical.SameThreadHierarchicalTestExecutorService.invokeAll(SameThreadHierarchicalTestExecutorService.java:41)
	at org.junit.platform.engine.support.hierarchical.NodeTestTask.lambda$executeRecursively$6(NodeTestTask.java:160)
	at org.junit.platform.engine.support.hierarchical.ThrowableCollector.execute(ThrowableCollector.java:73)
	at org.junit.platform.engine.support.hierarchical.NodeTestTask.lambda$executeRecursively$8(NodeTestTask.java:146)
	at org.junit.platform.engine.support.hierarchical.Node.around(Node.java:137)
	at org.junit.platform.engine.support.hierarchical.NodeTestTask.lambda$executeRecursively$9(NodeTestTask.java:144)
	at org.junit.platform.engine.support.hierarchical.ThrowableCollector.execute(ThrowableCollector.java:73)
	at org.junit.platform.engine.support.hierarchical.NodeTestTask.executeRecursively(NodeTestTask.java:143)
	at org.junit.platform.engine.support.hierarchical.NodeTestTask.execute(NodeTestTask.java:100)
	at org.junit.platform.engine.support.hierarchical.SameThreadHierarchicalTestExecutorService.submit(SameThreadHierarchicalTestExecutorService.java:35)
	at org.junit.platform.engine.support.hierarchical.HierarchicalTestExecutor.execute(HierarchicalTestExecutor.java:57)
	at org.junit.platform.engine.support.hierarchical.HierarchicalTestEngine.execute(HierarchicalTestEngine.java:54)
	at org.junit.platform.launcher.core.EngineExecutionOrchestrator.execute(EngineExecutionOrchestrator.java:198)
	at org.junit.platform.launcher.core.EngineExecutionOrchestrator.execute(EngineExecutionOrchestrator.java:169)
	at org.junit.platform.launcher.core.EngineExecutionOrchestrator.execute(EngineExecutionOrchestrator.java:93)
	at org.junit.platform.launcher.core.EngineExecutionOrchestrator.lambda$execute$0(EngineExecutionOrchestrator.java:58)
	at org.junit.platform.launcher.core.EngineExecutionOrchestrator.withInterceptedStreams(EngineExecutionOrchestrator.java:141)
	at org.junit.platform.launcher.core.EngineExecutionOrchestrator.execute(EngineExecutionOrchestrator.java:57)
	at org.junit.platform.launcher.core.DefaultLauncher.execute(DefaultLauncher.java:103)
	at org.junit.platform.launcher.core.DefaultLauncher.execute(DefaultLauncher.java:85)
	at org.junit.platform.launcher.core.DelegatingLauncher.execute(DelegatingLauncher.java:47)
	at org.apache.maven.surefire.junitplatform.LazyLauncher.execute(LazyLauncher.java:56)
	at org.apache.maven.surefire.junitplatform.JUnitPlatformProvider.execute(JUnitPlatformProvider.java:184)
	at org.apache.maven.surefire.junitplatform.JUnitPlatformProvider.invokeAllTests(JUnitPlatformProvider.java:148)
	at org.apache.maven.surefire.junitplatform.JUnitPlatformProvider.invoke(JUnitPlatformProvider.java:122)
	at org.apache.maven.surefire.booter.ForkedBooter.runSuitesInProcess(ForkedBooter.java:385)
	at org.apache.maven.surefire.booter.ForkedBooter.execute(ForkedBooter.java:162)
	at org.apache.maven.surefire.booter.ForkedBooter.run(ForkedBooter.java:507)
	at org.apache.maven.surefire.booter.ForkedBooter.main(ForkedBooter.java:495)
15:17:19.639 [main] WARN com.tngtech.archunit.core.importer.ClassFileProcessor -- Error during import from jrt:/java.base/java/lang/Comparable.class, falling back to simple import
java.lang.IllegalArgumentException: Unsupported class file major version 68
	at com.tngtech.archunit.thirdparty.org.objectweb.asm.ClassReader.<init>(ClassReader.java:200)
	at com.tngtech.archunit.thirdparty.org.objectweb.asm.ClassReader.<init>(ClassReader.java:180)
	at com.tngtech.archunit.thirdparty.org.objectweb.asm.ClassReader.<init>(ClassReader.java:166)
	at com.tngtech.archunit.thirdparty.org.objectweb.asm.ClassReader.<init>(ClassReader.java:288)
	at com.tngtech.archunit.core.importer.ClassFileProcessor$UriImporterOfProcessor.tryImport(ClassFileProcessor.java:350)
	at com.tngtech.archunit.core.importer.resolvers.ClassResolverFromClasspath.tryResolve(ClassResolverFromClasspath.java:51)
	at com.tngtech.archunit.core.importer.ImportedClasses.resolve(ImportedClasses.java:80)
	at com.tngtech.archunit.core.importer.ImportedClasses.ensurePresent(ImportedClasses.java:75)
	at com.tngtech.archunit.core.importer.DependencyResolutionProcess.executeRun(DependencyResolutionProcess.java:146)
	at com.tngtech.archunit.core.importer.DependencyResolutionProcess.resolve(DependencyResolutionProcess.java:122)
	at com.tngtech.archunit.core.importer.ClassGraphCreator.complete(ClassGraphCreator.java:107)
	at com.tngtech.archunit.core.importer.ClassFileProcessor.process(ClassFileProcessor.java:75)
	at com.tngtech.archunit.core.importer.ClassFileImporter.importLocations(ClassFileImporter.java:325)
	at com.tngtech.archunit.junit.internal.ClassCache$CacheClassFileImporter.importClasses(ClassCache.java:126)
	at com.tngtech.archunit.junit.internal.ClassCache$LazyJavaClasses.initialize(ClassCache.java:118)
	at com.tngtech.archunit.junit.internal.ClassCache$LazyJavaClasses.get(ClassCache.java:107)
	at com.tngtech.archunit.junit.internal.ClassCache.getClassesToAnalyzeFor(ClassCache.java:84)
	at com.tngtech.archunit.junit.internal.ArchUnitTestDescriptor.lambda$createChildren$1(ArchUnitTestDescriptor.java:90)
	at com.tngtech.archunit.junit.internal.ArchUnitTestDescriptor$ArchUnitRuleDescriptor.execute(ArchUnitTestDescriptor.java:167)
	at com.tngtech.archunit.junit.internal.ArchUnitTestDescriptor$ArchUnitRuleDescriptor.execute(ArchUnitTestDescriptor.java:150)
	at org.junit.platform.engine.support.hierarchical.NodeTestTask.lambda$executeRecursively$6(NodeTestTask.java:156)
	at org.junit.platform.engine.support.hierarchical.ThrowableCollector.execute(ThrowableCollector.java:73)
	at org.junit.platform.engine.support.hierarchical.NodeTestTask.lambda$executeRecursively$8(NodeTestTask.java:146)
	at org.junit.platform.engine.support.hierarchical.Node.around(Node.java:137)
	at org.junit.platform.engine.support.hierarchical.NodeTestTask.lambda$executeRecursively$9(NodeTestTask.java:144)
	at org.junit.platform.engine.support.hierarchical.ThrowableCollector.execute(ThrowableCollector.java:73)
	at org.junit.platform.engine.support.hierarchical.NodeTestTask.executeRecursively(NodeTestTask.java:143)
	at org.junit.platform.engine.support.hierarchical.NodeTestTask.execute(NodeTestTask.java:100)
	at java.base/java.util.ArrayList.forEach(ArrayList.java:1604)
	at org.junit.platform.engine.support.hierarchical.SameThreadHierarchicalTestExecutorService.invokeAll(SameThreadHierarchicalTestExecutorService.java:41)
	at org.junit.platform.engine.support.hierarchical.NodeTestTask.lambda$executeRecursively$6(NodeTestTask.java:160)
	at org.junit.platform.engine.support.hierarchical.ThrowableCollector.execute(ThrowableCollector.java:73)
	at org.junit.platform.engine.support.hierarchical.NodeTestTask.lambda$executeRecursively$8(NodeTestTask.java:146)
	at org.junit.platform.engine.support.hierarchical.Node.around(Node.java:137)
	at org.junit.platform.engine.support.hierarchical.NodeTestTask.lambda$executeRecursively$9(NodeTestTask.java:144)
	at org.junit.platform.engine.support.hierarchical.ThrowableCollector.execute(ThrowableCollector.java:73)
	at org.junit.platform.engine.support.hierarchical.NodeTestTask.executeRecursively(NodeTestTask.java:143)
	at org.junit.platform.engine.support.hierarchical.NodeTestTask.execute(NodeTestTask.java:100)
	at java.base/java.util.ArrayList.forEach(ArrayList.java:1604)
	at org.junit.platform.engine.support.hierarchical.SameThreadHierarchicalTestExecutorService.invokeAll(SameThreadHierarchicalTestExecutorService.java:41)
	at org.junit.platform.engine.support.hierarchical.NodeTestTask.lambda$executeRecursively$6(NodeTestTask.java:160)
	at org.junit.platform.engine.support.hierarchical.ThrowableCollector.execute(ThrowableCollector.java:73)
	at org.junit.platform.engine.support.hierarchical.NodeTestTask.lambda$executeRecursively$8(NodeTestTask.java:146)
	at org.junit.platform.engine.support.hierarchical.Node.around(Node.java:137)
	at org.junit.platform.engine.support.hierarchical.NodeTestTask.lambda$executeRecursively$9(NodeTestTask.java:144)
	at org.junit.platform.engine.support.hierarchical.ThrowableCollector.execute(ThrowableCollector.java:73)
	at org.junit.platform.engine.support.hierarchical.NodeTestTask.executeRecursively(NodeTestTask.java:143)
	at org.junit.platform.engine.support.hierarchical.NodeTestTask.execute(NodeTestTask.java:100)
	at org.junit.platform.engine.support.hierarchical.SameThreadHierarchicalTestExecutorService.submit(SameThreadHierarchicalTestExecutorService.java:35)
	at org.junit.platform.engine.support.hierarchical.HierarchicalTestExecutor.execute(HierarchicalTestExecutor.java:57)
	at org.junit.platform.engine.support.hierarchical.HierarchicalTestEngine.execute(HierarchicalTestEngine.java:54)
	at org.junit.platform.launcher.core.EngineExecutionOrchestrator.execute(EngineExecutionOrchestrator.java:198)
	at org.junit.platform.launcher.core.EngineExecutionOrchestrator.execute(EngineExecutionOrchestrator.java:169)
	at org.junit.platform.launcher.core.EngineExecutionOrchestrator.execute(EngineExecutionOrchestrator.java:93)
	at org.junit.platform.launcher.core.EngineExecutionOrchestrator.lambda$execute$0(EngineExecutionOrchestrator.java:58)
	at org.junit.platform.launcher.core.EngineExecutionOrchestrator.withInterceptedStreams(EngineExecutionOrchestrator.java:141)
	at org.junit.platform.launcher.core.EngineExecutionOrchestrator.execute(EngineExecutionOrchestrator.java:57)
	at org.junit.platform.launcher.core.DefaultLauncher.execute(DefaultLauncher.java:103)
	at org.junit.platform.launcher.core.DefaultLauncher.execute(DefaultLauncher.java:85)
	at org.junit.platform.launcher.core.DelegatingLauncher.execute(DelegatingLauncher.java:47)
	at org.apache.maven.surefire.junitplatform.LazyLauncher.execute(LazyLauncher.java:56)
	at org.apache.maven.surefire.junitplatform.JUnitPlatformProvider.execute(JUnitPlatformProvider.java:184)
	at org.apache.maven.surefire.junitplatform.JUnitPlatformProvider.invokeAllTests(JUnitPlatformProvider.java:148)
	at org.apache.maven.surefire.junitplatform.JUnitPlatformProvider.invoke(JUnitPlatformProvider.java:122)
	at org.apache.maven.surefire.booter.ForkedBooter.runSuitesInProcess(ForkedBooter.java:385)
	at org.apache.maven.surefire.booter.ForkedBooter.execute(ForkedBooter.java:162)
	at org.apache.maven.surefire.booter.ForkedBooter.run(ForkedBooter.java:507)
	at org.apache.maven.surefire.booter.ForkedBooter.main(ForkedBooter.java:495)
15:17:19.640 [main] WARN com.tngtech.archunit.core.importer.ClassFileProcessor -- Error during import from jrt:/java.base/java/lang/IllegalStateException.class, falling back to simple import
java.lang.IllegalArgumentException: Unsupported class file major version 68
	at com.tngtech.archunit.thirdparty.org.objectweb.asm.ClassReader.<init>(ClassReader.java:200)
	at com.tngtech.archunit.thirdparty.org.objectweb.asm.ClassReader.<init>(ClassReader.java:180)
	at com.tngtech.archunit.thirdparty.org.objectweb.asm.ClassReader.<init>(ClassReader.java:166)
	at com.tngtech.archunit.thirdparty.org.objectweb.asm.ClassReader.<init>(ClassReader.java:288)
	at com.tngtech.archunit.core.importer.ClassFileProcessor$UriImporterOfProcessor.tryImport(ClassFileProcessor.java:350)
	at com.tngtech.archunit.core.importer.resolvers.ClassResolverFromClasspath.tryResolve(ClassResolverFromClasspath.java:51)
	at com.tngtech.archunit.core.importer.ImportedClasses.resolve(ImportedClasses.java:80)
	at com.tngtech.archunit.core.importer.ImportedClasses.ensurePresent(ImportedClasses.java:75)
	at com.tngtech.archunit.core.importer.DependencyResolutionProcess.executeRun(DependencyResolutionProcess.java:146)
	at com.tngtech.archunit.core.importer.DependencyResolutionProcess.resolve(DependencyResolutionProcess.java:122)
	at com.tngtech.archunit.core.importer.ClassGraphCreator.complete(ClassGraphCreator.java:107)
	at com.tngtech.archunit.core.importer.ClassFileProcessor.process(ClassFileProcessor.java:75)
	at com.tngtech.archunit.core.importer.ClassFileImporter.importLocations(ClassFileImporter.java:325)
	at com.tngtech.archunit.junit.internal.ClassCache$CacheClassFileImporter.importClasses(ClassCache.java:126)
	at com.tngtech.archunit.junit.internal.ClassCache$LazyJavaClasses.initialize(ClassCache.java:118)
	at com.tngtech.archunit.junit.internal.ClassCache$LazyJavaClasses.get(ClassCache.java:107)
	at com.tngtech.archunit.junit.internal.ClassCache.getClassesToAnalyzeFor(ClassCache.java:84)
	at com.tngtech.archunit.junit.internal.ArchUnitTestDescriptor.lambda$createChildren$1(ArchUnitTestDescriptor.java:90)
	at com.tngtech.archunit.junit.internal.ArchUnitTestDescriptor$ArchUnitRuleDescriptor.execute(ArchUnitTestDescriptor.java:167)
	at com.tngtech.archunit.junit.internal.ArchUnitTestDescriptor$ArchUnitRuleDescriptor.execute(ArchUnitTestDescriptor.java:150)
	at org.junit.platform.engine.support.hierarchical.NodeTestTask.lambda$executeRecursively$6(NodeTestTask.java:156)
	at org.junit.platform.engine.support.hierarchical.ThrowableCollector.execute(ThrowableCollector.java:73)
	at org.junit.platform.engine.support.hierarchical.NodeTestTask.lambda$executeRecursively$8(NodeTestTask.java:146)
	at org.junit.platform.engine.support.hierarchical.Node.around(Node.java:137)
	at org.junit.platform.engine.support.hierarchical.NodeTestTask.lambda$executeRecursively$9(NodeTestTask.java:144)
	at org.junit.platform.engine.support.hierarchical.ThrowableCollector.execute(ThrowableCollector.java:73)
	at org.junit.platform.engine.support.hierarchical.NodeTestTask.executeRecursively(NodeTestTask.java:143)
	at org.junit.platform.engine.support.hierarchical.NodeTestTask.execute(NodeTestTask.java:100)
	at java.base/java.util.ArrayList.forEach(ArrayList.java:1604)
	at org.junit.platform.engine.support.hierarchical.SameThreadHierarchicalTestExecutorService.invokeAll(SameThreadHierarchicalTestExecutorService.java:41)
	at org.junit.platform.engine.support.hierarchical.NodeTestTask.lambda$executeRecursively$6(NodeTestTask.java:160)
	at org.junit.platform.engine.support.hierarchical.ThrowableCollector.execute(ThrowableCollector.java:73)
	at org.junit.platform.engine.support.hierarchical.NodeTestTask.lambda$executeRecursively$8(NodeTestTask.java:146)
	at org.junit.platform.engine.support.hierarchical.Node.around(Node.java:137)
	at org.junit.platform.engine.support.hierarchical.NodeTestTask.lambda$executeRecursively$9(NodeTestTask.java:144)
	at org.junit.platform.engine.support.hierarchical.ThrowableCollector.execute(ThrowableCollector.java:73)
	at org.junit.platform.engine.support.hierarchical.NodeTestTask.executeRecursively(NodeTestTask.java:143)
	at org.junit.platform.engine.support.hierarchical.NodeTestTask.execute(NodeTestTask.java:100)
	at java.base/java.util.ArrayList.forEach(ArrayList.java:1604)
	at org.junit.platform.engine.support.hierarchical.SameThreadHierarchicalTestExecutorService.invokeAll(SameThreadHierarchicalTestExecutorService.java:41)
	at org.junit.platform.engine.support.hierarchical.NodeTestTask.lambda$executeRecursively$6(NodeTestTask.java:160)
	at org.junit.platform.engine.support.hierarchical.ThrowableCollector.execute(ThrowableCollector.java:73)
	at org.junit.platform.engine.support.hierarchical.NodeTestTask.lambda$executeRecursively$8(NodeTestTask.java:146)
	at org.junit.platform.engine.support.hierarchical.Node.around(Node.java:137)
	at org.junit.platform.engine.support.hierarchical.NodeTestTask.lambda$executeRecursively$9(NodeTestTask.java:144)
	at org.junit.platform.engine.support.hierarchical.ThrowableCollector.execute(ThrowableCollector.java:73)
	at org.junit.platform.engine.support.hierarchical.NodeTestTask.executeRecursively(NodeTestTask.java:143)
	at org.junit.platform.engine.support.hierarchical.NodeTestTask.execute(NodeTestTask.java:100)
	at org.junit.platform.engine.support.hierarchical.SameThreadHierarchicalTestExecutorService.submit(SameThreadHierarchicalTestExecutorService.java:35)
	at org.junit.platform.engine.support.hierarchical.HierarchicalTestExecutor.execute(HierarchicalTestExecutor.java:57)
	at org.junit.platform.engine.support.hierarchical.HierarchicalTestEngine.execute(HierarchicalTestEngine.java:54)
	at org.junit.platform.launcher.core.EngineExecutionOrchestrator.execute(EngineExecutionOrchestrator.java:198)
	at org.junit.platform.launcher.core.EngineExecutionOrchestrator.execute(EngineExecutionOrchestrator.java:169)
	at org.junit.platform.launcher.core.EngineExecutionOrchestrator.execute(EngineExecutionOrchestrator.java:93)
	at org.junit.platform.launcher.core.EngineExecutionOrchestrator.lambda$execute$0(EngineExecutionOrchestrator.java:58)
	at org.junit.platform.launcher.core.EngineExecutionOrchestrator.withInterceptedStreams(EngineExecutionOrchestrator.java:141)
	at org.junit.platform.launcher.core.EngineExecutionOrchestrator.execute(EngineExecutionOrchestrator.java:57)
	at org.junit.platform.launcher.core.DefaultLauncher.execute(DefaultLauncher.java:103)
	at org.junit.platform.launcher.core.DefaultLauncher.execute(DefaultLauncher.java:85)
	at org.junit.platform.launcher.core.DelegatingLauncher.execute(DelegatingLauncher.java:47)
	at org.apache.maven.surefire.junitplatform.LazyLauncher.execute(LazyLauncher.java:56)
	at org.apache.maven.surefire.junitplatform.JUnitPlatformProvider.execute(JUnitPlatformProvider.java:184)
	at org.apache.maven.surefire.junitplatform.JUnitPlatformProvider.invokeAllTests(JUnitPlatformProvider.java:148)
	at org.apache.maven.surefire.junitplatform.JUnitPlatformProvider.invoke(JUnitPlatformProvider.java:122)
	at org.apache.maven.surefire.booter.ForkedBooter.runSuitesInProcess(ForkedBooter.java:385)
	at org.apache.maven.surefire.booter.ForkedBooter.execute(ForkedBooter.java:162)
	at org.apache.maven.surefire.booter.ForkedBooter.run(ForkedBooter.java:507)
	at org.apache.maven.surefire.booter.ForkedBooter.main(ForkedBooter.java:495)
15:17:19.643 [main] WARN com.tngtech.archunit.core.importer.ClassFileProcessor -- Error during import from jrt:/java.base/java/net/URL.class, falling back to simple import
java.lang.IllegalArgumentException: Unsupported class file major version 68
	at com.tngtech.archunit.thirdparty.org.objectweb.asm.ClassReader.<init>(ClassReader.java:200)
	at com.tngtech.archunit.thirdparty.org.objectweb.asm.ClassReader.<init>(ClassReader.java:180)
	at com.tngtech.archunit.thirdparty.org.objectweb.asm.ClassReader.<init>(ClassReader.java:166)
	at com.tngtech.archunit.thirdparty.org.objectweb.asm.ClassReader.<init>(ClassReader.java:288)
	at com.tngtech.archunit.core.importer.ClassFileProcessor$UriImporterOfProcessor.tryImport(ClassFileProcessor.java:350)
	at com.tngtech.archunit.core.importer.resolvers.ClassResolverFromClasspath.tryResolve(ClassResolverFromClasspath.java:51)
	at com.tngtech.archunit.core.importer.ImportedClasses.resolve(ImportedClasses.java:80)
	at com.tngtech.archunit.core.importer.ImportedClasses.ensurePresent(ImportedClasses.java:75)
	at com.tngtech.archunit.core.importer.DependencyResolutionProcess.executeRun(DependencyResolutionProcess.java:146)
	at com.tngtech.archunit.core.importer.DependencyResolutionProcess.resolve(DependencyResolutionProcess.java:122)
	at com.tngtech.archunit.core.importer.ClassGraphCreator.complete(ClassGraphCreator.java:107)
	at com.tngtech.archunit.core.importer.ClassFileProcessor.process(ClassFileProcessor.java:75)
	at com.tngtech.archunit.core.importer.ClassFileImporter.importLocations(ClassFileImporter.java:325)
	at com.tngtech.archunit.junit.internal.ClassCache$CacheClassFileImporter.importClasses(ClassCache.java:126)
	at com.tngtech.archunit.junit.internal.ClassCache$LazyJavaClasses.initialize(ClassCache.java:118)
	at com.tngtech.archunit.junit.internal.ClassCache$LazyJavaClasses.get(ClassCache.java:107)
	at com.tngtech.archunit.junit.internal.ClassCache.getClassesToAnalyzeFor(ClassCache.java:84)
	at com.tngtech.archunit.junit.internal.ArchUnitTestDescriptor.lambda$createChildren$1(ArchUnitTestDescriptor.java:90)
	at com.tngtech.archunit.junit.internal.ArchUnitTestDescriptor$ArchUnitRuleDescriptor.execute(ArchUnitTestDescriptor.java:167)
	at com.tngtech.archunit.junit.internal.ArchUnitTestDescriptor$ArchUnitRuleDescriptor.execute(ArchUnitTestDescriptor.java:150)
	at org.junit.platform.engine.support.hierarchical.NodeTestTask.lambda$executeRecursively$6(NodeTestTask.java:156)
	at org.junit.platform.engine.support.hierarchical.ThrowableCollector.execute(ThrowableCollector.java:73)
	at org.junit.platform.engine.support.hierarchical.NodeTestTask.lambda$executeRecursively$8(NodeTestTask.java:146)
	at org.junit.platform.engine.support.hierarchical.Node.around(Node.java:137)
	at org.junit.platform.engine.support.hierarchical.NodeTestTask.lambda$executeRecursively$9(NodeTestTask.java:144)
	at org.junit.platform.engine.support.hierarchical.ThrowableCollector.execute(ThrowableCollector.java:73)
	at org.junit.platform.engine.support.hierarchical.NodeTestTask.executeRecursively(NodeTestTask.java:143)
	at org.junit.platform.engine.support.hierarchical.NodeTestTask.execute(NodeTestTask.java:100)
	at java.base/java.util.ArrayList.forEach(ArrayList.java:1604)
	at org.junit.platform.engine.support.hierarchical.SameThreadHierarchicalTestExecutorService.invokeAll(SameThreadHierarchicalTestExecutorService.java:41)
	at org.junit.platform.engine.support.hierarchical.NodeTestTask.lambda$executeRecursively$6(NodeTestTask.java:160)
	at org.junit.platform.engine.support.hierarchical.ThrowableCollector.execute(ThrowableCollector.java:73)
	at org.junit.platform.engine.support.hierarchical.NodeTestTask.lambda$executeRecursively$8(NodeTestTask.java:146)
	at org.junit.platform.engine.support.hierarchical.Node.around(Node.java:137)
	at org.junit.platform.engine.support.hierarchical.NodeTestTask.lambda$executeRecursively$9(NodeTestTask.java:144)
	at org.junit.platform.engine.support.hierarchical.ThrowableCollector.execute(ThrowableCollector.java:73)
	at org.junit.platform.engine.support.hierarchical.NodeTestTask.executeRecursively(NodeTestTask.java:143)
	at org.junit.platform.engine.support.hierarchical.NodeTestTask.execute(NodeTestTask.java:100)
	at java.base/java.util.ArrayList.forEach(ArrayList.java:1604)
	at org.junit.platform.engine.support.hierarchical.SameThreadHierarchicalTestExecutorService.invokeAll(SameThreadHierarchicalTestExecutorService.java:41)
	at org.junit.platform.engine.support.hierarchical.NodeTestTask.lambda$executeRecursively$6(NodeTestTask.java:160)
	at org.junit.platform.engine.support.hierarchical.ThrowableCollector.execute(ThrowableCollector.java:73)
	at org.junit.platform.engine.support.hierarchical.NodeTestTask.lambda$executeRecursively$8(NodeTestTask.java:146)
	at org.junit.platform.engine.support.hierarchical.Node.around(Node.java:137)
	at org.junit.platform.engine.support.hierarchical.NodeTestTask.lambda$executeRecursively$9(NodeTestTask.java:144)
	at org.junit.platform.engine.support.hierarchical.ThrowableCollector.execute(ThrowableCollector.java:73)
	at org.junit.platform.engine.support.hierarchical.NodeTestTask.executeRecursively(NodeTestTask.java:143)
	at org.junit.platform.engine.support.hierarchical.NodeTestTask.execute(NodeTestTask.java:100)
	at org.junit.platform.engine.support.hierarchical.SameThreadHierarchicalTestExecutorService.submit(SameThreadHierarchicalTestExecutorService.java:35)
	at org.junit.platform.engine.support.hierarchical.HierarchicalTestExecutor.execute(HierarchicalTestExecutor.java:57)
	at org.junit.platform.engine.support.hierarchical.HierarchicalTestEngine.execute(HierarchicalTestEngine.java:54)
	at org.junit.platform.launcher.core.EngineExecutionOrchestrator.execute(EngineExecutionOrchestrator.java:198)
	at org.junit.platform.launcher.core.EngineExecutionOrchestrator.execute(EngineExecutionOrchestrator.java:169)
	at org.junit.platform.launcher.core.EngineExecutionOrchestrator.execute(EngineExecutionOrchestrator.java:93)
	at org.junit.platform.launcher.core.EngineExecutionOrchestrator.lambda$execute$0(EngineExecutionOrchestrator.java:58)
	at org.junit.platform.launcher.core.EngineExecutionOrchestrator.withInterceptedStreams(EngineExecutionOrchestrator.java:141)
	at org.junit.platform.launcher.core.EngineExecutionOrchestrator.execute(EngineExecutionOrchestrator.java:57)
	at org.junit.platform.launcher.core.DefaultLauncher.execute(DefaultLauncher.java:103)
	at org.junit.platform.launcher.core.DefaultLauncher.execute(DefaultLauncher.java:85)
	at org.junit.platform.launcher.core.DelegatingLauncher.execute(DelegatingLauncher.java:47)
	at org.apache.maven.surefire.junitplatform.LazyLauncher.execute(LazyLauncher.java:56)
	at org.apache.maven.surefire.junitplatform.JUnitPlatformProvider.execute(JUnitPlatformProvider.java:184)
	at org.apache.maven.surefire.junitplatform.JUnitPlatformProvider.invokeAllTests(JUnitPlatformProvider.java:148)
	at org.apache.maven.surefire.junitplatform.JUnitPlatformProvider.invoke(JUnitPlatformProvider.java:122)
	at org.apache.maven.surefire.booter.ForkedBooter.runSuitesInProcess(ForkedBooter.java:385)
	at org.apache.maven.surefire.booter.ForkedBooter.execute(ForkedBooter.java:162)
	at org.apache.maven.surefire.booter.ForkedBooter.run(ForkedBooter.java:507)
	at org.apache.maven.surefire.booter.ForkedBooter.main(ForkedBooter.java:495)
15:17:19.646 [main] WARN com.tngtech.archunit.core.importer.ClassFileProcessor -- Error during import from jrt:/java.base/java/lang/NullPointerException.class, falling back to simple import
java.lang.IllegalArgumentException: Unsupported class file major version 68
	at com.tngtech.archunit.thirdparty.org.objectweb.asm.ClassReader.<init>(ClassReader.java:200)
	at com.tngtech.archunit.thirdparty.org.objectweb.asm.ClassReader.<init>(ClassReader.java:180)
	at com.tngtech.archunit.thirdparty.org.objectweb.asm.ClassReader.<init>(ClassReader.java:166)
	at com.tngtech.archunit.thirdparty.org.objectweb.asm.ClassReader.<init>(ClassReader.java:288)
	at com.tngtech.archunit.core.importer.ClassFileProcessor$UriImporterOfProcessor.tryImport(ClassFileProcessor.java:350)
	at com.tngtech.archunit.core.importer.resolvers.ClassResolverFromClasspath.tryResolve(ClassResolverFromClasspath.java:51)
	at com.tngtech.archunit.core.importer.ImportedClasses.resolve(ImportedClasses.java:80)
	at com.tngtech.archunit.core.importer.ImportedClasses.ensurePresent(ImportedClasses.java:75)
	at com.tngtech.archunit.core.importer.DependencyResolutionProcess.executeRun(DependencyResolutionProcess.java:146)
	at com.tngtech.archunit.core.importer.DependencyResolutionProcess.resolve(DependencyResolutionProcess.java:122)
	at com.tngtech.archunit.core.importer.ClassGraphCreator.complete(ClassGraphCreator.java:107)
	at com.tngtech.archunit.core.importer.ClassFileProcessor.process(ClassFileProcessor.java:75)
	at com.tngtech.archunit.core.importer.ClassFileImporter.importLocations(ClassFileImporter.java:325)
	at com.tngtech.archunit.junit.internal.ClassCache$CacheClassFileImporter.importClasses(ClassCache.java:126)
	at com.tngtech.archunit.junit.internal.ClassCache$LazyJavaClasses.initialize(ClassCache.java:118)
	at com.tngtech.archunit.junit.internal.ClassCache$LazyJavaClasses.get(ClassCache.java:107)
	at com.tngtech.archunit.junit.internal.ClassCache.getClassesToAnalyzeFor(ClassCache.java:84)
	at com.tngtech.archunit.junit.internal.ArchUnitTestDescriptor.lambda$createChildren$1(ArchUnitTestDescriptor.java:90)
	at com.tngtech.archunit.junit.internal.ArchUnitTestDescriptor$ArchUnitRuleDescriptor.execute(ArchUnitTestDescriptor.java:167)
	at com.tngtech.archunit.junit.internal.ArchUnitTestDescriptor$ArchUnitRuleDescriptor.execute(ArchUnitTestDescriptor.java:150)
	at org.junit.platform.engine.support.hierarchical.NodeTestTask.lambda$executeRecursively$6(NodeTestTask.java:156)
	at org.junit.platform.engine.support.hierarchical.ThrowableCollector.execute(ThrowableCollector.java:73)
	at org.junit.platform.engine.support.hierarchical.NodeTestTask.lambda$executeRecursively$8(NodeTestTask.java:146)
	at org.junit.platform.engine.support.hierarchical.Node.around(Node.java:137)
	at org.junit.platform.engine.support.hierarchical.NodeTestTask.lambda$executeRecursively$9(NodeTestTask.java:144)
	at org.junit.platform.engine.support.hierarchical.ThrowableCollector.execute(ThrowableCollector.java:73)
	at org.junit.platform.engine.support.hierarchical.NodeTestTask.executeRecursively(NodeTestTask.java:143)
	at org.junit.platform.engine.support.hierarchical.NodeTestTask.execute(NodeTestTask.java:100)
	at java.base/java.util.ArrayList.forEach(ArrayList.java:1604)
	at org.junit.platform.engine.support.hierarchical.SameThreadHierarchicalTestExecutorService.invokeAll(SameThreadHierarchicalTestExecutorService.java:41)
	at org.junit.platform.engine.support.hierarchical.NodeTestTask.lambda$executeRecursively$6(NodeTestTask.java:160)
	at org.junit.platform.engine.support.hierarchical.ThrowableCollector.execute(ThrowableCollector.java:73)
	at org.junit.platform.engine.support.hierarchical.NodeTestTask.lambda$executeRecursively$8(NodeTestTask.java:146)
	at org.junit.platform.engine.support.hierarchical.Node.around(Node.java:137)
	at org.junit.platform.engine.support.hierarchical.NodeTestTask.lambda$executeRecursively$9(NodeTestTask.java:144)
	at org.junit.platform.engine.support.hierarchical.ThrowableCollector.execute(ThrowableCollector.java:73)
	at org.junit.platform.engine.support.hierarchical.NodeTestTask.executeRecursively(NodeTestTask.java:143)
	at org.junit.platform.engine.support.hierarchical.NodeTestTask.execute(NodeTestTask.java:100)
	at java.base/java.util.ArrayList.forEach(ArrayList.java:1604)
	at org.junit.platform.engine.support.hierarchical.SameThreadHierarchicalTestExecutorService.invokeAll(SameThreadHierarchicalTestExecutorService.java:41)
	at org.junit.platform.engine.support.hierarchical.NodeTestTask.lambda$executeRecursively$6(NodeTestTask.java:160)
	at org.junit.platform.engine.support.hierarchical.ThrowableCollector.execute(ThrowableCollector.java:73)
	at org.junit.platform.engine.support.hierarchical.NodeTestTask.lambda$executeRecursively$8(NodeTestTask.java:146)
	at org.junit.platform.engine.support.hierarchical.Node.around(Node.java:137)
	at org.junit.platform.engine.support.hierarchical.NodeTestTask.lambda$executeRecursively$9(NodeTestTask.java:144)
	at org.junit.platform.engine.support.hierarchical.ThrowableCollector.execute(ThrowableCollector.java:73)
	at org.junit.platform.engine.support.hierarchical.NodeTestTask.executeRecursively(NodeTestTask.java:143)
	at org.junit.platform.engine.support.hierarchical.NodeTestTask.execute(NodeTestTask.java:100)
	at org.junit.platform.engine.support.hierarchical.SameThreadHierarchicalTestExecutorService.submit(SameThreadHierarchicalTestExecutorService.java:35)
	at org.junit.platform.engine.support.hierarchical.HierarchicalTestExecutor.execute(HierarchicalTestExecutor.java:57)
	at org.junit.platform.engine.support.hierarchical.HierarchicalTestEngine.execute(HierarchicalTestEngine.java:54)
	at org.junit.platform.launcher.core.EngineExecutionOrchestrator.execute(EngineExecutionOrchestrator.java:198)
	at org.junit.platform.launcher.core.EngineExecutionOrchestrator.execute(EngineExecutionOrchestrator.java:169)
	at org.junit.platform.launcher.core.EngineExecutionOrchestrator.execute(EngineExecutionOrchestrator.java:93)
	at org.junit.platform.launcher.core.EngineExecutionOrchestrator.lambda$execute$0(EngineExecutionOrchestrator.java:58)
	at org.junit.platform.launcher.core.EngineExecutionOrchestrator.withInterceptedStreams(EngineExecutionOrchestrator.java:141)
	at org.junit.platform.launcher.core.EngineExecutionOrchestrator.execute(EngineExecutionOrchestrator.java:57)
	at org.junit.platform.launcher.core.DefaultLauncher.execute(DefaultLauncher.java:103)
	at org.junit.platform.launcher.core.DefaultLauncher.execute(DefaultLauncher.java:85)
	at org.junit.platform.launcher.core.DelegatingLauncher.execute(DelegatingLauncher.java:47)
	at org.apache.maven.surefire.junitplatform.LazyLauncher.execute(LazyLauncher.java:56)
	at org.apache.maven.surefire.junitplatform.JUnitPlatformProvider.execute(JUnitPlatformProvider.java:184)
	at org.apache.maven.surefire.junitplatform.JUnitPlatformProvider.invokeAllTests(JUnitPlatformProvider.java:148)
	at org.apache.maven.surefire.junitplatform.JUnitPlatformProvider.invoke(JUnitPlatformProvider.java:122)
	at org.apache.maven.surefire.booter.ForkedBooter.runSuitesInProcess(ForkedBooter.java:385)
	at org.apache.maven.surefire.booter.ForkedBooter.execute(ForkedBooter.java:162)
	at org.apache.maven.surefire.booter.ForkedBooter.run(ForkedBooter.java:507)
	at org.apache.maven.surefire.booter.ForkedBooter.main(ForkedBooter.java:495)
15:17:19.648 [main] WARN com.tngtech.archunit.core.importer.ClassFileProcessor -- Error during import from jrt:/java.base/java/lang/Enum.class, falling back to simple import
java.lang.IllegalArgumentException: Unsupported class file major version 68
	at com.tngtech.archunit.thirdparty.org.objectweb.asm.ClassReader.<init>(ClassReader.java:200)
	at com.tngtech.archunit.thirdparty.org.objectweb.asm.ClassReader.<init>(ClassReader.java:180)
	at com.tngtech.archunit.thirdparty.org.objectweb.asm.ClassReader.<init>(ClassReader.java:166)
	at com.tngtech.archunit.thirdparty.org.objectweb.asm.ClassReader.<init>(ClassReader.java:288)
	at com.tngtech.archunit.core.importer.ClassFileProcessor$UriImporterOfProcessor.tryImport(ClassFileProcessor.java:350)
	at com.tngtech.archunit.core.importer.resolvers.ClassResolverFromClasspath.tryResolve(ClassResolverFromClasspath.java:51)
	at com.tngtech.archunit.core.importer.ImportedClasses.resolve(ImportedClasses.java:80)
	at com.tngtech.archunit.core.importer.ImportedClasses.ensurePresent(ImportedClasses.java:75)
	at com.tngtech.archunit.core.importer.DependencyResolutionProcess.executeRun(DependencyResolutionProcess.java:146)
	at com.tngtech.archunit.core.importer.DependencyResolutionProcess.resolve(DependencyResolutionProcess.java:122)
	at com.tngtech.archunit.core.importer.ClassGraphCreator.complete(ClassGraphCreator.java:107)
	at com.tngtech.archunit.core.importer.ClassFileProcessor.process(ClassFileProcessor.java:75)
	at com.tngtech.archunit.core.importer.ClassFileImporter.importLocations(ClassFileImporter.java:325)
	at com.tngtech.archunit.junit.internal.ClassCache$CacheClassFileImporter.importClasses(ClassCache.java:126)
	at com.tngtech.archunit.junit.internal.ClassCache$LazyJavaClasses.initialize(ClassCache.java:118)
	at com.tngtech.archunit.junit.internal.ClassCache$LazyJavaClasses.get(ClassCache.java:107)
	at com.tngtech.archunit.junit.internal.ClassCache.getClassesToAnalyzeFor(ClassCache.java:84)
	at com.tngtech.archunit.junit.internal.ArchUnitTestDescriptor.lambda$createChildren$1(ArchUnitTestDescriptor.java:90)
	at com.tngtech.archunit.junit.internal.ArchUnitTestDescriptor$ArchUnitRuleDescriptor.execute(ArchUnitTestDescriptor.java:167)
	at com.tngtech.archunit.junit.internal.ArchUnitTestDescriptor$ArchUnitRuleDescriptor.execute(ArchUnitTestDescriptor.java:150)
	at org.junit.platform.engine.support.hierarchical.NodeTestTask.lambda$executeRecursively$6(NodeTestTask.java:156)
	at org.junit.platform.engine.support.hierarchical.ThrowableCollector.execute(ThrowableCollector.java:73)
	at org.junit.platform.engine.support.hierarchical.NodeTestTask.lambda$executeRecursively$8(NodeTestTask.java:146)
	at org.junit.platform.engine.support.hierarchical.Node.around(Node.java:137)
	at org.junit.platform.engine.support.hierarchical.NodeTestTask.lambda$executeRecursively$9(NodeTestTask.java:144)
	at org.junit.platform.engine.support.hierarchical.ThrowableCollector.execute(ThrowableCollector.java:73)
	at org.junit.platform.engine.support.hierarchical.NodeTestTask.executeRecursively(NodeTestTask.java:143)
	at org.junit.platform.engine.support.hierarchical.NodeTestTask.execute(NodeTestTask.java:100)
	at java.base/java.util.ArrayList.forEach(ArrayList.java:1604)
	at org.junit.platform.engine.support.hierarchical.SameThreadHierarchicalTestExecutorService.invokeAll(SameThreadHierarchicalTestExecutorService.java:41)
	at org.junit.platform.engine.support.hierarchical.NodeTestTask.lambda$executeRecursively$6(NodeTestTask.java:160)
	at org.junit.platform.engine.support.hierarchical.ThrowableCollector.execute(ThrowableCollector.java:73)
	at org.junit.platform.engine.support.hierarchical.NodeTestTask.lambda$executeRecursively$8(NodeTestTask.java:146)
	at org.junit.platform.engine.support.hierarchical.Node.around(Node.java:137)
	at org.junit.platform.engine.support.hierarchical.NodeTestTask.lambda$executeRecursively$9(NodeTestTask.java:144)
	at org.junit.platform.engine.support.hierarchical.ThrowableCollector.execute(ThrowableCollector.java:73)
	at org.junit.platform.engine.support.hierarchical.NodeTestTask.executeRecursively(NodeTestTask.java:143)
	at org.junit.platform.engine.support.hierarchical.NodeTestTask.execute(NodeTestTask.java:100)
	at java.base/java.util.ArrayList.forEach(ArrayList.java:1604)
	at org.junit.platform.engine.support.hierarchical.SameThreadHierarchicalTestExecutorService.invokeAll(SameThreadHierarchicalTestExecutorService.java:41)
	at org.junit.platform.engine.support.hierarchical.NodeTestTask.lambda$executeRecursively$6(NodeTestTask.java:160)
	at org.junit.platform.engine.support.hierarchical.ThrowableCollector.execute(ThrowableCollector.java:73)
	at org.junit.platform.engine.support.hierarchical.NodeTestTask.lambda$executeRecursively$8(NodeTestTask.java:146)
	at org.junit.platform.engine.support.hierarchical.Node.around(Node.java:137)
	at org.junit.platform.engine.support.hierarchical.NodeTestTask.lambda$executeRecursively$9(NodeTestTask.java:144)
	at org.junit.platform.engine.support.hierarchical.ThrowableCollector.execute(ThrowableCollector.java:73)
	at org.junit.platform.engine.support.hierarchical.NodeTestTask.executeRecursively(NodeTestTask.java:143)
	at org.junit.platform.engine.support.hierarchical.NodeTestTask.execute(NodeTestTask.java:100)
	at org.junit.platform.engine.support.hierarchical.SameThreadHierarchicalTestExecutorService.submit(SameThreadHierarchicalTestExecutorService.java:35)
	at org.junit.platform.engine.support.hierarchical.HierarchicalTestExecutor.execute(HierarchicalTestExecutor.java:57)
	at org.junit.platform.engine.support.hierarchical.HierarchicalTestEngine.execute(HierarchicalTestEngine.java:54)
	at org.junit.platform.launcher.core.EngineExecutionOrchestrator.execute(EngineExecutionOrchestrator.java:198)
	at org.junit.platform.launcher.core.EngineExecutionOrchestrator.execute(EngineExecutionOrchestrator.java:169)
	at org.junit.platform.launcher.core.EngineExecutionOrchestrator.execute(EngineExecutionOrchestrator.java:93)
	at org.junit.platform.launcher.core.EngineExecutionOrchestrator.lambda$execute$0(EngineExecutionOrchestrator.java:58)
	at org.junit.platform.launcher.core.EngineExecutionOrchestrator.withInterceptedStreams(EngineExecutionOrchestrator.java:141)
	at org.junit.platform.launcher.core.EngineExecutionOrchestrator.execute(EngineExecutionOrchestrator.java:57)
	at org.junit.platform.launcher.core.DefaultLauncher.execute(DefaultLauncher.java:103)
	at org.junit.platform.launcher.core.DefaultLauncher.execute(DefaultLauncher.java:85)
	at org.junit.platform.launcher.core.DelegatingLauncher.execute(DelegatingLauncher.java:47)
	at org.apache.maven.surefire.junitplatform.LazyLauncher.execute(LazyLauncher.java:56)
	at org.apache.maven.surefire.junitplatform.JUnitPlatformProvider.execute(JUnitPlatformProvider.java:184)
	at org.apache.maven.surefire.junitplatform.JUnitPlatformProvider.invokeAllTests(JUnitPlatformProvider.java:148)
	at org.apache.maven.surefire.junitplatform.JUnitPlatformProvider.invoke(JUnitPlatformProvider.java:122)
	at org.apache.maven.surefire.booter.ForkedBooter.runSuitesInProcess(ForkedBooter.java:385)
	at org.apache.maven.surefire.booter.ForkedBooter.execute(ForkedBooter.java:162)
	at org.apache.maven.surefire.booter.ForkedBooter.run(ForkedBooter.java:507)
	at org.apache.maven.surefire.booter.ForkedBooter.main(ForkedBooter.java:495)
15:17:19.652 [main] WARN com.tngtech.archunit.core.importer.ClassFileProcessor -- Error during import from jrt:/java.base/java/lang/Byte.class, falling back to simple import
java.lang.IllegalArgumentException: Unsupported class file major version 68
	at com.tngtech.archunit.thirdparty.org.objectweb.asm.ClassReader.<init>(ClassReader.java:200)
	at com.tngtech.archunit.thirdparty.org.objectweb.asm.ClassReader.<init>(ClassReader.java:180)
	at com.tngtech.archunit.thirdparty.org.objectweb.asm.ClassReader.<init>(ClassReader.java:166)
	at com.tngtech.archunit.thirdparty.org.objectweb.asm.ClassReader.<init>(ClassReader.java:288)
	at com.tngtech.archunit.core.importer.ClassFileProcessor$UriImporterOfProcessor.tryImport(ClassFileProcessor.java:350)
	at com.tngtech.archunit.core.importer.resolvers.ClassResolverFromClasspath.tryResolve(ClassResolverFromClasspath.java:51)
	at com.tngtech.archunit.core.importer.ImportedClasses.resolve(ImportedClasses.java:80)
	at com.tngtech.archunit.core.importer.ImportedClasses.ensurePresent(ImportedClasses.java:75)
	at com.tngtech.archunit.core.importer.DependencyResolutionProcess.executeRun(DependencyResolutionProcess.java:146)
	at com.tngtech.archunit.core.importer.DependencyResolutionProcess.resolve(DependencyResolutionProcess.java:122)
	at com.tngtech.archunit.core.importer.ClassGraphCreator.complete(ClassGraphCreator.java:107)
	at com.tngtech.archunit.core.importer.ClassFileProcessor.process(ClassFileProcessor.java:75)
	at com.tngtech.archunit.core.importer.ClassFileImporter.importLocations(ClassFileImporter.java:325)
	at com.tngtech.archunit.junit.internal.ClassCache$CacheClassFileImporter.importClasses(ClassCache.java:126)
	at com.tngtech.archunit.junit.internal.ClassCache$LazyJavaClasses.initialize(ClassCache.java:118)
	at com.tngtech.archunit.junit.internal.ClassCache$LazyJavaClasses.get(ClassCache.java:107)
	at com.tngtech.archunit.junit.internal.ClassCache.getClassesToAnalyzeFor(ClassCache.java:84)
	at com.tngtech.archunit.junit.internal.ArchUnitTestDescriptor.lambda$createChildren$1(ArchUnitTestDescriptor.java:90)
	at com.tngtech.archunit.junit.internal.ArchUnitTestDescriptor$ArchUnitRuleDescriptor.execute(ArchUnitTestDescriptor.java:167)
	at com.tngtech.archunit.junit.internal.ArchUnitTestDescriptor$ArchUnitRuleDescriptor.execute(ArchUnitTestDescriptor.java:150)
	at org.junit.platform.engine.support.hierarchical.NodeTestTask.lambda$executeRecursively$6(NodeTestTask.java:156)
	at org.junit.platform.engine.support.hierarchical.ThrowableCollector.execute(ThrowableCollector.java:73)
	at org.junit.platform.engine.support.hierarchical.NodeTestTask.lambda$executeRecursively$8(NodeTestTask.java:146)
	at org.junit.platform.engine.support.hierarchical.Node.around(Node.java:137)
	at org.junit.platform.engine.support.hierarchical.NodeTestTask.lambda$executeRecursively$9(NodeTestTask.java:144)
	at org.junit.platform.engine.support.hierarchical.ThrowableCollector.execute(ThrowableCollector.java:73)
	at org.junit.platform.engine.support.hierarchical.NodeTestTask.executeRecursively(NodeTestTask.java:143)
	at org.junit.platform.engine.support.hierarchical.NodeTestTask.execute(NodeTestTask.java:100)
	at java.base/java.util.ArrayList.forEach(ArrayList.java:1604)
	at org.junit.platform.engine.support.hierarchical.SameThreadHierarchicalTestExecutorService.invokeAll(SameThreadHierarchicalTestExecutorService.java:41)
	at org.junit.platform.engine.support.hierarchical.NodeTestTask.lambda$executeRecursively$6(NodeTestTask.java:160)
	at org.junit.platform.engine.support.hierarchical.ThrowableCollector.execute(ThrowableCollector.java:73)
	at org.junit.platform.engine.support.hierarchical.NodeTestTask.lambda$executeRecursively$8(NodeTestTask.java:146)
	at org.junit.platform.engine.support.hierarchical.Node.around(Node.java:137)
	at org.junit.platform.engine.support.hierarchical.NodeTestTask.lambda$executeRecursively$9(NodeTestTask.java:144)
	at org.junit.platform.engine.support.hierarchical.ThrowableCollector.execute(ThrowableCollector.java:73)
	at org.junit.platform.engine.support.hierarchical.NodeTestTask.executeRecursively(NodeTestTask.java:143)
	at org.junit.platform.engine.support.hierarchical.NodeTestTask.execute(NodeTestTask.java:100)
	at java.base/java.util.ArrayList.forEach(ArrayList.java:1604)
	at org.junit.platform.engine.support.hierarchical.SameThreadHierarchicalTestExecutorService.invokeAll(SameThreadHierarchicalTestExecutorService.java:41)
	at org.junit.platform.engine.support.hierarchical.NodeTestTask.lambda$executeRecursively$6(NodeTestTask.java:160)
	at org.junit.platform.engine.support.hierarchical.ThrowableCollector.execute(ThrowableCollector.java:73)
	at org.junit.platform.engine.support.hierarchical.NodeTestTask.lambda$executeRecursively$8(NodeTestTask.java:146)
	at org.junit.platform.engine.support.hierarchical.Node.around(Node.java:137)
	at org.junit.platform.engine.support.hierarchical.NodeTestTask.lambda$executeRecursively$9(NodeTestTask.java:144)
	at org.junit.platform.engine.support.hierarchical.ThrowableCollector.execute(ThrowableCollector.java:73)
	at org.junit.platform.engine.support.hierarchical.NodeTestTask.executeRecursively(NodeTestTask.java:143)
	at org.junit.platform.engine.support.hierarchical.NodeTestTask.execute(NodeTestTask.java:100)
	at org.junit.platform.engine.support.hierarchical.SameThreadHierarchicalTestExecutorService.submit(SameThreadHierarchicalTestExecutorService.java:35)
	at org.junit.platform.engine.support.hierarchical.HierarchicalTestExecutor.execute(HierarchicalTestExecutor.java:57)
	at org.junit.platform.engine.support.hierarchical.HierarchicalTestEngine.execute(HierarchicalTestEngine.java:54)
	at org.junit.platform.launcher.core.EngineExecutionOrchestrator.execute(EngineExecutionOrchestrator.java:198)
	at org.junit.platform.launcher.core.EngineExecutionOrchestrator.execute(EngineExecutionOrchestrator.java:169)
	at org.junit.platform.launcher.core.EngineExecutionOrchestrator.execute(EngineExecutionOrchestrator.java:93)
	at org.junit.platform.launcher.core.EngineExecutionOrchestrator.lambda$execute$0(EngineExecutionOrchestrator.java:58)
	at org.junit.platform.launcher.core.EngineExecutionOrchestrator.withInterceptedStreams(EngineExecutionOrchestrator.java:141)
	at org.junit.platform.launcher.core.EngineExecutionOrchestrator.execute(EngineExecutionOrchestrator.java:57)
	at org.junit.platform.launcher.core.DefaultLauncher.execute(DefaultLauncher.java:103)
	at org.junit.platform.launcher.core.DefaultLauncher.execute(DefaultLauncher.java:85)
	at org.junit.platform.launcher.core.DelegatingLauncher.execute(DelegatingLauncher.java:47)
	at org.apache.maven.surefire.junitplatform.LazyLauncher.execute(LazyLauncher.java:56)
	at org.apache.maven.surefire.junitplatform.JUnitPlatformProvider.execute(JUnitPlatformProvider.java:184)
	at org.apache.maven.surefire.junitplatform.JUnitPlatformProvider.invokeAllTests(JUnitPlatformProvider.java:148)
	at org.apache.maven.surefire.junitplatform.JUnitPlatformProvider.invoke(JUnitPlatformProvider.java:122)
	at org.apache.maven.surefire.booter.ForkedBooter.runSuitesInProcess(ForkedBooter.java:385)
	at org.apache.maven.surefire.booter.ForkedBooter.execute(ForkedBooter.java:162)
	at org.apache.maven.surefire.booter.ForkedBooter.run(ForkedBooter.java:507)
	at org.apache.maven.surefire.booter.ForkedBooter.main(ForkedBooter.java:495)
15:17:19.659 [main] WARN com.tngtech.archunit.core.importer.ClassFileProcessor -- Error during import from jrt:/java.base/java/lang/Iterable.class, falling back to simple import
java.lang.IllegalArgumentException: Unsupported class file major version 68
	at com.tngtech.archunit.thirdparty.org.objectweb.asm.ClassReader.<init>(ClassReader.java:200)
	at com.tngtech.archunit.thirdparty.org.objectweb.asm.ClassReader.<init>(ClassReader.java:180)
	at com.tngtech.archunit.thirdparty.org.objectweb.asm.ClassReader.<init>(ClassReader.java:166)
	at com.tngtech.archunit.thirdparty.org.objectweb.asm.ClassReader.<init>(ClassReader.java:288)
	at com.tngtech.archunit.core.importer.ClassFileProcessor$UriImporterOfProcessor.tryImport(ClassFileProcessor.java:350)
	at com.tngtech.archunit.core.importer.resolvers.ClassResolverFromClasspath.tryResolve(ClassResolverFromClasspath.java:51)
	at com.tngtech.archunit.core.importer.ImportedClasses.resolve(ImportedClasses.java:80)
	at com.tngtech.archunit.core.importer.ImportedClasses.ensurePresent(ImportedClasses.java:75)
	at com.tngtech.archunit.core.importer.DependencyResolutionProcess.executeRun(DependencyResolutionProcess.java:146)
	at com.tngtech.archunit.core.importer.DependencyResolutionProcess.resolve(DependencyResolutionProcess.java:122)
	at com.tngtech.archunit.core.importer.ClassGraphCreator.complete(ClassGraphCreator.java:107)
	at com.tngtech.archunit.core.importer.ClassFileProcessor.process(ClassFileProcessor.java:75)
	at com.tngtech.archunit.core.importer.ClassFileImporter.importLocations(ClassFileImporter.java:325)
	at com.tngtech.archunit.junit.internal.ClassCache$CacheClassFileImporter.importClasses(ClassCache.java:126)
	at com.tngtech.archunit.junit.internal.ClassCache$LazyJavaClasses.initialize(ClassCache.java:118)
	at com.tngtech.archunit.junit.internal.ClassCache$LazyJavaClasses.get(ClassCache.java:107)
	at com.tngtech.archunit.junit.internal.ClassCache.getClassesToAnalyzeFor(ClassCache.java:84)
	at com.tngtech.archunit.junit.internal.ArchUnitTestDescriptor.lambda$createChildren$1(ArchUnitTestDescriptor.java:90)
	at com.tngtech.archunit.junit.internal.ArchUnitTestDescriptor$ArchUnitRuleDescriptor.execute(ArchUnitTestDescriptor.java:167)
	at com.tngtech.archunit.junit.internal.ArchUnitTestDescriptor$ArchUnitRuleDescriptor.execute(ArchUnitTestDescriptor.java:150)
	at org.junit.platform.engine.support.hierarchical.NodeTestTask.lambda$executeRecursively$6(NodeTestTask.java:156)
	at org.junit.platform.engine.support.hierarchical.ThrowableCollector.execute(ThrowableCollector.java:73)
	at org.junit.platform.engine.support.hierarchical.NodeTestTask.lambda$executeRecursively$8(NodeTestTask.java:146)
	at org.junit.platform.engine.support.hierarchical.Node.around(Node.java:137)
	at org.junit.platform.engine.support.hierarchical.NodeTestTask.lambda$executeRecursively$9(NodeTestTask.java:144)
	at org.junit.platform.engine.support.hierarchical.ThrowableCollector.execute(ThrowableCollector.java:73)
	at org.junit.platform.engine.support.hierarchical.NodeTestTask.executeRecursively(NodeTestTask.java:143)
	at org.junit.platform.engine.support.hierarchical.NodeTestTask.execute(NodeTestTask.java:100)
	at java.base/java.util.ArrayList.forEach(ArrayList.java:1604)
	at org.junit.platform.engine.support.hierarchical.SameThreadHierarchicalTestExecutorService.invokeAll(SameThreadHierarchicalTestExecutorService.java:41)
	at org.junit.platform.engine.support.hierarchical.NodeTestTask.lambda$executeRecursively$6(NodeTestTask.java:160)
	at org.junit.platform.engine.support.hierarchical.ThrowableCollector.execute(ThrowableCollector.java:73)
	at org.junit.platform.engine.support.hierarchical.NodeTestTask.lambda$executeRecursively$8(NodeTestTask.java:146)
	at org.junit.platform.engine.support.hierarchical.Node.around(Node.java:137)
	at org.junit.platform.engine.support.hierarchical.NodeTestTask.lambda$executeRecursively$9(NodeTestTask.java:144)
	at org.junit.platform.engine.support.hierarchical.ThrowableCollector.execute(ThrowableCollector.java:73)
	at org.junit.platform.engine.support.hierarchical.NodeTestTask.executeRecursively(NodeTestTask.java:143)
	at org.junit.platform.engine.support.hierarchical.NodeTestTask.execute(NodeTestTask.java:100)
	at java.base/java.util.ArrayList.forEach(ArrayList.java:1604)
	at org.junit.platform.engine.support.hierarchical.SameThreadHierarchicalTestExecutorService.invokeAll(SameThreadHierarchicalTestExecutorService.java:41)
	at org.junit.platform.engine.support.hierarchical.NodeTestTask.lambda$executeRecursively$6(NodeTestTask.java:160)
	at org.junit.platform.engine.support.hierarchical.ThrowableCollector.execute(ThrowableCollector.java:73)
	at org.junit.platform.engine.support.hierarchical.NodeTestTask.lambda$executeRecursively$8(NodeTestTask.java:146)
	at org.junit.platform.engine.support.hierarchical.Node.around(Node.java:137)
	at org.junit.platform.engine.support.hierarchical.NodeTestTask.lambda$executeRecursively$9(NodeTestTask.java:144)
	at org.junit.platform.engine.support.hierarchical.ThrowableCollector.execute(ThrowableCollector.java:73)
	at org.junit.platform.engine.support.hierarchical.NodeTestTask.executeRecursively(NodeTestTask.java:143)
	at org.junit.platform.engine.support.hierarchical.NodeTestTask.execute(NodeTestTask.java:100)
	at org.junit.platform.engine.support.hierarchical.SameThreadHierarchicalTestExecutorService.submit(SameThreadHierarchicalTestExecutorService.java:35)
	at org.junit.platform.engine.support.hierarchical.HierarchicalTestExecutor.execute(HierarchicalTestExecutor.java:57)
	at org.junit.platform.engine.support.hierarchical.HierarchicalTestEngine.execute(HierarchicalTestEngine.java:54)
	at org.junit.platform.launcher.core.EngineExecutionOrchestrator.execute(EngineExecutionOrchestrator.java:198)
	at org.junit.platform.launcher.core.EngineExecutionOrchestrator.execute(EngineExecutionOrchestrator.java:169)
	at org.junit.platform.launcher.core.EngineExecutionOrchestrator.execute(EngineExecutionOrchestrator.java:93)
	at org.junit.platform.launcher.core.EngineExecutionOrchestrator.lambda$execute$0(EngineExecutionOrchestrator.java:58)
	at org.junit.platform.launcher.core.EngineExecutionOrchestrator.withInterceptedStreams(EngineExecutionOrchestrator.java:141)
	at org.junit.platform.launcher.core.EngineExecutionOrchestrator.execute(EngineExecutionOrchestrator.java:57)
	at org.junit.platform.launcher.core.DefaultLauncher.execute(DefaultLauncher.java:103)
	at org.junit.platform.launcher.core.DefaultLauncher.execute(DefaultLauncher.java:85)
	at org.junit.platform.launcher.core.DelegatingLauncher.execute(DelegatingLauncher.java:47)
	at org.apache.maven.surefire.junitplatform.LazyLauncher.execute(LazyLauncher.java:56)
	at org.apache.maven.surefire.junitplatform.JUnitPlatformProvider.execute(JUnitPlatformProvider.java:184)
	at org.apache.maven.surefire.junitplatform.JUnitPlatformProvider.invokeAllTests(JUnitPlatformProvider.java:148)
	at org.apache.maven.surefire.junitplatform.JUnitPlatformProvider.invoke(JUnitPlatformProvider.java:122)
	at org.apache.maven.surefire.booter.ForkedBooter.runSuitesInProcess(ForkedBooter.java:385)
	at org.apache.maven.surefire.booter.ForkedBooter.execute(ForkedBooter.java:162)
	at org.apache.maven.surefire.booter.ForkedBooter.run(ForkedBooter.java:507)
	at org.apache.maven.surefire.booter.ForkedBooter.main(ForkedBooter.java:495)
15:17:19.659 [main] WARN com.tngtech.archunit.core.importer.ClassFileProcessor -- Error during import from jrt:/java.base/java/lang/annotation/Retention.class, falling back to simple import
java.lang.IllegalArgumentException: Unsupported class file major version 68
	at com.tngtech.archunit.thirdparty.org.objectweb.asm.ClassReader.<init>(ClassReader.java:200)
	at com.tngtech.archunit.thirdparty.org.objectweb.asm.ClassReader.<init>(ClassReader.java:180)
	at com.tngtech.archunit.thirdparty.org.objectweb.asm.ClassReader.<init>(ClassReader.java:166)
	at com.tngtech.archunit.thirdparty.org.objectweb.asm.ClassReader.<init>(ClassReader.java:288)
	at com.tngtech.archunit.core.importer.ClassFileProcessor$UriImporterOfProcessor.tryImport(ClassFileProcessor.java:350)
	at com.tngtech.archunit.core.importer.resolvers.ClassResolverFromClasspath.tryResolve(ClassResolverFromClasspath.java:51)
	at com.tngtech.archunit.core.importer.ImportedClasses.resolve(ImportedClasses.java:80)
	at com.tngtech.archunit.core.importer.ImportedClasses.ensurePresent(ImportedClasses.java:75)
	at com.tngtech.archunit.core.importer.DependencyResolutionProcess.executeRun(DependencyResolutionProcess.java:146)
	at com.tngtech.archunit.core.importer.DependencyResolutionProcess.resolve(DependencyResolutionProcess.java:122)
	at com.tngtech.archunit.core.importer.ClassGraphCreator.complete(ClassGraphCreator.java:107)
	at com.tngtech.archunit.core.importer.ClassFileProcessor.process(ClassFileProcessor.java:75)
	at com.tngtech.archunit.core.importer.ClassFileImporter.importLocations(ClassFileImporter.java:325)
	at com.tngtech.archunit.junit.internal.ClassCache$CacheClassFileImporter.importClasses(ClassCache.java:126)
	at com.tngtech.archunit.junit.internal.ClassCache$LazyJavaClasses.initialize(ClassCache.java:118)
	at com.tngtech.archunit.junit.internal.ClassCache$LazyJavaClasses.get(ClassCache.java:107)
	at com.tngtech.archunit.junit.internal.ClassCache.getClassesToAnalyzeFor(ClassCache.java:84)
	at com.tngtech.archunit.junit.internal.ArchUnitTestDescriptor.lambda$createChildren$1(ArchUnitTestDescriptor.java:90)
	at com.tngtech.archunit.junit.internal.ArchUnitTestDescriptor$ArchUnitRuleDescriptor.execute(ArchUnitTestDescriptor.java:167)
	at com.tngtech.archunit.junit.internal.ArchUnitTestDescriptor$ArchUnitRuleDescriptor.execute(ArchUnitTestDescriptor.java:150)
	at org.junit.platform.engine.support.hierarchical.NodeTestTask.lambda$executeRecursively$6(NodeTestTask.java:156)
	at org.junit.platform.engine.support.hierarchical.ThrowableCollector.execute(ThrowableCollector.java:73)
	at org.junit.platform.engine.support.hierarchical.NodeTestTask.lambda$executeRecursively$8(NodeTestTask.java:146)
	at org.junit.platform.engine.support.hierarchical.Node.around(Node.java:137)
	at org.junit.platform.engine.support.hierarchical.NodeTestTask.lambda$executeRecursively$9(NodeTestTask.java:144)
	at org.junit.platform.engine.support.hierarchical.ThrowableCollector.execute(ThrowableCollector.java:73)
	at org.junit.platform.engine.support.hierarchical.NodeTestTask.executeRecursively(NodeTestTask.java:143)
	at org.junit.platform.engine.support.hierarchical.NodeTestTask.execute(NodeTestTask.java:100)
	at java.base/java.util.ArrayList.forEach(ArrayList.java:1604)
	at org.junit.platform.engine.support.hierarchical.SameThreadHierarchicalTestExecutorService.invokeAll(SameThreadHierarchicalTestExecutorService.java:41)
	at org.junit.platform.engine.support.hierarchical.NodeTestTask.lambda$executeRecursively$6(NodeTestTask.java:160)
	at org.junit.platform.engine.support.hierarchical.ThrowableCollector.execute(ThrowableCollector.java:73)
	at org.junit.platform.engine.support.hierarchical.NodeTestTask.lambda$executeRecursively$8(NodeTestTask.java:146)
	at org.junit.platform.engine.support.hierarchical.Node.around(Node.java:137)
	at org.junit.platform.engine.support.hierarchical.NodeTestTask.lambda$executeRecursively$9(NodeTestTask.java:144)
	at org.junit.platform.engine.support.hierarchical.ThrowableCollector.execute(ThrowableCollector.java:73)
	at org.junit.platform.engine.support.hierarchical.NodeTestTask.executeRecursively(NodeTestTask.java:143)
	at org.junit.platform.engine.support.hierarchical.NodeTestTask.execute(NodeTestTask.java:100)
	at java.base/java.util.ArrayList.forEach(ArrayList.java:1604)
	at org.junit.platform.engine.support.hierarchical.SameThreadHierarchicalTestExecutorService.invokeAll(SameThreadHierarchicalTestExecutorService.java:41)
	at org.junit.platform.engine.support.hierarchical.NodeTestTask.lambda$executeRecursively$6(NodeTestTask.java:160)
	at org.junit.platform.engine.support.hierarchical.ThrowableCollector.execute(ThrowableCollector.java:73)
	at org.junit.platform.engine.support.hierarchical.NodeTestTask.lambda$executeRecursively$8(NodeTestTask.java:146)
	at org.junit.platform.engine.support.hierarchical.Node.around(Node.java:137)
	at org.junit.platform.engine.support.hierarchical.NodeTestTask.lambda$executeRecursively$9(NodeTestTask.java:144)
	at org.junit.platform.engine.support.hierarchical.ThrowableCollector.execute(ThrowableCollector.java:73)
	at org.junit.platform.engine.support.hierarchical.NodeTestTask.executeRecursively(NodeTestTask.java:143)
	at org.junit.platform.engine.support.hierarchical.NodeTestTask.execute(NodeTestTask.java:100)
	at org.junit.platform.engine.support.hierarchical.SameThreadHierarchicalTestExecutorService.submit(SameThreadHierarchicalTestExecutorService.java:35)
	at org.junit.platform.engine.support.hierarchical.HierarchicalTestExecutor.execute(HierarchicalTestExecutor.java:57)
	at org.junit.platform.engine.support.hierarchical.HierarchicalTestEngine.execute(HierarchicalTestEngine.java:54)
	at org.junit.platform.launcher.core.EngineExecutionOrchestrator.execute(EngineExecutionOrchestrator.java:198)
	at org.junit.platform.launcher.core.EngineExecutionOrchestrator.execute(EngineExecutionOrchestrator.java:169)
	at org.junit.platform.launcher.core.EngineExecutionOrchestrator.execute(EngineExecutionOrchestrator.java:93)
	at org.junit.platform.launcher.core.EngineExecutionOrchestrator.lambda$execute$0(EngineExecutionOrchestrator.java:58)
	at org.junit.platform.launcher.core.EngineExecutionOrchestrator.withInterceptedStreams(EngineExecutionOrchestrator.java:141)
	at org.junit.platform.launcher.core.EngineExecutionOrchestrator.execute(EngineExecutionOrchestrator.java:57)
	at org.junit.platform.launcher.core.DefaultLauncher.execute(DefaultLauncher.java:103)
	at org.junit.platform.launcher.core.DefaultLauncher.execute(DefaultLauncher.java:85)
	at org.junit.platform.launcher.core.DelegatingLauncher.execute(DelegatingLauncher.java:47)
	at org.apache.maven.surefire.junitplatform.LazyLauncher.execute(LazyLauncher.java:56)
	at org.apache.maven.surefire.junitplatform.JUnitPlatformProvider.execute(JUnitPlatformProvider.java:184)
	at org.apache.maven.surefire.junitplatform.JUnitPlatformProvider.invokeAllTests(JUnitPlatformProvider.java:148)
	at org.apache.maven.surefire.junitplatform.JUnitPlatformProvider.invoke(JUnitPlatformProvider.java:122)
	at org.apache.maven.surefire.booter.ForkedBooter.runSuitesInProcess(ForkedBooter.java:385)
	at org.apache.maven.surefire.booter.ForkedBooter.execute(ForkedBooter.java:162)
	at org.apache.maven.surefire.booter.ForkedBooter.run(ForkedBooter.java:507)
	at org.apache.maven.surefire.booter.ForkedBooter.main(ForkedBooter.java:495)
15:17:19.663 [main] WARN com.tngtech.archunit.core.importer.ClassFileProcessor -- Error during import from jrt:/java.base/java/lang/annotation/ElementType.class, falling back to simple import
java.lang.IllegalArgumentException: Unsupported class file major version 68
	at com.tngtech.archunit.thirdparty.org.objectweb.asm.ClassReader.<init>(ClassReader.java:200)
	at com.tngtech.archunit.thirdparty.org.objectweb.asm.ClassReader.<init>(ClassReader.java:180)
	at com.tngtech.archunit.thirdparty.org.objectweb.asm.ClassReader.<init>(ClassReader.java:166)
	at com.tngtech.archunit.thirdparty.org.objectweb.asm.ClassReader.<init>(ClassReader.java:288)
	at com.tngtech.archunit.core.importer.ClassFileProcessor$UriImporterOfProcessor.tryImport(ClassFileProcessor.java:350)
	at com.tngtech.archunit.core.importer.resolvers.ClassResolverFromClasspath.tryResolve(ClassResolverFromClasspath.java:51)
	at com.tngtech.archunit.core.importer.ImportedClasses.resolve(ImportedClasses.java:80)
	at com.tngtech.archunit.core.importer.ImportedClasses.ensurePresent(ImportedClasses.java:75)
	at com.tngtech.archunit.core.importer.DependencyResolutionProcess.executeRun(DependencyResolutionProcess.java:146)
	at com.tngtech.archunit.core.importer.DependencyResolutionProcess.resolve(DependencyResolutionProcess.java:122)
	at com.tngtech.archunit.core.importer.ClassGraphCreator.complete(ClassGraphCreator.java:107)
	at com.tngtech.archunit.core.importer.ClassFileProcessor.process(ClassFileProcessor.java:75)
	at com.tngtech.archunit.core.importer.ClassFileImporter.importLocations(ClassFileImporter.java:325)
	at com.tngtech.archunit.junit.internal.ClassCache$CacheClassFileImporter.importClasses(ClassCache.java:126)
	at com.tngtech.archunit.junit.internal.ClassCache$LazyJavaClasses.initialize(ClassCache.java:118)
	at com.tngtech.archunit.junit.internal.ClassCache$LazyJavaClasses.get(ClassCache.java:107)
	at com.tngtech.archunit.junit.internal.ClassCache.getClassesToAnalyzeFor(ClassCache.java:84)
	at com.tngtech.archunit.junit.internal.ArchUnitTestDescriptor.lambda$createChildren$1(ArchUnitTestDescriptor.java:90)
	at com.tngtech.archunit.junit.internal.ArchUnitTestDescriptor$ArchUnitRuleDescriptor.execute(ArchUnitTestDescriptor.java:167)
	at com.tngtech.archunit.junit.internal.ArchUnitTestDescriptor$ArchUnitRuleDescriptor.execute(ArchUnitTestDescriptor.java:150)
	at org.junit.platform.engine.support.hierarchical.NodeTestTask.lambda$executeRecursively$6(NodeTestTask.java:156)
	at org.junit.platform.engine.support.hierarchical.ThrowableCollector.execute(ThrowableCollector.java:73)
	at org.junit.platform.engine.support.hierarchical.NodeTestTask.lambda$executeRecursively$8(NodeTestTask.java:146)
	at org.junit.platform.engine.support.hierarchical.Node.around(Node.java:137)
	at org.junit.platform.engine.support.hierarchical.NodeTestTask.lambda$executeRecursively$9(NodeTestTask.java:144)
	at org.junit.platform.engine.support.hierarchical.ThrowableCollector.execute(ThrowableCollector.java:73)
	at org.junit.platform.engine.support.hierarchical.NodeTestTask.executeRecursively(NodeTestTask.java:143)
	at org.junit.platform.engine.support.hierarchical.NodeTestTask.execute(NodeTestTask.java:100)
	at java.base/java.util.ArrayList.forEach(ArrayList.java:1604)
	at org.junit.platform.engine.support.hierarchical.SameThreadHierarchicalTestExecutorService.invokeAll(SameThreadHierarchicalTestExecutorService.java:41)
	at org.junit.platform.engine.support.hierarchical.NodeTestTask.lambda$executeRecursively$6(NodeTestTask.java:160)
	at org.junit.platform.engine.support.hierarchical.ThrowableCollector.execute(ThrowableCollector.java:73)
	at org.junit.platform.engine.support.hierarchical.NodeTestTask.lambda$executeRecursively$8(NodeTestTask.java:146)
	at org.junit.platform.engine.support.hierarchical.Node.around(Node.java:137)
	at org.junit.platform.engine.support.hierarchical.NodeTestTask.lambda$executeRecursively$9(NodeTestTask.java:144)
	at org.junit.platform.engine.support.hierarchical.ThrowableCollector.execute(ThrowableCollector.java:73)
	at org.junit.platform.engine.support.hierarchical.NodeTestTask.executeRecursively(NodeTestTask.java:143)
	at org.junit.platform.engine.support.hierarchical.NodeTestTask.execute(NodeTestTask.java:100)
	at java.base/java.util.ArrayList.forEach(ArrayList.java:1604)
	at org.junit.platform.engine.support.hierarchical.SameThreadHierarchicalTestExecutorService.invokeAll(SameThreadHierarchicalTestExecutorService.java:41)
	at org.junit.platform.engine.support.hierarchical.NodeTestTask.lambda$executeRecursively$6(NodeTestTask.java:160)
	at org.junit.platform.engine.support.hierarchical.ThrowableCollector.execute(ThrowableCollector.java:73)
	at org.junit.platform.engine.support.hierarchical.NodeTestTask.lambda$executeRecursively$8(NodeTestTask.java:146)
	at org.junit.platform.engine.support.hierarchical.Node.around(Node.java:137)
	at org.junit.platform.engine.support.hierarchical.NodeTestTask.lambda$executeRecursively$9(NodeTestTask.java:144)
	at org.junit.platform.engine.support.hierarchical.ThrowableCollector.execute(ThrowableCollector.java:73)
	at org.junit.platform.engine.support.hierarchical.NodeTestTask.executeRecursively(NodeTestTask.java:143)
	at org.junit.platform.engine.support.hierarchical.NodeTestTask.execute(NodeTestTask.java:100)
	at org.junit.platform.engine.support.hierarchical.SameThreadHierarchicalTestExecutorService.submit(SameThreadHierarchicalTestExecutorService.java:35)
	at org.junit.platform.engine.support.hierarchical.HierarchicalTestExecutor.execute(HierarchicalTestExecutor.java:57)
	at org.junit.platform.engine.support.hierarchical.HierarchicalTestEngine.execute(HierarchicalTestEngine.java:54)
	at org.junit.platform.launcher.core.EngineExecutionOrchestrator.execute(EngineExecutionOrchestrator.java:198)
	at org.junit.platform.launcher.core.EngineExecutionOrchestrator.execute(EngineExecutionOrchestrator.java:169)
	at org.junit.platform.launcher.core.EngineExecutionOrchestrator.execute(EngineExecutionOrchestrator.java:93)
	at org.junit.platform.launcher.core.EngineExecutionOrchestrator.lambda$execute$0(EngineExecutionOrchestrator.java:58)
	at org.junit.platform.launcher.core.EngineExecutionOrchestrator.withInterceptedStreams(EngineExecutionOrchestrator.java:141)
	at org.junit.platform.launcher.core.EngineExecutionOrchestrator.execute(EngineExecutionOrchestrator.java:57)
	at org.junit.platform.launcher.core.DefaultLauncher.execute(DefaultLauncher.java:103)
	at org.junit.platform.launcher.core.DefaultLauncher.execute(DefaultLauncher.java:85)
	at org.junit.platform.launcher.core.DelegatingLauncher.execute(DelegatingLauncher.java:47)
	at org.apache.maven.surefire.junitplatform.LazyLauncher.execute(LazyLauncher.java:56)
	at org.apache.maven.surefire.junitplatform.JUnitPlatformProvider.execute(JUnitPlatformProvider.java:184)
	at org.apache.maven.surefire.junitplatform.JUnitPlatformProvider.invokeAllTests(JUnitPlatformProvider.java:148)
	at org.apache.maven.surefire.junitplatform.JUnitPlatformProvider.invoke(JUnitPlatformProvider.java:122)
	at org.apache.maven.surefire.booter.ForkedBooter.runSuitesInProcess(ForkedBooter.java:385)
	at org.apache.maven.surefire.booter.ForkedBooter.execute(ForkedBooter.java:162)
	at org.apache.maven.surefire.booter.ForkedBooter.run(ForkedBooter.java:507)
	at org.apache.maven.surefire.booter.ForkedBooter.main(ForkedBooter.java:495)
15:17:19.666 [main] WARN com.tngtech.archunit.core.importer.ClassFileProcessor -- Error during import from jrt:/java.base/java/io/InputStream.class, falling back to simple import
java.lang.IllegalArgumentException: Unsupported class file major version 68
	at com.tngtech.archunit.thirdparty.org.objectweb.asm.ClassReader.<init>(ClassReader.java:200)
	at com.tngtech.archunit.thirdparty.org.objectweb.asm.ClassReader.<init>(ClassReader.java:180)
	at com.tngtech.archunit.thirdparty.org.objectweb.asm.ClassReader.<init>(ClassReader.java:166)
	at com.tngtech.archunit.thirdparty.org.objectweb.asm.ClassReader.<init>(ClassReader.java:288)
	at com.tngtech.archunit.core.importer.ClassFileProcessor$UriImporterOfProcessor.tryImport(ClassFileProcessor.java:350)
	at com.tngtech.archunit.core.importer.resolvers.ClassResolverFromClasspath.tryResolve(ClassResolverFromClasspath.java:51)
	at com.tngtech.archunit.core.importer.ImportedClasses.resolve(ImportedClasses.java:80)
	at com.tngtech.archunit.core.importer.ImportedClasses.ensurePresent(ImportedClasses.java:75)
	at com.tngtech.archunit.core.importer.DependencyResolutionProcess.executeRun(DependencyResolutionProcess.java:146)
	at com.tngtech.archunit.core.importer.DependencyResolutionProcess.resolve(DependencyResolutionProcess.java:122)
	at com.tngtech.archunit.core.importer.ClassGraphCreator.complete(ClassGraphCreator.java:107)
	at com.tngtech.archunit.core.importer.ClassFileProcessor.process(ClassFileProcessor.java:75)
	at com.tngtech.archunit.core.importer.ClassFileImporter.importLocations(ClassFileImporter.java:325)
	at com.tngtech.archunit.junit.internal.ClassCache$CacheClassFileImporter.importClasses(ClassCache.java:126)
	at com.tngtech.archunit.junit.internal.ClassCache$LazyJavaClasses.initialize(ClassCache.java:118)
	at com.tngtech.archunit.junit.internal.ClassCache$LazyJavaClasses.get(ClassCache.java:107)
	at com.tngtech.archunit.junit.internal.ClassCache.getClassesToAnalyzeFor(ClassCache.java:84)
	at com.tngtech.archunit.junit.internal.ArchUnitTestDescriptor.lambda$createChildren$1(ArchUnitTestDescriptor.java:90)
	at com.tngtech.archunit.junit.internal.ArchUnitTestDescriptor$ArchUnitRuleDescriptor.execute(ArchUnitTestDescriptor.java:167)
	at com.tngtech.archunit.junit.internal.ArchUnitTestDescriptor$ArchUnitRuleDescriptor.execute(ArchUnitTestDescriptor.java:150)
	at org.junit.platform.engine.support.hierarchical.NodeTestTask.lambda$executeRecursively$6(NodeTestTask.java:156)
	at org.junit.platform.engine.support.hierarchical.ThrowableCollector.execute(ThrowableCollector.java:73)
	at org.junit.platform.engine.support.hierarchical.NodeTestTask.lambda$executeRecursively$8(NodeTestTask.java:146)
	at org.junit.platform.engine.support.hierarchical.Node.around(Node.java:137)
	at org.junit.platform.engine.support.hierarchical.NodeTestTask.lambda$executeRecursively$9(NodeTestTask.java:144)
	at org.junit.platform.engine.support.hierarchical.ThrowableCollector.execute(ThrowableCollector.java:73)
	at org.junit.platform.engine.support.hierarchical.NodeTestTask.executeRecursively(NodeTestTask.java:143)
	at org.junit.platform.engine.support.hierarchical.NodeTestTask.execute(NodeTestTask.java:100)
	at java.base/java.util.ArrayList.forEach(ArrayList.java:1604)
	at org.junit.platform.engine.support.hierarchical.SameThreadHierarchicalTestExecutorService.invokeAll(SameThreadHierarchicalTestExecutorService.java:41)
	at org.junit.platform.engine.support.hierarchical.NodeTestTask.lambda$executeRecursively$6(NodeTestTask.java:160)
	at org.junit.platform.engine.support.hierarchical.ThrowableCollector.execute(ThrowableCollector.java:73)
	at org.junit.platform.engine.support.hierarchical.NodeTestTask.lambda$executeRecursively$8(NodeTestTask.java:146)
	at org.junit.platform.engine.support.hierarchical.Node.around(Node.java:137)
	at org.junit.platform.engine.support.hierarchical.NodeTestTask.lambda$executeRecursively$9(NodeTestTask.java:144)
	at org.junit.platform.engine.support.hierarchical.ThrowableCollector.execute(ThrowableCollector.java:73)
	at org.junit.platform.engine.support.hierarchical.NodeTestTask.executeRecursively(NodeTestTask.java:143)
	at org.junit.platform.engine.support.hierarchical.NodeTestTask.execute(NodeTestTask.java:100)
	at java.base/java.util.ArrayList.forEach(ArrayList.java:1604)
	at org.junit.platform.engine.support.hierarchical.SameThreadHierarchicalTestExecutorService.invokeAll(SameThreadHierarchicalTestExecutorService.java:41)
	at org.junit.platform.engine.support.hierarchical.NodeTestTask.lambda$executeRecursively$6(NodeTestTask.java:160)
	at org.junit.platform.engine.support.hierarchical.ThrowableCollector.execute(ThrowableCollector.java:73)
	at org.junit.platform.engine.support.hierarchical.NodeTestTask.lambda$executeRecursively$8(NodeTestTask.java:146)
	at org.junit.platform.engine.support.hierarchical.Node.around(Node.java:137)
	at org.junit.platform.engine.support.hierarchical.NodeTestTask.lambda$executeRecursively$9(NodeTestTask.java:144)
	at org.junit.platform.engine.support.hierarchical.ThrowableCollector.execute(ThrowableCollector.java:73)
	at org.junit.platform.engine.support.hierarchical.NodeTestTask.executeRecursively(NodeTestTask.java:143)
	at org.junit.platform.engine.support.hierarchical.NodeTestTask.execute(NodeTestTask.java:100)
	at org.junit.platform.engine.support.hierarchical.SameThreadHierarchicalTestExecutorService.submit(SameThreadHierarchicalTestExecutorService.java:35)
	at org.junit.platform.engine.support.hierarchical.HierarchicalTestExecutor.execute(HierarchicalTestExecutor.java:57)
	at org.junit.platform.engine.support.hierarchical.HierarchicalTestEngine.execute(HierarchicalTestEngine.java:54)
	at org.junit.platform.launcher.core.EngineExecutionOrchestrator.execute(EngineExecutionOrchestrator.java:198)
	at org.junit.platform.launcher.core.EngineExecutionOrchestrator.execute(EngineExecutionOrchestrator.java:169)
	at org.junit.platform.launcher.core.EngineExecutionOrchestrator.execute(EngineExecutionOrchestrator.java:93)
	at org.junit.platform.launcher.core.EngineExecutionOrchestrator.lambda$execute$0(EngineExecutionOrchestrator.java:58)
	at org.junit.platform.launcher.core.EngineExecutionOrchestrator.withInterceptedStreams(EngineExecutionOrchestrator.java:141)
	at org.junit.platform.launcher.core.EngineExecutionOrchestrator.execute(EngineExecutionOrchestrator.java:57)
	at org.junit.platform.launcher.core.DefaultLauncher.execute(DefaultLauncher.java:103)
	at org.junit.platform.launcher.core.DefaultLauncher.execute(DefaultLauncher.java:85)
	at org.junit.platform.launcher.core.DelegatingLauncher.execute(DelegatingLauncher.java:47)
	at org.apache.maven.surefire.junitplatform.LazyLauncher.execute(LazyLauncher.java:56)
	at org.apache.maven.surefire.junitplatform.JUnitPlatformProvider.execute(JUnitPlatformProvider.java:184)
	at org.apache.maven.surefire.junitplatform.JUnitPlatformProvider.invokeAllTests(JUnitPlatformProvider.java:148)
	at org.apache.maven.surefire.junitplatform.JUnitPlatformProvider.invoke(JUnitPlatformProvider.java:122)
	at org.apache.maven.surefire.booter.ForkedBooter.runSuitesInProcess(ForkedBooter.java:385)
	at org.apache.maven.surefire.booter.ForkedBooter.execute(ForkedBooter.java:162)
	at org.apache.maven.surefire.booter.ForkedBooter.run(ForkedBooter.java:507)
	at org.apache.maven.surefire.booter.ForkedBooter.main(ForkedBooter.java:495)
15:17:19.670 [main] WARN com.tngtech.archunit.core.importer.ClassFileProcessor -- Error during import from jrt:/java.base/java/util/concurrent/Future.class, falling back to simple import
java.lang.IllegalArgumentException: Unsupported class file major version 68
	at com.tngtech.archunit.thirdparty.org.objectweb.asm.ClassReader.<init>(ClassReader.java:200)
	at com.tngtech.archunit.thirdparty.org.objectweb.asm.ClassReader.<init>(ClassReader.java:180)
	at com.tngtech.archunit.thirdparty.org.objectweb.asm.ClassReader.<init>(ClassReader.java:166)
	at com.tngtech.archunit.thirdparty.org.objectweb.asm.ClassReader.<init>(ClassReader.java:288)
	at com.tngtech.archunit.core.importer.ClassFileProcessor$UriImporterOfProcessor.tryImport(ClassFileProcessor.java:350)
	at com.tngtech.archunit.core.importer.resolvers.ClassResolverFromClasspath.tryResolve(ClassResolverFromClasspath.java:51)
	at com.tngtech.archunit.core.importer.ImportedClasses.resolve(ImportedClasses.java:80)
	at com.tngtech.archunit.core.importer.ImportedClasses.ensurePresent(ImportedClasses.java:75)
	at com.tngtech.archunit.core.importer.DependencyResolutionProcess.executeRun(DependencyResolutionProcess.java:146)
	at com.tngtech.archunit.core.importer.DependencyResolutionProcess.resolve(DependencyResolutionProcess.java:122)
	at com.tngtech.archunit.core.importer.ClassGraphCreator.complete(ClassGraphCreator.java:107)
	at com.tngtech.archunit.core.importer.ClassFileProcessor.process(ClassFileProcessor.java:75)
	at com.tngtech.archunit.core.importer.ClassFileImporter.importLocations(ClassFileImporter.java:325)
	at com.tngtech.archunit.junit.internal.ClassCache$CacheClassFileImporter.importClasses(ClassCache.java:126)
	at com.tngtech.archunit.junit.internal.ClassCache$LazyJavaClasses.initialize(ClassCache.java:118)
	at com.tngtech.archunit.junit.internal.ClassCache$LazyJavaClasses.get(ClassCache.java:107)
	at com.tngtech.archunit.junit.internal.ClassCache.getClassesToAnalyzeFor(ClassCache.java:84)
	at com.tngtech.archunit.junit.internal.ArchUnitTestDescriptor.lambda$createChildren$1(ArchUnitTestDescriptor.java:90)
	at com.tngtech.archunit.junit.internal.ArchUnitTestDescriptor$ArchUnitRuleDescriptor.execute(ArchUnitTestDescriptor.java:167)
	at com.tngtech.archunit.junit.internal.ArchUnitTestDescriptor$ArchUnitRuleDescriptor.execute(ArchUnitTestDescriptor.java:150)
	at org.junit.platform.engine.support.hierarchical.NodeTestTask.lambda$executeRecursively$6(NodeTestTask.java:156)
	at org.junit.platform.engine.support.hierarchical.ThrowableCollector.execute(ThrowableCollector.java:73)
	at org.junit.platform.engine.support.hierarchical.NodeTestTask.lambda$executeRecursively$8(NodeTestTask.java:146)
	at org.junit.platform.engine.support.hierarchical.Node.around(Node.java:137)
	at org.junit.platform.engine.support.hierarchical.NodeTestTask.lambda$executeRecursively$9(NodeTestTask.java:144)
	at org.junit.platform.engine.support.hierarchical.ThrowableCollector.execute(ThrowableCollector.java:73)
	at org.junit.platform.engine.support.hierarchical.NodeTestTask.executeRecursively(NodeTestTask.java:143)
	at org.junit.platform.engine.support.hierarchical.NodeTestTask.execute(NodeTestTask.java:100)
	at java.base/java.util.ArrayList.forEach(ArrayList.java:1604)
	at org.junit.platform.engine.support.hierarchical.SameThreadHierarchicalTestExecutorService.invokeAll(SameThreadHierarchicalTestExecutorService.java:41)
	at org.junit.platform.engine.support.hierarchical.NodeTestTask.lambda$executeRecursively$6(NodeTestTask.java:160)
	at org.junit.platform.engine.support.hierarchical.ThrowableCollector.execute(ThrowableCollector.java:73)
	at org.junit.platform.engine.support.hierarchical.NodeTestTask.lambda$executeRecursively$8(NodeTestTask.java:146)
	at org.junit.platform.engine.support.hierarchical.Node.around(Node.java:137)
	at org.junit.platform.engine.support.hierarchical.NodeTestTask.lambda$executeRecursively$9(NodeTestTask.java:144)
	at org.junit.platform.engine.support.hierarchical.ThrowableCollector.execute(ThrowableCollector.java:73)
	at org.junit.platform.engine.support.hierarchical.NodeTestTask.executeRecursively(NodeTestTask.java:143)
	at org.junit.platform.engine.support.hierarchical.NodeTestTask.execute(NodeTestTask.java:100)
	at java.base/java.util.ArrayList.forEach(ArrayList.java:1604)
	at org.junit.platform.engine.support.hierarchical.SameThreadHierarchicalTestExecutorService.invokeAll(SameThreadHierarchicalTestExecutorService.java:41)
	at org.junit.platform.engine.support.hierarchical.NodeTestTask.lambda$executeRecursively$6(NodeTestTask.java:160)
	at org.junit.platform.engine.support.hierarchical.ThrowableCollector.execute(ThrowableCollector.java:73)
	at org.junit.platform.engine.support.hierarchical.NodeTestTask.lambda$executeRecursively$8(NodeTestTask.java:146)
	at org.junit.platform.engine.support.hierarchical.Node.around(Node.java:137)
	at org.junit.platform.engine.support.hierarchical.NodeTestTask.lambda$executeRecursively$9(NodeTestTask.java:144)
	at org.junit.platform.engine.support.hierarchical.ThrowableCollector.execute(ThrowableCollector.java:73)
	at org.junit.platform.engine.support.hierarchical.NodeTestTask.executeRecursively(NodeTestTask.java:143)
	at org.junit.platform.engine.support.hierarchical.NodeTestTask.execute(NodeTestTask.java:100)
	at org.junit.platform.engine.support.hierarchical.SameThreadHierarchicalTestExecutorService.submit(SameThreadHierarchicalTestExecutorService.java:35)
	at org.junit.platform.engine.support.hierarchical.HierarchicalTestExecutor.execute(HierarchicalTestExecutor.java:57)
	at org.junit.platform.engine.support.hierarchical.HierarchicalTestEngine.execute(HierarchicalTestEngine.java:54)
	at org.junit.platform.launcher.core.EngineExecutionOrchestrator.execute(EngineExecutionOrchestrator.java:198)
	at org.junit.platform.launcher.core.EngineExecutionOrchestrator.execute(EngineExecutionOrchestrator.java:169)
	at org.junit.platform.launcher.core.EngineExecutionOrchestrator.execute(EngineExecutionOrchestrator.java:93)
	at org.junit.platform.launcher.core.EngineExecutionOrchestrator.lambda$execute$0(EngineExecutionOrchestrator.java:58)
	at org.junit.platform.launcher.core.EngineExecutionOrchestrator.withInterceptedStreams(EngineExecutionOrchestrator.java:141)
	at org.junit.platform.launcher.core.EngineExecutionOrchestrator.execute(EngineExecutionOrchestrator.java:57)
	at org.junit.platform.launcher.core.DefaultLauncher.execute(DefaultLauncher.java:103)
	at org.junit.platform.launcher.core.DefaultLauncher.execute(DefaultLauncher.java:85)
	at org.junit.platform.launcher.core.DelegatingLauncher.execute(DelegatingLauncher.java:47)
	at org.apache.maven.surefire.junitplatform.LazyLauncher.execute(LazyLauncher.java:56)
	at org.apache.maven.surefire.junitplatform.JUnitPlatformProvider.execute(JUnitPlatformProvider.java:184)
	at org.apache.maven.surefire.junitplatform.JUnitPlatformProvider.invokeAllTests(JUnitPlatformProvider.java:148)
	at org.apache.maven.surefire.junitplatform.JUnitPlatformProvider.invoke(JUnitPlatformProvider.java:122)
	at org.apache.maven.surefire.booter.ForkedBooter.runSuitesInProcess(ForkedBooter.java:385)
	at org.apache.maven.surefire.booter.ForkedBooter.execute(ForkedBooter.java:162)
	at org.apache.maven.surefire.booter.ForkedBooter.run(ForkedBooter.java:507)
	at org.apache.maven.surefire.booter.ForkedBooter.main(ForkedBooter.java:495)
15:17:19.672 [main] WARN com.tngtech.archunit.core.importer.ClassFileProcessor -- Error during import from jrt:/java.base/java/util/concurrent/atomic/AtomicIntegerArray.class, falling back to simple import
java.lang.IllegalArgumentException: Unsupported class file major version 68
	at com.tngtech.archunit.thirdparty.org.objectweb.asm.ClassReader.<init>(ClassReader.java:200)
	at com.tngtech.archunit.thirdparty.org.objectweb.asm.ClassReader.<init>(ClassReader.java:180)
	at com.tngtech.archunit.thirdparty.org.objectweb.asm.ClassReader.<init>(ClassReader.java:166)
	at com.tngtech.archunit.thirdparty.org.objectweb.asm.ClassReader.<init>(ClassReader.java:288)
	at com.tngtech.archunit.core.importer.ClassFileProcessor$UriImporterOfProcessor.tryImport(ClassFileProcessor.java:350)
	at com.tngtech.archunit.core.importer.resolvers.ClassResolverFromClasspath.tryResolve(ClassResolverFromClasspath.java:51)
	at com.tngtech.archunit.core.importer.ImportedClasses.resolve(ImportedClasses.java:80)
	at com.tngtech.archunit.core.importer.ImportedClasses.ensurePresent(ImportedClasses.java:75)
	at com.tngtech.archunit.core.importer.DependencyResolutionProcess.executeRun(DependencyResolutionProcess.java:146)
	at com.tngtech.archunit.core.importer.DependencyResolutionProcess.resolve(DependencyResolutionProcess.java:122)
	at com.tngtech.archunit.core.importer.ClassGraphCreator.complete(ClassGraphCreator.java:107)
	at com.tngtech.archunit.core.importer.ClassFileProcessor.process(ClassFileProcessor.java:75)
	at com.tngtech.archunit.core.importer.ClassFileImporter.importLocations(ClassFileImporter.java:325)
	at com.tngtech.archunit.junit.internal.ClassCache$CacheClassFileImporter.importClasses(ClassCache.java:126)
	at com.tngtech.archunit.junit.internal.ClassCache$LazyJavaClasses.initialize(ClassCache.java:118)
	at com.tngtech.archunit.junit.internal.ClassCache$LazyJavaClasses.get(ClassCache.java:107)
	at com.tngtech.archunit.junit.internal.ClassCache.getClassesToAnalyzeFor(ClassCache.java:84)
	at com.tngtech.archunit.junit.internal.ArchUnitTestDescriptor.lambda$createChildren$1(ArchUnitTestDescriptor.java:90)
	at com.tngtech.archunit.junit.internal.ArchUnitTestDescriptor$ArchUnitRuleDescriptor.execute(ArchUnitTestDescriptor.java:167)
	at com.tngtech.archunit.junit.internal.ArchUnitTestDescriptor$ArchUnitRuleDescriptor.execute(ArchUnitTestDescriptor.java:150)
	at org.junit.platform.engine.support.hierarchical.NodeTestTask.lambda$executeRecursively$6(NodeTestTask.java:156)
	at org.junit.platform.engine.support.hierarchical.ThrowableCollector.execute(ThrowableCollector.java:73)
	at org.junit.platform.engine.support.hierarchical.NodeTestTask.lambda$executeRecursively$8(NodeTestTask.java:146)
	at org.junit.platform.engine.support.hierarchical.Node.around(Node.java:137)
	at org.junit.platform.engine.support.hierarchical.NodeTestTask.lambda$executeRecursively$9(NodeTestTask.java:144)
	at org.junit.platform.engine.support.hierarchical.ThrowableCollector.execute(ThrowableCollector.java:73)
	at org.junit.platform.engine.support.hierarchical.NodeTestTask.executeRecursively(NodeTestTask.java:143)
	at org.junit.platform.engine.support.hierarchical.NodeTestTask.execute(NodeTestTask.java:100)
	at java.base/java.util.ArrayList.forEach(ArrayList.java:1604)
	at org.junit.platform.engine.support.hierarchical.SameThreadHierarchicalTestExecutorService.invokeAll(SameThreadHierarchicalTestExecutorService.java:41)
	at org.junit.platform.engine.support.hierarchical.NodeTestTask.lambda$executeRecursively$6(NodeTestTask.java:160)
	at org.junit.platform.engine.support.hierarchical.ThrowableCollector.execute(ThrowableCollector.java:73)
	at org.junit.platform.engine.support.hierarchical.NodeTestTask.lambda$executeRecursively$8(NodeTestTask.java:146)
	at org.junit.platform.engine.support.hierarchical.Node.around(Node.java:137)
	at org.junit.platform.engine.support.hierarchical.NodeTestTask.lambda$executeRecursively$9(NodeTestTask.java:144)
	at org.junit.platform.engine.support.hierarchical.ThrowableCollector.execute(ThrowableCollector.java:73)
	at org.junit.platform.engine.support.hierarchical.NodeTestTask.executeRecursively(NodeTestTask.java:143)
	at org.junit.platform.engine.support.hierarchical.NodeTestTask.execute(NodeTestTask.java:100)
	at java.base/java.util.ArrayList.forEach(ArrayList.java:1604)
	at org.junit.platform.engine.support.hierarchical.SameThreadHierarchicalTestExecutorService.invokeAll(SameThreadHierarchicalTestExecutorService.java:41)
	at org.junit.platform.engine.support.hierarchical.NodeTestTask.lambda$executeRecursively$6(NodeTestTask.java:160)
	at org.junit.platform.engine.support.hierarchical.ThrowableCollector.execute(ThrowableCollector.java:73)
	at org.junit.platform.engine.support.hierarchical.NodeTestTask.lambda$executeRecursively$8(NodeTestTask.java:146)
	at org.junit.platform.engine.support.hierarchical.Node.around(Node.java:137)
	at org.junit.platform.engine.support.hierarchical.NodeTestTask.lambda$executeRecursively$9(NodeTestTask.java:144)
	at org.junit.platform.engine.support.hierarchical.ThrowableCollector.execute(ThrowableCollector.java:73)
	at org.junit.platform.engine.support.hierarchical.NodeTestTask.executeRecursively(NodeTestTask.java:143)
	at org.junit.platform.engine.support.hierarchical.NodeTestTask.execute(NodeTestTask.java:100)
	at org.junit.platform.engine.support.hierarchical.SameThreadHierarchicalTestExecutorService.submit(SameThreadHierarchicalTestExecutorService.java:35)
	at org.junit.platform.engine.support.hierarchical.HierarchicalTestExecutor.execute(HierarchicalTestExecutor.java:57)
	at org.junit.platform.engine.support.hierarchical.HierarchicalTestEngine.execute(HierarchicalTestEngine.java:54)
	at org.junit.platform.launcher.core.EngineExecutionOrchestrator.execute(EngineExecutionOrchestrator.java:198)
	at org.junit.platform.launcher.core.EngineExecutionOrchestrator.execute(EngineExecutionOrchestrator.java:169)
	at org.junit.platform.launcher.core.EngineExecutionOrchestrator.execute(EngineExecutionOrchestrator.java:93)
	at org.junit.platform.launcher.core.EngineExecutionOrchestrator.lambda$execute$0(EngineExecutionOrchestrator.java:58)
	at org.junit.platform.launcher.core.EngineExecutionOrchestrator.withInterceptedStreams(EngineExecutionOrchestrator.java:141)
	at org.junit.platform.launcher.core.EngineExecutionOrchestrator.execute(EngineExecutionOrchestrator.java:57)
	at org.junit.platform.launcher.core.DefaultLauncher.execute(DefaultLauncher.java:103)
	at org.junit.platform.launcher.core.DefaultLauncher.execute(DefaultLauncher.java:85)
	at org.junit.platform.launcher.core.DelegatingLauncher.execute(DelegatingLauncher.java:47)
	at org.apache.maven.surefire.junitplatform.LazyLauncher.execute(LazyLauncher.java:56)
	at org.apache.maven.surefire.junitplatform.JUnitPlatformProvider.execute(JUnitPlatformProvider.java:184)
	at org.apache.maven.surefire.junitplatform.JUnitPlatformProvider.invokeAllTests(JUnitPlatformProvider.java:148)
	at org.apache.maven.surefire.junitplatform.JUnitPlatformProvider.invoke(JUnitPlatformProvider.java:122)
	at org.apache.maven.surefire.booter.ForkedBooter.runSuitesInProcess(ForkedBooter.java:385)
	at org.apache.maven.surefire.booter.ForkedBooter.execute(ForkedBooter.java:162)
	at org.apache.maven.surefire.booter.ForkedBooter.run(ForkedBooter.java:507)
	at org.apache.maven.surefire.booter.ForkedBooter.main(ForkedBooter.java:495)
15:17:19.673 [main] WARN com.tngtech.archunit.core.importer.ClassFileProcessor -- Error during import from jrt:/java.base/java/nio/file/Path.class, falling back to simple import
java.lang.IllegalArgumentException: Unsupported class file major version 68
	at com.tngtech.archunit.thirdparty.org.objectweb.asm.ClassReader.<init>(ClassReader.java:200)
	at com.tngtech.archunit.thirdparty.org.objectweb.asm.ClassReader.<init>(ClassReader.java:180)
	at com.tngtech.archunit.thirdparty.org.objectweb.asm.ClassReader.<init>(ClassReader.java:166)
	at com.tngtech.archunit.thirdparty.org.objectweb.asm.ClassReader.<init>(ClassReader.java:288)
	at com.tngtech.archunit.core.importer.ClassFileProcessor$UriImporterOfProcessor.tryImport(ClassFileProcessor.java:350)
	at com.tngtech.archunit.core.importer.resolvers.ClassResolverFromClasspath.tryResolve(ClassResolverFromClasspath.java:51)
	at com.tngtech.archunit.core.importer.ImportedClasses.resolve(ImportedClasses.java:80)
	at com.tngtech.archunit.core.importer.ImportedClasses.ensurePresent(ImportedClasses.java:75)
	at com.tngtech.archunit.core.importer.DependencyResolutionProcess.executeRun(DependencyResolutionProcess.java:146)
	at com.tngtech.archunit.core.importer.DependencyResolutionProcess.resolve(DependencyResolutionProcess.java:122)
	at com.tngtech.archunit.core.importer.ClassGraphCreator.complete(ClassGraphCreator.java:107)
	at com.tngtech.archunit.core.importer.ClassFileProcessor.process(ClassFileProcessor.java:75)
	at com.tngtech.archunit.core.importer.ClassFileImporter.importLocations(ClassFileImporter.java:325)
	at com.tngtech.archunit.junit.internal.ClassCache$CacheClassFileImporter.importClasses(ClassCache.java:126)
	at com.tngtech.archunit.junit.internal.ClassCache$LazyJavaClasses.initialize(ClassCache.java:118)
	at com.tngtech.archunit.junit.internal.ClassCache$LazyJavaClasses.get(ClassCache.java:107)
	at com.tngtech.archunit.junit.internal.ClassCache.getClassesToAnalyzeFor(ClassCache.java:84)
	at com.tngtech.archunit.junit.internal.ArchUnitTestDescriptor.lambda$createChildren$1(ArchUnitTestDescriptor.java:90)
	at com.tngtech.archunit.junit.internal.ArchUnitTestDescriptor$ArchUnitRuleDescriptor.execute(ArchUnitTestDescriptor.java:167)
	at com.tngtech.archunit.junit.internal.ArchUnitTestDescriptor$ArchUnitRuleDescriptor.execute(ArchUnitTestDescriptor.java:150)
	at org.junit.platform.engine.support.hierarchical.NodeTestTask.lambda$executeRecursively$6(NodeTestTask.java:156)
	at org.junit.platform.engine.support.hierarchical.ThrowableCollector.execute(ThrowableCollector.java:73)
	at org.junit.platform.engine.support.hierarchical.NodeTestTask.lambda$executeRecursively$8(NodeTestTask.java:146)
	at org.junit.platform.engine.support.hierarchical.Node.around(Node.java:137)
	at org.junit.platform.engine.support.hierarchical.NodeTestTask.lambda$executeRecursively$9(NodeTestTask.java:144)
	at org.junit.platform.engine.support.hierarchical.ThrowableCollector.execute(ThrowableCollector.java:73)
	at org.junit.platform.engine.support.hierarchical.NodeTestTask.executeRecursively(NodeTestTask.java:143)
	at org.junit.platform.engine.support.hierarchical.NodeTestTask.execute(NodeTestTask.java:100)
	at java.base/java.util.ArrayList.forEach(ArrayList.java:1604)
	at org.junit.platform.engine.support.hierarchical.SameThreadHierarchicalTestExecutorService.invokeAll(SameThreadHierarchicalTestExecutorService.java:41)
	at org.junit.platform.engine.support.hierarchical.NodeTestTask.lambda$executeRecursively$6(NodeTestTask.java:160)
	at org.junit.platform.engine.support.hierarchical.ThrowableCollector.execute(ThrowableCollector.java:73)
	at org.junit.platform.engine.support.hierarchical.NodeTestTask.lambda$executeRecursively$8(NodeTestTask.java:146)
	at org.junit.platform.engine.support.hierarchical.Node.around(Node.java:137)
	at org.junit.platform.engine.support.hierarchical.NodeTestTask.lambda$executeRecursively$9(NodeTestTask.java:144)
	at org.junit.platform.engine.support.hierarchical.ThrowableCollector.execute(ThrowableCollector.java:73)
	at org.junit.platform.engine.support.hierarchical.NodeTestTask.executeRecursively(NodeTestTask.java:143)
	at org.junit.platform.engine.support.hierarchical.NodeTestTask.execute(NodeTestTask.java:100)
	at java.base/java.util.ArrayList.forEach(ArrayList.java:1604)
	at org.junit.platform.engine.support.hierarchical.SameThreadHierarchicalTestExecutorService.invokeAll(SameThreadHierarchicalTestExecutorService.java:41)
	at org.junit.platform.engine.support.hierarchical.NodeTestTask.lambda$executeRecursively$6(NodeTestTask.java:160)
	at org.junit.platform.engine.support.hierarchical.ThrowableCollector.execute(ThrowableCollector.java:73)
	at org.junit.platform.engine.support.hierarchical.NodeTestTask.lambda$executeRecursively$8(NodeTestTask.java:146)
	at org.junit.platform.engine.support.hierarchical.Node.around(Node.java:137)
	at org.junit.platform.engine.support.hierarchical.NodeTestTask.lambda$executeRecursively$9(NodeTestTask.java:144)
	at org.junit.platform.engine.support.hierarchical.ThrowableCollector.execute(ThrowableCollector.java:73)
	at org.junit.platform.engine.support.hierarchical.NodeTestTask.executeRecursively(NodeTestTask.java:143)
	at org.junit.platform.engine.support.hierarchical.NodeTestTask.execute(NodeTestTask.java:100)
	at org.junit.platform.engine.support.hierarchical.SameThreadHierarchicalTestExecutorService.submit(SameThreadHierarchicalTestExecutorService.java:35)
	at org.junit.platform.engine.support.hierarchical.HierarchicalTestExecutor.execute(HierarchicalTestExecutor.java:57)
	at org.junit.platform.engine.support.hierarchical.HierarchicalTestEngine.execute(HierarchicalTestEngine.java:54)
	at org.junit.platform.launcher.core.EngineExecutionOrchestrator.execute(EngineExecutionOrchestrator.java:198)
	at org.junit.platform.launcher.core.EngineExecutionOrchestrator.execute(EngineExecutionOrchestrator.java:169)
	at org.junit.platform.launcher.core.EngineExecutionOrchestrator.execute(EngineExecutionOrchestrator.java:93)
	at org.junit.platform.launcher.core.EngineExecutionOrchestrator.lambda$execute$0(EngineExecutionOrchestrator.java:58)
	at org.junit.platform.launcher.core.EngineExecutionOrchestrator.withInterceptedStreams(EngineExecutionOrchestrator.java:141)
	at org.junit.platform.launcher.core.EngineExecutionOrchestrator.execute(EngineExecutionOrchestrator.java:57)
	at org.junit.platform.launcher.core.DefaultLauncher.execute(DefaultLauncher.java:103)
	at org.junit.platform.launcher.core.DefaultLauncher.execute(DefaultLauncher.java:85)
	at org.junit.platform.launcher.core.DelegatingLauncher.execute(DelegatingLauncher.java:47)
	at org.apache.maven.surefire.junitplatform.LazyLauncher.execute(LazyLauncher.java:56)
	at org.apache.maven.surefire.junitplatform.JUnitPlatformProvider.execute(JUnitPlatformProvider.java:184)
	at org.apache.maven.surefire.junitplatform.JUnitPlatformProvider.invokeAllTests(JUnitPlatformProvider.java:148)
	at org.apache.maven.surefire.junitplatform.JUnitPlatformProvider.invoke(JUnitPlatformProvider.java:122)
	at org.apache.maven.surefire.booter.ForkedBooter.runSuitesInProcess(ForkedBooter.java:385)
	at org.apache.maven.surefire.booter.ForkedBooter.execute(ForkedBooter.java:162)
	at org.apache.maven.surefire.booter.ForkedBooter.run(ForkedBooter.java:507)
	at org.apache.maven.surefire.booter.ForkedBooter.main(ForkedBooter.java:495)
15:17:19.675 [main] WARN com.tngtech.archunit.core.importer.ClassFileProcessor -- Error during import from jrt:/java.base/java/util/concurrent/CompletionStage.class, falling back to simple import
java.lang.IllegalArgumentException: Unsupported class file major version 68
	at com.tngtech.archunit.thirdparty.org.objectweb.asm.ClassReader.<init>(ClassReader.java:200)
	at com.tngtech.archunit.thirdparty.org.objectweb.asm.ClassReader.<init>(ClassReader.java:180)
	at com.tngtech.archunit.thirdparty.org.objectweb.asm.ClassReader.<init>(ClassReader.java:166)
	at com.tngtech.archunit.thirdparty.org.objectweb.asm.ClassReader.<init>(ClassReader.java:288)
	at com.tngtech.archunit.core.importer.ClassFileProcessor$UriImporterOfProcessor.tryImport(ClassFileProcessor.java:350)
	at com.tngtech.archunit.core.importer.resolvers.ClassResolverFromClasspath.tryResolve(ClassResolverFromClasspath.java:51)
	at com.tngtech.archunit.core.importer.ImportedClasses.resolve(ImportedClasses.java:80)
	at com.tngtech.archunit.core.importer.ImportedClasses.ensurePresent(ImportedClasses.java:75)
	at com.tngtech.archunit.core.importer.DependencyResolutionProcess.executeRun(DependencyResolutionProcess.java:146)
	at com.tngtech.archunit.core.importer.DependencyResolutionProcess.resolve(DependencyResolutionProcess.java:122)
	at com.tngtech.archunit.core.importer.ClassGraphCreator.complete(ClassGraphCreator.java:107)
	at com.tngtech.archunit.core.importer.ClassFileProcessor.process(ClassFileProcessor.java:75)
	at com.tngtech.archunit.core.importer.ClassFileImporter.importLocations(ClassFileImporter.java:325)
	at com.tngtech.archunit.junit.internal.ClassCache$CacheClassFileImporter.importClasses(ClassCache.java:126)
	at com.tngtech.archunit.junit.internal.ClassCache$LazyJavaClasses.initialize(ClassCache.java:118)
	at com.tngtech.archunit.junit.internal.ClassCache$LazyJavaClasses.get(ClassCache.java:107)
	at com.tngtech.archunit.junit.internal.ClassCache.getClassesToAnalyzeFor(ClassCache.java:84)
	at com.tngtech.archunit.junit.internal.ArchUnitTestDescriptor.lambda$createChildren$1(ArchUnitTestDescriptor.java:90)
	at com.tngtech.archunit.junit.internal.ArchUnitTestDescriptor$ArchUnitRuleDescriptor.execute(ArchUnitTestDescriptor.java:167)
	at com.tngtech.archunit.junit.internal.ArchUnitTestDescriptor$ArchUnitRuleDescriptor.execute(ArchUnitTestDescriptor.java:150)
	at org.junit.platform.engine.support.hierarchical.NodeTestTask.lambda$executeRecursively$6(NodeTestTask.java:156)
	at org.junit.platform.engine.support.hierarchical.ThrowableCollector.execute(ThrowableCollector.java:73)
	at org.junit.platform.engine.support.hierarchical.NodeTestTask.lambda$executeRecursively$8(NodeTestTask.java:146)
	at org.junit.platform.engine.support.hierarchical.Node.around(Node.java:137)
	at org.junit.platform.engine.support.hierarchical.NodeTestTask.lambda$executeRecursively$9(NodeTestTask.java:144)
	at org.junit.platform.engine.support.hierarchical.ThrowableCollector.execute(ThrowableCollector.java:73)
	at org.junit.platform.engine.support.hierarchical.NodeTestTask.executeRecursively(NodeTestTask.java:143)
	at org.junit.platform.engine.support.hierarchical.NodeTestTask.execute(NodeTestTask.java:100)
	at java.base/java.util.ArrayList.forEach(ArrayList.java:1604)
	at org.junit.platform.engine.support.hierarchical.SameThreadHierarchicalTestExecutorService.invokeAll(SameThreadHierarchicalTestExecutorService.java:41)
	at org.junit.platform.engine.support.hierarchical.NodeTestTask.lambda$executeRecursively$6(NodeTestTask.java:160)
	at org.junit.platform.engine.support.hierarchical.ThrowableCollector.execute(ThrowableCollector.java:73)
	at org.junit.platform.engine.support.hierarchical.NodeTestTask.lambda$executeRecursively$8(NodeTestTask.java:146)
	at org.junit.platform.engine.support.hierarchical.Node.around(Node.java:137)
	at org.junit.platform.engine.support.hierarchical.NodeTestTask.lambda$executeRecursively$9(NodeTestTask.java:144)
	at org.junit.platform.engine.support.hierarchical.ThrowableCollector.execute(ThrowableCollector.java:73)
	at org.junit.platform.engine.support.hierarchical.NodeTestTask.executeRecursively(NodeTestTask.java:143)
	at org.junit.platform.engine.support.hierarchical.NodeTestTask.execute(NodeTestTask.java:100)
	at java.base/java.util.ArrayList.forEach(ArrayList.java:1604)
	at org.junit.platform.engine.support.hierarchical.SameThreadHierarchicalTestExecutorService.invokeAll(SameThreadHierarchicalTestExecutorService.java:41)
	at org.junit.platform.engine.support.hierarchical.NodeTestTask.lambda$executeRecursively$6(NodeTestTask.java:160)
	at org.junit.platform.engine.support.hierarchical.ThrowableCollector.execute(ThrowableCollector.java:73)
	at org.junit.platform.engine.support.hierarchical.NodeTestTask.lambda$executeRecursively$8(NodeTestTask.java:146)
	at org.junit.platform.engine.support.hierarchical.Node.around(Node.java:137)
	at org.junit.platform.engine.support.hierarchical.NodeTestTask.lambda$executeRecursively$9(NodeTestTask.java:144)
	at org.junit.platform.engine.support.hierarchical.ThrowableCollector.execute(ThrowableCollector.java:73)
	at org.junit.platform.engine.support.hierarchical.NodeTestTask.executeRecursively(NodeTestTask.java:143)
	at org.junit.platform.engine.support.hierarchical.NodeTestTask.execute(NodeTestTask.java:100)
	at org.junit.platform.engine.support.hierarchical.SameThreadHierarchicalTestExecutorService.submit(SameThreadHierarchicalTestExecutorService.java:35)
	at org.junit.platform.engine.support.hierarchical.HierarchicalTestExecutor.execute(HierarchicalTestExecutor.java:57)
	at org.junit.platform.engine.support.hierarchical.HierarchicalTestEngine.execute(HierarchicalTestEngine.java:54)
	at org.junit.platform.launcher.core.EngineExecutionOrchestrator.execute(EngineExecutionOrchestrator.java:198)
	at org.junit.platform.launcher.core.EngineExecutionOrchestrator.execute(EngineExecutionOrchestrator.java:169)
	at org.junit.platform.launcher.core.EngineExecutionOrchestrator.execute(EngineExecutionOrchestrator.java:93)
	at org.junit.platform.launcher.core.EngineExecutionOrchestrator.lambda$execute$0(EngineExecutionOrchestrator.java:58)
	at org.junit.platform.launcher.core.EngineExecutionOrchestrator.withInterceptedStreams(EngineExecutionOrchestrator.java:141)
	at org.junit.platform.launcher.core.EngineExecutionOrchestrator.execute(EngineExecutionOrchestrator.java:57)
	at org.junit.platform.launcher.core.DefaultLauncher.execute(DefaultLauncher.java:103)
	at org.junit.platform.launcher.core.DefaultLauncher.execute(DefaultLauncher.java:85)
	at org.junit.platform.launcher.core.DelegatingLauncher.execute(DelegatingLauncher.java:47)
	at org.apache.maven.surefire.junitplatform.LazyLauncher.execute(LazyLauncher.java:56)
	at org.apache.maven.surefire.junitplatform.JUnitPlatformProvider.execute(JUnitPlatformProvider.java:184)
	at org.apache.maven.surefire.junitplatform.JUnitPlatformProvider.invokeAllTests(JUnitPlatformProvider.java:148)
	at org.apache.maven.surefire.junitplatform.JUnitPlatformProvider.invoke(JUnitPlatformProvider.java:122)
	at org.apache.maven.surefire.booter.ForkedBooter.runSuitesInProcess(ForkedBooter.java:385)
	at org.apache.maven.surefire.booter.ForkedBooter.execute(ForkedBooter.java:162)
	at org.apache.maven.surefire.booter.ForkedBooter.run(ForkedBooter.java:507)
	at org.apache.maven.surefire.booter.ForkedBooter.main(ForkedBooter.java:495)
15:17:19.676 [main] WARN com.tngtech.archunit.core.importer.ClassFileProcessor -- Error during import from jrt:/java.base/java/time/LocalDateTime.class, falling back to simple import
java.lang.IllegalArgumentException: Unsupported class file major version 68
	at com.tngtech.archunit.thirdparty.org.objectweb.asm.ClassReader.<init>(ClassReader.java:200)
	at com.tngtech.archunit.thirdparty.org.objectweb.asm.ClassReader.<init>(ClassReader.java:180)
	at com.tngtech.archunit.thirdparty.org.objectweb.asm.ClassReader.<init>(ClassReader.java:166)
	at com.tngtech.archunit.thirdparty.org.objectweb.asm.ClassReader.<init>(ClassReader.java:288)
	at com.tngtech.archunit.core.importer.ClassFileProcessor$UriImporterOfProcessor.tryImport(ClassFileProcessor.java:350)
	at com.tngtech.archunit.core.importer.resolvers.ClassResolverFromClasspath.tryResolve(ClassResolverFromClasspath.java:51)
	at com.tngtech.archunit.core.importer.ImportedClasses.resolve(ImportedClasses.java:80)
	at com.tngtech.archunit.core.importer.ImportedClasses.ensurePresent(ImportedClasses.java:75)
	at com.tngtech.archunit.core.importer.DependencyResolutionProcess.executeRun(DependencyResolutionProcess.java:146)
	at com.tngtech.archunit.core.importer.DependencyResolutionProcess.resolve(DependencyResolutionProcess.java:122)
	at com.tngtech.archunit.core.importer.ClassGraphCreator.complete(ClassGraphCreator.java:107)
	at com.tngtech.archunit.core.importer.ClassFileProcessor.process(ClassFileProcessor.java:75)
	at com.tngtech.archunit.core.importer.ClassFileImporter.importLocations(ClassFileImporter.java:325)
	at com.tngtech.archunit.junit.internal.ClassCache$CacheClassFileImporter.importClasses(ClassCache.java:126)
	at com.tngtech.archunit.junit.internal.ClassCache$LazyJavaClasses.initialize(ClassCache.java:118)
	at com.tngtech.archunit.junit.internal.ClassCache$LazyJavaClasses.get(ClassCache.java:107)
	at com.tngtech.archunit.junit.internal.ClassCache.getClassesToAnalyzeFor(ClassCache.java:84)
	at com.tngtech.archunit.junit.internal.ArchUnitTestDescriptor.lambda$createChildren$1(ArchUnitTestDescriptor.java:90)
	at com.tngtech.archunit.junit.internal.ArchUnitTestDescriptor$ArchUnitRuleDescriptor.execute(ArchUnitTestDescriptor.java:167)
	at com.tngtech.archunit.junit.internal.ArchUnitTestDescriptor$ArchUnitRuleDescriptor.execute(ArchUnitTestDescriptor.java:150)
	at org.junit.platform.engine.support.hierarchical.NodeTestTask.lambda$executeRecursively$6(NodeTestTask.java:156)
	at org.junit.platform.engine.support.hierarchical.ThrowableCollector.execute(ThrowableCollector.java:73)
	at org.junit.platform.engine.support.hierarchical.NodeTestTask.lambda$executeRecursively$8(NodeTestTask.java:146)
	at org.junit.platform.engine.support.hierarchical.Node.around(Node.java:137)
	at org.junit.platform.engine.support.hierarchical.NodeTestTask.lambda$executeRecursively$9(NodeTestTask.java:144)
	at org.junit.platform.engine.support.hierarchical.ThrowableCollector.execute(ThrowableCollector.java:73)
	at org.junit.platform.engine.support.hierarchical.NodeTestTask.executeRecursively(NodeTestTask.java:143)
	at org.junit.platform.engine.support.hierarchical.NodeTestTask.execute(NodeTestTask.java:100)
	at java.base/java.util.ArrayList.forEach(ArrayList.java:1604)
	at org.junit.platform.engine.support.hierarchical.SameThreadHierarchicalTestExecutorService.invokeAll(SameThreadHierarchicalTestExecutorService.java:41)
	at org.junit.platform.engine.support.hierarchical.NodeTestTask.lambda$executeRecursively$6(NodeTestTask.java:160)
	at org.junit.platform.engine.support.hierarchical.ThrowableCollector.execute(ThrowableCollector.java:73)
	at org.junit.platform.engine.support.hierarchical.NodeTestTask.lambda$executeRecursively$8(NodeTestTask.java:146)
	at org.junit.platform.engine.support.hierarchical.Node.around(Node.java:137)
	at org.junit.platform.engine.support.hierarchical.NodeTestTask.lambda$executeRecursively$9(NodeTestTask.java:144)
	at org.junit.platform.engine.support.hierarchical.ThrowableCollector.execute(ThrowableCollector.java:73)
	at org.junit.platform.engine.support.hierarchical.NodeTestTask.executeRecursively(NodeTestTask.java:143)
	at org.junit.platform.engine.support.hierarchical.NodeTestTask.execute(NodeTestTask.java:100)
	at java.base/java.util.ArrayList.forEach(ArrayList.java:1604)
	at org.junit.platform.engine.support.hierarchical.SameThreadHierarchicalTestExecutorService.invokeAll(SameThreadHierarchicalTestExecutorService.java:41)
	at org.junit.platform.engine.support.hierarchical.NodeTestTask.lambda$executeRecursively$6(NodeTestTask.java:160)
	at org.junit.platform.engine.support.hierarchical.ThrowableCollector.execute(ThrowableCollector.java:73)
	at org.junit.platform.engine.support.hierarchical.NodeTestTask.lambda$executeRecursively$8(NodeTestTask.java:146)
	at org.junit.platform.engine.support.hierarchical.Node.around(Node.java:137)
	at org.junit.platform.engine.support.hierarchical.NodeTestTask.lambda$executeRecursively$9(NodeTestTask.java:144)
	at org.junit.platform.engine.support.hierarchical.ThrowableCollector.execute(ThrowableCollector.java:73)
	at org.junit.platform.engine.support.hierarchical.NodeTestTask.executeRecursively(NodeTestTask.java:143)
	at org.junit.platform.engine.support.hierarchical.NodeTestTask.execute(NodeTestTask.java:100)
	at org.junit.platform.engine.support.hierarchical.SameThreadHierarchicalTestExecutorService.submit(SameThreadHierarchicalTestExecutorService.java:35)
	at org.junit.platform.engine.support.hierarchical.HierarchicalTestExecutor.execute(HierarchicalTestExecutor.java:57)
	at org.junit.platform.engine.support.hierarchical.HierarchicalTestEngine.execute(HierarchicalTestEngine.java:54)
	at org.junit.platform.launcher.core.EngineExecutionOrchestrator.execute(EngineExecutionOrchestrator.java:198)
	at org.junit.platform.launcher.core.EngineExecutionOrchestrator.execute(EngineExecutionOrchestrator.java:169)
	at org.junit.platform.launcher.core.EngineExecutionOrchestrator.execute(EngineExecutionOrchestrator.java:93)
	at org.junit.platform.launcher.core.EngineExecutionOrchestrator.lambda$execute$0(EngineExecutionOrchestrator.java:58)
	at org.junit.platform.launcher.core.EngineExecutionOrchestrator.withInterceptedStreams(EngineExecutionOrchestrator.java:141)
	at org.junit.platform.launcher.core.EngineExecutionOrchestrator.execute(EngineExecutionOrchestrator.java:57)
	at org.junit.platform.launcher.core.DefaultLauncher.execute(DefaultLauncher.java:103)
	at org.junit.platform.launcher.core.DefaultLauncher.execute(DefaultLauncher.java:85)
	at org.junit.platform.launcher.core.DelegatingLauncher.execute(DelegatingLauncher.java:47)
	at org.apache.maven.surefire.junitplatform.LazyLauncher.execute(LazyLauncher.java:56)
	at org.apache.maven.surefire.junitplatform.JUnitPlatformProvider.execute(JUnitPlatformProvider.java:184)
	at org.apache.maven.surefire.junitplatform.JUnitPlatformProvider.invokeAllTests(JUnitPlatformProvider.java:148)
	at org.apache.maven.surefire.junitplatform.JUnitPlatformProvider.invoke(JUnitPlatformProvider.java:122)
	at org.apache.maven.surefire.booter.ForkedBooter.runSuitesInProcess(ForkedBooter.java:385)
	at org.apache.maven.surefire.booter.ForkedBooter.execute(ForkedBooter.java:162)
	at org.apache.maven.surefire.booter.ForkedBooter.run(ForkedBooter.java:507)
	at org.apache.maven.surefire.booter.ForkedBooter.main(ForkedBooter.java:495)
15:17:19.677 [main] WARN com.tngtech.archunit.core.importer.ClassFileProcessor -- Error during import from jrt:/java.base/java/util/function/Supplier.class, falling back to simple import
java.lang.IllegalArgumentException: Unsupported class file major version 68
	at com.tngtech.archunit.thirdparty.org.objectweb.asm.ClassReader.<init>(ClassReader.java:200)
	at com.tngtech.archunit.thirdparty.org.objectweb.asm.ClassReader.<init>(ClassReader.java:180)
	at com.tngtech.archunit.thirdparty.org.objectweb.asm.ClassReader.<init>(ClassReader.java:166)
	at com.tngtech.archunit.thirdparty.org.objectweb.asm.ClassReader.<init>(ClassReader.java:288)
	at com.tngtech.archunit.core.importer.ClassFileProcessor$UriImporterOfProcessor.tryImport(ClassFileProcessor.java:350)
	at com.tngtech.archunit.core.importer.resolvers.ClassResolverFromClasspath.tryResolve(ClassResolverFromClasspath.java:51)
	at com.tngtech.archunit.core.importer.ImportedClasses.resolve(ImportedClasses.java:80)
	at com.tngtech.archunit.core.importer.ImportedClasses.ensurePresent(ImportedClasses.java:75)
	at com.tngtech.archunit.core.importer.DependencyResolutionProcess.executeRun(DependencyResolutionProcess.java:146)
	at com.tngtech.archunit.core.importer.DependencyResolutionProcess.resolve(DependencyResolutionProcess.java:122)
	at com.tngtech.archunit.core.importer.ClassGraphCreator.complete(ClassGraphCreator.java:107)
	at com.tngtech.archunit.core.importer.ClassFileProcessor.process(ClassFileProcessor.java:75)
	at com.tngtech.archunit.core.importer.ClassFileImporter.importLocations(ClassFileImporter.java:325)
	at com.tngtech.archunit.junit.internal.ClassCache$CacheClassFileImporter.importClasses(ClassCache.java:126)
	at com.tngtech.archunit.junit.internal.ClassCache$LazyJavaClasses.initialize(ClassCache.java:118)
	at com.tngtech.archunit.junit.internal.ClassCache$LazyJavaClasses.get(ClassCache.java:107)
	at com.tngtech.archunit.junit.internal.ClassCache.getClassesToAnalyzeFor(ClassCache.java:84)
	at com.tngtech.archunit.junit.internal.ArchUnitTestDescriptor.lambda$createChildren$1(ArchUnitTestDescriptor.java:90)
	at com.tngtech.archunit.junit.internal.ArchUnitTestDescriptor$ArchUnitRuleDescriptor.execute(ArchUnitTestDescriptor.java:167)
	at com.tngtech.archunit.junit.internal.ArchUnitTestDescriptor$ArchUnitRuleDescriptor.execute(ArchUnitTestDescriptor.java:150)
	at org.junit.platform.engine.support.hierarchical.NodeTestTask.lambda$executeRecursively$6(NodeTestTask.java:156)
	at org.junit.platform.engine.support.hierarchical.ThrowableCollector.execute(ThrowableCollector.java:73)
	at org.junit.platform.engine.support.hierarchical.NodeTestTask.lambda$executeRecursively$8(NodeTestTask.java:146)
	at org.junit.platform.engine.support.hierarchical.Node.around(Node.java:137)
	at org.junit.platform.engine.support.hierarchical.NodeTestTask.lambda$executeRecursively$9(NodeTestTask.java:144)
	at org.junit.platform.engine.support.hierarchical.ThrowableCollector.execute(ThrowableCollector.java:73)
	at org.junit.platform.engine.support.hierarchical.NodeTestTask.executeRecursively(NodeTestTask.java:143)
	at org.junit.platform.engine.support.hierarchical.NodeTestTask.execute(NodeTestTask.java:100)
	at java.base/java.util.ArrayList.forEach(ArrayList.java:1604)
	at org.junit.platform.engine.support.hierarchical.SameThreadHierarchicalTestExecutorService.invokeAll(SameThreadHierarchicalTestExecutorService.java:41)
	at org.junit.platform.engine.support.hierarchical.NodeTestTask.lambda$executeRecursively$6(NodeTestTask.java:160)
	at org.junit.platform.engine.support.hierarchical.ThrowableCollector.execute(ThrowableCollector.java:73)
	at org.junit.platform.engine.support.hierarchical.NodeTestTask.lambda$executeRecursively$8(NodeTestTask.java:146)
	at org.junit.platform.engine.support.hierarchical.Node.around(Node.java:137)
	at org.junit.platform.engine.support.hierarchical.NodeTestTask.lambda$executeRecursively$9(NodeTestTask.java:144)
	at org.junit.platform.engine.support.hierarchical.ThrowableCollector.execute(ThrowableCollector.java:73)
	at org.junit.platform.engine.support.hierarchical.NodeTestTask.executeRecursively(NodeTestTask.java:143)
	at org.junit.platform.engine.support.hierarchical.NodeTestTask.execute(NodeTestTask.java:100)
	at java.base/java.util.ArrayList.forEach(ArrayList.java:1604)
	at org.junit.platform.engine.support.hierarchical.SameThreadHierarchicalTestExecutorService.invokeAll(SameThreadHierarchicalTestExecutorService.java:41)
	at org.junit.platform.engine.support.hierarchical.NodeTestTask.lambda$executeRecursively$6(NodeTestTask.java:160)
	at org.junit.platform.engine.support.hierarchical.ThrowableCollector.execute(ThrowableCollector.java:73)
	at org.junit.platform.engine.support.hierarchical.NodeTestTask.lambda$executeRecursively$8(NodeTestTask.java:146)
	at org.junit.platform.engine.support.hierarchical.Node.around(Node.java:137)
	at org.junit.platform.engine.support.hierarchical.NodeTestTask.lambda$executeRecursively$9(NodeTestTask.java:144)
	at org.junit.platform.engine.support.hierarchical.ThrowableCollector.execute(ThrowableCollector.java:73)
	at org.junit.platform.engine.support.hierarchical.NodeTestTask.executeRecursively(NodeTestTask.java:143)
	at org.junit.platform.engine.support.hierarchical.NodeTestTask.execute(NodeTestTask.java:100)
	at org.junit.platform.engine.support.hierarchical.SameThreadHierarchicalTestExecutorService.submit(SameThreadHierarchicalTestExecutorService.java:35)
	at org.junit.platform.engine.support.hierarchical.HierarchicalTestExecutor.execute(HierarchicalTestExecutor.java:57)
	at org.junit.platform.engine.support.hierarchical.HierarchicalTestEngine.execute(HierarchicalTestEngine.java:54)
	at org.junit.platform.launcher.core.EngineExecutionOrchestrator.execute(EngineExecutionOrchestrator.java:198)
	at org.junit.platform.launcher.core.EngineExecutionOrchestrator.execute(EngineExecutionOrchestrator.java:169)
	at org.junit.platform.launcher.core.EngineExecutionOrchestrator.execute(EngineExecutionOrchestrator.java:93)
	at org.junit.platform.launcher.core.EngineExecutionOrchestrator.lambda$execute$0(EngineExecutionOrchestrator.java:58)
	at org.junit.platform.launcher.core.EngineExecutionOrchestrator.withInterceptedStreams(EngineExecutionOrchestrator.java:141)
	at org.junit.platform.launcher.core.EngineExecutionOrchestrator.execute(EngineExecutionOrchestrator.java:57)
	at org.junit.platform.launcher.core.DefaultLauncher.execute(DefaultLauncher.java:103)
	at org.junit.platform.launcher.core.DefaultLauncher.execute(DefaultLauncher.java:85)
	at org.junit.platform.launcher.core.DelegatingLauncher.execute(DelegatingLauncher.java:47)
	at org.apache.maven.surefire.junitplatform.LazyLauncher.execute(LazyLauncher.java:56)
	at org.apache.maven.surefire.junitplatform.JUnitPlatformProvider.execute(JUnitPlatformProvider.java:184)
	at org.apache.maven.surefire.junitplatform.JUnitPlatformProvider.invokeAllTests(JUnitPlatformProvider.java:148)
	at org.apache.maven.surefire.junitplatform.JUnitPlatformProvider.invoke(JUnitPlatformProvider.java:122)
	at org.apache.maven.surefire.booter.ForkedBooter.runSuitesInProcess(ForkedBooter.java:385)
	at org.apache.maven.surefire.booter.ForkedBooter.execute(ForkedBooter.java:162)
	at org.apache.maven.surefire.booter.ForkedBooter.run(ForkedBooter.java:507)
	at org.apache.maven.surefire.booter.ForkedBooter.main(ForkedBooter.java:495)
15:17:19.678 [main] WARN com.tngtech.archunit.core.importer.ClassFileProcessor -- Error during import from jrt:/java.base/java/lang/reflect/Constructor.class, falling back to simple import
java.lang.IllegalArgumentException: Unsupported class file major version 68
	at com.tngtech.archunit.thirdparty.org.objectweb.asm.ClassReader.<init>(ClassReader.java:200)
	at com.tngtech.archunit.thirdparty.org.objectweb.asm.ClassReader.<init>(ClassReader.java:180)
	at com.tngtech.archunit.thirdparty.org.objectweb.asm.ClassReader.<init>(ClassReader.java:166)
	at com.tngtech.archunit.thirdparty.org.objectweb.asm.ClassReader.<init>(ClassReader.java:288)
	at com.tngtech.archunit.core.importer.ClassFileProcessor$UriImporterOfProcessor.tryImport(ClassFileProcessor.java:350)
	at com.tngtech.archunit.core.importer.resolvers.ClassResolverFromClasspath.tryResolve(ClassResolverFromClasspath.java:51)
	at com.tngtech.archunit.core.importer.ImportedClasses.resolve(ImportedClasses.java:80)
	at com.tngtech.archunit.core.importer.ImportedClasses.ensurePresent(ImportedClasses.java:75)
	at com.tngtech.archunit.core.importer.DependencyResolutionProcess.executeRun(DependencyResolutionProcess.java:146)
	at com.tngtech.archunit.core.importer.DependencyResolutionProcess.resolve(DependencyResolutionProcess.java:122)
	at com.tngtech.archunit.core.importer.ClassGraphCreator.complete(ClassGraphCreator.java:107)
	at com.tngtech.archunit.core.importer.ClassFileProcessor.process(ClassFileProcessor.java:75)
	at com.tngtech.archunit.core.importer.ClassFileImporter.importLocations(ClassFileImporter.java:325)
	at com.tngtech.archunit.junit.internal.ClassCache$CacheClassFileImporter.importClasses(ClassCache.java:126)
	at com.tngtech.archunit.junit.internal.ClassCache$LazyJavaClasses.initialize(ClassCache.java:118)
	at com.tngtech.archunit.junit.internal.ClassCache$LazyJavaClasses.get(ClassCache.java:107)
	at com.tngtech.archunit.junit.internal.ClassCache.getClassesToAnalyzeFor(ClassCache.java:84)
	at com.tngtech.archunit.junit.internal.ArchUnitTestDescriptor.lambda$createChildren$1(ArchUnitTestDescriptor.java:90)
	at com.tngtech.archunit.junit.internal.ArchUnitTestDescriptor$ArchUnitRuleDescriptor.execute(ArchUnitTestDescriptor.java:167)
	at com.tngtech.archunit.junit.internal.ArchUnitTestDescriptor$ArchUnitRuleDescriptor.execute(ArchUnitTestDescriptor.java:150)
	at org.junit.platform.engine.support.hierarchical.NodeTestTask.lambda$executeRecursively$6(NodeTestTask.java:156)
	at org.junit.platform.engine.support.hierarchical.ThrowableCollector.execute(ThrowableCollector.java:73)
	at org.junit.platform.engine.support.hierarchical.NodeTestTask.lambda$executeRecursively$8(NodeTestTask.java:146)
	at org.junit.platform.engine.support.hierarchical.Node.around(Node.java:137)
	at org.junit.platform.engine.support.hierarchical.NodeTestTask.lambda$executeRecursively$9(NodeTestTask.java:144)
	at org.junit.platform.engine.support.hierarchical.ThrowableCollector.execute(ThrowableCollector.java:73)
	at org.junit.platform.engine.support.hierarchical.NodeTestTask.executeRecursively(NodeTestTask.java:143)
	at org.junit.platform.engine.support.hierarchical.NodeTestTask.execute(NodeTestTask.java:100)
	at java.base/java.util.ArrayList.forEach(ArrayList.java:1604)
	at org.junit.platform.engine.support.hierarchical.SameThreadHierarchicalTestExecutorService.invokeAll(SameThreadHierarchicalTestExecutorService.java:41)
	at org.junit.platform.engine.support.hierarchical.NodeTestTask.lambda$executeRecursively$6(NodeTestTask.java:160)
	at org.junit.platform.engine.support.hierarchical.ThrowableCollector.execute(ThrowableCollector.java:73)
	at org.junit.platform.engine.support.hierarchical.NodeTestTask.lambda$executeRecursively$8(NodeTestTask.java:146)
	at org.junit.platform.engine.support.hierarchical.Node.around(Node.java:137)
	at org.junit.platform.engine.support.hierarchical.NodeTestTask.lambda$executeRecursively$9(NodeTestTask.java:144)
	at org.junit.platform.engine.support.hierarchical.ThrowableCollector.execute(ThrowableCollector.java:73)
	at org.junit.platform.engine.support.hierarchical.NodeTestTask.executeRecursively(NodeTestTask.java:143)
	at org.junit.platform.engine.support.hierarchical.NodeTestTask.execute(NodeTestTask.java:100)
	at java.base/java.util.ArrayList.forEach(ArrayList.java:1604)
	at org.junit.platform.engine.support.hierarchical.SameThreadHierarchicalTestExecutorService.invokeAll(SameThreadHierarchicalTestExecutorService.java:41)
	at org.junit.platform.engine.support.hierarchical.NodeTestTask.lambda$executeRecursively$6(NodeTestTask.java:160)
	at org.junit.platform.engine.support.hierarchical.ThrowableCollector.execute(ThrowableCollector.java:73)
	at org.junit.platform.engine.support.hierarchical.NodeTestTask.lambda$executeRecursively$8(NodeTestTask.java:146)
	at org.junit.platform.engine.support.hierarchical.Node.around(Node.java:137)
	at org.junit.platform.engine.support.hierarchical.NodeTestTask.lambda$executeRecursively$9(NodeTestTask.java:144)
	at org.junit.platform.engine.support.hierarchical.ThrowableCollector.execute(ThrowableCollector.java:73)
	at org.junit.platform.engine.support.hierarchical.NodeTestTask.executeRecursively(NodeTestTask.java:143)
	at org.junit.platform.engine.support.hierarchical.NodeTestTask.execute(NodeTestTask.java:100)
	at org.junit.platform.engine.support.hierarchical.SameThreadHierarchicalTestExecutorService.submit(SameThreadHierarchicalTestExecutorService.java:35)
	at org.junit.platform.engine.support.hierarchical.HierarchicalTestExecutor.execute(HierarchicalTestExecutor.java:57)
	at org.junit.platform.engine.support.hierarchical.HierarchicalTestEngine.execute(HierarchicalTestEngine.java:54)
	at org.junit.platform.launcher.core.EngineExecutionOrchestrator.execute(EngineExecutionOrchestrator.java:198)
	at org.junit.platform.launcher.core.EngineExecutionOrchestrator.execute(EngineExecutionOrchestrator.java:169)
	at org.junit.platform.launcher.core.EngineExecutionOrchestrator.execute(EngineExecutionOrchestrator.java:93)
	at org.junit.platform.launcher.core.EngineExecutionOrchestrator.lambda$execute$0(EngineExecutionOrchestrator.java:58)
	at org.junit.platform.launcher.core.EngineExecutionOrchestrator.withInterceptedStreams(EngineExecutionOrchestrator.java:141)
	at org.junit.platform.launcher.core.EngineExecutionOrchestrator.execute(EngineExecutionOrchestrator.java:57)
	at org.junit.platform.launcher.core.DefaultLauncher.execute(DefaultLauncher.java:103)
	at org.junit.platform.launcher.core.DefaultLauncher.execute(DefaultLauncher.java:85)
	at org.junit.platform.launcher.core.DelegatingLauncher.execute(DelegatingLauncher.java:47)
	at org.apache.maven.surefire.junitplatform.LazyLauncher.execute(LazyLauncher.java:56)
	at org.apache.maven.surefire.junitplatform.JUnitPlatformProvider.execute(JUnitPlatformProvider.java:184)
	at org.apache.maven.surefire.junitplatform.JUnitPlatformProvider.invokeAllTests(JUnitPlatformProvider.java:148)
	at org.apache.maven.surefire.junitplatform.JUnitPlatformProvider.invoke(JUnitPlatformProvider.java:122)
	at org.apache.maven.surefire.booter.ForkedBooter.runSuitesInProcess(ForkedBooter.java:385)
	at org.apache.maven.surefire.booter.ForkedBooter.execute(ForkedBooter.java:162)
	at org.apache.maven.surefire.booter.ForkedBooter.run(ForkedBooter.java:507)
	at org.apache.maven.surefire.booter.ForkedBooter.main(ForkedBooter.java:495)
15:17:19.678 [main] WARN com.tngtech.archunit.core.importer.ClassFileProcessor -- Error during import from jrt:/java.base/java/util/OptionalLong.class, falling back to simple import
java.lang.IllegalArgumentException: Unsupported class file major version 68
	at com.tngtech.archunit.thirdparty.org.objectweb.asm.ClassReader.<init>(ClassReader.java:200)
	at com.tngtech.archunit.thirdparty.org.objectweb.asm.ClassReader.<init>(ClassReader.java:180)
	at com.tngtech.archunit.thirdparty.org.objectweb.asm.ClassReader.<init>(ClassReader.java:166)
	at com.tngtech.archunit.thirdparty.org.objectweb.asm.ClassReader.<init>(ClassReader.java:288)
	at com.tngtech.archunit.core.importer.ClassFileProcessor$UriImporterOfProcessor.tryImport(ClassFileProcessor.java:350)
	at com.tngtech.archunit.core.importer.resolvers.ClassResolverFromClasspath.tryResolve(ClassResolverFromClasspath.java:51)
	at com.tngtech.archunit.core.importer.ImportedClasses.resolve(ImportedClasses.java:80)
	at com.tngtech.archunit.core.importer.ImportedClasses.ensurePresent(ImportedClasses.java:75)
	at com.tngtech.archunit.core.importer.DependencyResolutionProcess.executeRun(DependencyResolutionProcess.java:146)
	at com.tngtech.archunit.core.importer.DependencyResolutionProcess.resolve(DependencyResolutionProcess.java:122)
	at com.tngtech.archunit.core.importer.ClassGraphCreator.complete(ClassGraphCreator.java:107)
	at com.tngtech.archunit.core.importer.ClassFileProcessor.process(ClassFileProcessor.java:75)
	at com.tngtech.archunit.core.importer.ClassFileImporter.importLocations(ClassFileImporter.java:325)
	at com.tngtech.archunit.junit.internal.ClassCache$CacheClassFileImporter.importClasses(ClassCache.java:126)
	at com.tngtech.archunit.junit.internal.ClassCache$LazyJavaClasses.initialize(ClassCache.java:118)
	at com.tngtech.archunit.junit.internal.ClassCache$LazyJavaClasses.get(ClassCache.java:107)
	at com.tngtech.archunit.junit.internal.ClassCache.getClassesToAnalyzeFor(ClassCache.java:84)
	at com.tngtech.archunit.junit.internal.ArchUnitTestDescriptor.lambda$createChildren$1(ArchUnitTestDescriptor.java:90)
	at com.tngtech.archunit.junit.internal.ArchUnitTestDescriptor$ArchUnitRuleDescriptor.execute(ArchUnitTestDescriptor.java:167)
	at com.tngtech.archunit.junit.internal.ArchUnitTestDescriptor$ArchUnitRuleDescriptor.execute(ArchUnitTestDescriptor.java:150)
	at org.junit.platform.engine.support.hierarchical.NodeTestTask.lambda$executeRecursively$6(NodeTestTask.java:156)
	at org.junit.platform.engine.support.hierarchical.ThrowableCollector.execute(ThrowableCollector.java:73)
	at org.junit.platform.engine.support.hierarchical.NodeTestTask.lambda$executeRecursively$8(NodeTestTask.java:146)
	at org.junit.platform.engine.support.hierarchical.Node.around(Node.java:137)
	at org.junit.platform.engine.support.hierarchical.NodeTestTask.lambda$executeRecursively$9(NodeTestTask.java:144)
	at org.junit.platform.engine.support.hierarchical.ThrowableCollector.execute(ThrowableCollector.java:73)
	at org.junit.platform.engine.support.hierarchical.NodeTestTask.executeRecursively(NodeTestTask.java:143)
	at org.junit.platform.engine.support.hierarchical.NodeTestTask.execute(NodeTestTask.java:100)
	at java.base/java.util.ArrayList.forEach(ArrayList.java:1604)
	at org.junit.platform.engine.support.hierarchical.SameThreadHierarchicalTestExecutorService.invokeAll(SameThreadHierarchicalTestExecutorService.java:41)
	at org.junit.platform.engine.support.hierarchical.NodeTestTask.lambda$executeRecursively$6(NodeTestTask.java:160)
	at org.junit.platform.engine.support.hierarchical.ThrowableCollector.execute(ThrowableCollector.java:73)
	at org.junit.platform.engine.support.hierarchical.NodeTestTask.lambda$executeRecursively$8(NodeTestTask.java:146)
	at org.junit.platform.engine.support.hierarchical.Node.around(Node.java:137)
	at org.junit.platform.engine.support.hierarchical.NodeTestTask.lambda$executeRecursively$9(NodeTestTask.java:144)
	at org.junit.platform.engine.support.hierarchical.ThrowableCollector.execute(ThrowableCollector.java:73)
	at org.junit.platform.engine.support.hierarchical.NodeTestTask.executeRecursively(NodeTestTask.java:143)
	at org.junit.platform.engine.support.hierarchical.NodeTestTask.execute(NodeTestTask.java:100)
	at java.base/java.util.ArrayList.forEach(ArrayList.java:1604)
	at org.junit.platform.engine.support.hierarchical.SameThreadHierarchicalTestExecutorService.invokeAll(SameThreadHierarchicalTestExecutorService.java:41)
	at org.junit.platform.engine.support.hierarchical.NodeTestTask.lambda$executeRecursively$6(NodeTestTask.java:160)
	at org.junit.platform.engine.support.hierarchical.ThrowableCollector.execute(ThrowableCollector.java:73)
	at org.junit.platform.engine.support.hierarchical.NodeTestTask.lambda$executeRecursively$8(NodeTestTask.java:146)
	at org.junit.platform.engine.support.hierarchical.Node.around(Node.java:137)
	at org.junit.platform.engine.support.hierarchical.NodeTestTask.lambda$executeRecursively$9(NodeTestTask.java:144)
	at org.junit.platform.engine.support.hierarchical.ThrowableCollector.execute(ThrowableCollector.java:73)
	at org.junit.platform.engine.support.hierarchical.NodeTestTask.executeRecursively(NodeTestTask.java:143)
	at org.junit.platform.engine.support.hierarchical.NodeTestTask.execute(NodeTestTask.java:100)
	at org.junit.platform.engine.support.hierarchical.SameThreadHierarchicalTestExecutorService.submit(SameThreadHierarchicalTestExecutorService.java:35)
	at org.junit.platform.engine.support.hierarchical.HierarchicalTestExecutor.execute(HierarchicalTestExecutor.java:57)
	at org.junit.platform.engine.support.hierarchical.HierarchicalTestEngine.execute(HierarchicalTestEngine.java:54)
	at org.junit.platform.launcher.core.EngineExecutionOrchestrator.execute(EngineExecutionOrchestrator.java:198)
	at org.junit.platform.launcher.core.EngineExecutionOrchestrator.execute(EngineExecutionOrchestrator.java:169)
	at org.junit.platform.launcher.core.EngineExecutionOrchestrator.execute(EngineExecutionOrchestrator.java:93)
	at org.junit.platform.launcher.core.EngineExecutionOrchestrator.lambda$execute$0(EngineExecutionOrchestrator.java:58)
	at org.junit.platform.launcher.core.EngineExecutionOrchestrator.withInterceptedStreams(EngineExecutionOrchestrator.java:141)
	at org.junit.platform.launcher.core.EngineExecutionOrchestrator.execute(EngineExecutionOrchestrator.java:57)
	at org.junit.platform.launcher.core.DefaultLauncher.execute(DefaultLauncher.java:103)
	at org.junit.platform.launcher.core.DefaultLauncher.execute(DefaultLauncher.java:85)
	at org.junit.platform.launcher.core.DelegatingLauncher.execute(DelegatingLauncher.java:47)
	at org.apache.maven.surefire.junitplatform.LazyLauncher.execute(LazyLauncher.java:56)
	at org.apache.maven.surefire.junitplatform.JUnitPlatformProvider.execute(JUnitPlatformProvider.java:184)
	at org.apache.maven.surefire.junitplatform.JUnitPlatformProvider.invokeAllTests(JUnitPlatformProvider.java:148)
	at org.apache.maven.surefire.junitplatform.JUnitPlatformProvider.invoke(JUnitPlatformProvider.java:122)
	at org.apache.maven.surefire.booter.ForkedBooter.runSuitesInProcess(ForkedBooter.java:385)
	at org.apache.maven.surefire.booter.ForkedBooter.execute(ForkedBooter.java:162)
	at org.apache.maven.surefire.booter.ForkedBooter.run(ForkedBooter.java:507)
	at org.apache.maven.surefire.booter.ForkedBooter.main(ForkedBooter.java:495)
15:17:19.680 [main] WARN com.tngtech.archunit.core.importer.ClassFileProcessor -- Error during import from jrt:/java.base/java/lang/StringBuffer.class, falling back to simple import
java.lang.IllegalArgumentException: Unsupported class file major version 68
	at com.tngtech.archunit.thirdparty.org.objectweb.asm.ClassReader.<init>(ClassReader.java:200)
	at com.tngtech.archunit.thirdparty.org.objectweb.asm.ClassReader.<init>(ClassReader.java:180)
	at com.tngtech.archunit.thirdparty.org.objectweb.asm.ClassReader.<init>(ClassReader.java:166)
	at com.tngtech.archunit.thirdparty.org.objectweb.asm.ClassReader.<init>(ClassReader.java:288)
	at com.tngtech.archunit.core.importer.ClassFileProcessor$UriImporterOfProcessor.tryImport(ClassFileProcessor.java:350)
	at com.tngtech.archunit.core.importer.resolvers.ClassResolverFromClasspath.tryResolve(ClassResolverFromClasspath.java:51)
	at com.tngtech.archunit.core.importer.ImportedClasses.resolve(ImportedClasses.java:80)
	at com.tngtech.archunit.core.importer.ImportedClasses.ensurePresent(ImportedClasses.java:75)
	at com.tngtech.archunit.core.importer.DependencyResolutionProcess.executeRun(DependencyResolutionProcess.java:146)
	at com.tngtech.archunit.core.importer.DependencyResolutionProcess.resolve(DependencyResolutionProcess.java:122)
	at com.tngtech.archunit.core.importer.ClassGraphCreator.complete(ClassGraphCreator.java:107)
	at com.tngtech.archunit.core.importer.ClassFileProcessor.process(ClassFileProcessor.java:75)
	at com.tngtech.archunit.core.importer.ClassFileImporter.importLocations(ClassFileImporter.java:325)
	at com.tngtech.archunit.junit.internal.ClassCache$CacheClassFileImporter.importClasses(ClassCache.java:126)
	at com.tngtech.archunit.junit.internal.ClassCache$LazyJavaClasses.initialize(ClassCache.java:118)
	at com.tngtech.archunit.junit.internal.ClassCache$LazyJavaClasses.get(ClassCache.java:107)
	at com.tngtech.archunit.junit.internal.ClassCache.getClassesToAnalyzeFor(ClassCache.java:84)
	at com.tngtech.archunit.junit.internal.ArchUnitTestDescriptor.lambda$createChildren$1(ArchUnitTestDescriptor.java:90)
	at com.tngtech.archunit.junit.internal.ArchUnitTestDescriptor$ArchUnitRuleDescriptor.execute(ArchUnitTestDescriptor.java:167)
	at com.tngtech.archunit.junit.internal.ArchUnitTestDescriptor$ArchUnitRuleDescriptor.execute(ArchUnitTestDescriptor.java:150)
	at org.junit.platform.engine.support.hierarchical.NodeTestTask.lambda$executeRecursively$6(NodeTestTask.java:156)
	at org.junit.platform.engine.support.hierarchical.ThrowableCollector.execute(ThrowableCollector.java:73)
	at org.junit.platform.engine.support.hierarchical.NodeTestTask.lambda$executeRecursively$8(NodeTestTask.java:146)
	at org.junit.platform.engine.support.hierarchical.Node.around(Node.java:137)
	at org.junit.platform.engine.support.hierarchical.NodeTestTask.lambda$executeRecursively$9(NodeTestTask.java:144)
	at org.junit.platform.engine.support.hierarchical.ThrowableCollector.execute(ThrowableCollector.java:73)
	at org.junit.platform.engine.support.hierarchical.NodeTestTask.executeRecursively(NodeTestTask.java:143)
	at org.junit.platform.engine.support.hierarchical.NodeTestTask.execute(NodeTestTask.java:100)
	at java.base/java.util.ArrayList.forEach(ArrayList.java:1604)
	at org.junit.platform.engine.support.hierarchical.SameThreadHierarchicalTestExecutorService.invokeAll(SameThreadHierarchicalTestExecutorService.java:41)
	at org.junit.platform.engine.support.hierarchical.NodeTestTask.lambda$executeRecursively$6(NodeTestTask.java:160)
	at org.junit.platform.engine.support.hierarchical.ThrowableCollector.execute(ThrowableCollector.java:73)
	at org.junit.platform.engine.support.hierarchical.NodeTestTask.lambda$executeRecursively$8(NodeTestTask.java:146)
	at org.junit.platform.engine.support.hierarchical.Node.around(Node.java:137)
	at org.junit.platform.engine.support.hierarchical.NodeTestTask.lambda$executeRecursively$9(NodeTestTask.java:144)
	at org.junit.platform.engine.support.hierarchical.ThrowableCollector.execute(ThrowableCollector.java:73)
	at org.junit.platform.engine.support.hierarchical.NodeTestTask.executeRecursively(NodeTestTask.java:143)
	at org.junit.platform.engine.support.hierarchical.NodeTestTask.execute(NodeTestTask.java:100)
	at java.base/java.util.ArrayList.forEach(ArrayList.java:1604)
	at org.junit.platform.engine.support.hierarchical.SameThreadHierarchicalTestExecutorService.invokeAll(SameThreadHierarchicalTestExecutorService.java:41)
	at org.junit.platform.engine.support.hierarchical.NodeTestTask.lambda$executeRecursively$6(NodeTestTask.java:160)
	at org.junit.platform.engine.support.hierarchical.ThrowableCollector.execute(ThrowableCollector.java:73)
	at org.junit.platform.engine.support.hierarchical.NodeTestTask.lambda$executeRecursively$8(NodeTestTask.java:146)
	at org.junit.platform.engine.support.hierarchical.Node.around(Node.java:137)
	at org.junit.platform.engine.support.hierarchical.NodeTestTask.lambda$executeRecursively$9(NodeTestTask.java:144)
	at org.junit.platform.engine.support.hierarchical.ThrowableCollector.execute(ThrowableCollector.java:73)
	at org.junit.platform.engine.support.hierarchical.NodeTestTask.executeRecursively(NodeTestTask.java:143)
	at org.junit.platform.engine.support.hierarchical.NodeTestTask.execute(NodeTestTask.java:100)
	at org.junit.platform.engine.support.hierarchical.SameThreadHierarchicalTestExecutorService.submit(SameThreadHierarchicalTestExecutorService.java:35)
	at org.junit.platform.engine.support.hierarchical.HierarchicalTestExecutor.execute(HierarchicalTestExecutor.java:57)
	at org.junit.platform.engine.support.hierarchical.HierarchicalTestEngine.execute(HierarchicalTestEngine.java:54)
	at org.junit.platform.launcher.core.EngineExecutionOrchestrator.execute(EngineExecutionOrchestrator.java:198)
	at org.junit.platform.launcher.core.EngineExecutionOrchestrator.execute(EngineExecutionOrchestrator.java:169)
	at org.junit.platform.launcher.core.EngineExecutionOrchestrator.execute(EngineExecutionOrchestrator.java:93)
	at org.junit.platform.launcher.core.EngineExecutionOrchestrator.lambda$execute$0(EngineExecutionOrchestrator.java:58)
	at org.junit.platform.launcher.core.EngineExecutionOrchestrator.withInterceptedStreams(EngineExecutionOrchestrator.java:141)
	at org.junit.platform.launcher.core.EngineExecutionOrchestrator.execute(EngineExecutionOrchestrator.java:57)
	at org.junit.platform.launcher.core.DefaultLauncher.execute(DefaultLauncher.java:103)
	at org.junit.platform.launcher.core.DefaultLauncher.execute(DefaultLauncher.java:85)
	at org.junit.platform.launcher.core.DelegatingLauncher.execute(DelegatingLauncher.java:47)
	at org.apache.maven.surefire.junitplatform.LazyLauncher.execute(LazyLauncher.java:56)
	at org.apache.maven.surefire.junitplatform.JUnitPlatformProvider.execute(JUnitPlatformProvider.java:184)
	at org.apache.maven.surefire.junitplatform.JUnitPlatformProvider.invokeAllTests(JUnitPlatformProvider.java:148)
	at org.apache.maven.surefire.junitplatform.JUnitPlatformProvider.invoke(JUnitPlatformProvider.java:122)
	at org.apache.maven.surefire.booter.ForkedBooter.runSuitesInProcess(ForkedBooter.java:385)
	at org.apache.maven.surefire.booter.ForkedBooter.execute(ForkedBooter.java:162)
	at org.apache.maven.surefire.booter.ForkedBooter.run(ForkedBooter.java:507)
	at org.apache.maven.surefire.booter.ForkedBooter.main(ForkedBooter.java:495)
15:17:19.682 [main] WARN com.tngtech.archunit.core.importer.ClassFileProcessor -- Error during import from jrt:/java.base/java/time/YearMonth.class, falling back to simple import
java.lang.IllegalArgumentException: Unsupported class file major version 68
	at com.tngtech.archunit.thirdparty.org.objectweb.asm.ClassReader.<init>(ClassReader.java:200)
	at com.tngtech.archunit.thirdparty.org.objectweb.asm.ClassReader.<init>(ClassReader.java:180)
	at com.tngtech.archunit.thirdparty.org.objectweb.asm.ClassReader.<init>(ClassReader.java:166)
	at com.tngtech.archunit.thirdparty.org.objectweb.asm.ClassReader.<init>(ClassReader.java:288)
	at com.tngtech.archunit.core.importer.ClassFileProcessor$UriImporterOfProcessor.tryImport(ClassFileProcessor.java:350)
	at com.tngtech.archunit.core.importer.resolvers.ClassResolverFromClasspath.tryResolve(ClassResolverFromClasspath.java:51)
	at com.tngtech.archunit.core.importer.ImportedClasses.resolve(ImportedClasses.java:80)
	at com.tngtech.archunit.core.importer.ImportedClasses.ensurePresent(ImportedClasses.java:75)
	at com.tngtech.archunit.core.importer.DependencyResolutionProcess.executeRun(DependencyResolutionProcess.java:146)
	at com.tngtech.archunit.core.importer.DependencyResolutionProcess.resolve(DependencyResolutionProcess.java:122)
	at com.tngtech.archunit.core.importer.ClassGraphCreator.complete(ClassGraphCreator.java:107)
	at com.tngtech.archunit.core.importer.ClassFileProcessor.process(ClassFileProcessor.java:75)
	at com.tngtech.archunit.core.importer.ClassFileImporter.importLocations(ClassFileImporter.java:325)
	at com.tngtech.archunit.junit.internal.ClassCache$CacheClassFileImporter.importClasses(ClassCache.java:126)
	at com.tngtech.archunit.junit.internal.ClassCache$LazyJavaClasses.initialize(ClassCache.java:118)
	at com.tngtech.archunit.junit.internal.ClassCache$LazyJavaClasses.get(ClassCache.java:107)
	at com.tngtech.archunit.junit.internal.ClassCache.getClassesToAnalyzeFor(ClassCache.java:84)
	at com.tngtech.archunit.junit.internal.ArchUnitTestDescriptor.lambda$createChildren$1(ArchUnitTestDescriptor.java:90)
	at com.tngtech.archunit.junit.internal.ArchUnitTestDescriptor$ArchUnitRuleDescriptor.execute(ArchUnitTestDescriptor.java:167)
	at com.tngtech.archunit.junit.internal.ArchUnitTestDescriptor$ArchUnitRuleDescriptor.execute(ArchUnitTestDescriptor.java:150)
	at org.junit.platform.engine.support.hierarchical.NodeTestTask.lambda$executeRecursively$6(NodeTestTask.java:156)
	at org.junit.platform.engine.support.hierarchical.ThrowableCollector.execute(ThrowableCollector.java:73)
	at org.junit.platform.engine.support.hierarchical.NodeTestTask.lambda$executeRecursively$8(NodeTestTask.java:146)
	at org.junit.platform.engine.support.hierarchical.Node.around(Node.java:137)
	at org.junit.platform.engine.support.hierarchical.NodeTestTask.lambda$executeRecursively$9(NodeTestTask.java:144)
	at org.junit.platform.engine.support.hierarchical.ThrowableCollector.execute(ThrowableCollector.java:73)
	at org.junit.platform.engine.support.hierarchical.NodeTestTask.executeRecursively(NodeTestTask.java:143)
	at org.junit.platform.engine.support.hierarchical.NodeTestTask.execute(NodeTestTask.java:100)
	at java.base/java.util.ArrayList.forEach(ArrayList.java:1604)
	at org.junit.platform.engine.support.hierarchical.SameThreadHierarchicalTestExecutorService.invokeAll(SameThreadHierarchicalTestExecutorService.java:41)
	at org.junit.platform.engine.support.hierarchical.NodeTestTask.lambda$executeRecursively$6(NodeTestTask.java:160)
	at org.junit.platform.engine.support.hierarchical.ThrowableCollector.execute(ThrowableCollector.java:73)
	at org.junit.platform.engine.support.hierarchical.NodeTestTask.lambda$executeRecursively$8(NodeTestTask.java:146)
	at org.junit.platform.engine.support.hierarchical.Node.around(Node.java:137)
	at org.junit.platform.engine.support.hierarchical.NodeTestTask.lambda$executeRecursively$9(NodeTestTask.java:144)
	at org.junit.platform.engine.support.hierarchical.ThrowableCollector.execute(ThrowableCollector.java:73)
	at org.junit.platform.engine.support.hierarchical.NodeTestTask.executeRecursively(NodeTestTask.java:143)
	at org.junit.platform.engine.support.hierarchical.NodeTestTask.execute(NodeTestTask.java:100)
	at java.base/java.util.ArrayList.forEach(ArrayList.java:1604)
	at org.junit.platform.engine.support.hierarchical.SameThreadHierarchicalTestExecutorService.invokeAll(SameThreadHierarchicalTestExecutorService.java:41)
	at org.junit.platform.engine.support.hierarchical.NodeTestTask.lambda$executeRecursively$6(NodeTestTask.java:160)
	at org.junit.platform.engine.support.hierarchical.ThrowableCollector.execute(ThrowableCollector.java:73)
	at org.junit.platform.engine.support.hierarchical.NodeTestTask.lambda$executeRecursively$8(NodeTestTask.java:146)
	at org.junit.platform.engine.support.hierarchical.Node.around(Node.java:137)
	at org.junit.platform.engine.support.hierarchical.NodeTestTask.lambda$executeRecursively$9(NodeTestTask.java:144)
	at org.junit.platform.engine.support.hierarchical.ThrowableCollector.execute(ThrowableCollector.java:73)
	at org.junit.platform.engine.support.hierarchical.NodeTestTask.executeRecursively(NodeTestTask.java:143)
	at org.junit.platform.engine.support.hierarchical.NodeTestTask.execute(NodeTestTask.java:100)
	at org.junit.platform.engine.support.hierarchical.SameThreadHierarchicalTestExecutorService.submit(SameThreadHierarchicalTestExecutorService.java:35)
	at org.junit.platform.engine.support.hierarchical.HierarchicalTestExecutor.execute(HierarchicalTestExecutor.java:57)
	at org.junit.platform.engine.support.hierarchical.HierarchicalTestEngine.execute(HierarchicalTestEngine.java:54)
	at org.junit.platform.launcher.core.EngineExecutionOrchestrator.execute(EngineExecutionOrchestrator.java:198)
	at org.junit.platform.launcher.core.EngineExecutionOrchestrator.execute(EngineExecutionOrchestrator.java:169)
	at org.junit.platform.launcher.core.EngineExecutionOrchestrator.execute(EngineExecutionOrchestrator.java:93)
	at org.junit.platform.launcher.core.EngineExecutionOrchestrator.lambda$execute$0(EngineExecutionOrchestrator.java:58)
	at org.junit.platform.launcher.core.EngineExecutionOrchestrator.withInterceptedStreams(EngineExecutionOrchestrator.java:141)
	at org.junit.platform.launcher.core.EngineExecutionOrchestrator.execute(EngineExecutionOrchestrator.java:57)
	at org.junit.platform.launcher.core.DefaultLauncher.execute(DefaultLauncher.java:103)
	at org.junit.platform.launcher.core.DefaultLauncher.execute(DefaultLauncher.java:85)
	at org.junit.platform.launcher.core.DelegatingLauncher.execute(DelegatingLauncher.java:47)
	at org.apache.maven.surefire.junitplatform.LazyLauncher.execute(LazyLauncher.java:56)
	at org.apache.maven.surefire.junitplatform.JUnitPlatformProvider.execute(JUnitPlatformProvider.java:184)
	at org.apache.maven.surefire.junitplatform.JUnitPlatformProvider.invokeAllTests(JUnitPlatformProvider.java:148)
	at org.apache.maven.surefire.junitplatform.JUnitPlatformProvider.invoke(JUnitPlatformProvider.java:122)
	at org.apache.maven.surefire.booter.ForkedBooter.runSuitesInProcess(ForkedBooter.java:385)
	at org.apache.maven.surefire.booter.ForkedBooter.execute(ForkedBooter.java:162)
	at org.apache.maven.surefire.booter.ForkedBooter.run(ForkedBooter.java:507)
	at org.apache.maven.surefire.booter.ForkedBooter.main(ForkedBooter.java:495)
15:17:19.685 [main] WARN com.tngtech.archunit.core.importer.ClassFileProcessor -- Error during import from jrt:/java.base/java/util/concurrent/atomic/AtomicInteger.class, falling back to simple import
java.lang.IllegalArgumentException: Unsupported class file major version 68
	at com.tngtech.archunit.thirdparty.org.objectweb.asm.ClassReader.<init>(ClassReader.java:200)
	at com.tngtech.archunit.thirdparty.org.objectweb.asm.ClassReader.<init>(ClassReader.java:180)
	at com.tngtech.archunit.thirdparty.org.objectweb.asm.ClassReader.<init>(ClassReader.java:166)
	at com.tngtech.archunit.thirdparty.org.objectweb.asm.ClassReader.<init>(ClassReader.java:288)
	at com.tngtech.archunit.core.importer.ClassFileProcessor$UriImporterOfProcessor.tryImport(ClassFileProcessor.java:350)
	at com.tngtech.archunit.core.importer.resolvers.ClassResolverFromClasspath.tryResolve(ClassResolverFromClasspath.java:51)
	at com.tngtech.archunit.core.importer.ImportedClasses.resolve(ImportedClasses.java:80)
	at com.tngtech.archunit.core.importer.ImportedClasses.ensurePresent(ImportedClasses.java:75)
	at com.tngtech.archunit.core.importer.DependencyResolutionProcess.executeRun(DependencyResolutionProcess.java:146)
	at com.tngtech.archunit.core.importer.DependencyResolutionProcess.resolve(DependencyResolutionProcess.java:122)
	at com.tngtech.archunit.core.importer.ClassGraphCreator.complete(ClassGraphCreator.java:107)
	at com.tngtech.archunit.core.importer.ClassFileProcessor.process(ClassFileProcessor.java:75)
	at com.tngtech.archunit.core.importer.ClassFileImporter.importLocations(ClassFileImporter.java:325)
	at com.tngtech.archunit.junit.internal.ClassCache$CacheClassFileImporter.importClasses(ClassCache.java:126)
	at com.tngtech.archunit.junit.internal.ClassCache$LazyJavaClasses.initialize(ClassCache.java:118)
	at com.tngtech.archunit.junit.internal.ClassCache$LazyJavaClasses.get(ClassCache.java:107)
	at com.tngtech.archunit.junit.internal.ClassCache.getClassesToAnalyzeFor(ClassCache.java:84)
	at com.tngtech.archunit.junit.internal.ArchUnitTestDescriptor.lambda$createChildren$1(ArchUnitTestDescriptor.java:90)
	at com.tngtech.archunit.junit.internal.ArchUnitTestDescriptor$ArchUnitRuleDescriptor.execute(ArchUnitTestDescriptor.java:167)
	at com.tngtech.archunit.junit.internal.ArchUnitTestDescriptor$ArchUnitRuleDescriptor.execute(ArchUnitTestDescriptor.java:150)
	at org.junit.platform.engine.support.hierarchical.NodeTestTask.lambda$executeRecursively$6(NodeTestTask.java:156)
	at org.junit.platform.engine.support.hierarchical.ThrowableCollector.execute(ThrowableCollector.java:73)
	at org.junit.platform.engine.support.hierarchical.NodeTestTask.lambda$executeRecursively$8(NodeTestTask.java:146)
	at org.junit.platform.engine.support.hierarchical.Node.around(Node.java:137)
	at org.junit.platform.engine.support.hierarchical.NodeTestTask.lambda$executeRecursively$9(NodeTestTask.java:144)
	at org.junit.platform.engine.support.hierarchical.ThrowableCollector.execute(ThrowableCollector.java:73)
	at org.junit.platform.engine.support.hierarchical.NodeTestTask.executeRecursively(NodeTestTask.java:143)
	at org.junit.platform.engine.support.hierarchical.NodeTestTask.execute(NodeTestTask.java:100)
	at java.base/java.util.ArrayList.forEach(ArrayList.java:1604)
	at org.junit.platform.engine.support.hierarchical.SameThreadHierarchicalTestExecutorService.invokeAll(SameThreadHierarchicalTestExecutorService.java:41)
	at org.junit.platform.engine.support.hierarchical.NodeTestTask.lambda$executeRecursively$6(NodeTestTask.java:160)
	at org.junit.platform.engine.support.hierarchical.ThrowableCollector.execute(ThrowableCollector.java:73)
	at org.junit.platform.engine.support.hierarchical.NodeTestTask.lambda$executeRecursively$8(NodeTestTask.java:146)
	at org.junit.platform.engine.support.hierarchical.Node.around(Node.java:137)
	at org.junit.platform.engine.support.hierarchical.NodeTestTask.lambda$executeRecursively$9(NodeTestTask.java:144)
	at org.junit.platform.engine.support.hierarchical.ThrowableCollector.execute(ThrowableCollector.java:73)
	at org.junit.platform.engine.support.hierarchical.NodeTestTask.executeRecursively(NodeTestTask.java:143)
	at org.junit.platform.engine.support.hierarchical.NodeTestTask.execute(NodeTestTask.java:100)
	at java.base/java.util.ArrayList.forEach(ArrayList.java:1604)
	at org.junit.platform.engine.support.hierarchical.SameThreadHierarchicalTestExecutorService.invokeAll(SameThreadHierarchicalTestExecutorService.java:41)
	at org.junit.platform.engine.support.hierarchical.NodeTestTask.lambda$executeRecursively$6(NodeTestTask.java:160)
	at org.junit.platform.engine.support.hierarchical.ThrowableCollector.execute(ThrowableCollector.java:73)
	at org.junit.platform.engine.support.hierarchical.NodeTestTask.lambda$executeRecursively$8(NodeTestTask.java:146)
	at org.junit.platform.engine.support.hierarchical.Node.around(Node.java:137)
	at org.junit.platform.engine.support.hierarchical.NodeTestTask.lambda$executeRecursively$9(NodeTestTask.java:144)
	at org.junit.platform.engine.support.hierarchical.ThrowableCollector.execute(ThrowableCollector.java:73)
	at org.junit.platform.engine.support.hierarchical.NodeTestTask.executeRecursively(NodeTestTask.java:143)
	at org.junit.platform.engine.support.hierarchical.NodeTestTask.execute(NodeTestTask.java:100)
	at org.junit.platform.engine.support.hierarchical.SameThreadHierarchicalTestExecutorService.submit(SameThreadHierarchicalTestExecutorService.java:35)
	at org.junit.platform.engine.support.hierarchical.HierarchicalTestExecutor.execute(HierarchicalTestExecutor.java:57)
	at org.junit.platform.engine.support.hierarchical.HierarchicalTestEngine.execute(HierarchicalTestEngine.java:54)
	at org.junit.platform.launcher.core.EngineExecutionOrchestrator.execute(EngineExecutionOrchestrator.java:198)
	at org.junit.platform.launcher.core.EngineExecutionOrchestrator.execute(EngineExecutionOrchestrator.java:169)
	at org.junit.platform.launcher.core.EngineExecutionOrchestrator.execute(EngineExecutionOrchestrator.java:93)
	at org.junit.platform.launcher.core.EngineExecutionOrchestrator.lambda$execute$0(EngineExecutionOrchestrator.java:58)
	at org.junit.platform.launcher.core.EngineExecutionOrchestrator.withInterceptedStreams(EngineExecutionOrchestrator.java:141)
	at org.junit.platform.launcher.core.EngineExecutionOrchestrator.execute(EngineExecutionOrchestrator.java:57)
	at org.junit.platform.launcher.core.DefaultLauncher.execute(DefaultLauncher.java:103)
	at org.junit.platform.launcher.core.DefaultLauncher.execute(DefaultLauncher.java:85)
	at org.junit.platform.launcher.core.DelegatingLauncher.execute(DelegatingLauncher.java:47)
	at org.apache.maven.surefire.junitplatform.LazyLauncher.execute(LazyLauncher.java:56)
	at org.apache.maven.surefire.junitplatform.JUnitPlatformProvider.execute(JUnitPlatformProvider.java:184)
	at org.apache.maven.surefire.junitplatform.JUnitPlatformProvider.invokeAllTests(JUnitPlatformProvider.java:148)
	at org.apache.maven.surefire.junitplatform.JUnitPlatformProvider.invoke(JUnitPlatformProvider.java:122)
	at org.apache.maven.surefire.booter.ForkedBooter.runSuitesInProcess(ForkedBooter.java:385)
	at org.apache.maven.surefire.booter.ForkedBooter.execute(ForkedBooter.java:162)
	at org.apache.maven.surefire.booter.ForkedBooter.run(ForkedBooter.java:507)
	at org.apache.maven.surefire.booter.ForkedBooter.main(ForkedBooter.java:495)
15:17:19.688 [main] WARN com.tngtech.archunit.core.importer.ClassFileProcessor -- Error during import from jrt:/java.base/java/lang/reflect/Method.class, falling back to simple import
java.lang.IllegalArgumentException: Unsupported class file major version 68
	at com.tngtech.archunit.thirdparty.org.objectweb.asm.ClassReader.<init>(ClassReader.java:200)
	at com.tngtech.archunit.thirdparty.org.objectweb.asm.ClassReader.<init>(ClassReader.java:180)
	at com.tngtech.archunit.thirdparty.org.objectweb.asm.ClassReader.<init>(ClassReader.java:166)
	at com.tngtech.archunit.thirdparty.org.objectweb.asm.ClassReader.<init>(ClassReader.java:288)
	at com.tngtech.archunit.core.importer.ClassFileProcessor$UriImporterOfProcessor.tryImport(ClassFileProcessor.java:350)
	at com.tngtech.archunit.core.importer.resolvers.ClassResolverFromClasspath.tryResolve(ClassResolverFromClasspath.java:51)
	at com.tngtech.archunit.core.importer.ImportedClasses.resolve(ImportedClasses.java:80)
	at com.tngtech.archunit.core.importer.ImportedClasses.ensurePresent(ImportedClasses.java:75)
	at com.tngtech.archunit.core.importer.DependencyResolutionProcess.executeRun(DependencyResolutionProcess.java:146)
	at com.tngtech.archunit.core.importer.DependencyResolutionProcess.resolve(DependencyResolutionProcess.java:122)
	at com.tngtech.archunit.core.importer.ClassGraphCreator.complete(ClassGraphCreator.java:107)
	at com.tngtech.archunit.core.importer.ClassFileProcessor.process(ClassFileProcessor.java:75)
	at com.tngtech.archunit.core.importer.ClassFileImporter.importLocations(ClassFileImporter.java:325)
	at com.tngtech.archunit.junit.internal.ClassCache$CacheClassFileImporter.importClasses(ClassCache.java:126)
	at com.tngtech.archunit.junit.internal.ClassCache$LazyJavaClasses.initialize(ClassCache.java:118)
	at com.tngtech.archunit.junit.internal.ClassCache$LazyJavaClasses.get(ClassCache.java:107)
	at com.tngtech.archunit.junit.internal.ClassCache.getClassesToAnalyzeFor(ClassCache.java:84)
	at com.tngtech.archunit.junit.internal.ArchUnitTestDescriptor.lambda$createChildren$1(ArchUnitTestDescriptor.java:90)
	at com.tngtech.archunit.junit.internal.ArchUnitTestDescriptor$ArchUnitRuleDescriptor.execute(ArchUnitTestDescriptor.java:167)
	at com.tngtech.archunit.junit.internal.ArchUnitTestDescriptor$ArchUnitRuleDescriptor.execute(ArchUnitTestDescriptor.java:150)
	at org.junit.platform.engine.support.hierarchical.NodeTestTask.lambda$executeRecursively$6(NodeTestTask.java:156)
	at org.junit.platform.engine.support.hierarchical.ThrowableCollector.execute(ThrowableCollector.java:73)
	at org.junit.platform.engine.support.hierarchical.NodeTestTask.lambda$executeRecursively$8(NodeTestTask.java:146)
	at org.junit.platform.engine.support.hierarchical.Node.around(Node.java:137)
	at org.junit.platform.engine.support.hierarchical.NodeTestTask.lambda$executeRecursively$9(NodeTestTask.java:144)
	at org.junit.platform.engine.support.hierarchical.ThrowableCollector.execute(ThrowableCollector.java:73)
	at org.junit.platform.engine.support.hierarchical.NodeTestTask.executeRecursively(NodeTestTask.java:143)
	at org.junit.platform.engine.support.hierarchical.NodeTestTask.execute(NodeTestTask.java:100)
	at java.base/java.util.ArrayList.forEach(ArrayList.java:1604)
	at org.junit.platform.engine.support.hierarchical.SameThreadHierarchicalTestExecutorService.invokeAll(SameThreadHierarchicalTestExecutorService.java:41)
	at org.junit.platform.engine.support.hierarchical.NodeTestTask.lambda$executeRecursively$6(NodeTestTask.java:160)
	at org.junit.platform.engine.support.hierarchical.ThrowableCollector.execute(ThrowableCollector.java:73)
	at org.junit.platform.engine.support.hierarchical.NodeTestTask.lambda$executeRecursively$8(NodeTestTask.java:146)
	at org.junit.platform.engine.support.hierarchical.Node.around(Node.java:137)
	at org.junit.platform.engine.support.hierarchical.NodeTestTask.lambda$executeRecursively$9(NodeTestTask.java:144)
	at org.junit.platform.engine.support.hierarchical.ThrowableCollector.execute(ThrowableCollector.java:73)
	at org.junit.platform.engine.support.hierarchical.NodeTestTask.executeRecursively(NodeTestTask.java:143)
	at org.junit.platform.engine.support.hierarchical.NodeTestTask.execute(NodeTestTask.java:100)
	at java.base/java.util.ArrayList.forEach(ArrayList.java:1604)
	at org.junit.platform.engine.support.hierarchical.SameThreadHierarchicalTestExecutorService.invokeAll(SameThreadHierarchicalTestExecutorService.java:41)
	at org.junit.platform.engine.support.hierarchical.NodeTestTask.lambda$executeRecursively$6(NodeTestTask.java:160)
	at org.junit.platform.engine.support.hierarchical.ThrowableCollector.execute(ThrowableCollector.java:73)
	at org.junit.platform.engine.support.hierarchical.NodeTestTask.lambda$executeRecursively$8(NodeTestTask.java:146)
	at org.junit.platform.engine.support.hierarchical.Node.around(Node.java:137)
	at org.junit.platform.engine.support.hierarchical.NodeTestTask.lambda$executeRecursively$9(NodeTestTask.java:144)
	at org.junit.platform.engine.support.hierarchical.ThrowableCollector.execute(ThrowableCollector.java:73)
	at org.junit.platform.engine.support.hierarchical.NodeTestTask.executeRecursively(NodeTestTask.java:143)
	at org.junit.platform.engine.support.hierarchical.NodeTestTask.execute(NodeTestTask.java:100)
	at org.junit.platform.engine.support.hierarchical.SameThreadHierarchicalTestExecutorService.submit(SameThreadHierarchicalTestExecutorService.java:35)
	at org.junit.platform.engine.support.hierarchical.HierarchicalTestExecutor.execute(HierarchicalTestExecutor.java:57)
	at org.junit.platform.engine.support.hierarchical.HierarchicalTestEngine.execute(HierarchicalTestEngine.java:54)
	at org.junit.platform.launcher.core.EngineExecutionOrchestrator.execute(EngineExecutionOrchestrator.java:198)
	at org.junit.platform.launcher.core.EngineExecutionOrchestrator.execute(EngineExecutionOrchestrator.java:169)
	at org.junit.platform.launcher.core.EngineExecutionOrchestrator.execute(EngineExecutionOrchestrator.java:93)
	at org.junit.platform.launcher.core.EngineExecutionOrchestrator.lambda$execute$0(EngineExecutionOrchestrator.java:58)
	at org.junit.platform.launcher.core.EngineExecutionOrchestrator.withInterceptedStreams(EngineExecutionOrchestrator.java:141)
	at org.junit.platform.launcher.core.EngineExecutionOrchestrator.execute(EngineExecutionOrchestrator.java:57)
	at org.junit.platform.launcher.core.DefaultLauncher.execute(DefaultLauncher.java:103)
	at org.junit.platform.launcher.core.DefaultLauncher.execute(DefaultLauncher.java:85)
	at org.junit.platform.launcher.core.DelegatingLauncher.execute(DelegatingLauncher.java:47)
	at org.apache.maven.surefire.junitplatform.LazyLauncher.execute(LazyLauncher.java:56)
	at org.apache.maven.surefire.junitplatform.JUnitPlatformProvider.execute(JUnitPlatformProvider.java:184)
	at org.apache.maven.surefire.junitplatform.JUnitPlatformProvider.invokeAllTests(JUnitPlatformProvider.java:148)
	at org.apache.maven.surefire.junitplatform.JUnitPlatformProvider.invoke(JUnitPlatformProvider.java:122)
	at org.apache.maven.surefire.booter.ForkedBooter.runSuitesInProcess(ForkedBooter.java:385)
	at org.apache.maven.surefire.booter.ForkedBooter.execute(ForkedBooter.java:162)
	at org.apache.maven.surefire.booter.ForkedBooter.run(ForkedBooter.java:507)
	at org.apache.maven.surefire.booter.ForkedBooter.main(ForkedBooter.java:495)
15:17:19.689 [main] WARN com.tngtech.archunit.core.importer.ClassFileProcessor -- Error during import from jrt:/java.base/java/util/concurrent/atomic/AtomicReferenceFieldUpdater.class, falling back to simple import
java.lang.IllegalArgumentException: Unsupported class file major version 68
	at com.tngtech.archunit.thirdparty.org.objectweb.asm.ClassReader.<init>(ClassReader.java:200)
	at com.tngtech.archunit.thirdparty.org.objectweb.asm.ClassReader.<init>(ClassReader.java:180)
	at com.tngtech.archunit.thirdparty.org.objectweb.asm.ClassReader.<init>(ClassReader.java:166)
	at com.tngtech.archunit.thirdparty.org.objectweb.asm.ClassReader.<init>(ClassReader.java:288)
	at com.tngtech.archunit.core.importer.ClassFileProcessor$UriImporterOfProcessor.tryImport(ClassFileProcessor.java:350)
	at com.tngtech.archunit.core.importer.resolvers.ClassResolverFromClasspath.tryResolve(ClassResolverFromClasspath.java:51)
	at com.tngtech.archunit.core.importer.ImportedClasses.resolve(ImportedClasses.java:80)
	at com.tngtech.archunit.core.importer.ImportedClasses.ensurePresent(ImportedClasses.java:75)
	at com.tngtech.archunit.core.importer.DependencyResolutionProcess.executeRun(DependencyResolutionProcess.java:146)
	at com.tngtech.archunit.core.importer.DependencyResolutionProcess.resolve(DependencyResolutionProcess.java:122)
	at com.tngtech.archunit.core.importer.ClassGraphCreator.complete(ClassGraphCreator.java:107)
	at com.tngtech.archunit.core.importer.ClassFileProcessor.process(ClassFileProcessor.java:75)
	at com.tngtech.archunit.core.importer.ClassFileImporter.importLocations(ClassFileImporter.java:325)
	at com.tngtech.archunit.junit.internal.ClassCache$CacheClassFileImporter.importClasses(ClassCache.java:126)
	at com.tngtech.archunit.junit.internal.ClassCache$LazyJavaClasses.initialize(ClassCache.java:118)
	at com.tngtech.archunit.junit.internal.ClassCache$LazyJavaClasses.get(ClassCache.java:107)
	at com.tngtech.archunit.junit.internal.ClassCache.getClassesToAnalyzeFor(ClassCache.java:84)
	at com.tngtech.archunit.junit.internal.ArchUnitTestDescriptor.lambda$createChildren$1(ArchUnitTestDescriptor.java:90)
	at com.tngtech.archunit.junit.internal.ArchUnitTestDescriptor$ArchUnitRuleDescriptor.execute(ArchUnitTestDescriptor.java:167)
	at com.tngtech.archunit.junit.internal.ArchUnitTestDescriptor$ArchUnitRuleDescriptor.execute(ArchUnitTestDescriptor.java:150)
	at org.junit.platform.engine.support.hierarchical.NodeTestTask.lambda$executeRecursively$6(NodeTestTask.java:156)
	at org.junit.platform.engine.support.hierarchical.ThrowableCollector.execute(ThrowableCollector.java:73)
	at org.junit.platform.engine.support.hierarchical.NodeTestTask.lambda$executeRecursively$8(NodeTestTask.java:146)
	at org.junit.platform.engine.support.hierarchical.Node.around(Node.java:137)
	at org.junit.platform.engine.support.hierarchical.NodeTestTask.lambda$executeRecursively$9(NodeTestTask.java:144)
	at org.junit.platform.engine.support.hierarchical.ThrowableCollector.execute(ThrowableCollector.java:73)
	at org.junit.platform.engine.support.hierarchical.NodeTestTask.executeRecursively(NodeTestTask.java:143)
	at org.junit.platform.engine.support.hierarchical.NodeTestTask.execute(NodeTestTask.java:100)
	at java.base/java.util.ArrayList.forEach(ArrayList.java:1604)
	at org.junit.platform.engine.support.hierarchical.SameThreadHierarchicalTestExecutorService.invokeAll(SameThreadHierarchicalTestExecutorService.java:41)
	at org.junit.platform.engine.support.hierarchical.NodeTestTask.lambda$executeRecursively$6(NodeTestTask.java:160)
	at org.junit.platform.engine.support.hierarchical.ThrowableCollector.execute(ThrowableCollector.java:73)
	at org.junit.platform.engine.support.hierarchical.NodeTestTask.lambda$executeRecursively$8(NodeTestTask.java:146)
	at org.junit.platform.engine.support.hierarchical.Node.around(Node.java:137)
	at org.junit.platform.engine.support.hierarchical.NodeTestTask.lambda$executeRecursively$9(NodeTestTask.java:144)
	at org.junit.platform.engine.support.hierarchical.ThrowableCollector.execute(ThrowableCollector.java:73)
	at org.junit.platform.engine.support.hierarchical.NodeTestTask.executeRecursively(NodeTestTask.java:143)
	at org.junit.platform.engine.support.hierarchical.NodeTestTask.execute(NodeTestTask.java:100)
	at java.base/java.util.ArrayList.forEach(ArrayList.java:1604)
	at org.junit.platform.engine.support.hierarchical.SameThreadHierarchicalTestExecutorService.invokeAll(SameThreadHierarchicalTestExecutorService.java:41)
	at org.junit.platform.engine.support.hierarchical.NodeTestTask.lambda$executeRecursively$6(NodeTestTask.java:160)
	at org.junit.platform.engine.support.hierarchical.ThrowableCollector.execute(ThrowableCollector.java:73)
	at org.junit.platform.engine.support.hierarchical.NodeTestTask.lambda$executeRecursively$8(NodeTestTask.java:146)
	at org.junit.platform.engine.support.hierarchical.Node.around(Node.java:137)
	at org.junit.platform.engine.support.hierarchical.NodeTestTask.lambda$executeRecursively$9(NodeTestTask.java:144)
	at org.junit.platform.engine.support.hierarchical.ThrowableCollector.execute(ThrowableCollector.java:73)
	at org.junit.platform.engine.support.hierarchical.NodeTestTask.executeRecursively(NodeTestTask.java:143)
	at org.junit.platform.engine.support.hierarchical.NodeTestTask.execute(NodeTestTask.java:100)
	at org.junit.platform.engine.support.hierarchical.SameThreadHierarchicalTestExecutorService.submit(SameThreadHierarchicalTestExecutorService.java:35)
	at org.junit.platform.engine.support.hierarchical.HierarchicalTestExecutor.execute(HierarchicalTestExecutor.java:57)
	at org.junit.platform.engine.support.hierarchical.HierarchicalTestEngine.execute(HierarchicalTestEngine.java:54)
	at org.junit.platform.launcher.core.EngineExecutionOrchestrator.execute(EngineExecutionOrchestrator.java:198)
	at org.junit.platform.launcher.core.EngineExecutionOrchestrator.execute(EngineExecutionOrchestrator.java:169)
	at org.junit.platform.launcher.core.EngineExecutionOrchestrator.execute(EngineExecutionOrchestrator.java:93)
	at org.junit.platform.launcher.core.EngineExecutionOrchestrator.lambda$execute$0(EngineExecutionOrchestrator.java:58)
	at org.junit.platform.launcher.core.EngineExecutionOrchestrator.withInterceptedStreams(EngineExecutionOrchestrator.java:141)
	at org.junit.platform.launcher.core.EngineExecutionOrchestrator.execute(EngineExecutionOrchestrator.java:57)
	at org.junit.platform.launcher.core.DefaultLauncher.execute(DefaultLauncher.java:103)
	at org.junit.platform.launcher.core.DefaultLauncher.execute(DefaultLauncher.java:85)
	at org.junit.platform.launcher.core.DelegatingLauncher.execute(DelegatingLauncher.java:47)
	at org.apache.maven.surefire.junitplatform.LazyLauncher.execute(LazyLauncher.java:56)
	at org.apache.maven.surefire.junitplatform.JUnitPlatformProvider.execute(JUnitPlatformProvider.java:184)
	at org.apache.maven.surefire.junitplatform.JUnitPlatformProvider.invokeAllTests(JUnitPlatformProvider.java:148)
	at org.apache.maven.surefire.junitplatform.JUnitPlatformProvider.invoke(JUnitPlatformProvider.java:122)
	at org.apache.maven.surefire.booter.ForkedBooter.runSuitesInProcess(ForkedBooter.java:385)
	at org.apache.maven.surefire.booter.ForkedBooter.execute(ForkedBooter.java:162)
	at org.apache.maven.surefire.booter.ForkedBooter.run(ForkedBooter.java:507)
	at org.apache.maven.surefire.booter.ForkedBooter.main(ForkedBooter.java:495)
15:17:19.691 [main] WARN com.tngtech.archunit.core.importer.ClassFileProcessor -- Error during import from jrt:/java.base/java/util/stream/DoubleStream.class, falling back to simple import
java.lang.IllegalArgumentException: Unsupported class file major version 68
	at com.tngtech.archunit.thirdparty.org.objectweb.asm.ClassReader.<init>(ClassReader.java:200)
	at com.tngtech.archunit.thirdparty.org.objectweb.asm.ClassReader.<init>(ClassReader.java:180)
	at com.tngtech.archunit.thirdparty.org.objectweb.asm.ClassReader.<init>(ClassReader.java:166)
	at com.tngtech.archunit.thirdparty.org.objectweb.asm.ClassReader.<init>(ClassReader.java:288)
	at com.tngtech.archunit.core.importer.ClassFileProcessor$UriImporterOfProcessor.tryImport(ClassFileProcessor.java:350)
	at com.tngtech.archunit.core.importer.resolvers.ClassResolverFromClasspath.tryResolve(ClassResolverFromClasspath.java:51)
	at com.tngtech.archunit.core.importer.ImportedClasses.resolve(ImportedClasses.java:80)
	at com.tngtech.archunit.core.importer.ImportedClasses.ensurePresent(ImportedClasses.java:75)
	at com.tngtech.archunit.core.importer.DependencyResolutionProcess.executeRun(DependencyResolutionProcess.java:146)
	at com.tngtech.archunit.core.importer.DependencyResolutionProcess.resolve(DependencyResolutionProcess.java:122)
	at com.tngtech.archunit.core.importer.ClassGraphCreator.complete(ClassGraphCreator.java:107)
	at com.tngtech.archunit.core.importer.ClassFileProcessor.process(ClassFileProcessor.java:75)
	at com.tngtech.archunit.core.importer.ClassFileImporter.importLocations(ClassFileImporter.java:325)
	at com.tngtech.archunit.junit.internal.ClassCache$CacheClassFileImporter.importClasses(ClassCache.java:126)
	at com.tngtech.archunit.junit.internal.ClassCache$LazyJavaClasses.initialize(ClassCache.java:118)
	at com.tngtech.archunit.junit.internal.ClassCache$LazyJavaClasses.get(ClassCache.java:107)
	at com.tngtech.archunit.junit.internal.ClassCache.getClassesToAnalyzeFor(ClassCache.java:84)
	at com.tngtech.archunit.junit.internal.ArchUnitTestDescriptor.lambda$createChildren$1(ArchUnitTestDescriptor.java:90)
	at com.tngtech.archunit.junit.internal.ArchUnitTestDescriptor$ArchUnitRuleDescriptor.execute(ArchUnitTestDescriptor.java:167)
	at com.tngtech.archunit.junit.internal.ArchUnitTestDescriptor$ArchUnitRuleDescriptor.execute(ArchUnitTestDescriptor.java:150)
	at org.junit.platform.engine.support.hierarchical.NodeTestTask.lambda$executeRecursively$6(NodeTestTask.java:156)
	at org.junit.platform.engine.support.hierarchical.ThrowableCollector.execute(ThrowableCollector.java:73)
	at org.junit.platform.engine.support.hierarchical.NodeTestTask.lambda$executeRecursively$8(NodeTestTask.java:146)
	at org.junit.platform.engine.support.hierarchical.Node.around(Node.java:137)
	at org.junit.platform.engine.support.hierarchical.NodeTestTask.lambda$executeRecursively$9(NodeTestTask.java:144)
	at org.junit.platform.engine.support.hierarchical.ThrowableCollector.execute(ThrowableCollector.java:73)
	at org.junit.platform.engine.support.hierarchical.NodeTestTask.executeRecursively(NodeTestTask.java:143)
	at org.junit.platform.engine.support.hierarchical.NodeTestTask.execute(NodeTestTask.java:100)
	at java.base/java.util.ArrayList.forEach(ArrayList.java:1604)
	at org.junit.platform.engine.support.hierarchical.SameThreadHierarchicalTestExecutorService.invokeAll(SameThreadHierarchicalTestExecutorService.java:41)
	at org.junit.platform.engine.support.hierarchical.NodeTestTask.lambda$executeRecursively$6(NodeTestTask.java:160)
	at org.junit.platform.engine.support.hierarchical.ThrowableCollector.execute(ThrowableCollector.java:73)
	at org.junit.platform.engine.support.hierarchical.NodeTestTask.lambda$executeRecursively$8(NodeTestTask.java:146)
	at org.junit.platform.engine.support.hierarchical.Node.around(Node.java:137)
	at org.junit.platform.engine.support.hierarchical.NodeTestTask.lambda$executeRecursively$9(NodeTestTask.java:144)
	at org.junit.platform.engine.support.hierarchical.ThrowableCollector.execute(ThrowableCollector.java:73)
	at org.junit.platform.engine.support.hierarchical.NodeTestTask.executeRecursively(NodeTestTask.java:143)
	at org.junit.platform.engine.support.hierarchical.NodeTestTask.execute(NodeTestTask.java:100)
	at java.base/java.util.ArrayList.forEach(ArrayList.java:1604)
	at org.junit.platform.engine.support.hierarchical.SameThreadHierarchicalTestExecutorService.invokeAll(SameThreadHierarchicalTestExecutorService.java:41)
	at org.junit.platform.engine.support.hierarchical.NodeTestTask.lambda$executeRecursively$6(NodeTestTask.java:160)
	at org.junit.platform.engine.support.hierarchical.ThrowableCollector.execute(ThrowableCollector.java:73)
	at org.junit.platform.engine.support.hierarchical.NodeTestTask.lambda$executeRecursively$8(NodeTestTask.java:146)
	at org.junit.platform.engine.support.hierarchical.Node.around(Node.java:137)
	at org.junit.platform.engine.support.hierarchical.NodeTestTask.lambda$executeRecursively$9(NodeTestTask.java:144)
	at org.junit.platform.engine.support.hierarchical.ThrowableCollector.execute(ThrowableCollector.java:73)
	at org.junit.platform.engine.support.hierarchical.NodeTestTask.executeRecursively(NodeTestTask.java:143)
	at org.junit.platform.engine.support.hierarchical.NodeTestTask.execute(NodeTestTask.java:100)
	at org.junit.platform.engine.support.hierarchical.SameThreadHierarchicalTestExecutorService.submit(SameThreadHierarchicalTestExecutorService.java:35)
	at org.junit.platform.engine.support.hierarchical.HierarchicalTestExecutor.execute(HierarchicalTestExecutor.java:57)
	at org.junit.platform.engine.support.hierarchical.HierarchicalTestEngine.execute(HierarchicalTestEngine.java:54)
	at org.junit.platform.launcher.core.EngineExecutionOrchestrator.execute(EngineExecutionOrchestrator.java:198)
	at org.junit.platform.launcher.core.EngineExecutionOrchestrator.execute(EngineExecutionOrchestrator.java:169)
	at org.junit.platform.launcher.core.EngineExecutionOrchestrator.execute(EngineExecutionOrchestrator.java:93)
	at org.junit.platform.launcher.core.EngineExecutionOrchestrator.lambda$execute$0(EngineExecutionOrchestrator.java:58)
	at org.junit.platform.launcher.core.EngineExecutionOrchestrator.withInterceptedStreams(EngineExecutionOrchestrator.java:141)
	at org.junit.platform.launcher.core.EngineExecutionOrchestrator.execute(EngineExecutionOrchestrator.java:57)
	at org.junit.platform.launcher.core.DefaultLauncher.execute(DefaultLauncher.java:103)
	at org.junit.platform.launcher.core.DefaultLauncher.execute(DefaultLauncher.java:85)
	at org.junit.platform.launcher.core.DelegatingLauncher.execute(DelegatingLauncher.java:47)
	at org.apache.maven.surefire.junitplatform.LazyLauncher.execute(LazyLauncher.java:56)
	at org.apache.maven.surefire.junitplatform.JUnitPlatformProvider.execute(JUnitPlatformProvider.java:184)
	at org.apache.maven.surefire.junitplatform.JUnitPlatformProvider.invokeAllTests(JUnitPlatformProvider.java:148)
	at org.apache.maven.surefire.junitplatform.JUnitPlatformProvider.invoke(JUnitPlatformProvider.java:122)
	at org.apache.maven.surefire.booter.ForkedBooter.runSuitesInProcess(ForkedBooter.java:385)
	at org.apache.maven.surefire.booter.ForkedBooter.execute(ForkedBooter.java:162)
	at org.apache.maven.surefire.booter.ForkedBooter.run(ForkedBooter.java:507)
	at org.apache.maven.surefire.booter.ForkedBooter.main(ForkedBooter.java:495)
15:17:19.694 [main] WARN com.tngtech.archunit.core.importer.ClassFileProcessor -- Error during import from jrt:/java.base/java/util/stream/IntStream.class, falling back to simple import
java.lang.IllegalArgumentException: Unsupported class file major version 68
	at com.tngtech.archunit.thirdparty.org.objectweb.asm.ClassReader.<init>(ClassReader.java:200)
	at com.tngtech.archunit.thirdparty.org.objectweb.asm.ClassReader.<init>(ClassReader.java:180)
	at com.tngtech.archunit.thirdparty.org.objectweb.asm.ClassReader.<init>(ClassReader.java:166)
	at com.tngtech.archunit.thirdparty.org.objectweb.asm.ClassReader.<init>(ClassReader.java:288)
	at com.tngtech.archunit.core.importer.ClassFileProcessor$UriImporterOfProcessor.tryImport(ClassFileProcessor.java:350)
	at com.tngtech.archunit.core.importer.resolvers.ClassResolverFromClasspath.tryResolve(ClassResolverFromClasspath.java:51)
	at com.tngtech.archunit.core.importer.ImportedClasses.resolve(ImportedClasses.java:80)
	at com.tngtech.archunit.core.importer.ImportedClasses.ensurePresent(ImportedClasses.java:75)
	at com.tngtech.archunit.core.importer.DependencyResolutionProcess.executeRun(DependencyResolutionProcess.java:146)
	at com.tngtech.archunit.core.importer.DependencyResolutionProcess.resolve(DependencyResolutionProcess.java:122)
	at com.tngtech.archunit.core.importer.ClassGraphCreator.complete(ClassGraphCreator.java:107)
	at com.tngtech.archunit.core.importer.ClassFileProcessor.process(ClassFileProcessor.java:75)
	at com.tngtech.archunit.core.importer.ClassFileImporter.importLocations(ClassFileImporter.java:325)
	at com.tngtech.archunit.junit.internal.ClassCache$CacheClassFileImporter.importClasses(ClassCache.java:126)
	at com.tngtech.archunit.junit.internal.ClassCache$LazyJavaClasses.initialize(ClassCache.java:118)
	at com.tngtech.archunit.junit.internal.ClassCache$LazyJavaClasses.get(ClassCache.java:107)
	at com.tngtech.archunit.junit.internal.ClassCache.getClassesToAnalyzeFor(ClassCache.java:84)
	at com.tngtech.archunit.junit.internal.ArchUnitTestDescriptor.lambda$createChildren$1(ArchUnitTestDescriptor.java:90)
	at com.tngtech.archunit.junit.internal.ArchUnitTestDescriptor$ArchUnitRuleDescriptor.execute(ArchUnitTestDescriptor.java:167)
	at com.tngtech.archunit.junit.internal.ArchUnitTestDescriptor$ArchUnitRuleDescriptor.execute(ArchUnitTestDescriptor.java:150)
	at org.junit.platform.engine.support.hierarchical.NodeTestTask.lambda$executeRecursively$6(NodeTestTask.java:156)
	at org.junit.platform.engine.support.hierarchical.ThrowableCollector.execute(ThrowableCollector.java:73)
	at org.junit.platform.engine.support.hierarchical.NodeTestTask.lambda$executeRecursively$8(NodeTestTask.java:146)
	at org.junit.platform.engine.support.hierarchical.Node.around(Node.java:137)
	at org.junit.platform.engine.support.hierarchical.NodeTestTask.lambda$executeRecursively$9(NodeTestTask.java:144)
	at org.junit.platform.engine.support.hierarchical.ThrowableCollector.execute(ThrowableCollector.java:73)
	at org.junit.platform.engine.support.hierarchical.NodeTestTask.executeRecursively(NodeTestTask.java:143)
	at org.junit.platform.engine.support.hierarchical.NodeTestTask.execute(NodeTestTask.java:100)
	at java.base/java.util.ArrayList.forEach(ArrayList.java:1604)
	at org.junit.platform.engine.support.hierarchical.SameThreadHierarchicalTestExecutorService.invokeAll(SameThreadHierarchicalTestExecutorService.java:41)
	at org.junit.platform.engine.support.hierarchical.NodeTestTask.lambda$executeRecursively$6(NodeTestTask.java:160)
	at org.junit.platform.engine.support.hierarchical.ThrowableCollector.execute(ThrowableCollector.java:73)
	at org.junit.platform.engine.support.hierarchical.NodeTestTask.lambda$executeRecursively$8(NodeTestTask.java:146)
	at org.junit.platform.engine.support.hierarchical.Node.around(Node.java:137)
	at org.junit.platform.engine.support.hierarchical.NodeTestTask.lambda$executeRecursively$9(NodeTestTask.java:144)
	at org.junit.platform.engine.support.hierarchical.ThrowableCollector.execute(ThrowableCollector.java:73)
	at org.junit.platform.engine.support.hierarchical.NodeTestTask.executeRecursively(NodeTestTask.java:143)
	at org.junit.platform.engine.support.hierarchical.NodeTestTask.execute(NodeTestTask.java:100)
	at java.base/java.util.ArrayList.forEach(ArrayList.java:1604)
	at org.junit.platform.engine.support.hierarchical.SameThreadHierarchicalTestExecutorService.invokeAll(SameThreadHierarchicalTestExecutorService.java:41)
	at org.junit.platform.engine.support.hierarchical.NodeTestTask.lambda$executeRecursively$6(NodeTestTask.java:160)
	at org.junit.platform.engine.support.hierarchical.ThrowableCollector.execute(ThrowableCollector.java:73)
	at org.junit.platform.engine.support.hierarchical.NodeTestTask.lambda$executeRecursively$8(NodeTestTask.java:146)
	at org.junit.platform.engine.support.hierarchical.Node.around(Node.java:137)
	at org.junit.platform.engine.support.hierarchical.NodeTestTask.lambda$executeRecursively$9(NodeTestTask.java:144)
	at org.junit.platform.engine.support.hierarchical.ThrowableCollector.execute(ThrowableCollector.java:73)
	at org.junit.platform.engine.support.hierarchical.NodeTestTask.executeRecursively(NodeTestTask.java:143)
	at org.junit.platform.engine.support.hierarchical.NodeTestTask.execute(NodeTestTask.java:100)
	at org.junit.platform.engine.support.hierarchical.SameThreadHierarchicalTestExecutorService.submit(SameThreadHierarchicalTestExecutorService.java:35)
	at org.junit.platform.engine.support.hierarchical.HierarchicalTestExecutor.execute(HierarchicalTestExecutor.java:57)
	at org.junit.platform.engine.support.hierarchical.HierarchicalTestEngine.execute(HierarchicalTestEngine.java:54)
	at org.junit.platform.launcher.core.EngineExecutionOrchestrator.execute(EngineExecutionOrchestrator.java:198)
	at org.junit.platform.launcher.core.EngineExecutionOrchestrator.execute(EngineExecutionOrchestrator.java:169)
	at org.junit.platform.launcher.core.EngineExecutionOrchestrator.execute(EngineExecutionOrchestrator.java:93)
	at org.junit.platform.launcher.core.EngineExecutionOrchestrator.lambda$execute$0(EngineExecutionOrchestrator.java:58)
	at org.junit.platform.launcher.core.EngineExecutionOrchestrator.withInterceptedStreams(EngineExecutionOrchestrator.java:141)
	at org.junit.platform.launcher.core.EngineExecutionOrchestrator.execute(EngineExecutionOrchestrator.java:57)
	at org.junit.platform.launcher.core.DefaultLauncher.execute(DefaultLauncher.java:103)
	at org.junit.platform.launcher.core.DefaultLauncher.execute(DefaultLauncher.java:85)
	at org.junit.platform.launcher.core.DelegatingLauncher.execute(DelegatingLauncher.java:47)
	at org.apache.maven.surefire.junitplatform.LazyLauncher.execute(LazyLauncher.java:56)
	at org.apache.maven.surefire.junitplatform.JUnitPlatformProvider.execute(JUnitPlatformProvider.java:184)
	at org.apache.maven.surefire.junitplatform.JUnitPlatformProvider.invokeAllTests(JUnitPlatformProvider.java:148)
	at org.apache.maven.surefire.junitplatform.JUnitPlatformProvider.invoke(JUnitPlatformProvider.java:122)
	at org.apache.maven.surefire.booter.ForkedBooter.runSuitesInProcess(ForkedBooter.java:385)
	at org.apache.maven.surefire.booter.ForkedBooter.execute(ForkedBooter.java:162)
	at org.apache.maven.surefire.booter.ForkedBooter.run(ForkedBooter.java:507)
	at org.apache.maven.surefire.booter.ForkedBooter.main(ForkedBooter.java:495)
15:17:19.695 [main] WARN com.tngtech.archunit.core.importer.ClassFileProcessor -- Error during import from jrt:/java.base/java/util/OptionalDouble.class, falling back to simple import
java.lang.IllegalArgumentException: Unsupported class file major version 68
	at com.tngtech.archunit.thirdparty.org.objectweb.asm.ClassReader.<init>(ClassReader.java:200)
	at com.tngtech.archunit.thirdparty.org.objectweb.asm.ClassReader.<init>(ClassReader.java:180)
	at com.tngtech.archunit.thirdparty.org.objectweb.asm.ClassReader.<init>(ClassReader.java:166)
	at com.tngtech.archunit.thirdparty.org.objectweb.asm.ClassReader.<init>(ClassReader.java:288)
	at com.tngtech.archunit.core.importer.ClassFileProcessor$UriImporterOfProcessor.tryImport(ClassFileProcessor.java:350)
	at com.tngtech.archunit.core.importer.resolvers.ClassResolverFromClasspath.tryResolve(ClassResolverFromClasspath.java:51)
	at com.tngtech.archunit.core.importer.ImportedClasses.resolve(ImportedClasses.java:80)
	at com.tngtech.archunit.core.importer.ImportedClasses.ensurePresent(ImportedClasses.java:75)
	at com.tngtech.archunit.core.importer.DependencyResolutionProcess.executeRun(DependencyResolutionProcess.java:146)
	at com.tngtech.archunit.core.importer.DependencyResolutionProcess.resolve(DependencyResolutionProcess.java:122)
	at com.tngtech.archunit.core.importer.ClassGraphCreator.complete(ClassGraphCreator.java:107)
	at com.tngtech.archunit.core.importer.ClassFileProcessor.process(ClassFileProcessor.java:75)
	at com.tngtech.archunit.core.importer.ClassFileImporter.importLocations(ClassFileImporter.java:325)
	at com.tngtech.archunit.junit.internal.ClassCache$CacheClassFileImporter.importClasses(ClassCache.java:126)
	at com.tngtech.archunit.junit.internal.ClassCache$LazyJavaClasses.initialize(ClassCache.java:118)
	at com.tngtech.archunit.junit.internal.ClassCache$LazyJavaClasses.get(ClassCache.java:107)
	at com.tngtech.archunit.junit.internal.ClassCache.getClassesToAnalyzeFor(ClassCache.java:84)
	at com.tngtech.archunit.junit.internal.ArchUnitTestDescriptor.lambda$createChildren$1(ArchUnitTestDescriptor.java:90)
	at com.tngtech.archunit.junit.internal.ArchUnitTestDescriptor$ArchUnitRuleDescriptor.execute(ArchUnitTestDescriptor.java:167)
	at com.tngtech.archunit.junit.internal.ArchUnitTestDescriptor$ArchUnitRuleDescriptor.execute(ArchUnitTestDescriptor.java:150)
	at org.junit.platform.engine.support.hierarchical.NodeTestTask.lambda$executeRecursively$6(NodeTestTask.java:156)
	at org.junit.platform.engine.support.hierarchical.ThrowableCollector.execute(ThrowableCollector.java:73)
	at org.junit.platform.engine.support.hierarchical.NodeTestTask.lambda$executeRecursively$8(NodeTestTask.java:146)
	at org.junit.platform.engine.support.hierarchical.Node.around(Node.java:137)
	at org.junit.platform.engine.support.hierarchical.NodeTestTask.lambda$executeRecursively$9(NodeTestTask.java:144)
	at org.junit.platform.engine.support.hierarchical.ThrowableCollector.execute(ThrowableCollector.java:73)
	at org.junit.platform.engine.support.hierarchical.NodeTestTask.executeRecursively(NodeTestTask.java:143)
	at org.junit.platform.engine.support.hierarchical.NodeTestTask.execute(NodeTestTask.java:100)
	at java.base/java.util.ArrayList.forEach(ArrayList.java:1604)
	at org.junit.platform.engine.support.hierarchical.SameThreadHierarchicalTestExecutorService.invokeAll(SameThreadHierarchicalTestExecutorService.java:41)
	at org.junit.platform.engine.support.hierarchical.NodeTestTask.lambda$executeRecursively$6(NodeTestTask.java:160)
	at org.junit.platform.engine.support.hierarchical.ThrowableCollector.execute(ThrowableCollector.java:73)
	at org.junit.platform.engine.support.hierarchical.NodeTestTask.lambda$executeRecursively$8(NodeTestTask.java:146)
	at org.junit.platform.engine.support.hierarchical.Node.around(Node.java:137)
	at org.junit.platform.engine.support.hierarchical.NodeTestTask.lambda$executeRecursively$9(NodeTestTask.java:144)
	at org.junit.platform.engine.support.hierarchical.ThrowableCollector.execute(ThrowableCollector.java:73)
	at org.junit.platform.engine.support.hierarchical.NodeTestTask.executeRecursively(NodeTestTask.java:143)
	at org.junit.platform.engine.support.hierarchical.NodeTestTask.execute(NodeTestTask.java:100)
	at java.base/java.util.ArrayList.forEach(ArrayList.java:1604)
	at org.junit.platform.engine.support.hierarchical.SameThreadHierarchicalTestExecutorService.invokeAll(SameThreadHierarchicalTestExecutorService.java:41)
	at org.junit.platform.engine.support.hierarchical.NodeTestTask.lambda$executeRecursively$6(NodeTestTask.java:160)
	at org.junit.platform.engine.support.hierarchical.ThrowableCollector.execute(ThrowableCollector.java:73)
	at org.junit.platform.engine.support.hierarchical.NodeTestTask.lambda$executeRecursively$8(NodeTestTask.java:146)
	at org.junit.platform.engine.support.hierarchical.Node.around(Node.java:137)
	at org.junit.platform.engine.support.hierarchical.NodeTestTask.lambda$executeRecursively$9(NodeTestTask.java:144)
	at org.junit.platform.engine.support.hierarchical.ThrowableCollector.execute(ThrowableCollector.java:73)
	at org.junit.platform.engine.support.hierarchical.NodeTestTask.executeRecursively(NodeTestTask.java:143)
	at org.junit.platform.engine.support.hierarchical.NodeTestTask.execute(NodeTestTask.java:100)
	at org.junit.platform.engine.support.hierarchical.SameThreadHierarchicalTestExecutorService.submit(SameThreadHierarchicalTestExecutorService.java:35)
	at org.junit.platform.engine.support.hierarchical.HierarchicalTestExecutor.execute(HierarchicalTestExecutor.java:57)
	at org.junit.platform.engine.support.hierarchical.HierarchicalTestEngine.execute(HierarchicalTestEngine.java:54)
	at org.junit.platform.launcher.core.EngineExecutionOrchestrator.execute(EngineExecutionOrchestrator.java:198)
	at org.junit.platform.launcher.core.EngineExecutionOrchestrator.execute(EngineExecutionOrchestrator.java:169)
	at org.junit.platform.launcher.core.EngineExecutionOrchestrator.execute(EngineExecutionOrchestrator.java:93)
	at org.junit.platform.launcher.core.EngineExecutionOrchestrator.lambda$execute$0(EngineExecutionOrchestrator.java:58)
	at org.junit.platform.launcher.core.EngineExecutionOrchestrator.withInterceptedStreams(EngineExecutionOrchestrator.java:141)
	at org.junit.platform.launcher.core.EngineExecutionOrchestrator.execute(EngineExecutionOrchestrator.java:57)
	at org.junit.platform.launcher.core.DefaultLauncher.execute(DefaultLauncher.java:103)
	at org.junit.platform.launcher.core.DefaultLauncher.execute(DefaultLauncher.java:85)
	at org.junit.platform.launcher.core.DelegatingLauncher.execute(DelegatingLauncher.java:47)
	at org.apache.maven.surefire.junitplatform.LazyLauncher.execute(LazyLauncher.java:56)
	at org.apache.maven.surefire.junitplatform.JUnitPlatformProvider.execute(JUnitPlatformProvider.java:184)
	at org.apache.maven.surefire.junitplatform.JUnitPlatformProvider.invokeAllTests(JUnitPlatformProvider.java:148)
	at org.apache.maven.surefire.junitplatform.JUnitPlatformProvider.invoke(JUnitPlatformProvider.java:122)
	at org.apache.maven.surefire.booter.ForkedBooter.runSuitesInProcess(ForkedBooter.java:385)
	at org.apache.maven.surefire.booter.ForkedBooter.execute(ForkedBooter.java:162)
	at org.apache.maven.surefire.booter.ForkedBooter.run(ForkedBooter.java:507)
	at org.apache.maven.surefire.booter.ForkedBooter.main(ForkedBooter.java:495)
15:17:19.697 [main] WARN com.tngtech.archunit.core.importer.ClassFileProcessor -- Error during import from jrt:/java.base/java/util/concurrent/atomic/AtomicBoolean.class, falling back to simple import
java.lang.IllegalArgumentException: Unsupported class file major version 68
	at com.tngtech.archunit.thirdparty.org.objectweb.asm.ClassReader.<init>(ClassReader.java:200)
	at com.tngtech.archunit.thirdparty.org.objectweb.asm.ClassReader.<init>(ClassReader.java:180)
	at com.tngtech.archunit.thirdparty.org.objectweb.asm.ClassReader.<init>(ClassReader.java:166)
	at com.tngtech.archunit.thirdparty.org.objectweb.asm.ClassReader.<init>(ClassReader.java:288)
	at com.tngtech.archunit.core.importer.ClassFileProcessor$UriImporterOfProcessor.tryImport(ClassFileProcessor.java:350)
	at com.tngtech.archunit.core.importer.resolvers.ClassResolverFromClasspath.tryResolve(ClassResolverFromClasspath.java:51)
	at com.tngtech.archunit.core.importer.ImportedClasses.resolve(ImportedClasses.java:80)
	at com.tngtech.archunit.core.importer.ImportedClasses.ensurePresent(ImportedClasses.java:75)
	at com.tngtech.archunit.core.importer.DependencyResolutionProcess.executeRun(DependencyResolutionProcess.java:146)
	at com.tngtech.archunit.core.importer.DependencyResolutionProcess.resolve(DependencyResolutionProcess.java:122)
	at com.tngtech.archunit.core.importer.ClassGraphCreator.complete(ClassGraphCreator.java:107)
	at com.tngtech.archunit.core.importer.ClassFileProcessor.process(ClassFileProcessor.java:75)
	at com.tngtech.archunit.core.importer.ClassFileImporter.importLocations(ClassFileImporter.java:325)
	at com.tngtech.archunit.junit.internal.ClassCache$CacheClassFileImporter.importClasses(ClassCache.java:126)
	at com.tngtech.archunit.junit.internal.ClassCache$LazyJavaClasses.initialize(ClassCache.java:118)
	at com.tngtech.archunit.junit.internal.ClassCache$LazyJavaClasses.get(ClassCache.java:107)
	at com.tngtech.archunit.junit.internal.ClassCache.getClassesToAnalyzeFor(ClassCache.java:84)
	at com.tngtech.archunit.junit.internal.ArchUnitTestDescriptor.lambda$createChildren$1(ArchUnitTestDescriptor.java:90)
	at com.tngtech.archunit.junit.internal.ArchUnitTestDescriptor$ArchUnitRuleDescriptor.execute(ArchUnitTestDescriptor.java:167)
	at com.tngtech.archunit.junit.internal.ArchUnitTestDescriptor$ArchUnitRuleDescriptor.execute(ArchUnitTestDescriptor.java:150)
	at org.junit.platform.engine.support.hierarchical.NodeTestTask.lambda$executeRecursively$6(NodeTestTask.java:156)
	at org.junit.platform.engine.support.hierarchical.ThrowableCollector.execute(ThrowableCollector.java:73)
	at org.junit.platform.engine.support.hierarchical.NodeTestTask.lambda$executeRecursively$8(NodeTestTask.java:146)
	at org.junit.platform.engine.support.hierarchical.Node.around(Node.java:137)
	at org.junit.platform.engine.support.hierarchical.NodeTestTask.lambda$executeRecursively$9(NodeTestTask.java:144)
	at org.junit.platform.engine.support.hierarchical.ThrowableCollector.execute(ThrowableCollector.java:73)
	at org.junit.platform.engine.support.hierarchical.NodeTestTask.executeRecursively(NodeTestTask.java:143)
	at org.junit.platform.engine.support.hierarchical.NodeTestTask.execute(NodeTestTask.java:100)
	at java.base/java.util.ArrayList.forEach(ArrayList.java:1604)
	at org.junit.platform.engine.support.hierarchical.SameThreadHierarchicalTestExecutorService.invokeAll(SameThreadHierarchicalTestExecutorService.java:41)
	at org.junit.platform.engine.support.hierarchical.NodeTestTask.lambda$executeRecursively$6(NodeTestTask.java:160)
	at org.junit.platform.engine.support.hierarchical.ThrowableCollector.execute(ThrowableCollector.java:73)
	at org.junit.platform.engine.support.hierarchical.NodeTestTask.lambda$executeRecursively$8(NodeTestTask.java:146)
	at org.junit.platform.engine.support.hierarchical.Node.around(Node.java:137)
	at org.junit.platform.engine.support.hierarchical.NodeTestTask.lambda$executeRecursively$9(NodeTestTask.java:144)
	at org.junit.platform.engine.support.hierarchical.ThrowableCollector.execute(ThrowableCollector.java:73)
	at org.junit.platform.engine.support.hierarchical.NodeTestTask.executeRecursively(NodeTestTask.java:143)
	at org.junit.platform.engine.support.hierarchical.NodeTestTask.execute(NodeTestTask.java:100)
	at java.base/java.util.ArrayList.forEach(ArrayList.java:1604)
	at org.junit.platform.engine.support.hierarchical.SameThreadHierarchicalTestExecutorService.invokeAll(SameThreadHierarchicalTestExecutorService.java:41)
	at org.junit.platform.engine.support.hierarchical.NodeTestTask.lambda$executeRecursively$6(NodeTestTask.java:160)
	at org.junit.platform.engine.support.hierarchical.ThrowableCollector.execute(ThrowableCollector.java:73)
	at org.junit.platform.engine.support.hierarchical.NodeTestTask.lambda$executeRecursively$8(NodeTestTask.java:146)
	at org.junit.platform.engine.support.hierarchical.Node.around(Node.java:137)
	at org.junit.platform.engine.support.hierarchical.NodeTestTask.lambda$executeRecursively$9(NodeTestTask.java:144)
	at org.junit.platform.engine.support.hierarchical.ThrowableCollector.execute(ThrowableCollector.java:73)
	at org.junit.platform.engine.support.hierarchical.NodeTestTask.executeRecursively(NodeTestTask.java:143)
	at org.junit.platform.engine.support.hierarchical.NodeTestTask.execute(NodeTestTask.java:100)
	at org.junit.platform.engine.support.hierarchical.SameThreadHierarchicalTestExecutorService.submit(SameThreadHierarchicalTestExecutorService.java:35)
	at org.junit.platform.engine.support.hierarchical.HierarchicalTestExecutor.execute(HierarchicalTestExecutor.java:57)
	at org.junit.platform.engine.support.hierarchical.HierarchicalTestEngine.execute(HierarchicalTestEngine.java:54)
	at org.junit.platform.launcher.core.EngineExecutionOrchestrator.execute(EngineExecutionOrchestrator.java:198)
	at org.junit.platform.launcher.core.EngineExecutionOrchestrator.execute(EngineExecutionOrchestrator.java:169)
	at org.junit.platform.launcher.core.EngineExecutionOrchestrator.execute(EngineExecutionOrchestrator.java:93)
	at org.junit.platform.launcher.core.EngineExecutionOrchestrator.lambda$execute$0(EngineExecutionOrchestrator.java:58)
	at org.junit.platform.launcher.core.EngineExecutionOrchestrator.withInterceptedStreams(EngineExecutionOrchestrator.java:141)
	at org.junit.platform.launcher.core.EngineExecutionOrchestrator.execute(EngineExecutionOrchestrator.java:57)
	at org.junit.platform.launcher.core.DefaultLauncher.execute(DefaultLauncher.java:103)
	at org.junit.platform.launcher.core.DefaultLauncher.execute(DefaultLauncher.java:85)
	at org.junit.platform.launcher.core.DelegatingLauncher.execute(DelegatingLauncher.java:47)
	at org.apache.maven.surefire.junitplatform.LazyLauncher.execute(LazyLauncher.java:56)
	at org.apache.maven.surefire.junitplatform.JUnitPlatformProvider.execute(JUnitPlatformProvider.java:184)
	at org.apache.maven.surefire.junitplatform.JUnitPlatformProvider.invokeAllTests(JUnitPlatformProvider.java:148)
	at org.apache.maven.surefire.junitplatform.JUnitPlatformProvider.invoke(JUnitPlatformProvider.java:122)
	at org.apache.maven.surefire.booter.ForkedBooter.runSuitesInProcess(ForkedBooter.java:385)
	at org.apache.maven.surefire.booter.ForkedBooter.execute(ForkedBooter.java:162)
	at org.apache.maven.surefire.booter.ForkedBooter.run(ForkedBooter.java:507)
	at org.apache.maven.surefire.booter.ForkedBooter.main(ForkedBooter.java:495)
15:17:19.698 [main] WARN com.tngtech.archunit.core.importer.ClassFileProcessor -- Error during import from jrt:/java.base/java/util/function/Function.class, falling back to simple import
java.lang.IllegalArgumentException: Unsupported class file major version 68
	at com.tngtech.archunit.thirdparty.org.objectweb.asm.ClassReader.<init>(ClassReader.java:200)
	at com.tngtech.archunit.thirdparty.org.objectweb.asm.ClassReader.<init>(ClassReader.java:180)
	at com.tngtech.archunit.thirdparty.org.objectweb.asm.ClassReader.<init>(ClassReader.java:166)
	at com.tngtech.archunit.thirdparty.org.objectweb.asm.ClassReader.<init>(ClassReader.java:288)
	at com.tngtech.archunit.core.importer.ClassFileProcessor$UriImporterOfProcessor.tryImport(ClassFileProcessor.java:350)
	at com.tngtech.archunit.core.importer.resolvers.ClassResolverFromClasspath.tryResolve(ClassResolverFromClasspath.java:51)
	at com.tngtech.archunit.core.importer.ImportedClasses.resolve(ImportedClasses.java:80)
	at com.tngtech.archunit.core.importer.ImportedClasses.ensurePresent(ImportedClasses.java:75)
	at com.tngtech.archunit.core.importer.DependencyResolutionProcess.executeRun(DependencyResolutionProcess.java:146)
	at com.tngtech.archunit.core.importer.DependencyResolutionProcess.resolve(DependencyResolutionProcess.java:122)
	at com.tngtech.archunit.core.importer.ClassGraphCreator.complete(ClassGraphCreator.java:107)
	at com.tngtech.archunit.core.importer.ClassFileProcessor.process(ClassFileProcessor.java:75)
	at com.tngtech.archunit.core.importer.ClassFileImporter.importLocations(ClassFileImporter.java:325)
	at com.tngtech.archunit.junit.internal.ClassCache$CacheClassFileImporter.importClasses(ClassCache.java:126)
	at com.tngtech.archunit.junit.internal.ClassCache$LazyJavaClasses.initialize(ClassCache.java:118)
	at com.tngtech.archunit.junit.internal.ClassCache$LazyJavaClasses.get(ClassCache.java:107)
	at com.tngtech.archunit.junit.internal.ClassCache.getClassesToAnalyzeFor(ClassCache.java:84)
	at com.tngtech.archunit.junit.internal.ArchUnitTestDescriptor.lambda$createChildren$1(ArchUnitTestDescriptor.java:90)
	at com.tngtech.archunit.junit.internal.ArchUnitTestDescriptor$ArchUnitRuleDescriptor.execute(ArchUnitTestDescriptor.java:167)
	at com.tngtech.archunit.junit.internal.ArchUnitTestDescriptor$ArchUnitRuleDescriptor.execute(ArchUnitTestDescriptor.java:150)
	at org.junit.platform.engine.support.hierarchical.NodeTestTask.lambda$executeRecursively$6(NodeTestTask.java:156)
	at org.junit.platform.engine.support.hierarchical.ThrowableCollector.execute(ThrowableCollector.java:73)
	at org.junit.platform.engine.support.hierarchical.NodeTestTask.lambda$executeRecursively$8(NodeTestTask.java:146)
	at org.junit.platform.engine.support.hierarchical.Node.around(Node.java:137)
	at org.junit.platform.engine.support.hierarchical.NodeTestTask.lambda$executeRecursively$9(NodeTestTask.java:144)
	at org.junit.platform.engine.support.hierarchical.ThrowableCollector.execute(ThrowableCollector.java:73)
	at org.junit.platform.engine.support.hierarchical.NodeTestTask.executeRecursively(NodeTestTask.java:143)
	at org.junit.platform.engine.support.hierarchical.NodeTestTask.execute(NodeTestTask.java:100)
	at java.base/java.util.ArrayList.forEach(ArrayList.java:1604)
	at org.junit.platform.engine.support.hierarchical.SameThreadHierarchicalTestExecutorService.invokeAll(SameThreadHierarchicalTestExecutorService.java:41)
	at org.junit.platform.engine.support.hierarchical.NodeTestTask.lambda$executeRecursively$6(NodeTestTask.java:160)
	at org.junit.platform.engine.support.hierarchical.ThrowableCollector.execute(ThrowableCollector.java:73)
	at org.junit.platform.engine.support.hierarchical.NodeTestTask.lambda$executeRecursively$8(NodeTestTask.java:146)
	at org.junit.platform.engine.support.hierarchical.Node.around(Node.java:137)
	at org.junit.platform.engine.support.hierarchical.NodeTestTask.lambda$executeRecursively$9(NodeTestTask.java:144)
	at org.junit.platform.engine.support.hierarchical.ThrowableCollector.execute(ThrowableCollector.java:73)
	at org.junit.platform.engine.support.hierarchical.NodeTestTask.executeRecursively(NodeTestTask.java:143)
	at org.junit.platform.engine.support.hierarchical.NodeTestTask.execute(NodeTestTask.java:100)
	at java.base/java.util.ArrayList.forEach(ArrayList.java:1604)
	at org.junit.platform.engine.support.hierarchical.SameThreadHierarchicalTestExecutorService.invokeAll(SameThreadHierarchicalTestExecutorService.java:41)
	at org.junit.platform.engine.support.hierarchical.NodeTestTask.lambda$executeRecursively$6(NodeTestTask.java:160)
	at org.junit.platform.engine.support.hierarchical.ThrowableCollector.execute(ThrowableCollector.java:73)
	at org.junit.platform.engine.support.hierarchical.NodeTestTask.lambda$executeRecursively$8(NodeTestTask.java:146)
	at org.junit.platform.engine.support.hierarchical.Node.around(Node.java:137)
	at org.junit.platform.engine.support.hierarchical.NodeTestTask.lambda$executeRecursively$9(NodeTestTask.java:144)
	at org.junit.platform.engine.support.hierarchical.ThrowableCollector.execute(ThrowableCollector.java:73)
	at org.junit.platform.engine.support.hierarchical.NodeTestTask.executeRecursively(NodeTestTask.java:143)
	at org.junit.platform.engine.support.hierarchical.NodeTestTask.execute(NodeTestTask.java:100)
	at org.junit.platform.engine.support.hierarchical.SameThreadHierarchicalTestExecutorService.submit(SameThreadHierarchicalTestExecutorService.java:35)
	at org.junit.platform.engine.support.hierarchical.HierarchicalTestExecutor.execute(HierarchicalTestExecutor.java:57)
	at org.junit.platform.engine.support.hierarchical.HierarchicalTestEngine.execute(HierarchicalTestEngine.java:54)
	at org.junit.platform.launcher.core.EngineExecutionOrchestrator.execute(EngineExecutionOrchestrator.java:198)
	at org.junit.platform.launcher.core.EngineExecutionOrchestrator.execute(EngineExecutionOrchestrator.java:169)
	at org.junit.platform.launcher.core.EngineExecutionOrchestrator.execute(EngineExecutionOrchestrator.java:93)
	at org.junit.platform.launcher.core.EngineExecutionOrchestrator.lambda$execute$0(EngineExecutionOrchestrator.java:58)
	at org.junit.platform.launcher.core.EngineExecutionOrchestrator.withInterceptedStreams(EngineExecutionOrchestrator.java:141)
	at org.junit.platform.launcher.core.EngineExecutionOrchestrator.execute(EngineExecutionOrchestrator.java:57)
	at org.junit.platform.launcher.core.DefaultLauncher.execute(DefaultLauncher.java:103)
	at org.junit.platform.launcher.core.DefaultLauncher.execute(DefaultLauncher.java:85)
	at org.junit.platform.launcher.core.DelegatingLauncher.execute(DelegatingLauncher.java:47)
	at org.apache.maven.surefire.junitplatform.LazyLauncher.execute(LazyLauncher.java:56)
	at org.apache.maven.surefire.junitplatform.JUnitPlatformProvider.execute(JUnitPlatformProvider.java:184)
	at org.apache.maven.surefire.junitplatform.JUnitPlatformProvider.invokeAllTests(JUnitPlatformProvider.java:148)
	at org.apache.maven.surefire.junitplatform.JUnitPlatformProvider.invoke(JUnitPlatformProvider.java:122)
	at org.apache.maven.surefire.booter.ForkedBooter.runSuitesInProcess(ForkedBooter.java:385)
	at org.apache.maven.surefire.booter.ForkedBooter.execute(ForkedBooter.java:162)
	at org.apache.maven.surefire.booter.ForkedBooter.run(ForkedBooter.java:507)
	at org.apache.maven.surefire.booter.ForkedBooter.main(ForkedBooter.java:495)
15:17:19.702 [main] WARN com.tngtech.archunit.core.importer.ClassFileProcessor -- Error during import from jrt:/java.base/java/lang/Boolean.class, falling back to simple import
java.lang.IllegalArgumentException: Unsupported class file major version 68
	at com.tngtech.archunit.thirdparty.org.objectweb.asm.ClassReader.<init>(ClassReader.java:200)
	at com.tngtech.archunit.thirdparty.org.objectweb.asm.ClassReader.<init>(ClassReader.java:180)
	at com.tngtech.archunit.thirdparty.org.objectweb.asm.ClassReader.<init>(ClassReader.java:166)
	at com.tngtech.archunit.thirdparty.org.objectweb.asm.ClassReader.<init>(ClassReader.java:288)
	at com.tngtech.archunit.core.importer.ClassFileProcessor$UriImporterOfProcessor.tryImport(ClassFileProcessor.java:350)
	at com.tngtech.archunit.core.importer.resolvers.ClassResolverFromClasspath.tryResolve(ClassResolverFromClasspath.java:51)
	at com.tngtech.archunit.core.importer.ImportedClasses.resolve(ImportedClasses.java:80)
	at com.tngtech.archunit.core.importer.ImportedClasses.ensurePresent(ImportedClasses.java:75)
	at com.tngtech.archunit.core.importer.DependencyResolutionProcess.executeRun(DependencyResolutionProcess.java:146)
	at com.tngtech.archunit.core.importer.DependencyResolutionProcess.resolve(DependencyResolutionProcess.java:122)
	at com.tngtech.archunit.core.importer.ClassGraphCreator.complete(ClassGraphCreator.java:107)
	at com.tngtech.archunit.core.importer.ClassFileProcessor.process(ClassFileProcessor.java:75)
	at com.tngtech.archunit.core.importer.ClassFileImporter.importLocations(ClassFileImporter.java:325)
	at com.tngtech.archunit.junit.internal.ClassCache$CacheClassFileImporter.importClasses(ClassCache.java:126)
	at com.tngtech.archunit.junit.internal.ClassCache$LazyJavaClasses.initialize(ClassCache.java:118)
	at com.tngtech.archunit.junit.internal.ClassCache$LazyJavaClasses.get(ClassCache.java:107)
	at com.tngtech.archunit.junit.internal.ClassCache.getClassesToAnalyzeFor(ClassCache.java:84)
	at com.tngtech.archunit.junit.internal.ArchUnitTestDescriptor.lambda$createChildren$1(ArchUnitTestDescriptor.java:90)
	at com.tngtech.archunit.junit.internal.ArchUnitTestDescriptor$ArchUnitRuleDescriptor.execute(ArchUnitTestDescriptor.java:167)
	at com.tngtech.archunit.junit.internal.ArchUnitTestDescriptor$ArchUnitRuleDescriptor.execute(ArchUnitTestDescriptor.java:150)
	at org.junit.platform.engine.support.hierarchical.NodeTestTask.lambda$executeRecursively$6(NodeTestTask.java:156)
	at org.junit.platform.engine.support.hierarchical.ThrowableCollector.execute(ThrowableCollector.java:73)
	at org.junit.platform.engine.support.hierarchical.NodeTestTask.lambda$executeRecursively$8(NodeTestTask.java:146)
	at org.junit.platform.engine.support.hierarchical.Node.around(Node.java:137)
	at org.junit.platform.engine.support.hierarchical.NodeTestTask.lambda$executeRecursively$9(NodeTestTask.java:144)
	at org.junit.platform.engine.support.hierarchical.ThrowableCollector.execute(ThrowableCollector.java:73)
	at org.junit.platform.engine.support.hierarchical.NodeTestTask.executeRecursively(NodeTestTask.java:143)
	at org.junit.platform.engine.support.hierarchical.NodeTestTask.execute(NodeTestTask.java:100)
	at java.base/java.util.ArrayList.forEach(ArrayList.java:1604)
	at org.junit.platform.engine.support.hierarchical.SameThreadHierarchicalTestExecutorService.invokeAll(SameThreadHierarchicalTestExecutorService.java:41)
	at org.junit.platform.engine.support.hierarchical.NodeTestTask.lambda$executeRecursively$6(NodeTestTask.java:160)
	at org.junit.platform.engine.support.hierarchical.ThrowableCollector.execute(ThrowableCollector.java:73)
	at org.junit.platform.engine.support.hierarchical.NodeTestTask.lambda$executeRecursively$8(NodeTestTask.java:146)
	at org.junit.platform.engine.support.hierarchical.Node.around(Node.java:137)
	at org.junit.platform.engine.support.hierarchical.NodeTestTask.lambda$executeRecursively$9(NodeTestTask.java:144)
	at org.junit.platform.engine.support.hierarchical.ThrowableCollector.execute(ThrowableCollector.java:73)
	at org.junit.platform.engine.support.hierarchical.NodeTestTask.executeRecursively(NodeTestTask.java:143)
	at org.junit.platform.engine.support.hierarchical.NodeTestTask.execute(NodeTestTask.java:100)
	at java.base/java.util.ArrayList.forEach(ArrayList.java:1604)
	at org.junit.platform.engine.support.hierarchical.SameThreadHierarchicalTestExecutorService.invokeAll(SameThreadHierarchicalTestExecutorService.java:41)
	at org.junit.platform.engine.support.hierarchical.NodeTestTask.lambda$executeRecursively$6(NodeTestTask.java:160)
	at org.junit.platform.engine.support.hierarchical.ThrowableCollector.execute(ThrowableCollector.java:73)
	at org.junit.platform.engine.support.hierarchical.NodeTestTask.lambda$executeRecursively$8(NodeTestTask.java:146)
	at org.junit.platform.engine.support.hierarchical.Node.around(Node.java:137)
	at org.junit.platform.engine.support.hierarchical.NodeTestTask.lambda$executeRecursively$9(NodeTestTask.java:144)
	at org.junit.platform.engine.support.hierarchical.ThrowableCollector.execute(ThrowableCollector.java:73)
	at org.junit.platform.engine.support.hierarchical.NodeTestTask.executeRecursively(NodeTestTask.java:143)
	at org.junit.platform.engine.support.hierarchical.NodeTestTask.execute(NodeTestTask.java:100)
	at org.junit.platform.engine.support.hierarchical.SameThreadHierarchicalTestExecutorService.submit(SameThreadHierarchicalTestExecutorService.java:35)
	at org.junit.platform.engine.support.hierarchical.HierarchicalTestExecutor.execute(HierarchicalTestExecutor.java:57)
	at org.junit.platform.engine.support.hierarchical.HierarchicalTestEngine.execute(HierarchicalTestEngine.java:54)
	at org.junit.platform.launcher.core.EngineExecutionOrchestrator.execute(EngineExecutionOrchestrator.java:198)
	at org.junit.platform.launcher.core.EngineExecutionOrchestrator.execute(EngineExecutionOrchestrator.java:169)
	at org.junit.platform.launcher.core.EngineExecutionOrchestrator.execute(EngineExecutionOrchestrator.java:93)
	at org.junit.platform.launcher.core.EngineExecutionOrchestrator.lambda$execute$0(EngineExecutionOrchestrator.java:58)
	at org.junit.platform.launcher.core.EngineExecutionOrchestrator.withInterceptedStreams(EngineExecutionOrchestrator.java:141)
	at org.junit.platform.launcher.core.EngineExecutionOrchestrator.execute(EngineExecutionOrchestrator.java:57)
	at org.junit.platform.launcher.core.DefaultLauncher.execute(DefaultLauncher.java:103)
	at org.junit.platform.launcher.core.DefaultLauncher.execute(DefaultLauncher.java:85)
	at org.junit.platform.launcher.core.DelegatingLauncher.execute(DelegatingLauncher.java:47)
	at org.apache.maven.surefire.junitplatform.LazyLauncher.execute(LazyLauncher.java:56)
	at org.apache.maven.surefire.junitplatform.JUnitPlatformProvider.execute(JUnitPlatformProvider.java:184)
	at org.apache.maven.surefire.junitplatform.JUnitPlatformProvider.invokeAllTests(JUnitPlatformProvider.java:148)
	at org.apache.maven.surefire.junitplatform.JUnitPlatformProvider.invoke(JUnitPlatformProvider.java:122)
	at org.apache.maven.surefire.booter.ForkedBooter.runSuitesInProcess(ForkedBooter.java:385)
	at org.apache.maven.surefire.booter.ForkedBooter.execute(ForkedBooter.java:162)
	at org.apache.maven.surefire.booter.ForkedBooter.run(ForkedBooter.java:507)
	at org.apache.maven.surefire.booter.ForkedBooter.main(ForkedBooter.java:495)
15:17:19.703 [main] WARN com.tngtech.archunit.core.importer.ClassFileProcessor -- Error during import from jrt:/java.base/java/time/Period.class, falling back to simple import
java.lang.IllegalArgumentException: Unsupported class file major version 68
	at com.tngtech.archunit.thirdparty.org.objectweb.asm.ClassReader.<init>(ClassReader.java:200)
	at com.tngtech.archunit.thirdparty.org.objectweb.asm.ClassReader.<init>(ClassReader.java:180)
	at com.tngtech.archunit.thirdparty.org.objectweb.asm.ClassReader.<init>(ClassReader.java:166)
	at com.tngtech.archunit.thirdparty.org.objectweb.asm.ClassReader.<init>(ClassReader.java:288)
	at com.tngtech.archunit.core.importer.ClassFileProcessor$UriImporterOfProcessor.tryImport(ClassFileProcessor.java:350)
	at com.tngtech.archunit.core.importer.resolvers.ClassResolverFromClasspath.tryResolve(ClassResolverFromClasspath.java:51)
	at com.tngtech.archunit.core.importer.ImportedClasses.resolve(ImportedClasses.java:80)
	at com.tngtech.archunit.core.importer.ImportedClasses.ensurePresent(ImportedClasses.java:75)
	at com.tngtech.archunit.core.importer.DependencyResolutionProcess.executeRun(DependencyResolutionProcess.java:146)
	at com.tngtech.archunit.core.importer.DependencyResolutionProcess.resolve(DependencyResolutionProcess.java:122)
	at com.tngtech.archunit.core.importer.ClassGraphCreator.complete(ClassGraphCreator.java:107)
	at com.tngtech.archunit.core.importer.ClassFileProcessor.process(ClassFileProcessor.java:75)
	at com.tngtech.archunit.core.importer.ClassFileImporter.importLocations(ClassFileImporter.java:325)
	at com.tngtech.archunit.junit.internal.ClassCache$CacheClassFileImporter.importClasses(ClassCache.java:126)
	at com.tngtech.archunit.junit.internal.ClassCache$LazyJavaClasses.initialize(ClassCache.java:118)
	at com.tngtech.archunit.junit.internal.ClassCache$LazyJavaClasses.get(ClassCache.java:107)
	at com.tngtech.archunit.junit.internal.ClassCache.getClassesToAnalyzeFor(ClassCache.java:84)
	at com.tngtech.archunit.junit.internal.ArchUnitTestDescriptor.lambda$createChildren$1(ArchUnitTestDescriptor.java:90)
	at com.tngtech.archunit.junit.internal.ArchUnitTestDescriptor$ArchUnitRuleDescriptor.execute(ArchUnitTestDescriptor.java:167)
	at com.tngtech.archunit.junit.internal.ArchUnitTestDescriptor$ArchUnitRuleDescriptor.execute(ArchUnitTestDescriptor.java:150)
	at org.junit.platform.engine.support.hierarchical.NodeTestTask.lambda$executeRecursively$6(NodeTestTask.java:156)
	at org.junit.platform.engine.support.hierarchical.ThrowableCollector.execute(ThrowableCollector.java:73)
	at org.junit.platform.engine.support.hierarchical.NodeTestTask.lambda$executeRecursively$8(NodeTestTask.java:146)
	at org.junit.platform.engine.support.hierarchical.Node.around(Node.java:137)
	at org.junit.platform.engine.support.hierarchical.NodeTestTask.lambda$executeRecursively$9(NodeTestTask.java:144)
	at org.junit.platform.engine.support.hierarchical.ThrowableCollector.execute(ThrowableCollector.java:73)
	at org.junit.platform.engine.support.hierarchical.NodeTestTask.executeRecursively(NodeTestTask.java:143)
	at org.junit.platform.engine.support.hierarchical.NodeTestTask.execute(NodeTestTask.java:100)
	at java.base/java.util.ArrayList.forEach(ArrayList.java:1604)
	at org.junit.platform.engine.support.hierarchical.SameThreadHierarchicalTestExecutorService.invokeAll(SameThreadHierarchicalTestExecutorService.java:41)
	at org.junit.platform.engine.support.hierarchical.NodeTestTask.lambda$executeRecursively$6(NodeTestTask.java:160)
	at org.junit.platform.engine.support.hierarchical.ThrowableCollector.execute(ThrowableCollector.java:73)
	at org.junit.platform.engine.support.hierarchical.NodeTestTask.lambda$executeRecursively$8(NodeTestTask.java:146)
	at org.junit.platform.engine.support.hierarchical.Node.around(Node.java:137)
	at org.junit.platform.engine.support.hierarchical.NodeTestTask.lambda$executeRecursively$9(NodeTestTask.java:144)
	at org.junit.platform.engine.support.hierarchical.ThrowableCollector.execute(ThrowableCollector.java:73)
	at org.junit.platform.engine.support.hierarchical.NodeTestTask.executeRecursively(NodeTestTask.java:143)
	at org.junit.platform.engine.support.hierarchical.NodeTestTask.execute(NodeTestTask.java:100)
	at java.base/java.util.ArrayList.forEach(ArrayList.java:1604)
	at org.junit.platform.engine.support.hierarchical.SameThreadHierarchicalTestExecutorService.invokeAll(SameThreadHierarchicalTestExecutorService.java:41)
	at org.junit.platform.engine.support.hierarchical.NodeTestTask.lambda$executeRecursively$6(NodeTestTask.java:160)
	at org.junit.platform.engine.support.hierarchical.ThrowableCollector.execute(ThrowableCollector.java:73)
	at org.junit.platform.engine.support.hierarchical.NodeTestTask.lambda$executeRecursively$8(NodeTestTask.java:146)
	at org.junit.platform.engine.support.hierarchical.Node.around(Node.java:137)
	at org.junit.platform.engine.support.hierarchical.NodeTestTask.lambda$executeRecursively$9(NodeTestTask.java:144)
	at org.junit.platform.engine.support.hierarchical.ThrowableCollector.execute(ThrowableCollector.java:73)
	at org.junit.platform.engine.support.hierarchical.NodeTestTask.executeRecursively(NodeTestTask.java:143)
	at org.junit.platform.engine.support.hierarchical.NodeTestTask.execute(NodeTestTask.java:100)
	at org.junit.platform.engine.support.hierarchical.SameThreadHierarchicalTestExecutorService.submit(SameThreadHierarchicalTestExecutorService.java:35)
	at org.junit.platform.engine.support.hierarchical.HierarchicalTestExecutor.execute(HierarchicalTestExecutor.java:57)
	at org.junit.platform.engine.support.hierarchical.HierarchicalTestEngine.execute(HierarchicalTestEngine.java:54)
	at org.junit.platform.launcher.core.EngineExecutionOrchestrator.execute(EngineExecutionOrchestrator.java:198)
	at org.junit.platform.launcher.core.EngineExecutionOrchestrator.execute(EngineExecutionOrchestrator.java:169)
	at org.junit.platform.launcher.core.EngineExecutionOrchestrator.execute(EngineExecutionOrchestrator.java:93)
	at org.junit.platform.launcher.core.EngineExecutionOrchestrator.lambda$execute$0(EngineExecutionOrchestrator.java:58)
	at org.junit.platform.launcher.core.EngineExecutionOrchestrator.withInterceptedStreams(EngineExecutionOrchestrator.java:141)
	at org.junit.platform.launcher.core.EngineExecutionOrchestrator.execute(EngineExecutionOrchestrator.java:57)
	at org.junit.platform.launcher.core.DefaultLauncher.execute(DefaultLauncher.java:103)
	at org.junit.platform.launcher.core.DefaultLauncher.execute(DefaultLauncher.java:85)
	at org.junit.platform.launcher.core.DelegatingLauncher.execute(DelegatingLauncher.java:47)
	at org.apache.maven.surefire.junitplatform.LazyLauncher.execute(LazyLauncher.java:56)
	at org.apache.maven.surefire.junitplatform.JUnitPlatformProvider.execute(JUnitPlatformProvider.java:184)
	at org.apache.maven.surefire.junitplatform.JUnitPlatformProvider.invokeAllTests(JUnitPlatformProvider.java:148)
	at org.apache.maven.surefire.junitplatform.JUnitPlatformProvider.invoke(JUnitPlatformProvider.java:122)
	at org.apache.maven.surefire.booter.ForkedBooter.runSuitesInProcess(ForkedBooter.java:385)
	at org.apache.maven.surefire.booter.ForkedBooter.execute(ForkedBooter.java:162)
	at org.apache.maven.surefire.booter.ForkedBooter.run(ForkedBooter.java:507)
	at org.apache.maven.surefire.booter.ForkedBooter.main(ForkedBooter.java:495)
15:17:19.707 [main] WARN com.tngtech.archunit.core.importer.ClassFileProcessor -- Error during import from jrt:/java.base/java/util/concurrent/atomic/AtomicReferenceArray.class, falling back to simple import
java.lang.IllegalArgumentException: Unsupported class file major version 68
	at com.tngtech.archunit.thirdparty.org.objectweb.asm.ClassReader.<init>(ClassReader.java:200)
	at com.tngtech.archunit.thirdparty.org.objectweb.asm.ClassReader.<init>(ClassReader.java:180)
	at com.tngtech.archunit.thirdparty.org.objectweb.asm.ClassReader.<init>(ClassReader.java:166)
	at com.tngtech.archunit.thirdparty.org.objectweb.asm.ClassReader.<init>(ClassReader.java:288)
	at com.tngtech.archunit.core.importer.ClassFileProcessor$UriImporterOfProcessor.tryImport(ClassFileProcessor.java:350)
	at com.tngtech.archunit.core.importer.resolvers.ClassResolverFromClasspath.tryResolve(ClassResolverFromClasspath.java:51)
	at com.tngtech.archunit.core.importer.ImportedClasses.resolve(ImportedClasses.java:80)
	at com.tngtech.archunit.core.importer.ImportedClasses.ensurePresent(ImportedClasses.java:75)
	at com.tngtech.archunit.core.importer.DependencyResolutionProcess.executeRun(DependencyResolutionProcess.java:146)
	at com.tngtech.archunit.core.importer.DependencyResolutionProcess.resolve(DependencyResolutionProcess.java:122)
	at com.tngtech.archunit.core.importer.ClassGraphCreator.complete(ClassGraphCreator.java:107)
	at com.tngtech.archunit.core.importer.ClassFileProcessor.process(ClassFileProcessor.java:75)
	at com.tngtech.archunit.core.importer.ClassFileImporter.importLocations(ClassFileImporter.java:325)
	at com.tngtech.archunit.junit.internal.ClassCache$CacheClassFileImporter.importClasses(ClassCache.java:126)
	at com.tngtech.archunit.junit.internal.ClassCache$LazyJavaClasses.initialize(ClassCache.java:118)
	at com.tngtech.archunit.junit.internal.ClassCache$LazyJavaClasses.get(ClassCache.java:107)
	at com.tngtech.archunit.junit.internal.ClassCache.getClassesToAnalyzeFor(ClassCache.java:84)
	at com.tngtech.archunit.junit.internal.ArchUnitTestDescriptor.lambda$createChildren$1(ArchUnitTestDescriptor.java:90)
	at com.tngtech.archunit.junit.internal.ArchUnitTestDescriptor$ArchUnitRuleDescriptor.execute(ArchUnitTestDescriptor.java:167)
	at com.tngtech.archunit.junit.internal.ArchUnitTestDescriptor$ArchUnitRuleDescriptor.execute(ArchUnitTestDescriptor.java:150)
	at org.junit.platform.engine.support.hierarchical.NodeTestTask.lambda$executeRecursively$6(NodeTestTask.java:156)
	at org.junit.platform.engine.support.hierarchical.ThrowableCollector.execute(ThrowableCollector.java:73)
	at org.junit.platform.engine.support.hierarchical.NodeTestTask.lambda$executeRecursively$8(NodeTestTask.java:146)
	at org.junit.platform.engine.support.hierarchical.Node.around(Node.java:137)
	at org.junit.platform.engine.support.hierarchical.NodeTestTask.lambda$executeRecursively$9(NodeTestTask.java:144)
	at org.junit.platform.engine.support.hierarchical.ThrowableCollector.execute(ThrowableCollector.java:73)
	at org.junit.platform.engine.support.hierarchical.NodeTestTask.executeRecursively(NodeTestTask.java:143)
	at org.junit.platform.engine.support.hierarchical.NodeTestTask.execute(NodeTestTask.java:100)
	at java.base/java.util.ArrayList.forEach(ArrayList.java:1604)
	at org.junit.platform.engine.support.hierarchical.SameThreadHierarchicalTestExecutorService.invokeAll(SameThreadHierarchicalTestExecutorService.java:41)
	at org.junit.platform.engine.support.hierarchical.NodeTestTask.lambda$executeRecursively$6(NodeTestTask.java:160)
	at org.junit.platform.engine.support.hierarchical.ThrowableCollector.execute(ThrowableCollector.java:73)
	at org.junit.platform.engine.support.hierarchical.NodeTestTask.lambda$executeRecursively$8(NodeTestTask.java:146)
	at org.junit.platform.engine.support.hierarchical.Node.around(Node.java:137)
	at org.junit.platform.engine.support.hierarchical.NodeTestTask.lambda$executeRecursively$9(NodeTestTask.java:144)
	at org.junit.platform.engine.support.hierarchical.ThrowableCollector.execute(ThrowableCollector.java:73)
	at org.junit.platform.engine.support.hierarchical.NodeTestTask.executeRecursively(NodeTestTask.java:143)
	at org.junit.platform.engine.support.hierarchical.NodeTestTask.execute(NodeTestTask.java:100)
	at java.base/java.util.ArrayList.forEach(ArrayList.java:1604)
	at org.junit.platform.engine.support.hierarchical.SameThreadHierarchicalTestExecutorService.invokeAll(SameThreadHierarchicalTestExecutorService.java:41)
	at org.junit.platform.engine.support.hierarchical.NodeTestTask.lambda$executeRecursively$6(NodeTestTask.java:160)
	at org.junit.platform.engine.support.hierarchical.ThrowableCollector.execute(ThrowableCollector.java:73)
	at org.junit.platform.engine.support.hierarchical.NodeTestTask.lambda$executeRecursively$8(NodeTestTask.java:146)
	at org.junit.platform.engine.support.hierarchical.Node.around(Node.java:137)
	at org.junit.platform.engine.support.hierarchical.NodeTestTask.lambda$executeRecursively$9(NodeTestTask.java:144)
	at org.junit.platform.engine.support.hierarchical.ThrowableCollector.execute(ThrowableCollector.java:73)
	at org.junit.platform.engine.support.hierarchical.NodeTestTask.executeRecursively(NodeTestTask.java:143)
	at org.junit.platform.engine.support.hierarchical.NodeTestTask.execute(NodeTestTask.java:100)
	at org.junit.platform.engine.support.hierarchical.SameThreadHierarchicalTestExecutorService.submit(SameThreadHierarchicalTestExecutorService.java:35)
	at org.junit.platform.engine.support.hierarchical.HierarchicalTestExecutor.execute(HierarchicalTestExecutor.java:57)
	at org.junit.platform.engine.support.hierarchical.HierarchicalTestEngine.execute(HierarchicalTestEngine.java:54)
	at org.junit.platform.launcher.core.EngineExecutionOrchestrator.execute(EngineExecutionOrchestrator.java:198)
	at org.junit.platform.launcher.core.EngineExecutionOrchestrator.execute(EngineExecutionOrchestrator.java:169)
	at org.junit.platform.launcher.core.EngineExecutionOrchestrator.execute(EngineExecutionOrchestrator.java:93)
	at org.junit.platform.launcher.core.EngineExecutionOrchestrator.lambda$execute$0(EngineExecutionOrchestrator.java:58)
	at org.junit.platform.launcher.core.EngineExecutionOrchestrator.withInterceptedStreams(EngineExecutionOrchestrator.java:141)
	at org.junit.platform.launcher.core.EngineExecutionOrchestrator.execute(EngineExecutionOrchestrator.java:57)
	at org.junit.platform.launcher.core.DefaultLauncher.execute(DefaultLauncher.java:103)
	at org.junit.platform.launcher.core.DefaultLauncher.execute(DefaultLauncher.java:85)
	at org.junit.platform.launcher.core.DelegatingLauncher.execute(DelegatingLauncher.java:47)
	at org.apache.maven.surefire.junitplatform.LazyLauncher.execute(LazyLauncher.java:56)
	at org.apache.maven.surefire.junitplatform.JUnitPlatformProvider.execute(JUnitPlatformProvider.java:184)
	at org.apache.maven.surefire.junitplatform.JUnitPlatformProvider.invokeAllTests(JUnitPlatformProvider.java:148)
	at org.apache.maven.surefire.junitplatform.JUnitPlatformProvider.invoke(JUnitPlatformProvider.java:122)
	at org.apache.maven.surefire.booter.ForkedBooter.runSuitesInProcess(ForkedBooter.java:385)
	at org.apache.maven.surefire.booter.ForkedBooter.execute(ForkedBooter.java:162)
	at org.apache.maven.surefire.booter.ForkedBooter.run(ForkedBooter.java:507)
	at org.apache.maven.surefire.booter.ForkedBooter.main(ForkedBooter.java:495)
15:17:19.708 [main] WARN com.tngtech.archunit.core.importer.ClassFileProcessor -- Error during import from jrt:/java.base/java/lang/Character.class, falling back to simple import
java.lang.IllegalArgumentException: Unsupported class file major version 68
	at com.tngtech.archunit.thirdparty.org.objectweb.asm.ClassReader.<init>(ClassReader.java:200)
	at com.tngtech.archunit.thirdparty.org.objectweb.asm.ClassReader.<init>(ClassReader.java:180)
	at com.tngtech.archunit.thirdparty.org.objectweb.asm.ClassReader.<init>(ClassReader.java:166)
	at com.tngtech.archunit.thirdparty.org.objectweb.asm.ClassReader.<init>(ClassReader.java:288)
	at com.tngtech.archunit.core.importer.ClassFileProcessor$UriImporterOfProcessor.tryImport(ClassFileProcessor.java:350)
	at com.tngtech.archunit.core.importer.resolvers.ClassResolverFromClasspath.tryResolve(ClassResolverFromClasspath.java:51)
	at com.tngtech.archunit.core.importer.ImportedClasses.resolve(ImportedClasses.java:80)
	at com.tngtech.archunit.core.importer.ImportedClasses.ensurePresent(ImportedClasses.java:75)
	at com.tngtech.archunit.core.importer.DependencyResolutionProcess.executeRun(DependencyResolutionProcess.java:146)
	at com.tngtech.archunit.core.importer.DependencyResolutionProcess.resolve(DependencyResolutionProcess.java:122)
	at com.tngtech.archunit.core.importer.ClassGraphCreator.complete(ClassGraphCreator.java:107)
	at com.tngtech.archunit.core.importer.ClassFileProcessor.process(ClassFileProcessor.java:75)
	at com.tngtech.archunit.core.importer.ClassFileImporter.importLocations(ClassFileImporter.java:325)
	at com.tngtech.archunit.junit.internal.ClassCache$CacheClassFileImporter.importClasses(ClassCache.java:126)
	at com.tngtech.archunit.junit.internal.ClassCache$LazyJavaClasses.initialize(ClassCache.java:118)
	at com.tngtech.archunit.junit.internal.ClassCache$LazyJavaClasses.get(ClassCache.java:107)
	at com.tngtech.archunit.junit.internal.ClassCache.getClassesToAnalyzeFor(ClassCache.java:84)
	at com.tngtech.archunit.junit.internal.ArchUnitTestDescriptor.lambda$createChildren$1(ArchUnitTestDescriptor.java:90)
	at com.tngtech.archunit.junit.internal.ArchUnitTestDescriptor$ArchUnitRuleDescriptor.execute(ArchUnitTestDescriptor.java:167)
	at com.tngtech.archunit.junit.internal.ArchUnitTestDescriptor$ArchUnitRuleDescriptor.execute(ArchUnitTestDescriptor.java:150)
	at org.junit.platform.engine.support.hierarchical.NodeTestTask.lambda$executeRecursively$6(NodeTestTask.java:156)
	at org.junit.platform.engine.support.hierarchical.ThrowableCollector.execute(ThrowableCollector.java:73)
	at org.junit.platform.engine.support.hierarchical.NodeTestTask.lambda$executeRecursively$8(NodeTestTask.java:146)
	at org.junit.platform.engine.support.hierarchical.Node.around(Node.java:137)
	at org.junit.platform.engine.support.hierarchical.NodeTestTask.lambda$executeRecursively$9(NodeTestTask.java:144)
	at org.junit.platform.engine.support.hierarchical.ThrowableCollector.execute(ThrowableCollector.java:73)
	at org.junit.platform.engine.support.hierarchical.NodeTestTask.executeRecursively(NodeTestTask.java:143)
	at org.junit.platform.engine.support.hierarchical.NodeTestTask.execute(NodeTestTask.java:100)
	at java.base/java.util.ArrayList.forEach(ArrayList.java:1604)
	at org.junit.platform.engine.support.hierarchical.SameThreadHierarchicalTestExecutorService.invokeAll(SameThreadHierarchicalTestExecutorService.java:41)
	at org.junit.platform.engine.support.hierarchical.NodeTestTask.lambda$executeRecursively$6(NodeTestTask.java:160)
	at org.junit.platform.engine.support.hierarchical.ThrowableCollector.execute(ThrowableCollector.java:73)
	at org.junit.platform.engine.support.hierarchical.NodeTestTask.lambda$executeRecursively$8(NodeTestTask.java:146)
	at org.junit.platform.engine.support.hierarchical.Node.around(Node.java:137)
	at org.junit.platform.engine.support.hierarchical.NodeTestTask.lambda$executeRecursively$9(NodeTestTask.java:144)
	at org.junit.platform.engine.support.hierarchical.ThrowableCollector.execute(ThrowableCollector.java:73)
	at org.junit.platform.engine.support.hierarchical.NodeTestTask.executeRecursively(NodeTestTask.java:143)
	at org.junit.platform.engine.support.hierarchical.NodeTestTask.execute(NodeTestTask.java:100)
	at java.base/java.util.ArrayList.forEach(ArrayList.java:1604)
	at org.junit.platform.engine.support.hierarchical.SameThreadHierarchicalTestExecutorService.invokeAll(SameThreadHierarchicalTestExecutorService.java:41)
	at org.junit.platform.engine.support.hierarchical.NodeTestTask.lambda$executeRecursively$6(NodeTestTask.java:160)
	at org.junit.platform.engine.support.hierarchical.ThrowableCollector.execute(ThrowableCollector.java:73)
	at org.junit.platform.engine.support.hierarchical.NodeTestTask.lambda$executeRecursively$8(NodeTestTask.java:146)
	at org.junit.platform.engine.support.hierarchical.Node.around(Node.java:137)
	at org.junit.platform.engine.support.hierarchical.NodeTestTask.lambda$executeRecursively$9(NodeTestTask.java:144)
	at org.junit.platform.engine.support.hierarchical.ThrowableCollector.execute(ThrowableCollector.java:73)
	at org.junit.platform.engine.support.hierarchical.NodeTestTask.executeRecursively(NodeTestTask.java:143)
	at org.junit.platform.engine.support.hierarchical.NodeTestTask.execute(NodeTestTask.java:100)
	at org.junit.platform.engine.support.hierarchical.SameThreadHierarchicalTestExecutorService.submit(SameThreadHierarchicalTestExecutorService.java:35)
	at org.junit.platform.engine.support.hierarchical.HierarchicalTestExecutor.execute(HierarchicalTestExecutor.java:57)
	at org.junit.platform.engine.support.hierarchical.HierarchicalTestEngine.execute(HierarchicalTestEngine.java:54)
	at org.junit.platform.launcher.core.EngineExecutionOrchestrator.execute(EngineExecutionOrchestrator.java:198)
	at org.junit.platform.launcher.core.EngineExecutionOrchestrator.execute(EngineExecutionOrchestrator.java:169)
	at org.junit.platform.launcher.core.EngineExecutionOrchestrator.execute(EngineExecutionOrchestrator.java:93)
	at org.junit.platform.launcher.core.EngineExecutionOrchestrator.lambda$execute$0(EngineExecutionOrchestrator.java:58)
	at org.junit.platform.launcher.core.EngineExecutionOrchestrator.withInterceptedStreams(EngineExecutionOrchestrator.java:141)
	at org.junit.platform.launcher.core.EngineExecutionOrchestrator.execute(EngineExecutionOrchestrator.java:57)
	at org.junit.platform.launcher.core.DefaultLauncher.execute(DefaultLauncher.java:103)
	at org.junit.platform.launcher.core.DefaultLauncher.execute(DefaultLauncher.java:85)
	at org.junit.platform.launcher.core.DelegatingLauncher.execute(DelegatingLauncher.java:47)
	at org.apache.maven.surefire.junitplatform.LazyLauncher.execute(LazyLauncher.java:56)
	at org.apache.maven.surefire.junitplatform.JUnitPlatformProvider.execute(JUnitPlatformProvider.java:184)
	at org.apache.maven.surefire.junitplatform.JUnitPlatformProvider.invokeAllTests(JUnitPlatformProvider.java:148)
	at org.apache.maven.surefire.junitplatform.JUnitPlatformProvider.invoke(JUnitPlatformProvider.java:122)
	at org.apache.maven.surefire.booter.ForkedBooter.runSuitesInProcess(ForkedBooter.java:385)
	at org.apache.maven.surefire.booter.ForkedBooter.execute(ForkedBooter.java:162)
	at org.apache.maven.surefire.booter.ForkedBooter.run(ForkedBooter.java:507)
	at org.apache.maven.surefire.booter.ForkedBooter.main(ForkedBooter.java:495)
15:17:19.712 [main] WARN com.tngtech.archunit.core.importer.ClassFileProcessor -- Error during import from jrt:/java.base/java/lang/AssertionError.class, falling back to simple import
java.lang.IllegalArgumentException: Unsupported class file major version 68
	at com.tngtech.archunit.thirdparty.org.objectweb.asm.ClassReader.<init>(ClassReader.java:200)
	at com.tngtech.archunit.thirdparty.org.objectweb.asm.ClassReader.<init>(ClassReader.java:180)
	at com.tngtech.archunit.thirdparty.org.objectweb.asm.ClassReader.<init>(ClassReader.java:166)
	at com.tngtech.archunit.thirdparty.org.objectweb.asm.ClassReader.<init>(ClassReader.java:288)
	at com.tngtech.archunit.core.importer.ClassFileProcessor$UriImporterOfProcessor.tryImport(ClassFileProcessor.java:350)
	at com.tngtech.archunit.core.importer.resolvers.ClassResolverFromClasspath.tryResolve(ClassResolverFromClasspath.java:51)
	at com.tngtech.archunit.core.importer.ImportedClasses.resolve(ImportedClasses.java:80)
	at com.tngtech.archunit.core.importer.ImportedClasses.ensurePresent(ImportedClasses.java:75)
	at com.tngtech.archunit.core.importer.DependencyResolutionProcess.executeRun(DependencyResolutionProcess.java:146)
	at com.tngtech.archunit.core.importer.DependencyResolutionProcess.resolve(DependencyResolutionProcess.java:122)
	at com.tngtech.archunit.core.importer.ClassGraphCreator.complete(ClassGraphCreator.java:107)
	at com.tngtech.archunit.core.importer.ClassFileProcessor.process(ClassFileProcessor.java:75)
	at com.tngtech.archunit.core.importer.ClassFileImporter.importLocations(ClassFileImporter.java:325)
	at com.tngtech.archunit.junit.internal.ClassCache$CacheClassFileImporter.importClasses(ClassCache.java:126)
	at com.tngtech.archunit.junit.internal.ClassCache$LazyJavaClasses.initialize(ClassCache.java:118)
	at com.tngtech.archunit.junit.internal.ClassCache$LazyJavaClasses.get(ClassCache.java:107)
	at com.tngtech.archunit.junit.internal.ClassCache.getClassesToAnalyzeFor(ClassCache.java:84)
	at com.tngtech.archunit.junit.internal.ArchUnitTestDescriptor.lambda$createChildren$1(ArchUnitTestDescriptor.java:90)
	at com.tngtech.archunit.junit.internal.ArchUnitTestDescriptor$ArchUnitRuleDescriptor.execute(ArchUnitTestDescriptor.java:167)
	at com.tngtech.archunit.junit.internal.ArchUnitTestDescriptor$ArchUnitRuleDescriptor.execute(ArchUnitTestDescriptor.java:150)
	at org.junit.platform.engine.support.hierarchical.NodeTestTask.lambda$executeRecursively$6(NodeTestTask.java:156)
	at org.junit.platform.engine.support.hierarchical.ThrowableCollector.execute(ThrowableCollector.java:73)
	at org.junit.platform.engine.support.hierarchical.NodeTestTask.lambda$executeRecursively$8(NodeTestTask.java:146)
	at org.junit.platform.engine.support.hierarchical.Node.around(Node.java:137)
	at org.junit.platform.engine.support.hierarchical.NodeTestTask.lambda$executeRecursively$9(NodeTestTask.java:144)
	at org.junit.platform.engine.support.hierarchical.ThrowableCollector.execute(ThrowableCollector.java:73)
	at org.junit.platform.engine.support.hierarchical.NodeTestTask.executeRecursively(NodeTestTask.java:143)
	at org.junit.platform.engine.support.hierarchical.NodeTestTask.execute(NodeTestTask.java:100)
	at java.base/java.util.ArrayList.forEach(ArrayList.java:1604)
	at org.junit.platform.engine.support.hierarchical.SameThreadHierarchicalTestExecutorService.invokeAll(SameThreadHierarchicalTestExecutorService.java:41)
	at org.junit.platform.engine.support.hierarchical.NodeTestTask.lambda$executeRecursively$6(NodeTestTask.java:160)
	at org.junit.platform.engine.support.hierarchical.ThrowableCollector.execute(ThrowableCollector.java:73)
	at org.junit.platform.engine.support.hierarchical.NodeTestTask.lambda$executeRecursively$8(NodeTestTask.java:146)
	at org.junit.platform.engine.support.hierarchical.Node.around(Node.java:137)
	at org.junit.platform.engine.support.hierarchical.NodeTestTask.lambda$executeRecursively$9(NodeTestTask.java:144)
	at org.junit.platform.engine.support.hierarchical.ThrowableCollector.execute(ThrowableCollector.java:73)
	at org.junit.platform.engine.support.hierarchical.NodeTestTask.executeRecursively(NodeTestTask.java:143)
	at org.junit.platform.engine.support.hierarchical.NodeTestTask.execute(NodeTestTask.java:100)
	at java.base/java.util.ArrayList.forEach(ArrayList.java:1604)
	at org.junit.platform.engine.support.hierarchical.SameThreadHierarchicalTestExecutorService.invokeAll(SameThreadHierarchicalTestExecutorService.java:41)
	at org.junit.platform.engine.support.hierarchical.NodeTestTask.lambda$executeRecursively$6(NodeTestTask.java:160)
	at org.junit.platform.engine.support.hierarchical.ThrowableCollector.execute(ThrowableCollector.java:73)
	at org.junit.platform.engine.support.hierarchical.NodeTestTask.lambda$executeRecursively$8(NodeTestTask.java:146)
	at org.junit.platform.engine.support.hierarchical.Node.around(Node.java:137)
	at org.junit.platform.engine.support.hierarchical.NodeTestTask.lambda$executeRecursively$9(NodeTestTask.java:144)
	at org.junit.platform.engine.support.hierarchical.ThrowableCollector.execute(ThrowableCollector.java:73)
	at org.junit.platform.engine.support.hierarchical.NodeTestTask.executeRecursively(NodeTestTask.java:143)
	at org.junit.platform.engine.support.hierarchical.NodeTestTask.execute(NodeTestTask.java:100)
	at org.junit.platform.engine.support.hierarchical.SameThreadHierarchicalTestExecutorService.submit(SameThreadHierarchicalTestExecutorService.java:35)
	at org.junit.platform.engine.support.hierarchical.HierarchicalTestExecutor.execute(HierarchicalTestExecutor.java:57)
	at org.junit.platform.engine.support.hierarchical.HierarchicalTestEngine.execute(HierarchicalTestEngine.java:54)
	at org.junit.platform.launcher.core.EngineExecutionOrchestrator.execute(EngineExecutionOrchestrator.java:198)
	at org.junit.platform.launcher.core.EngineExecutionOrchestrator.execute(EngineExecutionOrchestrator.java:169)
	at org.junit.platform.launcher.core.EngineExecutionOrchestrator.execute(EngineExecutionOrchestrator.java:93)
	at org.junit.platform.launcher.core.EngineExecutionOrchestrator.lambda$execute$0(EngineExecutionOrchestrator.java:58)
	at org.junit.platform.launcher.core.EngineExecutionOrchestrator.withInterceptedStreams(EngineExecutionOrchestrator.java:141)
	at org.junit.platform.launcher.core.EngineExecutionOrchestrator.execute(EngineExecutionOrchestrator.java:57)
	at org.junit.platform.launcher.core.DefaultLauncher.execute(DefaultLauncher.java:103)
	at org.junit.platform.launcher.core.DefaultLauncher.execute(DefaultLauncher.java:85)
	at org.junit.platform.launcher.core.DelegatingLauncher.execute(DelegatingLauncher.java:47)
	at org.apache.maven.surefire.junitplatform.LazyLauncher.execute(LazyLauncher.java:56)
	at org.apache.maven.surefire.junitplatform.JUnitPlatformProvider.execute(JUnitPlatformProvider.java:184)
	at org.apache.maven.surefire.junitplatform.JUnitPlatformProvider.invokeAllTests(JUnitPlatformProvider.java:148)
	at org.apache.maven.surefire.junitplatform.JUnitPlatformProvider.invoke(JUnitPlatformProvider.java:122)
	at org.apache.maven.surefire.booter.ForkedBooter.runSuitesInProcess(ForkedBooter.java:385)
	at org.apache.maven.surefire.booter.ForkedBooter.execute(ForkedBooter.java:162)
	at org.apache.maven.surefire.booter.ForkedBooter.run(ForkedBooter.java:507)
	at org.apache.maven.surefire.booter.ForkedBooter.main(ForkedBooter.java:495)
15:17:19.715 [main] WARN com.tngtech.archunit.core.importer.ClassFileProcessor -- Error during import from jrt:/java.base/java/util/stream/LongStream.class, falling back to simple import
java.lang.IllegalArgumentException: Unsupported class file major version 68
	at com.tngtech.archunit.thirdparty.org.objectweb.asm.ClassReader.<init>(ClassReader.java:200)
	at com.tngtech.archunit.thirdparty.org.objectweb.asm.ClassReader.<init>(ClassReader.java:180)
	at com.tngtech.archunit.thirdparty.org.objectweb.asm.ClassReader.<init>(ClassReader.java:166)
	at com.tngtech.archunit.thirdparty.org.objectweb.asm.ClassReader.<init>(ClassReader.java:288)
	at com.tngtech.archunit.core.importer.ClassFileProcessor$UriImporterOfProcessor.tryImport(ClassFileProcessor.java:350)
	at com.tngtech.archunit.core.importer.resolvers.ClassResolverFromClasspath.tryResolve(ClassResolverFromClasspath.java:51)
	at com.tngtech.archunit.core.importer.ImportedClasses.resolve(ImportedClasses.java:80)
	at com.tngtech.archunit.core.importer.ImportedClasses.ensurePresent(ImportedClasses.java:75)
	at com.tngtech.archunit.core.importer.DependencyResolutionProcess.executeRun(DependencyResolutionProcess.java:146)
	at com.tngtech.archunit.core.importer.DependencyResolutionProcess.resolve(DependencyResolutionProcess.java:122)
	at com.tngtech.archunit.core.importer.ClassGraphCreator.complete(ClassGraphCreator.java:107)
	at com.tngtech.archunit.core.importer.ClassFileProcessor.process(ClassFileProcessor.java:75)
	at com.tngtech.archunit.core.importer.ClassFileImporter.importLocations(ClassFileImporter.java:325)
	at com.tngtech.archunit.junit.internal.ClassCache$CacheClassFileImporter.importClasses(ClassCache.java:126)
	at com.tngtech.archunit.junit.internal.ClassCache$LazyJavaClasses.initialize(ClassCache.java:118)
	at com.tngtech.archunit.junit.internal.ClassCache$LazyJavaClasses.get(ClassCache.java:107)
	at com.tngtech.archunit.junit.internal.ClassCache.getClassesToAnalyzeFor(ClassCache.java:84)
	at com.tngtech.archunit.junit.internal.ArchUnitTestDescriptor.lambda$createChildren$1(ArchUnitTestDescriptor.java:90)
	at com.tngtech.archunit.junit.internal.ArchUnitTestDescriptor$ArchUnitRuleDescriptor.execute(ArchUnitTestDescriptor.java:167)
	at com.tngtech.archunit.junit.internal.ArchUnitTestDescriptor$ArchUnitRuleDescriptor.execute(ArchUnitTestDescriptor.java:150)
	at org.junit.platform.engine.support.hierarchical.NodeTestTask.lambda$executeRecursively$6(NodeTestTask.java:156)
	at org.junit.platform.engine.support.hierarchical.ThrowableCollector.execute(ThrowableCollector.java:73)
	at org.junit.platform.engine.support.hierarchical.NodeTestTask.lambda$executeRecursively$8(NodeTestTask.java:146)
	at org.junit.platform.engine.support.hierarchical.Node.around(Node.java:137)
	at org.junit.platform.engine.support.hierarchical.NodeTestTask.lambda$executeRecursively$9(NodeTestTask.java:144)
	at org.junit.platform.engine.support.hierarchical.ThrowableCollector.execute(ThrowableCollector.java:73)
	at org.junit.platform.engine.support.hierarchical.NodeTestTask.executeRecursively(NodeTestTask.java:143)
	at org.junit.platform.engine.support.hierarchical.NodeTestTask.execute(NodeTestTask.java:100)
	at java.base/java.util.ArrayList.forEach(ArrayList.java:1604)
	at org.junit.platform.engine.support.hierarchical.SameThreadHierarchicalTestExecutorService.invokeAll(SameThreadHierarchicalTestExecutorService.java:41)
	at org.junit.platform.engine.support.hierarchical.NodeTestTask.lambda$executeRecursively$6(NodeTestTask.java:160)
	at org.junit.platform.engine.support.hierarchical.ThrowableCollector.execute(ThrowableCollector.java:73)
	at org.junit.platform.engine.support.hierarchical.NodeTestTask.lambda$executeRecursively$8(NodeTestTask.java:146)
	at org.junit.platform.engine.support.hierarchical.Node.around(Node.java:137)
	at org.junit.platform.engine.support.hierarchical.NodeTestTask.lambda$executeRecursively$9(NodeTestTask.java:144)
	at org.junit.platform.engine.support.hierarchical.ThrowableCollector.execute(ThrowableCollector.java:73)
	at org.junit.platform.engine.support.hierarchical.NodeTestTask.executeRecursively(NodeTestTask.java:143)
	at org.junit.platform.engine.support.hierarchical.NodeTestTask.execute(NodeTestTask.java:100)
	at java.base/java.util.ArrayList.forEach(ArrayList.java:1604)
	at org.junit.platform.engine.support.hierarchical.SameThreadHierarchicalTestExecutorService.invokeAll(SameThreadHierarchicalTestExecutorService.java:41)
	at org.junit.platform.engine.support.hierarchical.NodeTestTask.lambda$executeRecursively$6(NodeTestTask.java:160)
	at org.junit.platform.engine.support.hierarchical.ThrowableCollector.execute(ThrowableCollector.java:73)
	at org.junit.platform.engine.support.hierarchical.NodeTestTask.lambda$executeRecursively$8(NodeTestTask.java:146)
	at org.junit.platform.engine.support.hierarchical.Node.around(Node.java:137)
	at org.junit.platform.engine.support.hierarchical.NodeTestTask.lambda$executeRecursively$9(NodeTestTask.java:144)
	at org.junit.platform.engine.support.hierarchical.ThrowableCollector.execute(ThrowableCollector.java:73)
	at org.junit.platform.engine.support.hierarchical.NodeTestTask.executeRecursively(NodeTestTask.java:143)
	at org.junit.platform.engine.support.hierarchical.NodeTestTask.execute(NodeTestTask.java:100)
	at org.junit.platform.engine.support.hierarchical.SameThreadHierarchicalTestExecutorService.submit(SameThreadHierarchicalTestExecutorService.java:35)
	at org.junit.platform.engine.support.hierarchical.HierarchicalTestExecutor.execute(HierarchicalTestExecutor.java:57)
	at org.junit.platform.engine.support.hierarchical.HierarchicalTestEngine.execute(HierarchicalTestEngine.java:54)
	at org.junit.platform.launcher.core.EngineExecutionOrchestrator.execute(EngineExecutionOrchestrator.java:198)
	at org.junit.platform.launcher.core.EngineExecutionOrchestrator.execute(EngineExecutionOrchestrator.java:169)
	at org.junit.platform.launcher.core.EngineExecutionOrchestrator.execute(EngineExecutionOrchestrator.java:93)
	at org.junit.platform.launcher.core.EngineExecutionOrchestrator.lambda$execute$0(EngineExecutionOrchestrator.java:58)
	at org.junit.platform.launcher.core.EngineExecutionOrchestrator.withInterceptedStreams(EngineExecutionOrchestrator.java:141)
	at org.junit.platform.launcher.core.EngineExecutionOrchestrator.execute(EngineExecutionOrchestrator.java:57)
	at org.junit.platform.launcher.core.DefaultLauncher.execute(DefaultLauncher.java:103)
	at org.junit.platform.launcher.core.DefaultLauncher.execute(DefaultLauncher.java:85)
	at org.junit.platform.launcher.core.DelegatingLauncher.execute(DelegatingLauncher.java:47)
	at org.apache.maven.surefire.junitplatform.LazyLauncher.execute(LazyLauncher.java:56)
	at org.apache.maven.surefire.junitplatform.JUnitPlatformProvider.execute(JUnitPlatformProvider.java:184)
	at org.apache.maven.surefire.junitplatform.JUnitPlatformProvider.invokeAllTests(JUnitPlatformProvider.java:148)
	at org.apache.maven.surefire.junitplatform.JUnitPlatformProvider.invoke(JUnitPlatformProvider.java:122)
	at org.apache.maven.surefire.booter.ForkedBooter.runSuitesInProcess(ForkedBooter.java:385)
	at org.apache.maven.surefire.booter.ForkedBooter.execute(ForkedBooter.java:162)
	at org.apache.maven.surefire.booter.ForkedBooter.run(ForkedBooter.java:507)
	at org.apache.maven.surefire.booter.ForkedBooter.main(ForkedBooter.java:495)
15:17:19.718 [main] WARN com.tngtech.archunit.core.importer.ClassFileProcessor -- Error during import from jrt:/java.base/java/util/concurrent/atomic/AtomicLongFieldUpdater.class, falling back to simple import
java.lang.IllegalArgumentException: Unsupported class file major version 68
	at com.tngtech.archunit.thirdparty.org.objectweb.asm.ClassReader.<init>(ClassReader.java:200)
	at com.tngtech.archunit.thirdparty.org.objectweb.asm.ClassReader.<init>(ClassReader.java:180)
	at com.tngtech.archunit.thirdparty.org.objectweb.asm.ClassReader.<init>(ClassReader.java:166)
	at com.tngtech.archunit.thirdparty.org.objectweb.asm.ClassReader.<init>(ClassReader.java:288)
	at com.tngtech.archunit.core.importer.ClassFileProcessor$UriImporterOfProcessor.tryImport(ClassFileProcessor.java:350)
	at com.tngtech.archunit.core.importer.resolvers.ClassResolverFromClasspath.tryResolve(ClassResolverFromClasspath.java:51)
	at com.tngtech.archunit.core.importer.ImportedClasses.resolve(ImportedClasses.java:80)
	at com.tngtech.archunit.core.importer.ImportedClasses.ensurePresent(ImportedClasses.java:75)
	at com.tngtech.archunit.core.importer.DependencyResolutionProcess.executeRun(DependencyResolutionProcess.java:146)
	at com.tngtech.archunit.core.importer.DependencyResolutionProcess.resolve(DependencyResolutionProcess.java:122)
	at com.tngtech.archunit.core.importer.ClassGraphCreator.complete(ClassGraphCreator.java:107)
	at com.tngtech.archunit.core.importer.ClassFileProcessor.process(ClassFileProcessor.java:75)
	at com.tngtech.archunit.core.importer.ClassFileImporter.importLocations(ClassFileImporter.java:325)
	at com.tngtech.archunit.junit.internal.ClassCache$CacheClassFileImporter.importClasses(ClassCache.java:126)
	at com.tngtech.archunit.junit.internal.ClassCache$LazyJavaClasses.initialize(ClassCache.java:118)
	at com.tngtech.archunit.junit.internal.ClassCache$LazyJavaClasses.get(ClassCache.java:107)
	at com.tngtech.archunit.junit.internal.ClassCache.getClassesToAnalyzeFor(ClassCache.java:84)
	at com.tngtech.archunit.junit.internal.ArchUnitTestDescriptor.lambda$createChildren$1(ArchUnitTestDescriptor.java:90)
	at com.tngtech.archunit.junit.internal.ArchUnitTestDescriptor$ArchUnitRuleDescriptor.execute(ArchUnitTestDescriptor.java:167)
	at com.tngtech.archunit.junit.internal.ArchUnitTestDescriptor$ArchUnitRuleDescriptor.execute(ArchUnitTestDescriptor.java:150)
	at org.junit.platform.engine.support.hierarchical.NodeTestTask.lambda$executeRecursively$6(NodeTestTask.java:156)
	at org.junit.platform.engine.support.hierarchical.ThrowableCollector.execute(ThrowableCollector.java:73)
	at org.junit.platform.engine.support.hierarchical.NodeTestTask.lambda$executeRecursively$8(NodeTestTask.java:146)
	at org.junit.platform.engine.support.hierarchical.Node.around(Node.java:137)
	at org.junit.platform.engine.support.hierarchical.NodeTestTask.lambda$executeRecursively$9(NodeTestTask.java:144)
	at org.junit.platform.engine.support.hierarchical.ThrowableCollector.execute(ThrowableCollector.java:73)
	at org.junit.platform.engine.support.hierarchical.NodeTestTask.executeRecursively(NodeTestTask.java:143)
	at org.junit.platform.engine.support.hierarchical.NodeTestTask.execute(NodeTestTask.java:100)
	at java.base/java.util.ArrayList.forEach(ArrayList.java:1604)
	at org.junit.platform.engine.support.hierarchical.SameThreadHierarchicalTestExecutorService.invokeAll(SameThreadHierarchicalTestExecutorService.java:41)
	at org.junit.platform.engine.support.hierarchical.NodeTestTask.lambda$executeRecursively$6(NodeTestTask.java:160)
	at org.junit.platform.engine.support.hierarchical.ThrowableCollector.execute(ThrowableCollector.java:73)
	at org.junit.platform.engine.support.hierarchical.NodeTestTask.lambda$executeRecursively$8(NodeTestTask.java:146)
	at org.junit.platform.engine.support.hierarchical.Node.around(Node.java:137)
	at org.junit.platform.engine.support.hierarchical.NodeTestTask.lambda$executeRecursively$9(NodeTestTask.java:144)
	at org.junit.platform.engine.support.hierarchical.ThrowableCollector.execute(ThrowableCollector.java:73)
	at org.junit.platform.engine.support.hierarchical.NodeTestTask.executeRecursively(NodeTestTask.java:143)
	at org.junit.platform.engine.support.hierarchical.NodeTestTask.execute(NodeTestTask.java:100)
	at java.base/java.util.ArrayList.forEach(ArrayList.java:1604)
	at org.junit.platform.engine.support.hierarchical.SameThreadHierarchicalTestExecutorService.invokeAll(SameThreadHierarchicalTestExecutorService.java:41)
	at org.junit.platform.engine.support.hierarchical.NodeTestTask.lambda$executeRecursively$6(NodeTestTask.java:160)
	at org.junit.platform.engine.support.hierarchical.ThrowableCollector.execute(ThrowableCollector.java:73)
	at org.junit.platform.engine.support.hierarchical.NodeTestTask.lambda$executeRecursively$8(NodeTestTask.java:146)
	at org.junit.platform.engine.support.hierarchical.Node.around(Node.java:137)
	at org.junit.platform.engine.support.hierarchical.NodeTestTask.lambda$executeRecursively$9(NodeTestTask.java:144)
	at org.junit.platform.engine.support.hierarchical.ThrowableCollector.execute(ThrowableCollector.java:73)
	at org.junit.platform.engine.support.hierarchical.NodeTestTask.executeRecursively(NodeTestTask.java:143)
	at org.junit.platform.engine.support.hierarchical.NodeTestTask.execute(NodeTestTask.java:100)
	at org.junit.platform.engine.support.hierarchical.SameThreadHierarchicalTestExecutorService.submit(SameThreadHierarchicalTestExecutorService.java:35)
	at org.junit.platform.engine.support.hierarchical.HierarchicalTestExecutor.execute(HierarchicalTestExecutor.java:57)
	at org.junit.platform.engine.support.hierarchical.HierarchicalTestEngine.execute(HierarchicalTestEngine.java:54)
	at org.junit.platform.launcher.core.EngineExecutionOrchestrator.execute(EngineExecutionOrchestrator.java:198)
	at org.junit.platform.launcher.core.EngineExecutionOrchestrator.execute(EngineExecutionOrchestrator.java:169)
	at org.junit.platform.launcher.core.EngineExecutionOrchestrator.execute(EngineExecutionOrchestrator.java:93)
	at org.junit.platform.launcher.core.EngineExecutionOrchestrator.lambda$execute$0(EngineExecutionOrchestrator.java:58)
	at org.junit.platform.launcher.core.EngineExecutionOrchestrator.withInterceptedStreams(EngineExecutionOrchestrator.java:141)
	at org.junit.platform.launcher.core.EngineExecutionOrchestrator.execute(EngineExecutionOrchestrator.java:57)
	at org.junit.platform.launcher.core.DefaultLauncher.execute(DefaultLauncher.java:103)
	at org.junit.platform.launcher.core.DefaultLauncher.execute(DefaultLauncher.java:85)
	at org.junit.platform.launcher.core.DelegatingLauncher.execute(DelegatingLauncher.java:47)
	at org.apache.maven.surefire.junitplatform.LazyLauncher.execute(LazyLauncher.java:56)
	at org.apache.maven.surefire.junitplatform.JUnitPlatformProvider.execute(JUnitPlatformProvider.java:184)
	at org.apache.maven.surefire.junitplatform.JUnitPlatformProvider.invokeAllTests(JUnitPlatformProvider.java:148)
	at org.apache.maven.surefire.junitplatform.JUnitPlatformProvider.invoke(JUnitPlatformProvider.java:122)
	at org.apache.maven.surefire.booter.ForkedBooter.runSuitesInProcess(ForkedBooter.java:385)
	at org.apache.maven.surefire.booter.ForkedBooter.execute(ForkedBooter.java:162)
	at org.apache.maven.surefire.booter.ForkedBooter.run(ForkedBooter.java:507)
	at org.apache.maven.surefire.booter.ForkedBooter.main(ForkedBooter.java:495)
15:17:19.720 [main] WARN com.tngtech.archunit.core.importer.ClassFileProcessor -- Error during import from jrt:/java.base/java/util/function/IntPredicate.class, falling back to simple import
java.lang.IllegalArgumentException: Unsupported class file major version 68
	at com.tngtech.archunit.thirdparty.org.objectweb.asm.ClassReader.<init>(ClassReader.java:200)
	at com.tngtech.archunit.thirdparty.org.objectweb.asm.ClassReader.<init>(ClassReader.java:180)
	at com.tngtech.archunit.thirdparty.org.objectweb.asm.ClassReader.<init>(ClassReader.java:166)
	at com.tngtech.archunit.thirdparty.org.objectweb.asm.ClassReader.<init>(ClassReader.java:288)
	at com.tngtech.archunit.core.importer.ClassFileProcessor$UriImporterOfProcessor.tryImport(ClassFileProcessor.java:350)
	at com.tngtech.archunit.core.importer.resolvers.ClassResolverFromClasspath.tryResolve(ClassResolverFromClasspath.java:51)
	at com.tngtech.archunit.core.importer.ImportedClasses.resolve(ImportedClasses.java:80)
	at com.tngtech.archunit.core.importer.ImportedClasses.ensurePresent(ImportedClasses.java:75)
	at com.tngtech.archunit.core.importer.DependencyResolutionProcess.executeRun(DependencyResolutionProcess.java:146)
	at com.tngtech.archunit.core.importer.DependencyResolutionProcess.resolve(DependencyResolutionProcess.java:122)
	at com.tngtech.archunit.core.importer.ClassGraphCreator.complete(ClassGraphCreator.java:107)
	at com.tngtech.archunit.core.importer.ClassFileProcessor.process(ClassFileProcessor.java:75)
	at com.tngtech.archunit.core.importer.ClassFileImporter.importLocations(ClassFileImporter.java:325)
	at com.tngtech.archunit.junit.internal.ClassCache$CacheClassFileImporter.importClasses(ClassCache.java:126)
	at com.tngtech.archunit.junit.internal.ClassCache$LazyJavaClasses.initialize(ClassCache.java:118)
	at com.tngtech.archunit.junit.internal.ClassCache$LazyJavaClasses.get(ClassCache.java:107)
	at com.tngtech.archunit.junit.internal.ClassCache.getClassesToAnalyzeFor(ClassCache.java:84)
	at com.tngtech.archunit.junit.internal.ArchUnitTestDescriptor.lambda$createChildren$1(ArchUnitTestDescriptor.java:90)
	at com.tngtech.archunit.junit.internal.ArchUnitTestDescriptor$ArchUnitRuleDescriptor.execute(ArchUnitTestDescriptor.java:167)
	at com.tngtech.archunit.junit.internal.ArchUnitTestDescriptor$ArchUnitRuleDescriptor.execute(ArchUnitTestDescriptor.java:150)
	at org.junit.platform.engine.support.hierarchical.NodeTestTask.lambda$executeRecursively$6(NodeTestTask.java:156)
	at org.junit.platform.engine.support.hierarchical.ThrowableCollector.execute(ThrowableCollector.java:73)
	at org.junit.platform.engine.support.hierarchical.NodeTestTask.lambda$executeRecursively$8(NodeTestTask.java:146)
	at org.junit.platform.engine.support.hierarchical.Node.around(Node.java:137)
	at org.junit.platform.engine.support.hierarchical.NodeTestTask.lambda$executeRecursively$9(NodeTestTask.java:144)
	at org.junit.platform.engine.support.hierarchical.ThrowableCollector.execute(ThrowableCollector.java:73)
	at org.junit.platform.engine.support.hierarchical.NodeTestTask.executeRecursively(NodeTestTask.java:143)
	at org.junit.platform.engine.support.hierarchical.NodeTestTask.execute(NodeTestTask.java:100)
	at java.base/java.util.ArrayList.forEach(ArrayList.java:1604)
	at org.junit.platform.engine.support.hierarchical.SameThreadHierarchicalTestExecutorService.invokeAll(SameThreadHierarchicalTestExecutorService.java:41)
	at org.junit.platform.engine.support.hierarchical.NodeTestTask.lambda$executeRecursively$6(NodeTestTask.java:160)
	at org.junit.platform.engine.support.hierarchical.ThrowableCollector.execute(ThrowableCollector.java:73)
	at org.junit.platform.engine.support.hierarchical.NodeTestTask.lambda$executeRecursively$8(NodeTestTask.java:146)
	at org.junit.platform.engine.support.hierarchical.Node.around(Node.java:137)
	at org.junit.platform.engine.support.hierarchical.NodeTestTask.lambda$executeRecursively$9(NodeTestTask.java:144)
	at org.junit.platform.engine.support.hierarchical.ThrowableCollector.execute(ThrowableCollector.java:73)
	at org.junit.platform.engine.support.hierarchical.NodeTestTask.executeRecursively(NodeTestTask.java:143)
	at org.junit.platform.engine.support.hierarchical.NodeTestTask.execute(NodeTestTask.java:100)
	at java.base/java.util.ArrayList.forEach(ArrayList.java:1604)
	at org.junit.platform.engine.support.hierarchical.SameThreadHierarchicalTestExecutorService.invokeAll(SameThreadHierarchicalTestExecutorService.java:41)
	at org.junit.platform.engine.support.hierarchical.NodeTestTask.lambda$executeRecursively$6(NodeTestTask.java:160)
	at org.junit.platform.engine.support.hierarchical.ThrowableCollector.execute(ThrowableCollector.java:73)
	at org.junit.platform.engine.support.hierarchical.NodeTestTask.lambda$executeRecursively$8(NodeTestTask.java:146)
	at org.junit.platform.engine.support.hierarchical.Node.around(Node.java:137)
	at org.junit.platform.engine.support.hierarchical.NodeTestTask.lambda$executeRecursively$9(NodeTestTask.java:144)
	at org.junit.platform.engine.support.hierarchical.ThrowableCollector.execute(ThrowableCollector.java:73)
	at org.junit.platform.engine.support.hierarchical.NodeTestTask.executeRecursively(NodeTestTask.java:143)
	at org.junit.platform.engine.support.hierarchical.NodeTestTask.execute(NodeTestTask.java:100)
	at org.junit.platform.engine.support.hierarchical.SameThreadHierarchicalTestExecutorService.submit(SameThreadHierarchicalTestExecutorService.java:35)
	at org.junit.platform.engine.support.hierarchical.HierarchicalTestExecutor.execute(HierarchicalTestExecutor.java:57)
	at org.junit.platform.engine.support.hierarchical.HierarchicalTestEngine.execute(HierarchicalTestEngine.java:54)
	at org.junit.platform.launcher.core.EngineExecutionOrchestrator.execute(EngineExecutionOrchestrator.java:198)
	at org.junit.platform.launcher.core.EngineExecutionOrchestrator.execute(EngineExecutionOrchestrator.java:169)
	at org.junit.platform.launcher.core.EngineExecutionOrchestrator.execute(EngineExecutionOrchestrator.java:93)
	at org.junit.platform.launcher.core.EngineExecutionOrchestrator.lambda$execute$0(EngineExecutionOrchestrator.java:58)
	at org.junit.platform.launcher.core.EngineExecutionOrchestrator.withInterceptedStreams(EngineExecutionOrchestrator.java:141)
	at org.junit.platform.launcher.core.EngineExecutionOrchestrator.execute(EngineExecutionOrchestrator.java:57)
	at org.junit.platform.launcher.core.DefaultLauncher.execute(DefaultLauncher.java:103)
	at org.junit.platform.launcher.core.DefaultLauncher.execute(DefaultLauncher.java:85)
	at org.junit.platform.launcher.core.DelegatingLauncher.execute(DelegatingLauncher.java:47)
	at org.apache.maven.surefire.junitplatform.LazyLauncher.execute(LazyLauncher.java:56)
	at org.apache.maven.surefire.junitplatform.JUnitPlatformProvider.execute(JUnitPlatformProvider.java:184)
	at org.apache.maven.surefire.junitplatform.JUnitPlatformProvider.invokeAllTests(JUnitPlatformProvider.java:148)
	at org.apache.maven.surefire.junitplatform.JUnitPlatformProvider.invoke(JUnitPlatformProvider.java:122)
	at org.apache.maven.surefire.booter.ForkedBooter.runSuitesInProcess(ForkedBooter.java:385)
	at org.apache.maven.surefire.booter.ForkedBooter.execute(ForkedBooter.java:162)
	at org.apache.maven.surefire.booter.ForkedBooter.run(ForkedBooter.java:507)
	at org.apache.maven.surefire.booter.ForkedBooter.main(ForkedBooter.java:495)
15:17:19.721 [main] WARN com.tngtech.archunit.core.importer.ClassFileProcessor -- Error during import from jrt:/java.base/java/time/LocalTime.class, falling back to simple import
java.lang.IllegalArgumentException: Unsupported class file major version 68
	at com.tngtech.archunit.thirdparty.org.objectweb.asm.ClassReader.<init>(ClassReader.java:200)
	at com.tngtech.archunit.thirdparty.org.objectweb.asm.ClassReader.<init>(ClassReader.java:180)
	at com.tngtech.archunit.thirdparty.org.objectweb.asm.ClassReader.<init>(ClassReader.java:166)
	at com.tngtech.archunit.thirdparty.org.objectweb.asm.ClassReader.<init>(ClassReader.java:288)
	at com.tngtech.archunit.core.importer.ClassFileProcessor$UriImporterOfProcessor.tryImport(ClassFileProcessor.java:350)
	at com.tngtech.archunit.core.importer.resolvers.ClassResolverFromClasspath.tryResolve(ClassResolverFromClasspath.java:51)
	at com.tngtech.archunit.core.importer.ImportedClasses.resolve(ImportedClasses.java:80)
	at com.tngtech.archunit.core.importer.ImportedClasses.ensurePresent(ImportedClasses.java:75)
	at com.tngtech.archunit.core.importer.DependencyResolutionProcess.executeRun(DependencyResolutionProcess.java:146)
	at com.tngtech.archunit.core.importer.DependencyResolutionProcess.resolve(DependencyResolutionProcess.java:122)
	at com.tngtech.archunit.core.importer.ClassGraphCreator.complete(ClassGraphCreator.java:107)
	at com.tngtech.archunit.core.importer.ClassFileProcessor.process(ClassFileProcessor.java:75)
	at com.tngtech.archunit.core.importer.ClassFileImporter.importLocations(ClassFileImporter.java:325)
	at com.tngtech.archunit.junit.internal.ClassCache$CacheClassFileImporter.importClasses(ClassCache.java:126)
	at com.tngtech.archunit.junit.internal.ClassCache$LazyJavaClasses.initialize(ClassCache.java:118)
	at com.tngtech.archunit.junit.internal.ClassCache$LazyJavaClasses.get(ClassCache.java:107)
	at com.tngtech.archunit.junit.internal.ClassCache.getClassesToAnalyzeFor(ClassCache.java:84)
	at com.tngtech.archunit.junit.internal.ArchUnitTestDescriptor.lambda$createChildren$1(ArchUnitTestDescriptor.java:90)
	at com.tngtech.archunit.junit.internal.ArchUnitTestDescriptor$ArchUnitRuleDescriptor.execute(ArchUnitTestDescriptor.java:167)
	at com.tngtech.archunit.junit.internal.ArchUnitTestDescriptor$ArchUnitRuleDescriptor.execute(ArchUnitTestDescriptor.java:150)
	at org.junit.platform.engine.support.hierarchical.NodeTestTask.lambda$executeRecursively$6(NodeTestTask.java:156)
	at org.junit.platform.engine.support.hierarchical.ThrowableCollector.execute(ThrowableCollector.java:73)
	at org.junit.platform.engine.support.hierarchical.NodeTestTask.lambda$executeRecursively$8(NodeTestTask.java:146)
	at org.junit.platform.engine.support.hierarchical.Node.around(Node.java:137)
	at org.junit.platform.engine.support.hierarchical.NodeTestTask.lambda$executeRecursively$9(NodeTestTask.java:144)
	at org.junit.platform.engine.support.hierarchical.ThrowableCollector.execute(ThrowableCollector.java:73)
	at org.junit.platform.engine.support.hierarchical.NodeTestTask.executeRecursively(NodeTestTask.java:143)
	at org.junit.platform.engine.support.hierarchical.NodeTestTask.execute(NodeTestTask.java:100)
	at java.base/java.util.ArrayList.forEach(ArrayList.java:1604)
	at org.junit.platform.engine.support.hierarchical.SameThreadHierarchicalTestExecutorService.invokeAll(SameThreadHierarchicalTestExecutorService.java:41)
	at org.junit.platform.engine.support.hierarchical.NodeTestTask.lambda$executeRecursively$6(NodeTestTask.java:160)
	at org.junit.platform.engine.support.hierarchical.ThrowableCollector.execute(ThrowableCollector.java:73)
	at org.junit.platform.engine.support.hierarchical.NodeTestTask.lambda$executeRecursively$8(NodeTestTask.java:146)
	at org.junit.platform.engine.support.hierarchical.Node.around(Node.java:137)
	at org.junit.platform.engine.support.hierarchical.NodeTestTask.lambda$executeRecursively$9(NodeTestTask.java:144)
	at org.junit.platform.engine.support.hierarchical.ThrowableCollector.execute(ThrowableCollector.java:73)
	at org.junit.platform.engine.support.hierarchical.NodeTestTask.executeRecursively(NodeTestTask.java:143)
	at org.junit.platform.engine.support.hierarchical.NodeTestTask.execute(NodeTestTask.java:100)
	at java.base/java.util.ArrayList.forEach(ArrayList.java:1604)
	at org.junit.platform.engine.support.hierarchical.SameThreadHierarchicalTestExecutorService.invokeAll(SameThreadHierarchicalTestExecutorService.java:41)
	at org.junit.platform.engine.support.hierarchical.NodeTestTask.lambda$executeRecursively$6(NodeTestTask.java:160)
	at org.junit.platform.engine.support.hierarchical.ThrowableCollector.execute(ThrowableCollector.java:73)
	at org.junit.platform.engine.support.hierarchical.NodeTestTask.lambda$executeRecursively$8(NodeTestTask.java:146)
	at org.junit.platform.engine.support.hierarchical.Node.around(Node.java:137)
	at org.junit.platform.engine.support.hierarchical.NodeTestTask.lambda$executeRecursively$9(NodeTestTask.java:144)
	at org.junit.platform.engine.support.hierarchical.ThrowableCollector.execute(ThrowableCollector.java:73)
	at org.junit.platform.engine.support.hierarchical.NodeTestTask.executeRecursively(NodeTestTask.java:143)
	at org.junit.platform.engine.support.hierarchical.NodeTestTask.execute(NodeTestTask.java:100)
	at org.junit.platform.engine.support.hierarchical.SameThreadHierarchicalTestExecutorService.submit(SameThreadHierarchicalTestExecutorService.java:35)
	at org.junit.platform.engine.support.hierarchical.HierarchicalTestExecutor.execute(HierarchicalTestExecutor.java:57)
	at org.junit.platform.engine.support.hierarchical.HierarchicalTestEngine.execute(HierarchicalTestEngine.java:54)
	at org.junit.platform.launcher.core.EngineExecutionOrchestrator.execute(EngineExecutionOrchestrator.java:198)
	at org.junit.platform.launcher.core.EngineExecutionOrchestrator.execute(EngineExecutionOrchestrator.java:169)
	at org.junit.platform.launcher.core.EngineExecutionOrchestrator.execute(EngineExecutionOrchestrator.java:93)
	at org.junit.platform.launcher.core.EngineExecutionOrchestrator.lambda$execute$0(EngineExecutionOrchestrator.java:58)
	at org.junit.platform.launcher.core.EngineExecutionOrchestrator.withInterceptedStreams(EngineExecutionOrchestrator.java:141)
	at org.junit.platform.launcher.core.EngineExecutionOrchestrator.execute(EngineExecutionOrchestrator.java:57)
	at org.junit.platform.launcher.core.DefaultLauncher.execute(DefaultLauncher.java:103)
	at org.junit.platform.launcher.core.DefaultLauncher.execute(DefaultLauncher.java:85)
	at org.junit.platform.launcher.core.DelegatingLauncher.execute(DelegatingLauncher.java:47)
	at org.apache.maven.surefire.junitplatform.LazyLauncher.execute(LazyLauncher.java:56)
	at org.apache.maven.surefire.junitplatform.JUnitPlatformProvider.execute(JUnitPlatformProvider.java:184)
	at org.apache.maven.surefire.junitplatform.JUnitPlatformProvider.invokeAllTests(JUnitPlatformProvider.java:148)
	at org.apache.maven.surefire.junitplatform.JUnitPlatformProvider.invoke(JUnitPlatformProvider.java:122)
	at org.apache.maven.surefire.booter.ForkedBooter.runSuitesInProcess(ForkedBooter.java:385)
	at org.apache.maven.surefire.booter.ForkedBooter.execute(ForkedBooter.java:162)
	at org.apache.maven.surefire.booter.ForkedBooter.run(ForkedBooter.java:507)
	at org.apache.maven.surefire.booter.ForkedBooter.main(ForkedBooter.java:495)
15:17:19.723 [main] WARN com.tngtech.archunit.core.importer.ClassFileProcessor -- Error during import from jrt:/java.base/java/time/OffsetTime.class, falling back to simple import
java.lang.IllegalArgumentException: Unsupported class file major version 68
	at com.tngtech.archunit.thirdparty.org.objectweb.asm.ClassReader.<init>(ClassReader.java:200)
	at com.tngtech.archunit.thirdparty.org.objectweb.asm.ClassReader.<init>(ClassReader.java:180)
	at com.tngtech.archunit.thirdparty.org.objectweb.asm.ClassReader.<init>(ClassReader.java:166)
	at com.tngtech.archunit.thirdparty.org.objectweb.asm.ClassReader.<init>(ClassReader.java:288)
	at com.tngtech.archunit.core.importer.ClassFileProcessor$UriImporterOfProcessor.tryImport(ClassFileProcessor.java:350)
	at com.tngtech.archunit.core.importer.resolvers.ClassResolverFromClasspath.tryResolve(ClassResolverFromClasspath.java:51)
	at com.tngtech.archunit.core.importer.ImportedClasses.resolve(ImportedClasses.java:80)
	at com.tngtech.archunit.core.importer.ImportedClasses.ensurePresent(ImportedClasses.java:75)
	at com.tngtech.archunit.core.importer.DependencyResolutionProcess.executeRun(DependencyResolutionProcess.java:146)
	at com.tngtech.archunit.core.importer.DependencyResolutionProcess.resolve(DependencyResolutionProcess.java:122)
	at com.tngtech.archunit.core.importer.ClassGraphCreator.complete(ClassGraphCreator.java:107)
	at com.tngtech.archunit.core.importer.ClassFileProcessor.process(ClassFileProcessor.java:75)
	at com.tngtech.archunit.core.importer.ClassFileImporter.importLocations(ClassFileImporter.java:325)
	at com.tngtech.archunit.junit.internal.ClassCache$CacheClassFileImporter.importClasses(ClassCache.java:126)
	at com.tngtech.archunit.junit.internal.ClassCache$LazyJavaClasses.initialize(ClassCache.java:118)
	at com.tngtech.archunit.junit.internal.ClassCache$LazyJavaClasses.get(ClassCache.java:107)
	at com.tngtech.archunit.junit.internal.ClassCache.getClassesToAnalyzeFor(ClassCache.java:84)
	at com.tngtech.archunit.junit.internal.ArchUnitTestDescriptor.lambda$createChildren$1(ArchUnitTestDescriptor.java:90)
	at com.tngtech.archunit.junit.internal.ArchUnitTestDescriptor$ArchUnitRuleDescriptor.execute(ArchUnitTestDescriptor.java:167)
	at com.tngtech.archunit.junit.internal.ArchUnitTestDescriptor$ArchUnitRuleDescriptor.execute(ArchUnitTestDescriptor.java:150)
	at org.junit.platform.engine.support.hierarchical.NodeTestTask.lambda$executeRecursively$6(NodeTestTask.java:156)
	at org.junit.platform.engine.support.hierarchical.ThrowableCollector.execute(ThrowableCollector.java:73)
	at org.junit.platform.engine.support.hierarchical.NodeTestTask.lambda$executeRecursively$8(NodeTestTask.java:146)
	at org.junit.platform.engine.support.hierarchical.Node.around(Node.java:137)
	at org.junit.platform.engine.support.hierarchical.NodeTestTask.lambda$executeRecursively$9(NodeTestTask.java:144)
	at org.junit.platform.engine.support.hierarchical.ThrowableCollector.execute(ThrowableCollector.java:73)
	at org.junit.platform.engine.support.hierarchical.NodeTestTask.executeRecursively(NodeTestTask.java:143)
	at org.junit.platform.engine.support.hierarchical.NodeTestTask.execute(NodeTestTask.java:100)
	at java.base/java.util.ArrayList.forEach(ArrayList.java:1604)
	at org.junit.platform.engine.support.hierarchical.SameThreadHierarchicalTestExecutorService.invokeAll(SameThreadHierarchicalTestExecutorService.java:41)
	at org.junit.platform.engine.support.hierarchical.NodeTestTask.lambda$executeRecursively$6(NodeTestTask.java:160)
	at org.junit.platform.engine.support.hierarchical.ThrowableCollector.execute(ThrowableCollector.java:73)
	at org.junit.platform.engine.support.hierarchical.NodeTestTask.lambda$executeRecursively$8(NodeTestTask.java:146)
	at org.junit.platform.engine.support.hierarchical.Node.around(Node.java:137)
	at org.junit.platform.engine.support.hierarchical.NodeTestTask.lambda$executeRecursively$9(NodeTestTask.java:144)
	at org.junit.platform.engine.support.hierarchical.ThrowableCollector.execute(ThrowableCollector.java:73)
	at org.junit.platform.engine.support.hierarchical.NodeTestTask.executeRecursively(NodeTestTask.java:143)
	at org.junit.platform.engine.support.hierarchical.NodeTestTask.execute(NodeTestTask.java:100)
	at java.base/java.util.ArrayList.forEach(ArrayList.java:1604)
	at org.junit.platform.engine.support.hierarchical.SameThreadHierarchicalTestExecutorService.invokeAll(SameThreadHierarchicalTestExecutorService.java:41)
	at org.junit.platform.engine.support.hierarchical.NodeTestTask.lambda$executeRecursively$6(NodeTestTask.java:160)
	at org.junit.platform.engine.support.hierarchical.ThrowableCollector.execute(ThrowableCollector.java:73)
	at org.junit.platform.engine.support.hierarchical.NodeTestTask.lambda$executeRecursively$8(NodeTestTask.java:146)
	at org.junit.platform.engine.support.hierarchical.Node.around(Node.java:137)
	at org.junit.platform.engine.support.hierarchical.NodeTestTask.lambda$executeRecursively$9(NodeTestTask.java:144)
	at org.junit.platform.engine.support.hierarchical.ThrowableCollector.execute(ThrowableCollector.java:73)
	at org.junit.platform.engine.support.hierarchical.NodeTestTask.executeRecursively(NodeTestTask.java:143)
	at org.junit.platform.engine.support.hierarchical.NodeTestTask.execute(NodeTestTask.java:100)
	at org.junit.platform.engine.support.hierarchical.SameThreadHierarchicalTestExecutorService.submit(SameThreadHierarchicalTestExecutorService.java:35)
	at org.junit.platform.engine.support.hierarchical.HierarchicalTestExecutor.execute(HierarchicalTestExecutor.java:57)
	at org.junit.platform.engine.support.hierarchical.HierarchicalTestEngine.execute(HierarchicalTestEngine.java:54)
	at org.junit.platform.launcher.core.EngineExecutionOrchestrator.execute(EngineExecutionOrchestrator.java:198)
	at org.junit.platform.launcher.core.EngineExecutionOrchestrator.execute(EngineExecutionOrchestrator.java:169)
	at org.junit.platform.launcher.core.EngineExecutionOrchestrator.execute(EngineExecutionOrchestrator.java:93)
	at org.junit.platform.launcher.core.EngineExecutionOrchestrator.lambda$execute$0(EngineExecutionOrchestrator.java:58)
	at org.junit.platform.launcher.core.EngineExecutionOrchestrator.withInterceptedStreams(EngineExecutionOrchestrator.java:141)
	at org.junit.platform.launcher.core.EngineExecutionOrchestrator.execute(EngineExecutionOrchestrator.java:57)
	at org.junit.platform.launcher.core.DefaultLauncher.execute(DefaultLauncher.java:103)
	at org.junit.platform.launcher.core.DefaultLauncher.execute(DefaultLauncher.java:85)
	at org.junit.platform.launcher.core.DelegatingLauncher.execute(DelegatingLauncher.java:47)
	at org.apache.maven.surefire.junitplatform.LazyLauncher.execute(LazyLauncher.java:56)
	at org.apache.maven.surefire.junitplatform.JUnitPlatformProvider.execute(JUnitPlatformProvider.java:184)
	at org.apache.maven.surefire.junitplatform.JUnitPlatformProvider.invokeAllTests(JUnitPlatformProvider.java:148)
	at org.apache.maven.surefire.junitplatform.JUnitPlatformProvider.invoke(JUnitPlatformProvider.java:122)
	at org.apache.maven.surefire.booter.ForkedBooter.runSuitesInProcess(ForkedBooter.java:385)
	at org.apache.maven.surefire.booter.ForkedBooter.execute(ForkedBooter.java:162)
	at org.apache.maven.surefire.booter.ForkedBooter.run(ForkedBooter.java:507)
	at org.apache.maven.surefire.booter.ForkedBooter.main(ForkedBooter.java:495)
15:17:19.724 [main] WARN com.tngtech.archunit.core.importer.ClassFileProcessor -- Error during import from jrt:/java.base/java/util/function/Predicate.class, falling back to simple import
java.lang.IllegalArgumentException: Unsupported class file major version 68
	at com.tngtech.archunit.thirdparty.org.objectweb.asm.ClassReader.<init>(ClassReader.java:200)
	at com.tngtech.archunit.thirdparty.org.objectweb.asm.ClassReader.<init>(ClassReader.java:180)
	at com.tngtech.archunit.thirdparty.org.objectweb.asm.ClassReader.<init>(ClassReader.java:166)
	at com.tngtech.archunit.thirdparty.org.objectweb.asm.ClassReader.<init>(ClassReader.java:288)
	at com.tngtech.archunit.core.importer.ClassFileProcessor$UriImporterOfProcessor.tryImport(ClassFileProcessor.java:350)
	at com.tngtech.archunit.core.importer.resolvers.ClassResolverFromClasspath.tryResolve(ClassResolverFromClasspath.java:51)
	at com.tngtech.archunit.core.importer.ImportedClasses.resolve(ImportedClasses.java:80)
	at com.tngtech.archunit.core.importer.ImportedClasses.ensurePresent(ImportedClasses.java:75)
	at com.tngtech.archunit.core.importer.DependencyResolutionProcess.executeRun(DependencyResolutionProcess.java:146)
	at com.tngtech.archunit.core.importer.DependencyResolutionProcess.resolve(DependencyResolutionProcess.java:122)
	at com.tngtech.archunit.core.importer.ClassGraphCreator.complete(ClassGraphCreator.java:107)
	at com.tngtech.archunit.core.importer.ClassFileProcessor.process(ClassFileProcessor.java:75)
	at com.tngtech.archunit.core.importer.ClassFileImporter.importLocations(ClassFileImporter.java:325)
	at com.tngtech.archunit.junit.internal.ClassCache$CacheClassFileImporter.importClasses(ClassCache.java:126)
	at com.tngtech.archunit.junit.internal.ClassCache$LazyJavaClasses.initialize(ClassCache.java:118)
	at com.tngtech.archunit.junit.internal.ClassCache$LazyJavaClasses.get(ClassCache.java:107)
	at com.tngtech.archunit.junit.internal.ClassCache.getClassesToAnalyzeFor(ClassCache.java:84)
	at com.tngtech.archunit.junit.internal.ArchUnitTestDescriptor.lambda$createChildren$1(ArchUnitTestDescriptor.java:90)
	at com.tngtech.archunit.junit.internal.ArchUnitTestDescriptor$ArchUnitRuleDescriptor.execute(ArchUnitTestDescriptor.java:167)
	at com.tngtech.archunit.junit.internal.ArchUnitTestDescriptor$ArchUnitRuleDescriptor.execute(ArchUnitTestDescriptor.java:150)
	at org.junit.platform.engine.support.hierarchical.NodeTestTask.lambda$executeRecursively$6(NodeTestTask.java:156)
	at org.junit.platform.engine.support.hierarchical.ThrowableCollector.execute(ThrowableCollector.java:73)
	at org.junit.platform.engine.support.hierarchical.NodeTestTask.lambda$executeRecursively$8(NodeTestTask.java:146)
	at org.junit.platform.engine.support.hierarchical.Node.around(Node.java:137)
	at org.junit.platform.engine.support.hierarchical.NodeTestTask.lambda$executeRecursively$9(NodeTestTask.java:144)
	at org.junit.platform.engine.support.hierarchical.ThrowableCollector.execute(ThrowableCollector.java:73)
	at org.junit.platform.engine.support.hierarchical.NodeTestTask.executeRecursively(NodeTestTask.java:143)
	at org.junit.platform.engine.support.hierarchical.NodeTestTask.execute(NodeTestTask.java:100)
	at java.base/java.util.ArrayList.forEach(ArrayList.java:1604)
	at org.junit.platform.engine.support.hierarchical.SameThreadHierarchicalTestExecutorService.invokeAll(SameThreadHierarchicalTestExecutorService.java:41)
	at org.junit.platform.engine.support.hierarchical.NodeTestTask.lambda$executeRecursively$6(NodeTestTask.java:160)
	at org.junit.platform.engine.support.hierarchical.ThrowableCollector.execute(ThrowableCollector.java:73)
	at org.junit.platform.engine.support.hierarchical.NodeTestTask.lambda$executeRecursively$8(NodeTestTask.java:146)
	at org.junit.platform.engine.support.hierarchical.Node.around(Node.java:137)
	at org.junit.platform.engine.support.hierarchical.NodeTestTask.lambda$executeRecursively$9(NodeTestTask.java:144)
	at org.junit.platform.engine.support.hierarchical.ThrowableCollector.execute(ThrowableCollector.java:73)
	at org.junit.platform.engine.support.hierarchical.NodeTestTask.executeRecursively(NodeTestTask.java:143)
	at org.junit.platform.engine.support.hierarchical.NodeTestTask.execute(NodeTestTask.java:100)
	at java.base/java.util.ArrayList.forEach(ArrayList.java:1604)
	at org.junit.platform.engine.support.hierarchical.SameThreadHierarchicalTestExecutorService.invokeAll(SameThreadHierarchicalTestExecutorService.java:41)
	at org.junit.platform.engine.support.hierarchical.NodeTestTask.lambda$executeRecursively$6(NodeTestTask.java:160)
	at org.junit.platform.engine.support.hierarchical.ThrowableCollector.execute(ThrowableCollector.java:73)
	at org.junit.platform.engine.support.hierarchical.NodeTestTask.lambda$executeRecursively$8(NodeTestTask.java:146)
	at org.junit.platform.engine.support.hierarchical.Node.around(Node.java:137)
	at org.junit.platform.engine.support.hierarchical.NodeTestTask.lambda$executeRecursively$9(NodeTestTask.java:144)
	at org.junit.platform.engine.support.hierarchical.ThrowableCollector.execute(ThrowableCollector.java:73)
	at org.junit.platform.engine.support.hierarchical.NodeTestTask.executeRecursively(NodeTestTask.java:143)
	at org.junit.platform.engine.support.hierarchical.NodeTestTask.execute(NodeTestTask.java:100)
	at org.junit.platform.engine.support.hierarchical.SameThreadHierarchicalTestExecutorService.submit(SameThreadHierarchicalTestExecutorService.java:35)
	at org.junit.platform.engine.support.hierarchical.HierarchicalTestExecutor.execute(HierarchicalTestExecutor.java:57)
	at org.junit.platform.engine.support.hierarchical.HierarchicalTestEngine.execute(HierarchicalTestEngine.java:54)
	at org.junit.platform.launcher.core.EngineExecutionOrchestrator.execute(EngineExecutionOrchestrator.java:198)
	at org.junit.platform.launcher.core.EngineExecutionOrchestrator.execute(EngineExecutionOrchestrator.java:169)
	at org.junit.platform.launcher.core.EngineExecutionOrchestrator.execute(EngineExecutionOrchestrator.java:93)
	at org.junit.platform.launcher.core.EngineExecutionOrchestrator.lambda$execute$0(EngineExecutionOrchestrator.java:58)
	at org.junit.platform.launcher.core.EngineExecutionOrchestrator.withInterceptedStreams(EngineExecutionOrchestrator.java:141)
	at org.junit.platform.launcher.core.EngineExecutionOrchestrator.execute(EngineExecutionOrchestrator.java:57)
	at org.junit.platform.launcher.core.DefaultLauncher.execute(DefaultLauncher.java:103)
	at org.junit.platform.launcher.core.DefaultLauncher.execute(DefaultLauncher.java:85)
	at org.junit.platform.launcher.core.DelegatingLauncher.execute(DelegatingLauncher.java:47)
	at org.apache.maven.surefire.junitplatform.LazyLauncher.execute(LazyLauncher.java:56)
	at org.apache.maven.surefire.junitplatform.JUnitPlatformProvider.execute(JUnitPlatformProvider.java:184)
	at org.apache.maven.surefire.junitplatform.JUnitPlatformProvider.invokeAllTests(JUnitPlatformProvider.java:148)
	at org.apache.maven.surefire.junitplatform.JUnitPlatformProvider.invoke(JUnitPlatformProvider.java:122)
	at org.apache.maven.surefire.booter.ForkedBooter.runSuitesInProcess(ForkedBooter.java:385)
	at org.apache.maven.surefire.booter.ForkedBooter.execute(ForkedBooter.java:162)
	at org.apache.maven.surefire.booter.ForkedBooter.run(ForkedBooter.java:507)
	at org.apache.maven.surefire.booter.ForkedBooter.main(ForkedBooter.java:495)
15:17:19.725 [main] WARN com.tngtech.archunit.core.importer.ClassFileProcessor -- Error during import from jrt:/java.base/java/util/concurrent/atomic/AtomicMarkableReference.class, falling back to simple import
java.lang.IllegalArgumentException: Unsupported class file major version 68
	at com.tngtech.archunit.thirdparty.org.objectweb.asm.ClassReader.<init>(ClassReader.java:200)
	at com.tngtech.archunit.thirdparty.org.objectweb.asm.ClassReader.<init>(ClassReader.java:180)
	at com.tngtech.archunit.thirdparty.org.objectweb.asm.ClassReader.<init>(ClassReader.java:166)
	at com.tngtech.archunit.thirdparty.org.objectweb.asm.ClassReader.<init>(ClassReader.java:288)
	at com.tngtech.archunit.core.importer.ClassFileProcessor$UriImporterOfProcessor.tryImport(ClassFileProcessor.java:350)
	at com.tngtech.archunit.core.importer.resolvers.ClassResolverFromClasspath.tryResolve(ClassResolverFromClasspath.java:51)
	at com.tngtech.archunit.core.importer.ImportedClasses.resolve(ImportedClasses.java:80)
	at com.tngtech.archunit.core.importer.ImportedClasses.ensurePresent(ImportedClasses.java:75)
	at com.tngtech.archunit.core.importer.DependencyResolutionProcess.executeRun(DependencyResolutionProcess.java:146)
	at com.tngtech.archunit.core.importer.DependencyResolutionProcess.resolve(DependencyResolutionProcess.java:122)
	at com.tngtech.archunit.core.importer.ClassGraphCreator.complete(ClassGraphCreator.java:107)
	at com.tngtech.archunit.core.importer.ClassFileProcessor.process(ClassFileProcessor.java:75)
	at com.tngtech.archunit.core.importer.ClassFileImporter.importLocations(ClassFileImporter.java:325)
	at com.tngtech.archunit.junit.internal.ClassCache$CacheClassFileImporter.importClasses(ClassCache.java:126)
	at com.tngtech.archunit.junit.internal.ClassCache$LazyJavaClasses.initialize(ClassCache.java:118)
	at com.tngtech.archunit.junit.internal.ClassCache$LazyJavaClasses.get(ClassCache.java:107)
	at com.tngtech.archunit.junit.internal.ClassCache.getClassesToAnalyzeFor(ClassCache.java:84)
	at com.tngtech.archunit.junit.internal.ArchUnitTestDescriptor.lambda$createChildren$1(ArchUnitTestDescriptor.java:90)
	at com.tngtech.archunit.junit.internal.ArchUnitTestDescriptor$ArchUnitRuleDescriptor.execute(ArchUnitTestDescriptor.java:167)
	at com.tngtech.archunit.junit.internal.ArchUnitTestDescriptor$ArchUnitRuleDescriptor.execute(ArchUnitTestDescriptor.java:150)
	at org.junit.platform.engine.support.hierarchical.NodeTestTask.lambda$executeRecursively$6(NodeTestTask.java:156)
	at org.junit.platform.engine.support.hierarchical.ThrowableCollector.execute(ThrowableCollector.java:73)
	at org.junit.platform.engine.support.hierarchical.NodeTestTask.lambda$executeRecursively$8(NodeTestTask.java:146)
	at org.junit.platform.engine.support.hierarchical.Node.around(Node.java:137)
	at org.junit.platform.engine.support.hierarchical.NodeTestTask.lambda$executeRecursively$9(NodeTestTask.java:144)
	at org.junit.platform.engine.support.hierarchical.ThrowableCollector.execute(ThrowableCollector.java:73)
	at org.junit.platform.engine.support.hierarchical.NodeTestTask.executeRecursively(NodeTestTask.java:143)
	at org.junit.platform.engine.support.hierarchical.NodeTestTask.execute(NodeTestTask.java:100)
	at java.base/java.util.ArrayList.forEach(ArrayList.java:1604)
	at org.junit.platform.engine.support.hierarchical.SameThreadHierarchicalTestExecutorService.invokeAll(SameThreadHierarchicalTestExecutorService.java:41)
	at org.junit.platform.engine.support.hierarchical.NodeTestTask.lambda$executeRecursively$6(NodeTestTask.java:160)
	at org.junit.platform.engine.support.hierarchical.ThrowableCollector.execute(ThrowableCollector.java:73)
	at org.junit.platform.engine.support.hierarchical.NodeTestTask.lambda$executeRecursively$8(NodeTestTask.java:146)
	at org.junit.platform.engine.support.hierarchical.Node.around(Node.java:137)
	at org.junit.platform.engine.support.hierarchical.NodeTestTask.lambda$executeRecursively$9(NodeTestTask.java:144)
	at org.junit.platform.engine.support.hierarchical.ThrowableCollector.execute(ThrowableCollector.java:73)
	at org.junit.platform.engine.support.hierarchical.NodeTestTask.executeRecursively(NodeTestTask.java:143)
	at org.junit.platform.engine.support.hierarchical.NodeTestTask.execute(NodeTestTask.java:100)
	at java.base/java.util.ArrayList.forEach(ArrayList.java:1604)
	at org.junit.platform.engine.support.hierarchical.SameThreadHierarchicalTestExecutorService.invokeAll(SameThreadHierarchicalTestExecutorService.java:41)
	at org.junit.platform.engine.support.hierarchical.NodeTestTask.lambda$executeRecursively$6(NodeTestTask.java:160)
	at org.junit.platform.engine.support.hierarchical.ThrowableCollector.execute(ThrowableCollector.java:73)
	at org.junit.platform.engine.support.hierarchical.NodeTestTask.lambda$executeRecursively$8(NodeTestTask.java:146)
	at org.junit.platform.engine.support.hierarchical.Node.around(Node.java:137)
	at org.junit.platform.engine.support.hierarchical.NodeTestTask.lambda$executeRecursively$9(NodeTestTask.java:144)
	at org.junit.platform.engine.support.hierarchical.ThrowableCollector.execute(ThrowableCollector.java:73)
	at org.junit.platform.engine.support.hierarchical.NodeTestTask.executeRecursively(NodeTestTask.java:143)
	at org.junit.platform.engine.support.hierarchical.NodeTestTask.execute(NodeTestTask.java:100)
	at org.junit.platform.engine.support.hierarchical.SameThreadHierarchicalTestExecutorService.submit(SameThreadHierarchicalTestExecutorService.java:35)
	at org.junit.platform.engine.support.hierarchical.HierarchicalTestExecutor.execute(HierarchicalTestExecutor.java:57)
	at org.junit.platform.engine.support.hierarchical.HierarchicalTestEngine.execute(HierarchicalTestEngine.java:54)
	at org.junit.platform.launcher.core.EngineExecutionOrchestrator.execute(EngineExecutionOrchestrator.java:198)
	at org.junit.platform.launcher.core.EngineExecutionOrchestrator.execute(EngineExecutionOrchestrator.java:169)
	at org.junit.platform.launcher.core.EngineExecutionOrchestrator.execute(EngineExecutionOrchestrator.java:93)
	at org.junit.platform.launcher.core.EngineExecutionOrchestrator.lambda$execute$0(EngineExecutionOrchestrator.java:58)
	at org.junit.platform.launcher.core.EngineExecutionOrchestrator.withInterceptedStreams(EngineExecutionOrchestrator.java:141)
	at org.junit.platform.launcher.core.EngineExecutionOrchestrator.execute(EngineExecutionOrchestrator.java:57)
	at org.junit.platform.launcher.core.DefaultLauncher.execute(DefaultLauncher.java:103)
	at org.junit.platform.launcher.core.DefaultLauncher.execute(DefaultLauncher.java:85)
	at org.junit.platform.launcher.core.DelegatingLauncher.execute(DelegatingLauncher.java:47)
	at org.apache.maven.surefire.junitplatform.LazyLauncher.execute(LazyLauncher.java:56)
	at org.apache.maven.surefire.junitplatform.JUnitPlatformProvider.execute(JUnitPlatformProvider.java:184)
	at org.apache.maven.surefire.junitplatform.JUnitPlatformProvider.invokeAllTests(JUnitPlatformProvider.java:148)
	at org.apache.maven.surefire.junitplatform.JUnitPlatformProvider.invoke(JUnitPlatformProvider.java:122)
	at org.apache.maven.surefire.booter.ForkedBooter.runSuitesInProcess(ForkedBooter.java:385)
	at org.apache.maven.surefire.booter.ForkedBooter.execute(ForkedBooter.java:162)
	at org.apache.maven.surefire.booter.ForkedBooter.run(ForkedBooter.java:507)
	at org.apache.maven.surefire.booter.ForkedBooter.main(ForkedBooter.java:495)
15:17:19.728 [main] WARN com.tngtech.archunit.core.importer.ClassFileProcessor -- Error during import from jrt:/java.base/java/util/concurrent/atomic/AtomicReference.class, falling back to simple import
java.lang.IllegalArgumentException: Unsupported class file major version 68
	at com.tngtech.archunit.thirdparty.org.objectweb.asm.ClassReader.<init>(ClassReader.java:200)
	at com.tngtech.archunit.thirdparty.org.objectweb.asm.ClassReader.<init>(ClassReader.java:180)
	at com.tngtech.archunit.thirdparty.org.objectweb.asm.ClassReader.<init>(ClassReader.java:166)
	at com.tngtech.archunit.thirdparty.org.objectweb.asm.ClassReader.<init>(ClassReader.java:288)
	at com.tngtech.archunit.core.importer.ClassFileProcessor$UriImporterOfProcessor.tryImport(ClassFileProcessor.java:350)
	at com.tngtech.archunit.core.importer.resolvers.ClassResolverFromClasspath.tryResolve(ClassResolverFromClasspath.java:51)
	at com.tngtech.archunit.core.importer.ImportedClasses.resolve(ImportedClasses.java:80)
	at com.tngtech.archunit.core.importer.ImportedClasses.ensurePresent(ImportedClasses.java:75)
	at com.tngtech.archunit.core.importer.DependencyResolutionProcess.executeRun(DependencyResolutionProcess.java:146)
	at com.tngtech.archunit.core.importer.DependencyResolutionProcess.resolve(DependencyResolutionProcess.java:122)
	at com.tngtech.archunit.core.importer.ClassGraphCreator.complete(ClassGraphCreator.java:107)
	at com.tngtech.archunit.core.importer.ClassFileProcessor.process(ClassFileProcessor.java:75)
	at com.tngtech.archunit.core.importer.ClassFileImporter.importLocations(ClassFileImporter.java:325)
	at com.tngtech.archunit.junit.internal.ClassCache$CacheClassFileImporter.importClasses(ClassCache.java:126)
	at com.tngtech.archunit.junit.internal.ClassCache$LazyJavaClasses.initialize(ClassCache.java:118)
	at com.tngtech.archunit.junit.internal.ClassCache$LazyJavaClasses.get(ClassCache.java:107)
	at com.tngtech.archunit.junit.internal.ClassCache.getClassesToAnalyzeFor(ClassCache.java:84)
	at com.tngtech.archunit.junit.internal.ArchUnitTestDescriptor.lambda$createChildren$1(ArchUnitTestDescriptor.java:90)
	at com.tngtech.archunit.junit.internal.ArchUnitTestDescriptor$ArchUnitRuleDescriptor.execute(ArchUnitTestDescriptor.java:167)
	at com.tngtech.archunit.junit.internal.ArchUnitTestDescriptor$ArchUnitRuleDescriptor.execute(ArchUnitTestDescriptor.java:150)
	at org.junit.platform.engine.support.hierarchical.NodeTestTask.lambda$executeRecursively$6(NodeTestTask.java:156)
	at org.junit.platform.engine.support.hierarchical.ThrowableCollector.execute(ThrowableCollector.java:73)
	at org.junit.platform.engine.support.hierarchical.NodeTestTask.lambda$executeRecursively$8(NodeTestTask.java:146)
	at org.junit.platform.engine.support.hierarchical.Node.around(Node.java:137)
	at org.junit.platform.engine.support.hierarchical.NodeTestTask.lambda$executeRecursively$9(NodeTestTask.java:144)
	at org.junit.platform.engine.support.hierarchical.ThrowableCollector.execute(ThrowableCollector.java:73)
	at org.junit.platform.engine.support.hierarchical.NodeTestTask.executeRecursively(NodeTestTask.java:143)
	at org.junit.platform.engine.support.hierarchical.NodeTestTask.execute(NodeTestTask.java:100)
	at java.base/java.util.ArrayList.forEach(ArrayList.java:1604)
	at org.junit.platform.engine.support.hierarchical.SameThreadHierarchicalTestExecutorService.invokeAll(SameThreadHierarchicalTestExecutorService.java:41)
	at org.junit.platform.engine.support.hierarchical.NodeTestTask.lambda$executeRecursively$6(NodeTestTask.java:160)
	at org.junit.platform.engine.support.hierarchical.ThrowableCollector.execute(ThrowableCollector.java:73)
	at org.junit.platform.engine.support.hierarchical.NodeTestTask.lambda$executeRecursively$8(NodeTestTask.java:146)
	at org.junit.platform.engine.support.hierarchical.Node.around(Node.java:137)
	at org.junit.platform.engine.support.hierarchical.NodeTestTask.lambda$executeRecursively$9(NodeTestTask.java:144)
	at org.junit.platform.engine.support.hierarchical.ThrowableCollector.execute(ThrowableCollector.java:73)
	at org.junit.platform.engine.support.hierarchical.NodeTestTask.executeRecursively(NodeTestTask.java:143)
	at org.junit.platform.engine.support.hierarchical.NodeTestTask.execute(NodeTestTask.java:100)
	at java.base/java.util.ArrayList.forEach(ArrayList.java:1604)
	at org.junit.platform.engine.support.hierarchical.SameThreadHierarchicalTestExecutorService.invokeAll(SameThreadHierarchicalTestExecutorService.java:41)
	at org.junit.platform.engine.support.hierarchical.NodeTestTask.lambda$executeRecursively$6(NodeTestTask.java:160)
	at org.junit.platform.engine.support.hierarchical.ThrowableCollector.execute(ThrowableCollector.java:73)
	at org.junit.platform.engine.support.hierarchical.NodeTestTask.lambda$executeRecursively$8(NodeTestTask.java:146)
	at org.junit.platform.engine.support.hierarchical.Node.around(Node.java:137)
	at org.junit.platform.engine.support.hierarchical.NodeTestTask.lambda$executeRecursively$9(NodeTestTask.java:144)
	at org.junit.platform.engine.support.hierarchical.ThrowableCollector.execute(ThrowableCollector.java:73)
	at org.junit.platform.engine.support.hierarchical.NodeTestTask.executeRecursively(NodeTestTask.java:143)
	at org.junit.platform.engine.support.hierarchical.NodeTestTask.execute(NodeTestTask.java:100)
	at org.junit.platform.engine.support.hierarchical.SameThreadHierarchicalTestExecutorService.submit(SameThreadHierarchicalTestExecutorService.java:35)
	at org.junit.platform.engine.support.hierarchical.HierarchicalTestExecutor.execute(HierarchicalTestExecutor.java:57)
	at org.junit.platform.engine.support.hierarchical.HierarchicalTestEngine.execute(HierarchicalTestEngine.java:54)
	at org.junit.platform.launcher.core.EngineExecutionOrchestrator.execute(EngineExecutionOrchestrator.java:198)
	at org.junit.platform.launcher.core.EngineExecutionOrchestrator.execute(EngineExecutionOrchestrator.java:169)
	at org.junit.platform.launcher.core.EngineExecutionOrchestrator.execute(EngineExecutionOrchestrator.java:93)
	at org.junit.platform.launcher.core.EngineExecutionOrchestrator.lambda$execute$0(EngineExecutionOrchestrator.java:58)
	at org.junit.platform.launcher.core.EngineExecutionOrchestrator.withInterceptedStreams(EngineExecutionOrchestrator.java:141)
	at org.junit.platform.launcher.core.EngineExecutionOrchestrator.execute(EngineExecutionOrchestrator.java:57)
	at org.junit.platform.launcher.core.DefaultLauncher.execute(DefaultLauncher.java:103)
	at org.junit.platform.launcher.core.DefaultLauncher.execute(DefaultLauncher.java:85)
	at org.junit.platform.launcher.core.DelegatingLauncher.execute(DelegatingLauncher.java:47)
	at org.apache.maven.surefire.junitplatform.LazyLauncher.execute(LazyLauncher.java:56)
	at org.apache.maven.surefire.junitplatform.JUnitPlatformProvider.execute(JUnitPlatformProvider.java:184)
	at org.apache.maven.surefire.junitplatform.JUnitPlatformProvider.invokeAllTests(JUnitPlatformProvider.java:148)
	at org.apache.maven.surefire.junitplatform.JUnitPlatformProvider.invoke(JUnitPlatformProvider.java:122)
	at org.apache.maven.surefire.booter.ForkedBooter.runSuitesInProcess(ForkedBooter.java:385)
	at org.apache.maven.surefire.booter.ForkedBooter.execute(ForkedBooter.java:162)
	at org.apache.maven.surefire.booter.ForkedBooter.run(ForkedBooter.java:507)
	at org.apache.maven.surefire.booter.ForkedBooter.main(ForkedBooter.java:495)
15:17:19.734 [main] WARN com.tngtech.archunit.core.importer.ClassFileProcessor -- Error during import from jrt:/java.base/java/time/ZonedDateTime.class, falling back to simple import
java.lang.IllegalArgumentException: Unsupported class file major version 68
	at com.tngtech.archunit.thirdparty.org.objectweb.asm.ClassReader.<init>(ClassReader.java:200)
	at com.tngtech.archunit.thirdparty.org.objectweb.asm.ClassReader.<init>(ClassReader.java:180)
	at com.tngtech.archunit.thirdparty.org.objectweb.asm.ClassReader.<init>(ClassReader.java:166)
	at com.tngtech.archunit.thirdparty.org.objectweb.asm.ClassReader.<init>(ClassReader.java:288)
	at com.tngtech.archunit.core.importer.ClassFileProcessor$UriImporterOfProcessor.tryImport(ClassFileProcessor.java:350)
	at com.tngtech.archunit.core.importer.resolvers.ClassResolverFromClasspath.tryResolve(ClassResolverFromClasspath.java:51)
	at com.tngtech.archunit.core.importer.ImportedClasses.resolve(ImportedClasses.java:80)
	at com.tngtech.archunit.core.importer.ImportedClasses.ensurePresent(ImportedClasses.java:75)
	at com.tngtech.archunit.core.importer.DependencyResolutionProcess.executeRun(DependencyResolutionProcess.java:146)
	at com.tngtech.archunit.core.importer.DependencyResolutionProcess.resolve(DependencyResolutionProcess.java:122)
	at com.tngtech.archunit.core.importer.ClassGraphCreator.complete(ClassGraphCreator.java:107)
	at com.tngtech.archunit.core.importer.ClassFileProcessor.process(ClassFileProcessor.java:75)
	at com.tngtech.archunit.core.importer.ClassFileImporter.importLocations(ClassFileImporter.java:325)
	at com.tngtech.archunit.junit.internal.ClassCache$CacheClassFileImporter.importClasses(ClassCache.java:126)
	at com.tngtech.archunit.junit.internal.ClassCache$LazyJavaClasses.initialize(ClassCache.java:118)
	at com.tngtech.archunit.junit.internal.ClassCache$LazyJavaClasses.get(ClassCache.java:107)
	at com.tngtech.archunit.junit.internal.ClassCache.getClassesToAnalyzeFor(ClassCache.java:84)
	at com.tngtech.archunit.junit.internal.ArchUnitTestDescriptor.lambda$createChildren$1(ArchUnitTestDescriptor.java:90)
	at com.tngtech.archunit.junit.internal.ArchUnitTestDescriptor$ArchUnitRuleDescriptor.execute(ArchUnitTestDescriptor.java:167)
	at com.tngtech.archunit.junit.internal.ArchUnitTestDescriptor$ArchUnitRuleDescriptor.execute(ArchUnitTestDescriptor.java:150)
	at org.junit.platform.engine.support.hierarchical.NodeTestTask.lambda$executeRecursively$6(NodeTestTask.java:156)
	at org.junit.platform.engine.support.hierarchical.ThrowableCollector.execute(ThrowableCollector.java:73)
	at org.junit.platform.engine.support.hierarchical.NodeTestTask.lambda$executeRecursively$8(NodeTestTask.java:146)
	at org.junit.platform.engine.support.hierarchical.Node.around(Node.java:137)
	at org.junit.platform.engine.support.hierarchical.NodeTestTask.lambda$executeRecursively$9(NodeTestTask.java:144)
	at org.junit.platform.engine.support.hierarchical.ThrowableCollector.execute(ThrowableCollector.java:73)
	at org.junit.platform.engine.support.hierarchical.NodeTestTask.executeRecursively(NodeTestTask.java:143)
	at org.junit.platform.engine.support.hierarchical.NodeTestTask.execute(NodeTestTask.java:100)
	at java.base/java.util.ArrayList.forEach(ArrayList.java:1604)
	at org.junit.platform.engine.support.hierarchical.SameThreadHierarchicalTestExecutorService.invokeAll(SameThreadHierarchicalTestExecutorService.java:41)
	at org.junit.platform.engine.support.hierarchical.NodeTestTask.lambda$executeRecursively$6(NodeTestTask.java:160)
	at org.junit.platform.engine.support.hierarchical.ThrowableCollector.execute(ThrowableCollector.java:73)
	at org.junit.platform.engine.support.hierarchical.NodeTestTask.lambda$executeRecursively$8(NodeTestTask.java:146)
	at org.junit.platform.engine.support.hierarchical.Node.around(Node.java:137)
	at org.junit.platform.engine.support.hierarchical.NodeTestTask.lambda$executeRecursively$9(NodeTestTask.java:144)
	at org.junit.platform.engine.support.hierarchical.ThrowableCollector.execute(ThrowableCollector.java:73)
	at org.junit.platform.engine.support.hierarchical.NodeTestTask.executeRecursively(NodeTestTask.java:143)
	at org.junit.platform.engine.support.hierarchical.NodeTestTask.execute(NodeTestTask.java:100)
	at java.base/java.util.ArrayList.forEach(ArrayList.java:1604)
	at org.junit.platform.engine.support.hierarchical.SameThreadHierarchicalTestExecutorService.invokeAll(SameThreadHierarchicalTestExecutorService.java:41)
	at org.junit.platform.engine.support.hierarchical.NodeTestTask.lambda$executeRecursively$6(NodeTestTask.java:160)
	at org.junit.platform.engine.support.hierarchical.ThrowableCollector.execute(ThrowableCollector.java:73)
	at org.junit.platform.engine.support.hierarchical.NodeTestTask.lambda$executeRecursively$8(NodeTestTask.java:146)
	at org.junit.platform.engine.support.hierarchical.Node.around(Node.java:137)
	at org.junit.platform.engine.support.hierarchical.NodeTestTask.lambda$executeRecursively$9(NodeTestTask.java:144)
	at org.junit.platform.engine.support.hierarchical.ThrowableCollector.execute(ThrowableCollector.java:73)
	at org.junit.platform.engine.support.hierarchical.NodeTestTask.executeRecursively(NodeTestTask.java:143)
	at org.junit.platform.engine.support.hierarchical.NodeTestTask.execute(NodeTestTask.java:100)
	at org.junit.platform.engine.support.hierarchical.SameThreadHierarchicalTestExecutorService.submit(SameThreadHierarchicalTestExecutorService.java:35)
	at org.junit.platform.engine.support.hierarchical.HierarchicalTestExecutor.execute(HierarchicalTestExecutor.java:57)
	at org.junit.platform.engine.support.hierarchical.HierarchicalTestEngine.execute(HierarchicalTestEngine.java:54)
	at org.junit.platform.launcher.core.EngineExecutionOrchestrator.execute(EngineExecutionOrchestrator.java:198)
	at org.junit.platform.launcher.core.EngineExecutionOrchestrator.execute(EngineExecutionOrchestrator.java:169)
	at org.junit.platform.launcher.core.EngineExecutionOrchestrator.execute(EngineExecutionOrchestrator.java:93)
	at org.junit.platform.launcher.core.EngineExecutionOrchestrator.lambda$execute$0(EngineExecutionOrchestrator.java:58)
	at org.junit.platform.launcher.core.EngineExecutionOrchestrator.withInterceptedStreams(EngineExecutionOrchestrator.java:141)
	at org.junit.platform.launcher.core.EngineExecutionOrchestrator.execute(EngineExecutionOrchestrator.java:57)
	at org.junit.platform.launcher.core.DefaultLauncher.execute(DefaultLauncher.java:103)
	at org.junit.platform.launcher.core.DefaultLauncher.execute(DefaultLauncher.java:85)
	at org.junit.platform.launcher.core.DelegatingLauncher.execute(DelegatingLauncher.java:47)
	at org.apache.maven.surefire.junitplatform.LazyLauncher.execute(LazyLauncher.java:56)
	at org.apache.maven.surefire.junitplatform.JUnitPlatformProvider.execute(JUnitPlatformProvider.java:184)
	at org.apache.maven.surefire.junitplatform.JUnitPlatformProvider.invokeAllTests(JUnitPlatformProvider.java:148)
	at org.apache.maven.surefire.junitplatform.JUnitPlatformProvider.invoke(JUnitPlatformProvider.java:122)
	at org.apache.maven.surefire.booter.ForkedBooter.runSuitesInProcess(ForkedBooter.java:385)
	at org.apache.maven.surefire.booter.ForkedBooter.execute(ForkedBooter.java:162)
	at org.apache.maven.surefire.booter.ForkedBooter.run(ForkedBooter.java:507)
	at org.apache.maven.surefire.booter.ForkedBooter.main(ForkedBooter.java:495)
15:17:19.735 [main] WARN com.tngtech.archunit.core.importer.ClassFileProcessor -- Error during import from jrt:/java.base/java/time/Duration.class, falling back to simple import
java.lang.IllegalArgumentException: Unsupported class file major version 68
	at com.tngtech.archunit.thirdparty.org.objectweb.asm.ClassReader.<init>(ClassReader.java:200)
	at com.tngtech.archunit.thirdparty.org.objectweb.asm.ClassReader.<init>(ClassReader.java:180)
	at com.tngtech.archunit.thirdparty.org.objectweb.asm.ClassReader.<init>(ClassReader.java:166)
	at com.tngtech.archunit.thirdparty.org.objectweb.asm.ClassReader.<init>(ClassReader.java:288)
	at com.tngtech.archunit.core.importer.ClassFileProcessor$UriImporterOfProcessor.tryImport(ClassFileProcessor.java:350)
	at com.tngtech.archunit.core.importer.resolvers.ClassResolverFromClasspath.tryResolve(ClassResolverFromClasspath.java:51)
	at com.tngtech.archunit.core.importer.ImportedClasses.resolve(ImportedClasses.java:80)
	at com.tngtech.archunit.core.importer.ImportedClasses.ensurePresent(ImportedClasses.java:75)
	at com.tngtech.archunit.core.importer.DependencyResolutionProcess.executeRun(DependencyResolutionProcess.java:146)
	at com.tngtech.archunit.core.importer.DependencyResolutionProcess.resolve(DependencyResolutionProcess.java:122)
	at com.tngtech.archunit.core.importer.ClassGraphCreator.complete(ClassGraphCreator.java:107)
	at com.tngtech.archunit.core.importer.ClassFileProcessor.process(ClassFileProcessor.java:75)
	at com.tngtech.archunit.core.importer.ClassFileImporter.importLocations(ClassFileImporter.java:325)
	at com.tngtech.archunit.junit.internal.ClassCache$CacheClassFileImporter.importClasses(ClassCache.java:126)
	at com.tngtech.archunit.junit.internal.ClassCache$LazyJavaClasses.initialize(ClassCache.java:118)
	at com.tngtech.archunit.junit.internal.ClassCache$LazyJavaClasses.get(ClassCache.java:107)
	at com.tngtech.archunit.junit.internal.ClassCache.getClassesToAnalyzeFor(ClassCache.java:84)
	at com.tngtech.archunit.junit.internal.ArchUnitTestDescriptor.lambda$createChildren$1(ArchUnitTestDescriptor.java:90)
	at com.tngtech.archunit.junit.internal.ArchUnitTestDescriptor$ArchUnitRuleDescriptor.execute(ArchUnitTestDescriptor.java:167)
	at com.tngtech.archunit.junit.internal.ArchUnitTestDescriptor$ArchUnitRuleDescriptor.execute(ArchUnitTestDescriptor.java:150)
	at org.junit.platform.engine.support.hierarchical.NodeTestTask.lambda$executeRecursively$6(NodeTestTask.java:156)
	at org.junit.platform.engine.support.hierarchical.ThrowableCollector.execute(ThrowableCollector.java:73)
	at org.junit.platform.engine.support.hierarchical.NodeTestTask.lambda$executeRecursively$8(NodeTestTask.java:146)
	at org.junit.platform.engine.support.hierarchical.Node.around(Node.java:137)
	at org.junit.platform.engine.support.hierarchical.NodeTestTask.lambda$executeRecursively$9(NodeTestTask.java:144)
	at org.junit.platform.engine.support.hierarchical.ThrowableCollector.execute(ThrowableCollector.java:73)
	at org.junit.platform.engine.support.hierarchical.NodeTestTask.executeRecursively(NodeTestTask.java:143)
	at org.junit.platform.engine.support.hierarchical.NodeTestTask.execute(NodeTestTask.java:100)
	at java.base/java.util.ArrayList.forEach(ArrayList.java:1604)
	at org.junit.platform.engine.support.hierarchical.SameThreadHierarchicalTestExecutorService.invokeAll(SameThreadHierarchicalTestExecutorService.java:41)
	at org.junit.platform.engine.support.hierarchical.NodeTestTask.lambda$executeRecursively$6(NodeTestTask.java:160)
	at org.junit.platform.engine.support.hierarchical.ThrowableCollector.execute(ThrowableCollector.java:73)
	at org.junit.platform.engine.support.hierarchical.NodeTestTask.lambda$executeRecursively$8(NodeTestTask.java:146)
	at org.junit.platform.engine.support.hierarchical.Node.around(Node.java:137)
	at org.junit.platform.engine.support.hierarchical.NodeTestTask.lambda$executeRecursively$9(NodeTestTask.java:144)
	at org.junit.platform.engine.support.hierarchical.ThrowableCollector.execute(ThrowableCollector.java:73)
	at org.junit.platform.engine.support.hierarchical.NodeTestTask.executeRecursively(NodeTestTask.java:143)
	at org.junit.platform.engine.support.hierarchical.NodeTestTask.execute(NodeTestTask.java:100)
	at java.base/java.util.ArrayList.forEach(ArrayList.java:1604)
	at org.junit.platform.engine.support.hierarchical.SameThreadHierarchicalTestExecutorService.invokeAll(SameThreadHierarchicalTestExecutorService.java:41)
	at org.junit.platform.engine.support.hierarchical.NodeTestTask.lambda$executeRecursively$6(NodeTestTask.java:160)
	at org.junit.platform.engine.support.hierarchical.ThrowableCollector.execute(ThrowableCollector.java:73)
	at org.junit.platform.engine.support.hierarchical.NodeTestTask.lambda$executeRecursively$8(NodeTestTask.java:146)
	at org.junit.platform.engine.support.hierarchical.Node.around(Node.java:137)
	at org.junit.platform.engine.support.hierarchical.NodeTestTask.lambda$executeRecursively$9(NodeTestTask.java:144)
	at org.junit.platform.engine.support.hierarchical.ThrowableCollector.execute(ThrowableCollector.java:73)
	at org.junit.platform.engine.support.hierarchical.NodeTestTask.executeRecursively(NodeTestTask.java:143)
	at org.junit.platform.engine.support.hierarchical.NodeTestTask.execute(NodeTestTask.java:100)
	at org.junit.platform.engine.support.hierarchical.SameThreadHierarchicalTestExecutorService.submit(SameThreadHierarchicalTestExecutorService.java:35)
	at org.junit.platform.engine.support.hierarchical.HierarchicalTestExecutor.execute(HierarchicalTestExecutor.java:57)
	at org.junit.platform.engine.support.hierarchical.HierarchicalTestEngine.execute(HierarchicalTestEngine.java:54)
	at org.junit.platform.launcher.core.EngineExecutionOrchestrator.execute(EngineExecutionOrchestrator.java:198)
	at org.junit.platform.launcher.core.EngineExecutionOrchestrator.execute(EngineExecutionOrchestrator.java:169)
	at org.junit.platform.launcher.core.EngineExecutionOrchestrator.execute(EngineExecutionOrchestrator.java:93)
	at org.junit.platform.launcher.core.EngineExecutionOrchestrator.lambda$execute$0(EngineExecutionOrchestrator.java:58)
	at org.junit.platform.launcher.core.EngineExecutionOrchestrator.withInterceptedStreams(EngineExecutionOrchestrator.java:141)
	at org.junit.platform.launcher.core.EngineExecutionOrchestrator.execute(EngineExecutionOrchestrator.java:57)
	at org.junit.platform.launcher.core.DefaultLauncher.execute(DefaultLauncher.java:103)
	at org.junit.platform.launcher.core.DefaultLauncher.execute(DefaultLauncher.java:85)
	at org.junit.platform.launcher.core.DelegatingLauncher.execute(DelegatingLauncher.java:47)
	at org.apache.maven.surefire.junitplatform.LazyLauncher.execute(LazyLauncher.java:56)
	at org.apache.maven.surefire.junitplatform.JUnitPlatformProvider.execute(JUnitPlatformProvider.java:184)
	at org.apache.maven.surefire.junitplatform.JUnitPlatformProvider.invokeAllTests(JUnitPlatformProvider.java:148)
	at org.apache.maven.surefire.junitplatform.JUnitPlatformProvider.invoke(JUnitPlatformProvider.java:122)
	at org.apache.maven.surefire.booter.ForkedBooter.runSuitesInProcess(ForkedBooter.java:385)
	at org.apache.maven.surefire.booter.ForkedBooter.execute(ForkedBooter.java:162)
	at org.apache.maven.surefire.booter.ForkedBooter.run(ForkedBooter.java:507)
	at org.apache.maven.surefire.booter.ForkedBooter.main(ForkedBooter.java:495)
15:17:19.736 [main] WARN com.tngtech.archunit.core.importer.ClassFileProcessor -- Error during import from jrt:/java.base/java/util/Map.class, falling back to simple import
java.lang.IllegalArgumentException: Unsupported class file major version 68
	at com.tngtech.archunit.thirdparty.org.objectweb.asm.ClassReader.<init>(ClassReader.java:200)
	at com.tngtech.archunit.thirdparty.org.objectweb.asm.ClassReader.<init>(ClassReader.java:180)
	at com.tngtech.archunit.thirdparty.org.objectweb.asm.ClassReader.<init>(ClassReader.java:166)
	at com.tngtech.archunit.thirdparty.org.objectweb.asm.ClassReader.<init>(ClassReader.java:288)
	at com.tngtech.archunit.core.importer.ClassFileProcessor$UriImporterOfProcessor.tryImport(ClassFileProcessor.java:350)
	at com.tngtech.archunit.core.importer.resolvers.ClassResolverFromClasspath.tryResolve(ClassResolverFromClasspath.java:51)
	at com.tngtech.archunit.core.importer.ImportedClasses.resolve(ImportedClasses.java:80)
	at com.tngtech.archunit.core.importer.ImportedClasses.ensurePresent(ImportedClasses.java:75)
	at com.tngtech.archunit.core.importer.DependencyResolutionProcess.executeRun(DependencyResolutionProcess.java:146)
	at com.tngtech.archunit.core.importer.DependencyResolutionProcess.resolve(DependencyResolutionProcess.java:122)
	at com.tngtech.archunit.core.importer.ClassGraphCreator.complete(ClassGraphCreator.java:107)
	at com.tngtech.archunit.core.importer.ClassFileProcessor.process(ClassFileProcessor.java:75)
	at com.tngtech.archunit.core.importer.ClassFileImporter.importLocations(ClassFileImporter.java:325)
	at com.tngtech.archunit.junit.internal.ClassCache$CacheClassFileImporter.importClasses(ClassCache.java:126)
	at com.tngtech.archunit.junit.internal.ClassCache$LazyJavaClasses.initialize(ClassCache.java:118)
	at com.tngtech.archunit.junit.internal.ClassCache$LazyJavaClasses.get(ClassCache.java:107)
	at com.tngtech.archunit.junit.internal.ClassCache.getClassesToAnalyzeFor(ClassCache.java:84)
	at com.tngtech.archunit.junit.internal.ArchUnitTestDescriptor.lambda$createChildren$1(ArchUnitTestDescriptor.java:90)
	at com.tngtech.archunit.junit.internal.ArchUnitTestDescriptor$ArchUnitRuleDescriptor.execute(ArchUnitTestDescriptor.java:167)
	at com.tngtech.archunit.junit.internal.ArchUnitTestDescriptor$ArchUnitRuleDescriptor.execute(ArchUnitTestDescriptor.java:150)
	at org.junit.platform.engine.support.hierarchical.NodeTestTask.lambda$executeRecursively$6(NodeTestTask.java:156)
	at org.junit.platform.engine.support.hierarchical.ThrowableCollector.execute(ThrowableCollector.java:73)
	at org.junit.platform.engine.support.hierarchical.NodeTestTask.lambda$executeRecursively$8(NodeTestTask.java:146)
	at org.junit.platform.engine.support.hierarchical.Node.around(Node.java:137)
	at org.junit.platform.engine.support.hierarchical.NodeTestTask.lambda$executeRecursively$9(NodeTestTask.java:144)
	at org.junit.platform.engine.support.hierarchical.ThrowableCollector.execute(ThrowableCollector.java:73)
	at org.junit.platform.engine.support.hierarchical.NodeTestTask.executeRecursively(NodeTestTask.java:143)
	at org.junit.platform.engine.support.hierarchical.NodeTestTask.execute(NodeTestTask.java:100)
	at java.base/java.util.ArrayList.forEach(ArrayList.java:1604)
	at org.junit.platform.engine.support.hierarchical.SameThreadHierarchicalTestExecutorService.invokeAll(SameThreadHierarchicalTestExecutorService.java:41)
	at org.junit.platform.engine.support.hierarchical.NodeTestTask.lambda$executeRecursively$6(NodeTestTask.java:160)
	at org.junit.platform.engine.support.hierarchical.ThrowableCollector.execute(ThrowableCollector.java:73)
	at org.junit.platform.engine.support.hierarchical.NodeTestTask.lambda$executeRecursively$8(NodeTestTask.java:146)
	at org.junit.platform.engine.support.hierarchical.Node.around(Node.java:137)
	at org.junit.platform.engine.support.hierarchical.NodeTestTask.lambda$executeRecursively$9(NodeTestTask.java:144)
	at org.junit.platform.engine.support.hierarchical.ThrowableCollector.execute(ThrowableCollector.java:73)
	at org.junit.platform.engine.support.hierarchical.NodeTestTask.executeRecursively(NodeTestTask.java:143)
	at org.junit.platform.engine.support.hierarchical.NodeTestTask.execute(NodeTestTask.java:100)
	at java.base/java.util.ArrayList.forEach(ArrayList.java:1604)
	at org.junit.platform.engine.support.hierarchical.SameThreadHierarchicalTestExecutorService.invokeAll(SameThreadHierarchicalTestExecutorService.java:41)
	at org.junit.platform.engine.support.hierarchical.NodeTestTask.lambda$executeRecursively$6(NodeTestTask.java:160)
	at org.junit.platform.engine.support.hierarchical.ThrowableCollector.execute(ThrowableCollector.java:73)
	at org.junit.platform.engine.support.hierarchical.NodeTestTask.lambda$executeRecursively$8(NodeTestTask.java:146)
	at org.junit.platform.engine.support.hierarchical.Node.around(Node.java:137)
	at org.junit.platform.engine.support.hierarchical.NodeTestTask.lambda$executeRecursively$9(NodeTestTask.java:144)
	at org.junit.platform.engine.support.hierarchical.ThrowableCollector.execute(ThrowableCollector.java:73)
	at org.junit.platform.engine.support.hierarchical.NodeTestTask.executeRecursively(NodeTestTask.java:143)
	at org.junit.platform.engine.support.hierarchical.NodeTestTask.execute(NodeTestTask.java:100)
	at org.junit.platform.engine.support.hierarchical.SameThreadHierarchicalTestExecutorService.submit(SameThreadHierarchicalTestExecutorService.java:35)
	at org.junit.platform.engine.support.hierarchical.HierarchicalTestExecutor.execute(HierarchicalTestExecutor.java:57)
	at org.junit.platform.engine.support.hierarchical.HierarchicalTestEngine.execute(HierarchicalTestEngine.java:54)
	at org.junit.platform.launcher.core.EngineExecutionOrchestrator.execute(EngineExecutionOrchestrator.java:198)
	at org.junit.platform.launcher.core.EngineExecutionOrchestrator.execute(EngineExecutionOrchestrator.java:169)
	at org.junit.platform.launcher.core.EngineExecutionOrchestrator.execute(EngineExecutionOrchestrator.java:93)
	at org.junit.platform.launcher.core.EngineExecutionOrchestrator.lambda$execute$0(EngineExecutionOrchestrator.java:58)
	at org.junit.platform.launcher.core.EngineExecutionOrchestrator.withInterceptedStreams(EngineExecutionOrchestrator.java:141)
	at org.junit.platform.launcher.core.EngineExecutionOrchestrator.execute(EngineExecutionOrchestrator.java:57)
	at org.junit.platform.launcher.core.DefaultLauncher.execute(DefaultLauncher.java:103)
	at org.junit.platform.launcher.core.DefaultLauncher.execute(DefaultLauncher.java:85)
	at org.junit.platform.launcher.core.DelegatingLauncher.execute(DelegatingLauncher.java:47)
	at org.apache.maven.surefire.junitplatform.LazyLauncher.execute(LazyLauncher.java:56)
	at org.apache.maven.surefire.junitplatform.JUnitPlatformProvider.execute(JUnitPlatformProvider.java:184)
	at org.apache.maven.surefire.junitplatform.JUnitPlatformProvider.invokeAllTests(JUnitPlatformProvider.java:148)
	at org.apache.maven.surefire.junitplatform.JUnitPlatformProvider.invoke(JUnitPlatformProvider.java:122)
	at org.apache.maven.surefire.booter.ForkedBooter.runSuitesInProcess(ForkedBooter.java:385)
	at org.apache.maven.surefire.booter.ForkedBooter.execute(ForkedBooter.java:162)
	at org.apache.maven.surefire.booter.ForkedBooter.run(ForkedBooter.java:507)
	at org.apache.maven.surefire.booter.ForkedBooter.main(ForkedBooter.java:495)
15:17:19.738 [main] WARN com.tngtech.archunit.core.importer.ClassFileProcessor -- Error during import from jrt:/java.base/java/lang/StringBuilder.class, falling back to simple import
java.lang.IllegalArgumentException: Unsupported class file major version 68
	at com.tngtech.archunit.thirdparty.org.objectweb.asm.ClassReader.<init>(ClassReader.java:200)
	at com.tngtech.archunit.thirdparty.org.objectweb.asm.ClassReader.<init>(ClassReader.java:180)
	at com.tngtech.archunit.thirdparty.org.objectweb.asm.ClassReader.<init>(ClassReader.java:166)
	at com.tngtech.archunit.thirdparty.org.objectweb.asm.ClassReader.<init>(ClassReader.java:288)
	at com.tngtech.archunit.core.importer.ClassFileProcessor$UriImporterOfProcessor.tryImport(ClassFileProcessor.java:350)
	at com.tngtech.archunit.core.importer.resolvers.ClassResolverFromClasspath.tryResolve(ClassResolverFromClasspath.java:51)
	at com.tngtech.archunit.core.importer.ImportedClasses.resolve(ImportedClasses.java:80)
	at com.tngtech.archunit.core.importer.ImportedClasses.ensurePresent(ImportedClasses.java:75)
	at com.tngtech.archunit.core.importer.DependencyResolutionProcess.executeRun(DependencyResolutionProcess.java:146)
	at com.tngtech.archunit.core.importer.DependencyResolutionProcess.resolve(DependencyResolutionProcess.java:122)
	at com.tngtech.archunit.core.importer.ClassGraphCreator.complete(ClassGraphCreator.java:107)
	at com.tngtech.archunit.core.importer.ClassFileProcessor.process(ClassFileProcessor.java:75)
	at com.tngtech.archunit.core.importer.ClassFileImporter.importLocations(ClassFileImporter.java:325)
	at com.tngtech.archunit.junit.internal.ClassCache$CacheClassFileImporter.importClasses(ClassCache.java:126)
	at com.tngtech.archunit.junit.internal.ClassCache$LazyJavaClasses.initialize(ClassCache.java:118)
	at com.tngtech.archunit.junit.internal.ClassCache$LazyJavaClasses.get(ClassCache.java:107)
	at com.tngtech.archunit.junit.internal.ClassCache.getClassesToAnalyzeFor(ClassCache.java:84)
	at com.tngtech.archunit.junit.internal.ArchUnitTestDescriptor.lambda$createChildren$1(ArchUnitTestDescriptor.java:90)
	at com.tngtech.archunit.junit.internal.ArchUnitTestDescriptor$ArchUnitRuleDescriptor.execute(ArchUnitTestDescriptor.java:167)
	at com.tngtech.archunit.junit.internal.ArchUnitTestDescriptor$ArchUnitRuleDescriptor.execute(ArchUnitTestDescriptor.java:150)
	at org.junit.platform.engine.support.hierarchical.NodeTestTask.lambda$executeRecursively$6(NodeTestTask.java:156)
	at org.junit.platform.engine.support.hierarchical.ThrowableCollector.execute(ThrowableCollector.java:73)
	at org.junit.platform.engine.support.hierarchical.NodeTestTask.lambda$executeRecursively$8(NodeTestTask.java:146)
	at org.junit.platform.engine.support.hierarchical.Node.around(Node.java:137)
	at org.junit.platform.engine.support.hierarchical.NodeTestTask.lambda$executeRecursively$9(NodeTestTask.java:144)
	at org.junit.platform.engine.support.hierarchical.ThrowableCollector.execute(ThrowableCollector.java:73)
	at org.junit.platform.engine.support.hierarchical.NodeTestTask.executeRecursively(NodeTestTask.java:143)
	at org.junit.platform.engine.support.hierarchical.NodeTestTask.execute(NodeTestTask.java:100)
	at java.base/java.util.ArrayList.forEach(ArrayList.java:1604)
	at org.junit.platform.engine.support.hierarchical.SameThreadHierarchicalTestExecutorService.invokeAll(SameThreadHierarchicalTestExecutorService.java:41)
	at org.junit.platform.engine.support.hierarchical.NodeTestTask.lambda$executeRecursively$6(NodeTestTask.java:160)
	at org.junit.platform.engine.support.hierarchical.ThrowableCollector.execute(ThrowableCollector.java:73)
	at org.junit.platform.engine.support.hierarchical.NodeTestTask.lambda$executeRecursively$8(NodeTestTask.java:146)
	at org.junit.platform.engine.support.hierarchical.Node.around(Node.java:137)
	at org.junit.platform.engine.support.hierarchical.NodeTestTask.lambda$executeRecursively$9(NodeTestTask.java:144)
	at org.junit.platform.engine.support.hierarchical.ThrowableCollector.execute(ThrowableCollector.java:73)
	at org.junit.platform.engine.support.hierarchical.NodeTestTask.executeRecursively(NodeTestTask.java:143)
	at org.junit.platform.engine.support.hierarchical.NodeTestTask.execute(NodeTestTask.java:100)
	at java.base/java.util.ArrayList.forEach(ArrayList.java:1604)
	at org.junit.platform.engine.support.hierarchical.SameThreadHierarchicalTestExecutorService.invokeAll(SameThreadHierarchicalTestExecutorService.java:41)
	at org.junit.platform.engine.support.hierarchical.NodeTestTask.lambda$executeRecursively$6(NodeTestTask.java:160)
	at org.junit.platform.engine.support.hierarchical.ThrowableCollector.execute(ThrowableCollector.java:73)
	at org.junit.platform.engine.support.hierarchical.NodeTestTask.lambda$executeRecursively$8(NodeTestTask.java:146)
	at org.junit.platform.engine.support.hierarchical.Node.around(Node.java:137)
	at org.junit.platform.engine.support.hierarchical.NodeTestTask.lambda$executeRecursively$9(NodeTestTask.java:144)
	at org.junit.platform.engine.support.hierarchical.ThrowableCollector.execute(ThrowableCollector.java:73)
	at org.junit.platform.engine.support.hierarchical.NodeTestTask.executeRecursively(NodeTestTask.java:143)
	at org.junit.platform.engine.support.hierarchical.NodeTestTask.execute(NodeTestTask.java:100)
	at org.junit.platform.engine.support.hierarchical.SameThreadHierarchicalTestExecutorService.submit(SameThreadHierarchicalTestExecutorService.java:35)
	at org.junit.platform.engine.support.hierarchical.HierarchicalTestExecutor.execute(HierarchicalTestExecutor.java:57)
	at org.junit.platform.engine.support.hierarchical.HierarchicalTestEngine.execute(HierarchicalTestEngine.java:54)
	at org.junit.platform.launcher.core.EngineExecutionOrchestrator.execute(EngineExecutionOrchestrator.java:198)
	at org.junit.platform.launcher.core.EngineExecutionOrchestrator.execute(EngineExecutionOrchestrator.java:169)
	at org.junit.platform.launcher.core.EngineExecutionOrchestrator.execute(EngineExecutionOrchestrator.java:93)
	at org.junit.platform.launcher.core.EngineExecutionOrchestrator.lambda$execute$0(EngineExecutionOrchestrator.java:58)
	at org.junit.platform.launcher.core.EngineExecutionOrchestrator.withInterceptedStreams(EngineExecutionOrchestrator.java:141)
	at org.junit.platform.launcher.core.EngineExecutionOrchestrator.execute(EngineExecutionOrchestrator.java:57)
	at org.junit.platform.launcher.core.DefaultLauncher.execute(DefaultLauncher.java:103)
	at org.junit.platform.launcher.core.DefaultLauncher.execute(DefaultLauncher.java:85)
	at org.junit.platform.launcher.core.DelegatingLauncher.execute(DelegatingLauncher.java:47)
	at org.apache.maven.surefire.junitplatform.LazyLauncher.execute(LazyLauncher.java:56)
	at org.apache.maven.surefire.junitplatform.JUnitPlatformProvider.execute(JUnitPlatformProvider.java:184)
	at org.apache.maven.surefire.junitplatform.JUnitPlatformProvider.invokeAllTests(JUnitPlatformProvider.java:148)
	at org.apache.maven.surefire.junitplatform.JUnitPlatformProvider.invoke(JUnitPlatformProvider.java:122)
	at org.apache.maven.surefire.booter.ForkedBooter.runSuitesInProcess(ForkedBooter.java:385)
	at org.apache.maven.surefire.booter.ForkedBooter.execute(ForkedBooter.java:162)
	at org.apache.maven.surefire.booter.ForkedBooter.run(ForkedBooter.java:507)
	at org.apache.maven.surefire.booter.ForkedBooter.main(ForkedBooter.java:495)
15:17:19.746 [main] WARN com.tngtech.archunit.core.importer.ClassFileProcessor -- Error during import from jrt:/java.base/java/lang/reflect/Field.class, falling back to simple import
java.lang.IllegalArgumentException: Unsupported class file major version 68
	at com.tngtech.archunit.thirdparty.org.objectweb.asm.ClassReader.<init>(ClassReader.java:200)
	at com.tngtech.archunit.thirdparty.org.objectweb.asm.ClassReader.<init>(ClassReader.java:180)
	at com.tngtech.archunit.thirdparty.org.objectweb.asm.ClassReader.<init>(ClassReader.java:166)
	at com.tngtech.archunit.thirdparty.org.objectweb.asm.ClassReader.<init>(ClassReader.java:288)
	at com.tngtech.archunit.core.importer.ClassFileProcessor$UriImporterOfProcessor.tryImport(ClassFileProcessor.java:350)
	at com.tngtech.archunit.core.importer.resolvers.ClassResolverFromClasspath.tryResolve(ClassResolverFromClasspath.java:51)
	at com.tngtech.archunit.core.importer.ImportedClasses.resolve(ImportedClasses.java:80)
	at com.tngtech.archunit.core.importer.ImportedClasses.ensurePresent(ImportedClasses.java:75)
	at com.tngtech.archunit.core.importer.DependencyResolutionProcess.executeRun(DependencyResolutionProcess.java:146)
	at com.tngtech.archunit.core.importer.DependencyResolutionProcess.resolve(DependencyResolutionProcess.java:122)
	at com.tngtech.archunit.core.importer.ClassGraphCreator.complete(ClassGraphCreator.java:107)
	at com.tngtech.archunit.core.importer.ClassFileProcessor.process(ClassFileProcessor.java:75)
	at com.tngtech.archunit.core.importer.ClassFileImporter.importLocations(ClassFileImporter.java:325)
	at com.tngtech.archunit.junit.internal.ClassCache$CacheClassFileImporter.importClasses(ClassCache.java:126)
	at com.tngtech.archunit.junit.internal.ClassCache$LazyJavaClasses.initialize(ClassCache.java:118)
	at com.tngtech.archunit.junit.internal.ClassCache$LazyJavaClasses.get(ClassCache.java:107)
	at com.tngtech.archunit.junit.internal.ClassCache.getClassesToAnalyzeFor(ClassCache.java:84)
	at com.tngtech.archunit.junit.internal.ArchUnitTestDescriptor.lambda$createChildren$1(ArchUnitTestDescriptor.java:90)
	at com.tngtech.archunit.junit.internal.ArchUnitTestDescriptor$ArchUnitRuleDescriptor.execute(ArchUnitTestDescriptor.java:167)
	at com.tngtech.archunit.junit.internal.ArchUnitTestDescriptor$ArchUnitRuleDescriptor.execute(ArchUnitTestDescriptor.java:150)
	at org.junit.platform.engine.support.hierarchical.NodeTestTask.lambda$executeRecursively$6(NodeTestTask.java:156)
	at org.junit.platform.engine.support.hierarchical.ThrowableCollector.execute(ThrowableCollector.java:73)
	at org.junit.platform.engine.support.hierarchical.NodeTestTask.lambda$executeRecursively$8(NodeTestTask.java:146)
	at org.junit.platform.engine.support.hierarchical.Node.around(Node.java:137)
	at org.junit.platform.engine.support.hierarchical.NodeTestTask.lambda$executeRecursively$9(NodeTestTask.java:144)
	at org.junit.platform.engine.support.hierarchical.ThrowableCollector.execute(ThrowableCollector.java:73)
	at org.junit.platform.engine.support.hierarchical.NodeTestTask.executeRecursively(NodeTestTask.java:143)
	at org.junit.platform.engine.support.hierarchical.NodeTestTask.execute(NodeTestTask.java:100)
	at java.base/java.util.ArrayList.forEach(ArrayList.java:1604)
	at org.junit.platform.engine.support.hierarchical.SameThreadHierarchicalTestExecutorService.invokeAll(SameThreadHierarchicalTestExecutorService.java:41)
	at org.junit.platform.engine.support.hierarchical.NodeTestTask.lambda$executeRecursively$6(NodeTestTask.java:160)
	at org.junit.platform.engine.support.hierarchical.ThrowableCollector.execute(ThrowableCollector.java:73)
	at org.junit.platform.engine.support.hierarchical.NodeTestTask.lambda$executeRecursively$8(NodeTestTask.java:146)
	at org.junit.platform.engine.support.hierarchical.Node.around(Node.java:137)
	at org.junit.platform.engine.support.hierarchical.NodeTestTask.lambda$executeRecursively$9(NodeTestTask.java:144)
	at org.junit.platform.engine.support.hierarchical.ThrowableCollector.execute(ThrowableCollector.java:73)
	at org.junit.platform.engine.support.hierarchical.NodeTestTask.executeRecursively(NodeTestTask.java:143)
	at org.junit.platform.engine.support.hierarchical.NodeTestTask.execute(NodeTestTask.java:100)
	at java.base/java.util.ArrayList.forEach(ArrayList.java:1604)
	at org.junit.platform.engine.support.hierarchical.SameThreadHierarchicalTestExecutorService.invokeAll(SameThreadHierarchicalTestExecutorService.java:41)
	at org.junit.platform.engine.support.hierarchical.NodeTestTask.lambda$executeRecursively$6(NodeTestTask.java:160)
	at org.junit.platform.engine.support.hierarchical.ThrowableCollector.execute(ThrowableCollector.java:73)
	at org.junit.platform.engine.support.hierarchical.NodeTestTask.lambda$executeRecursively$8(NodeTestTask.java:146)
	at org.junit.platform.engine.support.hierarchical.Node.around(Node.java:137)
	at org.junit.platform.engine.support.hierarchical.NodeTestTask.lambda$executeRecursively$9(NodeTestTask.java:144)
	at org.junit.platform.engine.support.hierarchical.ThrowableCollector.execute(ThrowableCollector.java:73)
	at org.junit.platform.engine.support.hierarchical.NodeTestTask.executeRecursively(NodeTestTask.java:143)
	at org.junit.platform.engine.support.hierarchical.NodeTestTask.execute(NodeTestTask.java:100)
	at org.junit.platform.engine.support.hierarchical.SameThreadHierarchicalTestExecutorService.submit(SameThreadHierarchicalTestExecutorService.java:35)
	at org.junit.platform.engine.support.hierarchical.HierarchicalTestExecutor.execute(HierarchicalTestExecutor.java:57)
	at org.junit.platform.engine.support.hierarchical.HierarchicalTestEngine.execute(HierarchicalTestEngine.java:54)
	at org.junit.platform.launcher.core.EngineExecutionOrchestrator.execute(EngineExecutionOrchestrator.java:198)
	at org.junit.platform.launcher.core.EngineExecutionOrchestrator.execute(EngineExecutionOrchestrator.java:169)
	at org.junit.platform.launcher.core.EngineExecutionOrchestrator.execute(EngineExecutionOrchestrator.java:93)
	at org.junit.platform.launcher.core.EngineExecutionOrchestrator.lambda$execute$0(EngineExecutionOrchestrator.java:58)
	at org.junit.platform.launcher.core.EngineExecutionOrchestrator.withInterceptedStreams(EngineExecutionOrchestrator.java:141)
	at org.junit.platform.launcher.core.EngineExecutionOrchestrator.execute(EngineExecutionOrchestrator.java:57)
	at org.junit.platform.launcher.core.DefaultLauncher.execute(DefaultLauncher.java:103)
	at org.junit.platform.launcher.core.DefaultLauncher.execute(DefaultLauncher.java:85)
	at org.junit.platform.launcher.core.DelegatingLauncher.execute(DelegatingLauncher.java:47)
	at org.apache.maven.surefire.junitplatform.LazyLauncher.execute(LazyLauncher.java:56)
	at org.apache.maven.surefire.junitplatform.JUnitPlatformProvider.execute(JUnitPlatformProvider.java:184)
	at org.apache.maven.surefire.junitplatform.JUnitPlatformProvider.invokeAllTests(JUnitPlatformProvider.java:148)
	at org.apache.maven.surefire.junitplatform.JUnitPlatformProvider.invoke(JUnitPlatformProvider.java:122)
	at org.apache.maven.surefire.booter.ForkedBooter.runSuitesInProcess(ForkedBooter.java:385)
	at org.apache.maven.surefire.booter.ForkedBooter.execute(ForkedBooter.java:162)
	at org.apache.maven.surefire.booter.ForkedBooter.run(ForkedBooter.java:507)
	at org.apache.maven.surefire.booter.ForkedBooter.main(ForkedBooter.java:495)
15:17:19.748 [main] WARN com.tngtech.archunit.core.importer.ClassFileProcessor -- Error during import from jrt:/java.base/java/util/concurrent/atomic/AtomicLong.class, falling back to simple import
java.lang.IllegalArgumentException: Unsupported class file major version 68
	at com.tngtech.archunit.thirdparty.org.objectweb.asm.ClassReader.<init>(ClassReader.java:200)
	at com.tngtech.archunit.thirdparty.org.objectweb.asm.ClassReader.<init>(ClassReader.java:180)
	at com.tngtech.archunit.thirdparty.org.objectweb.asm.ClassReader.<init>(ClassReader.java:166)
	at com.tngtech.archunit.thirdparty.org.objectweb.asm.ClassReader.<init>(ClassReader.java:288)
	at com.tngtech.archunit.core.importer.ClassFileProcessor$UriImporterOfProcessor.tryImport(ClassFileProcessor.java:350)
	at com.tngtech.archunit.core.importer.resolvers.ClassResolverFromClasspath.tryResolve(ClassResolverFromClasspath.java:51)
	at com.tngtech.archunit.core.importer.ImportedClasses.resolve(ImportedClasses.java:80)
	at com.tngtech.archunit.core.importer.ImportedClasses.ensurePresent(ImportedClasses.java:75)
	at com.tngtech.archunit.core.importer.DependencyResolutionProcess.executeRun(DependencyResolutionProcess.java:146)
	at com.tngtech.archunit.core.importer.DependencyResolutionProcess.resolve(DependencyResolutionProcess.java:122)
	at com.tngtech.archunit.core.importer.ClassGraphCreator.complete(ClassGraphCreator.java:107)
	at com.tngtech.archunit.core.importer.ClassFileProcessor.process(ClassFileProcessor.java:75)
	at com.tngtech.archunit.core.importer.ClassFileImporter.importLocations(ClassFileImporter.java:325)
	at com.tngtech.archunit.junit.internal.ClassCache$CacheClassFileImporter.importClasses(ClassCache.java:126)
	at com.tngtech.archunit.junit.internal.ClassCache$LazyJavaClasses.initialize(ClassCache.java:118)
	at com.tngtech.archunit.junit.internal.ClassCache$LazyJavaClasses.get(ClassCache.java:107)
	at com.tngtech.archunit.junit.internal.ClassCache.getClassesToAnalyzeFor(ClassCache.java:84)
	at com.tngtech.archunit.junit.internal.ArchUnitTestDescriptor.lambda$createChildren$1(ArchUnitTestDescriptor.java:90)
	at com.tngtech.archunit.junit.internal.ArchUnitTestDescriptor$ArchUnitRuleDescriptor.execute(ArchUnitTestDescriptor.java:167)
	at com.tngtech.archunit.junit.internal.ArchUnitTestDescriptor$ArchUnitRuleDescriptor.execute(ArchUnitTestDescriptor.java:150)
	at org.junit.platform.engine.support.hierarchical.NodeTestTask.lambda$executeRecursively$6(NodeTestTask.java:156)
	at org.junit.platform.engine.support.hierarchical.ThrowableCollector.execute(ThrowableCollector.java:73)
	at org.junit.platform.engine.support.hierarchical.NodeTestTask.lambda$executeRecursively$8(NodeTestTask.java:146)
	at org.junit.platform.engine.support.hierarchical.Node.around(Node.java:137)
	at org.junit.platform.engine.support.hierarchical.NodeTestTask.lambda$executeRecursively$9(NodeTestTask.java:144)
	at org.junit.platform.engine.support.hierarchical.ThrowableCollector.execute(ThrowableCollector.java:73)
	at org.junit.platform.engine.support.hierarchical.NodeTestTask.executeRecursively(NodeTestTask.java:143)
	at org.junit.platform.engine.support.hierarchical.NodeTestTask.execute(NodeTestTask.java:100)
	at java.base/java.util.ArrayList.forEach(ArrayList.java:1604)
	at org.junit.platform.engine.support.hierarchical.SameThreadHierarchicalTestExecutorService.invokeAll(SameThreadHierarchicalTestExecutorService.java:41)
	at org.junit.platform.engine.support.hierarchical.NodeTestTask.lambda$executeRecursively$6(NodeTestTask.java:160)
	at org.junit.platform.engine.support.hierarchical.ThrowableCollector.execute(ThrowableCollector.java:73)
	at org.junit.platform.engine.support.hierarchical.NodeTestTask.lambda$executeRecursively$8(NodeTestTask.java:146)
	at org.junit.platform.engine.support.hierarchical.Node.around(Node.java:137)
	at org.junit.platform.engine.support.hierarchical.NodeTestTask.lambda$executeRecursively$9(NodeTestTask.java:144)
	at org.junit.platform.engine.support.hierarchical.ThrowableCollector.execute(ThrowableCollector.java:73)
	at org.junit.platform.engine.support.hierarchical.NodeTestTask.executeRecursively(NodeTestTask.java:143)
	at org.junit.platform.engine.support.hierarchical.NodeTestTask.execute(NodeTestTask.java:100)
	at java.base/java.util.ArrayList.forEach(ArrayList.java:1604)
	at org.junit.platform.engine.support.hierarchical.SameThreadHierarchicalTestExecutorService.invokeAll(SameThreadHierarchicalTestExecutorService.java:41)
	at org.junit.platform.engine.support.hierarchical.NodeTestTask.lambda$executeRecursively$6(NodeTestTask.java:160)
	at org.junit.platform.engine.support.hierarchical.ThrowableCollector.execute(ThrowableCollector.java:73)
	at org.junit.platform.engine.support.hierarchical.NodeTestTask.lambda$executeRecursively$8(NodeTestTask.java:146)
	at org.junit.platform.engine.support.hierarchical.Node.around(Node.java:137)
	at org.junit.platform.engine.support.hierarchical.NodeTestTask.lambda$executeRecursively$9(NodeTestTask.java:144)
	at org.junit.platform.engine.support.hierarchical.ThrowableCollector.execute(ThrowableCollector.java:73)
	at org.junit.platform.engine.support.hierarchical.NodeTestTask.executeRecursively(NodeTestTask.java:143)
	at org.junit.platform.engine.support.hierarchical.NodeTestTask.execute(NodeTestTask.java:100)
	at org.junit.platform.engine.support.hierarchical.SameThreadHierarchicalTestExecutorService.submit(SameThreadHierarchicalTestExecutorService.java:35)
	at org.junit.platform.engine.support.hierarchical.HierarchicalTestExecutor.execute(HierarchicalTestExecutor.java:57)
	at org.junit.platform.engine.support.hierarchical.HierarchicalTestEngine.execute(HierarchicalTestEngine.java:54)
	at org.junit.platform.launcher.core.EngineExecutionOrchestrator.execute(EngineExecutionOrchestrator.java:198)
	at org.junit.platform.launcher.core.EngineExecutionOrchestrator.execute(EngineExecutionOrchestrator.java:169)
	at org.junit.platform.launcher.core.EngineExecutionOrchestrator.execute(EngineExecutionOrchestrator.java:93)
	at org.junit.platform.launcher.core.EngineExecutionOrchestrator.lambda$execute$0(EngineExecutionOrchestrator.java:58)
	at org.junit.platform.launcher.core.EngineExecutionOrchestrator.withInterceptedStreams(EngineExecutionOrchestrator.java:141)
	at org.junit.platform.launcher.core.EngineExecutionOrchestrator.execute(EngineExecutionOrchestrator.java:57)
	at org.junit.platform.launcher.core.DefaultLauncher.execute(DefaultLauncher.java:103)
	at org.junit.platform.launcher.core.DefaultLauncher.execute(DefaultLauncher.java:85)
	at org.junit.platform.launcher.core.DelegatingLauncher.execute(DelegatingLauncher.java:47)
	at org.apache.maven.surefire.junitplatform.LazyLauncher.execute(LazyLauncher.java:56)
	at org.apache.maven.surefire.junitplatform.JUnitPlatformProvider.execute(JUnitPlatformProvider.java:184)
	at org.apache.maven.surefire.junitplatform.JUnitPlatformProvider.invokeAllTests(JUnitPlatformProvider.java:148)
	at org.apache.maven.surefire.junitplatform.JUnitPlatformProvider.invoke(JUnitPlatformProvider.java:122)
	at org.apache.maven.surefire.booter.ForkedBooter.runSuitesInProcess(ForkedBooter.java:385)
	at org.apache.maven.surefire.booter.ForkedBooter.execute(ForkedBooter.java:162)
	at org.apache.maven.surefire.booter.ForkedBooter.run(ForkedBooter.java:507)
	at org.apache.maven.surefire.booter.ForkedBooter.main(ForkedBooter.java:495)
15:17:19.750 [main] WARN com.tngtech.archunit.core.importer.ClassFileProcessor -- Error during import from jrt:/java.base/java/util/Date.class, falling back to simple import
java.lang.IllegalArgumentException: Unsupported class file major version 68
	at com.tngtech.archunit.thirdparty.org.objectweb.asm.ClassReader.<init>(ClassReader.java:200)
	at com.tngtech.archunit.thirdparty.org.objectweb.asm.ClassReader.<init>(ClassReader.java:180)
	at com.tngtech.archunit.thirdparty.org.objectweb.asm.ClassReader.<init>(ClassReader.java:166)
	at com.tngtech.archunit.thirdparty.org.objectweb.asm.ClassReader.<init>(ClassReader.java:288)
	at com.tngtech.archunit.core.importer.ClassFileProcessor$UriImporterOfProcessor.tryImport(ClassFileProcessor.java:350)
	at com.tngtech.archunit.core.importer.resolvers.ClassResolverFromClasspath.tryResolve(ClassResolverFromClasspath.java:51)
	at com.tngtech.archunit.core.importer.ImportedClasses.resolve(ImportedClasses.java:80)
	at com.tngtech.archunit.core.importer.ImportedClasses.ensurePresent(ImportedClasses.java:75)
	at com.tngtech.archunit.core.importer.DependencyResolutionProcess.executeRun(DependencyResolutionProcess.java:146)
	at com.tngtech.archunit.core.importer.DependencyResolutionProcess.resolve(DependencyResolutionProcess.java:122)
	at com.tngtech.archunit.core.importer.ClassGraphCreator.complete(ClassGraphCreator.java:107)
	at com.tngtech.archunit.core.importer.ClassFileProcessor.process(ClassFileProcessor.java:75)
	at com.tngtech.archunit.core.importer.ClassFileImporter.importLocations(ClassFileImporter.java:325)
	at com.tngtech.archunit.junit.internal.ClassCache$CacheClassFileImporter.importClasses(ClassCache.java:126)
	at com.tngtech.archunit.junit.internal.ClassCache$LazyJavaClasses.initialize(ClassCache.java:118)
	at com.tngtech.archunit.junit.internal.ClassCache$LazyJavaClasses.get(ClassCache.java:107)
	at com.tngtech.archunit.junit.internal.ClassCache.getClassesToAnalyzeFor(ClassCache.java:84)
	at com.tngtech.archunit.junit.internal.ArchUnitTestDescriptor.lambda$createChildren$1(ArchUnitTestDescriptor.java:90)
	at com.tngtech.archunit.junit.internal.ArchUnitTestDescriptor$ArchUnitRuleDescriptor.execute(ArchUnitTestDescriptor.java:167)
	at com.tngtech.archunit.junit.internal.ArchUnitTestDescriptor$ArchUnitRuleDescriptor.execute(ArchUnitTestDescriptor.java:150)
	at org.junit.platform.engine.support.hierarchical.NodeTestTask.lambda$executeRecursively$6(NodeTestTask.java:156)
	at org.junit.platform.engine.support.hierarchical.ThrowableCollector.execute(ThrowableCollector.java:73)
	at org.junit.platform.engine.support.hierarchical.NodeTestTask.lambda$executeRecursively$8(NodeTestTask.java:146)
	at org.junit.platform.engine.support.hierarchical.Node.around(Node.java:137)
	at org.junit.platform.engine.support.hierarchical.NodeTestTask.lambda$executeRecursively$9(NodeTestTask.java:144)
	at org.junit.platform.engine.support.hierarchical.ThrowableCollector.execute(ThrowableCollector.java:73)
	at org.junit.platform.engine.support.hierarchical.NodeTestTask.executeRecursively(NodeTestTask.java:143)
	at org.junit.platform.engine.support.hierarchical.NodeTestTask.execute(NodeTestTask.java:100)
	at java.base/java.util.ArrayList.forEach(ArrayList.java:1604)
	at org.junit.platform.engine.support.hierarchical.SameThreadHierarchicalTestExecutorService.invokeAll(SameThreadHierarchicalTestExecutorService.java:41)
	at org.junit.platform.engine.support.hierarchical.NodeTestTask.lambda$executeRecursively$6(NodeTestTask.java:160)
	at org.junit.platform.engine.support.hierarchical.ThrowableCollector.execute(ThrowableCollector.java:73)
	at org.junit.platform.engine.support.hierarchical.NodeTestTask.lambda$executeRecursively$8(NodeTestTask.java:146)
	at org.junit.platform.engine.support.hierarchical.Node.around(Node.java:137)
	at org.junit.platform.engine.support.hierarchical.NodeTestTask.lambda$executeRecursively$9(NodeTestTask.java:144)
	at org.junit.platform.engine.support.hierarchical.ThrowableCollector.execute(ThrowableCollector.java:73)
	at org.junit.platform.engine.support.hierarchical.NodeTestTask.executeRecursively(NodeTestTask.java:143)
	at org.junit.platform.engine.support.hierarchical.NodeTestTask.execute(NodeTestTask.java:100)
	at java.base/java.util.ArrayList.forEach(ArrayList.java:1604)
	at org.junit.platform.engine.support.hierarchical.SameThreadHierarchicalTestExecutorService.invokeAll(SameThreadHierarchicalTestExecutorService.java:41)
	at org.junit.platform.engine.support.hierarchical.NodeTestTask.lambda$executeRecursively$6(NodeTestTask.java:160)
	at org.junit.platform.engine.support.hierarchical.ThrowableCollector.execute(ThrowableCollector.java:73)
	at org.junit.platform.engine.support.hierarchical.NodeTestTask.lambda$executeRecursively$8(NodeTestTask.java:146)
	at org.junit.platform.engine.support.hierarchical.Node.around(Node.java:137)
	at org.junit.platform.engine.support.hierarchical.NodeTestTask.lambda$executeRecursively$9(NodeTestTask.java:144)
	at org.junit.platform.engine.support.hierarchical.ThrowableCollector.execute(ThrowableCollector.java:73)
	at org.junit.platform.engine.support.hierarchical.NodeTestTask.executeRecursively(NodeTestTask.java:143)
	at org.junit.platform.engine.support.hierarchical.NodeTestTask.execute(NodeTestTask.java:100)
	at org.junit.platform.engine.support.hierarchical.SameThreadHierarchicalTestExecutorService.submit(SameThreadHierarchicalTestExecutorService.java:35)
	at org.junit.platform.engine.support.hierarchical.HierarchicalTestExecutor.execute(HierarchicalTestExecutor.java:57)
	at org.junit.platform.engine.support.hierarchical.HierarchicalTestEngine.execute(HierarchicalTestEngine.java:54)
	at org.junit.platform.launcher.core.EngineExecutionOrchestrator.execute(EngineExecutionOrchestrator.java:198)
	at org.junit.platform.launcher.core.EngineExecutionOrchestrator.execute(EngineExecutionOrchestrator.java:169)
	at org.junit.platform.launcher.core.EngineExecutionOrchestrator.execute(EngineExecutionOrchestrator.java:93)
	at org.junit.platform.launcher.core.EngineExecutionOrchestrator.lambda$execute$0(EngineExecutionOrchestrator.java:58)
	at org.junit.platform.launcher.core.EngineExecutionOrchestrator.withInterceptedStreams(EngineExecutionOrchestrator.java:141)
	at org.junit.platform.launcher.core.EngineExecutionOrchestrator.execute(EngineExecutionOrchestrator.java:57)
	at org.junit.platform.launcher.core.DefaultLauncher.execute(DefaultLauncher.java:103)
	at org.junit.platform.launcher.core.DefaultLauncher.execute(DefaultLauncher.java:85)
	at org.junit.platform.launcher.core.DelegatingLauncher.execute(DelegatingLauncher.java:47)
	at org.apache.maven.surefire.junitplatform.LazyLauncher.execute(LazyLauncher.java:56)
	at org.apache.maven.surefire.junitplatform.JUnitPlatformProvider.execute(JUnitPlatformProvider.java:184)
	at org.apache.maven.surefire.junitplatform.JUnitPlatformProvider.invokeAllTests(JUnitPlatformProvider.java:148)
	at org.apache.maven.surefire.junitplatform.JUnitPlatformProvider.invoke(JUnitPlatformProvider.java:122)
	at org.apache.maven.surefire.booter.ForkedBooter.runSuitesInProcess(ForkedBooter.java:385)
	at org.apache.maven.surefire.booter.ForkedBooter.execute(ForkedBooter.java:162)
	at org.apache.maven.surefire.booter.ForkedBooter.run(ForkedBooter.java:507)
	at org.apache.maven.surefire.booter.ForkedBooter.main(ForkedBooter.java:495)
15:17:19.752 [main] WARN com.tngtech.archunit.core.importer.ClassFileProcessor -- Error during import from jrt:/java.base/java/util/function/LongPredicate.class, falling back to simple import
java.lang.IllegalArgumentException: Unsupported class file major version 68
	at com.tngtech.archunit.thirdparty.org.objectweb.asm.ClassReader.<init>(ClassReader.java:200)
	at com.tngtech.archunit.thirdparty.org.objectweb.asm.ClassReader.<init>(ClassReader.java:180)
	at com.tngtech.archunit.thirdparty.org.objectweb.asm.ClassReader.<init>(ClassReader.java:166)
	at com.tngtech.archunit.thirdparty.org.objectweb.asm.ClassReader.<init>(ClassReader.java:288)
	at com.tngtech.archunit.core.importer.ClassFileProcessor$UriImporterOfProcessor.tryImport(ClassFileProcessor.java:350)
	at com.tngtech.archunit.core.importer.resolvers.ClassResolverFromClasspath.tryResolve(ClassResolverFromClasspath.java:51)
	at com.tngtech.archunit.core.importer.ImportedClasses.resolve(ImportedClasses.java:80)
	at com.tngtech.archunit.core.importer.ImportedClasses.ensurePresent(ImportedClasses.java:75)
	at com.tngtech.archunit.core.importer.DependencyResolutionProcess.executeRun(DependencyResolutionProcess.java:146)
	at com.tngtech.archunit.core.importer.DependencyResolutionProcess.resolve(DependencyResolutionProcess.java:122)
	at com.tngtech.archunit.core.importer.ClassGraphCreator.complete(ClassGraphCreator.java:107)
	at com.tngtech.archunit.core.importer.ClassFileProcessor.process(ClassFileProcessor.java:75)
	at com.tngtech.archunit.core.importer.ClassFileImporter.importLocations(ClassFileImporter.java:325)
	at com.tngtech.archunit.junit.internal.ClassCache$CacheClassFileImporter.importClasses(ClassCache.java:126)
	at com.tngtech.archunit.junit.internal.ClassCache$LazyJavaClasses.initialize(ClassCache.java:118)
	at com.tngtech.archunit.junit.internal.ClassCache$LazyJavaClasses.get(ClassCache.java:107)
	at com.tngtech.archunit.junit.internal.ClassCache.getClassesToAnalyzeFor(ClassCache.java:84)
	at com.tngtech.archunit.junit.internal.ArchUnitTestDescriptor.lambda$createChildren$1(ArchUnitTestDescriptor.java:90)
	at com.tngtech.archunit.junit.internal.ArchUnitTestDescriptor$ArchUnitRuleDescriptor.execute(ArchUnitTestDescriptor.java:167)
	at com.tngtech.archunit.junit.internal.ArchUnitTestDescriptor$ArchUnitRuleDescriptor.execute(ArchUnitTestDescriptor.java:150)
	at org.junit.platform.engine.support.hierarchical.NodeTestTask.lambda$executeRecursively$6(NodeTestTask.java:156)
	at org.junit.platform.engine.support.hierarchical.ThrowableCollector.execute(ThrowableCollector.java:73)
	at org.junit.platform.engine.support.hierarchical.NodeTestTask.lambda$executeRecursively$8(NodeTestTask.java:146)
	at org.junit.platform.engine.support.hierarchical.Node.around(Node.java:137)
	at org.junit.platform.engine.support.hierarchical.NodeTestTask.lambda$executeRecursively$9(NodeTestTask.java:144)
	at org.junit.platform.engine.support.hierarchical.ThrowableCollector.execute(ThrowableCollector.java:73)
	at org.junit.platform.engine.support.hierarchical.NodeTestTask.executeRecursively(NodeTestTask.java:143)
	at org.junit.platform.engine.support.hierarchical.NodeTestTask.execute(NodeTestTask.java:100)
	at java.base/java.util.ArrayList.forEach(ArrayList.java:1604)
	at org.junit.platform.engine.support.hierarchical.SameThreadHierarchicalTestExecutorService.invokeAll(SameThreadHierarchicalTestExecutorService.java:41)
	at org.junit.platform.engine.support.hierarchical.NodeTestTask.lambda$executeRecursively$6(NodeTestTask.java:160)
	at org.junit.platform.engine.support.hierarchical.ThrowableCollector.execute(ThrowableCollector.java:73)
	at org.junit.platform.engine.support.hierarchical.NodeTestTask.lambda$executeRecursively$8(NodeTestTask.java:146)
	at org.junit.platform.engine.support.hierarchical.Node.around(Node.java:137)
	at org.junit.platform.engine.support.hierarchical.NodeTestTask.lambda$executeRecursively$9(NodeTestTask.java:144)
	at org.junit.platform.engine.support.hierarchical.ThrowableCollector.execute(ThrowableCollector.java:73)
	at org.junit.platform.engine.support.hierarchical.NodeTestTask.executeRecursively(NodeTestTask.java:143)
	at org.junit.platform.engine.support.hierarchical.NodeTestTask.execute(NodeTestTask.java:100)
	at java.base/java.util.ArrayList.forEach(ArrayList.java:1604)
	at org.junit.platform.engine.support.hierarchical.SameThreadHierarchicalTestExecutorService.invokeAll(SameThreadHierarchicalTestExecutorService.java:41)
	at org.junit.platform.engine.support.hierarchical.NodeTestTask.lambda$executeRecursively$6(NodeTestTask.java:160)
	at org.junit.platform.engine.support.hierarchical.ThrowableCollector.execute(ThrowableCollector.java:73)
	at org.junit.platform.engine.support.hierarchical.NodeTestTask.lambda$executeRecursively$8(NodeTestTask.java:146)
	at org.junit.platform.engine.support.hierarchical.Node.around(Node.java:137)
	at org.junit.platform.engine.support.hierarchical.NodeTestTask.lambda$executeRecursively$9(NodeTestTask.java:144)
	at org.junit.platform.engine.support.hierarchical.ThrowableCollector.execute(ThrowableCollector.java:73)
	at org.junit.platform.engine.support.hierarchical.NodeTestTask.executeRecursively(NodeTestTask.java:143)
	at org.junit.platform.engine.support.hierarchical.NodeTestTask.execute(NodeTestTask.java:100)
	at org.junit.platform.engine.support.hierarchical.SameThreadHierarchicalTestExecutorService.submit(SameThreadHierarchicalTestExecutorService.java:35)
	at org.junit.platform.engine.support.hierarchical.HierarchicalTestExecutor.execute(HierarchicalTestExecutor.java:57)
	at org.junit.platform.engine.support.hierarchical.HierarchicalTestEngine.execute(HierarchicalTestEngine.java:54)
	at org.junit.platform.launcher.core.EngineExecutionOrchestrator.execute(EngineExecutionOrchestrator.java:198)
	at org.junit.platform.launcher.core.EngineExecutionOrchestrator.execute(EngineExecutionOrchestrator.java:169)
	at org.junit.platform.launcher.core.EngineExecutionOrchestrator.execute(EngineExecutionOrchestrator.java:93)
	at org.junit.platform.launcher.core.EngineExecutionOrchestrator.lambda$execute$0(EngineExecutionOrchestrator.java:58)
	at org.junit.platform.launcher.core.EngineExecutionOrchestrator.withInterceptedStreams(EngineExecutionOrchestrator.java:141)
	at org.junit.platform.launcher.core.EngineExecutionOrchestrator.execute(EngineExecutionOrchestrator.java:57)
	at org.junit.platform.launcher.core.DefaultLauncher.execute(DefaultLauncher.java:103)
	at org.junit.platform.launcher.core.DefaultLauncher.execute(DefaultLauncher.java:85)
	at org.junit.platform.launcher.core.DelegatingLauncher.execute(DelegatingLauncher.java:47)
	at org.apache.maven.surefire.junitplatform.LazyLauncher.execute(LazyLauncher.java:56)
	at org.apache.maven.surefire.junitplatform.JUnitPlatformProvider.execute(JUnitPlatformProvider.java:184)
	at org.apache.maven.surefire.junitplatform.JUnitPlatformProvider.invokeAllTests(JUnitPlatformProvider.java:148)
	at org.apache.maven.surefire.junitplatform.JUnitPlatformProvider.invoke(JUnitPlatformProvider.java:122)
	at org.apache.maven.surefire.booter.ForkedBooter.runSuitesInProcess(ForkedBooter.java:385)
	at org.apache.maven.surefire.booter.ForkedBooter.execute(ForkedBooter.java:162)
	at org.apache.maven.surefire.booter.ForkedBooter.run(ForkedBooter.java:507)
	at org.apache.maven.surefire.booter.ForkedBooter.main(ForkedBooter.java:495)
15:17:19.755 [main] WARN com.tngtech.archunit.core.importer.ClassFileProcessor -- Error during import from jrt:/java.base/java/time/temporal/Temporal.class, falling back to simple import
java.lang.IllegalArgumentException: Unsupported class file major version 68
	at com.tngtech.archunit.thirdparty.org.objectweb.asm.ClassReader.<init>(ClassReader.java:200)
	at com.tngtech.archunit.thirdparty.org.objectweb.asm.ClassReader.<init>(ClassReader.java:180)
	at com.tngtech.archunit.thirdparty.org.objectweb.asm.ClassReader.<init>(ClassReader.java:166)
	at com.tngtech.archunit.thirdparty.org.objectweb.asm.ClassReader.<init>(ClassReader.java:288)
	at com.tngtech.archunit.core.importer.ClassFileProcessor$UriImporterOfProcessor.tryImport(ClassFileProcessor.java:350)
	at com.tngtech.archunit.core.importer.resolvers.ClassResolverFromClasspath.tryResolve(ClassResolverFromClasspath.java:51)
	at com.tngtech.archunit.core.importer.ImportedClasses.resolve(ImportedClasses.java:80)
	at com.tngtech.archunit.core.importer.ImportedClasses.ensurePresent(ImportedClasses.java:75)
	at com.tngtech.archunit.core.importer.DependencyResolutionProcess.executeRun(DependencyResolutionProcess.java:146)
	at com.tngtech.archunit.core.importer.DependencyResolutionProcess.resolve(DependencyResolutionProcess.java:122)
	at com.tngtech.archunit.core.importer.ClassGraphCreator.complete(ClassGraphCreator.java:107)
	at com.tngtech.archunit.core.importer.ClassFileProcessor.process(ClassFileProcessor.java:75)
	at com.tngtech.archunit.core.importer.ClassFileImporter.importLocations(ClassFileImporter.java:325)
	at com.tngtech.archunit.junit.internal.ClassCache$CacheClassFileImporter.importClasses(ClassCache.java:126)
	at com.tngtech.archunit.junit.internal.ClassCache$LazyJavaClasses.initialize(ClassCache.java:118)
	at com.tngtech.archunit.junit.internal.ClassCache$LazyJavaClasses.get(ClassCache.java:107)
	at com.tngtech.archunit.junit.internal.ClassCache.getClassesToAnalyzeFor(ClassCache.java:84)
	at com.tngtech.archunit.junit.internal.ArchUnitTestDescriptor.lambda$createChildren$1(ArchUnitTestDescriptor.java:90)
	at com.tngtech.archunit.junit.internal.ArchUnitTestDescriptor$ArchUnitRuleDescriptor.execute(ArchUnitTestDescriptor.java:167)
	at com.tngtech.archunit.junit.internal.ArchUnitTestDescriptor$ArchUnitRuleDescriptor.execute(ArchUnitTestDescriptor.java:150)
	at org.junit.platform.engine.support.hierarchical.NodeTestTask.lambda$executeRecursively$6(NodeTestTask.java:156)
	at org.junit.platform.engine.support.hierarchical.ThrowableCollector.execute(ThrowableCollector.java:73)
	at org.junit.platform.engine.support.hierarchical.NodeTestTask.lambda$executeRecursively$8(NodeTestTask.java:146)
	at org.junit.platform.engine.support.hierarchical.Node.around(Node.java:137)
	at org.junit.platform.engine.support.hierarchical.NodeTestTask.lambda$executeRecursively$9(NodeTestTask.java:144)
	at org.junit.platform.engine.support.hierarchical.ThrowableCollector.execute(ThrowableCollector.java:73)
	at org.junit.platform.engine.support.hierarchical.NodeTestTask.executeRecursively(NodeTestTask.java:143)
	at org.junit.platform.engine.support.hierarchical.NodeTestTask.execute(NodeTestTask.java:100)
	at java.base/java.util.ArrayList.forEach(ArrayList.java:1604)
	at org.junit.platform.engine.support.hierarchical.SameThreadHierarchicalTestExecutorService.invokeAll(SameThreadHierarchicalTestExecutorService.java:41)
	at org.junit.platform.engine.support.hierarchical.NodeTestTask.lambda$executeRecursively$6(NodeTestTask.java:160)
	at org.junit.platform.engine.support.hierarchical.ThrowableCollector.execute(ThrowableCollector.java:73)
	at org.junit.platform.engine.support.hierarchical.NodeTestTask.lambda$executeRecursively$8(NodeTestTask.java:146)
	at org.junit.platform.engine.support.hierarchical.Node.around(Node.java:137)
	at org.junit.platform.engine.support.hierarchical.NodeTestTask.lambda$executeRecursively$9(NodeTestTask.java:144)
	at org.junit.platform.engine.support.hierarchical.ThrowableCollector.execute(ThrowableCollector.java:73)
	at org.junit.platform.engine.support.hierarchical.NodeTestTask.executeRecursively(NodeTestTask.java:143)
	at org.junit.platform.engine.support.hierarchical.NodeTestTask.execute(NodeTestTask.java:100)
	at java.base/java.util.ArrayList.forEach(ArrayList.java:1604)
	at org.junit.platform.engine.support.hierarchical.SameThreadHierarchicalTestExecutorService.invokeAll(SameThreadHierarchicalTestExecutorService.java:41)
	at org.junit.platform.engine.support.hierarchical.NodeTestTask.lambda$executeRecursively$6(NodeTestTask.java:160)
	at org.junit.platform.engine.support.hierarchical.ThrowableCollector.execute(ThrowableCollector.java:73)
	at org.junit.platform.engine.support.hierarchical.NodeTestTask.lambda$executeRecursively$8(NodeTestTask.java:146)
	at org.junit.platform.engine.support.hierarchical.Node.around(Node.java:137)
	at org.junit.platform.engine.support.hierarchical.NodeTestTask.lambda$executeRecursively$9(NodeTestTask.java:144)
	at org.junit.platform.engine.support.hierarchical.ThrowableCollector.execute(ThrowableCollector.java:73)
	at org.junit.platform.engine.support.hierarchical.NodeTestTask.executeRecursively(NodeTestTask.java:143)
	at org.junit.platform.engine.support.hierarchical.NodeTestTask.execute(NodeTestTask.java:100)
	at org.junit.platform.engine.support.hierarchical.SameThreadHierarchicalTestExecutorService.submit(SameThreadHierarchicalTestExecutorService.java:35)
	at org.junit.platform.engine.support.hierarchical.HierarchicalTestExecutor.execute(HierarchicalTestExecutor.java:57)
	at org.junit.platform.engine.support.hierarchical.HierarchicalTestEngine.execute(HierarchicalTestEngine.java:54)
	at org.junit.platform.launcher.core.EngineExecutionOrchestrator.execute(EngineExecutionOrchestrator.java:198)
	at org.junit.platform.launcher.core.EngineExecutionOrchestrator.execute(EngineExecutionOrchestrator.java:169)
	at org.junit.platform.launcher.core.EngineExecutionOrchestrator.execute(EngineExecutionOrchestrator.java:93)
	at org.junit.platform.launcher.core.EngineExecutionOrchestrator.lambda$execute$0(EngineExecutionOrchestrator.java:58)
	at org.junit.platform.launcher.core.EngineExecutionOrchestrator.withInterceptedStreams(EngineExecutionOrchestrator.java:141)
	at org.junit.platform.launcher.core.EngineExecutionOrchestrator.execute(EngineExecutionOrchestrator.java:57)
	at org.junit.platform.launcher.core.DefaultLauncher.execute(DefaultLauncher.java:103)
	at org.junit.platform.launcher.core.DefaultLauncher.execute(DefaultLauncher.java:85)
	at org.junit.platform.launcher.core.DelegatingLauncher.execute(DelegatingLauncher.java:47)
	at org.apache.maven.surefire.junitplatform.LazyLauncher.execute(LazyLauncher.java:56)
	at org.apache.maven.surefire.junitplatform.JUnitPlatformProvider.execute(JUnitPlatformProvider.java:184)
	at org.apache.maven.surefire.junitplatform.JUnitPlatformProvider.invokeAllTests(JUnitPlatformProvider.java:148)
	at org.apache.maven.surefire.junitplatform.JUnitPlatformProvider.invoke(JUnitPlatformProvider.java:122)
	at org.apache.maven.surefire.booter.ForkedBooter.runSuitesInProcess(ForkedBooter.java:385)
	at org.apache.maven.surefire.booter.ForkedBooter.execute(ForkedBooter.java:162)
	at org.apache.maven.surefire.booter.ForkedBooter.run(ForkedBooter.java:507)
	at org.apache.maven.surefire.booter.ForkedBooter.main(ForkedBooter.java:495)
15:17:19.755 [main] WARN com.tngtech.archunit.core.importer.ClassFileProcessor -- Error during import from jrt:/java.base/java/util/Spliterator.class, falling back to simple import
java.lang.IllegalArgumentException: Unsupported class file major version 68
	at com.tngtech.archunit.thirdparty.org.objectweb.asm.ClassReader.<init>(ClassReader.java:200)
	at com.tngtech.archunit.thirdparty.org.objectweb.asm.ClassReader.<init>(ClassReader.java:180)
	at com.tngtech.archunit.thirdparty.org.objectweb.asm.ClassReader.<init>(ClassReader.java:166)
	at com.tngtech.archunit.thirdparty.org.objectweb.asm.ClassReader.<init>(ClassReader.java:288)
	at com.tngtech.archunit.core.importer.ClassFileProcessor$UriImporterOfProcessor.tryImport(ClassFileProcessor.java:350)
	at com.tngtech.archunit.core.importer.resolvers.ClassResolverFromClasspath.tryResolve(ClassResolverFromClasspath.java:51)
	at com.tngtech.archunit.core.importer.ImportedClasses.resolve(ImportedClasses.java:80)
	at com.tngtech.archunit.core.importer.ImportedClasses.ensurePresent(ImportedClasses.java:75)
	at com.tngtech.archunit.core.importer.DependencyResolutionProcess.executeRun(DependencyResolutionProcess.java:146)
	at com.tngtech.archunit.core.importer.DependencyResolutionProcess.resolve(DependencyResolutionProcess.java:122)
	at com.tngtech.archunit.core.importer.ClassGraphCreator.complete(ClassGraphCreator.java:107)
	at com.tngtech.archunit.core.importer.ClassFileProcessor.process(ClassFileProcessor.java:75)
	at com.tngtech.archunit.core.importer.ClassFileImporter.importLocations(ClassFileImporter.java:325)
	at com.tngtech.archunit.junit.internal.ClassCache$CacheClassFileImporter.importClasses(ClassCache.java:126)
	at com.tngtech.archunit.junit.internal.ClassCache$LazyJavaClasses.initialize(ClassCache.java:118)
	at com.tngtech.archunit.junit.internal.ClassCache$LazyJavaClasses.get(ClassCache.java:107)
	at com.tngtech.archunit.junit.internal.ClassCache.getClassesToAnalyzeFor(ClassCache.java:84)
	at com.tngtech.archunit.junit.internal.ArchUnitTestDescriptor.lambda$createChildren$1(ArchUnitTestDescriptor.java:90)
	at com.tngtech.archunit.junit.internal.ArchUnitTestDescriptor$ArchUnitRuleDescriptor.execute(ArchUnitTestDescriptor.java:167)
	at com.tngtech.archunit.junit.internal.ArchUnitTestDescriptor$ArchUnitRuleDescriptor.execute(ArchUnitTestDescriptor.java:150)
	at org.junit.platform.engine.support.hierarchical.NodeTestTask.lambda$executeRecursively$6(NodeTestTask.java:156)
	at org.junit.platform.engine.support.hierarchical.ThrowableCollector.execute(ThrowableCollector.java:73)
	at org.junit.platform.engine.support.hierarchical.NodeTestTask.lambda$executeRecursively$8(NodeTestTask.java:146)
	at org.junit.platform.engine.support.hierarchical.Node.around(Node.java:137)
	at org.junit.platform.engine.support.hierarchical.NodeTestTask.lambda$executeRecursively$9(NodeTestTask.java:144)
	at org.junit.platform.engine.support.hierarchical.ThrowableCollector.execute(ThrowableCollector.java:73)
	at org.junit.platform.engine.support.hierarchical.NodeTestTask.executeRecursively(NodeTestTask.java:143)
	at org.junit.platform.engine.support.hierarchical.NodeTestTask.execute(NodeTestTask.java:100)
	at java.base/java.util.ArrayList.forEach(ArrayList.java:1604)
	at org.junit.platform.engine.support.hierarchical.SameThreadHierarchicalTestExecutorService.invokeAll(SameThreadHierarchicalTestExecutorService.java:41)
	at org.junit.platform.engine.support.hierarchical.NodeTestTask.lambda$executeRecursively$6(NodeTestTask.java:160)
	at org.junit.platform.engine.support.hierarchical.ThrowableCollector.execute(ThrowableCollector.java:73)
	at org.junit.platform.engine.support.hierarchical.NodeTestTask.lambda$executeRecursively$8(NodeTestTask.java:146)
	at org.junit.platform.engine.support.hierarchical.Node.around(Node.java:137)
	at org.junit.platform.engine.support.hierarchical.NodeTestTask.lambda$executeRecursively$9(NodeTestTask.java:144)
	at org.junit.platform.engine.support.hierarchical.ThrowableCollector.execute(ThrowableCollector.java:73)
	at org.junit.platform.engine.support.hierarchical.NodeTestTask.executeRecursively(NodeTestTask.java:143)
	at org.junit.platform.engine.support.hierarchical.NodeTestTask.execute(NodeTestTask.java:100)
	at java.base/java.util.ArrayList.forEach(ArrayList.java:1604)
	at org.junit.platform.engine.support.hierarchical.SameThreadHierarchicalTestExecutorService.invokeAll(SameThreadHierarchicalTestExecutorService.java:41)
	at org.junit.platform.engine.support.hierarchical.NodeTestTask.lambda$executeRecursively$6(NodeTestTask.java:160)
	at org.junit.platform.engine.support.hierarchical.ThrowableCollector.execute(ThrowableCollector.java:73)
	at org.junit.platform.engine.support.hierarchical.NodeTestTask.lambda$executeRecursively$8(NodeTestTask.java:146)
	at org.junit.platform.engine.support.hierarchical.Node.around(Node.java:137)
	at org.junit.platform.engine.support.hierarchical.NodeTestTask.lambda$executeRecursively$9(NodeTestTask.java:144)
	at org.junit.platform.engine.support.hierarchical.ThrowableCollector.execute(ThrowableCollector.java:73)
	at org.junit.platform.engine.support.hierarchical.NodeTestTask.executeRecursively(NodeTestTask.java:143)
	at org.junit.platform.engine.support.hierarchical.NodeTestTask.execute(NodeTestTask.java:100)
	at org.junit.platform.engine.support.hierarchical.SameThreadHierarchicalTestExecutorService.submit(SameThreadHierarchicalTestExecutorService.java:35)
	at org.junit.platform.engine.support.hierarchical.HierarchicalTestExecutor.execute(HierarchicalTestExecutor.java:57)
	at org.junit.platform.engine.support.hierarchical.HierarchicalTestEngine.execute(HierarchicalTestEngine.java:54)
	at org.junit.platform.launcher.core.EngineExecutionOrchestrator.execute(EngineExecutionOrchestrator.java:198)
	at org.junit.platform.launcher.core.EngineExecutionOrchestrator.execute(EngineExecutionOrchestrator.java:169)
	at org.junit.platform.launcher.core.EngineExecutionOrchestrator.execute(EngineExecutionOrchestrator.java:93)
	at org.junit.platform.launcher.core.EngineExecutionOrchestrator.lambda$execute$0(EngineExecutionOrchestrator.java:58)
	at org.junit.platform.launcher.core.EngineExecutionOrchestrator.withInterceptedStreams(EngineExecutionOrchestrator.java:141)
	at org.junit.platform.launcher.core.EngineExecutionOrchestrator.execute(EngineExecutionOrchestrator.java:57)
	at org.junit.platform.launcher.core.DefaultLauncher.execute(DefaultLauncher.java:103)
	at org.junit.platform.launcher.core.DefaultLauncher.execute(DefaultLauncher.java:85)
	at org.junit.platform.launcher.core.DelegatingLauncher.execute(DelegatingLauncher.java:47)
	at org.apache.maven.surefire.junitplatform.LazyLauncher.execute(LazyLauncher.java:56)
	at org.apache.maven.surefire.junitplatform.JUnitPlatformProvider.execute(JUnitPlatformProvider.java:184)
	at org.apache.maven.surefire.junitplatform.JUnitPlatformProvider.invokeAllTests(JUnitPlatformProvider.java:148)
	at org.apache.maven.surefire.junitplatform.JUnitPlatformProvider.invoke(JUnitPlatformProvider.java:122)
	at org.apache.maven.surefire.booter.ForkedBooter.runSuitesInProcess(ForkedBooter.java:385)
	at org.apache.maven.surefire.booter.ForkedBooter.execute(ForkedBooter.java:162)
	at org.apache.maven.surefire.booter.ForkedBooter.run(ForkedBooter.java:507)
	at org.apache.maven.surefire.booter.ForkedBooter.main(ForkedBooter.java:495)
15:17:19.756 [main] WARN com.tngtech.archunit.core.importer.ClassFileProcessor -- Error during import from jrt:/java.base/java/util/concurrent/atomic/AtomicLongArray.class, falling back to simple import
java.lang.IllegalArgumentException: Unsupported class file major version 68
	at com.tngtech.archunit.thirdparty.org.objectweb.asm.ClassReader.<init>(ClassReader.java:200)
	at com.tngtech.archunit.thirdparty.org.objectweb.asm.ClassReader.<init>(ClassReader.java:180)
	at com.tngtech.archunit.thirdparty.org.objectweb.asm.ClassReader.<init>(ClassReader.java:166)
	at com.tngtech.archunit.thirdparty.org.objectweb.asm.ClassReader.<init>(ClassReader.java:288)
	at com.tngtech.archunit.core.importer.ClassFileProcessor$UriImporterOfProcessor.tryImport(ClassFileProcessor.java:350)
	at com.tngtech.archunit.core.importer.resolvers.ClassResolverFromClasspath.tryResolve(ClassResolverFromClasspath.java:51)
	at com.tngtech.archunit.core.importer.ImportedClasses.resolve(ImportedClasses.java:80)
	at com.tngtech.archunit.core.importer.ImportedClasses.ensurePresent(ImportedClasses.java:75)
	at com.tngtech.archunit.core.importer.DependencyResolutionProcess.executeRun(DependencyResolutionProcess.java:146)
	at com.tngtech.archunit.core.importer.DependencyResolutionProcess.resolve(DependencyResolutionProcess.java:122)
	at com.tngtech.archunit.core.importer.ClassGraphCreator.complete(ClassGraphCreator.java:107)
	at com.tngtech.archunit.core.importer.ClassFileProcessor.process(ClassFileProcessor.java:75)
	at com.tngtech.archunit.core.importer.ClassFileImporter.importLocations(ClassFileImporter.java:325)
	at com.tngtech.archunit.junit.internal.ClassCache$CacheClassFileImporter.importClasses(ClassCache.java:126)
	at com.tngtech.archunit.junit.internal.ClassCache$LazyJavaClasses.initialize(ClassCache.java:118)
	at com.tngtech.archunit.junit.internal.ClassCache$LazyJavaClasses.get(ClassCache.java:107)
	at com.tngtech.archunit.junit.internal.ClassCache.getClassesToAnalyzeFor(ClassCache.java:84)
	at com.tngtech.archunit.junit.internal.ArchUnitTestDescriptor.lambda$createChildren$1(ArchUnitTestDescriptor.java:90)
	at com.tngtech.archunit.junit.internal.ArchUnitTestDescriptor$ArchUnitRuleDescriptor.execute(ArchUnitTestDescriptor.java:167)
	at com.tngtech.archunit.junit.internal.ArchUnitTestDescriptor$ArchUnitRuleDescriptor.execute(ArchUnitTestDescriptor.java:150)
	at org.junit.platform.engine.support.hierarchical.NodeTestTask.lambda$executeRecursively$6(NodeTestTask.java:156)
	at org.junit.platform.engine.support.hierarchical.ThrowableCollector.execute(ThrowableCollector.java:73)
	at org.junit.platform.engine.support.hierarchical.NodeTestTask.lambda$executeRecursively$8(NodeTestTask.java:146)
	at org.junit.platform.engine.support.hierarchical.Node.around(Node.java:137)
	at org.junit.platform.engine.support.hierarchical.NodeTestTask.lambda$executeRecursively$9(NodeTestTask.java:144)
	at org.junit.platform.engine.support.hierarchical.ThrowableCollector.execute(ThrowableCollector.java:73)
	at org.junit.platform.engine.support.hierarchical.NodeTestTask.executeRecursively(NodeTestTask.java:143)
	at org.junit.platform.engine.support.hierarchical.NodeTestTask.execute(NodeTestTask.java:100)
	at java.base/java.util.ArrayList.forEach(ArrayList.java:1604)
	at org.junit.platform.engine.support.hierarchical.SameThreadHierarchicalTestExecutorService.invokeAll(SameThreadHierarchicalTestExecutorService.java:41)
	at org.junit.platform.engine.support.hierarchical.NodeTestTask.lambda$executeRecursively$6(NodeTestTask.java:160)
	at org.junit.platform.engine.support.hierarchical.ThrowableCollector.execute(ThrowableCollector.java:73)
	at org.junit.platform.engine.support.hierarchical.NodeTestTask.lambda$executeRecursively$8(NodeTestTask.java:146)
	at org.junit.platform.engine.support.hierarchical.Node.around(Node.java:137)
	at org.junit.platform.engine.support.hierarchical.NodeTestTask.lambda$executeRecursively$9(NodeTestTask.java:144)
	at org.junit.platform.engine.support.hierarchical.ThrowableCollector.execute(ThrowableCollector.java:73)
	at org.junit.platform.engine.support.hierarchical.NodeTestTask.executeRecursively(NodeTestTask.java:143)
	at org.junit.platform.engine.support.hierarchical.NodeTestTask.execute(NodeTestTask.java:100)
	at java.base/java.util.ArrayList.forEach(ArrayList.java:1604)
	at org.junit.platform.engine.support.hierarchical.SameThreadHierarchicalTestExecutorService.invokeAll(SameThreadHierarchicalTestExecutorService.java:41)
	at org.junit.platform.engine.support.hierarchical.NodeTestTask.lambda$executeRecursively$6(NodeTestTask.java:160)
	at org.junit.platform.engine.support.hierarchical.ThrowableCollector.execute(ThrowableCollector.java:73)
	at org.junit.platform.engine.support.hierarchical.NodeTestTask.lambda$executeRecursively$8(NodeTestTask.java:146)
	at org.junit.platform.engine.support.hierarchical.Node.around(Node.java:137)
	at org.junit.platform.engine.support.hierarchical.NodeTestTask.lambda$executeRecursively$9(NodeTestTask.java:144)
	at org.junit.platform.engine.support.hierarchical.ThrowableCollector.execute(ThrowableCollector.java:73)
	at org.junit.platform.engine.support.hierarchical.NodeTestTask.executeRecursively(NodeTestTask.java:143)
	at org.junit.platform.engine.support.hierarchical.NodeTestTask.execute(NodeTestTask.java:100)
	at org.junit.platform.engine.support.hierarchical.SameThreadHierarchicalTestExecutorService.submit(SameThreadHierarchicalTestExecutorService.java:35)
	at org.junit.platform.engine.support.hierarchical.HierarchicalTestExecutor.execute(HierarchicalTestExecutor.java:57)
	at org.junit.platform.engine.support.hierarchical.HierarchicalTestEngine.execute(HierarchicalTestEngine.java:54)
	at org.junit.platform.launcher.core.EngineExecutionOrchestrator.execute(EngineExecutionOrchestrator.java:198)
	at org.junit.platform.launcher.core.EngineExecutionOrchestrator.execute(EngineExecutionOrchestrator.java:169)
	at org.junit.platform.launcher.core.EngineExecutionOrchestrator.execute(EngineExecutionOrchestrator.java:93)
	at org.junit.platform.launcher.core.EngineExecutionOrchestrator.lambda$execute$0(EngineExecutionOrchestrator.java:58)
	at org.junit.platform.launcher.core.EngineExecutionOrchestrator.withInterceptedStreams(EngineExecutionOrchestrator.java:141)
	at org.junit.platform.launcher.core.EngineExecutionOrchestrator.execute(EngineExecutionOrchestrator.java:57)
	at org.junit.platform.launcher.core.DefaultLauncher.execute(DefaultLauncher.java:103)
	at org.junit.platform.launcher.core.DefaultLauncher.execute(DefaultLauncher.java:85)
	at org.junit.platform.launcher.core.DelegatingLauncher.execute(DelegatingLauncher.java:47)
	at org.apache.maven.surefire.junitplatform.LazyLauncher.execute(LazyLauncher.java:56)
	at org.apache.maven.surefire.junitplatform.JUnitPlatformProvider.execute(JUnitPlatformProvider.java:184)
	at org.apache.maven.surefire.junitplatform.JUnitPlatformProvider.invokeAllTests(JUnitPlatformProvider.java:148)
	at org.apache.maven.surefire.junitplatform.JUnitPlatformProvider.invoke(JUnitPlatformProvider.java:122)
	at org.apache.maven.surefire.booter.ForkedBooter.runSuitesInProcess(ForkedBooter.java:385)
	at org.apache.maven.surefire.booter.ForkedBooter.execute(ForkedBooter.java:162)
	at org.apache.maven.surefire.booter.ForkedBooter.run(ForkedBooter.java:507)
	at org.apache.maven.surefire.booter.ForkedBooter.main(ForkedBooter.java:495)
15:17:19.756 [main] WARN com.tngtech.archunit.core.importer.ClassFileProcessor -- Error during import from jrt:/java.base/java/util/concurrent/atomic/AtomicStampedReference.class, falling back to simple import
java.lang.IllegalArgumentException: Unsupported class file major version 68
	at com.tngtech.archunit.thirdparty.org.objectweb.asm.ClassReader.<init>(ClassReader.java:200)
	at com.tngtech.archunit.thirdparty.org.objectweb.asm.ClassReader.<init>(ClassReader.java:180)
	at com.tngtech.archunit.thirdparty.org.objectweb.asm.ClassReader.<init>(ClassReader.java:166)
	at com.tngtech.archunit.thirdparty.org.objectweb.asm.ClassReader.<init>(ClassReader.java:288)
	at com.tngtech.archunit.core.importer.ClassFileProcessor$UriImporterOfProcessor.tryImport(ClassFileProcessor.java:350)
	at com.tngtech.archunit.core.importer.resolvers.ClassResolverFromClasspath.tryResolve(ClassResolverFromClasspath.java:51)
	at com.tngtech.archunit.core.importer.ImportedClasses.resolve(ImportedClasses.java:80)
	at com.tngtech.archunit.core.importer.ImportedClasses.ensurePresent(ImportedClasses.java:75)
	at com.tngtech.archunit.core.importer.DependencyResolutionProcess.executeRun(DependencyResolutionProcess.java:146)
	at com.tngtech.archunit.core.importer.DependencyResolutionProcess.resolve(DependencyResolutionProcess.java:122)
	at com.tngtech.archunit.core.importer.ClassGraphCreator.complete(ClassGraphCreator.java:107)
	at com.tngtech.archunit.core.importer.ClassFileProcessor.process(ClassFileProcessor.java:75)
	at com.tngtech.archunit.core.importer.ClassFileImporter.importLocations(ClassFileImporter.java:325)
	at com.tngtech.archunit.junit.internal.ClassCache$CacheClassFileImporter.importClasses(ClassCache.java:126)
	at com.tngtech.archunit.junit.internal.ClassCache$LazyJavaClasses.initialize(ClassCache.java:118)
	at com.tngtech.archunit.junit.internal.ClassCache$LazyJavaClasses.get(ClassCache.java:107)
	at com.tngtech.archunit.junit.internal.ClassCache.getClassesToAnalyzeFor(ClassCache.java:84)
	at com.tngtech.archunit.junit.internal.ArchUnitTestDescriptor.lambda$createChildren$1(ArchUnitTestDescriptor.java:90)
	at com.tngtech.archunit.junit.internal.ArchUnitTestDescriptor$ArchUnitRuleDescriptor.execute(ArchUnitTestDescriptor.java:167)
	at com.tngtech.archunit.junit.internal.ArchUnitTestDescriptor$ArchUnitRuleDescriptor.execute(ArchUnitTestDescriptor.java:150)
	at org.junit.platform.engine.support.hierarchical.NodeTestTask.lambda$executeRecursively$6(NodeTestTask.java:156)
	at org.junit.platform.engine.support.hierarchical.ThrowableCollector.execute(ThrowableCollector.java:73)
	at org.junit.platform.engine.support.hierarchical.NodeTestTask.lambda$executeRecursively$8(NodeTestTask.java:146)
	at org.junit.platform.engine.support.hierarchical.Node.around(Node.java:137)
	at org.junit.platform.engine.support.hierarchical.NodeTestTask.lambda$executeRecursively$9(NodeTestTask.java:144)
	at org.junit.platform.engine.support.hierarchical.ThrowableCollector.execute(ThrowableCollector.java:73)
	at org.junit.platform.engine.support.hierarchical.NodeTestTask.executeRecursively(NodeTestTask.java:143)
	at org.junit.platform.engine.support.hierarchical.NodeTestTask.execute(NodeTestTask.java:100)
	at java.base/java.util.ArrayList.forEach(ArrayList.java:1604)
	at org.junit.platform.engine.support.hierarchical.SameThreadHierarchicalTestExecutorService.invokeAll(SameThreadHierarchicalTestExecutorService.java:41)
	at org.junit.platform.engine.support.hierarchical.NodeTestTask.lambda$executeRecursively$6(NodeTestTask.java:160)
	at org.junit.platform.engine.support.hierarchical.ThrowableCollector.execute(ThrowableCollector.java:73)
	at org.junit.platform.engine.support.hierarchical.NodeTestTask.lambda$executeRecursively$8(NodeTestTask.java:146)
	at org.junit.platform.engine.support.hierarchical.Node.around(Node.java:137)
	at org.junit.platform.engine.support.hierarchical.NodeTestTask.lambda$executeRecursively$9(NodeTestTask.java:144)
	at org.junit.platform.engine.support.hierarchical.ThrowableCollector.execute(ThrowableCollector.java:73)
	at org.junit.platform.engine.support.hierarchical.NodeTestTask.executeRecursively(NodeTestTask.java:143)
	at org.junit.platform.engine.support.hierarchical.NodeTestTask.execute(NodeTestTask.java:100)
	at java.base/java.util.ArrayList.forEach(ArrayList.java:1604)
	at org.junit.platform.engine.support.hierarchical.SameThreadHierarchicalTestExecutorService.invokeAll(SameThreadHierarchicalTestExecutorService.java:41)
	at org.junit.platform.engine.support.hierarchical.NodeTestTask.lambda$executeRecursively$6(NodeTestTask.java:160)
	at org.junit.platform.engine.support.hierarchical.ThrowableCollector.execute(ThrowableCollector.java:73)
	at org.junit.platform.engine.support.hierarchical.NodeTestTask.lambda$executeRecursively$8(NodeTestTask.java:146)
	at org.junit.platform.engine.support.hierarchical.Node.around(Node.java:137)
	at org.junit.platform.engine.support.hierarchical.NodeTestTask.lambda$executeRecursively$9(NodeTestTask.java:144)
	at org.junit.platform.engine.support.hierarchical.ThrowableCollector.execute(ThrowableCollector.java:73)
	at org.junit.platform.engine.support.hierarchical.NodeTestTask.executeRecursively(NodeTestTask.java:143)
	at org.junit.platform.engine.support.hierarchical.NodeTestTask.execute(NodeTestTask.java:100)
	at org.junit.platform.engine.support.hierarchical.SameThreadHierarchicalTestExecutorService.submit(SameThreadHierarchicalTestExecutorService.java:35)
	at org.junit.platform.engine.support.hierarchical.HierarchicalTestExecutor.execute(HierarchicalTestExecutor.java:57)
	at org.junit.platform.engine.support.hierarchical.HierarchicalTestEngine.execute(HierarchicalTestEngine.java:54)
	at org.junit.platform.launcher.core.EngineExecutionOrchestrator.execute(EngineExecutionOrchestrator.java:198)
	at org.junit.platform.launcher.core.EngineExecutionOrchestrator.execute(EngineExecutionOrchestrator.java:169)
	at org.junit.platform.launcher.core.EngineExecutionOrchestrator.execute(EngineExecutionOrchestrator.java:93)
	at org.junit.platform.launcher.core.EngineExecutionOrchestrator.lambda$execute$0(EngineExecutionOrchestrator.java:58)
	at org.junit.platform.launcher.core.EngineExecutionOrchestrator.withInterceptedStreams(EngineExecutionOrchestrator.java:141)
	at org.junit.platform.launcher.core.EngineExecutionOrchestrator.execute(EngineExecutionOrchestrator.java:57)
	at org.junit.platform.launcher.core.DefaultLauncher.execute(DefaultLauncher.java:103)
	at org.junit.platform.launcher.core.DefaultLauncher.execute(DefaultLauncher.java:85)
	at org.junit.platform.launcher.core.DelegatingLauncher.execute(DelegatingLauncher.java:47)
	at org.apache.maven.surefire.junitplatform.LazyLauncher.execute(LazyLauncher.java:56)
	at org.apache.maven.surefire.junitplatform.JUnitPlatformProvider.execute(JUnitPlatformProvider.java:184)
	at org.apache.maven.surefire.junitplatform.JUnitPlatformProvider.invokeAllTests(JUnitPlatformProvider.java:148)
	at org.apache.maven.surefire.junitplatform.JUnitPlatformProvider.invoke(JUnitPlatformProvider.java:122)
	at org.apache.maven.surefire.booter.ForkedBooter.runSuitesInProcess(ForkedBooter.java:385)
	at org.apache.maven.surefire.booter.ForkedBooter.execute(ForkedBooter.java:162)
	at org.apache.maven.surefire.booter.ForkedBooter.run(ForkedBooter.java:507)
	at org.apache.maven.surefire.booter.ForkedBooter.main(ForkedBooter.java:495)
15:17:19.758 [main] WARN com.tngtech.archunit.core.importer.ClassFileProcessor -- Error during import from jrt:/java.base/java/util/concurrent/CompletableFuture.class, falling back to simple import
java.lang.IllegalArgumentException: Unsupported class file major version 68
	at com.tngtech.archunit.thirdparty.org.objectweb.asm.ClassReader.<init>(ClassReader.java:200)
	at com.tngtech.archunit.thirdparty.org.objectweb.asm.ClassReader.<init>(ClassReader.java:180)
	at com.tngtech.archunit.thirdparty.org.objectweb.asm.ClassReader.<init>(ClassReader.java:166)
	at com.tngtech.archunit.thirdparty.org.objectweb.asm.ClassReader.<init>(ClassReader.java:288)
	at com.tngtech.archunit.core.importer.ClassFileProcessor$UriImporterOfProcessor.tryImport(ClassFileProcessor.java:350)
	at com.tngtech.archunit.core.importer.resolvers.ClassResolverFromClasspath.tryResolve(ClassResolverFromClasspath.java:51)
	at com.tngtech.archunit.core.importer.ImportedClasses.resolve(ImportedClasses.java:80)
	at com.tngtech.archunit.core.importer.ImportedClasses.ensurePresent(ImportedClasses.java:75)
	at com.tngtech.archunit.core.importer.DependencyResolutionProcess.executeRun(DependencyResolutionProcess.java:146)
	at com.tngtech.archunit.core.importer.DependencyResolutionProcess.resolve(DependencyResolutionProcess.java:122)
	at com.tngtech.archunit.core.importer.ClassGraphCreator.complete(ClassGraphCreator.java:107)
	at com.tngtech.archunit.core.importer.ClassFileProcessor.process(ClassFileProcessor.java:75)
	at com.tngtech.archunit.core.importer.ClassFileImporter.importLocations(ClassFileImporter.java:325)
	at com.tngtech.archunit.junit.internal.ClassCache$CacheClassFileImporter.importClasses(ClassCache.java:126)
	at com.tngtech.archunit.junit.internal.ClassCache$LazyJavaClasses.initialize(ClassCache.java:118)
	at com.tngtech.archunit.junit.internal.ClassCache$LazyJavaClasses.get(ClassCache.java:107)
	at com.tngtech.archunit.junit.internal.ClassCache.getClassesToAnalyzeFor(ClassCache.java:84)
	at com.tngtech.archunit.junit.internal.ArchUnitTestDescriptor.lambda$createChildren$1(ArchUnitTestDescriptor.java:90)
	at com.tngtech.archunit.junit.internal.ArchUnitTestDescriptor$ArchUnitRuleDescriptor.execute(ArchUnitTestDescriptor.java:167)
	at com.tngtech.archunit.junit.internal.ArchUnitTestDescriptor$ArchUnitRuleDescriptor.execute(ArchUnitTestDescriptor.java:150)
	at org.junit.platform.engine.support.hierarchical.NodeTestTask.lambda$executeRecursively$6(NodeTestTask.java:156)
	at org.junit.platform.engine.support.hierarchical.ThrowableCollector.execute(ThrowableCollector.java:73)
	at org.junit.platform.engine.support.hierarchical.NodeTestTask.lambda$executeRecursively$8(NodeTestTask.java:146)
	at org.junit.platform.engine.support.hierarchical.Node.around(Node.java:137)
	at org.junit.platform.engine.support.hierarchical.NodeTestTask.lambda$executeRecursively$9(NodeTestTask.java:144)
	at org.junit.platform.engine.support.hierarchical.ThrowableCollector.execute(ThrowableCollector.java:73)
	at org.junit.platform.engine.support.hierarchical.NodeTestTask.executeRecursively(NodeTestTask.java:143)
	at org.junit.platform.engine.support.hierarchical.NodeTestTask.execute(NodeTestTask.java:100)
	at java.base/java.util.ArrayList.forEach(ArrayList.java:1604)
	at org.junit.platform.engine.support.hierarchical.SameThreadHierarchicalTestExecutorService.invokeAll(SameThreadHierarchicalTestExecutorService.java:41)
	at org.junit.platform.engine.support.hierarchical.NodeTestTask.lambda$executeRecursively$6(NodeTestTask.java:160)
	at org.junit.platform.engine.support.hierarchical.ThrowableCollector.execute(ThrowableCollector.java:73)
	at org.junit.platform.engine.support.hierarchical.NodeTestTask.lambda$executeRecursively$8(NodeTestTask.java:146)
	at org.junit.platform.engine.support.hierarchical.Node.around(Node.java:137)
	at org.junit.platform.engine.support.hierarchical.NodeTestTask.lambda$executeRecursively$9(NodeTestTask.java:144)
	at org.junit.platform.engine.support.hierarchical.ThrowableCollector.execute(ThrowableCollector.java:73)
	at org.junit.platform.engine.support.hierarchical.NodeTestTask.executeRecursively(NodeTestTask.java:143)
	at org.junit.platform.engine.support.hierarchical.NodeTestTask.execute(NodeTestTask.java:100)
	at java.base/java.util.ArrayList.forEach(ArrayList.java:1604)
	at org.junit.platform.engine.support.hierarchical.SameThreadHierarchicalTestExecutorService.invokeAll(SameThreadHierarchicalTestExecutorService.java:41)
	at org.junit.platform.engine.support.hierarchical.NodeTestTask.lambda$executeRecursively$6(NodeTestTask.java:160)
	at org.junit.platform.engine.support.hierarchical.ThrowableCollector.execute(ThrowableCollector.java:73)
	at org.junit.platform.engine.support.hierarchical.NodeTestTask.lambda$executeRecursively$8(NodeTestTask.java:146)
	at org.junit.platform.engine.support.hierarchical.Node.around(Node.java:137)
	at org.junit.platform.engine.support.hierarchical.NodeTestTask.lambda$executeRecursively$9(NodeTestTask.java:144)
	at org.junit.platform.engine.support.hierarchical.ThrowableCollector.execute(ThrowableCollector.java:73)
	at org.junit.platform.engine.support.hierarchical.NodeTestTask.executeRecursively(NodeTestTask.java:143)
	at org.junit.platform.engine.support.hierarchical.NodeTestTask.execute(NodeTestTask.java:100)
	at org.junit.platform.engine.support.hierarchical.SameThreadHierarchicalTestExecutorService.submit(SameThreadHierarchicalTestExecutorService.java:35)
	at org.junit.platform.engine.support.hierarchical.HierarchicalTestExecutor.execute(HierarchicalTestExecutor.java:57)
	at org.junit.platform.engine.support.hierarchical.HierarchicalTestEngine.execute(HierarchicalTestEngine.java:54)
	at org.junit.platform.launcher.core.EngineExecutionOrchestrator.execute(EngineExecutionOrchestrator.java:198)
	at org.junit.platform.launcher.core.EngineExecutionOrchestrator.execute(EngineExecutionOrchestrator.java:169)
	at org.junit.platform.launcher.core.EngineExecutionOrchestrator.execute(EngineExecutionOrchestrator.java:93)
	at org.junit.platform.launcher.core.EngineExecutionOrchestrator.lambda$execute$0(EngineExecutionOrchestrator.java:58)
	at org.junit.platform.launcher.core.EngineExecutionOrchestrator.withInterceptedStreams(EngineExecutionOrchestrator.java:141)
	at org.junit.platform.launcher.core.EngineExecutionOrchestrator.execute(EngineExecutionOrchestrator.java:57)
	at org.junit.platform.launcher.core.DefaultLauncher.execute(DefaultLauncher.java:103)
	at org.junit.platform.launcher.core.DefaultLauncher.execute(DefaultLauncher.java:85)
	at org.junit.platform.launcher.core.DelegatingLauncher.execute(DelegatingLauncher.java:47)
	at org.apache.maven.surefire.junitplatform.LazyLauncher.execute(LazyLauncher.java:56)
	at org.apache.maven.surefire.junitplatform.JUnitPlatformProvider.execute(JUnitPlatformProvider.java:184)
	at org.apache.maven.surefire.junitplatform.JUnitPlatformProvider.invokeAllTests(JUnitPlatformProvider.java:148)
	at org.apache.maven.surefire.junitplatform.JUnitPlatformProvider.invoke(JUnitPlatformProvider.java:122)
	at org.apache.maven.surefire.booter.ForkedBooter.runSuitesInProcess(ForkedBooter.java:385)
	at org.apache.maven.surefire.booter.ForkedBooter.execute(ForkedBooter.java:162)
	at org.apache.maven.surefire.booter.ForkedBooter.run(ForkedBooter.java:507)
	at org.apache.maven.surefire.booter.ForkedBooter.main(ForkedBooter.java:495)
15:17:19.759 [main] WARN com.tngtech.archunit.core.importer.ClassFileProcessor -- Error during import from jrt:/java.base/java/util/OptionalInt.class, falling back to simple import
java.lang.IllegalArgumentException: Unsupported class file major version 68
	at com.tngtech.archunit.thirdparty.org.objectweb.asm.ClassReader.<init>(ClassReader.java:200)
	at com.tngtech.archunit.thirdparty.org.objectweb.asm.ClassReader.<init>(ClassReader.java:180)
	at com.tngtech.archunit.thirdparty.org.objectweb.asm.ClassReader.<init>(ClassReader.java:166)
	at com.tngtech.archunit.thirdparty.org.objectweb.asm.ClassReader.<init>(ClassReader.java:288)
	at com.tngtech.archunit.core.importer.ClassFileProcessor$UriImporterOfProcessor.tryImport(ClassFileProcessor.java:350)
	at com.tngtech.archunit.core.importer.resolvers.ClassResolverFromClasspath.tryResolve(ClassResolverFromClasspath.java:51)
	at com.tngtech.archunit.core.importer.ImportedClasses.resolve(ImportedClasses.java:80)
	at com.tngtech.archunit.core.importer.ImportedClasses.ensurePresent(ImportedClasses.java:75)
	at com.tngtech.archunit.core.importer.DependencyResolutionProcess.executeRun(DependencyResolutionProcess.java:146)
	at com.tngtech.archunit.core.importer.DependencyResolutionProcess.resolve(DependencyResolutionProcess.java:122)
	at com.tngtech.archunit.core.importer.ClassGraphCreator.complete(ClassGraphCreator.java:107)
	at com.tngtech.archunit.core.importer.ClassFileProcessor.process(ClassFileProcessor.java:75)
	at com.tngtech.archunit.core.importer.ClassFileImporter.importLocations(ClassFileImporter.java:325)
	at com.tngtech.archunit.junit.internal.ClassCache$CacheClassFileImporter.importClasses(ClassCache.java:126)
	at com.tngtech.archunit.junit.internal.ClassCache$LazyJavaClasses.initialize(ClassCache.java:118)
	at com.tngtech.archunit.junit.internal.ClassCache$LazyJavaClasses.get(ClassCache.java:107)
	at com.tngtech.archunit.junit.internal.ClassCache.getClassesToAnalyzeFor(ClassCache.java:84)
	at com.tngtech.archunit.junit.internal.ArchUnitTestDescriptor.lambda$createChildren$1(ArchUnitTestDescriptor.java:90)
	at com.tngtech.archunit.junit.internal.ArchUnitTestDescriptor$ArchUnitRuleDescriptor.execute(ArchUnitTestDescriptor.java:167)
	at com.tngtech.archunit.junit.internal.ArchUnitTestDescriptor$ArchUnitRuleDescriptor.execute(ArchUnitTestDescriptor.java:150)
	at org.junit.platform.engine.support.hierarchical.NodeTestTask.lambda$executeRecursively$6(NodeTestTask.java:156)
	at org.junit.platform.engine.support.hierarchical.ThrowableCollector.execute(ThrowableCollector.java:73)
	at org.junit.platform.engine.support.hierarchical.NodeTestTask.lambda$executeRecursively$8(NodeTestTask.java:146)
	at org.junit.platform.engine.support.hierarchical.Node.around(Node.java:137)
	at org.junit.platform.engine.support.hierarchical.NodeTestTask.lambda$executeRecursively$9(NodeTestTask.java:144)
	at org.junit.platform.engine.support.hierarchical.ThrowableCollector.execute(ThrowableCollector.java:73)
	at org.junit.platform.engine.support.hierarchical.NodeTestTask.executeRecursively(NodeTestTask.java:143)
	at org.junit.platform.engine.support.hierarchical.NodeTestTask.execute(NodeTestTask.java:100)
	at java.base/java.util.ArrayList.forEach(ArrayList.java:1604)
	at org.junit.platform.engine.support.hierarchical.SameThreadHierarchicalTestExecutorService.invokeAll(SameThreadHierarchicalTestExecutorService.java:41)
	at org.junit.platform.engine.support.hierarchical.NodeTestTask.lambda$executeRecursively$6(NodeTestTask.java:160)
	at org.junit.platform.engine.support.hierarchical.ThrowableCollector.execute(ThrowableCollector.java:73)
	at org.junit.platform.engine.support.hierarchical.NodeTestTask.lambda$executeRecursively$8(NodeTestTask.java:146)
	at org.junit.platform.engine.support.hierarchical.Node.around(Node.java:137)
	at org.junit.platform.engine.support.hierarchical.NodeTestTask.lambda$executeRecursively$9(NodeTestTask.java:144)
	at org.junit.platform.engine.support.hierarchical.ThrowableCollector.execute(ThrowableCollector.java:73)
	at org.junit.platform.engine.support.hierarchical.NodeTestTask.executeRecursively(NodeTestTask.java:143)
	at org.junit.platform.engine.support.hierarchical.NodeTestTask.execute(NodeTestTask.java:100)
	at java.base/java.util.ArrayList.forEach(ArrayList.java:1604)
	at org.junit.platform.engine.support.hierarchical.SameThreadHierarchicalTestExecutorService.invokeAll(SameThreadHierarchicalTestExecutorService.java:41)
	at org.junit.platform.engine.support.hierarchical.NodeTestTask.lambda$executeRecursively$6(NodeTestTask.java:160)
	at org.junit.platform.engine.support.hierarchical.ThrowableCollector.execute(ThrowableCollector.java:73)
	at org.junit.platform.engine.support.hierarchical.NodeTestTask.lambda$executeRecursively$8(NodeTestTask.java:146)
	at org.junit.platform.engine.support.hierarchical.Node.around(Node.java:137)
	at org.junit.platform.engine.support.hierarchical.NodeTestTask.lambda$executeRecursively$9(NodeTestTask.java:144)
	at org.junit.platform.engine.support.hierarchical.ThrowableCollector.execute(ThrowableCollector.java:73)
	at org.junit.platform.engine.support.hierarchical.NodeTestTask.executeRecursively(NodeTestTask.java:143)
	at org.junit.platform.engine.support.hierarchical.NodeTestTask.execute(NodeTestTask.java:100)
	at org.junit.platform.engine.support.hierarchical.SameThreadHierarchicalTestExecutorService.submit(SameThreadHierarchicalTestExecutorService.java:35)
	at org.junit.platform.engine.support.hierarchical.HierarchicalTestExecutor.execute(HierarchicalTestExecutor.java:57)
	at org.junit.platform.engine.support.hierarchical.HierarchicalTestEngine.execute(HierarchicalTestEngine.java:54)
	at org.junit.platform.launcher.core.EngineExecutionOrchestrator.execute(EngineExecutionOrchestrator.java:198)
	at org.junit.platform.launcher.core.EngineExecutionOrchestrator.execute(EngineExecutionOrchestrator.java:169)
	at org.junit.platform.launcher.core.EngineExecutionOrchestrator.execute(EngineExecutionOrchestrator.java:93)
	at org.junit.platform.launcher.core.EngineExecutionOrchestrator.lambda$execute$0(EngineExecutionOrchestrator.java:58)
	at org.junit.platform.launcher.core.EngineExecutionOrchestrator.withInterceptedStreams(EngineExecutionOrchestrator.java:141)
	at org.junit.platform.launcher.core.EngineExecutionOrchestrator.execute(EngineExecutionOrchestrator.java:57)
	at org.junit.platform.launcher.core.DefaultLauncher.execute(DefaultLauncher.java:103)
	at org.junit.platform.launcher.core.DefaultLauncher.execute(DefaultLauncher.java:85)
	at org.junit.platform.launcher.core.DelegatingLauncher.execute(DelegatingLauncher.java:47)
	at org.apache.maven.surefire.junitplatform.LazyLauncher.execute(LazyLauncher.java:56)
	at org.apache.maven.surefire.junitplatform.JUnitPlatformProvider.execute(JUnitPlatformProvider.java:184)
	at org.apache.maven.surefire.junitplatform.JUnitPlatformProvider.invokeAllTests(JUnitPlatformProvider.java:148)
	at org.apache.maven.surefire.junitplatform.JUnitPlatformProvider.invoke(JUnitPlatformProvider.java:122)
	at org.apache.maven.surefire.booter.ForkedBooter.runSuitesInProcess(ForkedBooter.java:385)
	at org.apache.maven.surefire.booter.ForkedBooter.execute(ForkedBooter.java:162)
	at org.apache.maven.surefire.booter.ForkedBooter.run(ForkedBooter.java:507)
	at org.apache.maven.surefire.booter.ForkedBooter.main(ForkedBooter.java:495)
15:17:19.764 [main] WARN com.tngtech.archunit.core.importer.ClassFileProcessor -- Error during import from jrt:/java.base/java/util/function/DoublePredicate.class, falling back to simple import
java.lang.IllegalArgumentException: Unsupported class file major version 68
	at com.tngtech.archunit.thirdparty.org.objectweb.asm.ClassReader.<init>(ClassReader.java:200)
	at com.tngtech.archunit.thirdparty.org.objectweb.asm.ClassReader.<init>(ClassReader.java:180)
	at com.tngtech.archunit.thirdparty.org.objectweb.asm.ClassReader.<init>(ClassReader.java:166)
	at com.tngtech.archunit.thirdparty.org.objectweb.asm.ClassReader.<init>(ClassReader.java:288)
	at com.tngtech.archunit.core.importer.ClassFileProcessor$UriImporterOfProcessor.tryImport(ClassFileProcessor.java:350)
	at com.tngtech.archunit.core.importer.resolvers.ClassResolverFromClasspath.tryResolve(ClassResolverFromClasspath.java:51)
	at com.tngtech.archunit.core.importer.ImportedClasses.resolve(ImportedClasses.java:80)
	at com.tngtech.archunit.core.importer.ImportedClasses.ensurePresent(ImportedClasses.java:75)
	at com.tngtech.archunit.core.importer.DependencyResolutionProcess.executeRun(DependencyResolutionProcess.java:146)
	at com.tngtech.archunit.core.importer.DependencyResolutionProcess.resolve(DependencyResolutionProcess.java:122)
	at com.tngtech.archunit.core.importer.ClassGraphCreator.complete(ClassGraphCreator.java:107)
	at com.tngtech.archunit.core.importer.ClassFileProcessor.process(ClassFileProcessor.java:75)
	at com.tngtech.archunit.core.importer.ClassFileImporter.importLocations(ClassFileImporter.java:325)
	at com.tngtech.archunit.junit.internal.ClassCache$CacheClassFileImporter.importClasses(ClassCache.java:126)
	at com.tngtech.archunit.junit.internal.ClassCache$LazyJavaClasses.initialize(ClassCache.java:118)
	at com.tngtech.archunit.junit.internal.ClassCache$LazyJavaClasses.get(ClassCache.java:107)
	at com.tngtech.archunit.junit.internal.ClassCache.getClassesToAnalyzeFor(ClassCache.java:84)
	at com.tngtech.archunit.junit.internal.ArchUnitTestDescriptor.lambda$createChildren$1(ArchUnitTestDescriptor.java:90)
	at com.tngtech.archunit.junit.internal.ArchUnitTestDescriptor$ArchUnitRuleDescriptor.execute(ArchUnitTestDescriptor.java:167)
	at com.tngtech.archunit.junit.internal.ArchUnitTestDescriptor$ArchUnitRuleDescriptor.execute(ArchUnitTestDescriptor.java:150)
	at org.junit.platform.engine.support.hierarchical.NodeTestTask.lambda$executeRecursively$6(NodeTestTask.java:156)
	at org.junit.platform.engine.support.hierarchical.ThrowableCollector.execute(ThrowableCollector.java:73)
	at org.junit.platform.engine.support.hierarchical.NodeTestTask.lambda$executeRecursively$8(NodeTestTask.java:146)
	at org.junit.platform.engine.support.hierarchical.Node.around(Node.java:137)
	at org.junit.platform.engine.support.hierarchical.NodeTestTask.lambda$executeRecursively$9(NodeTestTask.java:144)
	at org.junit.platform.engine.support.hierarchical.ThrowableCollector.execute(ThrowableCollector.java:73)
	at org.junit.platform.engine.support.hierarchical.NodeTestTask.executeRecursively(NodeTestTask.java:143)
	at org.junit.platform.engine.support.hierarchical.NodeTestTask.execute(NodeTestTask.java:100)
	at java.base/java.util.ArrayList.forEach(ArrayList.java:1604)
	at org.junit.platform.engine.support.hierarchical.SameThreadHierarchicalTestExecutorService.invokeAll(SameThreadHierarchicalTestExecutorService.java:41)
	at org.junit.platform.engine.support.hierarchical.NodeTestTask.lambda$executeRecursively$6(NodeTestTask.java:160)
	at org.junit.platform.engine.support.hierarchical.ThrowableCollector.execute(ThrowableCollector.java:73)
	at org.junit.platform.engine.support.hierarchical.NodeTestTask.lambda$executeRecursively$8(NodeTestTask.java:146)
	at org.junit.platform.engine.support.hierarchical.Node.around(Node.java:137)
	at org.junit.platform.engine.support.hierarchical.NodeTestTask.lambda$executeRecursively$9(NodeTestTask.java:144)
	at org.junit.platform.engine.support.hierarchical.ThrowableCollector.execute(ThrowableCollector.java:73)
	at org.junit.platform.engine.support.hierarchical.NodeTestTask.executeRecursively(NodeTestTask.java:143)
	at org.junit.platform.engine.support.hierarchical.NodeTestTask.execute(NodeTestTask.java:100)
	at java.base/java.util.ArrayList.forEach(ArrayList.java:1604)
	at org.junit.platform.engine.support.hierarchical.SameThreadHierarchicalTestExecutorService.invokeAll(SameThreadHierarchicalTestExecutorService.java:41)
	at org.junit.platform.engine.support.hierarchical.NodeTestTask.lambda$executeRecursively$6(NodeTestTask.java:160)
	at org.junit.platform.engine.support.hierarchical.ThrowableCollector.execute(ThrowableCollector.java:73)
	at org.junit.platform.engine.support.hierarchical.NodeTestTask.lambda$executeRecursively$8(NodeTestTask.java:146)
	at org.junit.platform.engine.support.hierarchical.Node.around(Node.java:137)
	at org.junit.platform.engine.support.hierarchical.NodeTestTask.lambda$executeRecursively$9(NodeTestTask.java:144)
	at org.junit.platform.engine.support.hierarchical.ThrowableCollector.execute(ThrowableCollector.java:73)
	at org.junit.platform.engine.support.hierarchical.NodeTestTask.executeRecursively(NodeTestTask.java:143)
	at org.junit.platform.engine.support.hierarchical.NodeTestTask.execute(NodeTestTask.java:100)
	at org.junit.platform.engine.support.hierarchical.SameThreadHierarchicalTestExecutorService.submit(SameThreadHierarchicalTestExecutorService.java:35)
	at org.junit.platform.engine.support.hierarchical.HierarchicalTestExecutor.execute(HierarchicalTestExecutor.java:57)
	at org.junit.platform.engine.support.hierarchical.HierarchicalTestEngine.execute(HierarchicalTestEngine.java:54)
	at org.junit.platform.launcher.core.EngineExecutionOrchestrator.execute(EngineExecutionOrchestrator.java:198)
	at org.junit.platform.launcher.core.EngineExecutionOrchestrator.execute(EngineExecutionOrchestrator.java:169)
	at org.junit.platform.launcher.core.EngineExecutionOrchestrator.execute(EngineExecutionOrchestrator.java:93)
	at org.junit.platform.launcher.core.EngineExecutionOrchestrator.lambda$execute$0(EngineExecutionOrchestrator.java:58)
	at org.junit.platform.launcher.core.EngineExecutionOrchestrator.withInterceptedStreams(EngineExecutionOrchestrator.java:141)
	at org.junit.platform.launcher.core.EngineExecutionOrchestrator.execute(EngineExecutionOrchestrator.java:57)
	at org.junit.platform.launcher.core.DefaultLauncher.execute(DefaultLauncher.java:103)
	at org.junit.platform.launcher.core.DefaultLauncher.execute(DefaultLauncher.java:85)
	at org.junit.platform.launcher.core.DelegatingLauncher.execute(DelegatingLauncher.java:47)
	at org.apache.maven.surefire.junitplatform.LazyLauncher.execute(LazyLauncher.java:56)
	at org.apache.maven.surefire.junitplatform.JUnitPlatformProvider.execute(JUnitPlatformProvider.java:184)
	at org.apache.maven.surefire.junitplatform.JUnitPlatformProvider.invokeAllTests(JUnitPlatformProvider.java:148)
	at org.apache.maven.surefire.junitplatform.JUnitPlatformProvider.invoke(JUnitPlatformProvider.java:122)
	at org.apache.maven.surefire.booter.ForkedBooter.runSuitesInProcess(ForkedBooter.java:385)
	at org.apache.maven.surefire.booter.ForkedBooter.execute(ForkedBooter.java:162)
	at org.apache.maven.surefire.booter.ForkedBooter.run(ForkedBooter.java:507)
	at org.apache.maven.surefire.booter.ForkedBooter.main(ForkedBooter.java:495)
15:17:19.766 [main] WARN com.tngtech.archunit.core.importer.ClassFileProcessor -- Error during import from jrt:/java.base/java/util/regex/Matcher.class, falling back to simple import
java.lang.IllegalArgumentException: Unsupported class file major version 68
	at com.tngtech.archunit.thirdparty.org.objectweb.asm.ClassReader.<init>(ClassReader.java:200)
	at com.tngtech.archunit.thirdparty.org.objectweb.asm.ClassReader.<init>(ClassReader.java:180)
	at com.tngtech.archunit.thirdparty.org.objectweb.asm.ClassReader.<init>(ClassReader.java:166)
	at com.tngtech.archunit.thirdparty.org.objectweb.asm.ClassReader.<init>(ClassReader.java:288)
	at com.tngtech.archunit.core.importer.ClassFileProcessor$UriImporterOfProcessor.tryImport(ClassFileProcessor.java:350)
	at com.tngtech.archunit.core.importer.resolvers.ClassResolverFromClasspath.tryResolve(ClassResolverFromClasspath.java:51)
	at com.tngtech.archunit.core.importer.ImportedClasses.resolve(ImportedClasses.java:80)
	at com.tngtech.archunit.core.importer.ImportedClasses.ensurePresent(ImportedClasses.java:75)
	at com.tngtech.archunit.core.importer.DependencyResolutionProcess.executeRun(DependencyResolutionProcess.java:146)
	at com.tngtech.archunit.core.importer.DependencyResolutionProcess.resolve(DependencyResolutionProcess.java:122)
	at com.tngtech.archunit.core.importer.ClassGraphCreator.complete(ClassGraphCreator.java:107)
	at com.tngtech.archunit.core.importer.ClassFileProcessor.process(ClassFileProcessor.java:75)
	at com.tngtech.archunit.core.importer.ClassFileImporter.importLocations(ClassFileImporter.java:325)
	at com.tngtech.archunit.junit.internal.ClassCache$CacheClassFileImporter.importClasses(ClassCache.java:126)
	at com.tngtech.archunit.junit.internal.ClassCache$LazyJavaClasses.initialize(ClassCache.java:118)
	at com.tngtech.archunit.junit.internal.ClassCache$LazyJavaClasses.get(ClassCache.java:107)
	at com.tngtech.archunit.junit.internal.ClassCache.getClassesToAnalyzeFor(ClassCache.java:84)
	at com.tngtech.archunit.junit.internal.ArchUnitTestDescriptor.lambda$createChildren$1(ArchUnitTestDescriptor.java:90)
	at com.tngtech.archunit.junit.internal.ArchUnitTestDescriptor$ArchUnitRuleDescriptor.execute(ArchUnitTestDescriptor.java:167)
	at com.tngtech.archunit.junit.internal.ArchUnitTestDescriptor$ArchUnitRuleDescriptor.execute(ArchUnitTestDescriptor.java:150)
	at org.junit.platform.engine.support.hierarchical.NodeTestTask.lambda$executeRecursively$6(NodeTestTask.java:156)
	at org.junit.platform.engine.support.hierarchical.ThrowableCollector.execute(ThrowableCollector.java:73)
	at org.junit.platform.engine.support.hierarchical.NodeTestTask.lambda$executeRecursively$8(NodeTestTask.java:146)
	at org.junit.platform.engine.support.hierarchical.Node.around(Node.java:137)
	at org.junit.platform.engine.support.hierarchical.NodeTestTask.lambda$executeRecursively$9(NodeTestTask.java:144)
	at org.junit.platform.engine.support.hierarchical.ThrowableCollector.execute(ThrowableCollector.java:73)
	at org.junit.platform.engine.support.hierarchical.NodeTestTask.executeRecursively(NodeTestTask.java:143)
	at org.junit.platform.engine.support.hierarchical.NodeTestTask.execute(NodeTestTask.java:100)
	at java.base/java.util.ArrayList.forEach(ArrayList.java:1604)
	at org.junit.platform.engine.support.hierarchical.SameThreadHierarchicalTestExecutorService.invokeAll(SameThreadHierarchicalTestExecutorService.java:41)
	at org.junit.platform.engine.support.hierarchical.NodeTestTask.lambda$executeRecursively$6(NodeTestTask.java:160)
	at org.junit.platform.engine.support.hierarchical.ThrowableCollector.execute(ThrowableCollector.java:73)
	at org.junit.platform.engine.support.hierarchical.NodeTestTask.lambda$executeRecursively$8(NodeTestTask.java:146)
	at org.junit.platform.engine.support.hierarchical.Node.around(Node.java:137)
	at org.junit.platform.engine.support.hierarchical.NodeTestTask.lambda$executeRecursively$9(NodeTestTask.java:144)
	at org.junit.platform.engine.support.hierarchical.ThrowableCollector.execute(ThrowableCollector.java:73)
	at org.junit.platform.engine.support.hierarchical.NodeTestTask.executeRecursively(NodeTestTask.java:143)
	at org.junit.platform.engine.support.hierarchical.NodeTestTask.execute(NodeTestTask.java:100)
	at java.base/java.util.ArrayList.forEach(ArrayList.java:1604)
	at org.junit.platform.engine.support.hierarchical.SameThreadHierarchicalTestExecutorService.invokeAll(SameThreadHierarchicalTestExecutorService.java:41)
	at org.junit.platform.engine.support.hierarchical.NodeTestTask.lambda$executeRecursively$6(NodeTestTask.java:160)
	at org.junit.platform.engine.support.hierarchical.ThrowableCollector.execute(ThrowableCollector.java:73)
	at org.junit.platform.engine.support.hierarchical.NodeTestTask.lambda$executeRecursively$8(NodeTestTask.java:146)
	at org.junit.platform.engine.support.hierarchical.Node.around(Node.java:137)
	at org.junit.platform.engine.support.hierarchical.NodeTestTask.lambda$executeRecursively$9(NodeTestTask.java:144)
	at org.junit.platform.engine.support.hierarchical.ThrowableCollector.execute(ThrowableCollector.java:73)
	at org.junit.platform.engine.support.hierarchical.NodeTestTask.executeRecursively(NodeTestTask.java:143)
	at org.junit.platform.engine.support.hierarchical.NodeTestTask.execute(NodeTestTask.java:100)
	at org.junit.platform.engine.support.hierarchical.SameThreadHierarchicalTestExecutorService.submit(SameThreadHierarchicalTestExecutorService.java:35)
	at org.junit.platform.engine.support.hierarchical.HierarchicalTestExecutor.execute(HierarchicalTestExecutor.java:57)
	at org.junit.platform.engine.support.hierarchical.HierarchicalTestEngine.execute(HierarchicalTestEngine.java:54)
	at org.junit.platform.launcher.core.EngineExecutionOrchestrator.execute(EngineExecutionOrchestrator.java:198)
	at org.junit.platform.launcher.core.EngineExecutionOrchestrator.execute(EngineExecutionOrchestrator.java:169)
	at org.junit.platform.launcher.core.EngineExecutionOrchestrator.execute(EngineExecutionOrchestrator.java:93)
	at org.junit.platform.launcher.core.EngineExecutionOrchestrator.lambda$execute$0(EngineExecutionOrchestrator.java:58)
	at org.junit.platform.launcher.core.EngineExecutionOrchestrator.withInterceptedStreams(EngineExecutionOrchestrator.java:141)
	at org.junit.platform.launcher.core.EngineExecutionOrchestrator.execute(EngineExecutionOrchestrator.java:57)
	at org.junit.platform.launcher.core.DefaultLauncher.execute(DefaultLauncher.java:103)
	at org.junit.platform.launcher.core.DefaultLauncher.execute(DefaultLauncher.java:85)
	at org.junit.platform.launcher.core.DelegatingLauncher.execute(DelegatingLauncher.java:47)
	at org.apache.maven.surefire.junitplatform.LazyLauncher.execute(LazyLauncher.java:56)
	at org.apache.maven.surefire.junitplatform.JUnitPlatformProvider.execute(JUnitPlatformProvider.java:184)
	at org.apache.maven.surefire.junitplatform.JUnitPlatformProvider.invokeAllTests(JUnitPlatformProvider.java:148)
	at org.apache.maven.surefire.junitplatform.JUnitPlatformProvider.invoke(JUnitPlatformProvider.java:122)
	at org.apache.maven.surefire.booter.ForkedBooter.runSuitesInProcess(ForkedBooter.java:385)
	at org.apache.maven.surefire.booter.ForkedBooter.execute(ForkedBooter.java:162)
	at org.apache.maven.surefire.booter.ForkedBooter.run(ForkedBooter.java:507)
	at org.apache.maven.surefire.booter.ForkedBooter.main(ForkedBooter.java:495)
15:17:19.771 [main] WARN com.tngtech.archunit.core.importer.ClassFileProcessor -- Error during import from jrt:/java.base/java/util/Set.class, falling back to simple import
java.lang.IllegalArgumentException: Unsupported class file major version 68
	at com.tngtech.archunit.thirdparty.org.objectweb.asm.ClassReader.<init>(ClassReader.java:200)
	at com.tngtech.archunit.thirdparty.org.objectweb.asm.ClassReader.<init>(ClassReader.java:180)
	at com.tngtech.archunit.thirdparty.org.objectweb.asm.ClassReader.<init>(ClassReader.java:166)
	at com.tngtech.archunit.thirdparty.org.objectweb.asm.ClassReader.<init>(ClassReader.java:288)
	at com.tngtech.archunit.core.importer.ClassFileProcessor$UriImporterOfProcessor.tryImport(ClassFileProcessor.java:350)
	at com.tngtech.archunit.core.importer.resolvers.ClassResolverFromClasspath.tryResolve(ClassResolverFromClasspath.java:51)
	at com.tngtech.archunit.core.importer.ImportedClasses.resolve(ImportedClasses.java:80)
	at com.tngtech.archunit.core.importer.ImportedClasses.ensurePresent(ImportedClasses.java:75)
	at com.tngtech.archunit.core.importer.DependencyResolutionProcess.executeRun(DependencyResolutionProcess.java:146)
	at com.tngtech.archunit.core.importer.DependencyResolutionProcess.resolve(DependencyResolutionProcess.java:122)
	at com.tngtech.archunit.core.importer.ClassGraphCreator.complete(ClassGraphCreator.java:107)
	at com.tngtech.archunit.core.importer.ClassFileProcessor.process(ClassFileProcessor.java:75)
	at com.tngtech.archunit.core.importer.ClassFileImporter.importLocations(ClassFileImporter.java:325)
	at com.tngtech.archunit.junit.internal.ClassCache$CacheClassFileImporter.importClasses(ClassCache.java:126)
	at com.tngtech.archunit.junit.internal.ClassCache$LazyJavaClasses.initialize(ClassCache.java:118)
	at com.tngtech.archunit.junit.internal.ClassCache$LazyJavaClasses.get(ClassCache.java:107)
	at com.tngtech.archunit.junit.internal.ClassCache.getClassesToAnalyzeFor(ClassCache.java:84)
	at com.tngtech.archunit.junit.internal.ArchUnitTestDescriptor.lambda$createChildren$1(ArchUnitTestDescriptor.java:90)
	at com.tngtech.archunit.junit.internal.ArchUnitTestDescriptor$ArchUnitRuleDescriptor.execute(ArchUnitTestDescriptor.java:167)
	at com.tngtech.archunit.junit.internal.ArchUnitTestDescriptor$ArchUnitRuleDescriptor.execute(ArchUnitTestDescriptor.java:150)
	at org.junit.platform.engine.support.hierarchical.NodeTestTask.lambda$executeRecursively$6(NodeTestTask.java:156)
	at org.junit.platform.engine.support.hierarchical.ThrowableCollector.execute(ThrowableCollector.java:73)
	at org.junit.platform.engine.support.hierarchical.NodeTestTask.lambda$executeRecursively$8(NodeTestTask.java:146)
	at org.junit.platform.engine.support.hierarchical.Node.around(Node.java:137)
	at org.junit.platform.engine.support.hierarchical.NodeTestTask.lambda$executeRecursively$9(NodeTestTask.java:144)
	at org.junit.platform.engine.support.hierarchical.ThrowableCollector.execute(ThrowableCollector.java:73)
	at org.junit.platform.engine.support.hierarchical.NodeTestTask.executeRecursively(NodeTestTask.java:143)
	at org.junit.platform.engine.support.hierarchical.NodeTestTask.execute(NodeTestTask.java:100)
	at java.base/java.util.ArrayList.forEach(ArrayList.java:1604)
	at org.junit.platform.engine.support.hierarchical.SameThreadHierarchicalTestExecutorService.invokeAll(SameThreadHierarchicalTestExecutorService.java:41)
	at org.junit.platform.engine.support.hierarchical.NodeTestTask.lambda$executeRecursively$6(NodeTestTask.java:160)
	at org.junit.platform.engine.support.hierarchical.ThrowableCollector.execute(ThrowableCollector.java:73)
	at org.junit.platform.engine.support.hierarchical.NodeTestTask.lambda$executeRecursively$8(NodeTestTask.java:146)
	at org.junit.platform.engine.support.hierarchical.Node.around(Node.java:137)
	at org.junit.platform.engine.support.hierarchical.NodeTestTask.lambda$executeRecursively$9(NodeTestTask.java:144)
	at org.junit.platform.engine.support.hierarchical.ThrowableCollector.execute(ThrowableCollector.java:73)
	at org.junit.platform.engine.support.hierarchical.NodeTestTask.executeRecursively(NodeTestTask.java:143)
	at org.junit.platform.engine.support.hierarchical.NodeTestTask.execute(NodeTestTask.java:100)
	at java.base/java.util.ArrayList.forEach(ArrayList.java:1604)
	at org.junit.platform.engine.support.hierarchical.SameThreadHierarchicalTestExecutorService.invokeAll(SameThreadHierarchicalTestExecutorService.java:41)
	at org.junit.platform.engine.support.hierarchical.NodeTestTask.lambda$executeRecursively$6(NodeTestTask.java:160)
	at org.junit.platform.engine.support.hierarchical.ThrowableCollector.execute(ThrowableCollector.java:73)
	at org.junit.platform.engine.support.hierarchical.NodeTestTask.lambda$executeRecursively$8(NodeTestTask.java:146)
	at org.junit.platform.engine.support.hierarchical.Node.around(Node.java:137)
	at org.junit.platform.engine.support.hierarchical.NodeTestTask.lambda$executeRecursively$9(NodeTestTask.java:144)
	at org.junit.platform.engine.support.hierarchical.ThrowableCollector.execute(ThrowableCollector.java:73)
	at org.junit.platform.engine.support.hierarchical.NodeTestTask.executeRecursively(NodeTestTask.java:143)
	at org.junit.platform.engine.support.hierarchical.NodeTestTask.execute(NodeTestTask.java:100)
	at org.junit.platform.engine.support.hierarchical.SameThreadHierarchicalTestExecutorService.submit(SameThreadHierarchicalTestExecutorService.java:35)
	at org.junit.platform.engine.support.hierarchical.HierarchicalTestExecutor.execute(HierarchicalTestExecutor.java:57)
	at org.junit.platform.engine.support.hierarchical.HierarchicalTestEngine.execute(HierarchicalTestEngine.java:54)
	at org.junit.platform.launcher.core.EngineExecutionOrchestrator.execute(EngineExecutionOrchestrator.java:198)
	at org.junit.platform.launcher.core.EngineExecutionOrchestrator.execute(EngineExecutionOrchestrator.java:169)
	at org.junit.platform.launcher.core.EngineExecutionOrchestrator.execute(EngineExecutionOrchestrator.java:93)
	at org.junit.platform.launcher.core.EngineExecutionOrchestrator.lambda$execute$0(EngineExecutionOrchestrator.java:58)
	at org.junit.platform.launcher.core.EngineExecutionOrchestrator.withInterceptedStreams(EngineExecutionOrchestrator.java:141)
	at org.junit.platform.launcher.core.EngineExecutionOrchestrator.execute(EngineExecutionOrchestrator.java:57)
	at org.junit.platform.launcher.core.DefaultLauncher.execute(DefaultLauncher.java:103)
	at org.junit.platform.launcher.core.DefaultLauncher.execute(DefaultLauncher.java:85)
	at org.junit.platform.launcher.core.DelegatingLauncher.execute(DelegatingLauncher.java:47)
	at org.apache.maven.surefire.junitplatform.LazyLauncher.execute(LazyLauncher.java:56)
	at org.apache.maven.surefire.junitplatform.JUnitPlatformProvider.execute(JUnitPlatformProvider.java:184)
	at org.apache.maven.surefire.junitplatform.JUnitPlatformProvider.invokeAllTests(JUnitPlatformProvider.java:148)
	at org.apache.maven.surefire.junitplatform.JUnitPlatformProvider.invoke(JUnitPlatformProvider.java:122)
	at org.apache.maven.surefire.booter.ForkedBooter.runSuitesInProcess(ForkedBooter.java:385)
	at org.apache.maven.surefire.booter.ForkedBooter.execute(ForkedBooter.java:162)
	at org.apache.maven.surefire.booter.ForkedBooter.run(ForkedBooter.java:507)
	at org.apache.maven.surefire.booter.ForkedBooter.main(ForkedBooter.java:495)
15:17:19.773 [main] WARN com.tngtech.archunit.core.importer.ClassFileProcessor -- Error during import from jrt:/java.base/java/util/concurrent/atomic/AtomicIntegerFieldUpdater.class, falling back to simple import
java.lang.IllegalArgumentException: Unsupported class file major version 68
	at com.tngtech.archunit.thirdparty.org.objectweb.asm.ClassReader.<init>(ClassReader.java:200)
	at com.tngtech.archunit.thirdparty.org.objectweb.asm.ClassReader.<init>(ClassReader.java:180)
	at com.tngtech.archunit.thirdparty.org.objectweb.asm.ClassReader.<init>(ClassReader.java:166)
	at com.tngtech.archunit.thirdparty.org.objectweb.asm.ClassReader.<init>(ClassReader.java:288)
	at com.tngtech.archunit.core.importer.ClassFileProcessor$UriImporterOfProcessor.tryImport(ClassFileProcessor.java:350)
	at com.tngtech.archunit.core.importer.resolvers.ClassResolverFromClasspath.tryResolve(ClassResolverFromClasspath.java:51)
	at com.tngtech.archunit.core.importer.ImportedClasses.resolve(ImportedClasses.java:80)
	at com.tngtech.archunit.core.importer.ImportedClasses.ensurePresent(ImportedClasses.java:75)
	at com.tngtech.archunit.core.importer.DependencyResolutionProcess.executeRun(DependencyResolutionProcess.java:146)
	at com.tngtech.archunit.core.importer.DependencyResolutionProcess.resolve(DependencyResolutionProcess.java:122)
	at com.tngtech.archunit.core.importer.ClassGraphCreator.complete(ClassGraphCreator.java:107)
	at com.tngtech.archunit.core.importer.ClassFileProcessor.process(ClassFileProcessor.java:75)
	at com.tngtech.archunit.core.importer.ClassFileImporter.importLocations(ClassFileImporter.java:325)
	at com.tngtech.archunit.junit.internal.ClassCache$CacheClassFileImporter.importClasses(ClassCache.java:126)
	at com.tngtech.archunit.junit.internal.ClassCache$LazyJavaClasses.initialize(ClassCache.java:118)
	at com.tngtech.archunit.junit.internal.ClassCache$LazyJavaClasses.get(ClassCache.java:107)
	at com.tngtech.archunit.junit.internal.ClassCache.getClassesToAnalyzeFor(ClassCache.java:84)
	at com.tngtech.archunit.junit.internal.ArchUnitTestDescriptor.lambda$createChildren$1(ArchUnitTestDescriptor.java:90)
	at com.tngtech.archunit.junit.internal.ArchUnitTestDescriptor$ArchUnitRuleDescriptor.execute(ArchUnitTestDescriptor.java:167)
	at com.tngtech.archunit.junit.internal.ArchUnitTestDescriptor$ArchUnitRuleDescriptor.execute(ArchUnitTestDescriptor.java:150)
	at org.junit.platform.engine.support.hierarchical.NodeTestTask.lambda$executeRecursively$6(NodeTestTask.java:156)
	at org.junit.platform.engine.support.hierarchical.ThrowableCollector.execute(ThrowableCollector.java:73)
	at org.junit.platform.engine.support.hierarchical.NodeTestTask.lambda$executeRecursively$8(NodeTestTask.java:146)
	at org.junit.platform.engine.support.hierarchical.Node.around(Node.java:137)
	at org.junit.platform.engine.support.hierarchical.NodeTestTask.lambda$executeRecursively$9(NodeTestTask.java:144)
	at org.junit.platform.engine.support.hierarchical.ThrowableCollector.execute(ThrowableCollector.java:73)
	at org.junit.platform.engine.support.hierarchical.NodeTestTask.executeRecursively(NodeTestTask.java:143)
	at org.junit.platform.engine.support.hierarchical.NodeTestTask.execute(NodeTestTask.java:100)
	at java.base/java.util.ArrayList.forEach(ArrayList.java:1604)
	at org.junit.platform.engine.support.hierarchical.SameThreadHierarchicalTestExecutorService.invokeAll(SameThreadHierarchicalTestExecutorService.java:41)
	at org.junit.platform.engine.support.hierarchical.NodeTestTask.lambda$executeRecursively$6(NodeTestTask.java:160)
	at org.junit.platform.engine.support.hierarchical.ThrowableCollector.execute(ThrowableCollector.java:73)
	at org.junit.platform.engine.support.hierarchical.NodeTestTask.lambda$executeRecursively$8(NodeTestTask.java:146)
	at org.junit.platform.engine.support.hierarchical.Node.around(Node.java:137)
	at org.junit.platform.engine.support.hierarchical.NodeTestTask.lambda$executeRecursively$9(NodeTestTask.java:144)
	at org.junit.platform.engine.support.hierarchical.ThrowableCollector.execute(ThrowableCollector.java:73)
	at org.junit.platform.engine.support.hierarchical.NodeTestTask.executeRecursively(NodeTestTask.java:143)
	at org.junit.platform.engine.support.hierarchical.NodeTestTask.execute(NodeTestTask.java:100)
	at java.base/java.util.ArrayList.forEach(ArrayList.java:1604)
	at org.junit.platform.engine.support.hierarchical.SameThreadHierarchicalTestExecutorService.invokeAll(SameThreadHierarchicalTestExecutorService.java:41)
	at org.junit.platform.engine.support.hierarchical.NodeTestTask.lambda$executeRecursively$6(NodeTestTask.java:160)
	at org.junit.platform.engine.support.hierarchical.ThrowableCollector.execute(ThrowableCollector.java:73)
	at org.junit.platform.engine.support.hierarchical.NodeTestTask.lambda$executeRecursively$8(NodeTestTask.java:146)
	at org.junit.platform.engine.support.hierarchical.Node.around(Node.java:137)
	at org.junit.platform.engine.support.hierarchical.NodeTestTask.lambda$executeRecursively$9(NodeTestTask.java:144)
	at org.junit.platform.engine.support.hierarchical.ThrowableCollector.execute(ThrowableCollector.java:73)
	at org.junit.platform.engine.support.hierarchical.NodeTestTask.executeRecursively(NodeTestTask.java:143)
	at org.junit.platform.engine.support.hierarchical.NodeTestTask.execute(NodeTestTask.java:100)
	at org.junit.platform.engine.support.hierarchical.SameThreadHierarchicalTestExecutorService.submit(SameThreadHierarchicalTestExecutorService.java:35)
	at org.junit.platform.engine.support.hierarchical.HierarchicalTestExecutor.execute(HierarchicalTestExecutor.java:57)
	at org.junit.platform.engine.support.hierarchical.HierarchicalTestEngine.execute(HierarchicalTestEngine.java:54)
	at org.junit.platform.launcher.core.EngineExecutionOrchestrator.execute(EngineExecutionOrchestrator.java:198)
	at org.junit.platform.launcher.core.EngineExecutionOrchestrator.execute(EngineExecutionOrchestrator.java:169)
	at org.junit.platform.launcher.core.EngineExecutionOrchestrator.execute(EngineExecutionOrchestrator.java:93)
	at org.junit.platform.launcher.core.EngineExecutionOrchestrator.lambda$execute$0(EngineExecutionOrchestrator.java:58)
	at org.junit.platform.launcher.core.EngineExecutionOrchestrator.withInterceptedStreams(EngineExecutionOrchestrator.java:141)
	at org.junit.platform.launcher.core.EngineExecutionOrchestrator.execute(EngineExecutionOrchestrator.java:57)
	at org.junit.platform.launcher.core.DefaultLauncher.execute(DefaultLauncher.java:103)
	at org.junit.platform.launcher.core.DefaultLauncher.execute(DefaultLauncher.java:85)
	at org.junit.platform.launcher.core.DelegatingLauncher.execute(DelegatingLauncher.java:47)
	at org.apache.maven.surefire.junitplatform.LazyLauncher.execute(LazyLauncher.java:56)
	at org.apache.maven.surefire.junitplatform.JUnitPlatformProvider.execute(JUnitPlatformProvider.java:184)
	at org.apache.maven.surefire.junitplatform.JUnitPlatformProvider.invokeAllTests(JUnitPlatformProvider.java:148)
	at org.apache.maven.surefire.junitplatform.JUnitPlatformProvider.invoke(JUnitPlatformProvider.java:122)
	at org.apache.maven.surefire.booter.ForkedBooter.runSuitesInProcess(ForkedBooter.java:385)
	at org.apache.maven.surefire.booter.ForkedBooter.execute(ForkedBooter.java:162)
	at org.apache.maven.surefire.booter.ForkedBooter.run(ForkedBooter.java:507)
	at org.apache.maven.surefire.booter.ForkedBooter.main(ForkedBooter.java:495)
15:17:19.774 [main] WARN com.tngtech.archunit.core.importer.ClassFileProcessor -- Error during import from jrt:/java.base/java/util/concurrent/FutureTask.class, falling back to simple import
java.lang.IllegalArgumentException: Unsupported class file major version 68
	at com.tngtech.archunit.thirdparty.org.objectweb.asm.ClassReader.<init>(ClassReader.java:200)
	at com.tngtech.archunit.thirdparty.org.objectweb.asm.ClassReader.<init>(ClassReader.java:180)
	at com.tngtech.archunit.thirdparty.org.objectweb.asm.ClassReader.<init>(ClassReader.java:166)
	at com.tngtech.archunit.thirdparty.org.objectweb.asm.ClassReader.<init>(ClassReader.java:288)
	at com.tngtech.archunit.core.importer.ClassFileProcessor$UriImporterOfProcessor.tryImport(ClassFileProcessor.java:350)
	at com.tngtech.archunit.core.importer.resolvers.ClassResolverFromClasspath.tryResolve(ClassResolverFromClasspath.java:51)
	at com.tngtech.archunit.core.importer.ImportedClasses.resolve(ImportedClasses.java:80)
	at com.tngtech.archunit.core.importer.ImportedClasses.ensurePresent(ImportedClasses.java:75)
	at com.tngtech.archunit.core.importer.DependencyResolutionProcess.executeRun(DependencyResolutionProcess.java:146)
	at com.tngtech.archunit.core.importer.DependencyResolutionProcess.resolve(DependencyResolutionProcess.java:122)
	at com.tngtech.archunit.core.importer.ClassGraphCreator.complete(ClassGraphCreator.java:107)
	at com.tngtech.archunit.core.importer.ClassFileProcessor.process(ClassFileProcessor.java:75)
	at com.tngtech.archunit.core.importer.ClassFileImporter.importLocations(ClassFileImporter.java:325)
	at com.tngtech.archunit.junit.internal.ClassCache$CacheClassFileImporter.importClasses(ClassCache.java:126)
	at com.tngtech.archunit.junit.internal.ClassCache$LazyJavaClasses.initialize(ClassCache.java:118)
	at com.tngtech.archunit.junit.internal.ClassCache$LazyJavaClasses.get(ClassCache.java:107)
	at com.tngtech.archunit.junit.internal.ClassCache.getClassesToAnalyzeFor(ClassCache.java:84)
	at com.tngtech.archunit.junit.internal.ArchUnitTestDescriptor.lambda$createChildren$1(ArchUnitTestDescriptor.java:90)
	at com.tngtech.archunit.junit.internal.ArchUnitTestDescriptor$ArchUnitRuleDescriptor.execute(ArchUnitTestDescriptor.java:167)
	at com.tngtech.archunit.junit.internal.ArchUnitTestDescriptor$ArchUnitRuleDescriptor.execute(ArchUnitTestDescriptor.java:150)
	at org.junit.platform.engine.support.hierarchical.NodeTestTask.lambda$executeRecursively$6(NodeTestTask.java:156)
	at org.junit.platform.engine.support.hierarchical.ThrowableCollector.execute(ThrowableCollector.java:73)
	at org.junit.platform.engine.support.hierarchical.NodeTestTask.lambda$executeRecursively$8(NodeTestTask.java:146)
	at org.junit.platform.engine.support.hierarchical.Node.around(Node.java:137)
	at org.junit.platform.engine.support.hierarchical.NodeTestTask.lambda$executeRecursively$9(NodeTestTask.java:144)
	at org.junit.platform.engine.support.hierarchical.ThrowableCollector.execute(ThrowableCollector.java:73)
	at org.junit.platform.engine.support.hierarchical.NodeTestTask.executeRecursively(NodeTestTask.java:143)
	at org.junit.platform.engine.support.hierarchical.NodeTestTask.execute(NodeTestTask.java:100)
	at java.base/java.util.ArrayList.forEach(ArrayList.java:1604)
	at org.junit.platform.engine.support.hierarchical.SameThreadHierarchicalTestExecutorService.invokeAll(SameThreadHierarchicalTestExecutorService.java:41)
	at org.junit.platform.engine.support.hierarchical.NodeTestTask.lambda$executeRecursively$6(NodeTestTask.java:160)
	at org.junit.platform.engine.support.hierarchical.ThrowableCollector.execute(ThrowableCollector.java:73)
	at org.junit.platform.engine.support.hierarchical.NodeTestTask.lambda$executeRecursively$8(NodeTestTask.java:146)
	at org.junit.platform.engine.support.hierarchical.Node.around(Node.java:137)
	at org.junit.platform.engine.support.hierarchical.NodeTestTask.lambda$executeRecursively$9(NodeTestTask.java:144)
	at org.junit.platform.engine.support.hierarchical.ThrowableCollector.execute(ThrowableCollector.java:73)
	at org.junit.platform.engine.support.hierarchical.NodeTestTask.executeRecursively(NodeTestTask.java:143)
	at org.junit.platform.engine.support.hierarchical.NodeTestTask.execute(NodeTestTask.java:100)
	at java.base/java.util.ArrayList.forEach(ArrayList.java:1604)
	at org.junit.platform.engine.support.hierarchical.SameThreadHierarchicalTestExecutorService.invokeAll(SameThreadHierarchicalTestExecutorService.java:41)
	at org.junit.platform.engine.support.hierarchical.NodeTestTask.lambda$executeRecursively$6(NodeTestTask.java:160)
	at org.junit.platform.engine.support.hierarchical.ThrowableCollector.execute(ThrowableCollector.java:73)
	at org.junit.platform.engine.support.hierarchical.NodeTestTask.lambda$executeRecursively$8(NodeTestTask.java:146)
	at org.junit.platform.engine.support.hierarchical.Node.around(Node.java:137)
	at org.junit.platform.engine.support.hierarchical.NodeTestTask.lambda$executeRecursively$9(NodeTestTask.java:144)
	at org.junit.platform.engine.support.hierarchical.ThrowableCollector.execute(ThrowableCollector.java:73)
	at org.junit.platform.engine.support.hierarchical.NodeTestTask.executeRecursively(NodeTestTask.java:143)
	at org.junit.platform.engine.support.hierarchical.NodeTestTask.execute(NodeTestTask.java:100)
	at org.junit.platform.engine.support.hierarchical.SameThreadHierarchicalTestExecutorService.submit(SameThreadHierarchicalTestExecutorService.java:35)
	at org.junit.platform.engine.support.hierarchical.HierarchicalTestExecutor.execute(HierarchicalTestExecutor.java:57)
	at org.junit.platform.engine.support.hierarchical.HierarchicalTestEngine.execute(HierarchicalTestEngine.java:54)
	at org.junit.platform.launcher.core.EngineExecutionOrchestrator.execute(EngineExecutionOrchestrator.java:198)
	at org.junit.platform.launcher.core.EngineExecutionOrchestrator.execute(EngineExecutionOrchestrator.java:169)
	at org.junit.platform.launcher.core.EngineExecutionOrchestrator.execute(EngineExecutionOrchestrator.java:93)
	at org.junit.platform.launcher.core.EngineExecutionOrchestrator.lambda$execute$0(EngineExecutionOrchestrator.java:58)
	at org.junit.platform.launcher.core.EngineExecutionOrchestrator.withInterceptedStreams(EngineExecutionOrchestrator.java:141)
	at org.junit.platform.launcher.core.EngineExecutionOrchestrator.execute(EngineExecutionOrchestrator.java:57)
	at org.junit.platform.launcher.core.DefaultLauncher.execute(DefaultLauncher.java:103)
	at org.junit.platform.launcher.core.DefaultLauncher.execute(DefaultLauncher.java:85)
	at org.junit.platform.launcher.core.DelegatingLauncher.execute(DelegatingLauncher.java:47)
	at org.apache.maven.surefire.junitplatform.LazyLauncher.execute(LazyLauncher.java:56)
	at org.apache.maven.surefire.junitplatform.JUnitPlatformProvider.execute(JUnitPlatformProvider.java:184)
	at org.apache.maven.surefire.junitplatform.JUnitPlatformProvider.invokeAllTests(JUnitPlatformProvider.java:148)
	at org.apache.maven.surefire.junitplatform.JUnitPlatformProvider.invoke(JUnitPlatformProvider.java:122)
	at org.apache.maven.surefire.booter.ForkedBooter.runSuitesInProcess(ForkedBooter.java:385)
	at org.apache.maven.surefire.booter.ForkedBooter.execute(ForkedBooter.java:162)
	at org.apache.maven.surefire.booter.ForkedBooter.run(ForkedBooter.java:507)
	at org.apache.maven.surefire.booter.ForkedBooter.main(ForkedBooter.java:495)
15:17:19.778 [main] WARN com.tngtech.archunit.core.importer.ClassFileProcessor -- Error during import from jrt:/java.base/java/lang/Number.class, falling back to simple import
java.lang.IllegalArgumentException: Unsupported class file major version 68
	at com.tngtech.archunit.thirdparty.org.objectweb.asm.ClassReader.<init>(ClassReader.java:200)
	at com.tngtech.archunit.thirdparty.org.objectweb.asm.ClassReader.<init>(ClassReader.java:180)
	at com.tngtech.archunit.thirdparty.org.objectweb.asm.ClassReader.<init>(ClassReader.java:166)
	at com.tngtech.archunit.thirdparty.org.objectweb.asm.ClassReader.<init>(ClassReader.java:288)
	at com.tngtech.archunit.core.importer.ClassFileProcessor$UriImporterOfProcessor.tryImport(ClassFileProcessor.java:350)
	at com.tngtech.archunit.core.importer.resolvers.ClassResolverFromClasspath.tryResolve(ClassResolverFromClasspath.java:51)
	at com.tngtech.archunit.core.importer.ImportedClasses.resolve(ImportedClasses.java:80)
	at com.tngtech.archunit.core.importer.ImportedClasses.ensurePresent(ImportedClasses.java:75)
	at com.tngtech.archunit.core.importer.DependencyResolutionProcess.executeRun(DependencyResolutionProcess.java:146)
	at com.tngtech.archunit.core.importer.DependencyResolutionProcess.resolve(DependencyResolutionProcess.java:122)
	at com.tngtech.archunit.core.importer.ClassGraphCreator.complete(ClassGraphCreator.java:107)
	at com.tngtech.archunit.core.importer.ClassFileProcessor.process(ClassFileProcessor.java:75)
	at com.tngtech.archunit.core.importer.ClassFileImporter.importLocations(ClassFileImporter.java:325)
	at com.tngtech.archunit.junit.internal.ClassCache$CacheClassFileImporter.importClasses(ClassCache.java:126)
	at com.tngtech.archunit.junit.internal.ClassCache$LazyJavaClasses.initialize(ClassCache.java:118)
	at com.tngtech.archunit.junit.internal.ClassCache$LazyJavaClasses.get(ClassCache.java:107)
	at com.tngtech.archunit.junit.internal.ClassCache.getClassesToAnalyzeFor(ClassCache.java:84)
	at com.tngtech.archunit.junit.internal.ArchUnitTestDescriptor.lambda$createChildren$1(ArchUnitTestDescriptor.java:90)
	at com.tngtech.archunit.junit.internal.ArchUnitTestDescriptor$ArchUnitRuleDescriptor.execute(ArchUnitTestDescriptor.java:167)
	at com.tngtech.archunit.junit.internal.ArchUnitTestDescriptor$ArchUnitRuleDescriptor.execute(ArchUnitTestDescriptor.java:150)
	at org.junit.platform.engine.support.hierarchical.NodeTestTask.lambda$executeRecursively$6(NodeTestTask.java:156)
	at org.junit.platform.engine.support.hierarchical.ThrowableCollector.execute(ThrowableCollector.java:73)
	at org.junit.platform.engine.support.hierarchical.NodeTestTask.lambda$executeRecursively$8(NodeTestTask.java:146)
	at org.junit.platform.engine.support.hierarchical.Node.around(Node.java:137)
	at org.junit.platform.engine.support.hierarchical.NodeTestTask.lambda$executeRecursively$9(NodeTestTask.java:144)
	at org.junit.platform.engine.support.hierarchical.ThrowableCollector.execute(ThrowableCollector.java:73)
	at org.junit.platform.engine.support.hierarchical.NodeTestTask.executeRecursively(NodeTestTask.java:143)
	at org.junit.platform.engine.support.hierarchical.NodeTestTask.execute(NodeTestTask.java:100)
	at java.base/java.util.ArrayList.forEach(ArrayList.java:1604)
	at org.junit.platform.engine.support.hierarchical.SameThreadHierarchicalTestExecutorService.invokeAll(SameThreadHierarchicalTestExecutorService.java:41)
	at org.junit.platform.engine.support.hierarchical.NodeTestTask.lambda$executeRecursively$6(NodeTestTask.java:160)
	at org.junit.platform.engine.support.hierarchical.ThrowableCollector.execute(ThrowableCollector.java:73)
	at org.junit.platform.engine.support.hierarchical.NodeTestTask.lambda$executeRecursively$8(NodeTestTask.java:146)
	at org.junit.platform.engine.support.hierarchical.Node.around(Node.java:137)
	at org.junit.platform.engine.support.hierarchical.NodeTestTask.lambda$executeRecursively$9(NodeTestTask.java:144)
	at org.junit.platform.engine.support.hierarchical.ThrowableCollector.execute(ThrowableCollector.java:73)
	at org.junit.platform.engine.support.hierarchical.NodeTestTask.executeRecursively(NodeTestTask.java:143)
	at org.junit.platform.engine.support.hierarchical.NodeTestTask.execute(NodeTestTask.java:100)
	at java.base/java.util.ArrayList.forEach(ArrayList.java:1604)
	at org.junit.platform.engine.support.hierarchical.SameThreadHierarchicalTestExecutorService.invokeAll(SameThreadHierarchicalTestExecutorService.java:41)
	at org.junit.platform.engine.support.hierarchical.NodeTestTask.lambda$executeRecursively$6(NodeTestTask.java:160)
	at org.junit.platform.engine.support.hierarchical.ThrowableCollector.execute(ThrowableCollector.java:73)
	at org.junit.platform.engine.support.hierarchical.NodeTestTask.lambda$executeRecursively$8(NodeTestTask.java:146)
	at org.junit.platform.engine.support.hierarchical.Node.around(Node.java:137)
	at org.junit.platform.engine.support.hierarchical.NodeTestTask.lambda$executeRecursively$9(NodeTestTask.java:144)
	at org.junit.platform.engine.support.hierarchical.ThrowableCollector.execute(ThrowableCollector.java:73)
	at org.junit.platform.engine.support.hierarchical.NodeTestTask.executeRecursively(NodeTestTask.java:143)
	at org.junit.platform.engine.support.hierarchical.NodeTestTask.execute(NodeTestTask.java:100)
	at org.junit.platform.engine.support.hierarchical.SameThreadHierarchicalTestExecutorService.submit(SameThreadHierarchicalTestExecutorService.java:35)
	at org.junit.platform.engine.support.hierarchical.HierarchicalTestExecutor.execute(HierarchicalTestExecutor.java:57)
	at org.junit.platform.engine.support.hierarchical.HierarchicalTestEngine.execute(HierarchicalTestEngine.java:54)
	at org.junit.platform.launcher.core.EngineExecutionOrchestrator.execute(EngineExecutionOrchestrator.java:198)
	at org.junit.platform.launcher.core.EngineExecutionOrchestrator.execute(EngineExecutionOrchestrator.java:169)
	at org.junit.platform.launcher.core.EngineExecutionOrchestrator.execute(EngineExecutionOrchestrator.java:93)
	at org.junit.platform.launcher.core.EngineExecutionOrchestrator.lambda$execute$0(EngineExecutionOrchestrator.java:58)
	at org.junit.platform.launcher.core.EngineExecutionOrchestrator.withInterceptedStreams(EngineExecutionOrchestrator.java:141)
	at org.junit.platform.launcher.core.EngineExecutionOrchestrator.execute(EngineExecutionOrchestrator.java:57)
	at org.junit.platform.launcher.core.DefaultLauncher.execute(DefaultLauncher.java:103)
	at org.junit.platform.launcher.core.DefaultLauncher.execute(DefaultLauncher.java:85)
	at org.junit.platform.launcher.core.DelegatingLauncher.execute(DelegatingLauncher.java:47)
	at org.apache.maven.surefire.junitplatform.LazyLauncher.execute(LazyLauncher.java:56)
	at org.apache.maven.surefire.junitplatform.JUnitPlatformProvider.execute(JUnitPlatformProvider.java:184)
	at org.apache.maven.surefire.junitplatform.JUnitPlatformProvider.invokeAllTests(JUnitPlatformProvider.java:148)
	at org.apache.maven.surefire.junitplatform.JUnitPlatformProvider.invoke(JUnitPlatformProvider.java:122)
	at org.apache.maven.surefire.booter.ForkedBooter.runSuitesInProcess(ForkedBooter.java:385)
	at org.apache.maven.surefire.booter.ForkedBooter.execute(ForkedBooter.java:162)
	at org.apache.maven.surefire.booter.ForkedBooter.run(ForkedBooter.java:507)
	at org.apache.maven.surefire.booter.ForkedBooter.main(ForkedBooter.java:495)
15:17:19.779 [main] WARN com.tngtech.archunit.core.importer.ClassFileProcessor -- Error during import from jrt:/java.base/java/io/File.class, falling back to simple import
java.lang.IllegalArgumentException: Unsupported class file major version 68
	at com.tngtech.archunit.thirdparty.org.objectweb.asm.ClassReader.<init>(ClassReader.java:200)
	at com.tngtech.archunit.thirdparty.org.objectweb.asm.ClassReader.<init>(ClassReader.java:180)
	at com.tngtech.archunit.thirdparty.org.objectweb.asm.ClassReader.<init>(ClassReader.java:166)
	at com.tngtech.archunit.thirdparty.org.objectweb.asm.ClassReader.<init>(ClassReader.java:288)
	at com.tngtech.archunit.core.importer.ClassFileProcessor$UriImporterOfProcessor.tryImport(ClassFileProcessor.java:350)
	at com.tngtech.archunit.core.importer.resolvers.ClassResolverFromClasspath.tryResolve(ClassResolverFromClasspath.java:51)
	at com.tngtech.archunit.core.importer.ImportedClasses.resolve(ImportedClasses.java:80)
	at com.tngtech.archunit.core.importer.ImportedClasses.ensurePresent(ImportedClasses.java:75)
	at com.tngtech.archunit.core.importer.DependencyResolutionProcess.executeRun(DependencyResolutionProcess.java:146)
	at com.tngtech.archunit.core.importer.DependencyResolutionProcess.resolve(DependencyResolutionProcess.java:122)
	at com.tngtech.archunit.core.importer.ClassGraphCreator.complete(ClassGraphCreator.java:107)
	at com.tngtech.archunit.core.importer.ClassFileProcessor.process(ClassFileProcessor.java:75)
	at com.tngtech.archunit.core.importer.ClassFileImporter.importLocations(ClassFileImporter.java:325)
	at com.tngtech.archunit.junit.internal.ClassCache$CacheClassFileImporter.importClasses(ClassCache.java:126)
	at com.tngtech.archunit.junit.internal.ClassCache$LazyJavaClasses.initialize(ClassCache.java:118)
	at com.tngtech.archunit.junit.internal.ClassCache$LazyJavaClasses.get(ClassCache.java:107)
	at com.tngtech.archunit.junit.internal.ClassCache.getClassesToAnalyzeFor(ClassCache.java:84)
	at com.tngtech.archunit.junit.internal.ArchUnitTestDescriptor.lambda$createChildren$1(ArchUnitTestDescriptor.java:90)
	at com.tngtech.archunit.junit.internal.ArchUnitTestDescriptor$ArchUnitRuleDescriptor.execute(ArchUnitTestDescriptor.java:167)
	at com.tngtech.archunit.junit.internal.ArchUnitTestDescriptor$ArchUnitRuleDescriptor.execute(ArchUnitTestDescriptor.java:150)
	at org.junit.platform.engine.support.hierarchical.NodeTestTask.lambda$executeRecursively$6(NodeTestTask.java:156)
	at org.junit.platform.engine.support.hierarchical.ThrowableCollector.execute(ThrowableCollector.java:73)
	at org.junit.platform.engine.support.hierarchical.NodeTestTask.lambda$executeRecursively$8(NodeTestTask.java:146)
	at org.junit.platform.engine.support.hierarchical.Node.around(Node.java:137)
	at org.junit.platform.engine.support.hierarchical.NodeTestTask.lambda$executeRecursively$9(NodeTestTask.java:144)
	at org.junit.platform.engine.support.hierarchical.ThrowableCollector.execute(ThrowableCollector.java:73)
	at org.junit.platform.engine.support.hierarchical.NodeTestTask.executeRecursively(NodeTestTask.java:143)
	at org.junit.platform.engine.support.hierarchical.NodeTestTask.execute(NodeTestTask.java:100)
	at java.base/java.util.ArrayList.forEach(ArrayList.java:1604)
	at org.junit.platform.engine.support.hierarchical.SameThreadHierarchicalTestExecutorService.invokeAll(SameThreadHierarchicalTestExecutorService.java:41)
	at org.junit.platform.engine.support.hierarchical.NodeTestTask.lambda$executeRecursively$6(NodeTestTask.java:160)
	at org.junit.platform.engine.support.hierarchical.ThrowableCollector.execute(ThrowableCollector.java:73)
	at org.junit.platform.engine.support.hierarchical.NodeTestTask.lambda$executeRecursively$8(NodeTestTask.java:146)
	at org.junit.platform.engine.support.hierarchical.Node.around(Node.java:137)
	at org.junit.platform.engine.support.hierarchical.NodeTestTask.lambda$executeRecursively$9(NodeTestTask.java:144)
	at org.junit.platform.engine.support.hierarchical.ThrowableCollector.execute(ThrowableCollector.java:73)
	at org.junit.platform.engine.support.hierarchical.NodeTestTask.executeRecursively(NodeTestTask.java:143)
	at org.junit.platform.engine.support.hierarchical.NodeTestTask.execute(NodeTestTask.java:100)
	at java.base/java.util.ArrayList.forEach(ArrayList.java:1604)
	at org.junit.platform.engine.support.hierarchical.SameThreadHierarchicalTestExecutorService.invokeAll(SameThreadHierarchicalTestExecutorService.java:41)
	at org.junit.platform.engine.support.hierarchical.NodeTestTask.lambda$executeRecursively$6(NodeTestTask.java:160)
	at org.junit.platform.engine.support.hierarchical.ThrowableCollector.execute(ThrowableCollector.java:73)
	at org.junit.platform.engine.support.hierarchical.NodeTestTask.lambda$executeRecursively$8(NodeTestTask.java:146)
	at org.junit.platform.engine.support.hierarchical.Node.around(Node.java:137)
	at org.junit.platform.engine.support.hierarchical.NodeTestTask.lambda$executeRecursively$9(NodeTestTask.java:144)
	at org.junit.platform.engine.support.hierarchical.ThrowableCollector.execute(ThrowableCollector.java:73)
	at org.junit.platform.engine.support.hierarchical.NodeTestTask.executeRecursively(NodeTestTask.java:143)
	at org.junit.platform.engine.support.hierarchical.NodeTestTask.execute(NodeTestTask.java:100)
	at org.junit.platform.engine.support.hierarchical.SameThreadHierarchicalTestExecutorService.submit(SameThreadHierarchicalTestExecutorService.java:35)
	at org.junit.platform.engine.support.hierarchical.HierarchicalTestExecutor.execute(HierarchicalTestExecutor.java:57)
	at org.junit.platform.engine.support.hierarchical.HierarchicalTestEngine.execute(HierarchicalTestEngine.java:54)
	at org.junit.platform.launcher.core.EngineExecutionOrchestrator.execute(EngineExecutionOrchestrator.java:198)
	at org.junit.platform.launcher.core.EngineExecutionOrchestrator.execute(EngineExecutionOrchestrator.java:169)
	at org.junit.platform.launcher.core.EngineExecutionOrchestrator.execute(EngineExecutionOrchestrator.java:93)
	at org.junit.platform.launcher.core.EngineExecutionOrchestrator.lambda$execute$0(EngineExecutionOrchestrator.java:58)
	at org.junit.platform.launcher.core.EngineExecutionOrchestrator.withInterceptedStreams(EngineExecutionOrchestrator.java:141)
	at org.junit.platform.launcher.core.EngineExecutionOrchestrator.execute(EngineExecutionOrchestrator.java:57)
	at org.junit.platform.launcher.core.DefaultLauncher.execute(DefaultLauncher.java:103)
	at org.junit.platform.launcher.core.DefaultLauncher.execute(DefaultLauncher.java:85)
	at org.junit.platform.launcher.core.DelegatingLauncher.execute(DelegatingLauncher.java:47)
	at org.apache.maven.surefire.junitplatform.LazyLauncher.execute(LazyLauncher.java:56)
	at org.apache.maven.surefire.junitplatform.JUnitPlatformProvider.execute(JUnitPlatformProvider.java:184)
	at org.apache.maven.surefire.junitplatform.JUnitPlatformProvider.invokeAllTests(JUnitPlatformProvider.java:148)
	at org.apache.maven.surefire.junitplatform.JUnitPlatformProvider.invoke(JUnitPlatformProvider.java:122)
	at org.apache.maven.surefire.booter.ForkedBooter.runSuitesInProcess(ForkedBooter.java:385)
	at org.apache.maven.surefire.booter.ForkedBooter.execute(ForkedBooter.java:162)
	at org.apache.maven.surefire.booter.ForkedBooter.run(ForkedBooter.java:507)
	at org.apache.maven.surefire.booter.ForkedBooter.main(ForkedBooter.java:495)
15:17:19.783 [main] WARN com.tngtech.archunit.core.importer.ClassFileProcessor -- Error during import from jrt:/java.base/java/net/URI.class, falling back to simple import
java.lang.IllegalArgumentException: Unsupported class file major version 68
	at com.tngtech.archunit.thirdparty.org.objectweb.asm.ClassReader.<init>(ClassReader.java:200)
	at com.tngtech.archunit.thirdparty.org.objectweb.asm.ClassReader.<init>(ClassReader.java:180)
	at com.tngtech.archunit.thirdparty.org.objectweb.asm.ClassReader.<init>(ClassReader.java:166)
	at com.tngtech.archunit.thirdparty.org.objectweb.asm.ClassReader.<init>(ClassReader.java:288)
	at com.tngtech.archunit.core.importer.ClassFileProcessor$UriImporterOfProcessor.tryImport(ClassFileProcessor.java:350)
	at com.tngtech.archunit.core.importer.resolvers.ClassResolverFromClasspath.tryResolve(ClassResolverFromClasspath.java:51)
	at com.tngtech.archunit.core.importer.ImportedClasses.resolve(ImportedClasses.java:80)
	at com.tngtech.archunit.core.importer.ImportedClasses.ensurePresent(ImportedClasses.java:75)
	at com.tngtech.archunit.core.importer.DependencyResolutionProcess.executeRun(DependencyResolutionProcess.java:146)
	at com.tngtech.archunit.core.importer.DependencyResolutionProcess.resolve(DependencyResolutionProcess.java:122)
	at com.tngtech.archunit.core.importer.ClassGraphCreator.complete(ClassGraphCreator.java:107)
	at com.tngtech.archunit.core.importer.ClassFileProcessor.process(ClassFileProcessor.java:75)
	at com.tngtech.archunit.core.importer.ClassFileImporter.importLocations(ClassFileImporter.java:325)
	at com.tngtech.archunit.junit.internal.ClassCache$CacheClassFileImporter.importClasses(ClassCache.java:126)
	at com.tngtech.archunit.junit.internal.ClassCache$LazyJavaClasses.initialize(ClassCache.java:118)
	at com.tngtech.archunit.junit.internal.ClassCache$LazyJavaClasses.get(ClassCache.java:107)
	at com.tngtech.archunit.junit.internal.ClassCache.getClassesToAnalyzeFor(ClassCache.java:84)
	at com.tngtech.archunit.junit.internal.ArchUnitTestDescriptor.lambda$createChildren$1(ArchUnitTestDescriptor.java:90)
	at com.tngtech.archunit.junit.internal.ArchUnitTestDescriptor$ArchUnitRuleDescriptor.execute(ArchUnitTestDescriptor.java:167)
	at com.tngtech.archunit.junit.internal.ArchUnitTestDescriptor$ArchUnitRuleDescriptor.execute(ArchUnitTestDescriptor.java:150)
	at org.junit.platform.engine.support.hierarchical.NodeTestTask.lambda$executeRecursively$6(NodeTestTask.java:156)
	at org.junit.platform.engine.support.hierarchical.ThrowableCollector.execute(ThrowableCollector.java:73)
	at org.junit.platform.engine.support.hierarchical.NodeTestTask.lambda$executeRecursively$8(NodeTestTask.java:146)
	at org.junit.platform.engine.support.hierarchical.Node.around(Node.java:137)
	at org.junit.platform.engine.support.hierarchical.NodeTestTask.lambda$executeRecursively$9(NodeTestTask.java:144)
	at org.junit.platform.engine.support.hierarchical.ThrowableCollector.execute(ThrowableCollector.java:73)
	at org.junit.platform.engine.support.hierarchical.NodeTestTask.executeRecursively(NodeTestTask.java:143)
	at org.junit.platform.engine.support.hierarchical.NodeTestTask.execute(NodeTestTask.java:100)
	at java.base/java.util.ArrayList.forEach(ArrayList.java:1604)
	at org.junit.platform.engine.support.hierarchical.SameThreadHierarchicalTestExecutorService.invokeAll(SameThreadHierarchicalTestExecutorService.java:41)
	at org.junit.platform.engine.support.hierarchical.NodeTestTask.lambda$executeRecursively$6(NodeTestTask.java:160)
	at org.junit.platform.engine.support.hierarchical.ThrowableCollector.execute(ThrowableCollector.java:73)
	at org.junit.platform.engine.support.hierarchical.NodeTestTask.lambda$executeRecursively$8(NodeTestTask.java:146)
	at org.junit.platform.engine.support.hierarchical.Node.around(Node.java:137)
	at org.junit.platform.engine.support.hierarchical.NodeTestTask.lambda$executeRecursively$9(NodeTestTask.java:144)
	at org.junit.platform.engine.support.hierarchical.ThrowableCollector.execute(ThrowableCollector.java:73)
	at org.junit.platform.engine.support.hierarchical.NodeTestTask.executeRecursively(NodeTestTask.java:143)
	at org.junit.platform.engine.support.hierarchical.NodeTestTask.execute(NodeTestTask.java:100)
	at java.base/java.util.ArrayList.forEach(ArrayList.java:1604)
	at org.junit.platform.engine.support.hierarchical.SameThreadHierarchicalTestExecutorService.invokeAll(SameThreadHierarchicalTestExecutorService.java:41)
	at org.junit.platform.engine.support.hierarchical.NodeTestTask.lambda$executeRecursively$6(NodeTestTask.java:160)
	at org.junit.platform.engine.support.hierarchical.ThrowableCollector.execute(ThrowableCollector.java:73)
	at org.junit.platform.engine.support.hierarchical.NodeTestTask.lambda$executeRecursively$8(NodeTestTask.java:146)
	at org.junit.platform.engine.support.hierarchical.Node.around(Node.java:137)
	at org.junit.platform.engine.support.hierarchical.NodeTestTask.lambda$executeRecursively$9(NodeTestTask.java:144)
	at org.junit.platform.engine.support.hierarchical.ThrowableCollector.execute(ThrowableCollector.java:73)
	at org.junit.platform.engine.support.hierarchical.NodeTestTask.executeRecursively(NodeTestTask.java:143)
	at org.junit.platform.engine.support.hierarchical.NodeTestTask.execute(NodeTestTask.java:100)
	at org.junit.platform.engine.support.hierarchical.SameThreadHierarchicalTestExecutorService.submit(SameThreadHierarchicalTestExecutorService.java:35)
	at org.junit.platform.engine.support.hierarchical.HierarchicalTestExecutor.execute(HierarchicalTestExecutor.java:57)
	at org.junit.platform.engine.support.hierarchical.HierarchicalTestEngine.execute(HierarchicalTestEngine.java:54)
	at org.junit.platform.launcher.core.EngineExecutionOrchestrator.execute(EngineExecutionOrchestrator.java:198)
	at org.junit.platform.launcher.core.EngineExecutionOrchestrator.execute(EngineExecutionOrchestrator.java:169)
	at org.junit.platform.launcher.core.EngineExecutionOrchestrator.execute(EngineExecutionOrchestrator.java:93)
	at org.junit.platform.launcher.core.EngineExecutionOrchestrator.lambda$execute$0(EngineExecutionOrchestrator.java:58)
	at org.junit.platform.launcher.core.EngineExecutionOrchestrator.withInterceptedStreams(EngineExecutionOrchestrator.java:141)
	at org.junit.platform.launcher.core.EngineExecutionOrchestrator.execute(EngineExecutionOrchestrator.java:57)
	at org.junit.platform.launcher.core.DefaultLauncher.execute(DefaultLauncher.java:103)
	at org.junit.platform.launcher.core.DefaultLauncher.execute(DefaultLauncher.java:85)
	at org.junit.platform.launcher.core.DelegatingLauncher.execute(DelegatingLauncher.java:47)
	at org.apache.maven.surefire.junitplatform.LazyLauncher.execute(LazyLauncher.java:56)
	at org.apache.maven.surefire.junitplatform.JUnitPlatformProvider.execute(JUnitPlatformProvider.java:184)
	at org.apache.maven.surefire.junitplatform.JUnitPlatformProvider.invokeAllTests(JUnitPlatformProvider.java:148)
	at org.apache.maven.surefire.junitplatform.JUnitPlatformProvider.invoke(JUnitPlatformProvider.java:122)
	at org.apache.maven.surefire.booter.ForkedBooter.runSuitesInProcess(ForkedBooter.java:385)
	at org.apache.maven.surefire.booter.ForkedBooter.execute(ForkedBooter.java:162)
	at org.apache.maven.surefire.booter.ForkedBooter.run(ForkedBooter.java:507)
	at org.apache.maven.surefire.booter.ForkedBooter.main(ForkedBooter.java:495)
15:17:19.785 [main] WARN com.tngtech.archunit.core.importer.ClassFileProcessor -- Error during import from jrt:/java.base/java/time/OffsetDateTime.class, falling back to simple import
java.lang.IllegalArgumentException: Unsupported class file major version 68
	at com.tngtech.archunit.thirdparty.org.objectweb.asm.ClassReader.<init>(ClassReader.java:200)
	at com.tngtech.archunit.thirdparty.org.objectweb.asm.ClassReader.<init>(ClassReader.java:180)
	at com.tngtech.archunit.thirdparty.org.objectweb.asm.ClassReader.<init>(ClassReader.java:166)
	at com.tngtech.archunit.thirdparty.org.objectweb.asm.ClassReader.<init>(ClassReader.java:288)
	at com.tngtech.archunit.core.importer.ClassFileProcessor$UriImporterOfProcessor.tryImport(ClassFileProcessor.java:350)
	at com.tngtech.archunit.core.importer.resolvers.ClassResolverFromClasspath.tryResolve(ClassResolverFromClasspath.java:51)
	at com.tngtech.archunit.core.importer.ImportedClasses.resolve(ImportedClasses.java:80)
	at com.tngtech.archunit.core.importer.ImportedClasses.ensurePresent(ImportedClasses.java:75)
	at com.tngtech.archunit.core.importer.DependencyResolutionProcess.executeRun(DependencyResolutionProcess.java:146)
	at com.tngtech.archunit.core.importer.DependencyResolutionProcess.resolve(DependencyResolutionProcess.java:122)
	at com.tngtech.archunit.core.importer.ClassGraphCreator.complete(ClassGraphCreator.java:107)
	at com.tngtech.archunit.core.importer.ClassFileProcessor.process(ClassFileProcessor.java:75)
	at com.tngtech.archunit.core.importer.ClassFileImporter.importLocations(ClassFileImporter.java:325)
	at com.tngtech.archunit.junit.internal.ClassCache$CacheClassFileImporter.importClasses(ClassCache.java:126)
	at com.tngtech.archunit.junit.internal.ClassCache$LazyJavaClasses.initialize(ClassCache.java:118)
	at com.tngtech.archunit.junit.internal.ClassCache$LazyJavaClasses.get(ClassCache.java:107)
	at com.tngtech.archunit.junit.internal.ClassCache.getClassesToAnalyzeFor(ClassCache.java:84)
	at com.tngtech.archunit.junit.internal.ArchUnitTestDescriptor.lambda$createChildren$1(ArchUnitTestDescriptor.java:90)
	at com.tngtech.archunit.junit.internal.ArchUnitTestDescriptor$ArchUnitRuleDescriptor.execute(ArchUnitTestDescriptor.java:167)
	at com.tngtech.archunit.junit.internal.ArchUnitTestDescriptor$ArchUnitRuleDescriptor.execute(ArchUnitTestDescriptor.java:150)
	at org.junit.platform.engine.support.hierarchical.NodeTestTask.lambda$executeRecursively$6(NodeTestTask.java:156)
	at org.junit.platform.engine.support.hierarchical.ThrowableCollector.execute(ThrowableCollector.java:73)
	at org.junit.platform.engine.support.hierarchical.NodeTestTask.lambda$executeRecursively$8(NodeTestTask.java:146)
	at org.junit.platform.engine.support.hierarchical.Node.around(Node.java:137)
	at org.junit.platform.engine.support.hierarchical.NodeTestTask.lambda$executeRecursively$9(NodeTestTask.java:144)
	at org.junit.platform.engine.support.hierarchical.ThrowableCollector.execute(ThrowableCollector.java:73)
	at org.junit.platform.engine.support.hierarchical.NodeTestTask.executeRecursively(NodeTestTask.java:143)
	at org.junit.platform.engine.support.hierarchical.NodeTestTask.execute(NodeTestTask.java:100)
	at java.base/java.util.ArrayList.forEach(ArrayList.java:1604)
	at org.junit.platform.engine.support.hierarchical.SameThreadHierarchicalTestExecutorService.invokeAll(SameThreadHierarchicalTestExecutorService.java:41)
	at org.junit.platform.engine.support.hierarchical.NodeTestTask.lambda$executeRecursively$6(NodeTestTask.java:160)
	at org.junit.platform.engine.support.hierarchical.ThrowableCollector.execute(ThrowableCollector.java:73)
	at org.junit.platform.engine.support.hierarchical.NodeTestTask.lambda$executeRecursively$8(NodeTestTask.java:146)
	at org.junit.platform.engine.support.hierarchical.Node.around(Node.java:137)
	at org.junit.platform.engine.support.hierarchical.NodeTestTask.lambda$executeRecursively$9(NodeTestTask.java:144)
	at org.junit.platform.engine.support.hierarchical.ThrowableCollector.execute(ThrowableCollector.java:73)
	at org.junit.platform.engine.support.hierarchical.NodeTestTask.executeRecursively(NodeTestTask.java:143)
	at org.junit.platform.engine.support.hierarchical.NodeTestTask.execute(NodeTestTask.java:100)
	at java.base/java.util.ArrayList.forEach(ArrayList.java:1604)
	at org.junit.platform.engine.support.hierarchical.SameThreadHierarchicalTestExecutorService.invokeAll(SameThreadHierarchicalTestExecutorService.java:41)
	at org.junit.platform.engine.support.hierarchical.NodeTestTask.lambda$executeRecursively$6(NodeTestTask.java:160)
	at org.junit.platform.engine.support.hierarchical.ThrowableCollector.execute(ThrowableCollector.java:73)
	at org.junit.platform.engine.support.hierarchical.NodeTestTask.lambda$executeRecursively$8(NodeTestTask.java:146)
	at org.junit.platform.engine.support.hierarchical.Node.around(Node.java:137)
	at org.junit.platform.engine.support.hierarchical.NodeTestTask.lambda$executeRecursively$9(NodeTestTask.java:144)
	at org.junit.platform.engine.support.hierarchical.ThrowableCollector.execute(ThrowableCollector.java:73)
	at org.junit.platform.engine.support.hierarchical.NodeTestTask.executeRecursively(NodeTestTask.java:143)
	at org.junit.platform.engine.support.hierarchical.NodeTestTask.execute(NodeTestTask.java:100)
	at org.junit.platform.engine.support.hierarchical.SameThreadHierarchicalTestExecutorService.submit(SameThreadHierarchicalTestExecutorService.java:35)
	at org.junit.platform.engine.support.hierarchical.HierarchicalTestExecutor.execute(HierarchicalTestExecutor.java:57)
	at org.junit.platform.engine.support.hierarchical.HierarchicalTestEngine.execute(HierarchicalTestEngine.java:54)
	at org.junit.platform.launcher.core.EngineExecutionOrchestrator.execute(EngineExecutionOrchestrator.java:198)
	at org.junit.platform.launcher.core.EngineExecutionOrchestrator.execute(EngineExecutionOrchestrator.java:169)
	at org.junit.platform.launcher.core.EngineExecutionOrchestrator.execute(EngineExecutionOrchestrator.java:93)
	at org.junit.platform.launcher.core.EngineExecutionOrchestrator.lambda$execute$0(EngineExecutionOrchestrator.java:58)
	at org.junit.platform.launcher.core.EngineExecutionOrchestrator.withInterceptedStreams(EngineExecutionOrchestrator.java:141)
	at org.junit.platform.launcher.core.EngineExecutionOrchestrator.execute(EngineExecutionOrchestrator.java:57)
	at org.junit.platform.launcher.core.DefaultLauncher.execute(DefaultLauncher.java:103)
	at org.junit.platform.launcher.core.DefaultLauncher.execute(DefaultLauncher.java:85)
	at org.junit.platform.launcher.core.DelegatingLauncher.execute(DelegatingLauncher.java:47)
	at org.apache.maven.surefire.junitplatform.LazyLauncher.execute(LazyLauncher.java:56)
	at org.apache.maven.surefire.junitplatform.JUnitPlatformProvider.execute(JUnitPlatformProvider.java:184)
	at org.apache.maven.surefire.junitplatform.JUnitPlatformProvider.invokeAllTests(JUnitPlatformProvider.java:148)
	at org.apache.maven.surefire.junitplatform.JUnitPlatformProvider.invoke(JUnitPlatformProvider.java:122)
	at org.apache.maven.surefire.booter.ForkedBooter.runSuitesInProcess(ForkedBooter.java:385)
	at org.apache.maven.surefire.booter.ForkedBooter.execute(ForkedBooter.java:162)
	at org.apache.maven.surefire.booter.ForkedBooter.run(ForkedBooter.java:507)
	at org.apache.maven.surefire.booter.ForkedBooter.main(ForkedBooter.java:495)
15:17:19.786 [main] WARN com.tngtech.archunit.core.importer.ClassFileProcessor -- Error during import from jrt:/java.base/java/util/concurrent/atomic/LongAdder.class, falling back to simple import
java.lang.IllegalArgumentException: Unsupported class file major version 68
	at com.tngtech.archunit.thirdparty.org.objectweb.asm.ClassReader.<init>(ClassReader.java:200)
	at com.tngtech.archunit.thirdparty.org.objectweb.asm.ClassReader.<init>(ClassReader.java:180)
	at com.tngtech.archunit.thirdparty.org.objectweb.asm.ClassReader.<init>(ClassReader.java:166)
	at com.tngtech.archunit.thirdparty.org.objectweb.asm.ClassReader.<init>(ClassReader.java:288)
	at com.tngtech.archunit.core.importer.ClassFileProcessor$UriImporterOfProcessor.tryImport(ClassFileProcessor.java:350)
	at com.tngtech.archunit.core.importer.resolvers.ClassResolverFromClasspath.tryResolve(ClassResolverFromClasspath.java:51)
	at com.tngtech.archunit.core.importer.ImportedClasses.resolve(ImportedClasses.java:80)
	at com.tngtech.archunit.core.importer.ImportedClasses.ensurePresent(ImportedClasses.java:75)
	at com.tngtech.archunit.core.importer.DependencyResolutionProcess.executeRun(DependencyResolutionProcess.java:146)
	at com.tngtech.archunit.core.importer.DependencyResolutionProcess.resolve(DependencyResolutionProcess.java:122)
	at com.tngtech.archunit.core.importer.ClassGraphCreator.complete(ClassGraphCreator.java:107)
	at com.tngtech.archunit.core.importer.ClassFileProcessor.process(ClassFileProcessor.java:75)
	at com.tngtech.archunit.core.importer.ClassFileImporter.importLocations(ClassFileImporter.java:325)
	at com.tngtech.archunit.junit.internal.ClassCache$CacheClassFileImporter.importClasses(ClassCache.java:126)
	at com.tngtech.archunit.junit.internal.ClassCache$LazyJavaClasses.initialize(ClassCache.java:118)
	at com.tngtech.archunit.junit.internal.ClassCache$LazyJavaClasses.get(ClassCache.java:107)
	at com.tngtech.archunit.junit.internal.ClassCache.getClassesToAnalyzeFor(ClassCache.java:84)
	at com.tngtech.archunit.junit.internal.ArchUnitTestDescriptor.lambda$createChildren$1(ArchUnitTestDescriptor.java:90)
	at com.tngtech.archunit.junit.internal.ArchUnitTestDescriptor$ArchUnitRuleDescriptor.execute(ArchUnitTestDescriptor.java:167)
	at com.tngtech.archunit.junit.internal.ArchUnitTestDescriptor$ArchUnitRuleDescriptor.execute(ArchUnitTestDescriptor.java:150)
	at org.junit.platform.engine.support.hierarchical.NodeTestTask.lambda$executeRecursively$6(NodeTestTask.java:156)
	at org.junit.platform.engine.support.hierarchical.ThrowableCollector.execute(ThrowableCollector.java:73)
	at org.junit.platform.engine.support.hierarchical.NodeTestTask.lambda$executeRecursively$8(NodeTestTask.java:146)
	at org.junit.platform.engine.support.hierarchical.Node.around(Node.java:137)
	at org.junit.platform.engine.support.hierarchical.NodeTestTask.lambda$executeRecursively$9(NodeTestTask.java:144)
	at org.junit.platform.engine.support.hierarchical.ThrowableCollector.execute(ThrowableCollector.java:73)
	at org.junit.platform.engine.support.hierarchical.NodeTestTask.executeRecursively(NodeTestTask.java:143)
	at org.junit.platform.engine.support.hierarchical.NodeTestTask.execute(NodeTestTask.java:100)
	at java.base/java.util.ArrayList.forEach(ArrayList.java:1604)
	at org.junit.platform.engine.support.hierarchical.SameThreadHierarchicalTestExecutorService.invokeAll(SameThreadHierarchicalTestExecutorService.java:41)
	at org.junit.platform.engine.support.hierarchical.NodeTestTask.lambda$executeRecursively$6(NodeTestTask.java:160)
	at org.junit.platform.engine.support.hierarchical.ThrowableCollector.execute(ThrowableCollector.java:73)
	at org.junit.platform.engine.support.hierarchical.NodeTestTask.lambda$executeRecursively$8(NodeTestTask.java:146)
	at org.junit.platform.engine.support.hierarchical.Node.around(Node.java:137)
	at org.junit.platform.engine.support.hierarchical.NodeTestTask.lambda$executeRecursively$9(NodeTestTask.java:144)
	at org.junit.platform.engine.support.hierarchical.ThrowableCollector.execute(ThrowableCollector.java:73)
	at org.junit.platform.engine.support.hierarchical.NodeTestTask.executeRecursively(NodeTestTask.java:143)
	at org.junit.platform.engine.support.hierarchical.NodeTestTask.execute(NodeTestTask.java:100)
	at java.base/java.util.ArrayList.forEach(ArrayList.java:1604)
	at org.junit.platform.engine.support.hierarchical.SameThreadHierarchicalTestExecutorService.invokeAll(SameThreadHierarchicalTestExecutorService.java:41)
	at org.junit.platform.engine.support.hierarchical.NodeTestTask.lambda$executeRecursively$6(NodeTestTask.java:160)
	at org.junit.platform.engine.support.hierarchical.ThrowableCollector.execute(ThrowableCollector.java:73)
	at org.junit.platform.engine.support.hierarchical.NodeTestTask.lambda$executeRecursively$8(NodeTestTask.java:146)
	at org.junit.platform.engine.support.hierarchical.Node.around(Node.java:137)
	at org.junit.platform.engine.support.hierarchical.NodeTestTask.lambda$executeRecursively$9(NodeTestTask.java:144)
	at org.junit.platform.engine.support.hierarchical.ThrowableCollector.execute(ThrowableCollector.java:73)
	at org.junit.platform.engine.support.hierarchical.NodeTestTask.executeRecursively(NodeTestTask.java:143)
	at org.junit.platform.engine.support.hierarchical.NodeTestTask.execute(NodeTestTask.java:100)
	at org.junit.platform.engine.support.hierarchical.SameThreadHierarchicalTestExecutorService.submit(SameThreadHierarchicalTestExecutorService.java:35)
	at org.junit.platform.engine.support.hierarchical.HierarchicalTestExecutor.execute(HierarchicalTestExecutor.java:57)
	at org.junit.platform.engine.support.hierarchical.HierarchicalTestEngine.execute(HierarchicalTestEngine.java:54)
	at org.junit.platform.launcher.core.EngineExecutionOrchestrator.execute(EngineExecutionOrchestrator.java:198)
	at org.junit.platform.launcher.core.EngineExecutionOrchestrator.execute(EngineExecutionOrchestrator.java:169)
	at org.junit.platform.launcher.core.EngineExecutionOrchestrator.execute(EngineExecutionOrchestrator.java:93)
	at org.junit.platform.launcher.core.EngineExecutionOrchestrator.lambda$execute$0(EngineExecutionOrchestrator.java:58)
	at org.junit.platform.launcher.core.EngineExecutionOrchestrator.withInterceptedStreams(EngineExecutionOrchestrator.java:141)
	at org.junit.platform.launcher.core.EngineExecutionOrchestrator.execute(EngineExecutionOrchestrator.java:57)
	at org.junit.platform.launcher.core.DefaultLauncher.execute(DefaultLauncher.java:103)
	at org.junit.platform.launcher.core.DefaultLauncher.execute(DefaultLauncher.java:85)
	at org.junit.platform.launcher.core.DelegatingLauncher.execute(DelegatingLauncher.java:47)
	at org.apache.maven.surefire.junitplatform.LazyLauncher.execute(LazyLauncher.java:56)
	at org.apache.maven.surefire.junitplatform.JUnitPlatformProvider.execute(JUnitPlatformProvider.java:184)
	at org.apache.maven.surefire.junitplatform.JUnitPlatformProvider.invokeAllTests(JUnitPlatformProvider.java:148)
	at org.apache.maven.surefire.junitplatform.JUnitPlatformProvider.invoke(JUnitPlatformProvider.java:122)
	at org.apache.maven.surefire.booter.ForkedBooter.runSuitesInProcess(ForkedBooter.java:385)
	at org.apache.maven.surefire.booter.ForkedBooter.execute(ForkedBooter.java:162)
	at org.apache.maven.surefire.booter.ForkedBooter.run(ForkedBooter.java:507)
	at org.apache.maven.surefire.booter.ForkedBooter.main(ForkedBooter.java:495)
15:17:19.791 [main] WARN com.tngtech.archunit.core.importer.ClassFileProcessor -- Error during import from jrt:/java.base/java/util/Iterator.class, falling back to simple import
java.lang.IllegalArgumentException: Unsupported class file major version 68
	at com.tngtech.archunit.thirdparty.org.objectweb.asm.ClassReader.<init>(ClassReader.java:200)
	at com.tngtech.archunit.thirdparty.org.objectweb.asm.ClassReader.<init>(ClassReader.java:180)
	at com.tngtech.archunit.thirdparty.org.objectweb.asm.ClassReader.<init>(ClassReader.java:166)
	at com.tngtech.archunit.thirdparty.org.objectweb.asm.ClassReader.<init>(ClassReader.java:288)
	at com.tngtech.archunit.core.importer.ClassFileProcessor$UriImporterOfProcessor.tryImport(ClassFileProcessor.java:350)
	at com.tngtech.archunit.core.importer.resolvers.ClassResolverFromClasspath.tryResolve(ClassResolverFromClasspath.java:51)
	at com.tngtech.archunit.core.importer.ImportedClasses.resolve(ImportedClasses.java:80)
	at com.tngtech.archunit.core.importer.ImportedClasses.ensurePresent(ImportedClasses.java:75)
	at com.tngtech.archunit.core.importer.DependencyResolutionProcess.executeRun(DependencyResolutionProcess.java:146)
	at com.tngtech.archunit.core.importer.DependencyResolutionProcess.resolve(DependencyResolutionProcess.java:122)
	at com.tngtech.archunit.core.importer.ClassGraphCreator.complete(ClassGraphCreator.java:107)
	at com.tngtech.archunit.core.importer.ClassFileProcessor.process(ClassFileProcessor.java:75)
	at com.tngtech.archunit.core.importer.ClassFileImporter.importLocations(ClassFileImporter.java:325)
	at com.tngtech.archunit.junit.internal.ClassCache$CacheClassFileImporter.importClasses(ClassCache.java:126)
	at com.tngtech.archunit.junit.internal.ClassCache$LazyJavaClasses.initialize(ClassCache.java:118)
	at com.tngtech.archunit.junit.internal.ClassCache$LazyJavaClasses.get(ClassCache.java:107)
	at com.tngtech.archunit.junit.internal.ClassCache.getClassesToAnalyzeFor(ClassCache.java:84)
	at com.tngtech.archunit.junit.internal.ArchUnitTestDescriptor.lambda$createChildren$1(ArchUnitTestDescriptor.java:90)
	at com.tngtech.archunit.junit.internal.ArchUnitTestDescriptor$ArchUnitRuleDescriptor.execute(ArchUnitTestDescriptor.java:167)
	at com.tngtech.archunit.junit.internal.ArchUnitTestDescriptor$ArchUnitRuleDescriptor.execute(ArchUnitTestDescriptor.java:150)
	at org.junit.platform.engine.support.hierarchical.NodeTestTask.lambda$executeRecursively$6(NodeTestTask.java:156)
	at org.junit.platform.engine.support.hierarchical.ThrowableCollector.execute(ThrowableCollector.java:73)
	at org.junit.platform.engine.support.hierarchical.NodeTestTask.lambda$executeRecursively$8(NodeTestTask.java:146)
	at org.junit.platform.engine.support.hierarchical.Node.around(Node.java:137)
	at org.junit.platform.engine.support.hierarchical.NodeTestTask.lambda$executeRecursively$9(NodeTestTask.java:144)
	at org.junit.platform.engine.support.hierarchical.ThrowableCollector.execute(ThrowableCollector.java:73)
	at org.junit.platform.engine.support.hierarchical.NodeTestTask.executeRecursively(NodeTestTask.java:143)
	at org.junit.platform.engine.support.hierarchical.NodeTestTask.execute(NodeTestTask.java:100)
	at java.base/java.util.ArrayList.forEach(ArrayList.java:1604)
	at org.junit.platform.engine.support.hierarchical.SameThreadHierarchicalTestExecutorService.invokeAll(SameThreadHierarchicalTestExecutorService.java:41)
	at org.junit.platform.engine.support.hierarchical.NodeTestTask.lambda$executeRecursively$6(NodeTestTask.java:160)
	at org.junit.platform.engine.support.hierarchical.ThrowableCollector.execute(ThrowableCollector.java:73)
	at org.junit.platform.engine.support.hierarchical.NodeTestTask.lambda$executeRecursively$8(NodeTestTask.java:146)
	at org.junit.platform.engine.support.hierarchical.Node.around(Node.java:137)
	at org.junit.platform.engine.support.hierarchical.NodeTestTask.lambda$executeRecursively$9(NodeTestTask.java:144)
	at org.junit.platform.engine.support.hierarchical.ThrowableCollector.execute(ThrowableCollector.java:73)
	at org.junit.platform.engine.support.hierarchical.NodeTestTask.executeRecursively(NodeTestTask.java:143)
	at org.junit.platform.engine.support.hierarchical.NodeTestTask.execute(NodeTestTask.java:100)
	at java.base/java.util.ArrayList.forEach(ArrayList.java:1604)
	at org.junit.platform.engine.support.hierarchical.SameThreadHierarchicalTestExecutorService.invokeAll(SameThreadHierarchicalTestExecutorService.java:41)
	at org.junit.platform.engine.support.hierarchical.NodeTestTask.lambda$executeRecursively$6(NodeTestTask.java:160)
	at org.junit.platform.engine.support.hierarchical.ThrowableCollector.execute(ThrowableCollector.java:73)
	at org.junit.platform.engine.support.hierarchical.NodeTestTask.lambda$executeRecursively$8(NodeTestTask.java:146)
	at org.junit.platform.engine.support.hierarchical.Node.around(Node.java:137)
	at org.junit.platform.engine.support.hierarchical.NodeTestTask.lambda$executeRecursively$9(NodeTestTask.java:144)
	at org.junit.platform.engine.support.hierarchical.ThrowableCollector.execute(ThrowableCollector.java:73)
	at org.junit.platform.engine.support.hierarchical.NodeTestTask.executeRecursively(NodeTestTask.java:143)
	at org.junit.platform.engine.support.hierarchical.NodeTestTask.execute(NodeTestTask.java:100)
	at org.junit.platform.engine.support.hierarchical.SameThreadHierarchicalTestExecutorService.submit(SameThreadHierarchicalTestExecutorService.java:35)
	at org.junit.platform.engine.support.hierarchical.HierarchicalTestExecutor.execute(HierarchicalTestExecutor.java:57)
	at org.junit.platform.engine.support.hierarchical.HierarchicalTestEngine.execute(HierarchicalTestEngine.java:54)
	at org.junit.platform.launcher.core.EngineExecutionOrchestrator.execute(EngineExecutionOrchestrator.java:198)
	at org.junit.platform.launcher.core.EngineExecutionOrchestrator.execute(EngineExecutionOrchestrator.java:169)
	at org.junit.platform.launcher.core.EngineExecutionOrchestrator.execute(EngineExecutionOrchestrator.java:93)
	at org.junit.platform.launcher.core.EngineExecutionOrchestrator.lambda$execute$0(EngineExecutionOrchestrator.java:58)
	at org.junit.platform.launcher.core.EngineExecutionOrchestrator.withInterceptedStreams(EngineExecutionOrchestrator.java:141)
	at org.junit.platform.launcher.core.EngineExecutionOrchestrator.execute(EngineExecutionOrchestrator.java:57)
	at org.junit.platform.launcher.core.DefaultLauncher.execute(DefaultLauncher.java:103)
	at org.junit.platform.launcher.core.DefaultLauncher.execute(DefaultLauncher.java:85)
	at org.junit.platform.launcher.core.DelegatingLauncher.execute(DelegatingLauncher.java:47)
	at org.apache.maven.surefire.junitplatform.LazyLauncher.execute(LazyLauncher.java:56)
	at org.apache.maven.surefire.junitplatform.JUnitPlatformProvider.execute(JUnitPlatformProvider.java:184)
	at org.apache.maven.surefire.junitplatform.JUnitPlatformProvider.invokeAllTests(JUnitPlatformProvider.java:148)
	at org.apache.maven.surefire.junitplatform.JUnitPlatformProvider.invoke(JUnitPlatformProvider.java:122)
	at org.apache.maven.surefire.booter.ForkedBooter.runSuitesInProcess(ForkedBooter.java:385)
	at org.apache.maven.surefire.booter.ForkedBooter.execute(ForkedBooter.java:162)
	at org.apache.maven.surefire.booter.ForkedBooter.run(ForkedBooter.java:507)
	at org.apache.maven.surefire.booter.ForkedBooter.main(ForkedBooter.java:495)
15:17:19.801 [main] WARN com.tngtech.archunit.core.importer.ClassFileProcessor -- Error during import from jrt:/java.base/java/lang/Runnable.class, falling back to simple import
java.lang.IllegalArgumentException: Unsupported class file major version 68
	at com.tngtech.archunit.thirdparty.org.objectweb.asm.ClassReader.<init>(ClassReader.java:200)
	at com.tngtech.archunit.thirdparty.org.objectweb.asm.ClassReader.<init>(ClassReader.java:180)
	at com.tngtech.archunit.thirdparty.org.objectweb.asm.ClassReader.<init>(ClassReader.java:166)
	at com.tngtech.archunit.thirdparty.org.objectweb.asm.ClassReader.<init>(ClassReader.java:288)
	at com.tngtech.archunit.core.importer.ClassFileProcessor$UriImporterOfProcessor.tryImport(ClassFileProcessor.java:350)
	at com.tngtech.archunit.core.importer.resolvers.ClassResolverFromClasspath.tryResolve(ClassResolverFromClasspath.java:51)
	at com.tngtech.archunit.core.importer.ImportedClasses.resolve(ImportedClasses.java:80)
	at com.tngtech.archunit.core.importer.ImportedClasses.ensurePresent(ImportedClasses.java:75)
	at com.tngtech.archunit.core.importer.DependencyResolutionProcess.executeRun(DependencyResolutionProcess.java:146)
	at com.tngtech.archunit.core.importer.DependencyResolutionProcess.resolve(DependencyResolutionProcess.java:122)
	at com.tngtech.archunit.core.importer.ClassGraphCreator.complete(ClassGraphCreator.java:107)
	at com.tngtech.archunit.core.importer.ClassFileProcessor.process(ClassFileProcessor.java:75)
	at com.tngtech.archunit.core.importer.ClassFileImporter.importLocations(ClassFileImporter.java:325)
	at com.tngtech.archunit.junit.internal.ClassCache$CacheClassFileImporter.importClasses(ClassCache.java:126)
	at com.tngtech.archunit.junit.internal.ClassCache$LazyJavaClasses.initialize(ClassCache.java:118)
	at com.tngtech.archunit.junit.internal.ClassCache$LazyJavaClasses.get(ClassCache.java:107)
	at com.tngtech.archunit.junit.internal.ClassCache.getClassesToAnalyzeFor(ClassCache.java:84)
	at com.tngtech.archunit.junit.internal.ArchUnitTestDescriptor.lambda$createChildren$1(ArchUnitTestDescriptor.java:90)
	at com.tngtech.archunit.junit.internal.ArchUnitTestDescriptor$ArchUnitRuleDescriptor.execute(ArchUnitTestDescriptor.java:167)
	at com.tngtech.archunit.junit.internal.ArchUnitTestDescriptor$ArchUnitRuleDescriptor.execute(ArchUnitTestDescriptor.java:150)
	at org.junit.platform.engine.support.hierarchical.NodeTestTask.lambda$executeRecursively$6(NodeTestTask.java:156)
	at org.junit.platform.engine.support.hierarchical.ThrowableCollector.execute(ThrowableCollector.java:73)
	at org.junit.platform.engine.support.hierarchical.NodeTestTask.lambda$executeRecursively$8(NodeTestTask.java:146)
	at org.junit.platform.engine.support.hierarchical.Node.around(Node.java:137)
	at org.junit.platform.engine.support.hierarchical.NodeTestTask.lambda$executeRecursively$9(NodeTestTask.java:144)
	at org.junit.platform.engine.support.hierarchical.ThrowableCollector.execute(ThrowableCollector.java:73)
	at org.junit.platform.engine.support.hierarchical.NodeTestTask.executeRecursively(NodeTestTask.java:143)
	at org.junit.platform.engine.support.hierarchical.NodeTestTask.execute(NodeTestTask.java:100)
	at java.base/java.util.ArrayList.forEach(ArrayList.java:1604)
	at org.junit.platform.engine.support.hierarchical.SameThreadHierarchicalTestExecutorService.invokeAll(SameThreadHierarchicalTestExecutorService.java:41)
	at org.junit.platform.engine.support.hierarchical.NodeTestTask.lambda$executeRecursively$6(NodeTestTask.java:160)
	at org.junit.platform.engine.support.hierarchical.ThrowableCollector.execute(ThrowableCollector.java:73)
	at org.junit.platform.engine.support.hierarchical.NodeTestTask.lambda$executeRecursively$8(NodeTestTask.java:146)
	at org.junit.platform.engine.support.hierarchical.Node.around(Node.java:137)
	at org.junit.platform.engine.support.hierarchical.NodeTestTask.lambda$executeRecursively$9(NodeTestTask.java:144)
	at org.junit.platform.engine.support.hierarchical.ThrowableCollector.execute(ThrowableCollector.java:73)
	at org.junit.platform.engine.support.hierarchical.NodeTestTask.executeRecursively(NodeTestTask.java:143)
	at org.junit.platform.engine.support.hierarchical.NodeTestTask.execute(NodeTestTask.java:100)
	at java.base/java.util.ArrayList.forEach(ArrayList.java:1604)
	at org.junit.platform.engine.support.hierarchical.SameThreadHierarchicalTestExecutorService.invokeAll(SameThreadHierarchicalTestExecutorService.java:41)
	at org.junit.platform.engine.support.hierarchical.NodeTestTask.lambda$executeRecursively$6(NodeTestTask.java:160)
	at org.junit.platform.engine.support.hierarchical.ThrowableCollector.execute(ThrowableCollector.java:73)
	at org.junit.platform.engine.support.hierarchical.NodeTestTask.lambda$executeRecursively$8(NodeTestTask.java:146)
	at org.junit.platform.engine.support.hierarchical.Node.around(Node.java:137)
	at org.junit.platform.engine.support.hierarchical.NodeTestTask.lambda$executeRecursively$9(NodeTestTask.java:144)
	at org.junit.platform.engine.support.hierarchical.ThrowableCollector.execute(ThrowableCollector.java:73)
	at org.junit.platform.engine.support.hierarchical.NodeTestTask.executeRecursively(NodeTestTask.java:143)
	at org.junit.platform.engine.support.hierarchical.NodeTestTask.execute(NodeTestTask.java:100)
	at org.junit.platform.engine.support.hierarchical.SameThreadHierarchicalTestExecutorService.submit(SameThreadHierarchicalTestExecutorService.java:35)
	at org.junit.platform.engine.support.hierarchical.HierarchicalTestExecutor.execute(HierarchicalTestExecutor.java:57)
	at org.junit.platform.engine.support.hierarchical.HierarchicalTestEngine.execute(HierarchicalTestEngine.java:54)
	at org.junit.platform.launcher.core.EngineExecutionOrchestrator.execute(EngineExecutionOrchestrator.java:198)
	at org.junit.platform.launcher.core.EngineExecutionOrchestrator.execute(EngineExecutionOrchestrator.java:169)
	at org.junit.platform.launcher.core.EngineExecutionOrchestrator.execute(EngineExecutionOrchestrator.java:93)
	at org.junit.platform.launcher.core.EngineExecutionOrchestrator.lambda$execute$0(EngineExecutionOrchestrator.java:58)
	at org.junit.platform.launcher.core.EngineExecutionOrchestrator.withInterceptedStreams(EngineExecutionOrchestrator.java:141)
	at org.junit.platform.launcher.core.EngineExecutionOrchestrator.execute(EngineExecutionOrchestrator.java:57)
	at org.junit.platform.launcher.core.DefaultLauncher.execute(DefaultLauncher.java:103)
	at org.junit.platform.launcher.core.DefaultLauncher.execute(DefaultLauncher.java:85)
	at org.junit.platform.launcher.core.DelegatingLauncher.execute(DelegatingLauncher.java:47)
	at org.apache.maven.surefire.junitplatform.LazyLauncher.execute(LazyLauncher.java:56)
	at org.apache.maven.surefire.junitplatform.JUnitPlatformProvider.execute(JUnitPlatformProvider.java:184)
	at org.apache.maven.surefire.junitplatform.JUnitPlatformProvider.invokeAllTests(JUnitPlatformProvider.java:148)
	at org.apache.maven.surefire.junitplatform.JUnitPlatformProvider.invoke(JUnitPlatformProvider.java:122)
	at org.apache.maven.surefire.booter.ForkedBooter.runSuitesInProcess(ForkedBooter.java:385)
	at org.apache.maven.surefire.booter.ForkedBooter.execute(ForkedBooter.java:162)
	at org.apache.maven.surefire.booter.ForkedBooter.run(ForkedBooter.java:507)
	at org.apache.maven.surefire.booter.ForkedBooter.main(ForkedBooter.java:495)
15:17:19.816 [main] WARN com.tngtech.archunit.core.importer.ClassFileProcessor -- Error during import from jrt:/java.base/java/util/LinkedHashSet.class, falling back to simple import
java.lang.IllegalArgumentException: Unsupported class file major version 68
	at com.tngtech.archunit.thirdparty.org.objectweb.asm.ClassReader.<init>(ClassReader.java:200)
	at com.tngtech.archunit.thirdparty.org.objectweb.asm.ClassReader.<init>(ClassReader.java:180)
	at com.tngtech.archunit.thirdparty.org.objectweb.asm.ClassReader.<init>(ClassReader.java:166)
	at com.tngtech.archunit.thirdparty.org.objectweb.asm.ClassReader.<init>(ClassReader.java:288)
	at com.tngtech.archunit.core.importer.ClassFileProcessor$UriImporterOfProcessor.tryImport(ClassFileProcessor.java:350)
	at com.tngtech.archunit.core.importer.resolvers.ClassResolverFromClasspath.tryResolve(ClassResolverFromClasspath.java:51)
	at com.tngtech.archunit.core.importer.ImportedClasses.resolve(ImportedClasses.java:80)
	at com.tngtech.archunit.core.importer.ImportedClasses.ensurePresent(ImportedClasses.java:75)
	at com.tngtech.archunit.core.importer.DependencyResolutionProcess.executeRun(DependencyResolutionProcess.java:146)
	at com.tngtech.archunit.core.importer.DependencyResolutionProcess.resolve(DependencyResolutionProcess.java:122)
	at com.tngtech.archunit.core.importer.ClassGraphCreator.complete(ClassGraphCreator.java:107)
	at com.tngtech.archunit.core.importer.ClassFileProcessor.process(ClassFileProcessor.java:75)
	at com.tngtech.archunit.core.importer.ClassFileImporter.importLocations(ClassFileImporter.java:325)
	at com.tngtech.archunit.junit.internal.ClassCache$CacheClassFileImporter.importClasses(ClassCache.java:126)
	at com.tngtech.archunit.junit.internal.ClassCache$LazyJavaClasses.initialize(ClassCache.java:118)
	at com.tngtech.archunit.junit.internal.ClassCache$LazyJavaClasses.get(ClassCache.java:107)
	at com.tngtech.archunit.junit.internal.ClassCache.getClassesToAnalyzeFor(ClassCache.java:84)
	at com.tngtech.archunit.junit.internal.ArchUnitTestDescriptor.lambda$createChildren$1(ArchUnitTestDescriptor.java:90)
	at com.tngtech.archunit.junit.internal.ArchUnitTestDescriptor$ArchUnitRuleDescriptor.execute(ArchUnitTestDescriptor.java:167)
	at com.tngtech.archunit.junit.internal.ArchUnitTestDescriptor$ArchUnitRuleDescriptor.execute(ArchUnitTestDescriptor.java:150)
	at org.junit.platform.engine.support.hierarchical.NodeTestTask.lambda$executeRecursively$6(NodeTestTask.java:156)
	at org.junit.platform.engine.support.hierarchical.ThrowableCollector.execute(ThrowableCollector.java:73)
	at org.junit.platform.engine.support.hierarchical.NodeTestTask.lambda$executeRecursively$8(NodeTestTask.java:146)
	at org.junit.platform.engine.support.hierarchical.Node.around(Node.java:137)
	at org.junit.platform.engine.support.hierarchical.NodeTestTask.lambda$executeRecursively$9(NodeTestTask.java:144)
	at org.junit.platform.engine.support.hierarchical.ThrowableCollector.execute(ThrowableCollector.java:73)
	at org.junit.platform.engine.support.hierarchical.NodeTestTask.executeRecursively(NodeTestTask.java:143)
	at org.junit.platform.engine.support.hierarchical.NodeTestTask.execute(NodeTestTask.java:100)
	at java.base/java.util.ArrayList.forEach(ArrayList.java:1604)
	at org.junit.platform.engine.support.hierarchical.SameThreadHierarchicalTestExecutorService.invokeAll(SameThreadHierarchicalTestExecutorService.java:41)
	at org.junit.platform.engine.support.hierarchical.NodeTestTask.lambda$executeRecursively$6(NodeTestTask.java:160)
	at org.junit.platform.engine.support.hierarchical.ThrowableCollector.execute(ThrowableCollector.java:73)
	at org.junit.platform.engine.support.hierarchical.NodeTestTask.lambda$executeRecursively$8(NodeTestTask.java:146)
	at org.junit.platform.engine.support.hierarchical.Node.around(Node.java:137)
	at org.junit.platform.engine.support.hierarchical.NodeTestTask.lambda$executeRecursively$9(NodeTestTask.java:144)
	at org.junit.platform.engine.support.hierarchical.ThrowableCollector.execute(ThrowableCollector.java:73)
	at org.junit.platform.engine.support.hierarchical.NodeTestTask.executeRecursively(NodeTestTask.java:143)
	at org.junit.platform.engine.support.hierarchical.NodeTestTask.execute(NodeTestTask.java:100)
	at java.base/java.util.ArrayList.forEach(ArrayList.java:1604)
	at org.junit.platform.engine.support.hierarchical.SameThreadHierarchicalTestExecutorService.invokeAll(SameThreadHierarchicalTestExecutorService.java:41)
	at org.junit.platform.engine.support.hierarchical.NodeTestTask.lambda$executeRecursively$6(NodeTestTask.java:160)
	at org.junit.platform.engine.support.hierarchical.ThrowableCollector.execute(ThrowableCollector.java:73)
	at org.junit.platform.engine.support.hierarchical.NodeTestTask.lambda$executeRecursively$8(NodeTestTask.java:146)
	at org.junit.platform.engine.support.hierarchical.Node.around(Node.java:137)
	at org.junit.platform.engine.support.hierarchical.NodeTestTask.lambda$executeRecursively$9(NodeTestTask.java:144)
	at org.junit.platform.engine.support.hierarchical.ThrowableCollector.execute(ThrowableCollector.java:73)
	at org.junit.platform.engine.support.hierarchical.NodeTestTask.executeRecursively(NodeTestTask.java:143)
	at org.junit.platform.engine.support.hierarchical.NodeTestTask.execute(NodeTestTask.java:100)
	at org.junit.platform.engine.support.hierarchical.SameThreadHierarchicalTestExecutorService.submit(SameThreadHierarchicalTestExecutorService.java:35)
	at org.junit.platform.engine.support.hierarchical.HierarchicalTestExecutor.execute(HierarchicalTestExecutor.java:57)
	at org.junit.platform.engine.support.hierarchical.HierarchicalTestEngine.execute(HierarchicalTestEngine.java:54)
	at org.junit.platform.launcher.core.EngineExecutionOrchestrator.execute(EngineExecutionOrchestrator.java:198)
	at org.junit.platform.launcher.core.EngineExecutionOrchestrator.execute(EngineExecutionOrchestrator.java:169)
	at org.junit.platform.launcher.core.EngineExecutionOrchestrator.execute(EngineExecutionOrchestrator.java:93)
	at org.junit.platform.launcher.core.EngineExecutionOrchestrator.lambda$execute$0(EngineExecutionOrchestrator.java:58)
	at org.junit.platform.launcher.core.EngineExecutionOrchestrator.withInterceptedStreams(EngineExecutionOrchestrator.java:141)
	at org.junit.platform.launcher.core.EngineExecutionOrchestrator.execute(EngineExecutionOrchestrator.java:57)
	at org.junit.platform.launcher.core.DefaultLauncher.execute(DefaultLauncher.java:103)
	at org.junit.platform.launcher.core.DefaultLauncher.execute(DefaultLauncher.java:85)
	at org.junit.platform.launcher.core.DelegatingLauncher.execute(DelegatingLauncher.java:47)
	at org.apache.maven.surefire.junitplatform.LazyLauncher.execute(LazyLauncher.java:56)
	at org.apache.maven.surefire.junitplatform.JUnitPlatformProvider.execute(JUnitPlatformProvider.java:184)
	at org.apache.maven.surefire.junitplatform.JUnitPlatformProvider.invokeAllTests(JUnitPlatformProvider.java:148)
	at org.apache.maven.surefire.junitplatform.JUnitPlatformProvider.invoke(JUnitPlatformProvider.java:122)
	at org.apache.maven.surefire.booter.ForkedBooter.runSuitesInProcess(ForkedBooter.java:385)
	at org.apache.maven.surefire.booter.ForkedBooter.execute(ForkedBooter.java:162)
	at org.apache.maven.surefire.booter.ForkedBooter.run(ForkedBooter.java:507)
	at org.apache.maven.surefire.booter.ForkedBooter.main(ForkedBooter.java:495)
15:17:19.818 [main] WARN com.tngtech.archunit.core.importer.ClassFileProcessor -- Error during import from jrt:/java.base/java/text/DateFormat.class, falling back to simple import
java.lang.IllegalArgumentException: Unsupported class file major version 68
	at com.tngtech.archunit.thirdparty.org.objectweb.asm.ClassReader.<init>(ClassReader.java:200)
	at com.tngtech.archunit.thirdparty.org.objectweb.asm.ClassReader.<init>(ClassReader.java:180)
	at com.tngtech.archunit.thirdparty.org.objectweb.asm.ClassReader.<init>(ClassReader.java:166)
	at com.tngtech.archunit.thirdparty.org.objectweb.asm.ClassReader.<init>(ClassReader.java:288)
	at com.tngtech.archunit.core.importer.ClassFileProcessor$UriImporterOfProcessor.tryImport(ClassFileProcessor.java:350)
	at com.tngtech.archunit.core.importer.resolvers.ClassResolverFromClasspath.tryResolve(ClassResolverFromClasspath.java:51)
	at com.tngtech.archunit.core.importer.ImportedClasses.resolve(ImportedClasses.java:80)
	at com.tngtech.archunit.core.importer.ImportedClasses.ensurePresent(ImportedClasses.java:75)
	at com.tngtech.archunit.core.importer.DependencyResolutionProcess.executeRun(DependencyResolutionProcess.java:146)
	at com.tngtech.archunit.core.importer.DependencyResolutionProcess.resolve(DependencyResolutionProcess.java:122)
	at com.tngtech.archunit.core.importer.ClassGraphCreator.complete(ClassGraphCreator.java:107)
	at com.tngtech.archunit.core.importer.ClassFileProcessor.process(ClassFileProcessor.java:75)
	at com.tngtech.archunit.core.importer.ClassFileImporter.importLocations(ClassFileImporter.java:325)
	at com.tngtech.archunit.junit.internal.ClassCache$CacheClassFileImporter.importClasses(ClassCache.java:126)
	at com.tngtech.archunit.junit.internal.ClassCache$LazyJavaClasses.initialize(ClassCache.java:118)
	at com.tngtech.archunit.junit.internal.ClassCache$LazyJavaClasses.get(ClassCache.java:107)
	at com.tngtech.archunit.junit.internal.ClassCache.getClassesToAnalyzeFor(ClassCache.java:84)
	at com.tngtech.archunit.junit.internal.ArchUnitTestDescriptor.lambda$createChildren$1(ArchUnitTestDescriptor.java:90)
	at com.tngtech.archunit.junit.internal.ArchUnitTestDescriptor$ArchUnitRuleDescriptor.execute(ArchUnitTestDescriptor.java:167)
	at com.tngtech.archunit.junit.internal.ArchUnitTestDescriptor$ArchUnitRuleDescriptor.execute(ArchUnitTestDescriptor.java:150)
	at org.junit.platform.engine.support.hierarchical.NodeTestTask.lambda$executeRecursively$6(NodeTestTask.java:156)
	at org.junit.platform.engine.support.hierarchical.ThrowableCollector.execute(ThrowableCollector.java:73)
	at org.junit.platform.engine.support.hierarchical.NodeTestTask.lambda$executeRecursively$8(NodeTestTask.java:146)
	at org.junit.platform.engine.support.hierarchical.Node.around(Node.java:137)
	at org.junit.platform.engine.support.hierarchical.NodeTestTask.lambda$executeRecursively$9(NodeTestTask.java:144)
	at org.junit.platform.engine.support.hierarchical.ThrowableCollector.execute(ThrowableCollector.java:73)
	at org.junit.platform.engine.support.hierarchical.NodeTestTask.executeRecursively(NodeTestTask.java:143)
	at org.junit.platform.engine.support.hierarchical.NodeTestTask.execute(NodeTestTask.java:100)
	at java.base/java.util.ArrayList.forEach(ArrayList.java:1604)
	at org.junit.platform.engine.support.hierarchical.SameThreadHierarchicalTestExecutorService.invokeAll(SameThreadHierarchicalTestExecutorService.java:41)
	at org.junit.platform.engine.support.hierarchical.NodeTestTask.lambda$executeRecursively$6(NodeTestTask.java:160)
	at org.junit.platform.engine.support.hierarchical.ThrowableCollector.execute(ThrowableCollector.java:73)
	at org.junit.platform.engine.support.hierarchical.NodeTestTask.lambda$executeRecursively$8(NodeTestTask.java:146)
	at org.junit.platform.engine.support.hierarchical.Node.around(Node.java:137)
	at org.junit.platform.engine.support.hierarchical.NodeTestTask.lambda$executeRecursively$9(NodeTestTask.java:144)
	at org.junit.platform.engine.support.hierarchical.ThrowableCollector.execute(ThrowableCollector.java:73)
	at org.junit.platform.engine.support.hierarchical.NodeTestTask.executeRecursively(NodeTestTask.java:143)
	at org.junit.platform.engine.support.hierarchical.NodeTestTask.execute(NodeTestTask.java:100)
	at java.base/java.util.ArrayList.forEach(ArrayList.java:1604)
	at org.junit.platform.engine.support.hierarchical.SameThreadHierarchicalTestExecutorService.invokeAll(SameThreadHierarchicalTestExecutorService.java:41)
	at org.junit.platform.engine.support.hierarchical.NodeTestTask.lambda$executeRecursively$6(NodeTestTask.java:160)
	at org.junit.platform.engine.support.hierarchical.ThrowableCollector.execute(ThrowableCollector.java:73)
	at org.junit.platform.engine.support.hierarchical.NodeTestTask.lambda$executeRecursively$8(NodeTestTask.java:146)
	at org.junit.platform.engine.support.hierarchical.Node.around(Node.java:137)
	at org.junit.platform.engine.support.hierarchical.NodeTestTask.lambda$executeRecursively$9(NodeTestTask.java:144)
	at org.junit.platform.engine.support.hierarchical.ThrowableCollector.execute(ThrowableCollector.java:73)
	at org.junit.platform.engine.support.hierarchical.NodeTestTask.executeRecursively(NodeTestTask.java:143)
	at org.junit.platform.engine.support.hierarchical.NodeTestTask.execute(NodeTestTask.java:100)
	at org.junit.platform.engine.support.hierarchical.SameThreadHierarchicalTestExecutorService.submit(SameThreadHierarchicalTestExecutorService.java:35)
	at org.junit.platform.engine.support.hierarchical.HierarchicalTestExecutor.execute(HierarchicalTestExecutor.java:57)
	at org.junit.platform.engine.support.hierarchical.HierarchicalTestEngine.execute(HierarchicalTestEngine.java:54)
	at org.junit.platform.launcher.core.EngineExecutionOrchestrator.execute(EngineExecutionOrchestrator.java:198)
	at org.junit.platform.launcher.core.EngineExecutionOrchestrator.execute(EngineExecutionOrchestrator.java:169)
	at org.junit.platform.launcher.core.EngineExecutionOrchestrator.execute(EngineExecutionOrchestrator.java:93)
	at org.junit.platform.launcher.core.EngineExecutionOrchestrator.lambda$execute$0(EngineExecutionOrchestrator.java:58)
	at org.junit.platform.launcher.core.EngineExecutionOrchestrator.withInterceptedStreams(EngineExecutionOrchestrator.java:141)
	at org.junit.platform.launcher.core.EngineExecutionOrchestrator.execute(EngineExecutionOrchestrator.java:57)
	at org.junit.platform.launcher.core.DefaultLauncher.execute(DefaultLauncher.java:103)
	at org.junit.platform.launcher.core.DefaultLauncher.execute(DefaultLauncher.java:85)
	at org.junit.platform.launcher.core.DelegatingLauncher.execute(DelegatingLauncher.java:47)
	at org.apache.maven.surefire.junitplatform.LazyLauncher.execute(LazyLauncher.java:56)
	at org.apache.maven.surefire.junitplatform.JUnitPlatformProvider.execute(JUnitPlatformProvider.java:184)
	at org.apache.maven.surefire.junitplatform.JUnitPlatformProvider.invokeAllTests(JUnitPlatformProvider.java:148)
	at org.apache.maven.surefire.junitplatform.JUnitPlatformProvider.invoke(JUnitPlatformProvider.java:122)
	at org.apache.maven.surefire.booter.ForkedBooter.runSuitesInProcess(ForkedBooter.java:385)
	at org.apache.maven.surefire.booter.ForkedBooter.execute(ForkedBooter.java:162)
	at org.apache.maven.surefire.booter.ForkedBooter.run(ForkedBooter.java:507)
	at org.apache.maven.surefire.booter.ForkedBooter.main(ForkedBooter.java:495)
15:17:19.821 [main] WARN com.tngtech.archunit.core.importer.ClassFileProcessor -- Error during import from jrt:/java.base/java/io/Closeable.class, falling back to simple import
java.lang.IllegalArgumentException: Unsupported class file major version 68
	at com.tngtech.archunit.thirdparty.org.objectweb.asm.ClassReader.<init>(ClassReader.java:200)
	at com.tngtech.archunit.thirdparty.org.objectweb.asm.ClassReader.<init>(ClassReader.java:180)
	at com.tngtech.archunit.thirdparty.org.objectweb.asm.ClassReader.<init>(ClassReader.java:166)
	at com.tngtech.archunit.thirdparty.org.objectweb.asm.ClassReader.<init>(ClassReader.java:288)
	at com.tngtech.archunit.core.importer.ClassFileProcessor$UriImporterOfProcessor.tryImport(ClassFileProcessor.java:350)
	at com.tngtech.archunit.core.importer.resolvers.ClassResolverFromClasspath.tryResolve(ClassResolverFromClasspath.java:51)
	at com.tngtech.archunit.core.importer.ImportedClasses.resolve(ImportedClasses.java:80)
	at com.tngtech.archunit.core.importer.ImportedClasses.ensurePresent(ImportedClasses.java:75)
	at com.tngtech.archunit.core.importer.DependencyResolutionProcess.executeRun(DependencyResolutionProcess.java:146)
	at com.tngtech.archunit.core.importer.DependencyResolutionProcess.resolve(DependencyResolutionProcess.java:122)
	at com.tngtech.archunit.core.importer.ClassGraphCreator.complete(ClassGraphCreator.java:107)
	at com.tngtech.archunit.core.importer.ClassFileProcessor.process(ClassFileProcessor.java:75)
	at com.tngtech.archunit.core.importer.ClassFileImporter.importLocations(ClassFileImporter.java:325)
	at com.tngtech.archunit.junit.internal.ClassCache$CacheClassFileImporter.importClasses(ClassCache.java:126)
	at com.tngtech.archunit.junit.internal.ClassCache$LazyJavaClasses.initialize(ClassCache.java:118)
	at com.tngtech.archunit.junit.internal.ClassCache$LazyJavaClasses.get(ClassCache.java:107)
	at com.tngtech.archunit.junit.internal.ClassCache.getClassesToAnalyzeFor(ClassCache.java:84)
	at com.tngtech.archunit.junit.internal.ArchUnitTestDescriptor.lambda$createChildren$1(ArchUnitTestDescriptor.java:90)
	at com.tngtech.archunit.junit.internal.ArchUnitTestDescriptor$ArchUnitRuleDescriptor.execute(ArchUnitTestDescriptor.java:167)
	at com.tngtech.archunit.junit.internal.ArchUnitTestDescriptor$ArchUnitRuleDescriptor.execute(ArchUnitTestDescriptor.java:150)
	at org.junit.platform.engine.support.hierarchical.NodeTestTask.lambda$executeRecursively$6(NodeTestTask.java:156)
	at org.junit.platform.engine.support.hierarchical.ThrowableCollector.execute(ThrowableCollector.java:73)
	at org.junit.platform.engine.support.hierarchical.NodeTestTask.lambda$executeRecursively$8(NodeTestTask.java:146)
	at org.junit.platform.engine.support.hierarchical.Node.around(Node.java:137)
	at org.junit.platform.engine.support.hierarchical.NodeTestTask.lambda$executeRecursively$9(NodeTestTask.java:144)
	at org.junit.platform.engine.support.hierarchical.ThrowableCollector.execute(ThrowableCollector.java:73)
	at org.junit.platform.engine.support.hierarchical.NodeTestTask.executeRecursively(NodeTestTask.java:143)
	at org.junit.platform.engine.support.hierarchical.NodeTestTask.execute(NodeTestTask.java:100)
	at java.base/java.util.ArrayList.forEach(ArrayList.java:1604)
	at org.junit.platform.engine.support.hierarchical.SameThreadHierarchicalTestExecutorService.invokeAll(SameThreadHierarchicalTestExecutorService.java:41)
	at org.junit.platform.engine.support.hierarchical.NodeTestTask.lambda$executeRecursively$6(NodeTestTask.java:160)
	at org.junit.platform.engine.support.hierarchical.ThrowableCollector.execute(ThrowableCollector.java:73)
	at org.junit.platform.engine.support.hierarchical.NodeTestTask.lambda$executeRecursively$8(NodeTestTask.java:146)
	at org.junit.platform.engine.support.hierarchical.Node.around(Node.java:137)
	at org.junit.platform.engine.support.hierarchical.NodeTestTask.lambda$executeRecursively$9(NodeTestTask.java:144)
	at org.junit.platform.engine.support.hierarchical.ThrowableCollector.execute(ThrowableCollector.java:73)
	at org.junit.platform.engine.support.hierarchical.NodeTestTask.executeRecursively(NodeTestTask.java:143)
	at org.junit.platform.engine.support.hierarchical.NodeTestTask.execute(NodeTestTask.java:100)
	at java.base/java.util.ArrayList.forEach(ArrayList.java:1604)
	at org.junit.platform.engine.support.hierarchical.SameThreadHierarchicalTestExecutorService.invokeAll(SameThreadHierarchicalTestExecutorService.java:41)
	at org.junit.platform.engine.support.hierarchical.NodeTestTask.lambda$executeRecursively$6(NodeTestTask.java:160)
	at org.junit.platform.engine.support.hierarchical.ThrowableCollector.execute(ThrowableCollector.java:73)
	at org.junit.platform.engine.support.hierarchical.NodeTestTask.lambda$executeRecursively$8(NodeTestTask.java:146)
	at org.junit.platform.engine.support.hierarchical.Node.around(Node.java:137)
	at org.junit.platform.engine.support.hierarchical.NodeTestTask.lambda$executeRecursively$9(NodeTestTask.java:144)
	at org.junit.platform.engine.support.hierarchical.ThrowableCollector.execute(ThrowableCollector.java:73)
	at org.junit.platform.engine.support.hierarchical.NodeTestTask.executeRecursively(NodeTestTask.java:143)
	at org.junit.platform.engine.support.hierarchical.NodeTestTask.execute(NodeTestTask.java:100)
	at org.junit.platform.engine.support.hierarchical.SameThreadHierarchicalTestExecutorService.submit(SameThreadHierarchicalTestExecutorService.java:35)
	at org.junit.platform.engine.support.hierarchical.HierarchicalTestExecutor.execute(HierarchicalTestExecutor.java:57)
	at org.junit.platform.engine.support.hierarchical.HierarchicalTestEngine.execute(HierarchicalTestEngine.java:54)
	at org.junit.platform.launcher.core.EngineExecutionOrchestrator.execute(EngineExecutionOrchestrator.java:198)
	at org.junit.platform.launcher.core.EngineExecutionOrchestrator.execute(EngineExecutionOrchestrator.java:169)
	at org.junit.platform.launcher.core.EngineExecutionOrchestrator.execute(EngineExecutionOrchestrator.java:93)
	at org.junit.platform.launcher.core.EngineExecutionOrchestrator.lambda$execute$0(EngineExecutionOrchestrator.java:58)
	at org.junit.platform.launcher.core.EngineExecutionOrchestrator.withInterceptedStreams(EngineExecutionOrchestrator.java:141)
	at org.junit.platform.launcher.core.EngineExecutionOrchestrator.execute(EngineExecutionOrchestrator.java:57)
	at org.junit.platform.launcher.core.DefaultLauncher.execute(DefaultLauncher.java:103)
	at org.junit.platform.launcher.core.DefaultLauncher.execute(DefaultLauncher.java:85)
	at org.junit.platform.launcher.core.DelegatingLauncher.execute(DelegatingLauncher.java:47)
	at org.apache.maven.surefire.junitplatform.LazyLauncher.execute(LazyLauncher.java:56)
	at org.apache.maven.surefire.junitplatform.JUnitPlatformProvider.execute(JUnitPlatformProvider.java:184)
	at org.apache.maven.surefire.junitplatform.JUnitPlatformProvider.invokeAllTests(JUnitPlatformProvider.java:148)
	at org.apache.maven.surefire.junitplatform.JUnitPlatformProvider.invoke(JUnitPlatformProvider.java:122)
	at org.apache.maven.surefire.booter.ForkedBooter.runSuitesInProcess(ForkedBooter.java:385)
	at org.apache.maven.surefire.booter.ForkedBooter.execute(ForkedBooter.java:162)
	at org.apache.maven.surefire.booter.ForkedBooter.run(ForkedBooter.java:507)
	at org.apache.maven.surefire.booter.ForkedBooter.main(ForkedBooter.java:495)
15:17:19.823 [main] WARN com.tngtech.archunit.core.importer.ClassFileProcessor -- Error during import from jrt:/java.base/java/util/Map$Entry.class, falling back to simple import
java.lang.IllegalArgumentException: Unsupported class file major version 68
	at com.tngtech.archunit.thirdparty.org.objectweb.asm.ClassReader.<init>(ClassReader.java:200)
	at com.tngtech.archunit.thirdparty.org.objectweb.asm.ClassReader.<init>(ClassReader.java:180)
	at com.tngtech.archunit.thirdparty.org.objectweb.asm.ClassReader.<init>(ClassReader.java:166)
	at com.tngtech.archunit.thirdparty.org.objectweb.asm.ClassReader.<init>(ClassReader.java:288)
	at com.tngtech.archunit.core.importer.ClassFileProcessor$UriImporterOfProcessor.tryImport(ClassFileProcessor.java:350)
	at com.tngtech.archunit.core.importer.resolvers.ClassResolverFromClasspath.tryResolve(ClassResolverFromClasspath.java:51)
	at com.tngtech.archunit.core.importer.ImportedClasses.resolve(ImportedClasses.java:80)
	at com.tngtech.archunit.core.importer.ImportedClasses.ensurePresent(ImportedClasses.java:75)
	at com.tngtech.archunit.core.importer.DependencyResolutionProcess.executeRun(DependencyResolutionProcess.java:146)
	at com.tngtech.archunit.core.importer.DependencyResolutionProcess.resolve(DependencyResolutionProcess.java:122)
	at com.tngtech.archunit.core.importer.ClassGraphCreator.complete(ClassGraphCreator.java:107)
	at com.tngtech.archunit.core.importer.ClassFileProcessor.process(ClassFileProcessor.java:75)
	at com.tngtech.archunit.core.importer.ClassFileImporter.importLocations(ClassFileImporter.java:325)
	at com.tngtech.archunit.junit.internal.ClassCache$CacheClassFileImporter.importClasses(ClassCache.java:126)
	at com.tngtech.archunit.junit.internal.ClassCache$LazyJavaClasses.initialize(ClassCache.java:118)
	at com.tngtech.archunit.junit.internal.ClassCache$LazyJavaClasses.get(ClassCache.java:107)
	at com.tngtech.archunit.junit.internal.ClassCache.getClassesToAnalyzeFor(ClassCache.java:84)
	at com.tngtech.archunit.junit.internal.ArchUnitTestDescriptor.lambda$createChildren$1(ArchUnitTestDescriptor.java:90)
	at com.tngtech.archunit.junit.internal.ArchUnitTestDescriptor$ArchUnitRuleDescriptor.execute(ArchUnitTestDescriptor.java:167)
	at com.tngtech.archunit.junit.internal.ArchUnitTestDescriptor$ArchUnitRuleDescriptor.execute(ArchUnitTestDescriptor.java:150)
	at org.junit.platform.engine.support.hierarchical.NodeTestTask.lambda$executeRecursively$6(NodeTestTask.java:156)
	at org.junit.platform.engine.support.hierarchical.ThrowableCollector.execute(ThrowableCollector.java:73)
	at org.junit.platform.engine.support.hierarchical.NodeTestTask.lambda$executeRecursively$8(NodeTestTask.java:146)
	at org.junit.platform.engine.support.hierarchical.Node.around(Node.java:137)
	at org.junit.platform.engine.support.hierarchical.NodeTestTask.lambda$executeRecursively$9(NodeTestTask.java:144)
	at org.junit.platform.engine.support.hierarchical.ThrowableCollector.execute(ThrowableCollector.java:73)
	at org.junit.platform.engine.support.hierarchical.NodeTestTask.executeRecursively(NodeTestTask.java:143)
	at org.junit.platform.engine.support.hierarchical.NodeTestTask.execute(NodeTestTask.java:100)
	at java.base/java.util.ArrayList.forEach(ArrayList.java:1604)
	at org.junit.platform.engine.support.hierarchical.SameThreadHierarchicalTestExecutorService.invokeAll(SameThreadHierarchicalTestExecutorService.java:41)
	at org.junit.platform.engine.support.hierarchical.NodeTestTask.lambda$executeRecursively$6(NodeTestTask.java:160)
	at org.junit.platform.engine.support.hierarchical.ThrowableCollector.execute(ThrowableCollector.java:73)
	at org.junit.platform.engine.support.hierarchical.NodeTestTask.lambda$executeRecursively$8(NodeTestTask.java:146)
	at org.junit.platform.engine.support.hierarchical.Node.around(Node.java:137)
	at org.junit.platform.engine.support.hierarchical.NodeTestTask.lambda$executeRecursively$9(NodeTestTask.java:144)
	at org.junit.platform.engine.support.hierarchical.ThrowableCollector.execute(ThrowableCollector.java:73)
	at org.junit.platform.engine.support.hierarchical.NodeTestTask.executeRecursively(NodeTestTask.java:143)
	at org.junit.platform.engine.support.hierarchical.NodeTestTask.execute(NodeTestTask.java:100)
	at java.base/java.util.ArrayList.forEach(ArrayList.java:1604)
	at org.junit.platform.engine.support.hierarchical.SameThreadHierarchicalTestExecutorService.invokeAll(SameThreadHierarchicalTestExecutorService.java:41)
	at org.junit.platform.engine.support.hierarchical.NodeTestTask.lambda$executeRecursively$6(NodeTestTask.java:160)
	at org.junit.platform.engine.support.hierarchical.ThrowableCollector.execute(ThrowableCollector.java:73)
	at org.junit.platform.engine.support.hierarchical.NodeTestTask.lambda$executeRecursively$8(NodeTestTask.java:146)
	at org.junit.platform.engine.support.hierarchical.Node.around(Node.java:137)
	at org.junit.platform.engine.support.hierarchical.NodeTestTask.lambda$executeRecursively$9(NodeTestTask.java:144)
	at org.junit.platform.engine.support.hierarchical.ThrowableCollector.execute(ThrowableCollector.java:73)
	at org.junit.platform.engine.support.hierarchical.NodeTestTask.executeRecursively(NodeTestTask.java:143)
	at org.junit.platform.engine.support.hierarchical.NodeTestTask.execute(NodeTestTask.java:100)
	at org.junit.platform.engine.support.hierarchical.SameThreadHierarchicalTestExecutorService.submit(SameThreadHierarchicalTestExecutorService.java:35)
	at org.junit.platform.engine.support.hierarchical.HierarchicalTestExecutor.execute(HierarchicalTestExecutor.java:57)
	at org.junit.platform.engine.support.hierarchical.HierarchicalTestEngine.execute(HierarchicalTestEngine.java:54)
	at org.junit.platform.launcher.core.EngineExecutionOrchestrator.execute(EngineExecutionOrchestrator.java:198)
	at org.junit.platform.launcher.core.EngineExecutionOrchestrator.execute(EngineExecutionOrchestrator.java:169)
	at org.junit.platform.launcher.core.EngineExecutionOrchestrator.execute(EngineExecutionOrchestrator.java:93)
	at org.junit.platform.launcher.core.EngineExecutionOrchestrator.lambda$execute$0(EngineExecutionOrchestrator.java:58)
	at org.junit.platform.launcher.core.EngineExecutionOrchestrator.withInterceptedStreams(EngineExecutionOrchestrator.java:141)
	at org.junit.platform.launcher.core.EngineExecutionOrchestrator.execute(EngineExecutionOrchestrator.java:57)
	at org.junit.platform.launcher.core.DefaultLauncher.execute(DefaultLauncher.java:103)
	at org.junit.platform.launcher.core.DefaultLauncher.execute(DefaultLauncher.java:85)
	at org.junit.platform.launcher.core.DelegatingLauncher.execute(DelegatingLauncher.java:47)
	at org.apache.maven.surefire.junitplatform.LazyLauncher.execute(LazyLauncher.java:56)
	at org.apache.maven.surefire.junitplatform.JUnitPlatformProvider.execute(JUnitPlatformProvider.java:184)
	at org.apache.maven.surefire.junitplatform.JUnitPlatformProvider.invokeAllTests(JUnitPlatformProvider.java:148)
	at org.apache.maven.surefire.junitplatform.JUnitPlatformProvider.invoke(JUnitPlatformProvider.java:122)
	at org.apache.maven.surefire.booter.ForkedBooter.runSuitesInProcess(ForkedBooter.java:385)
	at org.apache.maven.surefire.booter.ForkedBooter.execute(ForkedBooter.java:162)
	at org.apache.maven.surefire.booter.ForkedBooter.run(ForkedBooter.java:507)
	at org.apache.maven.surefire.booter.ForkedBooter.main(ForkedBooter.java:495)
15:17:19.826 [main] WARN com.tngtech.archunit.core.importer.ClassFileProcessor -- Error during import from jrt:/java.base/java/util/Locale.class, falling back to simple import
java.lang.IllegalArgumentException: Unsupported class file major version 68
	at com.tngtech.archunit.thirdparty.org.objectweb.asm.ClassReader.<init>(ClassReader.java:200)
	at com.tngtech.archunit.thirdparty.org.objectweb.asm.ClassReader.<init>(ClassReader.java:180)
	at com.tngtech.archunit.thirdparty.org.objectweb.asm.ClassReader.<init>(ClassReader.java:166)
	at com.tngtech.archunit.thirdparty.org.objectweb.asm.ClassReader.<init>(ClassReader.java:288)
	at com.tngtech.archunit.core.importer.ClassFileProcessor$UriImporterOfProcessor.tryImport(ClassFileProcessor.java:350)
	at com.tngtech.archunit.core.importer.resolvers.ClassResolverFromClasspath.tryResolve(ClassResolverFromClasspath.java:51)
	at com.tngtech.archunit.core.importer.ImportedClasses.resolve(ImportedClasses.java:80)
	at com.tngtech.archunit.core.importer.ImportedClasses.ensurePresent(ImportedClasses.java:75)
	at com.tngtech.archunit.core.importer.DependencyResolutionProcess.executeRun(DependencyResolutionProcess.java:146)
	at com.tngtech.archunit.core.importer.DependencyResolutionProcess.resolve(DependencyResolutionProcess.java:122)
	at com.tngtech.archunit.core.importer.ClassGraphCreator.complete(ClassGraphCreator.java:107)
	at com.tngtech.archunit.core.importer.ClassFileProcessor.process(ClassFileProcessor.java:75)
	at com.tngtech.archunit.core.importer.ClassFileImporter.importLocations(ClassFileImporter.java:325)
	at com.tngtech.archunit.junit.internal.ClassCache$CacheClassFileImporter.importClasses(ClassCache.java:126)
	at com.tngtech.archunit.junit.internal.ClassCache$LazyJavaClasses.initialize(ClassCache.java:118)
	at com.tngtech.archunit.junit.internal.ClassCache$LazyJavaClasses.get(ClassCache.java:107)
	at com.tngtech.archunit.junit.internal.ClassCache.getClassesToAnalyzeFor(ClassCache.java:84)
	at com.tngtech.archunit.junit.internal.ArchUnitTestDescriptor.lambda$createChildren$1(ArchUnitTestDescriptor.java:90)
	at com.tngtech.archunit.junit.internal.ArchUnitTestDescriptor$ArchUnitRuleDescriptor.execute(ArchUnitTestDescriptor.java:167)
	at com.tngtech.archunit.junit.internal.ArchUnitTestDescriptor$ArchUnitRuleDescriptor.execute(ArchUnitTestDescriptor.java:150)
	at org.junit.platform.engine.support.hierarchical.NodeTestTask.lambda$executeRecursively$6(NodeTestTask.java:156)
	at org.junit.platform.engine.support.hierarchical.ThrowableCollector.execute(ThrowableCollector.java:73)
	at org.junit.platform.engine.support.hierarchical.NodeTestTask.lambda$executeRecursively$8(NodeTestTask.java:146)
	at org.junit.platform.engine.support.hierarchical.Node.around(Node.java:137)
	at org.junit.platform.engine.support.hierarchical.NodeTestTask.lambda$executeRecursively$9(NodeTestTask.java:144)
	at org.junit.platform.engine.support.hierarchical.ThrowableCollector.execute(ThrowableCollector.java:73)
	at org.junit.platform.engine.support.hierarchical.NodeTestTask.executeRecursively(NodeTestTask.java:143)
	at org.junit.platform.engine.support.hierarchical.NodeTestTask.execute(NodeTestTask.java:100)
	at java.base/java.util.ArrayList.forEach(ArrayList.java:1604)
	at org.junit.platform.engine.support.hierarchical.SameThreadHierarchicalTestExecutorService.invokeAll(SameThreadHierarchicalTestExecutorService.java:41)
	at org.junit.platform.engine.support.hierarchical.NodeTestTask.lambda$executeRecursively$6(NodeTestTask.java:160)
	at org.junit.platform.engine.support.hierarchical.ThrowableCollector.execute(ThrowableCollector.java:73)
	at org.junit.platform.engine.support.hierarchical.NodeTestTask.lambda$executeRecursively$8(NodeTestTask.java:146)
	at org.junit.platform.engine.support.hierarchical.Node.around(Node.java:137)
	at org.junit.platform.engine.support.hierarchical.NodeTestTask.lambda$executeRecursively$9(NodeTestTask.java:144)
	at org.junit.platform.engine.support.hierarchical.ThrowableCollector.execute(ThrowableCollector.java:73)
	at org.junit.platform.engine.support.hierarchical.NodeTestTask.executeRecursively(NodeTestTask.java:143)
	at org.junit.platform.engine.support.hierarchical.NodeTestTask.execute(NodeTestTask.java:100)
	at java.base/java.util.ArrayList.forEach(ArrayList.java:1604)
	at org.junit.platform.engine.support.hierarchical.SameThreadHierarchicalTestExecutorService.invokeAll(SameThreadHierarchicalTestExecutorService.java:41)
	at org.junit.platform.engine.support.hierarchical.NodeTestTask.lambda$executeRecursively$6(NodeTestTask.java:160)
	at org.junit.platform.engine.support.hierarchical.ThrowableCollector.execute(ThrowableCollector.java:73)
	at org.junit.platform.engine.support.hierarchical.NodeTestTask.lambda$executeRecursively$8(NodeTestTask.java:146)
	at org.junit.platform.engine.support.hierarchical.Node.around(Node.java:137)
	at org.junit.platform.engine.support.hierarchical.NodeTestTask.lambda$executeRecursively$9(NodeTestTask.java:144)
	at org.junit.platform.engine.support.hierarchical.ThrowableCollector.execute(ThrowableCollector.java:73)
	at org.junit.platform.engine.support.hierarchical.NodeTestTask.executeRecursively(NodeTestTask.java:143)
	at org.junit.platform.engine.support.hierarchical.NodeTestTask.execute(NodeTestTask.java:100)
	at org.junit.platform.engine.support.hierarchical.SameThreadHierarchicalTestExecutorService.submit(SameThreadHierarchicalTestExecutorService.java:35)
	at org.junit.platform.engine.support.hierarchical.HierarchicalTestExecutor.execute(HierarchicalTestExecutor.java:57)
	at org.junit.platform.engine.support.hierarchical.HierarchicalTestEngine.execute(HierarchicalTestEngine.java:54)
	at org.junit.platform.launcher.core.EngineExecutionOrchestrator.execute(EngineExecutionOrchestrator.java:198)
	at org.junit.platform.launcher.core.EngineExecutionOrchestrator.execute(EngineExecutionOrchestrator.java:169)
	at org.junit.platform.launcher.core.EngineExecutionOrchestrator.execute(EngineExecutionOrchestrator.java:93)
	at org.junit.platform.launcher.core.EngineExecutionOrchestrator.lambda$execute$0(EngineExecutionOrchestrator.java:58)
	at org.junit.platform.launcher.core.EngineExecutionOrchestrator.withInterceptedStreams(EngineExecutionOrchestrator.java:141)
	at org.junit.platform.launcher.core.EngineExecutionOrchestrator.execute(EngineExecutionOrchestrator.java:57)
	at org.junit.platform.launcher.core.DefaultLauncher.execute(DefaultLauncher.java:103)
	at org.junit.platform.launcher.core.DefaultLauncher.execute(DefaultLauncher.java:85)
	at org.junit.platform.launcher.core.DelegatingLauncher.execute(DelegatingLauncher.java:47)
	at org.apache.maven.surefire.junitplatform.LazyLauncher.execute(LazyLauncher.java:56)
	at org.apache.maven.surefire.junitplatform.JUnitPlatformProvider.execute(JUnitPlatformProvider.java:184)
	at org.apache.maven.surefire.junitplatform.JUnitPlatformProvider.invokeAllTests(JUnitPlatformProvider.java:148)
	at org.apache.maven.surefire.junitplatform.JUnitPlatformProvider.invoke(JUnitPlatformProvider.java:122)
	at org.apache.maven.surefire.booter.ForkedBooter.runSuitesInProcess(ForkedBooter.java:385)
	at org.apache.maven.surefire.booter.ForkedBooter.execute(ForkedBooter.java:162)
	at org.apache.maven.surefire.booter.ForkedBooter.run(ForkedBooter.java:507)
	at org.apache.maven.surefire.booter.ForkedBooter.main(ForkedBooter.java:495)
15:17:19.913 [main] WARN com.tngtech.archunit.core.importer.ClassFileProcessor -- Error during import from jrt:/java.base/java/util/ListIterator.class, falling back to simple import
java.lang.IllegalArgumentException: Unsupported class file major version 68
	at com.tngtech.archunit.thirdparty.org.objectweb.asm.ClassReader.<init>(ClassReader.java:200)
	at com.tngtech.archunit.thirdparty.org.objectweb.asm.ClassReader.<init>(ClassReader.java:180)
	at com.tngtech.archunit.thirdparty.org.objectweb.asm.ClassReader.<init>(ClassReader.java:166)
	at com.tngtech.archunit.thirdparty.org.objectweb.asm.ClassReader.<init>(ClassReader.java:288)
	at com.tngtech.archunit.core.importer.ClassFileProcessor$UriImporterOfProcessor.tryImport(ClassFileProcessor.java:350)
	at com.tngtech.archunit.core.importer.resolvers.ClassResolverFromClasspath.tryResolve(ClassResolverFromClasspath.java:51)
	at com.tngtech.archunit.core.importer.ImportedClasses.resolve(ImportedClasses.java:80)
	at com.tngtech.archunit.core.importer.ImportedClasses.getOrResolve(ImportedClasses.java:67)
	at com.tngtech.archunit.core.importer.DomainBuilders$JavaMemberBuilder.get(DomainBuilders.java:179)
	at com.tngtech.archunit.core.importer.DomainBuilders$JavaCodeUnitBuilder.getRawReturnType(DomainBuilders.java:289)
	at com.tngtech.archunit.core.domain.JavaCodeUnit$ReturnType.<init>(JavaCodeUnit.java:367)
	at com.tngtech.archunit.core.domain.JavaCodeUnit.<init>(JavaCodeUnit.java:81)
	at com.tngtech.archunit.core.domain.JavaMethod.<init>(JavaMethod.java:44)
	at com.tngtech.archunit.core.domain.DomainObjectCreationContext.createJavaMethod(DomainObjectCreationContext.java:144)
	at com.tngtech.archunit.core.importer.DomainBuilders$JavaMethodBuilder.construct(DomainBuilders.java:373)
	at com.tngtech.archunit.core.importer.DomainBuilders$JavaMethodBuilder.construct(DomainBuilders.java:358)
	at com.tngtech.archunit.core.importer.DomainBuilders$JavaMemberBuilder.build(DomainBuilders.java:206)
	at com.tngtech.archunit.core.importer.DomainBuilders$JavaMemberBuilder.build(DomainBuilders.java:138)
	at com.tngtech.archunit.core.importer.DomainBuilders$BuilderWithBuildParameter$BuildFinisher.lambda$build$0(DomainBuilders.java:892)
	at java.base/java.util.stream.ReferencePipeline$3$1.accept(ReferencePipeline.java:215)
	at java.base/java.util.stream.ReferencePipeline$2$1.accept(ReferencePipeline.java:197)
	at java.base/java.util.HashMap$KeySpliterator.forEachRemaining(HashMap.java:1716)
	at java.base/java.util.stream.AbstractPipeline.copyInto(AbstractPipeline.java:570)
	at java.base/java.util.stream.AbstractPipeline.wrapAndCopyInto(AbstractPipeline.java:560)
	at java.base/java.util.stream.ReduceOps$ReduceOp.evaluateSequential(ReduceOps.java:921)
	at java.base/java.util.stream.AbstractPipeline.evaluate(AbstractPipeline.java:265)
	at java.base/java.util.stream.ReferencePipeline.collect(ReferencePipeline.java:727)
	at com.tngtech.archunit.core.importer.DomainBuilders$BuilderWithBuildParameter$BuildFinisher.build(DomainBuilders.java:892)
	at com.tngtech.archunit.core.importer.ClassGraphCreator.createMethods(ClassGraphCreator.java:322)
	at com.tngtech.archunit.core.domain.JavaClassMembers.create(JavaClassMembers.java:352)
	at com.tngtech.archunit.core.domain.JavaClass.completeMembers(JavaClass.java:1477)
	at com.tngtech.archunit.core.domain.DomainObjectCreationContext.completeMembers(DomainObjectCreationContext.java:96)
	at com.tngtech.archunit.core.importer.ClassGraphCreator.completeClasses(ClassGraphCreator.java:120)
	at com.tngtech.archunit.core.importer.ClassGraphCreator.complete(ClassGraphCreator.java:108)
	at com.tngtech.archunit.core.importer.ClassFileProcessor.process(ClassFileProcessor.java:75)
	at com.tngtech.archunit.core.importer.ClassFileImporter.importLocations(ClassFileImporter.java:325)
	at com.tngtech.archunit.junit.internal.ClassCache$CacheClassFileImporter.importClasses(ClassCache.java:126)
	at com.tngtech.archunit.junit.internal.ClassCache$LazyJavaClasses.initialize(ClassCache.java:118)
	at com.tngtech.archunit.junit.internal.ClassCache$LazyJavaClasses.get(ClassCache.java:107)
	at com.tngtech.archunit.junit.internal.ClassCache.getClassesToAnalyzeFor(ClassCache.java:84)
	at com.tngtech.archunit.junit.internal.ArchUnitTestDescriptor.lambda$createChildren$1(ArchUnitTestDescriptor.java:90)
	at com.tngtech.archunit.junit.internal.ArchUnitTestDescriptor$ArchUnitRuleDescriptor.execute(ArchUnitTestDescriptor.java:167)
	at com.tngtech.archunit.junit.internal.ArchUnitTestDescriptor$ArchUnitRuleDescriptor.execute(ArchUnitTestDescriptor.java:150)
	at org.junit.platform.engine.support.hierarchical.NodeTestTask.lambda$executeRecursively$6(NodeTestTask.java:156)
	at org.junit.platform.engine.support.hierarchical.ThrowableCollector.execute(ThrowableCollector.java:73)
	at org.junit.platform.engine.support.hierarchical.NodeTestTask.lambda$executeRecursively$8(NodeTestTask.java:146)
	at org.junit.platform.engine.support.hierarchical.Node.around(Node.java:137)
	at org.junit.platform.engine.support.hierarchical.NodeTestTask.lambda$executeRecursively$9(NodeTestTask.java:144)
	at org.junit.platform.engine.support.hierarchical.ThrowableCollector.execute(ThrowableCollector.java:73)
	at org.junit.platform.engine.support.hierarchical.NodeTestTask.executeRecursively(NodeTestTask.java:143)
	at org.junit.platform.engine.support.hierarchical.NodeTestTask.execute(NodeTestTask.java:100)
	at java.base/java.util.ArrayList.forEach(ArrayList.java:1604)
	at org.junit.platform.engine.support.hierarchical.SameThreadHierarchicalTestExecutorService.invokeAll(SameThreadHierarchicalTestExecutorService.java:41)
	at org.junit.platform.engine.support.hierarchical.NodeTestTask.lambda$executeRecursively$6(NodeTestTask.java:160)
	at org.junit.platform.engine.support.hierarchical.ThrowableCollector.execute(ThrowableCollector.java:73)
	at org.junit.platform.engine.support.hierarchical.NodeTestTask.lambda$executeRecursively$8(NodeTestTask.java:146)
	at org.junit.platform.engine.support.hierarchical.Node.around(Node.java:137)
	at org.junit.platform.engine.support.hierarchical.NodeTestTask.lambda$executeRecursively$9(NodeTestTask.java:144)
	at org.junit.platform.engine.support.hierarchical.ThrowableCollector.execute(ThrowableCollector.java:73)
	at org.junit.platform.engine.support.hierarchical.NodeTestTask.executeRecursively(NodeTestTask.java:143)
	at org.junit.platform.engine.support.hierarchical.NodeTestTask.execute(NodeTestTask.java:100)
	at java.base/java.util.ArrayList.forEach(ArrayList.java:1604)
	at org.junit.platform.engine.support.hierarchical.SameThreadHierarchicalTestExecutorService.invokeAll(SameThreadHierarchicalTestExecutorService.java:41)
	at org.junit.platform.engine.support.hierarchical.NodeTestTask.lambda$executeRecursively$6(NodeTestTask.java:160)
	at org.junit.platform.engine.support.hierarchical.ThrowableCollector.execute(ThrowableCollector.java:73)
	at org.junit.platform.engine.support.hierarchical.NodeTestTask.lambda$executeRecursively$8(NodeTestTask.java:146)
	at org.junit.platform.engine.support.hierarchical.Node.around(Node.java:137)
	at org.junit.platform.engine.support.hierarchical.NodeTestTask.lambda$executeRecursively$9(NodeTestTask.java:144)
	at org.junit.platform.engine.support.hierarchical.ThrowableCollector.execute(ThrowableCollector.java:73)
	at org.junit.platform.engine.support.hierarchical.NodeTestTask.executeRecursively(NodeTestTask.java:143)
	at org.junit.platform.engine.support.hierarchical.NodeTestTask.execute(NodeTestTask.java:100)
	at org.junit.platform.engine.support.hierarchical.SameThreadHierarchicalTestExecutorService.submit(SameThreadHierarchicalTestExecutorService.java:35)
	at org.junit.platform.engine.support.hierarchical.HierarchicalTestExecutor.execute(HierarchicalTestExecutor.java:57)
	at org.junit.platform.engine.support.hierarchical.HierarchicalTestEngine.execute(HierarchicalTestEngine.java:54)
	at org.junit.platform.launcher.core.EngineExecutionOrchestrator.execute(EngineExecutionOrchestrator.java:198)
	at org.junit.platform.launcher.core.EngineExecutionOrchestrator.execute(EngineExecutionOrchestrator.java:169)
	at org.junit.platform.launcher.core.EngineExecutionOrchestrator.execute(EngineExecutionOrchestrator.java:93)
	at org.junit.platform.launcher.core.EngineExecutionOrchestrator.lambda$execute$0(EngineExecutionOrchestrator.java:58)
	at org.junit.platform.launcher.core.EngineExecutionOrchestrator.withInterceptedStreams(EngineExecutionOrchestrator.java:141)
	at org.junit.platform.launcher.core.EngineExecutionOrchestrator.execute(EngineExecutionOrchestrator.java:57)
	at org.junit.platform.launcher.core.DefaultLauncher.execute(DefaultLauncher.java:103)
	at org.junit.platform.launcher.core.DefaultLauncher.execute(DefaultLauncher.java:85)
	at org.junit.platform.launcher.core.DelegatingLauncher.execute(DelegatingLauncher.java:47)
	at org.apache.maven.surefire.junitplatform.LazyLauncher.execute(LazyLauncher.java:56)
	at org.apache.maven.surefire.junitplatform.JUnitPlatformProvider.execute(JUnitPlatformProvider.java:184)
	at org.apache.maven.surefire.junitplatform.JUnitPlatformProvider.invokeAllTests(JUnitPlatformProvider.java:148)
	at org.apache.maven.surefire.junitplatform.JUnitPlatformProvider.invoke(JUnitPlatformProvider.java:122)
	at org.apache.maven.surefire.booter.ForkedBooter.runSuitesInProcess(ForkedBooter.java:385)
	at org.apache.maven.surefire.booter.ForkedBooter.execute(ForkedBooter.java:162)
	at org.apache.maven.surefire.booter.ForkedBooter.run(ForkedBooter.java:507)
	at org.apache.maven.surefire.booter.ForkedBooter.main(ForkedBooter.java:495)
15:17:19.943 [main] WARN com.tngtech.archunit.core.importer.ClassFileProcessor -- Error during import from jrt:/java.base/java/lang/reflect/Member.class, falling back to simple import
java.lang.IllegalArgumentException: Unsupported class file major version 68
	at com.tngtech.archunit.thirdparty.org.objectweb.asm.ClassReader.<init>(ClassReader.java:200)
	at com.tngtech.archunit.thirdparty.org.objectweb.asm.ClassReader.<init>(ClassReader.java:180)
	at com.tngtech.archunit.thirdparty.org.objectweb.asm.ClassReader.<init>(ClassReader.java:166)
	at com.tngtech.archunit.thirdparty.org.objectweb.asm.ClassReader.<init>(ClassReader.java:288)
	at com.tngtech.archunit.core.importer.ClassFileProcessor$UriImporterOfProcessor.tryImport(ClassFileProcessor.java:350)
	at com.tngtech.archunit.core.importer.resolvers.ClassResolverFromClasspath.tryResolve(ClassResolverFromClasspath.java:51)
	at com.tngtech.archunit.core.importer.ImportedClasses.resolve(ImportedClasses.java:80)
	at com.tngtech.archunit.core.importer.ImportedClasses.getOrResolve(ImportedClasses.java:67)
	at com.tngtech.archunit.core.importer.DomainBuilders$JavaMemberBuilder.get(DomainBuilders.java:179)
	at com.tngtech.archunit.core.importer.DomainBuilders$JavaCodeUnitBuilder.getRawReturnType(DomainBuilders.java:289)
	at com.tngtech.archunit.core.domain.JavaCodeUnit$ReturnType.<init>(JavaCodeUnit.java:367)
	at com.tngtech.archunit.core.domain.JavaCodeUnit.<init>(JavaCodeUnit.java:81)
	at com.tngtech.archunit.core.domain.JavaMethod.<init>(JavaMethod.java:44)
	at com.tngtech.archunit.core.domain.DomainObjectCreationContext.createJavaMethod(DomainObjectCreationContext.java:144)
	at com.tngtech.archunit.core.importer.DomainBuilders$JavaMethodBuilder.construct(DomainBuilders.java:373)
	at com.tngtech.archunit.core.importer.DomainBuilders$JavaMethodBuilder.construct(DomainBuilders.java:358)
	at com.tngtech.archunit.core.importer.DomainBuilders$JavaMemberBuilder.build(DomainBuilders.java:206)
	at com.tngtech.archunit.core.importer.DomainBuilders$JavaMemberBuilder.build(DomainBuilders.java:138)
	at com.tngtech.archunit.core.importer.DomainBuilders$BuilderWithBuildParameter$BuildFinisher.lambda$build$0(DomainBuilders.java:892)
	at java.base/java.util.stream.ReferencePipeline$3$1.accept(ReferencePipeline.java:215)
	at java.base/java.util.stream.ReferencePipeline$2$1.accept(ReferencePipeline.java:197)
	at java.base/java.util.HashMap$KeySpliterator.forEachRemaining(HashMap.java:1716)
	at java.base/java.util.stream.AbstractPipeline.copyInto(AbstractPipeline.java:570)
	at java.base/java.util.stream.AbstractPipeline.wrapAndCopyInto(AbstractPipeline.java:560)
	at java.base/java.util.stream.ReduceOps$ReduceOp.evaluateSequential(ReduceOps.java:921)
	at java.base/java.util.stream.AbstractPipeline.evaluate(AbstractPipeline.java:265)
	at java.base/java.util.stream.ReferencePipeline.collect(ReferencePipeline.java:727)
	at com.tngtech.archunit.core.importer.DomainBuilders$BuilderWithBuildParameter$BuildFinisher.build(DomainBuilders.java:892)
	at com.tngtech.archunit.core.importer.ClassGraphCreator.createMethods(ClassGraphCreator.java:322)
	at com.tngtech.archunit.core.domain.JavaClassMembers.create(JavaClassMembers.java:352)
	at com.tngtech.archunit.core.domain.JavaClass.completeMembers(JavaClass.java:1477)
	at com.tngtech.archunit.core.domain.DomainObjectCreationContext.completeMembers(DomainObjectCreationContext.java:96)
	at com.tngtech.archunit.core.importer.ClassGraphCreator.completeClasses(ClassGraphCreator.java:120)
	at com.tngtech.archunit.core.importer.ClassGraphCreator.complete(ClassGraphCreator.java:108)
	at com.tngtech.archunit.core.importer.ClassFileProcessor.process(ClassFileProcessor.java:75)
	at com.tngtech.archunit.core.importer.ClassFileImporter.importLocations(ClassFileImporter.java:325)
	at com.tngtech.archunit.junit.internal.ClassCache$CacheClassFileImporter.importClasses(ClassCache.java:126)
	at com.tngtech.archunit.junit.internal.ClassCache$LazyJavaClasses.initialize(ClassCache.java:118)
	at com.tngtech.archunit.junit.internal.ClassCache$LazyJavaClasses.get(ClassCache.java:107)
	at com.tngtech.archunit.junit.internal.ClassCache.getClassesToAnalyzeFor(ClassCache.java:84)
	at com.tngtech.archunit.junit.internal.ArchUnitTestDescriptor.lambda$createChildren$1(ArchUnitTestDescriptor.java:90)
	at com.tngtech.archunit.junit.internal.ArchUnitTestDescriptor$ArchUnitRuleDescriptor.execute(ArchUnitTestDescriptor.java:167)
	at com.tngtech.archunit.junit.internal.ArchUnitTestDescriptor$ArchUnitRuleDescriptor.execute(ArchUnitTestDescriptor.java:150)
	at org.junit.platform.engine.support.hierarchical.NodeTestTask.lambda$executeRecursively$6(NodeTestTask.java:156)
	at org.junit.platform.engine.support.hierarchical.ThrowableCollector.execute(ThrowableCollector.java:73)
	at org.junit.platform.engine.support.hierarchical.NodeTestTask.lambda$executeRecursively$8(NodeTestTask.java:146)
	at org.junit.platform.engine.support.hierarchical.Node.around(Node.java:137)
	at org.junit.platform.engine.support.hierarchical.NodeTestTask.lambda$executeRecursively$9(NodeTestTask.java:144)
	at org.junit.platform.engine.support.hierarchical.ThrowableCollector.execute(ThrowableCollector.java:73)
	at org.junit.platform.engine.support.hierarchical.NodeTestTask.executeRecursively(NodeTestTask.java:143)
	at org.junit.platform.engine.support.hierarchical.NodeTestTask.execute(NodeTestTask.java:100)
	at java.base/java.util.ArrayList.forEach(ArrayList.java:1604)
	at org.junit.platform.engine.support.hierarchical.SameThreadHierarchicalTestExecutorService.invokeAll(SameThreadHierarchicalTestExecutorService.java:41)
	at org.junit.platform.engine.support.hierarchical.NodeTestTask.lambda$executeRecursively$6(NodeTestTask.java:160)
	at org.junit.platform.engine.support.hierarchical.ThrowableCollector.execute(ThrowableCollector.java:73)
	at org.junit.platform.engine.support.hierarchical.NodeTestTask.lambda$executeRecursively$8(NodeTestTask.java:146)
	at org.junit.platform.engine.support.hierarchical.Node.around(Node.java:137)
	at org.junit.platform.engine.support.hierarchical.NodeTestTask.lambda$executeRecursively$9(NodeTestTask.java:144)
	at org.junit.platform.engine.support.hierarchical.ThrowableCollector.execute(ThrowableCollector.java:73)
	at org.junit.platform.engine.support.hierarchical.NodeTestTask.executeRecursively(NodeTestTask.java:143)
	at org.junit.platform.engine.support.hierarchical.NodeTestTask.execute(NodeTestTask.java:100)
	at java.base/java.util.ArrayList.forEach(ArrayList.java:1604)
	at org.junit.platform.engine.support.hierarchical.SameThreadHierarchicalTestExecutorService.invokeAll(SameThreadHierarchicalTestExecutorService.java:41)
	at org.junit.platform.engine.support.hierarchical.NodeTestTask.lambda$executeRecursively$6(NodeTestTask.java:160)
	at org.junit.platform.engine.support.hierarchical.ThrowableCollector.execute(ThrowableCollector.java:73)
	at org.junit.platform.engine.support.hierarchical.NodeTestTask.lambda$executeRecursively$8(NodeTestTask.java:146)
	at org.junit.platform.engine.support.hierarchical.Node.around(Node.java:137)
	at org.junit.platform.engine.support.hierarchical.NodeTestTask.lambda$executeRecursively$9(NodeTestTask.java:144)
	at org.junit.platform.engine.support.hierarchical.ThrowableCollector.execute(ThrowableCollector.java:73)
	at org.junit.platform.engine.support.hierarchical.NodeTestTask.executeRecursively(NodeTestTask.java:143)
	at org.junit.platform.engine.support.hierarchical.NodeTestTask.execute(NodeTestTask.java:100)
	at org.junit.platform.engine.support.hierarchical.SameThreadHierarchicalTestExecutorService.submit(SameThreadHierarchicalTestExecutorService.java:35)
	at org.junit.platform.engine.support.hierarchical.HierarchicalTestExecutor.execute(HierarchicalTestExecutor.java:57)
	at org.junit.platform.engine.support.hierarchical.HierarchicalTestEngine.execute(HierarchicalTestEngine.java:54)
	at org.junit.platform.launcher.core.EngineExecutionOrchestrator.execute(EngineExecutionOrchestrator.java:198)
	at org.junit.platform.launcher.core.EngineExecutionOrchestrator.execute(EngineExecutionOrchestrator.java:169)
	at org.junit.platform.launcher.core.EngineExecutionOrchestrator.execute(EngineExecutionOrchestrator.java:93)
	at org.junit.platform.launcher.core.EngineExecutionOrchestrator.lambda$execute$0(EngineExecutionOrchestrator.java:58)
	at org.junit.platform.launcher.core.EngineExecutionOrchestrator.withInterceptedStreams(EngineExecutionOrchestrator.java:141)
	at org.junit.platform.launcher.core.EngineExecutionOrchestrator.execute(EngineExecutionOrchestrator.java:57)
	at org.junit.platform.launcher.core.DefaultLauncher.execute(DefaultLauncher.java:103)
	at org.junit.platform.launcher.core.DefaultLauncher.execute(DefaultLauncher.java:85)
	at org.junit.platform.launcher.core.DelegatingLauncher.execute(DelegatingLauncher.java:47)
	at org.apache.maven.surefire.junitplatform.LazyLauncher.execute(LazyLauncher.java:56)
	at org.apache.maven.surefire.junitplatform.JUnitPlatformProvider.execute(JUnitPlatformProvider.java:184)
	at org.apache.maven.surefire.junitplatform.JUnitPlatformProvider.invokeAllTests(JUnitPlatformProvider.java:148)
	at org.apache.maven.surefire.junitplatform.JUnitPlatformProvider.invoke(JUnitPlatformProvider.java:122)
	at org.apache.maven.surefire.booter.ForkedBooter.runSuitesInProcess(ForkedBooter.java:385)
	at org.apache.maven.surefire.booter.ForkedBooter.execute(ForkedBooter.java:162)
	at org.apache.maven.surefire.booter.ForkedBooter.run(ForkedBooter.java:507)
	at org.apache.maven.surefire.booter.ForkedBooter.main(ForkedBooter.java:495)
15:17:19.958 [main] WARN com.tngtech.archunit.core.importer.ClassFileProcessor -- Error during import from jrt:/java.base/java/util/regex/Pattern.class, falling back to simple import
java.lang.IllegalArgumentException: Unsupported class file major version 68
	at com.tngtech.archunit.thirdparty.org.objectweb.asm.ClassReader.<init>(ClassReader.java:200)
	at com.tngtech.archunit.thirdparty.org.objectweb.asm.ClassReader.<init>(ClassReader.java:180)
	at com.tngtech.archunit.thirdparty.org.objectweb.asm.ClassReader.<init>(ClassReader.java:166)
	at com.tngtech.archunit.thirdparty.org.objectweb.asm.ClassReader.<init>(ClassReader.java:288)
	at com.tngtech.archunit.core.importer.ClassFileProcessor$UriImporterOfProcessor.tryImport(ClassFileProcessor.java:350)
	at com.tngtech.archunit.core.importer.resolvers.ClassResolverFromClasspath.tryResolve(ClassResolverFromClasspath.java:51)
	at com.tngtech.archunit.core.importer.ImportedClasses.resolve(ImportedClasses.java:80)
	at com.tngtech.archunit.core.importer.ImportedClasses.getOrResolve(ImportedClasses.java:67)
	at com.tngtech.archunit.core.importer.DomainBuilders$JavaMemberBuilder.get(DomainBuilders.java:179)
	at com.tngtech.archunit.core.importer.DomainBuilders$JavaCodeUnitBuilder.asJavaClasses(DomainBuilders.java:329)
	at com.tngtech.archunit.core.importer.DomainBuilders$JavaCodeUnitBuilder.getRawParameterTypes(DomainBuilders.java:303)
	at com.tngtech.archunit.core.domain.JavaCodeUnit$Parameters.<init>(JavaCodeUnit.java:317)
	at com.tngtech.archunit.core.domain.JavaCodeUnit.<init>(JavaCodeUnit.java:82)
	at com.tngtech.archunit.core.domain.JavaMethod.<init>(JavaMethod.java:44)
	at com.tngtech.archunit.core.domain.DomainObjectCreationContext.createJavaMethod(DomainObjectCreationContext.java:144)
	at com.tngtech.archunit.core.importer.DomainBuilders$JavaMethodBuilder.construct(DomainBuilders.java:373)
	at com.tngtech.archunit.core.importer.DomainBuilders$JavaMethodBuilder.construct(DomainBuilders.java:358)
	at com.tngtech.archunit.core.importer.DomainBuilders$JavaMemberBuilder.build(DomainBuilders.java:206)
	at com.tngtech.archunit.core.importer.DomainBuilders$JavaMemberBuilder.build(DomainBuilders.java:138)
	at com.tngtech.archunit.core.importer.DomainBuilders$BuilderWithBuildParameter$BuildFinisher.lambda$build$0(DomainBuilders.java:892)
	at java.base/java.util.stream.ReferencePipeline$3$1.accept(ReferencePipeline.java:215)
	at java.base/java.util.stream.ReferencePipeline$2$1.accept(ReferencePipeline.java:197)
	at java.base/java.util.HashMap$KeySpliterator.forEachRemaining(HashMap.java:1716)
	at java.base/java.util.stream.AbstractPipeline.copyInto(AbstractPipeline.java:570)
	at java.base/java.util.stream.AbstractPipeline.wrapAndCopyInto(AbstractPipeline.java:560)
	at java.base/java.util.stream.ReduceOps$ReduceOp.evaluateSequential(ReduceOps.java:921)
	at java.base/java.util.stream.AbstractPipeline.evaluate(AbstractPipeline.java:265)
	at java.base/java.util.stream.ReferencePipeline.collect(ReferencePipeline.java:727)
	at com.tngtech.archunit.core.importer.DomainBuilders$BuilderWithBuildParameter$BuildFinisher.build(DomainBuilders.java:892)
	at com.tngtech.archunit.core.importer.ClassGraphCreator.createMethods(ClassGraphCreator.java:322)
	at com.tngtech.archunit.core.domain.JavaClassMembers.create(JavaClassMembers.java:352)
	at com.tngtech.archunit.core.domain.JavaClass.completeMembers(JavaClass.java:1477)
	at com.tngtech.archunit.core.domain.DomainObjectCreationContext.completeMembers(DomainObjectCreationContext.java:96)
	at com.tngtech.archunit.core.importer.ClassGraphCreator.completeClasses(ClassGraphCreator.java:120)
	at com.tngtech.archunit.core.importer.ClassGraphCreator.complete(ClassGraphCreator.java:108)
	at com.tngtech.archunit.core.importer.ClassFileProcessor.process(ClassFileProcessor.java:75)
	at com.tngtech.archunit.core.importer.ClassFileImporter.importLocations(ClassFileImporter.java:325)
	at com.tngtech.archunit.junit.internal.ClassCache$CacheClassFileImporter.importClasses(ClassCache.java:126)
	at com.tngtech.archunit.junit.internal.ClassCache$LazyJavaClasses.initialize(ClassCache.java:118)
	at com.tngtech.archunit.junit.internal.ClassCache$LazyJavaClasses.get(ClassCache.java:107)
	at com.tngtech.archunit.junit.internal.ClassCache.getClassesToAnalyzeFor(ClassCache.java:84)
	at com.tngtech.archunit.junit.internal.ArchUnitTestDescriptor.lambda$createChildren$1(ArchUnitTestDescriptor.java:90)
	at com.tngtech.archunit.junit.internal.ArchUnitTestDescriptor$ArchUnitRuleDescriptor.execute(ArchUnitTestDescriptor.java:167)
	at com.tngtech.archunit.junit.internal.ArchUnitTestDescriptor$ArchUnitRuleDescriptor.execute(ArchUnitTestDescriptor.java:150)
	at org.junit.platform.engine.support.hierarchical.NodeTestTask.lambda$executeRecursively$6(NodeTestTask.java:156)
	at org.junit.platform.engine.support.hierarchical.ThrowableCollector.execute(ThrowableCollector.java:73)
	at org.junit.platform.engine.support.hierarchical.NodeTestTask.lambda$executeRecursively$8(NodeTestTask.java:146)
	at org.junit.platform.engine.support.hierarchical.Node.around(Node.java:137)
	at org.junit.platform.engine.support.hierarchical.NodeTestTask.lambda$executeRecursively$9(NodeTestTask.java:144)
	at org.junit.platform.engine.support.hierarchical.ThrowableCollector.execute(ThrowableCollector.java:73)
	at org.junit.platform.engine.support.hierarchical.NodeTestTask.executeRecursively(NodeTestTask.java:143)
	at org.junit.platform.engine.support.hierarchical.NodeTestTask.execute(NodeTestTask.java:100)
	at java.base/java.util.ArrayList.forEach(ArrayList.java:1604)
	at org.junit.platform.engine.support.hierarchical.SameThreadHierarchicalTestExecutorService.invokeAll(SameThreadHierarchicalTestExecutorService.java:41)
	at org.junit.platform.engine.support.hierarchical.NodeTestTask.lambda$executeRecursively$6(NodeTestTask.java:160)
	at org.junit.platform.engine.support.hierarchical.ThrowableCollector.execute(ThrowableCollector.java:73)
	at org.junit.platform.engine.support.hierarchical.NodeTestTask.lambda$executeRecursively$8(NodeTestTask.java:146)
	at org.junit.platform.engine.support.hierarchical.Node.around(Node.java:137)
	at org.junit.platform.engine.support.hierarchical.NodeTestTask.lambda$executeRecursively$9(NodeTestTask.java:144)
	at org.junit.platform.engine.support.hierarchical.ThrowableCollector.execute(ThrowableCollector.java:73)
	at org.junit.platform.engine.support.hierarchical.NodeTestTask.executeRecursively(NodeTestTask.java:143)
	at org.junit.platform.engine.support.hierarchical.NodeTestTask.execute(NodeTestTask.java:100)
	at java.base/java.util.ArrayList.forEach(ArrayList.java:1604)
	at org.junit.platform.engine.support.hierarchical.SameThreadHierarchicalTestExecutorService.invokeAll(SameThreadHierarchicalTestExecutorService.java:41)
	at org.junit.platform.engine.support.hierarchical.NodeTestTask.lambda$executeRecursively$6(NodeTestTask.java:160)
	at org.junit.platform.engine.support.hierarchical.ThrowableCollector.execute(ThrowableCollector.java:73)
	at org.junit.platform.engine.support.hierarchical.NodeTestTask.lambda$executeRecursively$8(NodeTestTask.java:146)
	at org.junit.platform.engine.support.hierarchical.Node.around(Node.java:137)
	at org.junit.platform.engine.support.hierarchical.NodeTestTask.lambda$executeRecursively$9(NodeTestTask.java:144)
	at org.junit.platform.engine.support.hierarchical.ThrowableCollector.execute(ThrowableCollector.java:73)
	at org.junit.platform.engine.support.hierarchical.NodeTestTask.executeRecursively(NodeTestTask.java:143)
	at org.junit.platform.engine.support.hierarchical.NodeTestTask.execute(NodeTestTask.java:100)
	at org.junit.platform.engine.support.hierarchical.SameThreadHierarchicalTestExecutorService.submit(SameThreadHierarchicalTestExecutorService.java:35)
	at org.junit.platform.engine.support.hierarchical.HierarchicalTestExecutor.execute(HierarchicalTestExecutor.java:57)
	at org.junit.platform.engine.support.hierarchical.HierarchicalTestEngine.execute(HierarchicalTestEngine.java:54)
	at org.junit.platform.launcher.core.EngineExecutionOrchestrator.execute(EngineExecutionOrchestrator.java:198)
	at org.junit.platform.launcher.core.EngineExecutionOrchestrator.execute(EngineExecutionOrchestrator.java:169)
	at org.junit.platform.launcher.core.EngineExecutionOrchestrator.execute(EngineExecutionOrchestrator.java:93)
	at org.junit.platform.launcher.core.EngineExecutionOrchestrator.lambda$execute$0(EngineExecutionOrchestrator.java:58)
	at org.junit.platform.launcher.core.EngineExecutionOrchestrator.withInterceptedStreams(EngineExecutionOrchestrator.java:141)
	at org.junit.platform.launcher.core.EngineExecutionOrchestrator.execute(EngineExecutionOrchestrator.java:57)
	at org.junit.platform.launcher.core.DefaultLauncher.execute(DefaultLauncher.java:103)
	at org.junit.platform.launcher.core.DefaultLauncher.execute(DefaultLauncher.java:85)
	at org.junit.platform.launcher.core.DelegatingLauncher.execute(DelegatingLauncher.java:47)
	at org.apache.maven.surefire.junitplatform.LazyLauncher.execute(LazyLauncher.java:56)
	at org.apache.maven.surefire.junitplatform.JUnitPlatformProvider.execute(JUnitPlatformProvider.java:184)
	at org.apache.maven.surefire.junitplatform.JUnitPlatformProvider.invokeAllTests(JUnitPlatformProvider.java:148)
	at org.apache.maven.surefire.junitplatform.JUnitPlatformProvider.invoke(JUnitPlatformProvider.java:122)
	at org.apache.maven.surefire.booter.ForkedBooter.runSuitesInProcess(ForkedBooter.java:385)
	at org.apache.maven.surefire.booter.ForkedBooter.execute(ForkedBooter.java:162)
	at org.apache.maven.surefire.booter.ForkedBooter.run(ForkedBooter.java:507)
	at org.apache.maven.surefire.booter.ForkedBooter.main(ForkedBooter.java:495)
15:17:19.959 [main] WARN com.tngtech.archunit.core.importer.ClassFileProcessor -- Error during import from jrt:/java.base/java/util/jar/JarFile.class, falling back to simple import
java.lang.IllegalArgumentException: Unsupported class file major version 68
	at com.tngtech.archunit.thirdparty.org.objectweb.asm.ClassReader.<init>(ClassReader.java:200)
	at com.tngtech.archunit.thirdparty.org.objectweb.asm.ClassReader.<init>(ClassReader.java:180)
	at com.tngtech.archunit.thirdparty.org.objectweb.asm.ClassReader.<init>(ClassReader.java:166)
	at com.tngtech.archunit.thirdparty.org.objectweb.asm.ClassReader.<init>(ClassReader.java:288)
	at com.tngtech.archunit.core.importer.ClassFileProcessor$UriImporterOfProcessor.tryImport(ClassFileProcessor.java:350)
	at com.tngtech.archunit.core.importer.resolvers.ClassResolverFromClasspath.tryResolve(ClassResolverFromClasspath.java:51)
	at com.tngtech.archunit.core.importer.ImportedClasses.resolve(ImportedClasses.java:80)
	at com.tngtech.archunit.core.importer.ImportedClasses.getOrResolve(ImportedClasses.java:67)
	at com.tngtech.archunit.core.importer.DomainBuilders$JavaMemberBuilder.get(DomainBuilders.java:179)
	at com.tngtech.archunit.core.importer.DomainBuilders$JavaCodeUnitBuilder.asJavaClasses(DomainBuilders.java:329)
	at com.tngtech.archunit.core.importer.DomainBuilders$JavaCodeUnitBuilder.getRawParameterTypes(DomainBuilders.java:303)
	at com.tngtech.archunit.core.domain.JavaCodeUnit$Parameters.<init>(JavaCodeUnit.java:317)
	at com.tngtech.archunit.core.domain.JavaCodeUnit.<init>(JavaCodeUnit.java:82)
	at com.tngtech.archunit.core.domain.JavaMethod.<init>(JavaMethod.java:44)
	at com.tngtech.archunit.core.domain.DomainObjectCreationContext.createJavaMethod(DomainObjectCreationContext.java:144)
	at com.tngtech.archunit.core.importer.DomainBuilders$JavaMethodBuilder.construct(DomainBuilders.java:373)
	at com.tngtech.archunit.core.importer.DomainBuilders$JavaMethodBuilder.construct(DomainBuilders.java:358)
	at com.tngtech.archunit.core.importer.DomainBuilders$JavaMemberBuilder.build(DomainBuilders.java:206)
	at com.tngtech.archunit.core.importer.DomainBuilders$JavaMemberBuilder.build(DomainBuilders.java:138)
	at com.tngtech.archunit.core.importer.DomainBuilders$BuilderWithBuildParameter$BuildFinisher.lambda$build$0(DomainBuilders.java:892)
	at java.base/java.util.stream.ReferencePipeline$3$1.accept(ReferencePipeline.java:215)
	at java.base/java.util.stream.ReferencePipeline$2$1.accept(ReferencePipeline.java:197)
	at java.base/java.util.HashMap$KeySpliterator.forEachRemaining(HashMap.java:1716)
	at java.base/java.util.stream.AbstractPipeline.copyInto(AbstractPipeline.java:570)
	at java.base/java.util.stream.AbstractPipeline.wrapAndCopyInto(AbstractPipeline.java:560)
	at java.base/java.util.stream.ReduceOps$ReduceOp.evaluateSequential(ReduceOps.java:921)
	at java.base/java.util.stream.AbstractPipeline.evaluate(AbstractPipeline.java:265)
	at java.base/java.util.stream.ReferencePipeline.collect(ReferencePipeline.java:727)
	at com.tngtech.archunit.core.importer.DomainBuilders$BuilderWithBuildParameter$BuildFinisher.build(DomainBuilders.java:892)
	at com.tngtech.archunit.core.importer.ClassGraphCreator.createMethods(ClassGraphCreator.java:322)
	at com.tngtech.archunit.core.domain.JavaClassMembers.create(JavaClassMembers.java:352)
	at com.tngtech.archunit.core.domain.JavaClass.completeMembers(JavaClass.java:1477)
	at com.tngtech.archunit.core.domain.DomainObjectCreationContext.completeMembers(DomainObjectCreationContext.java:96)
	at com.tngtech.archunit.core.importer.ClassGraphCreator.completeClasses(ClassGraphCreator.java:120)
	at com.tngtech.archunit.core.importer.ClassGraphCreator.complete(ClassGraphCreator.java:108)
	at com.tngtech.archunit.core.importer.ClassFileProcessor.process(ClassFileProcessor.java:75)
	at com.tngtech.archunit.core.importer.ClassFileImporter.importLocations(ClassFileImporter.java:325)
	at com.tngtech.archunit.junit.internal.ClassCache$CacheClassFileImporter.importClasses(ClassCache.java:126)
	at com.tngtech.archunit.junit.internal.ClassCache$LazyJavaClasses.initialize(ClassCache.java:118)
	at com.tngtech.archunit.junit.internal.ClassCache$LazyJavaClasses.get(ClassCache.java:107)
	at com.tngtech.archunit.junit.internal.ClassCache.getClassesToAnalyzeFor(ClassCache.java:84)
	at com.tngtech.archunit.junit.internal.ArchUnitTestDescriptor.lambda$createChildren$1(ArchUnitTestDescriptor.java:90)
	at com.tngtech.archunit.junit.internal.ArchUnitTestDescriptor$ArchUnitRuleDescriptor.execute(ArchUnitTestDescriptor.java:167)
	at com.tngtech.archunit.junit.internal.ArchUnitTestDescriptor$ArchUnitRuleDescriptor.execute(ArchUnitTestDescriptor.java:150)
	at org.junit.platform.engine.support.hierarchical.NodeTestTask.lambda$executeRecursively$6(NodeTestTask.java:156)
	at org.junit.platform.engine.support.hierarchical.ThrowableCollector.execute(ThrowableCollector.java:73)
	at org.junit.platform.engine.support.hierarchical.NodeTestTask.lambda$executeRecursively$8(NodeTestTask.java:146)
	at org.junit.platform.engine.support.hierarchical.Node.around(Node.java:137)
	at org.junit.platform.engine.support.hierarchical.NodeTestTask.lambda$executeRecursively$9(NodeTestTask.java:144)
	at org.junit.platform.engine.support.hierarchical.ThrowableCollector.execute(ThrowableCollector.java:73)
	at org.junit.platform.engine.support.hierarchical.NodeTestTask.executeRecursively(NodeTestTask.java:143)
	at org.junit.platform.engine.support.hierarchical.NodeTestTask.execute(NodeTestTask.java:100)
	at java.base/java.util.ArrayList.forEach(ArrayList.java:1604)
	at org.junit.platform.engine.support.hierarchical.SameThreadHierarchicalTestExecutorService.invokeAll(SameThreadHierarchicalTestExecutorService.java:41)
	at org.junit.platform.engine.support.hierarchical.NodeTestTask.lambda$executeRecursively$6(NodeTestTask.java:160)
	at org.junit.platform.engine.support.hierarchical.ThrowableCollector.execute(ThrowableCollector.java:73)
	at org.junit.platform.engine.support.hierarchical.NodeTestTask.lambda$executeRecursively$8(NodeTestTask.java:146)
	at org.junit.platform.engine.support.hierarchical.Node.around(Node.java:137)
	at org.junit.platform.engine.support.hierarchical.NodeTestTask.lambda$executeRecursively$9(NodeTestTask.java:144)
	at org.junit.platform.engine.support.hierarchical.ThrowableCollector.execute(ThrowableCollector.java:73)
	at org.junit.platform.engine.support.hierarchical.NodeTestTask.executeRecursively(NodeTestTask.java:143)
	at org.junit.platform.engine.support.hierarchical.NodeTestTask.execute(NodeTestTask.java:100)
	at java.base/java.util.ArrayList.forEach(ArrayList.java:1604)
	at org.junit.platform.engine.support.hierarchical.SameThreadHierarchicalTestExecutorService.invokeAll(SameThreadHierarchicalTestExecutorService.java:41)
	at org.junit.platform.engine.support.hierarchical.NodeTestTask.lambda$executeRecursively$6(NodeTestTask.java:160)
	at org.junit.platform.engine.support.hierarchical.ThrowableCollector.execute(ThrowableCollector.java:73)
	at org.junit.platform.engine.support.hierarchical.NodeTestTask.lambda$executeRecursively$8(NodeTestTask.java:146)
	at org.junit.platform.engine.support.hierarchical.Node.around(Node.java:137)
	at org.junit.platform.engine.support.hierarchical.NodeTestTask.lambda$executeRecursively$9(NodeTestTask.java:144)
	at org.junit.platform.engine.support.hierarchical.ThrowableCollector.execute(ThrowableCollector.java:73)
	at org.junit.platform.engine.support.hierarchical.NodeTestTask.executeRecursively(NodeTestTask.java:143)
	at org.junit.platform.engine.support.hierarchical.NodeTestTask.execute(NodeTestTask.java:100)
	at org.junit.platform.engine.support.hierarchical.SameThreadHierarchicalTestExecutorService.submit(SameThreadHierarchicalTestExecutorService.java:35)
	at org.junit.platform.engine.support.hierarchical.HierarchicalTestExecutor.execute(HierarchicalTestExecutor.java:57)
	at org.junit.platform.engine.support.hierarchical.HierarchicalTestEngine.execute(HierarchicalTestEngine.java:54)
	at org.junit.platform.launcher.core.EngineExecutionOrchestrator.execute(EngineExecutionOrchestrator.java:198)
	at org.junit.platform.launcher.core.EngineExecutionOrchestrator.execute(EngineExecutionOrchestrator.java:169)
	at org.junit.platform.launcher.core.EngineExecutionOrchestrator.execute(EngineExecutionOrchestrator.java:93)
	at org.junit.platform.launcher.core.EngineExecutionOrchestrator.lambda$execute$0(EngineExecutionOrchestrator.java:58)
	at org.junit.platform.launcher.core.EngineExecutionOrchestrator.withInterceptedStreams(EngineExecutionOrchestrator.java:141)
	at org.junit.platform.launcher.core.EngineExecutionOrchestrator.execute(EngineExecutionOrchestrator.java:57)
	at org.junit.platform.launcher.core.DefaultLauncher.execute(DefaultLauncher.java:103)
	at org.junit.platform.launcher.core.DefaultLauncher.execute(DefaultLauncher.java:85)
	at org.junit.platform.launcher.core.DelegatingLauncher.execute(DelegatingLauncher.java:47)
	at org.apache.maven.surefire.junitplatform.LazyLauncher.execute(LazyLauncher.java:56)
	at org.apache.maven.surefire.junitplatform.JUnitPlatformProvider.execute(JUnitPlatformProvider.java:184)
	at org.apache.maven.surefire.junitplatform.JUnitPlatformProvider.invokeAllTests(JUnitPlatformProvider.java:148)
	at org.apache.maven.surefire.junitplatform.JUnitPlatformProvider.invoke(JUnitPlatformProvider.java:122)
	at org.apache.maven.surefire.booter.ForkedBooter.runSuitesInProcess(ForkedBooter.java:385)
	at org.apache.maven.surefire.booter.ForkedBooter.execute(ForkedBooter.java:162)
	at org.apache.maven.surefire.booter.ForkedBooter.run(ForkedBooter.java:507)
	at org.apache.maven.surefire.booter.ForkedBooter.main(ForkedBooter.java:495)
15:17:19.981 [main] WARN com.tngtech.archunit.core.importer.ClassFileProcessor -- Error during import from jrt:/java.base/java/lang/ThreadLocal.class, falling back to simple import
java.lang.IllegalArgumentException: Unsupported class file major version 68
	at com.tngtech.archunit.thirdparty.org.objectweb.asm.ClassReader.<init>(ClassReader.java:200)
	at com.tngtech.archunit.thirdparty.org.objectweb.asm.ClassReader.<init>(ClassReader.java:180)
	at com.tngtech.archunit.thirdparty.org.objectweb.asm.ClassReader.<init>(ClassReader.java:166)
	at com.tngtech.archunit.thirdparty.org.objectweb.asm.ClassReader.<init>(ClassReader.java:288)
	at com.tngtech.archunit.core.importer.ClassFileProcessor$UriImporterOfProcessor.tryImport(ClassFileProcessor.java:350)
	at com.tngtech.archunit.core.importer.resolvers.ClassResolverFromClasspath.tryResolve(ClassResolverFromClasspath.java:51)
	at com.tngtech.archunit.core.importer.ImportedClasses.resolve(ImportedClasses.java:80)
	at com.tngtech.archunit.core.importer.ImportedClasses.getOrResolve(ImportedClasses.java:67)
	at com.tngtech.archunit.core.importer.DomainBuilders$JavaParameterizedTypeBuilder.build(DomainBuilders.java:845)
	at com.tngtech.archunit.core.importer.SignatureTypeArgumentProcessor$NewJavaTypeCreationProcess.finish(SignatureTypeArgumentProcessor.java:170)
	at com.tngtech.archunit.core.importer.SignatureTypeArgumentProcessor$NewJavaTypeCreationProcess.finish(SignatureTypeArgumentProcessor.java:155)
	at com.tngtech.archunit.core.importer.DomainBuilders$JavaFieldBuilder.getType(DomainBuilders.java:226)
	at com.tngtech.archunit.core.domain.JavaField.<init>(JavaField.java:40)
	at com.tngtech.archunit.core.domain.DomainObjectCreationContext.createJavaField(DomainObjectCreationContext.java:108)
	at com.tngtech.archunit.core.importer.DomainBuilders$JavaFieldBuilder.construct(DomainBuilders.java:236)
	at com.tngtech.archunit.core.importer.DomainBuilders$JavaFieldBuilder.construct(DomainBuilders.java:210)
	at com.tngtech.archunit.core.importer.DomainBuilders$JavaMemberBuilder.build(DomainBuilders.java:206)
	at com.tngtech.archunit.core.importer.DomainBuilders$JavaMemberBuilder.build(DomainBuilders.java:138)
	at com.tngtech.archunit.core.importer.DomainBuilders$BuilderWithBuildParameter$BuildFinisher.lambda$build$0(DomainBuilders.java:892)
	at java.base/java.util.stream.ReferencePipeline$3$1.accept(ReferencePipeline.java:215)
	at java.base/java.util.HashMap$KeySpliterator.forEachRemaining(HashMap.java:1716)
	at java.base/java.util.stream.AbstractPipeline.copyInto(AbstractPipeline.java:570)
	at java.base/java.util.stream.AbstractPipeline.wrapAndCopyInto(AbstractPipeline.java:560)
	at java.base/java.util.stream.ReduceOps$ReduceOp.evaluateSequential(ReduceOps.java:921)
	at java.base/java.util.stream.AbstractPipeline.evaluate(AbstractPipeline.java:265)
	at java.base/java.util.stream.ReferencePipeline.collect(ReferencePipeline.java:727)
	at com.tngtech.archunit.core.importer.DomainBuilders$BuilderWithBuildParameter$BuildFinisher.build(DomainBuilders.java:892)
	at com.tngtech.archunit.core.importer.DomainBuilders$BuilderWithBuildParameter$BuildFinisher.build(DomainBuilders.java:882)
	at com.tngtech.archunit.core.importer.ClassGraphCreator.createFields(ClassGraphCreator.java:309)
	at com.tngtech.archunit.core.domain.JavaClassMembers.create(JavaClassMembers.java:351)
	at com.tngtech.archunit.core.domain.JavaClass.completeMembers(JavaClass.java:1477)
	at com.tngtech.archunit.core.domain.DomainObjectCreationContext.completeMembers(DomainObjectCreationContext.java:96)
	at com.tngtech.archunit.core.importer.ClassGraphCreator.completeClasses(ClassGraphCreator.java:120)
	at com.tngtech.archunit.core.importer.ClassGraphCreator.complete(ClassGraphCreator.java:108)
	at com.tngtech.archunit.core.importer.ClassFileProcessor.process(ClassFileProcessor.java:75)
	at com.tngtech.archunit.core.importer.ClassFileImporter.importLocations(ClassFileImporter.java:325)
	at com.tngtech.archunit.junit.internal.ClassCache$CacheClassFileImporter.importClasses(ClassCache.java:126)
	at com.tngtech.archunit.junit.internal.ClassCache$LazyJavaClasses.initialize(ClassCache.java:118)
	at com.tngtech.archunit.junit.internal.ClassCache$LazyJavaClasses.get(ClassCache.java:107)
	at com.tngtech.archunit.junit.internal.ClassCache.getClassesToAnalyzeFor(ClassCache.java:84)
	at com.tngtech.archunit.junit.internal.ArchUnitTestDescriptor.lambda$createChildren$1(ArchUnitTestDescriptor.java:90)
	at com.tngtech.archunit.junit.internal.ArchUnitTestDescriptor$ArchUnitRuleDescriptor.execute(ArchUnitTestDescriptor.java:167)
	at com.tngtech.archunit.junit.internal.ArchUnitTestDescriptor$ArchUnitRuleDescriptor.execute(ArchUnitTestDescriptor.java:150)
	at org.junit.platform.engine.support.hierarchical.NodeTestTask.lambda$executeRecursively$6(NodeTestTask.java:156)
	at org.junit.platform.engine.support.hierarchical.ThrowableCollector.execute(ThrowableCollector.java:73)
	at org.junit.platform.engine.support.hierarchical.NodeTestTask.lambda$executeRecursively$8(NodeTestTask.java:146)
	at org.junit.platform.engine.support.hierarchical.Node.around(Node.java:137)
	at org.junit.platform.engine.support.hierarchical.NodeTestTask.lambda$executeRecursively$9(NodeTestTask.java:144)
	at org.junit.platform.engine.support.hierarchical.ThrowableCollector.execute(ThrowableCollector.java:73)
	at org.junit.platform.engine.support.hierarchical.NodeTestTask.executeRecursively(NodeTestTask.java:143)
	at org.junit.platform.engine.support.hierarchical.NodeTestTask.execute(NodeTestTask.java:100)
	at java.base/java.util.ArrayList.forEach(ArrayList.java:1604)
	at org.junit.platform.engine.support.hierarchical.SameThreadHierarchicalTestExecutorService.invokeAll(SameThreadHierarchicalTestExecutorService.java:41)
	at org.junit.platform.engine.support.hierarchical.NodeTestTask.lambda$executeRecursively$6(NodeTestTask.java:160)
	at org.junit.platform.engine.support.hierarchical.ThrowableCollector.execute(ThrowableCollector.java:73)
	at org.junit.platform.engine.support.hierarchical.NodeTestTask.lambda$executeRecursively$8(NodeTestTask.java:146)
	at org.junit.platform.engine.support.hierarchical.Node.around(Node.java:137)
	at org.junit.platform.engine.support.hierarchical.NodeTestTask.lambda$executeRecursively$9(NodeTestTask.java:144)
	at org.junit.platform.engine.support.hierarchical.ThrowableCollector.execute(ThrowableCollector.java:73)
	at org.junit.platform.engine.support.hierarchical.NodeTestTask.executeRecursively(NodeTestTask.java:143)
	at org.junit.platform.engine.support.hierarchical.NodeTestTask.execute(NodeTestTask.java:100)
	at java.base/java.util.ArrayList.forEach(ArrayList.java:1604)
	at org.junit.platform.engine.support.hierarchical.SameThreadHierarchicalTestExecutorService.invokeAll(SameThreadHierarchicalTestExecutorService.java:41)
	at org.junit.platform.engine.support.hierarchical.NodeTestTask.lambda$executeRecursively$6(NodeTestTask.java:160)
	at org.junit.platform.engine.support.hierarchical.ThrowableCollector.execute(ThrowableCollector.java:73)
	at org.junit.platform.engine.support.hierarchical.NodeTestTask.lambda$executeRecursively$8(NodeTestTask.java:146)
	at org.junit.platform.engine.support.hierarchical.Node.around(Node.java:137)
	at org.junit.platform.engine.support.hierarchical.NodeTestTask.lambda$executeRecursively$9(NodeTestTask.java:144)
	at org.junit.platform.engine.support.hierarchical.ThrowableCollector.execute(ThrowableCollector.java:73)
	at org.junit.platform.engine.support.hierarchical.NodeTestTask.executeRecursively(NodeTestTask.java:143)
	at org.junit.platform.engine.support.hierarchical.NodeTestTask.execute(NodeTestTask.java:100)
	at org.junit.platform.engine.support.hierarchical.SameThreadHierarchicalTestExecutorService.submit(SameThreadHierarchicalTestExecutorService.java:35)
	at org.junit.platform.engine.support.hierarchical.HierarchicalTestExecutor.execute(HierarchicalTestExecutor.java:57)
	at org.junit.platform.engine.support.hierarchical.HierarchicalTestEngine.execute(HierarchicalTestEngine.java:54)
	at org.junit.platform.launcher.core.EngineExecutionOrchestrator.execute(EngineExecutionOrchestrator.java:198)
	at org.junit.platform.launcher.core.EngineExecutionOrchestrator.execute(EngineExecutionOrchestrator.java:169)
	at org.junit.platform.launcher.core.EngineExecutionOrchestrator.execute(EngineExecutionOrchestrator.java:93)
	at org.junit.platform.launcher.core.EngineExecutionOrchestrator.lambda$execute$0(EngineExecutionOrchestrator.java:58)
	at org.junit.platform.launcher.core.EngineExecutionOrchestrator.withInterceptedStreams(EngineExecutionOrchestrator.java:141)
	at org.junit.platform.launcher.core.EngineExecutionOrchestrator.execute(EngineExecutionOrchestrator.java:57)
	at org.junit.platform.launcher.core.DefaultLauncher.execute(DefaultLauncher.java:103)
	at org.junit.platform.launcher.core.DefaultLauncher.execute(DefaultLauncher.java:85)
	at org.junit.platform.launcher.core.DelegatingLauncher.execute(DelegatingLauncher.java:47)
	at org.apache.maven.surefire.junitplatform.LazyLauncher.execute(LazyLauncher.java:56)
	at org.apache.maven.surefire.junitplatform.JUnitPlatformProvider.execute(JUnitPlatformProvider.java:184)
	at org.apache.maven.surefire.junitplatform.JUnitPlatformProvider.invokeAllTests(JUnitPlatformProvider.java:148)
	at org.apache.maven.surefire.junitplatform.JUnitPlatformProvider.invoke(JUnitPlatformProvider.java:122)
	at org.apache.maven.surefire.booter.ForkedBooter.runSuitesInProcess(ForkedBooter.java:385)
	at org.apache.maven.surefire.booter.ForkedBooter.execute(ForkedBooter.java:162)
	at org.apache.maven.surefire.booter.ForkedBooter.run(ForkedBooter.java:507)
	at org.apache.maven.surefire.booter.ForkedBooter.main(ForkedBooter.java:495)
15:17:19.983 [main] WARN com.tngtech.archunit.core.importer.ClassFileProcessor -- Error during import from jrt:/java.base/java/io/ObjectInputStream.class, falling back to simple import
java.lang.IllegalArgumentException: Unsupported class file major version 68
	at com.tngtech.archunit.thirdparty.org.objectweb.asm.ClassReader.<init>(ClassReader.java:200)
	at com.tngtech.archunit.thirdparty.org.objectweb.asm.ClassReader.<init>(ClassReader.java:180)
	at com.tngtech.archunit.thirdparty.org.objectweb.asm.ClassReader.<init>(ClassReader.java:166)
	at com.tngtech.archunit.thirdparty.org.objectweb.asm.ClassReader.<init>(ClassReader.java:288)
	at com.tngtech.archunit.core.importer.ClassFileProcessor$UriImporterOfProcessor.tryImport(ClassFileProcessor.java:350)
	at com.tngtech.archunit.core.importer.resolvers.ClassResolverFromClasspath.tryResolve(ClassResolverFromClasspath.java:51)
	at com.tngtech.archunit.core.importer.ImportedClasses.resolve(ImportedClasses.java:80)
	at com.tngtech.archunit.core.importer.ImportedClasses.getOrResolve(ImportedClasses.java:67)
	at com.tngtech.archunit.core.importer.DomainBuilders$JavaMemberBuilder.get(DomainBuilders.java:179)
	at com.tngtech.archunit.core.importer.DomainBuilders$JavaCodeUnitBuilder.asJavaClasses(DomainBuilders.java:329)
	at com.tngtech.archunit.core.importer.DomainBuilders$JavaCodeUnitBuilder.getRawParameterTypes(DomainBuilders.java:303)
	at com.tngtech.archunit.core.domain.JavaCodeUnit$Parameters.<init>(JavaCodeUnit.java:317)
	at com.tngtech.archunit.core.domain.JavaCodeUnit.<init>(JavaCodeUnit.java:82)
	at com.tngtech.archunit.core.domain.JavaMethod.<init>(JavaMethod.java:44)
	at com.tngtech.archunit.core.domain.DomainObjectCreationContext.createJavaMethod(DomainObjectCreationContext.java:144)
	at com.tngtech.archunit.core.importer.DomainBuilders$JavaMethodBuilder.construct(DomainBuilders.java:373)
	at com.tngtech.archunit.core.importer.DomainBuilders$JavaMethodBuilder.construct(DomainBuilders.java:358)
	at com.tngtech.archunit.core.importer.DomainBuilders$JavaMemberBuilder.build(DomainBuilders.java:206)
	at com.tngtech.archunit.core.importer.DomainBuilders$JavaMemberBuilder.build(DomainBuilders.java:138)
	at com.tngtech.archunit.core.importer.DomainBuilders$BuilderWithBuildParameter$BuildFinisher.lambda$build$0(DomainBuilders.java:892)
	at java.base/java.util.stream.ReferencePipeline$3$1.accept(ReferencePipeline.java:215)
	at java.base/java.util.stream.ReferencePipeline$2$1.accept(ReferencePipeline.java:197)
	at java.base/java.util.HashMap$KeySpliterator.forEachRemaining(HashMap.java:1716)
	at java.base/java.util.stream.AbstractPipeline.copyInto(AbstractPipeline.java:570)
	at java.base/java.util.stream.AbstractPipeline.wrapAndCopyInto(AbstractPipeline.java:560)
	at java.base/java.util.stream.ReduceOps$ReduceOp.evaluateSequential(ReduceOps.java:921)
	at java.base/java.util.stream.AbstractPipeline.evaluate(AbstractPipeline.java:265)
	at java.base/java.util.stream.ReferencePipeline.collect(ReferencePipeline.java:727)
	at com.tngtech.archunit.core.importer.DomainBuilders$BuilderWithBuildParameter$BuildFinisher.build(DomainBuilders.java:892)
	at com.tngtech.archunit.core.importer.ClassGraphCreator.createMethods(ClassGraphCreator.java:322)
	at com.tngtech.archunit.core.domain.JavaClassMembers.create(JavaClassMembers.java:352)
	at com.tngtech.archunit.core.domain.JavaClass.completeMembers(JavaClass.java:1477)
	at com.tngtech.archunit.core.domain.DomainObjectCreationContext.completeMembers(DomainObjectCreationContext.java:96)
	at com.tngtech.archunit.core.importer.ClassGraphCreator.completeClasses(ClassGraphCreator.java:120)
	at com.tngtech.archunit.core.importer.ClassGraphCreator.complete(ClassGraphCreator.java:108)
	at com.tngtech.archunit.core.importer.ClassFileProcessor.process(ClassFileProcessor.java:75)
	at com.tngtech.archunit.core.importer.ClassFileImporter.importLocations(ClassFileImporter.java:325)
	at com.tngtech.archunit.junit.internal.ClassCache$CacheClassFileImporter.importClasses(ClassCache.java:126)
	at com.tngtech.archunit.junit.internal.ClassCache$LazyJavaClasses.initialize(ClassCache.java:118)
	at com.tngtech.archunit.junit.internal.ClassCache$LazyJavaClasses.get(ClassCache.java:107)
	at com.tngtech.archunit.junit.internal.ClassCache.getClassesToAnalyzeFor(ClassCache.java:84)
	at com.tngtech.archunit.junit.internal.ArchUnitTestDescriptor.lambda$createChildren$1(ArchUnitTestDescriptor.java:90)
	at com.tngtech.archunit.junit.internal.ArchUnitTestDescriptor$ArchUnitRuleDescriptor.execute(ArchUnitTestDescriptor.java:167)
	at com.tngtech.archunit.junit.internal.ArchUnitTestDescriptor$ArchUnitRuleDescriptor.execute(ArchUnitTestDescriptor.java:150)
	at org.junit.platform.engine.support.hierarchical.NodeTestTask.lambda$executeRecursively$6(NodeTestTask.java:156)
	at org.junit.platform.engine.support.hierarchical.ThrowableCollector.execute(ThrowableCollector.java:73)
	at org.junit.platform.engine.support.hierarchical.NodeTestTask.lambda$executeRecursively$8(NodeTestTask.java:146)
	at org.junit.platform.engine.support.hierarchical.Node.around(Node.java:137)
	at org.junit.platform.engine.support.hierarchical.NodeTestTask.lambda$executeRecursively$9(NodeTestTask.java:144)
	at org.junit.platform.engine.support.hierarchical.ThrowableCollector.execute(ThrowableCollector.java:73)
	at org.junit.platform.engine.support.hierarchical.NodeTestTask.executeRecursively(NodeTestTask.java:143)
	at org.junit.platform.engine.support.hierarchical.NodeTestTask.execute(NodeTestTask.java:100)
	at java.base/java.util.ArrayList.forEach(ArrayList.java:1604)
	at org.junit.platform.engine.support.hierarchical.SameThreadHierarchicalTestExecutorService.invokeAll(SameThreadHierarchicalTestExecutorService.java:41)
	at org.junit.platform.engine.support.hierarchical.NodeTestTask.lambda$executeRecursively$6(NodeTestTask.java:160)
	at org.junit.platform.engine.support.hierarchical.ThrowableCollector.execute(ThrowableCollector.java:73)
	at org.junit.platform.engine.support.hierarchical.NodeTestTask.lambda$executeRecursively$8(NodeTestTask.java:146)
	at org.junit.platform.engine.support.hierarchical.Node.around(Node.java:137)
	at org.junit.platform.engine.support.hierarchical.NodeTestTask.lambda$executeRecursively$9(NodeTestTask.java:144)
	at org.junit.platform.engine.support.hierarchical.ThrowableCollector.execute(ThrowableCollector.java:73)
	at org.junit.platform.engine.support.hierarchical.NodeTestTask.executeRecursively(NodeTestTask.java:143)
	at org.junit.platform.engine.support.hierarchical.NodeTestTask.execute(NodeTestTask.java:100)
	at java.base/java.util.ArrayList.forEach(ArrayList.java:1604)
	at org.junit.platform.engine.support.hierarchical.SameThreadHierarchicalTestExecutorService.invokeAll(SameThreadHierarchicalTestExecutorService.java:41)
	at org.junit.platform.engine.support.hierarchical.NodeTestTask.lambda$executeRecursively$6(NodeTestTask.java:160)
	at org.junit.platform.engine.support.hierarchical.ThrowableCollector.execute(ThrowableCollector.java:73)
	at org.junit.platform.engine.support.hierarchical.NodeTestTask.lambda$executeRecursively$8(NodeTestTask.java:146)
	at org.junit.platform.engine.support.hierarchical.Node.around(Node.java:137)
	at org.junit.platform.engine.support.hierarchical.NodeTestTask.lambda$executeRecursively$9(NodeTestTask.java:144)
	at org.junit.platform.engine.support.hierarchical.ThrowableCollector.execute(ThrowableCollector.java:73)
	at org.junit.platform.engine.support.hierarchical.NodeTestTask.executeRecursively(NodeTestTask.java:143)
	at org.junit.platform.engine.support.hierarchical.NodeTestTask.execute(NodeTestTask.java:100)
	at org.junit.platform.engine.support.hierarchical.SameThreadHierarchicalTestExecutorService.submit(SameThreadHierarchicalTestExecutorService.java:35)
	at org.junit.platform.engine.support.hierarchical.HierarchicalTestExecutor.execute(HierarchicalTestExecutor.java:57)
	at org.junit.platform.engine.support.hierarchical.HierarchicalTestEngine.execute(HierarchicalTestEngine.java:54)
	at org.junit.platform.launcher.core.EngineExecutionOrchestrator.execute(EngineExecutionOrchestrator.java:198)
	at org.junit.platform.launcher.core.EngineExecutionOrchestrator.execute(EngineExecutionOrchestrator.java:169)
	at org.junit.platform.launcher.core.EngineExecutionOrchestrator.execute(EngineExecutionOrchestrator.java:93)
	at org.junit.platform.launcher.core.EngineExecutionOrchestrator.lambda$execute$0(EngineExecutionOrchestrator.java:58)
	at org.junit.platform.launcher.core.EngineExecutionOrchestrator.withInterceptedStreams(EngineExecutionOrchestrator.java:141)
	at org.junit.platform.launcher.core.EngineExecutionOrchestrator.execute(EngineExecutionOrchestrator.java:57)
	at org.junit.platform.launcher.core.DefaultLauncher.execute(DefaultLauncher.java:103)
	at org.junit.platform.launcher.core.DefaultLauncher.execute(DefaultLauncher.java:85)
	at org.junit.platform.launcher.core.DelegatingLauncher.execute(DelegatingLauncher.java:47)
	at org.apache.maven.surefire.junitplatform.LazyLauncher.execute(LazyLauncher.java:56)
	at org.apache.maven.surefire.junitplatform.JUnitPlatformProvider.execute(JUnitPlatformProvider.java:184)
	at org.apache.maven.surefire.junitplatform.JUnitPlatformProvider.invokeAllTests(JUnitPlatformProvider.java:148)
	at org.apache.maven.surefire.junitplatform.JUnitPlatformProvider.invoke(JUnitPlatformProvider.java:122)
	at org.apache.maven.surefire.booter.ForkedBooter.runSuitesInProcess(ForkedBooter.java:385)
	at org.apache.maven.surefire.booter.ForkedBooter.execute(ForkedBooter.java:162)
	at org.apache.maven.surefire.booter.ForkedBooter.run(ForkedBooter.java:507)
	at org.apache.maven.surefire.booter.ForkedBooter.main(ForkedBooter.java:495)
15:17:19.984 [main] WARN com.tngtech.archunit.core.importer.ClassFileProcessor -- Error during import from jrt:/java.base/java/lang/ClassNotFoundException.class, falling back to simple import
java.lang.IllegalArgumentException: Unsupported class file major version 68
	at com.tngtech.archunit.thirdparty.org.objectweb.asm.ClassReader.<init>(ClassReader.java:200)
	at com.tngtech.archunit.thirdparty.org.objectweb.asm.ClassReader.<init>(ClassReader.java:180)
	at com.tngtech.archunit.thirdparty.org.objectweb.asm.ClassReader.<init>(ClassReader.java:166)
	at com.tngtech.archunit.thirdparty.org.objectweb.asm.ClassReader.<init>(ClassReader.java:288)
	at com.tngtech.archunit.core.importer.ClassFileProcessor$UriImporterOfProcessor.tryImport(ClassFileProcessor.java:350)
	at com.tngtech.archunit.core.importer.resolvers.ClassResolverFromClasspath.tryResolve(ClassResolverFromClasspath.java:51)
	at com.tngtech.archunit.core.importer.ImportedClasses.resolve(ImportedClasses.java:80)
	at com.tngtech.archunit.core.importer.ImportedClasses.getOrResolve(ImportedClasses.java:67)
	at com.tngtech.archunit.core.importer.DomainBuilders$JavaMemberBuilder.get(DomainBuilders.java:179)
	at com.tngtech.archunit.core.importer.DomainBuilders$JavaCodeUnitBuilder.asJavaClasses(DomainBuilders.java:329)
	at com.tngtech.archunit.core.importer.DomainBuilders$JavaCodeUnitBuilder.getThrowsClause(DomainBuilders.java:323)
	at com.tngtech.archunit.core.domain.JavaMethod.<init>(JavaMethod.java:45)
	at com.tngtech.archunit.core.domain.DomainObjectCreationContext.createJavaMethod(DomainObjectCreationContext.java:144)
	at com.tngtech.archunit.core.importer.DomainBuilders$JavaMethodBuilder.construct(DomainBuilders.java:373)
	at com.tngtech.archunit.core.importer.DomainBuilders$JavaMethodBuilder.construct(DomainBuilders.java:358)
	at com.tngtech.archunit.core.importer.DomainBuilders$JavaMemberBuilder.build(DomainBuilders.java:206)
	at com.tngtech.archunit.core.importer.DomainBuilders$JavaMemberBuilder.build(DomainBuilders.java:138)
	at com.tngtech.archunit.core.importer.DomainBuilders$BuilderWithBuildParameter$BuildFinisher.lambda$build$0(DomainBuilders.java:892)
	at java.base/java.util.stream.ReferencePipeline$3$1.accept(ReferencePipeline.java:215)
	at java.base/java.util.stream.ReferencePipeline$2$1.accept(ReferencePipeline.java:197)
	at java.base/java.util.HashMap$KeySpliterator.forEachRemaining(HashMap.java:1716)
	at java.base/java.util.stream.AbstractPipeline.copyInto(AbstractPipeline.java:570)
	at java.base/java.util.stream.AbstractPipeline.wrapAndCopyInto(AbstractPipeline.java:560)
	at java.base/java.util.stream.ReduceOps$ReduceOp.evaluateSequential(ReduceOps.java:921)
	at java.base/java.util.stream.AbstractPipeline.evaluate(AbstractPipeline.java:265)
	at java.base/java.util.stream.ReferencePipeline.collect(ReferencePipeline.java:727)
	at com.tngtech.archunit.core.importer.DomainBuilders$BuilderWithBuildParameter$BuildFinisher.build(DomainBuilders.java:892)
	at com.tngtech.archunit.core.importer.ClassGraphCreator.createMethods(ClassGraphCreator.java:322)
	at com.tngtech.archunit.core.domain.JavaClassMembers.create(JavaClassMembers.java:352)
	at com.tngtech.archunit.core.domain.JavaClass.completeMembers(JavaClass.java:1477)
	at com.tngtech.archunit.core.domain.DomainObjectCreationContext.completeMembers(DomainObjectCreationContext.java:96)
	at com.tngtech.archunit.core.importer.ClassGraphCreator.completeClasses(ClassGraphCreator.java:120)
	at com.tngtech.archunit.core.importer.ClassGraphCreator.complete(ClassGraphCreator.java:108)
	at com.tngtech.archunit.core.importer.ClassFileProcessor.process(ClassFileProcessor.java:75)
	at com.tngtech.archunit.core.importer.ClassFileImporter.importLocations(ClassFileImporter.java:325)
	at com.tngtech.archunit.junit.internal.ClassCache$CacheClassFileImporter.importClasses(ClassCache.java:126)
	at com.tngtech.archunit.junit.internal.ClassCache$LazyJavaClasses.initialize(ClassCache.java:118)
	at com.tngtech.archunit.junit.internal.ClassCache$LazyJavaClasses.get(ClassCache.java:107)
	at com.tngtech.archunit.junit.internal.ClassCache.getClassesToAnalyzeFor(ClassCache.java:84)
	at com.tngtech.archunit.junit.internal.ArchUnitTestDescriptor.lambda$createChildren$1(ArchUnitTestDescriptor.java:90)
	at com.tngtech.archunit.junit.internal.ArchUnitTestDescriptor$ArchUnitRuleDescriptor.execute(ArchUnitTestDescriptor.java:167)
	at com.tngtech.archunit.junit.internal.ArchUnitTestDescriptor$ArchUnitRuleDescriptor.execute(ArchUnitTestDescriptor.java:150)
	at org.junit.platform.engine.support.hierarchical.NodeTestTask.lambda$executeRecursively$6(NodeTestTask.java:156)
	at org.junit.platform.engine.support.hierarchical.ThrowableCollector.execute(ThrowableCollector.java:73)
	at org.junit.platform.engine.support.hierarchical.NodeTestTask.lambda$executeRecursively$8(NodeTestTask.java:146)
	at org.junit.platform.engine.support.hierarchical.Node.around(Node.java:137)
	at org.junit.platform.engine.support.hierarchical.NodeTestTask.lambda$executeRecursively$9(NodeTestTask.java:144)
	at org.junit.platform.engine.support.hierarchical.ThrowableCollector.execute(ThrowableCollector.java:73)
	at org.junit.platform.engine.support.hierarchical.NodeTestTask.executeRecursively(NodeTestTask.java:143)
	at org.junit.platform.engine.support.hierarchical.NodeTestTask.execute(NodeTestTask.java:100)
	at java.base/java.util.ArrayList.forEach(ArrayList.java:1604)
	at org.junit.platform.engine.support.hierarchical.SameThreadHierarchicalTestExecutorService.invokeAll(SameThreadHierarchicalTestExecutorService.java:41)
	at org.junit.platform.engine.support.hierarchical.NodeTestTask.lambda$executeRecursively$6(NodeTestTask.java:160)
	at org.junit.platform.engine.support.hierarchical.ThrowableCollector.execute(ThrowableCollector.java:73)
	at org.junit.platform.engine.support.hierarchical.NodeTestTask.lambda$executeRecursively$8(NodeTestTask.java:146)
	at org.junit.platform.engine.support.hierarchical.Node.around(Node.java:137)
	at org.junit.platform.engine.support.hierarchical.NodeTestTask.lambda$executeRecursively$9(NodeTestTask.java:144)
	at org.junit.platform.engine.support.hierarchical.ThrowableCollector.execute(ThrowableCollector.java:73)
	at org.junit.platform.engine.support.hierarchical.NodeTestTask.executeRecursively(NodeTestTask.java:143)
	at org.junit.platform.engine.support.hierarchical.NodeTestTask.execute(NodeTestTask.java:100)
	at java.base/java.util.ArrayList.forEach(ArrayList.java:1604)
	at org.junit.platform.engine.support.hierarchical.SameThreadHierarchicalTestExecutorService.invokeAll(SameThreadHierarchicalTestExecutorService.java:41)
	at org.junit.platform.engine.support.hierarchical.NodeTestTask.lambda$executeRecursively$6(NodeTestTask.java:160)
	at org.junit.platform.engine.support.hierarchical.ThrowableCollector.execute(ThrowableCollector.java:73)
	at org.junit.platform.engine.support.hierarchical.NodeTestTask.lambda$executeRecursively$8(NodeTestTask.java:146)
	at org.junit.platform.engine.support.hierarchical.Node.around(Node.java:137)
	at org.junit.platform.engine.support.hierarchical.NodeTestTask.lambda$executeRecursively$9(NodeTestTask.java:144)
	at org.junit.platform.engine.support.hierarchical.ThrowableCollector.execute(ThrowableCollector.java:73)
	at org.junit.platform.engine.support.hierarchical.NodeTestTask.executeRecursively(NodeTestTask.java:143)
	at org.junit.platform.engine.support.hierarchical.NodeTestTask.execute(NodeTestTask.java:100)
	at org.junit.platform.engine.support.hierarchical.SameThreadHierarchicalTestExecutorService.submit(SameThreadHierarchicalTestExecutorService.java:35)
	at org.junit.platform.engine.support.hierarchical.HierarchicalTestExecutor.execute(HierarchicalTestExecutor.java:57)
	at org.junit.platform.engine.support.hierarchical.HierarchicalTestEngine.execute(HierarchicalTestEngine.java:54)
	at org.junit.platform.launcher.core.EngineExecutionOrchestrator.execute(EngineExecutionOrchestrator.java:198)
	at org.junit.platform.launcher.core.EngineExecutionOrchestrator.execute(EngineExecutionOrchestrator.java:169)
	at org.junit.platform.launcher.core.EngineExecutionOrchestrator.execute(EngineExecutionOrchestrator.java:93)
	at org.junit.platform.launcher.core.EngineExecutionOrchestrator.lambda$execute$0(EngineExecutionOrchestrator.java:58)
	at org.junit.platform.launcher.core.EngineExecutionOrchestrator.withInterceptedStreams(EngineExecutionOrchestrator.java:141)
	at org.junit.platform.launcher.core.EngineExecutionOrchestrator.execute(EngineExecutionOrchestrator.java:57)
	at org.junit.platform.launcher.core.DefaultLauncher.execute(DefaultLauncher.java:103)
	at org.junit.platform.launcher.core.DefaultLauncher.execute(DefaultLauncher.java:85)
	at org.junit.platform.launcher.core.DelegatingLauncher.execute(DelegatingLauncher.java:47)
	at org.apache.maven.surefire.junitplatform.LazyLauncher.execute(LazyLauncher.java:56)
	at org.apache.maven.surefire.junitplatform.JUnitPlatformProvider.execute(JUnitPlatformProvider.java:184)
	at org.apache.maven.surefire.junitplatform.JUnitPlatformProvider.invokeAllTests(JUnitPlatformProvider.java:148)
	at org.apache.maven.surefire.junitplatform.JUnitPlatformProvider.invoke(JUnitPlatformProvider.java:122)
	at org.apache.maven.surefire.booter.ForkedBooter.runSuitesInProcess(ForkedBooter.java:385)
	at org.apache.maven.surefire.booter.ForkedBooter.execute(ForkedBooter.java:162)
	at org.apache.maven.surefire.booter.ForkedBooter.run(ForkedBooter.java:507)
	at org.apache.maven.surefire.booter.ForkedBooter.main(ForkedBooter.java:495)
15:17:19.985 [main] WARN com.tngtech.archunit.core.importer.ClassFileProcessor -- Error during import from jrt:/java.base/java/io/ObjectOutputStream.class, falling back to simple import
java.lang.IllegalArgumentException: Unsupported class file major version 68
	at com.tngtech.archunit.thirdparty.org.objectweb.asm.ClassReader.<init>(ClassReader.java:200)
	at com.tngtech.archunit.thirdparty.org.objectweb.asm.ClassReader.<init>(ClassReader.java:180)
	at com.tngtech.archunit.thirdparty.org.objectweb.asm.ClassReader.<init>(ClassReader.java:166)
	at com.tngtech.archunit.thirdparty.org.objectweb.asm.ClassReader.<init>(ClassReader.java:288)
	at com.tngtech.archunit.core.importer.ClassFileProcessor$UriImporterOfProcessor.tryImport(ClassFileProcessor.java:350)
	at com.tngtech.archunit.core.importer.resolvers.ClassResolverFromClasspath.tryResolve(ClassResolverFromClasspath.java:51)
	at com.tngtech.archunit.core.importer.ImportedClasses.resolve(ImportedClasses.java:80)
	at com.tngtech.archunit.core.importer.ImportedClasses.getOrResolve(ImportedClasses.java:67)
	at com.tngtech.archunit.core.importer.DomainBuilders$JavaMemberBuilder.get(DomainBuilders.java:179)
	at com.tngtech.archunit.core.importer.DomainBuilders$JavaCodeUnitBuilder.asJavaClasses(DomainBuilders.java:329)
	at com.tngtech.archunit.core.importer.DomainBuilders$JavaCodeUnitBuilder.getRawParameterTypes(DomainBuilders.java:303)
	at com.tngtech.archunit.core.domain.JavaCodeUnit$Parameters.<init>(JavaCodeUnit.java:317)
	at com.tngtech.archunit.core.domain.JavaCodeUnit.<init>(JavaCodeUnit.java:82)
	at com.tngtech.archunit.core.domain.JavaMethod.<init>(JavaMethod.java:44)
	at com.tngtech.archunit.core.domain.DomainObjectCreationContext.createJavaMethod(DomainObjectCreationContext.java:144)
	at com.tngtech.archunit.core.importer.DomainBuilders$JavaMethodBuilder.construct(DomainBuilders.java:373)
	at com.tngtech.archunit.core.importer.DomainBuilders$JavaMethodBuilder.construct(DomainBuilders.java:358)
	at com.tngtech.archunit.core.importer.DomainBuilders$JavaMemberBuilder.build(DomainBuilders.java:206)
	at com.tngtech.archunit.core.importer.DomainBuilders$JavaMemberBuilder.build(DomainBuilders.java:138)
	at com.tngtech.archunit.core.importer.DomainBuilders$BuilderWithBuildParameter$BuildFinisher.lambda$build$0(DomainBuilders.java:892)
	at java.base/java.util.stream.ReferencePipeline$3$1.accept(ReferencePipeline.java:215)
	at java.base/java.util.stream.ReferencePipeline$2$1.accept(ReferencePipeline.java:197)
	at java.base/java.util.HashMap$KeySpliterator.forEachRemaining(HashMap.java:1716)
	at java.base/java.util.stream.AbstractPipeline.copyInto(AbstractPipeline.java:570)
	at java.base/java.util.stream.AbstractPipeline.wrapAndCopyInto(AbstractPipeline.java:560)
	at java.base/java.util.stream.ReduceOps$ReduceOp.evaluateSequential(ReduceOps.java:921)
	at java.base/java.util.stream.AbstractPipeline.evaluate(AbstractPipeline.java:265)
	at java.base/java.util.stream.ReferencePipeline.collect(ReferencePipeline.java:727)
	at com.tngtech.archunit.core.importer.DomainBuilders$BuilderWithBuildParameter$BuildFinisher.build(DomainBuilders.java:892)
	at com.tngtech.archunit.core.importer.ClassGraphCreator.createMethods(ClassGraphCreator.java:322)
	at com.tngtech.archunit.core.domain.JavaClassMembers.create(JavaClassMembers.java:352)
	at com.tngtech.archunit.core.domain.JavaClass.completeMembers(JavaClass.java:1477)
	at com.tngtech.archunit.core.domain.DomainObjectCreationContext.completeMembers(DomainObjectCreationContext.java:96)
	at com.tngtech.archunit.core.importer.ClassGraphCreator.completeClasses(ClassGraphCreator.java:120)
	at com.tngtech.archunit.core.importer.ClassGraphCreator.complete(ClassGraphCreator.java:108)
	at com.tngtech.archunit.core.importer.ClassFileProcessor.process(ClassFileProcessor.java:75)
	at com.tngtech.archunit.core.importer.ClassFileImporter.importLocations(ClassFileImporter.java:325)
	at com.tngtech.archunit.junit.internal.ClassCache$CacheClassFileImporter.importClasses(ClassCache.java:126)
	at com.tngtech.archunit.junit.internal.ClassCache$LazyJavaClasses.initialize(ClassCache.java:118)
	at com.tngtech.archunit.junit.internal.ClassCache$LazyJavaClasses.get(ClassCache.java:107)
	at com.tngtech.archunit.junit.internal.ClassCache.getClassesToAnalyzeFor(ClassCache.java:84)
	at com.tngtech.archunit.junit.internal.ArchUnitTestDescriptor.lambda$createChildren$1(ArchUnitTestDescriptor.java:90)
	at com.tngtech.archunit.junit.internal.ArchUnitTestDescriptor$ArchUnitRuleDescriptor.execute(ArchUnitTestDescriptor.java:167)
	at com.tngtech.archunit.junit.internal.ArchUnitTestDescriptor$ArchUnitRuleDescriptor.execute(ArchUnitTestDescriptor.java:150)
	at org.junit.platform.engine.support.hierarchical.NodeTestTask.lambda$executeRecursively$6(NodeTestTask.java:156)
	at org.junit.platform.engine.support.hierarchical.ThrowableCollector.execute(ThrowableCollector.java:73)
	at org.junit.platform.engine.support.hierarchical.NodeTestTask.lambda$executeRecursively$8(NodeTestTask.java:146)
	at org.junit.platform.engine.support.hierarchical.Node.around(Node.java:137)
	at org.junit.platform.engine.support.hierarchical.NodeTestTask.lambda$executeRecursively$9(NodeTestTask.java:144)
	at org.junit.platform.engine.support.hierarchical.ThrowableCollector.execute(ThrowableCollector.java:73)
	at org.junit.platform.engine.support.hierarchical.NodeTestTask.executeRecursively(NodeTestTask.java:143)
	at org.junit.platform.engine.support.hierarchical.NodeTestTask.execute(NodeTestTask.java:100)
	at java.base/java.util.ArrayList.forEach(ArrayList.java:1604)
	at org.junit.platform.engine.support.hierarchical.SameThreadHierarchicalTestExecutorService.invokeAll(SameThreadHierarchicalTestExecutorService.java:41)
	at org.junit.platform.engine.support.hierarchical.NodeTestTask.lambda$executeRecursively$6(NodeTestTask.java:160)
	at org.junit.platform.engine.support.hierarchical.ThrowableCollector.execute(ThrowableCollector.java:73)
	at org.junit.platform.engine.support.hierarchical.NodeTestTask.lambda$executeRecursively$8(NodeTestTask.java:146)
	at org.junit.platform.engine.support.hierarchical.Node.around(Node.java:137)
	at org.junit.platform.engine.support.hierarchical.NodeTestTask.lambda$executeRecursively$9(NodeTestTask.java:144)
	at org.junit.platform.engine.support.hierarchical.ThrowableCollector.execute(ThrowableCollector.java:73)
	at org.junit.platform.engine.support.hierarchical.NodeTestTask.executeRecursively(NodeTestTask.java:143)
	at org.junit.platform.engine.support.hierarchical.NodeTestTask.execute(NodeTestTask.java:100)
	at java.base/java.util.ArrayList.forEach(ArrayList.java:1604)
	at org.junit.platform.engine.support.hierarchical.SameThreadHierarchicalTestExecutorService.invokeAll(SameThreadHierarchicalTestExecutorService.java:41)
	at org.junit.platform.engine.support.hierarchical.NodeTestTask.lambda$executeRecursively$6(NodeTestTask.java:160)
	at org.junit.platform.engine.support.hierarchical.ThrowableCollector.execute(ThrowableCollector.java:73)
	at org.junit.platform.engine.support.hierarchical.NodeTestTask.lambda$executeRecursively$8(NodeTestTask.java:146)
	at org.junit.platform.engine.support.hierarchical.Node.around(Node.java:137)
	at org.junit.platform.engine.support.hierarchical.NodeTestTask.lambda$executeRecursively$9(NodeTestTask.java:144)
	at org.junit.platform.engine.support.hierarchical.ThrowableCollector.execute(ThrowableCollector.java:73)
	at org.junit.platform.engine.support.hierarchical.NodeTestTask.executeRecursively(NodeTestTask.java:143)
	at org.junit.platform.engine.support.hierarchical.NodeTestTask.execute(NodeTestTask.java:100)
	at org.junit.platform.engine.support.hierarchical.SameThreadHierarchicalTestExecutorService.submit(SameThreadHierarchicalTestExecutorService.java:35)
	at org.junit.platform.engine.support.hierarchical.HierarchicalTestExecutor.execute(HierarchicalTestExecutor.java:57)
	at org.junit.platform.engine.support.hierarchical.HierarchicalTestEngine.execute(HierarchicalTestEngine.java:54)
	at org.junit.platform.launcher.core.EngineExecutionOrchestrator.execute(EngineExecutionOrchestrator.java:198)
	at org.junit.platform.launcher.core.EngineExecutionOrchestrator.execute(EngineExecutionOrchestrator.java:169)
	at org.junit.platform.launcher.core.EngineExecutionOrchestrator.execute(EngineExecutionOrchestrator.java:93)
	at org.junit.platform.launcher.core.EngineExecutionOrchestrator.lambda$execute$0(EngineExecutionOrchestrator.java:58)
	at org.junit.platform.launcher.core.EngineExecutionOrchestrator.withInterceptedStreams(EngineExecutionOrchestrator.java:141)
	at org.junit.platform.launcher.core.EngineExecutionOrchestrator.execute(EngineExecutionOrchestrator.java:57)
	at org.junit.platform.launcher.core.DefaultLauncher.execute(DefaultLauncher.java:103)
	at org.junit.platform.launcher.core.DefaultLauncher.execute(DefaultLauncher.java:85)
	at org.junit.platform.launcher.core.DelegatingLauncher.execute(DelegatingLauncher.java:47)
	at org.apache.maven.surefire.junitplatform.LazyLauncher.execute(LazyLauncher.java:56)
	at org.apache.maven.surefire.junitplatform.JUnitPlatformProvider.execute(JUnitPlatformProvider.java:184)
	at org.apache.maven.surefire.junitplatform.JUnitPlatformProvider.invokeAllTests(JUnitPlatformProvider.java:148)
	at org.apache.maven.surefire.junitplatform.JUnitPlatformProvider.invoke(JUnitPlatformProvider.java:122)
	at org.apache.maven.surefire.booter.ForkedBooter.runSuitesInProcess(ForkedBooter.java:385)
	at org.apache.maven.surefire.booter.ForkedBooter.execute(ForkedBooter.java:162)
	at org.apache.maven.surefire.booter.ForkedBooter.run(ForkedBooter.java:507)
	at org.apache.maven.surefire.booter.ForkedBooter.main(ForkedBooter.java:495)
15:17:19.986 [main] WARN com.tngtech.archunit.core.importer.ClassFileProcessor -- Error during import from jrt:/java.base/java/lang/reflect/Type.class, falling back to simple import
java.lang.IllegalArgumentException: Unsupported class file major version 68
	at com.tngtech.archunit.thirdparty.org.objectweb.asm.ClassReader.<init>(ClassReader.java:200)
	at com.tngtech.archunit.thirdparty.org.objectweb.asm.ClassReader.<init>(ClassReader.java:180)
	at com.tngtech.archunit.thirdparty.org.objectweb.asm.ClassReader.<init>(ClassReader.java:166)
	at com.tngtech.archunit.thirdparty.org.objectweb.asm.ClassReader.<init>(ClassReader.java:288)
	at com.tngtech.archunit.core.importer.ClassFileProcessor$UriImporterOfProcessor.tryImport(ClassFileProcessor.java:350)
	at com.tngtech.archunit.core.importer.resolvers.ClassResolverFromClasspath.tryResolve(ClassResolverFromClasspath.java:51)
	at com.tngtech.archunit.core.importer.ImportedClasses.resolve(ImportedClasses.java:80)
	at com.tngtech.archunit.core.importer.ImportedClasses.getOrResolve(ImportedClasses.java:67)
	at com.tngtech.archunit.core.importer.DomainBuilders$JavaMemberBuilder.get(DomainBuilders.java:179)
	at com.tngtech.archunit.core.importer.DomainBuilders$JavaCodeUnitBuilder.asJavaClasses(DomainBuilders.java:329)
	at com.tngtech.archunit.core.importer.DomainBuilders$JavaCodeUnitBuilder.getRawParameterTypes(DomainBuilders.java:303)
	at com.tngtech.archunit.core.domain.JavaCodeUnit$Parameters.<init>(JavaCodeUnit.java:317)
	at com.tngtech.archunit.core.domain.JavaCodeUnit.<init>(JavaCodeUnit.java:82)
	at com.tngtech.archunit.core.domain.JavaMethod.<init>(JavaMethod.java:44)
	at com.tngtech.archunit.core.domain.DomainObjectCreationContext.createJavaMethod(DomainObjectCreationContext.java:144)
	at com.tngtech.archunit.core.importer.DomainBuilders$JavaMethodBuilder.construct(DomainBuilders.java:373)
	at com.tngtech.archunit.core.importer.DomainBuilders$JavaMethodBuilder.construct(DomainBuilders.java:358)
	at com.tngtech.archunit.core.importer.DomainBuilders$JavaMemberBuilder.build(DomainBuilders.java:206)
	at com.tngtech.archunit.core.importer.DomainBuilders$JavaMemberBuilder.build(DomainBuilders.java:138)
	at com.tngtech.archunit.core.importer.DomainBuilders$BuilderWithBuildParameter$BuildFinisher.lambda$build$0(DomainBuilders.java:892)
	at java.base/java.util.stream.ReferencePipeline$3$1.accept(ReferencePipeline.java:215)
	at java.base/java.util.stream.ReferencePipeline$2$1.accept(ReferencePipeline.java:197)
	at java.base/java.util.HashMap$KeySpliterator.forEachRemaining(HashMap.java:1716)
	at java.base/java.util.stream.AbstractPipeline.copyInto(AbstractPipeline.java:570)
	at java.base/java.util.stream.AbstractPipeline.wrapAndCopyInto(AbstractPipeline.java:560)
	at java.base/java.util.stream.ReduceOps$ReduceOp.evaluateSequential(ReduceOps.java:921)
	at java.base/java.util.stream.AbstractPipeline.evaluate(AbstractPipeline.java:265)
	at java.base/java.util.stream.ReferencePipeline.collect(ReferencePipeline.java:727)
	at com.tngtech.archunit.core.importer.DomainBuilders$BuilderWithBuildParameter$BuildFinisher.build(DomainBuilders.java:892)
	at com.tngtech.archunit.core.importer.ClassGraphCreator.createMethods(ClassGraphCreator.java:322)
	at com.tngtech.archunit.core.domain.JavaClassMembers.create(JavaClassMembers.java:352)
	at com.tngtech.archunit.core.domain.JavaClass.completeMembers(JavaClass.java:1477)
	at com.tngtech.archunit.core.domain.DomainObjectCreationContext.completeMembers(DomainObjectCreationContext.java:96)
	at com.tngtech.archunit.core.importer.ClassGraphCreator.completeClasses(ClassGraphCreator.java:120)
	at com.tngtech.archunit.core.importer.ClassGraphCreator.complete(ClassGraphCreator.java:108)
	at com.tngtech.archunit.core.importer.ClassFileProcessor.process(ClassFileProcessor.java:75)
	at com.tngtech.archunit.core.importer.ClassFileImporter.importLocations(ClassFileImporter.java:325)
	at com.tngtech.archunit.junit.internal.ClassCache$CacheClassFileImporter.importClasses(ClassCache.java:126)
	at com.tngtech.archunit.junit.internal.ClassCache$LazyJavaClasses.initialize(ClassCache.java:118)
	at com.tngtech.archunit.junit.internal.ClassCache$LazyJavaClasses.get(ClassCache.java:107)
	at com.tngtech.archunit.junit.internal.ClassCache.getClassesToAnalyzeFor(ClassCache.java:84)
	at com.tngtech.archunit.junit.internal.ArchUnitTestDescriptor.lambda$createChildren$1(ArchUnitTestDescriptor.java:90)
	at com.tngtech.archunit.junit.internal.ArchUnitTestDescriptor$ArchUnitRuleDescriptor.execute(ArchUnitTestDescriptor.java:167)
	at com.tngtech.archunit.junit.internal.ArchUnitTestDescriptor$ArchUnitRuleDescriptor.execute(ArchUnitTestDescriptor.java:150)
	at org.junit.platform.engine.support.hierarchical.NodeTestTask.lambda$executeRecursively$6(NodeTestTask.java:156)
	at org.junit.platform.engine.support.hierarchical.ThrowableCollector.execute(ThrowableCollector.java:73)
	at org.junit.platform.engine.support.hierarchical.NodeTestTask.lambda$executeRecursively$8(NodeTestTask.java:146)
	at org.junit.platform.engine.support.hierarchical.Node.around(Node.java:137)
	at org.junit.platform.engine.support.hierarchical.NodeTestTask.lambda$executeRecursively$9(NodeTestTask.java:144)
	at org.junit.platform.engine.support.hierarchical.ThrowableCollector.execute(ThrowableCollector.java:73)
	at org.junit.platform.engine.support.hierarchical.NodeTestTask.executeRecursively(NodeTestTask.java:143)
	at org.junit.platform.engine.support.hierarchical.NodeTestTask.execute(NodeTestTask.java:100)
	at java.base/java.util.ArrayList.forEach(ArrayList.java:1604)
	at org.junit.platform.engine.support.hierarchical.SameThreadHierarchicalTestExecutorService.invokeAll(SameThreadHierarchicalTestExecutorService.java:41)
	at org.junit.platform.engine.support.hierarchical.NodeTestTask.lambda$executeRecursively$6(NodeTestTask.java:160)
	at org.junit.platform.engine.support.hierarchical.ThrowableCollector.execute(ThrowableCollector.java:73)
	at org.junit.platform.engine.support.hierarchical.NodeTestTask.lambda$executeRecursively$8(NodeTestTask.java:146)
	at org.junit.platform.engine.support.hierarchical.Node.around(Node.java:137)
	at org.junit.platform.engine.support.hierarchical.NodeTestTask.lambda$executeRecursively$9(NodeTestTask.java:144)
	at org.junit.platform.engine.support.hierarchical.ThrowableCollector.execute(ThrowableCollector.java:73)
	at org.junit.platform.engine.support.hierarchical.NodeTestTask.executeRecursively(NodeTestTask.java:143)
	at org.junit.platform.engine.support.hierarchical.NodeTestTask.execute(NodeTestTask.java:100)
	at java.base/java.util.ArrayList.forEach(ArrayList.java:1604)
	at org.junit.platform.engine.support.hierarchical.SameThreadHierarchicalTestExecutorService.invokeAll(SameThreadHierarchicalTestExecutorService.java:41)
	at org.junit.platform.engine.support.hierarchical.NodeTestTask.lambda$executeRecursively$6(NodeTestTask.java:160)
	at org.junit.platform.engine.support.hierarchical.ThrowableCollector.execute(ThrowableCollector.java:73)
	at org.junit.platform.engine.support.hierarchical.NodeTestTask.lambda$executeRecursively$8(NodeTestTask.java:146)
	at org.junit.platform.engine.support.hierarchical.Node.around(Node.java:137)
	at org.junit.platform.engine.support.hierarchical.NodeTestTask.lambda$executeRecursively$9(NodeTestTask.java:144)
	at org.junit.platform.engine.support.hierarchical.ThrowableCollector.execute(ThrowableCollector.java:73)
	at org.junit.platform.engine.support.hierarchical.NodeTestTask.executeRecursively(NodeTestTask.java:143)
	at org.junit.platform.engine.support.hierarchical.NodeTestTask.execute(NodeTestTask.java:100)
	at org.junit.platform.engine.support.hierarchical.SameThreadHierarchicalTestExecutorService.submit(SameThreadHierarchicalTestExecutorService.java:35)
	at org.junit.platform.engine.support.hierarchical.HierarchicalTestExecutor.execute(HierarchicalTestExecutor.java:57)
	at org.junit.platform.engine.support.hierarchical.HierarchicalTestEngine.execute(HierarchicalTestEngine.java:54)
	at org.junit.platform.launcher.core.EngineExecutionOrchestrator.execute(EngineExecutionOrchestrator.java:198)
	at org.junit.platform.launcher.core.EngineExecutionOrchestrator.execute(EngineExecutionOrchestrator.java:169)
	at org.junit.platform.launcher.core.EngineExecutionOrchestrator.execute(EngineExecutionOrchestrator.java:93)
	at org.junit.platform.launcher.core.EngineExecutionOrchestrator.lambda$execute$0(EngineExecutionOrchestrator.java:58)
	at org.junit.platform.launcher.core.EngineExecutionOrchestrator.withInterceptedStreams(EngineExecutionOrchestrator.java:141)
	at org.junit.platform.launcher.core.EngineExecutionOrchestrator.execute(EngineExecutionOrchestrator.java:57)
	at org.junit.platform.launcher.core.DefaultLauncher.execute(DefaultLauncher.java:103)
	at org.junit.platform.launcher.core.DefaultLauncher.execute(DefaultLauncher.java:85)
	at org.junit.platform.launcher.core.DelegatingLauncher.execute(DelegatingLauncher.java:47)
	at org.apache.maven.surefire.junitplatform.LazyLauncher.execute(LazyLauncher.java:56)
	at org.apache.maven.surefire.junitplatform.JUnitPlatformProvider.execute(JUnitPlatformProvider.java:184)
	at org.apache.maven.surefire.junitplatform.JUnitPlatformProvider.invokeAllTests(JUnitPlatformProvider.java:148)
	at org.apache.maven.surefire.junitplatform.JUnitPlatformProvider.invoke(JUnitPlatformProvider.java:122)
	at org.apache.maven.surefire.booter.ForkedBooter.runSuitesInProcess(ForkedBooter.java:385)
	at org.apache.maven.surefire.booter.ForkedBooter.execute(ForkedBooter.java:162)
	at org.apache.maven.surefire.booter.ForkedBooter.run(ForkedBooter.java:507)
	at org.apache.maven.surefire.booter.ForkedBooter.main(ForkedBooter.java:495)
15:17:20.004 [main] WARN com.tngtech.archunit.core.importer.ClassFileProcessor -- Error during import from jrt:/java.base/java/util/concurrent/CopyOnWriteArrayList.class, falling back to simple import
java.lang.IllegalArgumentException: Unsupported class file major version 68
	at com.tngtech.archunit.thirdparty.org.objectweb.asm.ClassReader.<init>(ClassReader.java:200)
	at com.tngtech.archunit.thirdparty.org.objectweb.asm.ClassReader.<init>(ClassReader.java:180)
	at com.tngtech.archunit.thirdparty.org.objectweb.asm.ClassReader.<init>(ClassReader.java:166)
	at com.tngtech.archunit.thirdparty.org.objectweb.asm.ClassReader.<init>(ClassReader.java:288)
	at com.tngtech.archunit.core.importer.ClassFileProcessor$UriImporterOfProcessor.tryImport(ClassFileProcessor.java:350)
	at com.tngtech.archunit.core.importer.resolvers.ClassResolverFromClasspath.tryResolve(ClassResolverFromClasspath.java:51)
	at com.tngtech.archunit.core.importer.ImportedClasses.resolve(ImportedClasses.java:80)
	at com.tngtech.archunit.core.importer.ImportedClasses.getOrResolve(ImportedClasses.java:67)
	at com.tngtech.archunit.core.importer.DomainBuilders$JavaParameterizedTypeBuilder.build(DomainBuilders.java:845)
	at com.tngtech.archunit.core.importer.SignatureTypeArgumentProcessor$NewJavaTypeCreationProcess.finish(SignatureTypeArgumentProcessor.java:170)
	at com.tngtech.archunit.core.importer.SignatureTypeArgumentProcessor$NewJavaTypeCreationProcess.finish(SignatureTypeArgumentProcessor.java:155)
	at com.tngtech.archunit.core.importer.DomainBuilders$JavaFieldBuilder.getType(DomainBuilders.java:226)
	at com.tngtech.archunit.core.domain.JavaField.<init>(JavaField.java:40)
	at com.tngtech.archunit.core.domain.DomainObjectCreationContext.createJavaField(DomainObjectCreationContext.java:108)
	at com.tngtech.archunit.core.importer.DomainBuilders$JavaFieldBuilder.construct(DomainBuilders.java:236)
	at com.tngtech.archunit.core.importer.DomainBuilders$JavaFieldBuilder.construct(DomainBuilders.java:210)
	at com.tngtech.archunit.core.importer.DomainBuilders$JavaMemberBuilder.build(DomainBuilders.java:206)
	at com.tngtech.archunit.core.importer.DomainBuilders$JavaMemberBuilder.build(DomainBuilders.java:138)
	at com.tngtech.archunit.core.importer.DomainBuilders$BuilderWithBuildParameter$BuildFinisher.lambda$build$0(DomainBuilders.java:892)
	at java.base/java.util.stream.ReferencePipeline$3$1.accept(ReferencePipeline.java:215)
	at java.base/java.util.HashMap$KeySpliterator.forEachRemaining(HashMap.java:1716)
	at java.base/java.util.stream.AbstractPipeline.copyInto(AbstractPipeline.java:570)
	at java.base/java.util.stream.AbstractPipeline.wrapAndCopyInto(AbstractPipeline.java:560)
	at java.base/java.util.stream.ReduceOps$ReduceOp.evaluateSequential(ReduceOps.java:921)
	at java.base/java.util.stream.AbstractPipeline.evaluate(AbstractPipeline.java:265)
	at java.base/java.util.stream.ReferencePipeline.collect(ReferencePipeline.java:727)
	at com.tngtech.archunit.core.importer.DomainBuilders$BuilderWithBuildParameter$BuildFinisher.build(DomainBuilders.java:892)
	at com.tngtech.archunit.core.importer.DomainBuilders$BuilderWithBuildParameter$BuildFinisher.build(DomainBuilders.java:882)
	at com.tngtech.archunit.core.importer.ClassGraphCreator.createFields(ClassGraphCreator.java:309)
	at com.tngtech.archunit.core.domain.JavaClassMembers.create(JavaClassMembers.java:351)
	at com.tngtech.archunit.core.domain.JavaClass.completeMembers(JavaClass.java:1477)
	at com.tngtech.archunit.core.domain.DomainObjectCreationContext.completeMembers(DomainObjectCreationContext.java:96)
	at com.tngtech.archunit.core.importer.ClassGraphCreator.completeClasses(ClassGraphCreator.java:120)
	at com.tngtech.archunit.core.importer.ClassGraphCreator.complete(ClassGraphCreator.java:108)
	at com.tngtech.archunit.core.importer.ClassFileProcessor.process(ClassFileProcessor.java:75)
	at com.tngtech.archunit.core.importer.ClassFileImporter.importLocations(ClassFileImporter.java:325)
	at com.tngtech.archunit.junit.internal.ClassCache$CacheClassFileImporter.importClasses(ClassCache.java:126)
	at com.tngtech.archunit.junit.internal.ClassCache$LazyJavaClasses.initialize(ClassCache.java:118)
	at com.tngtech.archunit.junit.internal.ClassCache$LazyJavaClasses.get(ClassCache.java:107)
	at com.tngtech.archunit.junit.internal.ClassCache.getClassesToAnalyzeFor(ClassCache.java:84)
	at com.tngtech.archunit.junit.internal.ArchUnitTestDescriptor.lambda$createChildren$1(ArchUnitTestDescriptor.java:90)
	at com.tngtech.archunit.junit.internal.ArchUnitTestDescriptor$ArchUnitRuleDescriptor.execute(ArchUnitTestDescriptor.java:167)
	at com.tngtech.archunit.junit.internal.ArchUnitTestDescriptor$ArchUnitRuleDescriptor.execute(ArchUnitTestDescriptor.java:150)
	at org.junit.platform.engine.support.hierarchical.NodeTestTask.lambda$executeRecursively$6(NodeTestTask.java:156)
	at org.junit.platform.engine.support.hierarchical.ThrowableCollector.execute(ThrowableCollector.java:73)
	at org.junit.platform.engine.support.hierarchical.NodeTestTask.lambda$executeRecursively$8(NodeTestTask.java:146)
	at org.junit.platform.engine.support.hierarchical.Node.around(Node.java:137)
	at org.junit.platform.engine.support.hierarchical.NodeTestTask.lambda$executeRecursively$9(NodeTestTask.java:144)
	at org.junit.platform.engine.support.hierarchical.ThrowableCollector.execute(ThrowableCollector.java:73)
	at org.junit.platform.engine.support.hierarchical.NodeTestTask.executeRecursively(NodeTestTask.java:143)
	at org.junit.platform.engine.support.hierarchical.NodeTestTask.execute(NodeTestTask.java:100)
	at java.base/java.util.ArrayList.forEach(ArrayList.java:1604)
	at org.junit.platform.engine.support.hierarchical.SameThreadHierarchicalTestExecutorService.invokeAll(SameThreadHierarchicalTestExecutorService.java:41)
	at org.junit.platform.engine.support.hierarchical.NodeTestTask.lambda$executeRecursively$6(NodeTestTask.java:160)
	at org.junit.platform.engine.support.hierarchical.ThrowableCollector.execute(ThrowableCollector.java:73)
	at org.junit.platform.engine.support.hierarchical.NodeTestTask.lambda$executeRecursively$8(NodeTestTask.java:146)
	at org.junit.platform.engine.support.hierarchical.Node.around(Node.java:137)
	at org.junit.platform.engine.support.hierarchical.NodeTestTask.lambda$executeRecursively$9(NodeTestTask.java:144)
	at org.junit.platform.engine.support.hierarchical.ThrowableCollector.execute(ThrowableCollector.java:73)
	at org.junit.platform.engine.support.hierarchical.NodeTestTask.executeRecursively(NodeTestTask.java:143)
	at org.junit.platform.engine.support.hierarchical.NodeTestTask.execute(NodeTestTask.java:100)
	at java.base/java.util.ArrayList.forEach(ArrayList.java:1604)
	at org.junit.platform.engine.support.hierarchical.SameThreadHierarchicalTestExecutorService.invokeAll(SameThreadHierarchicalTestExecutorService.java:41)
	at org.junit.platform.engine.support.hierarchical.NodeTestTask.lambda$executeRecursively$6(NodeTestTask.java:160)
	at org.junit.platform.engine.support.hierarchical.ThrowableCollector.execute(ThrowableCollector.java:73)
	at org.junit.platform.engine.support.hierarchical.NodeTestTask.lambda$executeRecursively$8(NodeTestTask.java:146)
	at org.junit.platform.engine.support.hierarchical.Node.around(Node.java:137)
	at org.junit.platform.engine.support.hierarchical.NodeTestTask.lambda$executeRecursively$9(NodeTestTask.java:144)
	at org.junit.platform.engine.support.hierarchical.ThrowableCollector.execute(ThrowableCollector.java:73)
	at org.junit.platform.engine.support.hierarchical.NodeTestTask.executeRecursively(NodeTestTask.java:143)
	at org.junit.platform.engine.support.hierarchical.NodeTestTask.execute(NodeTestTask.java:100)
	at org.junit.platform.engine.support.hierarchical.SameThreadHierarchicalTestExecutorService.submit(SameThreadHierarchicalTestExecutorService.java:35)
	at org.junit.platform.engine.support.hierarchical.HierarchicalTestExecutor.execute(HierarchicalTestExecutor.java:57)
	at org.junit.platform.engine.support.hierarchical.HierarchicalTestEngine.execute(HierarchicalTestEngine.java:54)
	at org.junit.platform.launcher.core.EngineExecutionOrchestrator.execute(EngineExecutionOrchestrator.java:198)
	at org.junit.platform.launcher.core.EngineExecutionOrchestrator.execute(EngineExecutionOrchestrator.java:169)
	at org.junit.platform.launcher.core.EngineExecutionOrchestrator.execute(EngineExecutionOrchestrator.java:93)
	at org.junit.platform.launcher.core.EngineExecutionOrchestrator.lambda$execute$0(EngineExecutionOrchestrator.java:58)
	at org.junit.platform.launcher.core.EngineExecutionOrchestrator.withInterceptedStreams(EngineExecutionOrchestrator.java:141)
	at org.junit.platform.launcher.core.EngineExecutionOrchestrator.execute(EngineExecutionOrchestrator.java:57)
	at org.junit.platform.launcher.core.DefaultLauncher.execute(DefaultLauncher.java:103)
	at org.junit.platform.launcher.core.DefaultLauncher.execute(DefaultLauncher.java:85)
	at org.junit.platform.launcher.core.DelegatingLauncher.execute(DelegatingLauncher.java:47)
	at org.apache.maven.surefire.junitplatform.LazyLauncher.execute(LazyLauncher.java:56)
	at org.apache.maven.surefire.junitplatform.JUnitPlatformProvider.execute(JUnitPlatformProvider.java:184)
	at org.apache.maven.surefire.junitplatform.JUnitPlatformProvider.invokeAllTests(JUnitPlatformProvider.java:148)
	at org.apache.maven.surefire.junitplatform.JUnitPlatformProvider.invoke(JUnitPlatformProvider.java:122)
	at org.apache.maven.surefire.booter.ForkedBooter.runSuitesInProcess(ForkedBooter.java:385)
	at org.apache.maven.surefire.booter.ForkedBooter.execute(ForkedBooter.java:162)
	at org.apache.maven.surefire.booter.ForkedBooter.run(ForkedBooter.java:507)
	at org.apache.maven.surefire.booter.ForkedBooter.main(ForkedBooter.java:495)
15:17:20.014 [main] WARN com.tngtech.archunit.core.importer.ClassFileProcessor -- Error during import from jrt:/java.base/java/util/function/BiFunction.class, falling back to simple import
java.lang.IllegalArgumentException: Unsupported class file major version 68
	at com.tngtech.archunit.thirdparty.org.objectweb.asm.ClassReader.<init>(ClassReader.java:200)
	at com.tngtech.archunit.thirdparty.org.objectweb.asm.ClassReader.<init>(ClassReader.java:180)
	at com.tngtech.archunit.thirdparty.org.objectweb.asm.ClassReader.<init>(ClassReader.java:166)
	at com.tngtech.archunit.thirdparty.org.objectweb.asm.ClassReader.<init>(ClassReader.java:288)
	at com.tngtech.archunit.core.importer.ClassFileProcessor$UriImporterOfProcessor.tryImport(ClassFileProcessor.java:350)
	at com.tngtech.archunit.core.importer.resolvers.ClassResolverFromClasspath.tryResolve(ClassResolverFromClasspath.java:51)
	at com.tngtech.archunit.core.importer.ImportedClasses.resolve(ImportedClasses.java:80)
	at com.tngtech.archunit.core.importer.ImportedClasses.getOrResolve(ImportedClasses.java:67)
	at com.tngtech.archunit.core.importer.DomainBuilders$JavaMemberBuilder.get(DomainBuilders.java:179)
	at com.tngtech.archunit.core.importer.DomainBuilders$JavaCodeUnitBuilder.asJavaClasses(DomainBuilders.java:329)
	at com.tngtech.archunit.core.importer.DomainBuilders$JavaCodeUnitBuilder.getRawParameterTypes(DomainBuilders.java:303)
	at com.tngtech.archunit.core.domain.JavaCodeUnit$Parameters.<init>(JavaCodeUnit.java:317)
	at com.tngtech.archunit.core.domain.JavaCodeUnit.<init>(JavaCodeUnit.java:82)
	at com.tngtech.archunit.core.domain.JavaMethod.<init>(JavaMethod.java:44)
	at com.tngtech.archunit.core.domain.DomainObjectCreationContext.createJavaMethod(DomainObjectCreationContext.java:144)
	at com.tngtech.archunit.core.importer.DomainBuilders$JavaMethodBuilder.construct(DomainBuilders.java:373)
	at com.tngtech.archunit.core.importer.DomainBuilders$JavaMethodBuilder.construct(DomainBuilders.java:358)
	at com.tngtech.archunit.core.importer.DomainBuilders$JavaMemberBuilder.build(DomainBuilders.java:206)
	at com.tngtech.archunit.core.importer.DomainBuilders$JavaMemberBuilder.build(DomainBuilders.java:138)
	at com.tngtech.archunit.core.importer.DomainBuilders$BuilderWithBuildParameter$BuildFinisher.lambda$build$0(DomainBuilders.java:892)
	at java.base/java.util.stream.ReferencePipeline$3$1.accept(ReferencePipeline.java:215)
	at java.base/java.util.stream.ReferencePipeline$2$1.accept(ReferencePipeline.java:197)
	at java.base/java.util.HashMap$KeySpliterator.forEachRemaining(HashMap.java:1716)
	at java.base/java.util.stream.AbstractPipeline.copyInto(AbstractPipeline.java:570)
	at java.base/java.util.stream.AbstractPipeline.wrapAndCopyInto(AbstractPipeline.java:560)
	at java.base/java.util.stream.ReduceOps$ReduceOp.evaluateSequential(ReduceOps.java:921)
	at java.base/java.util.stream.AbstractPipeline.evaluate(AbstractPipeline.java:265)
	at java.base/java.util.stream.ReferencePipeline.collect(ReferencePipeline.java:727)
	at com.tngtech.archunit.core.importer.DomainBuilders$BuilderWithBuildParameter$BuildFinisher.build(DomainBuilders.java:892)
	at com.tngtech.archunit.core.importer.ClassGraphCreator.createMethods(ClassGraphCreator.java:322)
	at com.tngtech.archunit.core.domain.JavaClassMembers.create(JavaClassMembers.java:352)
	at com.tngtech.archunit.core.domain.JavaClass.completeMembers(JavaClass.java:1477)
	at com.tngtech.archunit.core.domain.DomainObjectCreationContext.completeMembers(DomainObjectCreationContext.java:96)
	at com.tngtech.archunit.core.importer.ClassGraphCreator.completeClasses(ClassGraphCreator.java:120)
	at com.tngtech.archunit.core.importer.ClassGraphCreator.complete(ClassGraphCreator.java:108)
	at com.tngtech.archunit.core.importer.ClassFileProcessor.process(ClassFileProcessor.java:75)
	at com.tngtech.archunit.core.importer.ClassFileImporter.importLocations(ClassFileImporter.java:325)
	at com.tngtech.archunit.junit.internal.ClassCache$CacheClassFileImporter.importClasses(ClassCache.java:126)
	at com.tngtech.archunit.junit.internal.ClassCache$LazyJavaClasses.initialize(ClassCache.java:118)
	at com.tngtech.archunit.junit.internal.ClassCache$LazyJavaClasses.get(ClassCache.java:107)
	at com.tngtech.archunit.junit.internal.ClassCache.getClassesToAnalyzeFor(ClassCache.java:84)
	at com.tngtech.archunit.junit.internal.ArchUnitTestDescriptor.lambda$createChildren$1(ArchUnitTestDescriptor.java:90)
	at com.tngtech.archunit.junit.internal.ArchUnitTestDescriptor$ArchUnitRuleDescriptor.execute(ArchUnitTestDescriptor.java:167)
	at com.tngtech.archunit.junit.internal.ArchUnitTestDescriptor$ArchUnitRuleDescriptor.execute(ArchUnitTestDescriptor.java:150)
	at org.junit.platform.engine.support.hierarchical.NodeTestTask.lambda$executeRecursively$6(NodeTestTask.java:156)
	at org.junit.platform.engine.support.hierarchical.ThrowableCollector.execute(ThrowableCollector.java:73)
	at org.junit.platform.engine.support.hierarchical.NodeTestTask.lambda$executeRecursively$8(NodeTestTask.java:146)
	at org.junit.platform.engine.support.hierarchical.Node.around(Node.java:137)
	at org.junit.platform.engine.support.hierarchical.NodeTestTask.lambda$executeRecursively$9(NodeTestTask.java:144)
	at org.junit.platform.engine.support.hierarchical.ThrowableCollector.execute(ThrowableCollector.java:73)
	at org.junit.platform.engine.support.hierarchical.NodeTestTask.executeRecursively(NodeTestTask.java:143)
	at org.junit.platform.engine.support.hierarchical.NodeTestTask.execute(NodeTestTask.java:100)
	at java.base/java.util.ArrayList.forEach(ArrayList.java:1604)
	at org.junit.platform.engine.support.hierarchical.SameThreadHierarchicalTestExecutorService.invokeAll(SameThreadHierarchicalTestExecutorService.java:41)
	at org.junit.platform.engine.support.hierarchical.NodeTestTask.lambda$executeRecursively$6(NodeTestTask.java:160)
	at org.junit.platform.engine.support.hierarchical.ThrowableCollector.execute(ThrowableCollector.java:73)
	at org.junit.platform.engine.support.hierarchical.NodeTestTask.lambda$executeRecursively$8(NodeTestTask.java:146)
	at org.junit.platform.engine.support.hierarchical.Node.around(Node.java:137)
	at org.junit.platform.engine.support.hierarchical.NodeTestTask.lambda$executeRecursively$9(NodeTestTask.java:144)
	at org.junit.platform.engine.support.hierarchical.ThrowableCollector.execute(ThrowableCollector.java:73)
	at org.junit.platform.engine.support.hierarchical.NodeTestTask.executeRecursively(NodeTestTask.java:143)
	at org.junit.platform.engine.support.hierarchical.NodeTestTask.execute(NodeTestTask.java:100)
	at java.base/java.util.ArrayList.forEach(ArrayList.java:1604)
	at org.junit.platform.engine.support.hierarchical.SameThreadHierarchicalTestExecutorService.invokeAll(SameThreadHierarchicalTestExecutorService.java:41)
	at org.junit.platform.engine.support.hierarchical.NodeTestTask.lambda$executeRecursively$6(NodeTestTask.java:160)
	at org.junit.platform.engine.support.hierarchical.ThrowableCollector.execute(ThrowableCollector.java:73)
	at org.junit.platform.engine.support.hierarchical.NodeTestTask.lambda$executeRecursively$8(NodeTestTask.java:146)
	at org.junit.platform.engine.support.hierarchical.Node.around(Node.java:137)
	at org.junit.platform.engine.support.hierarchical.NodeTestTask.lambda$executeRecursively$9(NodeTestTask.java:144)
	at org.junit.platform.engine.support.hierarchical.ThrowableCollector.execute(ThrowableCollector.java:73)
	at org.junit.platform.engine.support.hierarchical.NodeTestTask.executeRecursively(NodeTestTask.java:143)
	at org.junit.platform.engine.support.hierarchical.NodeTestTask.execute(NodeTestTask.java:100)
	at org.junit.platform.engine.support.hierarchical.SameThreadHierarchicalTestExecutorService.submit(SameThreadHierarchicalTestExecutorService.java:35)
	at org.junit.platform.engine.support.hierarchical.HierarchicalTestExecutor.execute(HierarchicalTestExecutor.java:57)
	at org.junit.platform.engine.support.hierarchical.HierarchicalTestEngine.execute(HierarchicalTestEngine.java:54)
	at org.junit.platform.launcher.core.EngineExecutionOrchestrator.execute(EngineExecutionOrchestrator.java:198)
	at org.junit.platform.launcher.core.EngineExecutionOrchestrator.execute(EngineExecutionOrchestrator.java:169)
	at org.junit.platform.launcher.core.EngineExecutionOrchestrator.execute(EngineExecutionOrchestrator.java:93)
	at org.junit.platform.launcher.core.EngineExecutionOrchestrator.lambda$execute$0(EngineExecutionOrchestrator.java:58)
	at org.junit.platform.launcher.core.EngineExecutionOrchestrator.withInterceptedStreams(EngineExecutionOrchestrator.java:141)
	at org.junit.platform.launcher.core.EngineExecutionOrchestrator.execute(EngineExecutionOrchestrator.java:57)
	at org.junit.platform.launcher.core.DefaultLauncher.execute(DefaultLauncher.java:103)
	at org.junit.platform.launcher.core.DefaultLauncher.execute(DefaultLauncher.java:85)
	at org.junit.platform.launcher.core.DelegatingLauncher.execute(DelegatingLauncher.java:47)
	at org.apache.maven.surefire.junitplatform.LazyLauncher.execute(LazyLauncher.java:56)
	at org.apache.maven.surefire.junitplatform.JUnitPlatformProvider.execute(JUnitPlatformProvider.java:184)
	at org.apache.maven.surefire.junitplatform.JUnitPlatformProvider.invokeAllTests(JUnitPlatformProvider.java:148)
	at org.apache.maven.surefire.junitplatform.JUnitPlatformProvider.invoke(JUnitPlatformProvider.java:122)
	at org.apache.maven.surefire.booter.ForkedBooter.runSuitesInProcess(ForkedBooter.java:385)
	at org.apache.maven.surefire.booter.ForkedBooter.execute(ForkedBooter.java:162)
	at org.apache.maven.surefire.booter.ForkedBooter.run(ForkedBooter.java:507)
	at org.apache.maven.surefire.booter.ForkedBooter.main(ForkedBooter.java:495)
15:17:20.026 [main] WARN com.tngtech.archunit.core.importer.ClassFileProcessor -- Error during import from jrt:/java.base/java/util/ArrayList.class, falling back to simple import
java.lang.IllegalArgumentException: Unsupported class file major version 68
	at com.tngtech.archunit.thirdparty.org.objectweb.asm.ClassReader.<init>(ClassReader.java:200)
	at com.tngtech.archunit.thirdparty.org.objectweb.asm.ClassReader.<init>(ClassReader.java:180)
	at com.tngtech.archunit.thirdparty.org.objectweb.asm.ClassReader.<init>(ClassReader.java:166)
	at com.tngtech.archunit.thirdparty.org.objectweb.asm.ClassReader.<init>(ClassReader.java:288)
	at com.tngtech.archunit.core.importer.ClassFileProcessor$UriImporterOfProcessor.tryImport(ClassFileProcessor.java:350)
	at com.tngtech.archunit.core.importer.resolvers.ClassResolverFromClasspath.tryResolve(ClassResolverFromClasspath.java:51)
	at com.tngtech.archunit.core.importer.ImportedClasses.resolve(ImportedClasses.java:80)
	at com.tngtech.archunit.core.importer.ImportedClasses.getOrResolve(ImportedClasses.java:67)
	at com.tngtech.archunit.core.importer.DomainBuilders$JavaParameterizedTypeBuilder.build(DomainBuilders.java:845)
	at com.tngtech.archunit.core.importer.SignatureTypeArgumentProcessor$NewJavaTypeCreationProcess.finish(SignatureTypeArgumentProcessor.java:170)
	at com.tngtech.archunit.core.importer.SignatureTypeArgumentProcessor$NewJavaTypeCreationProcess.finish(SignatureTypeArgumentProcessor.java:155)
	at com.tngtech.archunit.core.importer.DomainBuilders$JavaFieldBuilder.getType(DomainBuilders.java:226)
	at com.tngtech.archunit.core.domain.JavaField.<init>(JavaField.java:40)
	at com.tngtech.archunit.core.domain.DomainObjectCreationContext.createJavaField(DomainObjectCreationContext.java:108)
	at com.tngtech.archunit.core.importer.DomainBuilders$JavaFieldBuilder.construct(DomainBuilders.java:236)
	at com.tngtech.archunit.core.importer.DomainBuilders$JavaFieldBuilder.construct(DomainBuilders.java:210)
	at com.tngtech.archunit.core.importer.DomainBuilders$JavaMemberBuilder.build(DomainBuilders.java:206)
	at com.tngtech.archunit.core.importer.DomainBuilders$JavaMemberBuilder.build(DomainBuilders.java:138)
	at com.tngtech.archunit.core.importer.DomainBuilders$BuilderWithBuildParameter$BuildFinisher.lambda$build$0(DomainBuilders.java:892)
	at java.base/java.util.stream.ReferencePipeline$3$1.accept(ReferencePipeline.java:215)
	at java.base/java.util.HashMap$KeySpliterator.forEachRemaining(HashMap.java:1716)
	at java.base/java.util.stream.AbstractPipeline.copyInto(AbstractPipeline.java:570)
	at java.base/java.util.stream.AbstractPipeline.wrapAndCopyInto(AbstractPipeline.java:560)
	at java.base/java.util.stream.ReduceOps$ReduceOp.evaluateSequential(ReduceOps.java:921)
	at java.base/java.util.stream.AbstractPipeline.evaluate(AbstractPipeline.java:265)
	at java.base/java.util.stream.ReferencePipeline.collect(ReferencePipeline.java:727)
	at com.tngtech.archunit.core.importer.DomainBuilders$BuilderWithBuildParameter$BuildFinisher.build(DomainBuilders.java:892)
	at com.tngtech.archunit.core.importer.DomainBuilders$BuilderWithBuildParameter$BuildFinisher.build(DomainBuilders.java:882)
	at com.tngtech.archunit.core.importer.ClassGraphCreator.createFields(ClassGraphCreator.java:309)
	at com.tngtech.archunit.core.domain.JavaClassMembers.create(JavaClassMembers.java:351)
	at com.tngtech.archunit.core.domain.JavaClass.completeMembers(JavaClass.java:1477)
	at com.tngtech.archunit.core.domain.DomainObjectCreationContext.completeMembers(DomainObjectCreationContext.java:96)
	at com.tngtech.archunit.core.importer.ClassGraphCreator.completeClasses(ClassGraphCreator.java:120)
	at com.tngtech.archunit.core.importer.ClassGraphCreator.complete(ClassGraphCreator.java:108)
	at com.tngtech.archunit.core.importer.ClassFileProcessor.process(ClassFileProcessor.java:75)
	at com.tngtech.archunit.core.importer.ClassFileImporter.importLocations(ClassFileImporter.java:325)
	at com.tngtech.archunit.junit.internal.ClassCache$CacheClassFileImporter.importClasses(ClassCache.java:126)
	at com.tngtech.archunit.junit.internal.ClassCache$LazyJavaClasses.initialize(ClassCache.java:118)
	at com.tngtech.archunit.junit.internal.ClassCache$LazyJavaClasses.get(ClassCache.java:107)
	at com.tngtech.archunit.junit.internal.ClassCache.getClassesToAnalyzeFor(ClassCache.java:84)
	at com.tngtech.archunit.junit.internal.ArchUnitTestDescriptor.lambda$createChildren$1(ArchUnitTestDescriptor.java:90)
	at com.tngtech.archunit.junit.internal.ArchUnitTestDescriptor$ArchUnitRuleDescriptor.execute(ArchUnitTestDescriptor.java:167)
	at com.tngtech.archunit.junit.internal.ArchUnitTestDescriptor$ArchUnitRuleDescriptor.execute(ArchUnitTestDescriptor.java:150)
	at org.junit.platform.engine.support.hierarchical.NodeTestTask.lambda$executeRecursively$6(NodeTestTask.java:156)
	at org.junit.platform.engine.support.hierarchical.ThrowableCollector.execute(ThrowableCollector.java:73)
	at org.junit.platform.engine.support.hierarchical.NodeTestTask.lambda$executeRecursively$8(NodeTestTask.java:146)
	at org.junit.platform.engine.support.hierarchical.Node.around(Node.java:137)
	at org.junit.platform.engine.support.hierarchical.NodeTestTask.lambda$executeRecursively$9(NodeTestTask.java:144)
	at org.junit.platform.engine.support.hierarchical.ThrowableCollector.execute(ThrowableCollector.java:73)
	at org.junit.platform.engine.support.hierarchical.NodeTestTask.executeRecursively(NodeTestTask.java:143)
	at org.junit.platform.engine.support.hierarchical.NodeTestTask.execute(NodeTestTask.java:100)
	at java.base/java.util.ArrayList.forEach(ArrayList.java:1604)
	at org.junit.platform.engine.support.hierarchical.SameThreadHierarchicalTestExecutorService.invokeAll(SameThreadHierarchicalTestExecutorService.java:41)
	at org.junit.platform.engine.support.hierarchical.NodeTestTask.lambda$executeRecursively$6(NodeTestTask.java:160)
	at org.junit.platform.engine.support.hierarchical.ThrowableCollector.execute(ThrowableCollector.java:73)
	at org.junit.platform.engine.support.hierarchical.NodeTestTask.lambda$executeRecursively$8(NodeTestTask.java:146)
	at org.junit.platform.engine.support.hierarchical.Node.around(Node.java:137)
	at org.junit.platform.engine.support.hierarchical.NodeTestTask.lambda$executeRecursively$9(NodeTestTask.java:144)
	at org.junit.platform.engine.support.hierarchical.ThrowableCollector.execute(ThrowableCollector.java:73)
	at org.junit.platform.engine.support.hierarchical.NodeTestTask.executeRecursively(NodeTestTask.java:143)
	at org.junit.platform.engine.support.hierarchical.NodeTestTask.execute(NodeTestTask.java:100)
	at java.base/java.util.ArrayList.forEach(ArrayList.java:1604)
	at org.junit.platform.engine.support.hierarchical.SameThreadHierarchicalTestExecutorService.invokeAll(SameThreadHierarchicalTestExecutorService.java:41)
	at org.junit.platform.engine.support.hierarchical.NodeTestTask.lambda$executeRecursively$6(NodeTestTask.java:160)
	at org.junit.platform.engine.support.hierarchical.ThrowableCollector.execute(ThrowableCollector.java:73)
	at org.junit.platform.engine.support.hierarchical.NodeTestTask.lambda$executeRecursively$8(NodeTestTask.java:146)
	at org.junit.platform.engine.support.hierarchical.Node.around(Node.java:137)
	at org.junit.platform.engine.support.hierarchical.NodeTestTask.lambda$executeRecursively$9(NodeTestTask.java:144)
	at org.junit.platform.engine.support.hierarchical.ThrowableCollector.execute(ThrowableCollector.java:73)
	at org.junit.platform.engine.support.hierarchical.NodeTestTask.executeRecursively(NodeTestTask.java:143)
	at org.junit.platform.engine.support.hierarchical.NodeTestTask.execute(NodeTestTask.java:100)
	at org.junit.platform.engine.support.hierarchical.SameThreadHierarchicalTestExecutorService.submit(SameThreadHierarchicalTestExecutorService.java:35)
	at org.junit.platform.engine.support.hierarchical.HierarchicalTestExecutor.execute(HierarchicalTestExecutor.java:57)
	at org.junit.platform.engine.support.hierarchical.HierarchicalTestEngine.execute(HierarchicalTestEngine.java:54)
	at org.junit.platform.launcher.core.EngineExecutionOrchestrator.execute(EngineExecutionOrchestrator.java:198)
	at org.junit.platform.launcher.core.EngineExecutionOrchestrator.execute(EngineExecutionOrchestrator.java:169)
	at org.junit.platform.launcher.core.EngineExecutionOrchestrator.execute(EngineExecutionOrchestrator.java:93)
	at org.junit.platform.launcher.core.EngineExecutionOrchestrator.lambda$execute$0(EngineExecutionOrchestrator.java:58)
	at org.junit.platform.launcher.core.EngineExecutionOrchestrator.withInterceptedStreams(EngineExecutionOrchestrator.java:141)
	at org.junit.platform.launcher.core.EngineExecutionOrchestrator.execute(EngineExecutionOrchestrator.java:57)
	at org.junit.platform.launcher.core.DefaultLauncher.execute(DefaultLauncher.java:103)
	at org.junit.platform.launcher.core.DefaultLauncher.execute(DefaultLauncher.java:85)
	at org.junit.platform.launcher.core.DelegatingLauncher.execute(DelegatingLauncher.java:47)
	at org.apache.maven.surefire.junitplatform.LazyLauncher.execute(LazyLauncher.java:56)
	at org.apache.maven.surefire.junitplatform.JUnitPlatformProvider.execute(JUnitPlatformProvider.java:184)
	at org.apache.maven.surefire.junitplatform.JUnitPlatformProvider.invokeAllTests(JUnitPlatformProvider.java:148)
	at org.apache.maven.surefire.junitplatform.JUnitPlatformProvider.invoke(JUnitPlatformProvider.java:122)
	at org.apache.maven.surefire.booter.ForkedBooter.runSuitesInProcess(ForkedBooter.java:385)
	at org.apache.maven.surefire.booter.ForkedBooter.execute(ForkedBooter.java:162)
	at org.apache.maven.surefire.booter.ForkedBooter.run(ForkedBooter.java:507)
	at org.apache.maven.surefire.booter.ForkedBooter.main(ForkedBooter.java:495)
15:17:20.048 [main] WARN com.tngtech.archunit.core.importer.ClassFileProcessor -- Error during import from jrt:/java.base/java/lang/InterruptedException.class, falling back to simple import
java.lang.IllegalArgumentException: Unsupported class file major version 68
	at com.tngtech.archunit.thirdparty.org.objectweb.asm.ClassReader.<init>(ClassReader.java:200)
	at com.tngtech.archunit.thirdparty.org.objectweb.asm.ClassReader.<init>(ClassReader.java:180)
	at com.tngtech.archunit.thirdparty.org.objectweb.asm.ClassReader.<init>(ClassReader.java:166)
	at com.tngtech.archunit.thirdparty.org.objectweb.asm.ClassReader.<init>(ClassReader.java:288)
	at com.tngtech.archunit.core.importer.ClassFileProcessor$UriImporterOfProcessor.tryImport(ClassFileProcessor.java:350)
	at com.tngtech.archunit.core.importer.resolvers.ClassResolverFromClasspath.tryResolve(ClassResolverFromClasspath.java:51)
	at com.tngtech.archunit.core.importer.ImportedClasses.resolve(ImportedClasses.java:80)
	at com.tngtech.archunit.core.importer.ImportedClasses.getOrResolve(ImportedClasses.java:67)
	at com.tngtech.archunit.core.importer.DomainBuilders$JavaMemberBuilder.get(DomainBuilders.java:179)
	at com.tngtech.archunit.core.importer.DomainBuilders$JavaCodeUnitBuilder.asJavaClasses(DomainBuilders.java:329)
	at com.tngtech.archunit.core.importer.DomainBuilders$JavaCodeUnitBuilder.getThrowsClause(DomainBuilders.java:323)
	at com.tngtech.archunit.core.domain.JavaMethod.<init>(JavaMethod.java:45)
	at com.tngtech.archunit.core.domain.DomainObjectCreationContext.createJavaMethod(DomainObjectCreationContext.java:144)
	at com.tngtech.archunit.core.importer.DomainBuilders$JavaMethodBuilder.construct(DomainBuilders.java:373)
	at com.tngtech.archunit.core.importer.DomainBuilders$JavaMethodBuilder.construct(DomainBuilders.java:358)
	at com.tngtech.archunit.core.importer.DomainBuilders$JavaMemberBuilder.build(DomainBuilders.java:206)
	at com.tngtech.archunit.core.importer.DomainBuilders$JavaMemberBuilder.build(DomainBuilders.java:138)
	at com.tngtech.archunit.core.importer.DomainBuilders$BuilderWithBuildParameter$BuildFinisher.lambda$build$0(DomainBuilders.java:892)
	at java.base/java.util.stream.ReferencePipeline$3$1.accept(ReferencePipeline.java:215)
	at java.base/java.util.stream.ReferencePipeline$2$1.accept(ReferencePipeline.java:197)
	at java.base/java.util.HashMap$KeySpliterator.forEachRemaining(HashMap.java:1716)
	at java.base/java.util.stream.AbstractPipeline.copyInto(AbstractPipeline.java:570)
	at java.base/java.util.stream.AbstractPipeline.wrapAndCopyInto(AbstractPipeline.java:560)
	at java.base/java.util.stream.ReduceOps$ReduceOp.evaluateSequential(ReduceOps.java:921)
	at java.base/java.util.stream.AbstractPipeline.evaluate(AbstractPipeline.java:265)
	at java.base/java.util.stream.ReferencePipeline.collect(ReferencePipeline.java:727)
	at com.tngtech.archunit.core.importer.DomainBuilders$BuilderWithBuildParameter$BuildFinisher.build(DomainBuilders.java:892)
	at com.tngtech.archunit.core.importer.ClassGraphCreator.createMethods(ClassGraphCreator.java:322)
	at com.tngtech.archunit.core.domain.JavaClassMembers.create(JavaClassMembers.java:352)
	at com.tngtech.archunit.core.domain.JavaClass.completeMembers(JavaClass.java:1477)
	at com.tngtech.archunit.core.domain.DomainObjectCreationContext.completeMembers(DomainObjectCreationContext.java:96)
	at com.tngtech.archunit.core.importer.ClassGraphCreator.completeClasses(ClassGraphCreator.java:120)
	at com.tngtech.archunit.core.importer.ClassGraphCreator.complete(ClassGraphCreator.java:108)
	at com.tngtech.archunit.core.importer.ClassFileProcessor.process(ClassFileProcessor.java:75)
	at com.tngtech.archunit.core.importer.ClassFileImporter.importLocations(ClassFileImporter.java:325)
	at com.tngtech.archunit.junit.internal.ClassCache$CacheClassFileImporter.importClasses(ClassCache.java:126)
	at com.tngtech.archunit.junit.internal.ClassCache$LazyJavaClasses.initialize(ClassCache.java:118)
	at com.tngtech.archunit.junit.internal.ClassCache$LazyJavaClasses.get(ClassCache.java:107)
	at com.tngtech.archunit.junit.internal.ClassCache.getClassesToAnalyzeFor(ClassCache.java:84)
	at com.tngtech.archunit.junit.internal.ArchUnitTestDescriptor.lambda$createChildren$1(ArchUnitTestDescriptor.java:90)
	at com.tngtech.archunit.junit.internal.ArchUnitTestDescriptor$ArchUnitRuleDescriptor.execute(ArchUnitTestDescriptor.java:167)
	at com.tngtech.archunit.junit.internal.ArchUnitTestDescriptor$ArchUnitRuleDescriptor.execute(ArchUnitTestDescriptor.java:150)
	at org.junit.platform.engine.support.hierarchical.NodeTestTask.lambda$executeRecursively$6(NodeTestTask.java:156)
	at org.junit.platform.engine.support.hierarchical.ThrowableCollector.execute(ThrowableCollector.java:73)
	at org.junit.platform.engine.support.hierarchical.NodeTestTask.lambda$executeRecursively$8(NodeTestTask.java:146)
	at org.junit.platform.engine.support.hierarchical.Node.around(Node.java:137)
	at org.junit.platform.engine.support.hierarchical.NodeTestTask.lambda$executeRecursively$9(NodeTestTask.java:144)
	at org.junit.platform.engine.support.hierarchical.ThrowableCollector.execute(ThrowableCollector.java:73)
	at org.junit.platform.engine.support.hierarchical.NodeTestTask.executeRecursively(NodeTestTask.java:143)
	at org.junit.platform.engine.support.hierarchical.NodeTestTask.execute(NodeTestTask.java:100)
	at java.base/java.util.ArrayList.forEach(ArrayList.java:1604)
	at org.junit.platform.engine.support.hierarchical.SameThreadHierarchicalTestExecutorService.invokeAll(SameThreadHierarchicalTestExecutorService.java:41)
	at org.junit.platform.engine.support.hierarchical.NodeTestTask.lambda$executeRecursively$6(NodeTestTask.java:160)
	at org.junit.platform.engine.support.hierarchical.ThrowableCollector.execute(ThrowableCollector.java:73)
	at org.junit.platform.engine.support.hierarchical.NodeTestTask.lambda$executeRecursively$8(NodeTestTask.java:146)
	at org.junit.platform.engine.support.hierarchical.Node.around(Node.java:137)
	at org.junit.platform.engine.support.hierarchical.NodeTestTask.lambda$executeRecursively$9(NodeTestTask.java:144)
	at org.junit.platform.engine.support.hierarchical.ThrowableCollector.execute(ThrowableCollector.java:73)
	at org.junit.platform.engine.support.hierarchical.NodeTestTask.executeRecursively(NodeTestTask.java:143)
	at org.junit.platform.engine.support.hierarchical.NodeTestTask.execute(NodeTestTask.java:100)
	at java.base/java.util.ArrayList.forEach(ArrayList.java:1604)
	at org.junit.platform.engine.support.hierarchical.SameThreadHierarchicalTestExecutorService.invokeAll(SameThreadHierarchicalTestExecutorService.java:41)
	at org.junit.platform.engine.support.hierarchical.NodeTestTask.lambda$executeRecursively$6(NodeTestTask.java:160)
	at org.junit.platform.engine.support.hierarchical.ThrowableCollector.execute(ThrowableCollector.java:73)
	at org.junit.platform.engine.support.hierarchical.NodeTestTask.lambda$executeRecursively$8(NodeTestTask.java:146)
	at org.junit.platform.engine.support.hierarchical.Node.around(Node.java:137)
	at org.junit.platform.engine.support.hierarchical.NodeTestTask.lambda$executeRecursively$9(NodeTestTask.java:144)
	at org.junit.platform.engine.support.hierarchical.ThrowableCollector.execute(ThrowableCollector.java:73)
	at org.junit.platform.engine.support.hierarchical.NodeTestTask.executeRecursively(NodeTestTask.java:143)
	at org.junit.platform.engine.support.hierarchical.NodeTestTask.execute(NodeTestTask.java:100)
	at org.junit.platform.engine.support.hierarchical.SameThreadHierarchicalTestExecutorService.submit(SameThreadHierarchicalTestExecutorService.java:35)
	at org.junit.platform.engine.support.hierarchical.HierarchicalTestExecutor.execute(HierarchicalTestExecutor.java:57)
	at org.junit.platform.engine.support.hierarchical.HierarchicalTestEngine.execute(HierarchicalTestEngine.java:54)
	at org.junit.platform.launcher.core.EngineExecutionOrchestrator.execute(EngineExecutionOrchestrator.java:198)
	at org.junit.platform.launcher.core.EngineExecutionOrchestrator.execute(EngineExecutionOrchestrator.java:169)
	at org.junit.platform.launcher.core.EngineExecutionOrchestrator.execute(EngineExecutionOrchestrator.java:93)
	at org.junit.platform.launcher.core.EngineExecutionOrchestrator.lambda$execute$0(EngineExecutionOrchestrator.java:58)
	at org.junit.platform.launcher.core.EngineExecutionOrchestrator.withInterceptedStreams(EngineExecutionOrchestrator.java:141)
	at org.junit.platform.launcher.core.EngineExecutionOrchestrator.execute(EngineExecutionOrchestrator.java:57)
	at org.junit.platform.launcher.core.DefaultLauncher.execute(DefaultLauncher.java:103)
	at org.junit.platform.launcher.core.DefaultLauncher.execute(DefaultLauncher.java:85)
	at org.junit.platform.launcher.core.DelegatingLauncher.execute(DelegatingLauncher.java:47)
	at org.apache.maven.surefire.junitplatform.LazyLauncher.execute(LazyLauncher.java:56)
	at org.apache.maven.surefire.junitplatform.JUnitPlatformProvider.execute(JUnitPlatformProvider.java:184)
	at org.apache.maven.surefire.junitplatform.JUnitPlatformProvider.invokeAllTests(JUnitPlatformProvider.java:148)
	at org.apache.maven.surefire.junitplatform.JUnitPlatformProvider.invoke(JUnitPlatformProvider.java:122)
	at org.apache.maven.surefire.booter.ForkedBooter.runSuitesInProcess(ForkedBooter.java:385)
	at org.apache.maven.surefire.booter.ForkedBooter.execute(ForkedBooter.java:162)
	at org.apache.maven.surefire.booter.ForkedBooter.run(ForkedBooter.java:507)
	at org.apache.maven.surefire.booter.ForkedBooter.main(ForkedBooter.java:495)
15:17:20.049 [main] WARN com.tngtech.archunit.core.importer.ClassFileProcessor -- Error during import from jrt:/java.base/java/util/concurrent/ExecutionException.class, falling back to simple import
java.lang.IllegalArgumentException: Unsupported class file major version 68
	at com.tngtech.archunit.thirdparty.org.objectweb.asm.ClassReader.<init>(ClassReader.java:200)
	at com.tngtech.archunit.thirdparty.org.objectweb.asm.ClassReader.<init>(ClassReader.java:180)
	at com.tngtech.archunit.thirdparty.org.objectweb.asm.ClassReader.<init>(ClassReader.java:166)
	at com.tngtech.archunit.thirdparty.org.objectweb.asm.ClassReader.<init>(ClassReader.java:288)
	at com.tngtech.archunit.core.importer.ClassFileProcessor$UriImporterOfProcessor.tryImport(ClassFileProcessor.java:350)
	at com.tngtech.archunit.core.importer.resolvers.ClassResolverFromClasspath.tryResolve(ClassResolverFromClasspath.java:51)
	at com.tngtech.archunit.core.importer.ImportedClasses.resolve(ImportedClasses.java:80)
	at com.tngtech.archunit.core.importer.ImportedClasses.getOrResolve(ImportedClasses.java:67)
	at com.tngtech.archunit.core.importer.DomainBuilders$JavaMemberBuilder.get(DomainBuilders.java:179)
	at com.tngtech.archunit.core.importer.DomainBuilders$JavaCodeUnitBuilder.asJavaClasses(DomainBuilders.java:329)
	at com.tngtech.archunit.core.importer.DomainBuilders$JavaCodeUnitBuilder.getThrowsClause(DomainBuilders.java:323)
	at com.tngtech.archunit.core.domain.JavaMethod.<init>(JavaMethod.java:45)
	at com.tngtech.archunit.core.domain.DomainObjectCreationContext.createJavaMethod(DomainObjectCreationContext.java:144)
	at com.tngtech.archunit.core.importer.DomainBuilders$JavaMethodBuilder.construct(DomainBuilders.java:373)
	at com.tngtech.archunit.core.importer.DomainBuilders$JavaMethodBuilder.construct(DomainBuilders.java:358)
	at com.tngtech.archunit.core.importer.DomainBuilders$JavaMemberBuilder.build(DomainBuilders.java:206)
	at com.tngtech.archunit.core.importer.DomainBuilders$JavaMemberBuilder.build(DomainBuilders.java:138)
	at com.tngtech.archunit.core.importer.DomainBuilders$BuilderWithBuildParameter$BuildFinisher.lambda$build$0(DomainBuilders.java:892)
	at java.base/java.util.stream.ReferencePipeline$3$1.accept(ReferencePipeline.java:215)
	at java.base/java.util.stream.ReferencePipeline$2$1.accept(ReferencePipeline.java:197)
	at java.base/java.util.HashMap$KeySpliterator.forEachRemaining(HashMap.java:1716)
	at java.base/java.util.stream.AbstractPipeline.copyInto(AbstractPipeline.java:570)
	at java.base/java.util.stream.AbstractPipeline.wrapAndCopyInto(AbstractPipeline.java:560)
	at java.base/java.util.stream.ReduceOps$ReduceOp.evaluateSequential(ReduceOps.java:921)
	at java.base/java.util.stream.AbstractPipeline.evaluate(AbstractPipeline.java:265)
	at java.base/java.util.stream.ReferencePipeline.collect(ReferencePipeline.java:727)
	at com.tngtech.archunit.core.importer.DomainBuilders$BuilderWithBuildParameter$BuildFinisher.build(DomainBuilders.java:892)
	at com.tngtech.archunit.core.importer.ClassGraphCreator.createMethods(ClassGraphCreator.java:322)
	at com.tngtech.archunit.core.domain.JavaClassMembers.create(JavaClassMembers.java:352)
	at com.tngtech.archunit.core.domain.JavaClass.completeMembers(JavaClass.java:1477)
	at com.tngtech.archunit.core.domain.DomainObjectCreationContext.completeMembers(DomainObjectCreationContext.java:96)
	at com.tngtech.archunit.core.importer.ClassGraphCreator.completeClasses(ClassGraphCreator.java:120)
	at com.tngtech.archunit.core.importer.ClassGraphCreator.complete(ClassGraphCreator.java:108)
	at com.tngtech.archunit.core.importer.ClassFileProcessor.process(ClassFileProcessor.java:75)
	at com.tngtech.archunit.core.importer.ClassFileImporter.importLocations(ClassFileImporter.java:325)
	at com.tngtech.archunit.junit.internal.ClassCache$CacheClassFileImporter.importClasses(ClassCache.java:126)
	at com.tngtech.archunit.junit.internal.ClassCache$LazyJavaClasses.initialize(ClassCache.java:118)
	at com.tngtech.archunit.junit.internal.ClassCache$LazyJavaClasses.get(ClassCache.java:107)
	at com.tngtech.archunit.junit.internal.ClassCache.getClassesToAnalyzeFor(ClassCache.java:84)
	at com.tngtech.archunit.junit.internal.ArchUnitTestDescriptor.lambda$createChildren$1(ArchUnitTestDescriptor.java:90)
	at com.tngtech.archunit.junit.internal.ArchUnitTestDescriptor$ArchUnitRuleDescriptor.execute(ArchUnitTestDescriptor.java:167)
	at com.tngtech.archunit.junit.internal.ArchUnitTestDescriptor$ArchUnitRuleDescriptor.execute(ArchUnitTestDescriptor.java:150)
	at org.junit.platform.engine.support.hierarchical.NodeTestTask.lambda$executeRecursively$6(NodeTestTask.java:156)
	at org.junit.platform.engine.support.hierarchical.ThrowableCollector.execute(ThrowableCollector.java:73)
	at org.junit.platform.engine.support.hierarchical.NodeTestTask.lambda$executeRecursively$8(NodeTestTask.java:146)
	at org.junit.platform.engine.support.hierarchical.Node.around(Node.java:137)
	at org.junit.platform.engine.support.hierarchical.NodeTestTask.lambda$executeRecursively$9(NodeTestTask.java:144)
	at org.junit.platform.engine.support.hierarchical.ThrowableCollector.execute(ThrowableCollector.java:73)
	at org.junit.platform.engine.support.hierarchical.NodeTestTask.executeRecursively(NodeTestTask.java:143)
	at org.junit.platform.engine.support.hierarchical.NodeTestTask.execute(NodeTestTask.java:100)
	at java.base/java.util.ArrayList.forEach(ArrayList.java:1604)
	at org.junit.platform.engine.support.hierarchical.SameThreadHierarchicalTestExecutorService.invokeAll(SameThreadHierarchicalTestExecutorService.java:41)
	at org.junit.platform.engine.support.hierarchical.NodeTestTask.lambda$executeRecursively$6(NodeTestTask.java:160)
	at org.junit.platform.engine.support.hierarchical.ThrowableCollector.execute(ThrowableCollector.java:73)
	at org.junit.platform.engine.support.hierarchical.NodeTestTask.lambda$executeRecursively$8(NodeTestTask.java:146)
	at org.junit.platform.engine.support.hierarchical.Node.around(Node.java:137)
	at org.junit.platform.engine.support.hierarchical.NodeTestTask.lambda$executeRecursively$9(NodeTestTask.java:144)
	at org.junit.platform.engine.support.hierarchical.ThrowableCollector.execute(ThrowableCollector.java:73)
	at org.junit.platform.engine.support.hierarchical.NodeTestTask.executeRecursively(NodeTestTask.java:143)
	at org.junit.platform.engine.support.hierarchical.NodeTestTask.execute(NodeTestTask.java:100)
	at java.base/java.util.ArrayList.forEach(ArrayList.java:1604)
	at org.junit.platform.engine.support.hierarchical.SameThreadHierarchicalTestExecutorService.invokeAll(SameThreadHierarchicalTestExecutorService.java:41)
	at org.junit.platform.engine.support.hierarchical.NodeTestTask.lambda$executeRecursively$6(NodeTestTask.java:160)
	at org.junit.platform.engine.support.hierarchical.ThrowableCollector.execute(ThrowableCollector.java:73)
	at org.junit.platform.engine.support.hierarchical.NodeTestTask.lambda$executeRecursively$8(NodeTestTask.java:146)
	at org.junit.platform.engine.support.hierarchical.Node.around(Node.java:137)
	at org.junit.platform.engine.support.hierarchical.NodeTestTask.lambda$executeRecursively$9(NodeTestTask.java:144)
	at org.junit.platform.engine.support.hierarchical.ThrowableCollector.execute(ThrowableCollector.java:73)
	at org.junit.platform.engine.support.hierarchical.NodeTestTask.executeRecursively(NodeTestTask.java:143)
	at org.junit.platform.engine.support.hierarchical.NodeTestTask.execute(NodeTestTask.java:100)
	at org.junit.platform.engine.support.hierarchical.SameThreadHierarchicalTestExecutorService.submit(SameThreadHierarchicalTestExecutorService.java:35)
	at org.junit.platform.engine.support.hierarchical.HierarchicalTestExecutor.execute(HierarchicalTestExecutor.java:57)
	at org.junit.platform.engine.support.hierarchical.HierarchicalTestEngine.execute(HierarchicalTestEngine.java:54)
	at org.junit.platform.launcher.core.EngineExecutionOrchestrator.execute(EngineExecutionOrchestrator.java:198)
	at org.junit.platform.launcher.core.EngineExecutionOrchestrator.execute(EngineExecutionOrchestrator.java:169)
	at org.junit.platform.launcher.core.EngineExecutionOrchestrator.execute(EngineExecutionOrchestrator.java:93)
	at org.junit.platform.launcher.core.EngineExecutionOrchestrator.lambda$execute$0(EngineExecutionOrchestrator.java:58)
	at org.junit.platform.launcher.core.EngineExecutionOrchestrator.withInterceptedStreams(EngineExecutionOrchestrator.java:141)
	at org.junit.platform.launcher.core.EngineExecutionOrchestrator.execute(EngineExecutionOrchestrator.java:57)
	at org.junit.platform.launcher.core.DefaultLauncher.execute(DefaultLauncher.java:103)
	at org.junit.platform.launcher.core.DefaultLauncher.execute(DefaultLauncher.java:85)
	at org.junit.platform.launcher.core.DelegatingLauncher.execute(DelegatingLauncher.java:47)
	at org.apache.maven.surefire.junitplatform.LazyLauncher.execute(LazyLauncher.java:56)
	at org.apache.maven.surefire.junitplatform.JUnitPlatformProvider.execute(JUnitPlatformProvider.java:184)
	at org.apache.maven.surefire.junitplatform.JUnitPlatformProvider.invokeAllTests(JUnitPlatformProvider.java:148)
	at org.apache.maven.surefire.junitplatform.JUnitPlatformProvider.invoke(JUnitPlatformProvider.java:122)
	at org.apache.maven.surefire.booter.ForkedBooter.runSuitesInProcess(ForkedBooter.java:385)
	at org.apache.maven.surefire.booter.ForkedBooter.execute(ForkedBooter.java:162)
	at org.apache.maven.surefire.booter.ForkedBooter.run(ForkedBooter.java:507)
	at org.apache.maven.surefire.booter.ForkedBooter.main(ForkedBooter.java:495)
15:17:20.053 [main] WARN com.tngtech.archunit.core.importer.ClassFileProcessor -- Error during import from jrt:/java.base/java/lang/ClassLoader.class, falling back to simple import
java.lang.IllegalArgumentException: Unsupported class file major version 68
	at com.tngtech.archunit.thirdparty.org.objectweb.asm.ClassReader.<init>(ClassReader.java:200)
	at com.tngtech.archunit.thirdparty.org.objectweb.asm.ClassReader.<init>(ClassReader.java:180)
	at com.tngtech.archunit.thirdparty.org.objectweb.asm.ClassReader.<init>(ClassReader.java:166)
	at com.tngtech.archunit.thirdparty.org.objectweb.asm.ClassReader.<init>(ClassReader.java:288)
	at com.tngtech.archunit.core.importer.ClassFileProcessor$UriImporterOfProcessor.tryImport(ClassFileProcessor.java:350)
	at com.tngtech.archunit.core.importer.resolvers.ClassResolverFromClasspath.tryResolve(ClassResolverFromClasspath.java:51)
	at com.tngtech.archunit.core.importer.ImportedClasses.resolve(ImportedClasses.java:80)
	at com.tngtech.archunit.core.importer.ImportedClasses.getOrResolve(ImportedClasses.java:67)
	at com.tngtech.archunit.core.importer.DomainBuilders$JavaFieldBuilder.getType(DomainBuilders.java:227)
	at com.tngtech.archunit.core.domain.JavaField.<init>(JavaField.java:40)
	at com.tngtech.archunit.core.domain.DomainObjectCreationContext.createJavaField(DomainObjectCreationContext.java:108)
	at com.tngtech.archunit.core.importer.DomainBuilders$JavaFieldBuilder.construct(DomainBuilders.java:236)
	at com.tngtech.archunit.core.importer.DomainBuilders$JavaFieldBuilder.construct(DomainBuilders.java:210)
	at com.tngtech.archunit.core.importer.DomainBuilders$JavaMemberBuilder.build(DomainBuilders.java:206)
	at com.tngtech.archunit.core.importer.DomainBuilders$JavaMemberBuilder.build(DomainBuilders.java:138)
	at com.tngtech.archunit.core.importer.DomainBuilders$BuilderWithBuildParameter$BuildFinisher.lambda$build$0(DomainBuilders.java:892)
	at java.base/java.util.stream.ReferencePipeline$3$1.accept(ReferencePipeline.java:215)
	at java.base/java.util.HashMap$KeySpliterator.forEachRemaining(HashMap.java:1716)
	at java.base/java.util.stream.AbstractPipeline.copyInto(AbstractPipeline.java:570)
	at java.base/java.util.stream.AbstractPipeline.wrapAndCopyInto(AbstractPipeline.java:560)
	at java.base/java.util.stream.ReduceOps$ReduceOp.evaluateSequential(ReduceOps.java:921)
	at java.base/java.util.stream.AbstractPipeline.evaluate(AbstractPipeline.java:265)
	at java.base/java.util.stream.ReferencePipeline.collect(ReferencePipeline.java:727)
	at com.tngtech.archunit.core.importer.DomainBuilders$BuilderWithBuildParameter$BuildFinisher.build(DomainBuilders.java:892)
	at com.tngtech.archunit.core.importer.DomainBuilders$BuilderWithBuildParameter$BuildFinisher.build(DomainBuilders.java:882)
	at com.tngtech.archunit.core.importer.ClassGraphCreator.createFields(ClassGraphCreator.java:309)
	at com.tngtech.archunit.core.domain.JavaClassMembers.create(JavaClassMembers.java:351)
	at com.tngtech.archunit.core.domain.JavaClass.completeMembers(JavaClass.java:1477)
	at com.tngtech.archunit.core.domain.DomainObjectCreationContext.completeMembers(DomainObjectCreationContext.java:96)
	at com.tngtech.archunit.core.importer.ClassGraphCreator.completeClasses(ClassGraphCreator.java:120)
	at com.tngtech.archunit.core.importer.ClassGraphCreator.complete(ClassGraphCreator.java:108)
	at com.tngtech.archunit.core.importer.ClassFileProcessor.process(ClassFileProcessor.java:75)
	at com.tngtech.archunit.core.importer.ClassFileImporter.importLocations(ClassFileImporter.java:325)
	at com.tngtech.archunit.junit.internal.ClassCache$CacheClassFileImporter.importClasses(ClassCache.java:126)
	at com.tngtech.archunit.junit.internal.ClassCache$LazyJavaClasses.initialize(ClassCache.java:118)
	at com.tngtech.archunit.junit.internal.ClassCache$LazyJavaClasses.get(ClassCache.java:107)
	at com.tngtech.archunit.junit.internal.ClassCache.getClassesToAnalyzeFor(ClassCache.java:84)
	at com.tngtech.archunit.junit.internal.ArchUnitTestDescriptor.lambda$createChildren$1(ArchUnitTestDescriptor.java:90)
	at com.tngtech.archunit.junit.internal.ArchUnitTestDescriptor$ArchUnitRuleDescriptor.execute(ArchUnitTestDescriptor.java:167)
	at com.tngtech.archunit.junit.internal.ArchUnitTestDescriptor$ArchUnitRuleDescriptor.execute(ArchUnitTestDescriptor.java:150)
	at org.junit.platform.engine.support.hierarchical.NodeTestTask.lambda$executeRecursively$6(NodeTestTask.java:156)
	at org.junit.platform.engine.support.hierarchical.ThrowableCollector.execute(ThrowableCollector.java:73)
	at org.junit.platform.engine.support.hierarchical.NodeTestTask.lambda$executeRecursively$8(NodeTestTask.java:146)
	at org.junit.platform.engine.support.hierarchical.Node.around(Node.java:137)
	at org.junit.platform.engine.support.hierarchical.NodeTestTask.lambda$executeRecursively$9(NodeTestTask.java:144)
	at org.junit.platform.engine.support.hierarchical.ThrowableCollector.execute(ThrowableCollector.java:73)
	at org.junit.platform.engine.support.hierarchical.NodeTestTask.executeRecursively(NodeTestTask.java:143)
	at org.junit.platform.engine.support.hierarchical.NodeTestTask.execute(NodeTestTask.java:100)
	at java.base/java.util.ArrayList.forEach(ArrayList.java:1604)
	at org.junit.platform.engine.support.hierarchical.SameThreadHierarchicalTestExecutorService.invokeAll(SameThreadHierarchicalTestExecutorService.java:41)
	at org.junit.platform.engine.support.hierarchical.NodeTestTask.lambda$executeRecursively$6(NodeTestTask.java:160)
	at org.junit.platform.engine.support.hierarchical.ThrowableCollector.execute(ThrowableCollector.java:73)
	at org.junit.platform.engine.support.hierarchical.NodeTestTask.lambda$executeRecursively$8(NodeTestTask.java:146)
	at org.junit.platform.engine.support.hierarchical.Node.around(Node.java:137)
	at org.junit.platform.engine.support.hierarchical.NodeTestTask.lambda$executeRecursively$9(NodeTestTask.java:144)
	at org.junit.platform.engine.support.hierarchical.ThrowableCollector.execute(ThrowableCollector.java:73)
	at org.junit.platform.engine.support.hierarchical.NodeTestTask.executeRecursively(NodeTestTask.java:143)
	at org.junit.platform.engine.support.hierarchical.NodeTestTask.execute(NodeTestTask.java:100)
	at java.base/java.util.ArrayList.forEach(ArrayList.java:1604)
	at org.junit.platform.engine.support.hierarchical.SameThreadHierarchicalTestExecutorService.invokeAll(SameThreadHierarchicalTestExecutorService.java:41)
	at org.junit.platform.engine.support.hierarchical.NodeTestTask.lambda$executeRecursively$6(NodeTestTask.java:160)
	at org.junit.platform.engine.support.hierarchical.ThrowableCollector.execute(ThrowableCollector.java:73)
	at org.junit.platform.engine.support.hierarchical.NodeTestTask.lambda$executeRecursively$8(NodeTestTask.java:146)
	at org.junit.platform.engine.support.hierarchical.Node.around(Node.java:137)
	at org.junit.platform.engine.support.hierarchical.NodeTestTask.lambda$executeRecursively$9(NodeTestTask.java:144)
	at org.junit.platform.engine.support.hierarchical.ThrowableCollector.execute(ThrowableCollector.java:73)
	at org.junit.platform.engine.support.hierarchical.NodeTestTask.executeRecursively(NodeTestTask.java:143)
	at org.junit.platform.engine.support.hierarchical.NodeTestTask.execute(NodeTestTask.java:100)
	at org.junit.platform.engine.support.hierarchical.SameThreadHierarchicalTestExecutorService.submit(SameThreadHierarchicalTestExecutorService.java:35)
	at org.junit.platform.engine.support.hierarchical.HierarchicalTestExecutor.execute(HierarchicalTestExecutor.java:57)
	at org.junit.platform.engine.support.hierarchical.HierarchicalTestEngine.execute(HierarchicalTestEngine.java:54)
	at org.junit.platform.launcher.core.EngineExecutionOrchestrator.execute(EngineExecutionOrchestrator.java:198)
	at org.junit.platform.launcher.core.EngineExecutionOrchestrator.execute(EngineExecutionOrchestrator.java:169)
	at org.junit.platform.launcher.core.EngineExecutionOrchestrator.execute(EngineExecutionOrchestrator.java:93)
	at org.junit.platform.launcher.core.EngineExecutionOrchestrator.lambda$execute$0(EngineExecutionOrchestrator.java:58)
	at org.junit.platform.launcher.core.EngineExecutionOrchestrator.withInterceptedStreams(EngineExecutionOrchestrator.java:141)
	at org.junit.platform.launcher.core.EngineExecutionOrchestrator.execute(EngineExecutionOrchestrator.java:57)
	at org.junit.platform.launcher.core.DefaultLauncher.execute(DefaultLauncher.java:103)
	at org.junit.platform.launcher.core.DefaultLauncher.execute(DefaultLauncher.java:85)
	at org.junit.platform.launcher.core.DelegatingLauncher.execute(DelegatingLauncher.java:47)
	at org.apache.maven.surefire.junitplatform.LazyLauncher.execute(LazyLauncher.java:56)
	at org.apache.maven.surefire.junitplatform.JUnitPlatformProvider.execute(JUnitPlatformProvider.java:184)
	at org.apache.maven.surefire.junitplatform.JUnitPlatformProvider.invokeAllTests(JUnitPlatformProvider.java:148)
	at org.apache.maven.surefire.junitplatform.JUnitPlatformProvider.invoke(JUnitPlatformProvider.java:122)
	at org.apache.maven.surefire.booter.ForkedBooter.runSuitesInProcess(ForkedBooter.java:385)
	at org.apache.maven.surefire.booter.ForkedBooter.execute(ForkedBooter.java:162)
	at org.apache.maven.surefire.booter.ForkedBooter.run(ForkedBooter.java:507)
	at org.apache.maven.surefire.booter.ForkedBooter.main(ForkedBooter.java:495)
15:17:20.056 [main] WARN com.tngtech.archunit.core.importer.ClassFileProcessor -- Error during import from jrt:/java.base/java/util/concurrent/locks/Lock.class, falling back to simple import
java.lang.IllegalArgumentException: Unsupported class file major version 68
	at com.tngtech.archunit.thirdparty.org.objectweb.asm.ClassReader.<init>(ClassReader.java:200)
	at com.tngtech.archunit.thirdparty.org.objectweb.asm.ClassReader.<init>(ClassReader.java:180)
	at com.tngtech.archunit.thirdparty.org.objectweb.asm.ClassReader.<init>(ClassReader.java:166)
	at com.tngtech.archunit.thirdparty.org.objectweb.asm.ClassReader.<init>(ClassReader.java:288)
	at com.tngtech.archunit.core.importer.ClassFileProcessor$UriImporterOfProcessor.tryImport(ClassFileProcessor.java:350)
	at com.tngtech.archunit.core.importer.resolvers.ClassResolverFromClasspath.tryResolve(ClassResolverFromClasspath.java:51)
	at com.tngtech.archunit.core.importer.ImportedClasses.resolve(ImportedClasses.java:80)
	at com.tngtech.archunit.core.importer.ImportedClasses.getOrResolve(ImportedClasses.java:67)
	at com.tngtech.archunit.core.importer.DomainBuilders$JavaMemberBuilder.get(DomainBuilders.java:179)
	at com.tngtech.archunit.core.importer.DomainBuilders$JavaCodeUnitBuilder.getRawReturnType(DomainBuilders.java:289)
	at com.tngtech.archunit.core.domain.JavaCodeUnit$ReturnType.<init>(JavaCodeUnit.java:367)
	at com.tngtech.archunit.core.domain.JavaCodeUnit.<init>(JavaCodeUnit.java:81)
	at com.tngtech.archunit.core.domain.JavaMethod.<init>(JavaMethod.java:44)
	at com.tngtech.archunit.core.domain.DomainObjectCreationContext.createJavaMethod(DomainObjectCreationContext.java:144)
	at com.tngtech.archunit.core.importer.DomainBuilders$JavaMethodBuilder.construct(DomainBuilders.java:373)
	at com.tngtech.archunit.core.importer.DomainBuilders$JavaMethodBuilder.construct(DomainBuilders.java:358)
	at com.tngtech.archunit.core.importer.DomainBuilders$JavaMemberBuilder.build(DomainBuilders.java:206)
	at com.tngtech.archunit.core.importer.DomainBuilders$JavaMemberBuilder.build(DomainBuilders.java:138)
	at com.tngtech.archunit.core.importer.DomainBuilders$BuilderWithBuildParameter$BuildFinisher.lambda$build$0(DomainBuilders.java:892)
	at java.base/java.util.stream.ReferencePipeline$3$1.accept(ReferencePipeline.java:215)
	at java.base/java.util.stream.ReferencePipeline$2$1.accept(ReferencePipeline.java:197)
	at java.base/java.util.HashMap$KeySpliterator.forEachRemaining(HashMap.java:1716)
	at java.base/java.util.stream.AbstractPipeline.copyInto(AbstractPipeline.java:570)
	at java.base/java.util.stream.AbstractPipeline.wrapAndCopyInto(AbstractPipeline.java:560)
	at java.base/java.util.stream.ReduceOps$ReduceOp.evaluateSequential(ReduceOps.java:921)
	at java.base/java.util.stream.AbstractPipeline.evaluate(AbstractPipeline.java:265)
	at java.base/java.util.stream.ReferencePipeline.collect(ReferencePipeline.java:727)
	at com.tngtech.archunit.core.importer.DomainBuilders$BuilderWithBuildParameter$BuildFinisher.build(DomainBuilders.java:892)
	at com.tngtech.archunit.core.importer.ClassGraphCreator.createMethods(ClassGraphCreator.java:322)
	at com.tngtech.archunit.core.domain.JavaClassMembers.create(JavaClassMembers.java:352)
	at com.tngtech.archunit.core.domain.JavaClass.completeMembers(JavaClass.java:1477)
	at com.tngtech.archunit.core.domain.DomainObjectCreationContext.completeMembers(DomainObjectCreationContext.java:96)
	at com.tngtech.archunit.core.importer.ClassGraphCreator.completeClasses(ClassGraphCreator.java:120)
	at com.tngtech.archunit.core.importer.ClassGraphCreator.complete(ClassGraphCreator.java:108)
	at com.tngtech.archunit.core.importer.ClassFileProcessor.process(ClassFileProcessor.java:75)
	at com.tngtech.archunit.core.importer.ClassFileImporter.importLocations(ClassFileImporter.java:325)
	at com.tngtech.archunit.junit.internal.ClassCache$CacheClassFileImporter.importClasses(ClassCache.java:126)
	at com.tngtech.archunit.junit.internal.ClassCache$LazyJavaClasses.initialize(ClassCache.java:118)
	at com.tngtech.archunit.junit.internal.ClassCache$LazyJavaClasses.get(ClassCache.java:107)
	at com.tngtech.archunit.junit.internal.ClassCache.getClassesToAnalyzeFor(ClassCache.java:84)
	at com.tngtech.archunit.junit.internal.ArchUnitTestDescriptor.lambda$createChildren$1(ArchUnitTestDescriptor.java:90)
	at com.tngtech.archunit.junit.internal.ArchUnitTestDescriptor$ArchUnitRuleDescriptor.execute(ArchUnitTestDescriptor.java:167)
	at com.tngtech.archunit.junit.internal.ArchUnitTestDescriptor$ArchUnitRuleDescriptor.execute(ArchUnitTestDescriptor.java:150)
	at org.junit.platform.engine.support.hierarchical.NodeTestTask.lambda$executeRecursively$6(NodeTestTask.java:156)
	at org.junit.platform.engine.support.hierarchical.ThrowableCollector.execute(ThrowableCollector.java:73)
	at org.junit.platform.engine.support.hierarchical.NodeTestTask.lambda$executeRecursively$8(NodeTestTask.java:146)
	at org.junit.platform.engine.support.hierarchical.Node.around(Node.java:137)
	at org.junit.platform.engine.support.hierarchical.NodeTestTask.lambda$executeRecursively$9(NodeTestTask.java:144)
	at org.junit.platform.engine.support.hierarchical.ThrowableCollector.execute(ThrowableCollector.java:73)
	at org.junit.platform.engine.support.hierarchical.NodeTestTask.executeRecursively(NodeTestTask.java:143)
	at org.junit.platform.engine.support.hierarchical.NodeTestTask.execute(NodeTestTask.java:100)
	at java.base/java.util.ArrayList.forEach(ArrayList.java:1604)
	at org.junit.platform.engine.support.hierarchical.SameThreadHierarchicalTestExecutorService.invokeAll(SameThreadHierarchicalTestExecutorService.java:41)
	at org.junit.platform.engine.support.hierarchical.NodeTestTask.lambda$executeRecursively$6(NodeTestTask.java:160)
	at org.junit.platform.engine.support.hierarchical.ThrowableCollector.execute(ThrowableCollector.java:73)
	at org.junit.platform.engine.support.hierarchical.NodeTestTask.lambda$executeRecursively$8(NodeTestTask.java:146)
	at org.junit.platform.engine.support.hierarchical.Node.around(Node.java:137)
	at org.junit.platform.engine.support.hierarchical.NodeTestTask.lambda$executeRecursively$9(NodeTestTask.java:144)
	at org.junit.platform.engine.support.hierarchical.ThrowableCollector.execute(ThrowableCollector.java:73)
	at org.junit.platform.engine.support.hierarchical.NodeTestTask.executeRecursively(NodeTestTask.java:143)
	at org.junit.platform.engine.support.hierarchical.NodeTestTask.execute(NodeTestTask.java:100)
	at java.base/java.util.ArrayList.forEach(ArrayList.java:1604)
	at org.junit.platform.engine.support.hierarchical.SameThreadHierarchicalTestExecutorService.invokeAll(SameThreadHierarchicalTestExecutorService.java:41)
	at org.junit.platform.engine.support.hierarchical.NodeTestTask.lambda$executeRecursively$6(NodeTestTask.java:160)
	at org.junit.platform.engine.support.hierarchical.ThrowableCollector.execute(ThrowableCollector.java:73)
	at org.junit.platform.engine.support.hierarchical.NodeTestTask.lambda$executeRecursively$8(NodeTestTask.java:146)
	at org.junit.platform.engine.support.hierarchical.Node.around(Node.java:137)
	at org.junit.platform.engine.support.hierarchical.NodeTestTask.lambda$executeRecursively$9(NodeTestTask.java:144)
	at org.junit.platform.engine.support.hierarchical.ThrowableCollector.execute(ThrowableCollector.java:73)
	at org.junit.platform.engine.support.hierarchical.NodeTestTask.executeRecursively(NodeTestTask.java:143)
	at org.junit.platform.engine.support.hierarchical.NodeTestTask.execute(NodeTestTask.java:100)
	at org.junit.platform.engine.support.hierarchical.SameThreadHierarchicalTestExecutorService.submit(SameThreadHierarchicalTestExecutorService.java:35)
	at org.junit.platform.engine.support.hierarchical.HierarchicalTestExecutor.execute(HierarchicalTestExecutor.java:57)
	at org.junit.platform.engine.support.hierarchical.HierarchicalTestEngine.execute(HierarchicalTestEngine.java:54)
	at org.junit.platform.launcher.core.EngineExecutionOrchestrator.execute(EngineExecutionOrchestrator.java:198)
	at org.junit.platform.launcher.core.EngineExecutionOrchestrator.execute(EngineExecutionOrchestrator.java:169)
	at org.junit.platform.launcher.core.EngineExecutionOrchestrator.execute(EngineExecutionOrchestrator.java:93)
	at org.junit.platform.launcher.core.EngineExecutionOrchestrator.lambda$execute$0(EngineExecutionOrchestrator.java:58)
	at org.junit.platform.launcher.core.EngineExecutionOrchestrator.withInterceptedStreams(EngineExecutionOrchestrator.java:141)
	at org.junit.platform.launcher.core.EngineExecutionOrchestrator.execute(EngineExecutionOrchestrator.java:57)
	at org.junit.platform.launcher.core.DefaultLauncher.execute(DefaultLauncher.java:103)
	at org.junit.platform.launcher.core.DefaultLauncher.execute(DefaultLauncher.java:85)
	at org.junit.platform.launcher.core.DelegatingLauncher.execute(DelegatingLauncher.java:47)
	at org.apache.maven.surefire.junitplatform.LazyLauncher.execute(LazyLauncher.java:56)
	at org.apache.maven.surefire.junitplatform.JUnitPlatformProvider.execute(JUnitPlatformProvider.java:184)
	at org.apache.maven.surefire.junitplatform.JUnitPlatformProvider.invokeAllTests(JUnitPlatformProvider.java:148)
	at org.apache.maven.surefire.junitplatform.JUnitPlatformProvider.invoke(JUnitPlatformProvider.java:122)
	at org.apache.maven.surefire.booter.ForkedBooter.runSuitesInProcess(ForkedBooter.java:385)
	at org.apache.maven.surefire.booter.ForkedBooter.execute(ForkedBooter.java:162)
	at org.apache.maven.surefire.booter.ForkedBooter.run(ForkedBooter.java:507)
	at org.apache.maven.surefire.booter.ForkedBooter.main(ForkedBooter.java:495)
15:17:20.057 [main] WARN com.tngtech.archunit.core.importer.ClassFileProcessor -- Error during import from jrt:/java.base/java/util/concurrent/ConcurrentLinkedQueue.class, falling back to simple import
java.lang.IllegalArgumentException: Unsupported class file major version 68
	at com.tngtech.archunit.thirdparty.org.objectweb.asm.ClassReader.<init>(ClassReader.java:200)
	at com.tngtech.archunit.thirdparty.org.objectweb.asm.ClassReader.<init>(ClassReader.java:180)
	at com.tngtech.archunit.thirdparty.org.objectweb.asm.ClassReader.<init>(ClassReader.java:166)
	at com.tngtech.archunit.thirdparty.org.objectweb.asm.ClassReader.<init>(ClassReader.java:288)
	at com.tngtech.archunit.core.importer.ClassFileProcessor$UriImporterOfProcessor.tryImport(ClassFileProcessor.java:350)
	at com.tngtech.archunit.core.importer.resolvers.ClassResolverFromClasspath.tryResolve(ClassResolverFromClasspath.java:51)
	at com.tngtech.archunit.core.importer.ImportedClasses.resolve(ImportedClasses.java:80)
	at com.tngtech.archunit.core.importer.ImportedClasses.getOrResolve(ImportedClasses.java:67)
	at com.tngtech.archunit.core.importer.DomainBuilders$JavaParameterizedTypeBuilder.build(DomainBuilders.java:845)
	at com.tngtech.archunit.core.importer.SignatureTypeArgumentProcessor$NewJavaTypeCreationProcess.finish(SignatureTypeArgumentProcessor.java:170)
	at com.tngtech.archunit.core.importer.SignatureTypeArgumentProcessor$NewJavaTypeCreationProcess.finish(SignatureTypeArgumentProcessor.java:155)
	at com.tngtech.archunit.core.importer.DomainBuilders$JavaFieldBuilder.getType(DomainBuilders.java:226)
	at com.tngtech.archunit.core.domain.JavaField.<init>(JavaField.java:40)
	at com.tngtech.archunit.core.domain.DomainObjectCreationContext.createJavaField(DomainObjectCreationContext.java:108)
	at com.tngtech.archunit.core.importer.DomainBuilders$JavaFieldBuilder.construct(DomainBuilders.java:236)
	at com.tngtech.archunit.core.importer.DomainBuilders$JavaFieldBuilder.construct(DomainBuilders.java:210)
	at com.tngtech.archunit.core.importer.DomainBuilders$JavaMemberBuilder.build(DomainBuilders.java:206)
	at com.tngtech.archunit.core.importer.DomainBuilders$JavaMemberBuilder.build(DomainBuilders.java:138)
	at com.tngtech.archunit.core.importer.DomainBuilders$BuilderWithBuildParameter$BuildFinisher.lambda$build$0(DomainBuilders.java:892)
	at java.base/java.util.stream.ReferencePipeline$3$1.accept(ReferencePipeline.java:215)
	at java.base/java.util.HashMap$KeySpliterator.forEachRemaining(HashMap.java:1716)
	at java.base/java.util.stream.AbstractPipeline.copyInto(AbstractPipeline.java:570)
	at java.base/java.util.stream.AbstractPipeline.wrapAndCopyInto(AbstractPipeline.java:560)
	at java.base/java.util.stream.ReduceOps$ReduceOp.evaluateSequential(ReduceOps.java:921)
	at java.base/java.util.stream.AbstractPipeline.evaluate(AbstractPipeline.java:265)
	at java.base/java.util.stream.ReferencePipeline.collect(ReferencePipeline.java:727)
	at com.tngtech.archunit.core.importer.DomainBuilders$BuilderWithBuildParameter$BuildFinisher.build(DomainBuilders.java:892)
	at com.tngtech.archunit.core.importer.DomainBuilders$BuilderWithBuildParameter$BuildFinisher.build(DomainBuilders.java:882)
	at com.tngtech.archunit.core.importer.ClassGraphCreator.createFields(ClassGraphCreator.java:309)
	at com.tngtech.archunit.core.domain.JavaClassMembers.create(JavaClassMembers.java:351)
	at com.tngtech.archunit.core.domain.JavaClass.completeMembers(JavaClass.java:1477)
	at com.tngtech.archunit.core.domain.DomainObjectCreationContext.completeMembers(DomainObjectCreationContext.java:96)
	at com.tngtech.archunit.core.importer.ClassGraphCreator.completeClasses(ClassGraphCreator.java:120)
	at com.tngtech.archunit.core.importer.ClassGraphCreator.complete(ClassGraphCreator.java:108)
	at com.tngtech.archunit.core.importer.ClassFileProcessor.process(ClassFileProcessor.java:75)
	at com.tngtech.archunit.core.importer.ClassFileImporter.importLocations(ClassFileImporter.java:325)
	at com.tngtech.archunit.junit.internal.ClassCache$CacheClassFileImporter.importClasses(ClassCache.java:126)
	at com.tngtech.archunit.junit.internal.ClassCache$LazyJavaClasses.initialize(ClassCache.java:118)
	at com.tngtech.archunit.junit.internal.ClassCache$LazyJavaClasses.get(ClassCache.java:107)
	at com.tngtech.archunit.junit.internal.ClassCache.getClassesToAnalyzeFor(ClassCache.java:84)
	at com.tngtech.archunit.junit.internal.ArchUnitTestDescriptor.lambda$createChildren$1(ArchUnitTestDescriptor.java:90)
	at com.tngtech.archunit.junit.internal.ArchUnitTestDescriptor$ArchUnitRuleDescriptor.execute(ArchUnitTestDescriptor.java:167)
	at com.tngtech.archunit.junit.internal.ArchUnitTestDescriptor$ArchUnitRuleDescriptor.execute(ArchUnitTestDescriptor.java:150)
	at org.junit.platform.engine.support.hierarchical.NodeTestTask.lambda$executeRecursively$6(NodeTestTask.java:156)
	at org.junit.platform.engine.support.hierarchical.ThrowableCollector.execute(ThrowableCollector.java:73)
	at org.junit.platform.engine.support.hierarchical.NodeTestTask.lambda$executeRecursively$8(NodeTestTask.java:146)
	at org.junit.platform.engine.support.hierarchical.Node.around(Node.java:137)
	at org.junit.platform.engine.support.hierarchical.NodeTestTask.lambda$executeRecursively$9(NodeTestTask.java:144)
	at org.junit.platform.engine.support.hierarchical.ThrowableCollector.execute(ThrowableCollector.java:73)
	at org.junit.platform.engine.support.hierarchical.NodeTestTask.executeRecursively(NodeTestTask.java:143)
	at org.junit.platform.engine.support.hierarchical.NodeTestTask.execute(NodeTestTask.java:100)
	at java.base/java.util.ArrayList.forEach(ArrayList.java:1604)
	at org.junit.platform.engine.support.hierarchical.SameThreadHierarchicalTestExecutorService.invokeAll(SameThreadHierarchicalTestExecutorService.java:41)
	at org.junit.platform.engine.support.hierarchical.NodeTestTask.lambda$executeRecursively$6(NodeTestTask.java:160)
	at org.junit.platform.engine.support.hierarchical.ThrowableCollector.execute(ThrowableCollector.java:73)
	at org.junit.platform.engine.support.hierarchical.NodeTestTask.lambda$executeRecursively$8(NodeTestTask.java:146)
	at org.junit.platform.engine.support.hierarchical.Node.around(Node.java:137)
	at org.junit.platform.engine.support.hierarchical.NodeTestTask.lambda$executeRecursively$9(NodeTestTask.java:144)
	at org.junit.platform.engine.support.hierarchical.ThrowableCollector.execute(ThrowableCollector.java:73)
	at org.junit.platform.engine.support.hierarchical.NodeTestTask.executeRecursively(NodeTestTask.java:143)
	at org.junit.platform.engine.support.hierarchical.NodeTestTask.execute(NodeTestTask.java:100)
	at java.base/java.util.ArrayList.forEach(ArrayList.java:1604)
	at org.junit.platform.engine.support.hierarchical.SameThreadHierarchicalTestExecutorService.invokeAll(SameThreadHierarchicalTestExecutorService.java:41)
	at org.junit.platform.engine.support.hierarchical.NodeTestTask.lambda$executeRecursively$6(NodeTestTask.java:160)
	at org.junit.platform.engine.support.hierarchical.ThrowableCollector.execute(ThrowableCollector.java:73)
	at org.junit.platform.engine.support.hierarchical.NodeTestTask.lambda$executeRecursively$8(NodeTestTask.java:146)
	at org.junit.platform.engine.support.hierarchical.Node.around(Node.java:137)
	at org.junit.platform.engine.support.hierarchical.NodeTestTask.lambda$executeRecursively$9(NodeTestTask.java:144)
	at org.junit.platform.engine.support.hierarchical.ThrowableCollector.execute(ThrowableCollector.java:73)
	at org.junit.platform.engine.support.hierarchical.NodeTestTask.executeRecursively(NodeTestTask.java:143)
	at org.junit.platform.engine.support.hierarchical.NodeTestTask.execute(NodeTestTask.java:100)
	at org.junit.platform.engine.support.hierarchical.SameThreadHierarchicalTestExecutorService.submit(SameThreadHierarchicalTestExecutorService.java:35)
	at org.junit.platform.engine.support.hierarchical.HierarchicalTestExecutor.execute(HierarchicalTestExecutor.java:57)
	at org.junit.platform.engine.support.hierarchical.HierarchicalTestEngine.execute(HierarchicalTestEngine.java:54)
	at org.junit.platform.launcher.core.EngineExecutionOrchestrator.execute(EngineExecutionOrchestrator.java:198)
	at org.junit.platform.launcher.core.EngineExecutionOrchestrator.execute(EngineExecutionOrchestrator.java:169)
	at org.junit.platform.launcher.core.EngineExecutionOrchestrator.execute(EngineExecutionOrchestrator.java:93)
	at org.junit.platform.launcher.core.EngineExecutionOrchestrator.lambda$execute$0(EngineExecutionOrchestrator.java:58)
	at org.junit.platform.launcher.core.EngineExecutionOrchestrator.withInterceptedStreams(EngineExecutionOrchestrator.java:141)
	at org.junit.platform.launcher.core.EngineExecutionOrchestrator.execute(EngineExecutionOrchestrator.java:57)
	at org.junit.platform.launcher.core.DefaultLauncher.execute(DefaultLauncher.java:103)
	at org.junit.platform.launcher.core.DefaultLauncher.execute(DefaultLauncher.java:85)
	at org.junit.platform.launcher.core.DelegatingLauncher.execute(DelegatingLauncher.java:47)
	at org.apache.maven.surefire.junitplatform.LazyLauncher.execute(LazyLauncher.java:56)
	at org.apache.maven.surefire.junitplatform.JUnitPlatformProvider.execute(JUnitPlatformProvider.java:184)
	at org.apache.maven.surefire.junitplatform.JUnitPlatformProvider.invokeAllTests(JUnitPlatformProvider.java:148)
	at org.apache.maven.surefire.junitplatform.JUnitPlatformProvider.invoke(JUnitPlatformProvider.java:122)
	at org.apache.maven.surefire.booter.ForkedBooter.runSuitesInProcess(ForkedBooter.java:385)
	at org.apache.maven.surefire.booter.ForkedBooter.execute(ForkedBooter.java:162)
	at org.apache.maven.surefire.booter.ForkedBooter.run(ForkedBooter.java:507)
	at org.apache.maven.surefire.booter.ForkedBooter.main(ForkedBooter.java:495)
15:17:20.058 [main] WARN com.tngtech.archunit.core.importer.ClassFileProcessor -- Error during import from jrt:/java.base/java/util/LinkedList.class, falling back to simple import
java.lang.IllegalArgumentException: Unsupported class file major version 68
	at com.tngtech.archunit.thirdparty.org.objectweb.asm.ClassReader.<init>(ClassReader.java:200)
	at com.tngtech.archunit.thirdparty.org.objectweb.asm.ClassReader.<init>(ClassReader.java:180)
	at com.tngtech.archunit.thirdparty.org.objectweb.asm.ClassReader.<init>(ClassReader.java:166)
	at com.tngtech.archunit.thirdparty.org.objectweb.asm.ClassReader.<init>(ClassReader.java:288)
	at com.tngtech.archunit.core.importer.ClassFileProcessor$UriImporterOfProcessor.tryImport(ClassFileProcessor.java:350)
	at com.tngtech.archunit.core.importer.resolvers.ClassResolverFromClasspath.tryResolve(ClassResolverFromClasspath.java:51)
	at com.tngtech.archunit.core.importer.ImportedClasses.resolve(ImportedClasses.java:80)
	at com.tngtech.archunit.core.importer.ImportedClasses.getOrResolve(ImportedClasses.java:67)
	at com.tngtech.archunit.core.importer.DomainBuilders$JavaParameterizedTypeBuilder.build(DomainBuilders.java:845)
	at com.tngtech.archunit.core.importer.SignatureTypeArgumentProcessor$NewJavaTypeCreationProcess.finish(SignatureTypeArgumentProcessor.java:170)
	at com.tngtech.archunit.core.importer.SignatureTypeArgumentProcessor$NewJavaTypeCreationProcess.finish(SignatureTypeArgumentProcessor.java:155)
	at com.tngtech.archunit.core.importer.DomainBuilders$JavaFieldBuilder.getType(DomainBuilders.java:226)
	at com.tngtech.archunit.core.domain.JavaField.<init>(JavaField.java:40)
	at com.tngtech.archunit.core.domain.DomainObjectCreationContext.createJavaField(DomainObjectCreationContext.java:108)
	at com.tngtech.archunit.core.importer.DomainBuilders$JavaFieldBuilder.construct(DomainBuilders.java:236)
	at com.tngtech.archunit.core.importer.DomainBuilders$JavaFieldBuilder.construct(DomainBuilders.java:210)
	at com.tngtech.archunit.core.importer.DomainBuilders$JavaMemberBuilder.build(DomainBuilders.java:206)
	at com.tngtech.archunit.core.importer.DomainBuilders$JavaMemberBuilder.build(DomainBuilders.java:138)
	at com.tngtech.archunit.core.importer.DomainBuilders$BuilderWithBuildParameter$BuildFinisher.lambda$build$0(DomainBuilders.java:892)
	at java.base/java.util.stream.ReferencePipeline$3$1.accept(ReferencePipeline.java:215)
	at java.base/java.util.HashMap$KeySpliterator.forEachRemaining(HashMap.java:1716)
	at java.base/java.util.stream.AbstractPipeline.copyInto(AbstractPipeline.java:570)
	at java.base/java.util.stream.AbstractPipeline.wrapAndCopyInto(AbstractPipeline.java:560)
	at java.base/java.util.stream.ReduceOps$ReduceOp.evaluateSequential(ReduceOps.java:921)
	at java.base/java.util.stream.AbstractPipeline.evaluate(AbstractPipeline.java:265)
	at java.base/java.util.stream.ReferencePipeline.collect(ReferencePipeline.java:727)
	at com.tngtech.archunit.core.importer.DomainBuilders$BuilderWithBuildParameter$BuildFinisher.build(DomainBuilders.java:892)
	at com.tngtech.archunit.core.importer.DomainBuilders$BuilderWithBuildParameter$BuildFinisher.build(DomainBuilders.java:882)
	at com.tngtech.archunit.core.importer.ClassGraphCreator.createFields(ClassGraphCreator.java:309)
	at com.tngtech.archunit.core.domain.JavaClassMembers.create(JavaClassMembers.java:351)
	at com.tngtech.archunit.core.domain.JavaClass.completeMembers(JavaClass.java:1477)
	at com.tngtech.archunit.core.domain.DomainObjectCreationContext.completeMembers(DomainObjectCreationContext.java:96)
	at com.tngtech.archunit.core.importer.ClassGraphCreator.completeClasses(ClassGraphCreator.java:120)
	at com.tngtech.archunit.core.importer.ClassGraphCreator.complete(ClassGraphCreator.java:108)
	at com.tngtech.archunit.core.importer.ClassFileProcessor.process(ClassFileProcessor.java:75)
	at com.tngtech.archunit.core.importer.ClassFileImporter.importLocations(ClassFileImporter.java:325)
	at com.tngtech.archunit.junit.internal.ClassCache$CacheClassFileImporter.importClasses(ClassCache.java:126)
	at com.tngtech.archunit.junit.internal.ClassCache$LazyJavaClasses.initialize(ClassCache.java:118)
	at com.tngtech.archunit.junit.internal.ClassCache$LazyJavaClasses.get(ClassCache.java:107)
	at com.tngtech.archunit.junit.internal.ClassCache.getClassesToAnalyzeFor(ClassCache.java:84)
	at com.tngtech.archunit.junit.internal.ArchUnitTestDescriptor.lambda$createChildren$1(ArchUnitTestDescriptor.java:90)
	at com.tngtech.archunit.junit.internal.ArchUnitTestDescriptor$ArchUnitRuleDescriptor.execute(ArchUnitTestDescriptor.java:167)
	at com.tngtech.archunit.junit.internal.ArchUnitTestDescriptor$ArchUnitRuleDescriptor.execute(ArchUnitTestDescriptor.java:150)
	at org.junit.platform.engine.support.hierarchical.NodeTestTask.lambda$executeRecursively$6(NodeTestTask.java:156)
	at org.junit.platform.engine.support.hierarchical.ThrowableCollector.execute(ThrowableCollector.java:73)
	at org.junit.platform.engine.support.hierarchical.NodeTestTask.lambda$executeRecursively$8(NodeTestTask.java:146)
	at org.junit.platform.engine.support.hierarchical.Node.around(Node.java:137)
	at org.junit.platform.engine.support.hierarchical.NodeTestTask.lambda$executeRecursively$9(NodeTestTask.java:144)
	at org.junit.platform.engine.support.hierarchical.ThrowableCollector.execute(ThrowableCollector.java:73)
	at org.junit.platform.engine.support.hierarchical.NodeTestTask.executeRecursively(NodeTestTask.java:143)
	at org.junit.platform.engine.support.hierarchical.NodeTestTask.execute(NodeTestTask.java:100)
	at java.base/java.util.ArrayList.forEach(ArrayList.java:1604)
	at org.junit.platform.engine.support.hierarchical.SameThreadHierarchicalTestExecutorService.invokeAll(SameThreadHierarchicalTestExecutorService.java:41)
	at org.junit.platform.engine.support.hierarchical.NodeTestTask.lambda$executeRecursively$6(NodeTestTask.java:160)
	at org.junit.platform.engine.support.hierarchical.ThrowableCollector.execute(ThrowableCollector.java:73)
	at org.junit.platform.engine.support.hierarchical.NodeTestTask.lambda$executeRecursively$8(NodeTestTask.java:146)
	at org.junit.platform.engine.support.hierarchical.Node.around(Node.java:137)
	at org.junit.platform.engine.support.hierarchical.NodeTestTask.lambda$executeRecursively$9(NodeTestTask.java:144)
	at org.junit.platform.engine.support.hierarchical.ThrowableCollector.execute(ThrowableCollector.java:73)
	at org.junit.platform.engine.support.hierarchical.NodeTestTask.executeRecursively(NodeTestTask.java:143)
	at org.junit.platform.engine.support.hierarchical.NodeTestTask.execute(NodeTestTask.java:100)
	at java.base/java.util.ArrayList.forEach(ArrayList.java:1604)
	at org.junit.platform.engine.support.hierarchical.SameThreadHierarchicalTestExecutorService.invokeAll(SameThreadHierarchicalTestExecutorService.java:41)
	at org.junit.platform.engine.support.hierarchical.NodeTestTask.lambda$executeRecursively$6(NodeTestTask.java:160)
	at org.junit.platform.engine.support.hierarchical.ThrowableCollector.execute(ThrowableCollector.java:73)
	at org.junit.platform.engine.support.hierarchical.NodeTestTask.lambda$executeRecursively$8(NodeTestTask.java:146)
	at org.junit.platform.engine.support.hierarchical.Node.around(Node.java:137)
	at org.junit.platform.engine.support.hierarchical.NodeTestTask.lambda$executeRecursively$9(NodeTestTask.java:144)
	at org.junit.platform.engine.support.hierarchical.ThrowableCollector.execute(ThrowableCollector.java:73)
	at org.junit.platform.engine.support.hierarchical.NodeTestTask.executeRecursively(NodeTestTask.java:143)
	at org.junit.platform.engine.support.hierarchical.NodeTestTask.execute(NodeTestTask.java:100)
	at org.junit.platform.engine.support.hierarchical.SameThreadHierarchicalTestExecutorService.submit(SameThreadHierarchicalTestExecutorService.java:35)
	at org.junit.platform.engine.support.hierarchical.HierarchicalTestExecutor.execute(HierarchicalTestExecutor.java:57)
	at org.junit.platform.engine.support.hierarchical.HierarchicalTestEngine.execute(HierarchicalTestEngine.java:54)
	at org.junit.platform.launcher.core.EngineExecutionOrchestrator.execute(EngineExecutionOrchestrator.java:198)
	at org.junit.platform.launcher.core.EngineExecutionOrchestrator.execute(EngineExecutionOrchestrator.java:169)
	at org.junit.platform.launcher.core.EngineExecutionOrchestrator.execute(EngineExecutionOrchestrator.java:93)
	at org.junit.platform.launcher.core.EngineExecutionOrchestrator.lambda$execute$0(EngineExecutionOrchestrator.java:58)
	at org.junit.platform.launcher.core.EngineExecutionOrchestrator.withInterceptedStreams(EngineExecutionOrchestrator.java:141)
	at org.junit.platform.launcher.core.EngineExecutionOrchestrator.execute(EngineExecutionOrchestrator.java:57)
	at org.junit.platform.launcher.core.DefaultLauncher.execute(DefaultLauncher.java:103)
	at org.junit.platform.launcher.core.DefaultLauncher.execute(DefaultLauncher.java:85)
	at org.junit.platform.launcher.core.DelegatingLauncher.execute(DelegatingLauncher.java:47)
	at org.apache.maven.surefire.junitplatform.LazyLauncher.execute(LazyLauncher.java:56)
	at org.apache.maven.surefire.junitplatform.JUnitPlatformProvider.execute(JUnitPlatformProvider.java:184)
	at org.apache.maven.surefire.junitplatform.JUnitPlatformProvider.invokeAllTests(JUnitPlatformProvider.java:148)
	at org.apache.maven.surefire.junitplatform.JUnitPlatformProvider.invoke(JUnitPlatformProvider.java:122)
	at org.apache.maven.surefire.booter.ForkedBooter.runSuitesInProcess(ForkedBooter.java:385)
	at org.apache.maven.surefire.booter.ForkedBooter.execute(ForkedBooter.java:162)
	at org.apache.maven.surefire.booter.ForkedBooter.run(ForkedBooter.java:507)
	at org.apache.maven.surefire.booter.ForkedBooter.main(ForkedBooter.java:495)
15:17:20.059 [main] WARN com.tngtech.archunit.core.importer.ClassFileProcessor -- Error during import from jrt:/java.base/java/util/Queue.class, falling back to simple import
java.lang.IllegalArgumentException: Unsupported class file major version 68
	at com.tngtech.archunit.thirdparty.org.objectweb.asm.ClassReader.<init>(ClassReader.java:200)
	at com.tngtech.archunit.thirdparty.org.objectweb.asm.ClassReader.<init>(ClassReader.java:180)
	at com.tngtech.archunit.thirdparty.org.objectweb.asm.ClassReader.<init>(ClassReader.java:166)
	at com.tngtech.archunit.thirdparty.org.objectweb.asm.ClassReader.<init>(ClassReader.java:288)
	at com.tngtech.archunit.core.importer.ClassFileProcessor$UriImporterOfProcessor.tryImport(ClassFileProcessor.java:350)
	at com.tngtech.archunit.core.importer.resolvers.ClassResolverFromClasspath.tryResolve(ClassResolverFromClasspath.java:51)
	at com.tngtech.archunit.core.importer.ImportedClasses.resolve(ImportedClasses.java:80)
	at com.tngtech.archunit.core.importer.ImportedClasses.getOrResolve(ImportedClasses.java:67)
	at com.tngtech.archunit.core.importer.DomainBuilders$JavaMemberBuilder.get(DomainBuilders.java:179)
	at com.tngtech.archunit.core.importer.DomainBuilders$JavaCodeUnitBuilder.getRawReturnType(DomainBuilders.java:289)
	at com.tngtech.archunit.core.domain.JavaCodeUnit$ReturnType.<init>(JavaCodeUnit.java:367)
	at com.tngtech.archunit.core.domain.JavaCodeUnit.<init>(JavaCodeUnit.java:81)
	at com.tngtech.archunit.core.domain.JavaMethod.<init>(JavaMethod.java:44)
	at com.tngtech.archunit.core.domain.DomainObjectCreationContext.createJavaMethod(DomainObjectCreationContext.java:144)
	at com.tngtech.archunit.core.importer.DomainBuilders$JavaMethodBuilder.construct(DomainBuilders.java:373)
	at com.tngtech.archunit.core.importer.DomainBuilders$JavaMethodBuilder.construct(DomainBuilders.java:358)
	at com.tngtech.archunit.core.importer.DomainBuilders$JavaMemberBuilder.build(DomainBuilders.java:206)
	at com.tngtech.archunit.core.importer.DomainBuilders$JavaMemberBuilder.build(DomainBuilders.java:138)
	at com.tngtech.archunit.core.importer.DomainBuilders$BuilderWithBuildParameter$BuildFinisher.lambda$build$0(DomainBuilders.java:892)
	at java.base/java.util.stream.ReferencePipeline$3$1.accept(ReferencePipeline.java:215)
	at java.base/java.util.stream.ReferencePipeline$2$1.accept(ReferencePipeline.java:197)
	at java.base/java.util.HashMap$KeySpliterator.forEachRemaining(HashMap.java:1716)
	at java.base/java.util.stream.AbstractPipeline.copyInto(AbstractPipeline.java:570)
	at java.base/java.util.stream.AbstractPipeline.wrapAndCopyInto(AbstractPipeline.java:560)
	at java.base/java.util.stream.ReduceOps$ReduceOp.evaluateSequential(ReduceOps.java:921)
	at java.base/java.util.stream.AbstractPipeline.evaluate(AbstractPipeline.java:265)
	at java.base/java.util.stream.ReferencePipeline.collect(ReferencePipeline.java:727)
	at com.tngtech.archunit.core.importer.DomainBuilders$BuilderWithBuildParameter$BuildFinisher.build(DomainBuilders.java:892)
	at com.tngtech.archunit.core.importer.ClassGraphCreator.createMethods(ClassGraphCreator.java:322)
	at com.tngtech.archunit.core.domain.JavaClassMembers.create(JavaClassMembers.java:352)
	at com.tngtech.archunit.core.domain.JavaClass.completeMembers(JavaClass.java:1477)
	at com.tngtech.archunit.core.domain.DomainObjectCreationContext.completeMembers(DomainObjectCreationContext.java:96)
	at com.tngtech.archunit.core.importer.ClassGraphCreator.completeClasses(ClassGraphCreator.java:120)
	at com.tngtech.archunit.core.importer.ClassGraphCreator.complete(ClassGraphCreator.java:108)
	at com.tngtech.archunit.core.importer.ClassFileProcessor.process(ClassFileProcessor.java:75)
	at com.tngtech.archunit.core.importer.ClassFileImporter.importLocations(ClassFileImporter.java:325)
	at com.tngtech.archunit.junit.internal.ClassCache$CacheClassFileImporter.importClasses(ClassCache.java:126)
	at com.tngtech.archunit.junit.internal.ClassCache$LazyJavaClasses.initialize(ClassCache.java:118)
	at com.tngtech.archunit.junit.internal.ClassCache$LazyJavaClasses.get(ClassCache.java:107)
	at com.tngtech.archunit.junit.internal.ClassCache.getClassesToAnalyzeFor(ClassCache.java:84)
	at com.tngtech.archunit.junit.internal.ArchUnitTestDescriptor.lambda$createChildren$1(ArchUnitTestDescriptor.java:90)
	at com.tngtech.archunit.junit.internal.ArchUnitTestDescriptor$ArchUnitRuleDescriptor.execute(ArchUnitTestDescriptor.java:167)
	at com.tngtech.archunit.junit.internal.ArchUnitTestDescriptor$ArchUnitRuleDescriptor.execute(ArchUnitTestDescriptor.java:150)
	at org.junit.platform.engine.support.hierarchical.NodeTestTask.lambda$executeRecursively$6(NodeTestTask.java:156)
	at org.junit.platform.engine.support.hierarchical.ThrowableCollector.execute(ThrowableCollector.java:73)
	at org.junit.platform.engine.support.hierarchical.NodeTestTask.lambda$executeRecursively$8(NodeTestTask.java:146)
	at org.junit.platform.engine.support.hierarchical.Node.around(Node.java:137)
	at org.junit.platform.engine.support.hierarchical.NodeTestTask.lambda$executeRecursively$9(NodeTestTask.java:144)
	at org.junit.platform.engine.support.hierarchical.ThrowableCollector.execute(ThrowableCollector.java:73)
	at org.junit.platform.engine.support.hierarchical.NodeTestTask.executeRecursively(NodeTestTask.java:143)
	at org.junit.platform.engine.support.hierarchical.NodeTestTask.execute(NodeTestTask.java:100)
	at java.base/java.util.ArrayList.forEach(ArrayList.java:1604)
	at org.junit.platform.engine.support.hierarchical.SameThreadHierarchicalTestExecutorService.invokeAll(SameThreadHierarchicalTestExecutorService.java:41)
	at org.junit.platform.engine.support.hierarchical.NodeTestTask.lambda$executeRecursively$6(NodeTestTask.java:160)
	at org.junit.platform.engine.support.hierarchical.ThrowableCollector.execute(ThrowableCollector.java:73)
	at org.junit.platform.engine.support.hierarchical.NodeTestTask.lambda$executeRecursively$8(NodeTestTask.java:146)
	at org.junit.platform.engine.support.hierarchical.Node.around(Node.java:137)
	at org.junit.platform.engine.support.hierarchical.NodeTestTask.lambda$executeRecursively$9(NodeTestTask.java:144)
	at org.junit.platform.engine.support.hierarchical.ThrowableCollector.execute(ThrowableCollector.java:73)
	at org.junit.platform.engine.support.hierarchical.NodeTestTask.executeRecursively(NodeTestTask.java:143)
	at org.junit.platform.engine.support.hierarchical.NodeTestTask.execute(NodeTestTask.java:100)
	at java.base/java.util.ArrayList.forEach(ArrayList.java:1604)
	at org.junit.platform.engine.support.hierarchical.SameThreadHierarchicalTestExecutorService.invokeAll(SameThreadHierarchicalTestExecutorService.java:41)
	at org.junit.platform.engine.support.hierarchical.NodeTestTask.lambda$executeRecursively$6(NodeTestTask.java:160)
	at org.junit.platform.engine.support.hierarchical.ThrowableCollector.execute(ThrowableCollector.java:73)
	at org.junit.platform.engine.support.hierarchical.NodeTestTask.lambda$executeRecursively$8(NodeTestTask.java:146)
	at org.junit.platform.engine.support.hierarchical.Node.around(Node.java:137)
	at org.junit.platform.engine.support.hierarchical.NodeTestTask.lambda$executeRecursively$9(NodeTestTask.java:144)
	at org.junit.platform.engine.support.hierarchical.ThrowableCollector.execute(ThrowableCollector.java:73)
	at org.junit.platform.engine.support.hierarchical.NodeTestTask.executeRecursively(NodeTestTask.java:143)
	at org.junit.platform.engine.support.hierarchical.NodeTestTask.execute(NodeTestTask.java:100)
	at org.junit.platform.engine.support.hierarchical.SameThreadHierarchicalTestExecutorService.submit(SameThreadHierarchicalTestExecutorService.java:35)
	at org.junit.platform.engine.support.hierarchical.HierarchicalTestExecutor.execute(HierarchicalTestExecutor.java:57)
	at org.junit.platform.engine.support.hierarchical.HierarchicalTestEngine.execute(HierarchicalTestEngine.java:54)
	at org.junit.platform.launcher.core.EngineExecutionOrchestrator.execute(EngineExecutionOrchestrator.java:198)
	at org.junit.platform.launcher.core.EngineExecutionOrchestrator.execute(EngineExecutionOrchestrator.java:169)
	at org.junit.platform.launcher.core.EngineExecutionOrchestrator.execute(EngineExecutionOrchestrator.java:93)
	at org.junit.platform.launcher.core.EngineExecutionOrchestrator.lambda$execute$0(EngineExecutionOrchestrator.java:58)
	at org.junit.platform.launcher.core.EngineExecutionOrchestrator.withInterceptedStreams(EngineExecutionOrchestrator.java:141)
	at org.junit.platform.launcher.core.EngineExecutionOrchestrator.execute(EngineExecutionOrchestrator.java:57)
	at org.junit.platform.launcher.core.DefaultLauncher.execute(DefaultLauncher.java:103)
	at org.junit.platform.launcher.core.DefaultLauncher.execute(DefaultLauncher.java:85)
	at org.junit.platform.launcher.core.DelegatingLauncher.execute(DelegatingLauncher.java:47)
	at org.apache.maven.surefire.junitplatform.LazyLauncher.execute(LazyLauncher.java:56)
	at org.apache.maven.surefire.junitplatform.JUnitPlatformProvider.execute(JUnitPlatformProvider.java:184)
	at org.apache.maven.surefire.junitplatform.JUnitPlatformProvider.invokeAllTests(JUnitPlatformProvider.java:148)
	at org.apache.maven.surefire.junitplatform.JUnitPlatformProvider.invoke(JUnitPlatformProvider.java:122)
	at org.apache.maven.surefire.booter.ForkedBooter.runSuitesInProcess(ForkedBooter.java:385)
	at org.apache.maven.surefire.booter.ForkedBooter.execute(ForkedBooter.java:162)
	at org.apache.maven.surefire.booter.ForkedBooter.run(ForkedBooter.java:507)
	at org.apache.maven.surefire.booter.ForkedBooter.main(ForkedBooter.java:495)
15:17:20.068 [main] WARN com.tngtech.archunit.core.importer.ClassFileProcessor -- Error during import from jrt:/java.base/java/util/function/Consumer.class, falling back to simple import
java.lang.IllegalArgumentException: Unsupported class file major version 68
	at com.tngtech.archunit.thirdparty.org.objectweb.asm.ClassReader.<init>(ClassReader.java:200)
	at com.tngtech.archunit.thirdparty.org.objectweb.asm.ClassReader.<init>(ClassReader.java:180)
	at com.tngtech.archunit.thirdparty.org.objectweb.asm.ClassReader.<init>(ClassReader.java:166)
	at com.tngtech.archunit.thirdparty.org.objectweb.asm.ClassReader.<init>(ClassReader.java:288)
	at com.tngtech.archunit.core.importer.ClassFileProcessor$UriImporterOfProcessor.tryImport(ClassFileProcessor.java:350)
	at com.tngtech.archunit.core.importer.resolvers.ClassResolverFromClasspath.tryResolve(ClassResolverFromClasspath.java:51)
	at com.tngtech.archunit.core.importer.ImportedClasses.resolve(ImportedClasses.java:80)
	at com.tngtech.archunit.core.importer.ImportedClasses.getOrResolve(ImportedClasses.java:67)
	at com.tngtech.archunit.core.importer.DomainBuilders$JavaParameterizedTypeBuilder.build(DomainBuilders.java:845)
	at com.tngtech.archunit.core.importer.SignatureTypeArgumentProcessor$NewJavaTypeCreationProcess.finish(SignatureTypeArgumentProcessor.java:170)
	at com.tngtech.archunit.core.importer.SignatureTypeArgumentProcessor$NewJavaTypeCreationProcess.finish(SignatureTypeArgumentProcessor.java:155)
	at com.tngtech.archunit.core.importer.DomainBuilders$JavaFieldBuilder.getType(DomainBuilders.java:226)
	at com.tngtech.archunit.core.domain.JavaField.<init>(JavaField.java:40)
	at com.tngtech.archunit.core.domain.DomainObjectCreationContext.createJavaField(DomainObjectCreationContext.java:108)
	at com.tngtech.archunit.core.importer.DomainBuilders$JavaFieldBuilder.construct(DomainBuilders.java:236)
	at com.tngtech.archunit.core.importer.DomainBuilders$JavaFieldBuilder.construct(DomainBuilders.java:210)
	at com.tngtech.archunit.core.importer.DomainBuilders$JavaMemberBuilder.build(DomainBuilders.java:206)
	at com.tngtech.archunit.core.importer.DomainBuilders$JavaMemberBuilder.build(DomainBuilders.java:138)
	at com.tngtech.archunit.core.importer.DomainBuilders$BuilderWithBuildParameter$BuildFinisher.lambda$build$0(DomainBuilders.java:892)
	at java.base/java.util.stream.ReferencePipeline$3$1.accept(ReferencePipeline.java:215)
	at java.base/java.util.HashMap$KeySpliterator.forEachRemaining(HashMap.java:1716)
	at java.base/java.util.stream.AbstractPipeline.copyInto(AbstractPipeline.java:570)
	at java.base/java.util.stream.AbstractPipeline.wrapAndCopyInto(AbstractPipeline.java:560)
	at java.base/java.util.stream.ReduceOps$ReduceOp.evaluateSequential(ReduceOps.java:921)
	at java.base/java.util.stream.AbstractPipeline.evaluate(AbstractPipeline.java:265)
	at java.base/java.util.stream.ReferencePipeline.collect(ReferencePipeline.java:727)
	at com.tngtech.archunit.core.importer.DomainBuilders$BuilderWithBuildParameter$BuildFinisher.build(DomainBuilders.java:892)
	at com.tngtech.archunit.core.importer.DomainBuilders$BuilderWithBuildParameter$BuildFinisher.build(DomainBuilders.java:882)
	at com.tngtech.archunit.core.importer.ClassGraphCreator.createFields(ClassGraphCreator.java:309)
	at com.tngtech.archunit.core.domain.JavaClassMembers.create(JavaClassMembers.java:351)
	at com.tngtech.archunit.core.domain.JavaClass.completeMembers(JavaClass.java:1477)
	at com.tngtech.archunit.core.domain.DomainObjectCreationContext.completeMembers(DomainObjectCreationContext.java:96)
	at com.tngtech.archunit.core.importer.ClassGraphCreator.completeClasses(ClassGraphCreator.java:120)
	at com.tngtech.archunit.core.importer.ClassGraphCreator.complete(ClassGraphCreator.java:108)
	at com.tngtech.archunit.core.importer.ClassFileProcessor.process(ClassFileProcessor.java:75)
	at com.tngtech.archunit.core.importer.ClassFileImporter.importLocations(ClassFileImporter.java:325)
	at com.tngtech.archunit.junit.internal.ClassCache$CacheClassFileImporter.importClasses(ClassCache.java:126)
	at com.tngtech.archunit.junit.internal.ClassCache$LazyJavaClasses.initialize(ClassCache.java:118)
	at com.tngtech.archunit.junit.internal.ClassCache$LazyJavaClasses.get(ClassCache.java:107)
	at com.tngtech.archunit.junit.internal.ClassCache.getClassesToAnalyzeFor(ClassCache.java:84)
	at com.tngtech.archunit.junit.internal.ArchUnitTestDescriptor.lambda$createChildren$1(ArchUnitTestDescriptor.java:90)
	at com.tngtech.archunit.junit.internal.ArchUnitTestDescriptor$ArchUnitRuleDescriptor.execute(ArchUnitTestDescriptor.java:167)
	at com.tngtech.archunit.junit.internal.ArchUnitTestDescriptor$ArchUnitRuleDescriptor.execute(ArchUnitTestDescriptor.java:150)
	at org.junit.platform.engine.support.hierarchical.NodeTestTask.lambda$executeRecursively$6(NodeTestTask.java:156)
	at org.junit.platform.engine.support.hierarchical.ThrowableCollector.execute(ThrowableCollector.java:73)
	at org.junit.platform.engine.support.hierarchical.NodeTestTask.lambda$executeRecursively$8(NodeTestTask.java:146)
	at org.junit.platform.engine.support.hierarchical.Node.around(Node.java:137)
	at org.junit.platform.engine.support.hierarchical.NodeTestTask.lambda$executeRecursively$9(NodeTestTask.java:144)
	at org.junit.platform.engine.support.hierarchical.ThrowableCollector.execute(ThrowableCollector.java:73)
	at org.junit.platform.engine.support.hierarchical.NodeTestTask.executeRecursively(NodeTestTask.java:143)
	at org.junit.platform.engine.support.hierarchical.NodeTestTask.execute(NodeTestTask.java:100)
	at java.base/java.util.ArrayList.forEach(ArrayList.java:1604)
	at org.junit.platform.engine.support.hierarchical.SameThreadHierarchicalTestExecutorService.invokeAll(SameThreadHierarchicalTestExecutorService.java:41)
	at org.junit.platform.engine.support.hierarchical.NodeTestTask.lambda$executeRecursively$6(NodeTestTask.java:160)
	at org.junit.platform.engine.support.hierarchical.ThrowableCollector.execute(ThrowableCollector.java:73)
	at org.junit.platform.engine.support.hierarchical.NodeTestTask.lambda$executeRecursively$8(NodeTestTask.java:146)
	at org.junit.platform.engine.support.hierarchical.Node.around(Node.java:137)
	at org.junit.platform.engine.support.hierarchical.NodeTestTask.lambda$executeRecursively$9(NodeTestTask.java:144)
	at org.junit.platform.engine.support.hierarchical.ThrowableCollector.execute(ThrowableCollector.java:73)
	at org.junit.platform.engine.support.hierarchical.NodeTestTask.executeRecursively(NodeTestTask.java:143)
	at org.junit.platform.engine.support.hierarchical.NodeTestTask.execute(NodeTestTask.java:100)
	at java.base/java.util.ArrayList.forEach(ArrayList.java:1604)
	at org.junit.platform.engine.support.hierarchical.SameThreadHierarchicalTestExecutorService.invokeAll(SameThreadHierarchicalTestExecutorService.java:41)
	at org.junit.platform.engine.support.hierarchical.NodeTestTask.lambda$executeRecursively$6(NodeTestTask.java:160)
	at org.junit.platform.engine.support.hierarchical.ThrowableCollector.execute(ThrowableCollector.java:73)
	at org.junit.platform.engine.support.hierarchical.NodeTestTask.lambda$executeRecursively$8(NodeTestTask.java:146)
	at org.junit.platform.engine.support.hierarchical.Node.around(Node.java:137)
	at org.junit.platform.engine.support.hierarchical.NodeTestTask.lambda$executeRecursively$9(NodeTestTask.java:144)
	at org.junit.platform.engine.support.hierarchical.ThrowableCollector.execute(ThrowableCollector.java:73)
	at org.junit.platform.engine.support.hierarchical.NodeTestTask.executeRecursively(NodeTestTask.java:143)
	at org.junit.platform.engine.support.hierarchical.NodeTestTask.execute(NodeTestTask.java:100)
	at org.junit.platform.engine.support.hierarchical.SameThreadHierarchicalTestExecutorService.submit(SameThreadHierarchicalTestExecutorService.java:35)
	at org.junit.platform.engine.support.hierarchical.HierarchicalTestExecutor.execute(HierarchicalTestExecutor.java:57)
	at org.junit.platform.engine.support.hierarchical.HierarchicalTestEngine.execute(HierarchicalTestEngine.java:54)
	at org.junit.platform.launcher.core.EngineExecutionOrchestrator.execute(EngineExecutionOrchestrator.java:198)
	at org.junit.platform.launcher.core.EngineExecutionOrchestrator.execute(EngineExecutionOrchestrator.java:169)
	at org.junit.platform.launcher.core.EngineExecutionOrchestrator.execute(EngineExecutionOrchestrator.java:93)
	at org.junit.platform.launcher.core.EngineExecutionOrchestrator.lambda$execute$0(EngineExecutionOrchestrator.java:58)
	at org.junit.platform.launcher.core.EngineExecutionOrchestrator.withInterceptedStreams(EngineExecutionOrchestrator.java:141)
	at org.junit.platform.launcher.core.EngineExecutionOrchestrator.execute(EngineExecutionOrchestrator.java:57)
	at org.junit.platform.launcher.core.DefaultLauncher.execute(DefaultLauncher.java:103)
	at org.junit.platform.launcher.core.DefaultLauncher.execute(DefaultLauncher.java:85)
	at org.junit.platform.launcher.core.DelegatingLauncher.execute(DelegatingLauncher.java:47)
	at org.apache.maven.surefire.junitplatform.LazyLauncher.execute(LazyLauncher.java:56)
	at org.apache.maven.surefire.junitplatform.JUnitPlatformProvider.execute(JUnitPlatformProvider.java:184)
	at org.apache.maven.surefire.junitplatform.JUnitPlatformProvider.invokeAllTests(JUnitPlatformProvider.java:148)
	at org.apache.maven.surefire.junitplatform.JUnitPlatformProvider.invoke(JUnitPlatformProvider.java:122)
	at org.apache.maven.surefire.booter.ForkedBooter.runSuitesInProcess(ForkedBooter.java:385)
	at org.apache.maven.surefire.booter.ForkedBooter.execute(ForkedBooter.java:162)
	at org.apache.maven.surefire.booter.ForkedBooter.run(ForkedBooter.java:507)
	at org.apache.maven.surefire.booter.ForkedBooter.main(ForkedBooter.java:495)
15:17:20.071 [main] WARN com.tngtech.archunit.core.importer.ClassFileProcessor -- Error during import from jrt:/java.base/java/lang/StackTraceElement.class, falling back to simple import
java.lang.IllegalArgumentException: Unsupported class file major version 68
	at com.tngtech.archunit.thirdparty.org.objectweb.asm.ClassReader.<init>(ClassReader.java:200)
	at com.tngtech.archunit.thirdparty.org.objectweb.asm.ClassReader.<init>(ClassReader.java:180)
	at com.tngtech.archunit.thirdparty.org.objectweb.asm.ClassReader.<init>(ClassReader.java:166)
	at com.tngtech.archunit.thirdparty.org.objectweb.asm.ClassReader.<init>(ClassReader.java:288)
	at com.tngtech.archunit.core.importer.ClassFileProcessor$UriImporterOfProcessor.tryImport(ClassFileProcessor.java:350)
	at com.tngtech.archunit.core.importer.resolvers.ClassResolverFromClasspath.tryResolve(ClassResolverFromClasspath.java:51)
	at com.tngtech.archunit.core.importer.ImportedClasses.resolve(ImportedClasses.java:80)
	at com.tngtech.archunit.core.importer.ImportedClasses.getOrResolve(ImportedClasses.java:67)
	at com.tngtech.archunit.core.importer.DomainBuilders$JavaMemberBuilder.get(DomainBuilders.java:179)
	at com.tngtech.archunit.core.importer.DomainBuilders$JavaCodeUnitBuilder.asJavaClasses(DomainBuilders.java:329)
	at com.tngtech.archunit.core.importer.DomainBuilders$JavaCodeUnitBuilder.getRawParameterTypes(DomainBuilders.java:303)
	at com.tngtech.archunit.core.domain.JavaCodeUnit$Parameters.<init>(JavaCodeUnit.java:317)
	at com.tngtech.archunit.core.domain.JavaCodeUnit.<init>(JavaCodeUnit.java:82)
	at com.tngtech.archunit.core.domain.JavaMethod.<init>(JavaMethod.java:44)
	at com.tngtech.archunit.core.domain.DomainObjectCreationContext.createJavaMethod(DomainObjectCreationContext.java:144)
	at com.tngtech.archunit.core.importer.DomainBuilders$JavaMethodBuilder.construct(DomainBuilders.java:373)
	at com.tngtech.archunit.core.importer.DomainBuilders$JavaMethodBuilder.construct(DomainBuilders.java:358)
	at com.tngtech.archunit.core.importer.DomainBuilders$JavaMemberBuilder.build(DomainBuilders.java:206)
	at com.tngtech.archunit.core.importer.DomainBuilders$JavaMemberBuilder.build(DomainBuilders.java:138)
	at com.tngtech.archunit.core.importer.DomainBuilders$BuilderWithBuildParameter$BuildFinisher.lambda$build$0(DomainBuilders.java:892)
	at java.base/java.util.stream.ReferencePipeline$3$1.accept(ReferencePipeline.java:215)
	at java.base/java.util.stream.ReferencePipeline$2$1.accept(ReferencePipeline.java:197)
	at java.base/java.util.HashMap$KeySpliterator.forEachRemaining(HashMap.java:1716)
	at java.base/java.util.stream.AbstractPipeline.copyInto(AbstractPipeline.java:570)
	at java.base/java.util.stream.AbstractPipeline.wrapAndCopyInto(AbstractPipeline.java:560)
	at java.base/java.util.stream.ReduceOps$ReduceOp.evaluateSequential(ReduceOps.java:921)
	at java.base/java.util.stream.AbstractPipeline.evaluate(AbstractPipeline.java:265)
	at java.base/java.util.stream.ReferencePipeline.collect(ReferencePipeline.java:727)
	at com.tngtech.archunit.core.importer.DomainBuilders$BuilderWithBuildParameter$BuildFinisher.build(DomainBuilders.java:892)
	at com.tngtech.archunit.core.importer.ClassGraphCreator.createMethods(ClassGraphCreator.java:322)
	at com.tngtech.archunit.core.domain.JavaClassMembers.create(JavaClassMembers.java:352)
	at com.tngtech.archunit.core.domain.JavaClass.completeMembers(JavaClass.java:1477)
	at com.tngtech.archunit.core.domain.DomainObjectCreationContext.completeMembers(DomainObjectCreationContext.java:96)
	at com.tngtech.archunit.core.importer.ClassGraphCreator.completeClasses(ClassGraphCreator.java:120)
	at com.tngtech.archunit.core.importer.ClassGraphCreator.complete(ClassGraphCreator.java:108)
	at com.tngtech.archunit.core.importer.ClassFileProcessor.process(ClassFileProcessor.java:75)
	at com.tngtech.archunit.core.importer.ClassFileImporter.importLocations(ClassFileImporter.java:325)
	at com.tngtech.archunit.junit.internal.ClassCache$CacheClassFileImporter.importClasses(ClassCache.java:126)
	at com.tngtech.archunit.junit.internal.ClassCache$LazyJavaClasses.initialize(ClassCache.java:118)
	at com.tngtech.archunit.junit.internal.ClassCache$LazyJavaClasses.get(ClassCache.java:107)
	at com.tngtech.archunit.junit.internal.ClassCache.getClassesToAnalyzeFor(ClassCache.java:84)
	at com.tngtech.archunit.junit.internal.ArchUnitTestDescriptor.lambda$createChildren$1(ArchUnitTestDescriptor.java:90)
	at com.tngtech.archunit.junit.internal.ArchUnitTestDescriptor$ArchUnitRuleDescriptor.execute(ArchUnitTestDescriptor.java:167)
	at com.tngtech.archunit.junit.internal.ArchUnitTestDescriptor$ArchUnitRuleDescriptor.execute(ArchUnitTestDescriptor.java:150)
	at org.junit.platform.engine.support.hierarchical.NodeTestTask.lambda$executeRecursively$6(NodeTestTask.java:156)
	at org.junit.platform.engine.support.hierarchical.ThrowableCollector.execute(ThrowableCollector.java:73)
	at org.junit.platform.engine.support.hierarchical.NodeTestTask.lambda$executeRecursively$8(NodeTestTask.java:146)
	at org.junit.platform.engine.support.hierarchical.Node.around(Node.java:137)
	at org.junit.platform.engine.support.hierarchical.NodeTestTask.lambda$executeRecursively$9(NodeTestTask.java:144)
	at org.junit.platform.engine.support.hierarchical.ThrowableCollector.execute(ThrowableCollector.java:73)
	at org.junit.platform.engine.support.hierarchical.NodeTestTask.executeRecursively(NodeTestTask.java:143)
	at org.junit.platform.engine.support.hierarchical.NodeTestTask.execute(NodeTestTask.java:100)
	at java.base/java.util.ArrayList.forEach(ArrayList.java:1604)
	at org.junit.platform.engine.support.hierarchical.SameThreadHierarchicalTestExecutorService.invokeAll(SameThreadHierarchicalTestExecutorService.java:41)
	at org.junit.platform.engine.support.hierarchical.NodeTestTask.lambda$executeRecursively$6(NodeTestTask.java:160)
	at org.junit.platform.engine.support.hierarchical.ThrowableCollector.execute(ThrowableCollector.java:73)
	at org.junit.platform.engine.support.hierarchical.NodeTestTask.lambda$executeRecursively$8(NodeTestTask.java:146)
	at org.junit.platform.engine.support.hierarchical.Node.around(Node.java:137)
	at org.junit.platform.engine.support.hierarchical.NodeTestTask.lambda$executeRecursively$9(NodeTestTask.java:144)
	at org.junit.platform.engine.support.hierarchical.ThrowableCollector.execute(ThrowableCollector.java:73)
	at org.junit.platform.engine.support.hierarchical.NodeTestTask.executeRecursively(NodeTestTask.java:143)
	at org.junit.platform.engine.support.hierarchical.NodeTestTask.execute(NodeTestTask.java:100)
	at java.base/java.util.ArrayList.forEach(ArrayList.java:1604)
	at org.junit.platform.engine.support.hierarchical.SameThreadHierarchicalTestExecutorService.invokeAll(SameThreadHierarchicalTestExecutorService.java:41)
	at org.junit.platform.engine.support.hierarchical.NodeTestTask.lambda$executeRecursively$6(NodeTestTask.java:160)
	at org.junit.platform.engine.support.hierarchical.ThrowableCollector.execute(ThrowableCollector.java:73)
	at org.junit.platform.engine.support.hierarchical.NodeTestTask.lambda$executeRecursively$8(NodeTestTask.java:146)
	at org.junit.platform.engine.support.hierarchical.Node.around(Node.java:137)
	at org.junit.platform.engine.support.hierarchical.NodeTestTask.lambda$executeRecursively$9(NodeTestTask.java:144)
	at org.junit.platform.engine.support.hierarchical.ThrowableCollector.execute(ThrowableCollector.java:73)
	at org.junit.platform.engine.support.hierarchical.NodeTestTask.executeRecursively(NodeTestTask.java:143)
	at org.junit.platform.engine.support.hierarchical.NodeTestTask.execute(NodeTestTask.java:100)
	at org.junit.platform.engine.support.hierarchical.SameThreadHierarchicalTestExecutorService.submit(SameThreadHierarchicalTestExecutorService.java:35)
	at org.junit.platform.engine.support.hierarchical.HierarchicalTestExecutor.execute(HierarchicalTestExecutor.java:57)
	at org.junit.platform.engine.support.hierarchical.HierarchicalTestEngine.execute(HierarchicalTestEngine.java:54)
	at org.junit.platform.launcher.core.EngineExecutionOrchestrator.execute(EngineExecutionOrchestrator.java:198)
	at org.junit.platform.launcher.core.EngineExecutionOrchestrator.execute(EngineExecutionOrchestrator.java:169)
	at org.junit.platform.launcher.core.EngineExecutionOrchestrator.execute(EngineExecutionOrchestrator.java:93)
	at org.junit.platform.launcher.core.EngineExecutionOrchestrator.lambda$execute$0(EngineExecutionOrchestrator.java:58)
	at org.junit.platform.launcher.core.EngineExecutionOrchestrator.withInterceptedStreams(EngineExecutionOrchestrator.java:141)
	at org.junit.platform.launcher.core.EngineExecutionOrchestrator.execute(EngineExecutionOrchestrator.java:57)
	at org.junit.platform.launcher.core.DefaultLauncher.execute(DefaultLauncher.java:103)
	at org.junit.platform.launcher.core.DefaultLauncher.execute(DefaultLauncher.java:85)
	at org.junit.platform.launcher.core.DelegatingLauncher.execute(DelegatingLauncher.java:47)
	at org.apache.maven.surefire.junitplatform.LazyLauncher.execute(LazyLauncher.java:56)
	at org.apache.maven.surefire.junitplatform.JUnitPlatformProvider.execute(JUnitPlatformProvider.java:184)
	at org.apache.maven.surefire.junitplatform.JUnitPlatformProvider.invokeAllTests(JUnitPlatformProvider.java:148)
	at org.apache.maven.surefire.junitplatform.JUnitPlatformProvider.invoke(JUnitPlatformProvider.java:122)
	at org.apache.maven.surefire.booter.ForkedBooter.runSuitesInProcess(ForkedBooter.java:385)
	at org.apache.maven.surefire.booter.ForkedBooter.execute(ForkedBooter.java:162)
	at org.apache.maven.surefire.booter.ForkedBooter.run(ForkedBooter.java:507)
	at org.apache.maven.surefire.booter.ForkedBooter.main(ForkedBooter.java:495)
15:17:20.082 [main] WARN com.tngtech.archunit.core.importer.ClassFileProcessor -- Error during import from jrt:/java.base/java/nio/charset/Charset.class, falling back to simple import
java.lang.IllegalArgumentException: Unsupported class file major version 68
	at com.tngtech.archunit.thirdparty.org.objectweb.asm.ClassReader.<init>(ClassReader.java:200)
	at com.tngtech.archunit.thirdparty.org.objectweb.asm.ClassReader.<init>(ClassReader.java:180)
	at com.tngtech.archunit.thirdparty.org.objectweb.asm.ClassReader.<init>(ClassReader.java:166)
	at com.tngtech.archunit.thirdparty.org.objectweb.asm.ClassReader.<init>(ClassReader.java:288)
	at com.tngtech.archunit.core.importer.ClassFileProcessor$UriImporterOfProcessor.tryImport(ClassFileProcessor.java:350)
	at com.tngtech.archunit.core.importer.resolvers.ClassResolverFromClasspath.tryResolve(ClassResolverFromClasspath.java:51)
	at com.tngtech.archunit.core.importer.ImportedClasses.resolve(ImportedClasses.java:80)
	at com.tngtech.archunit.core.importer.ImportedClasses.getOrResolve(ImportedClasses.java:67)
	at com.tngtech.archunit.core.importer.DomainBuilders$JavaMemberBuilder.get(DomainBuilders.java:179)
	at com.tngtech.archunit.core.importer.DomainBuilders$JavaCodeUnitBuilder.asJavaClasses(DomainBuilders.java:329)
	at com.tngtech.archunit.core.importer.DomainBuilders$JavaCodeUnitBuilder.getRawParameterTypes(DomainBuilders.java:303)
	at com.tngtech.archunit.core.domain.JavaCodeUnit$Parameters.<init>(JavaCodeUnit.java:317)
	at com.tngtech.archunit.core.domain.JavaCodeUnit.<init>(JavaCodeUnit.java:82)
	at com.tngtech.archunit.core.domain.JavaMethod.<init>(JavaMethod.java:44)
	at com.tngtech.archunit.core.domain.DomainObjectCreationContext.createJavaMethod(DomainObjectCreationContext.java:144)
	at com.tngtech.archunit.core.importer.DomainBuilders$JavaMethodBuilder.construct(DomainBuilders.java:373)
	at com.tngtech.archunit.core.importer.DomainBuilders$JavaMethodBuilder.construct(DomainBuilders.java:358)
	at com.tngtech.archunit.core.importer.DomainBuilders$JavaMemberBuilder.build(DomainBuilders.java:206)
	at com.tngtech.archunit.core.importer.DomainBuilders$JavaMemberBuilder.build(DomainBuilders.java:138)
	at com.tngtech.archunit.core.importer.DomainBuilders$BuilderWithBuildParameter$BuildFinisher.lambda$build$0(DomainBuilders.java:892)
	at java.base/java.util.stream.ReferencePipeline$3$1.accept(ReferencePipeline.java:215)
	at java.base/java.util.stream.ReferencePipeline$2$1.accept(ReferencePipeline.java:197)
	at java.base/java.util.HashMap$KeySpliterator.forEachRemaining(HashMap.java:1716)
	at java.base/java.util.stream.AbstractPipeline.copyInto(AbstractPipeline.java:570)
	at java.base/java.util.stream.AbstractPipeline.wrapAndCopyInto(AbstractPipeline.java:560)
	at java.base/java.util.stream.ReduceOps$ReduceOp.evaluateSequential(ReduceOps.java:921)
	at java.base/java.util.stream.AbstractPipeline.evaluate(AbstractPipeline.java:265)
	at java.base/java.util.stream.ReferencePipeline.collect(ReferencePipeline.java:727)
	at com.tngtech.archunit.core.importer.DomainBuilders$BuilderWithBuildParameter$BuildFinisher.build(DomainBuilders.java:892)
	at com.tngtech.archunit.core.importer.ClassGraphCreator.createMethods(ClassGraphCreator.java:322)
	at com.tngtech.archunit.core.domain.JavaClassMembers.create(JavaClassMembers.java:352)
	at com.tngtech.archunit.core.domain.JavaClass.completeMembers(JavaClass.java:1477)
	at com.tngtech.archunit.core.domain.DomainObjectCreationContext.completeMembers(DomainObjectCreationContext.java:96)
	at com.tngtech.archunit.core.importer.ClassGraphCreator.completeClasses(ClassGraphCreator.java:120)
	at com.tngtech.archunit.core.importer.ClassGraphCreator.complete(ClassGraphCreator.java:108)
	at com.tngtech.archunit.core.importer.ClassFileProcessor.process(ClassFileProcessor.java:75)
	at com.tngtech.archunit.core.importer.ClassFileImporter.importLocations(ClassFileImporter.java:325)
	at com.tngtech.archunit.junit.internal.ClassCache$CacheClassFileImporter.importClasses(ClassCache.java:126)
	at com.tngtech.archunit.junit.internal.ClassCache$LazyJavaClasses.initialize(ClassCache.java:118)
	at com.tngtech.archunit.junit.internal.ClassCache$LazyJavaClasses.get(ClassCache.java:107)
	at com.tngtech.archunit.junit.internal.ClassCache.getClassesToAnalyzeFor(ClassCache.java:84)
	at com.tngtech.archunit.junit.internal.ArchUnitTestDescriptor.lambda$createChildren$1(ArchUnitTestDescriptor.java:90)
	at com.tngtech.archunit.junit.internal.ArchUnitTestDescriptor$ArchUnitRuleDescriptor.execute(ArchUnitTestDescriptor.java:167)
	at com.tngtech.archunit.junit.internal.ArchUnitTestDescriptor$ArchUnitRuleDescriptor.execute(ArchUnitTestDescriptor.java:150)
	at org.junit.platform.engine.support.hierarchical.NodeTestTask.lambda$executeRecursively$6(NodeTestTask.java:156)
	at org.junit.platform.engine.support.hierarchical.ThrowableCollector.execute(ThrowableCollector.java:73)
	at org.junit.platform.engine.support.hierarchical.NodeTestTask.lambda$executeRecursively$8(NodeTestTask.java:146)
	at org.junit.platform.engine.support.hierarchical.Node.around(Node.java:137)
	at org.junit.platform.engine.support.hierarchical.NodeTestTask.lambda$executeRecursively$9(NodeTestTask.java:144)
	at org.junit.platform.engine.support.hierarchical.ThrowableCollector.execute(ThrowableCollector.java:73)
	at org.junit.platform.engine.support.hierarchical.NodeTestTask.executeRecursively(NodeTestTask.java:143)
	at org.junit.platform.engine.support.hierarchical.NodeTestTask.execute(NodeTestTask.java:100)
	at java.base/java.util.ArrayList.forEach(ArrayList.java:1604)
	at org.junit.platform.engine.support.hierarchical.SameThreadHierarchicalTestExecutorService.invokeAll(SameThreadHierarchicalTestExecutorService.java:41)
	at org.junit.platform.engine.support.hierarchical.NodeTestTask.lambda$executeRecursively$6(NodeTestTask.java:160)
	at org.junit.platform.engine.support.hierarchical.ThrowableCollector.execute(ThrowableCollector.java:73)
	at org.junit.platform.engine.support.hierarchical.NodeTestTask.lambda$executeRecursively$8(NodeTestTask.java:146)
	at org.junit.platform.engine.support.hierarchical.Node.around(Node.java:137)
	at org.junit.platform.engine.support.hierarchical.NodeTestTask.lambda$executeRecursively$9(NodeTestTask.java:144)
	at org.junit.platform.engine.support.hierarchical.ThrowableCollector.execute(ThrowableCollector.java:73)
	at org.junit.platform.engine.support.hierarchical.NodeTestTask.executeRecursively(NodeTestTask.java:143)
	at org.junit.platform.engine.support.hierarchical.NodeTestTask.execute(NodeTestTask.java:100)
	at java.base/java.util.ArrayList.forEach(ArrayList.java:1604)
	at org.junit.platform.engine.support.hierarchical.SameThreadHierarchicalTestExecutorService.invokeAll(SameThreadHierarchicalTestExecutorService.java:41)
	at org.junit.platform.engine.support.hierarchical.NodeTestTask.lambda$executeRecursively$6(NodeTestTask.java:160)
	at org.junit.platform.engine.support.hierarchical.ThrowableCollector.execute(ThrowableCollector.java:73)
	at org.junit.platform.engine.support.hierarchical.NodeTestTask.lambda$executeRecursively$8(NodeTestTask.java:146)
	at org.junit.platform.engine.support.hierarchical.Node.around(Node.java:137)
	at org.junit.platform.engine.support.hierarchical.NodeTestTask.lambda$executeRecursively$9(NodeTestTask.java:144)
	at org.junit.platform.engine.support.hierarchical.ThrowableCollector.execute(ThrowableCollector.java:73)
	at org.junit.platform.engine.support.hierarchical.NodeTestTask.executeRecursively(NodeTestTask.java:143)
	at org.junit.platform.engine.support.hierarchical.NodeTestTask.execute(NodeTestTask.java:100)
	at org.junit.platform.engine.support.hierarchical.SameThreadHierarchicalTestExecutorService.submit(SameThreadHierarchicalTestExecutorService.java:35)
	at org.junit.platform.engine.support.hierarchical.HierarchicalTestExecutor.execute(HierarchicalTestExecutor.java:57)
	at org.junit.platform.engine.support.hierarchical.HierarchicalTestEngine.execute(HierarchicalTestEngine.java:54)
	at org.junit.platform.launcher.core.EngineExecutionOrchestrator.execute(EngineExecutionOrchestrator.java:198)
	at org.junit.platform.launcher.core.EngineExecutionOrchestrator.execute(EngineExecutionOrchestrator.java:169)
	at org.junit.platform.launcher.core.EngineExecutionOrchestrator.execute(EngineExecutionOrchestrator.java:93)
	at org.junit.platform.launcher.core.EngineExecutionOrchestrator.lambda$execute$0(EngineExecutionOrchestrator.java:58)
	at org.junit.platform.launcher.core.EngineExecutionOrchestrator.withInterceptedStreams(EngineExecutionOrchestrator.java:141)
	at org.junit.platform.launcher.core.EngineExecutionOrchestrator.execute(EngineExecutionOrchestrator.java:57)
	at org.junit.platform.launcher.core.DefaultLauncher.execute(DefaultLauncher.java:103)
	at org.junit.platform.launcher.core.DefaultLauncher.execute(DefaultLauncher.java:85)
	at org.junit.platform.launcher.core.DelegatingLauncher.execute(DelegatingLauncher.java:47)
	at org.apache.maven.surefire.junitplatform.LazyLauncher.execute(LazyLauncher.java:56)
	at org.apache.maven.surefire.junitplatform.JUnitPlatformProvider.execute(JUnitPlatformProvider.java:184)
	at org.apache.maven.surefire.junitplatform.JUnitPlatformProvider.invokeAllTests(JUnitPlatformProvider.java:148)
	at org.apache.maven.surefire.junitplatform.JUnitPlatformProvider.invoke(JUnitPlatformProvider.java:122)
	at org.apache.maven.surefire.booter.ForkedBooter.runSuitesInProcess(ForkedBooter.java:385)
	at org.apache.maven.surefire.booter.ForkedBooter.execute(ForkedBooter.java:162)
	at org.apache.maven.surefire.booter.ForkedBooter.run(ForkedBooter.java:507)
	at org.apache.maven.surefire.booter.ForkedBooter.main(ForkedBooter.java:495)
15:17:20.089 [main] WARN com.tngtech.archunit.core.importer.ClassFileProcessor -- Error during import from jrt:/java.base/java/lang/Package.class, falling back to simple import
java.lang.IllegalArgumentException: Unsupported class file major version 68
	at com.tngtech.archunit.thirdparty.org.objectweb.asm.ClassReader.<init>(ClassReader.java:200)
	at com.tngtech.archunit.thirdparty.org.objectweb.asm.ClassReader.<init>(ClassReader.java:180)
	at com.tngtech.archunit.thirdparty.org.objectweb.asm.ClassReader.<init>(ClassReader.java:166)
	at com.tngtech.archunit.thirdparty.org.objectweb.asm.ClassReader.<init>(ClassReader.java:288)
	at com.tngtech.archunit.core.importer.ClassFileProcessor$UriImporterOfProcessor.tryImport(ClassFileProcessor.java:350)
	at com.tngtech.archunit.core.importer.resolvers.ClassResolverFromClasspath.tryResolve(ClassResolverFromClasspath.java:51)
	at com.tngtech.archunit.core.importer.ImportedClasses.resolve(ImportedClasses.java:80)
	at com.tngtech.archunit.core.importer.ImportedClasses.getOrResolve(ImportedClasses.java:67)
	at com.tngtech.archunit.core.importer.DomainBuilders$JavaMemberBuilder.get(DomainBuilders.java:179)
	at com.tngtech.archunit.core.importer.DomainBuilders$JavaCodeUnitBuilder.asJavaClasses(DomainBuilders.java:329)
	at com.tngtech.archunit.core.importer.DomainBuilders$JavaCodeUnitBuilder.getRawParameterTypes(DomainBuilders.java:303)
	at com.tngtech.archunit.core.domain.JavaCodeUnit$Parameters.<init>(JavaCodeUnit.java:317)
	at com.tngtech.archunit.core.domain.JavaCodeUnit.<init>(JavaCodeUnit.java:82)
	at com.tngtech.archunit.core.domain.JavaMethod.<init>(JavaMethod.java:44)
	at com.tngtech.archunit.core.domain.DomainObjectCreationContext.createJavaMethod(DomainObjectCreationContext.java:144)
	at com.tngtech.archunit.core.importer.DomainBuilders$JavaMethodBuilder.construct(DomainBuilders.java:373)
	at com.tngtech.archunit.core.importer.DomainBuilders$JavaMethodBuilder.construct(DomainBuilders.java:358)
	at com.tngtech.archunit.core.importer.DomainBuilders$JavaMemberBuilder.build(DomainBuilders.java:206)
	at com.tngtech.archunit.core.importer.DomainBuilders$JavaMemberBuilder.build(DomainBuilders.java:138)
	at com.tngtech.archunit.core.importer.DomainBuilders$BuilderWithBuildParameter$BuildFinisher.lambda$build$0(DomainBuilders.java:892)
	at java.base/java.util.stream.ReferencePipeline$3$1.accept(ReferencePipeline.java:215)
	at java.base/java.util.stream.ReferencePipeline$2$1.accept(ReferencePipeline.java:197)
	at java.base/java.util.HashMap$KeySpliterator.forEachRemaining(HashMap.java:1716)
	at java.base/java.util.stream.AbstractPipeline.copyInto(AbstractPipeline.java:570)
	at java.base/java.util.stream.AbstractPipeline.wrapAndCopyInto(AbstractPipeline.java:560)
	at java.base/java.util.stream.ReduceOps$ReduceOp.evaluateSequential(ReduceOps.java:921)
	at java.base/java.util.stream.AbstractPipeline.evaluate(AbstractPipeline.java:265)
	at java.base/java.util.stream.ReferencePipeline.collect(ReferencePipeline.java:727)
	at com.tngtech.archunit.core.importer.DomainBuilders$BuilderWithBuildParameter$BuildFinisher.build(DomainBuilders.java:892)
	at com.tngtech.archunit.core.importer.ClassGraphCreator.createMethods(ClassGraphCreator.java:322)
	at com.tngtech.archunit.core.domain.JavaClassMembers.create(JavaClassMembers.java:352)
	at com.tngtech.archunit.core.domain.JavaClass.completeMembers(JavaClass.java:1477)
	at com.tngtech.archunit.core.domain.DomainObjectCreationContext.completeMembers(DomainObjectCreationContext.java:96)
	at com.tngtech.archunit.core.importer.ClassGraphCreator.completeClasses(ClassGraphCreator.java:120)
	at com.tngtech.archunit.core.importer.ClassGraphCreator.complete(ClassGraphCreator.java:108)
	at com.tngtech.archunit.core.importer.ClassFileProcessor.process(ClassFileProcessor.java:75)
	at com.tngtech.archunit.core.importer.ClassFileImporter.importLocations(ClassFileImporter.java:325)
	at com.tngtech.archunit.junit.internal.ClassCache$CacheClassFileImporter.importClasses(ClassCache.java:126)
	at com.tngtech.archunit.junit.internal.ClassCache$LazyJavaClasses.initialize(ClassCache.java:118)
	at com.tngtech.archunit.junit.internal.ClassCache$LazyJavaClasses.get(ClassCache.java:107)
	at com.tngtech.archunit.junit.internal.ClassCache.getClassesToAnalyzeFor(ClassCache.java:84)
	at com.tngtech.archunit.junit.internal.ArchUnitTestDescriptor.lambda$createChildren$1(ArchUnitTestDescriptor.java:90)
	at com.tngtech.archunit.junit.internal.ArchUnitTestDescriptor$ArchUnitRuleDescriptor.execute(ArchUnitTestDescriptor.java:167)
	at com.tngtech.archunit.junit.internal.ArchUnitTestDescriptor$ArchUnitRuleDescriptor.execute(ArchUnitTestDescriptor.java:150)
	at org.junit.platform.engine.support.hierarchical.NodeTestTask.lambda$executeRecursively$6(NodeTestTask.java:156)
	at org.junit.platform.engine.support.hierarchical.ThrowableCollector.execute(ThrowableCollector.java:73)
	at org.junit.platform.engine.support.hierarchical.NodeTestTask.lambda$executeRecursively$8(NodeTestTask.java:146)
	at org.junit.platform.engine.support.hierarchical.Node.around(Node.java:137)
	at org.junit.platform.engine.support.hierarchical.NodeTestTask.lambda$executeRecursively$9(NodeTestTask.java:144)
	at org.junit.platform.engine.support.hierarchical.ThrowableCollector.execute(ThrowableCollector.java:73)
	at org.junit.platform.engine.support.hierarchical.NodeTestTask.executeRecursively(NodeTestTask.java:143)
	at org.junit.platform.engine.support.hierarchical.NodeTestTask.execute(NodeTestTask.java:100)
	at java.base/java.util.ArrayList.forEach(ArrayList.java:1604)
	at org.junit.platform.engine.support.hierarchical.SameThreadHierarchicalTestExecutorService.invokeAll(SameThreadHierarchicalTestExecutorService.java:41)
	at org.junit.platform.engine.support.hierarchical.NodeTestTask.lambda$executeRecursively$6(NodeTestTask.java:160)
	at org.junit.platform.engine.support.hierarchical.ThrowableCollector.execute(ThrowableCollector.java:73)
	at org.junit.platform.engine.support.hierarchical.NodeTestTask.lambda$executeRecursively$8(NodeTestTask.java:146)
	at org.junit.platform.engine.support.hierarchical.Node.around(Node.java:137)
	at org.junit.platform.engine.support.hierarchical.NodeTestTask.lambda$executeRecursively$9(NodeTestTask.java:144)
	at org.junit.platform.engine.support.hierarchical.ThrowableCollector.execute(ThrowableCollector.java:73)
	at org.junit.platform.engine.support.hierarchical.NodeTestTask.executeRecursively(NodeTestTask.java:143)
	at org.junit.platform.engine.support.hierarchical.NodeTestTask.execute(NodeTestTask.java:100)
	at java.base/java.util.ArrayList.forEach(ArrayList.java:1604)
	at org.junit.platform.engine.support.hierarchical.SameThreadHierarchicalTestExecutorService.invokeAll(SameThreadHierarchicalTestExecutorService.java:41)
	at org.junit.platform.engine.support.hierarchical.NodeTestTask.lambda$executeRecursively$6(NodeTestTask.java:160)
	at org.junit.platform.engine.support.hierarchical.ThrowableCollector.execute(ThrowableCollector.java:73)
	at org.junit.platform.engine.support.hierarchical.NodeTestTask.lambda$executeRecursively$8(NodeTestTask.java:146)
	at org.junit.platform.engine.support.hierarchical.Node.around(Node.java:137)
	at org.junit.platform.engine.support.hierarchical.NodeTestTask.lambda$executeRecursively$9(NodeTestTask.java:144)
	at org.junit.platform.engine.support.hierarchical.ThrowableCollector.execute(ThrowableCollector.java:73)
	at org.junit.platform.engine.support.hierarchical.NodeTestTask.executeRecursively(NodeTestTask.java:143)
	at org.junit.platform.engine.support.hierarchical.NodeTestTask.execute(NodeTestTask.java:100)
	at org.junit.platform.engine.support.hierarchical.SameThreadHierarchicalTestExecutorService.submit(SameThreadHierarchicalTestExecutorService.java:35)
	at org.junit.platform.engine.support.hierarchical.HierarchicalTestExecutor.execute(HierarchicalTestExecutor.java:57)
	at org.junit.platform.engine.support.hierarchical.HierarchicalTestEngine.execute(HierarchicalTestEngine.java:54)
	at org.junit.platform.launcher.core.EngineExecutionOrchestrator.execute(EngineExecutionOrchestrator.java:198)
	at org.junit.platform.launcher.core.EngineExecutionOrchestrator.execute(EngineExecutionOrchestrator.java:169)
	at org.junit.platform.launcher.core.EngineExecutionOrchestrator.execute(EngineExecutionOrchestrator.java:93)
	at org.junit.platform.launcher.core.EngineExecutionOrchestrator.lambda$execute$0(EngineExecutionOrchestrator.java:58)
	at org.junit.platform.launcher.core.EngineExecutionOrchestrator.withInterceptedStreams(EngineExecutionOrchestrator.java:141)
	at org.junit.platform.launcher.core.EngineExecutionOrchestrator.execute(EngineExecutionOrchestrator.java:57)
	at org.junit.platform.launcher.core.DefaultLauncher.execute(DefaultLauncher.java:103)
	at org.junit.platform.launcher.core.DefaultLauncher.execute(DefaultLauncher.java:85)
	at org.junit.platform.launcher.core.DelegatingLauncher.execute(DelegatingLauncher.java:47)
	at org.apache.maven.surefire.junitplatform.LazyLauncher.execute(LazyLauncher.java:56)
	at org.apache.maven.surefire.junitplatform.JUnitPlatformProvider.execute(JUnitPlatformProvider.java:184)
	at org.apache.maven.surefire.junitplatform.JUnitPlatformProvider.invokeAllTests(JUnitPlatformProvider.java:148)
	at org.apache.maven.surefire.junitplatform.JUnitPlatformProvider.invoke(JUnitPlatformProvider.java:122)
	at org.apache.maven.surefire.booter.ForkedBooter.runSuitesInProcess(ForkedBooter.java:385)
	at org.apache.maven.surefire.booter.ForkedBooter.execute(ForkedBooter.java:162)
	at org.apache.maven.surefire.booter.ForkedBooter.run(ForkedBooter.java:507)
	at org.apache.maven.surefire.booter.ForkedBooter.main(ForkedBooter.java:495)
15:17:20.091 [main] WARN com.tngtech.archunit.core.importer.ClassFileProcessor -- Error during import from jrt:/java.base/java/util/concurrent/TimeUnit.class, falling back to simple import
java.lang.IllegalArgumentException: Unsupported class file major version 68
	at com.tngtech.archunit.thirdparty.org.objectweb.asm.ClassReader.<init>(ClassReader.java:200)
	at com.tngtech.archunit.thirdparty.org.objectweb.asm.ClassReader.<init>(ClassReader.java:180)
	at com.tngtech.archunit.thirdparty.org.objectweb.asm.ClassReader.<init>(ClassReader.java:166)
	at com.tngtech.archunit.thirdparty.org.objectweb.asm.ClassReader.<init>(ClassReader.java:288)
	at com.tngtech.archunit.core.importer.ClassFileProcessor$UriImporterOfProcessor.tryImport(ClassFileProcessor.java:350)
	at com.tngtech.archunit.core.importer.resolvers.ClassResolverFromClasspath.tryResolve(ClassResolverFromClasspath.java:51)
	at com.tngtech.archunit.core.importer.ImportedClasses.resolve(ImportedClasses.java:80)
	at com.tngtech.archunit.core.importer.ImportedClasses.getOrResolve(ImportedClasses.java:67)
	at com.tngtech.archunit.core.importer.DomainBuilders$JavaMemberBuilder.get(DomainBuilders.java:179)
	at com.tngtech.archunit.core.importer.DomainBuilders$JavaCodeUnitBuilder.asJavaClasses(DomainBuilders.java:329)
	at com.tngtech.archunit.core.importer.DomainBuilders$JavaCodeUnitBuilder.getRawParameterTypes(DomainBuilders.java:303)
	at com.tngtech.archunit.core.domain.JavaCodeUnit$Parameters.<init>(JavaCodeUnit.java:317)
	at com.tngtech.archunit.core.domain.JavaCodeUnit.<init>(JavaCodeUnit.java:82)
	at com.tngtech.archunit.core.domain.JavaMethod.<init>(JavaMethod.java:44)
	at com.tngtech.archunit.core.domain.DomainObjectCreationContext.createJavaMethod(DomainObjectCreationContext.java:144)
	at com.tngtech.archunit.core.importer.DomainBuilders$JavaMethodBuilder.construct(DomainBuilders.java:373)
	at com.tngtech.archunit.core.importer.DomainBuilders$JavaMethodBuilder.construct(DomainBuilders.java:358)
	at com.tngtech.archunit.core.importer.DomainBuilders$JavaMemberBuilder.build(DomainBuilders.java:206)
	at com.tngtech.archunit.core.importer.DomainBuilders$JavaMemberBuilder.build(DomainBuilders.java:138)
	at com.tngtech.archunit.core.importer.DomainBuilders$BuilderWithBuildParameter$BuildFinisher.lambda$build$0(DomainBuilders.java:892)
	at java.base/java.util.stream.ReferencePipeline$3$1.accept(ReferencePipeline.java:215)
	at java.base/java.util.stream.ReferencePipeline$2$1.accept(ReferencePipeline.java:197)
	at java.base/java.util.HashMap$KeySpliterator.forEachRemaining(HashMap.java:1716)
	at java.base/java.util.stream.AbstractPipeline.copyInto(AbstractPipeline.java:570)
	at java.base/java.util.stream.AbstractPipeline.wrapAndCopyInto(AbstractPipeline.java:560)
	at java.base/java.util.stream.ReduceOps$ReduceOp.evaluateSequential(ReduceOps.java:921)
	at java.base/java.util.stream.AbstractPipeline.evaluate(AbstractPipeline.java:265)
	at java.base/java.util.stream.ReferencePipeline.collect(ReferencePipeline.java:727)
	at com.tngtech.archunit.core.importer.DomainBuilders$BuilderWithBuildParameter$BuildFinisher.build(DomainBuilders.java:892)
	at com.tngtech.archunit.core.importer.ClassGraphCreator.createMethods(ClassGraphCreator.java:322)
	at com.tngtech.archunit.core.domain.JavaClassMembers.create(JavaClassMembers.java:352)
	at com.tngtech.archunit.core.domain.JavaClass.completeMembers(JavaClass.java:1477)
	at com.tngtech.archunit.core.domain.DomainObjectCreationContext.completeMembers(DomainObjectCreationContext.java:96)
	at com.tngtech.archunit.core.importer.ClassGraphCreator.completeClasses(ClassGraphCreator.java:120)
	at com.tngtech.archunit.core.importer.ClassGraphCreator.complete(ClassGraphCreator.java:108)
	at com.tngtech.archunit.core.importer.ClassFileProcessor.process(ClassFileProcessor.java:75)
	at com.tngtech.archunit.core.importer.ClassFileImporter.importLocations(ClassFileImporter.java:325)
	at com.tngtech.archunit.junit.internal.ClassCache$CacheClassFileImporter.importClasses(ClassCache.java:126)
	at com.tngtech.archunit.junit.internal.ClassCache$LazyJavaClasses.initialize(ClassCache.java:118)
	at com.tngtech.archunit.junit.internal.ClassCache$LazyJavaClasses.get(ClassCache.java:107)
	at com.tngtech.archunit.junit.internal.ClassCache.getClassesToAnalyzeFor(ClassCache.java:84)
	at com.tngtech.archunit.junit.internal.ArchUnitTestDescriptor.lambda$createChildren$1(ArchUnitTestDescriptor.java:90)
	at com.tngtech.archunit.junit.internal.ArchUnitTestDescriptor$ArchUnitRuleDescriptor.execute(ArchUnitTestDescriptor.java:167)
	at com.tngtech.archunit.junit.internal.ArchUnitTestDescriptor$ArchUnitRuleDescriptor.execute(ArchUnitTestDescriptor.java:150)
	at org.junit.platform.engine.support.hierarchical.NodeTestTask.lambda$executeRecursively$6(NodeTestTask.java:156)
	at org.junit.platform.engine.support.hierarchical.ThrowableCollector.execute(ThrowableCollector.java:73)
	at org.junit.platform.engine.support.hierarchical.NodeTestTask.lambda$executeRecursively$8(NodeTestTask.java:146)
	at org.junit.platform.engine.support.hierarchical.Node.around(Node.java:137)
	at org.junit.platform.engine.support.hierarchical.NodeTestTask.lambda$executeRecursively$9(NodeTestTask.java:144)
	at org.junit.platform.engine.support.hierarchical.ThrowableCollector.execute(ThrowableCollector.java:73)
	at org.junit.platform.engine.support.hierarchical.NodeTestTask.executeRecursively(NodeTestTask.java:143)
	at org.junit.platform.engine.support.hierarchical.NodeTestTask.execute(NodeTestTask.java:100)
	at java.base/java.util.ArrayList.forEach(ArrayList.java:1604)
	at org.junit.platform.engine.support.hierarchical.SameThreadHierarchicalTestExecutorService.invokeAll(SameThreadHierarchicalTestExecutorService.java:41)
	at org.junit.platform.engine.support.hierarchical.NodeTestTask.lambda$executeRecursively$6(NodeTestTask.java:160)
	at org.junit.platform.engine.support.hierarchical.ThrowableCollector.execute(ThrowableCollector.java:73)
	at org.junit.platform.engine.support.hierarchical.NodeTestTask.lambda$executeRecursively$8(NodeTestTask.java:146)
	at org.junit.platform.engine.support.hierarchical.Node.around(Node.java:137)
	at org.junit.platform.engine.support.hierarchical.NodeTestTask.lambda$executeRecursively$9(NodeTestTask.java:144)
	at org.junit.platform.engine.support.hierarchical.ThrowableCollector.execute(ThrowableCollector.java:73)
	at org.junit.platform.engine.support.hierarchical.NodeTestTask.executeRecursively(NodeTestTask.java:143)
	at org.junit.platform.engine.support.hierarchical.NodeTestTask.execute(NodeTestTask.java:100)
	at java.base/java.util.ArrayList.forEach(ArrayList.java:1604)
	at org.junit.platform.engine.support.hierarchical.SameThreadHierarchicalTestExecutorService.invokeAll(SameThreadHierarchicalTestExecutorService.java:41)
	at org.junit.platform.engine.support.hierarchical.NodeTestTask.lambda$executeRecursively$6(NodeTestTask.java:160)
	at org.junit.platform.engine.support.hierarchical.ThrowableCollector.execute(ThrowableCollector.java:73)
	at org.junit.platform.engine.support.hierarchical.NodeTestTask.lambda$executeRecursively$8(NodeTestTask.java:146)
	at org.junit.platform.engine.support.hierarchical.Node.around(Node.java:137)
	at org.junit.platform.engine.support.hierarchical.NodeTestTask.lambda$executeRecursively$9(NodeTestTask.java:144)
	at org.junit.platform.engine.support.hierarchical.ThrowableCollector.execute(ThrowableCollector.java:73)
	at org.junit.platform.engine.support.hierarchical.NodeTestTask.executeRecursively(NodeTestTask.java:143)
	at org.junit.platform.engine.support.hierarchical.NodeTestTask.execute(NodeTestTask.java:100)
	at org.junit.platform.engine.support.hierarchical.SameThreadHierarchicalTestExecutorService.submit(SameThreadHierarchicalTestExecutorService.java:35)
	at org.junit.platform.engine.support.hierarchical.HierarchicalTestExecutor.execute(HierarchicalTestExecutor.java:57)
	at org.junit.platform.engine.support.hierarchical.HierarchicalTestEngine.execute(HierarchicalTestEngine.java:54)
	at org.junit.platform.launcher.core.EngineExecutionOrchestrator.execute(EngineExecutionOrchestrator.java:198)
	at org.junit.platform.launcher.core.EngineExecutionOrchestrator.execute(EngineExecutionOrchestrator.java:169)
	at org.junit.platform.launcher.core.EngineExecutionOrchestrator.execute(EngineExecutionOrchestrator.java:93)
	at org.junit.platform.launcher.core.EngineExecutionOrchestrator.lambda$execute$0(EngineExecutionOrchestrator.java:58)
	at org.junit.platform.launcher.core.EngineExecutionOrchestrator.withInterceptedStreams(EngineExecutionOrchestrator.java:141)
	at org.junit.platform.launcher.core.EngineExecutionOrchestrator.execute(EngineExecutionOrchestrator.java:57)
	at org.junit.platform.launcher.core.DefaultLauncher.execute(DefaultLauncher.java:103)
	at org.junit.platform.launcher.core.DefaultLauncher.execute(DefaultLauncher.java:85)
	at org.junit.platform.launcher.core.DelegatingLauncher.execute(DelegatingLauncher.java:47)
	at org.apache.maven.surefire.junitplatform.LazyLauncher.execute(LazyLauncher.java:56)
	at org.apache.maven.surefire.junitplatform.JUnitPlatformProvider.execute(JUnitPlatformProvider.java:184)
	at org.apache.maven.surefire.junitplatform.JUnitPlatformProvider.invokeAllTests(JUnitPlatformProvider.java:148)
	at org.apache.maven.surefire.junitplatform.JUnitPlatformProvider.invoke(JUnitPlatformProvider.java:122)
	at org.apache.maven.surefire.booter.ForkedBooter.runSuitesInProcess(ForkedBooter.java:385)
	at org.apache.maven.surefire.booter.ForkedBooter.execute(ForkedBooter.java:162)
	at org.apache.maven.surefire.booter.ForkedBooter.run(ForkedBooter.java:507)
	at org.apache.maven.surefire.booter.ForkedBooter.main(ForkedBooter.java:495)
15:17:20.098 [main] WARN com.tngtech.archunit.core.importer.ClassFileProcessor -- Error during import from jrt:/java.base/java/security/MessageDigest.class, falling back to simple import
java.lang.IllegalArgumentException: Unsupported class file major version 68
	at com.tngtech.archunit.thirdparty.org.objectweb.asm.ClassReader.<init>(ClassReader.java:200)
	at com.tngtech.archunit.thirdparty.org.objectweb.asm.ClassReader.<init>(ClassReader.java:180)
	at com.tngtech.archunit.thirdparty.org.objectweb.asm.ClassReader.<init>(ClassReader.java:166)
	at com.tngtech.archunit.thirdparty.org.objectweb.asm.ClassReader.<init>(ClassReader.java:288)
	at com.tngtech.archunit.core.importer.ClassFileProcessor$UriImporterOfProcessor.tryImport(ClassFileProcessor.java:350)
	at com.tngtech.archunit.core.importer.resolvers.ClassResolverFromClasspath.tryResolve(ClassResolverFromClasspath.java:51)
	at com.tngtech.archunit.core.importer.ImportedClasses.resolve(ImportedClasses.java:80)
	at com.tngtech.archunit.core.importer.ImportedClasses.getOrResolve(ImportedClasses.java:67)
	at com.tngtech.archunit.core.importer.DomainBuilders$JavaMemberBuilder.get(DomainBuilders.java:179)
	at com.tngtech.archunit.core.importer.DomainBuilders$JavaCodeUnitBuilder.asJavaClasses(DomainBuilders.java:329)
	at com.tngtech.archunit.core.importer.DomainBuilders$JavaCodeUnitBuilder.getRawParameterTypes(DomainBuilders.java:303)
	at com.tngtech.archunit.core.domain.JavaCodeUnit$Parameters.<init>(JavaCodeUnit.java:317)
	at com.tngtech.archunit.core.domain.JavaCodeUnit.<init>(JavaCodeUnit.java:82)
	at com.tngtech.archunit.core.domain.JavaMethod.<init>(JavaMethod.java:44)
	at com.tngtech.archunit.core.domain.DomainObjectCreationContext.createJavaMethod(DomainObjectCreationContext.java:144)
	at com.tngtech.archunit.core.importer.DomainBuilders$JavaMethodBuilder.construct(DomainBuilders.java:373)
	at com.tngtech.archunit.core.importer.DomainBuilders$JavaMethodBuilder.construct(DomainBuilders.java:358)
	at com.tngtech.archunit.core.importer.DomainBuilders$JavaMemberBuilder.build(DomainBuilders.java:206)
	at com.tngtech.archunit.core.importer.DomainBuilders$JavaMemberBuilder.build(DomainBuilders.java:138)
	at com.tngtech.archunit.core.importer.DomainBuilders$BuilderWithBuildParameter$BuildFinisher.lambda$build$0(DomainBuilders.java:892)
	at java.base/java.util.stream.ReferencePipeline$3$1.accept(ReferencePipeline.java:215)
	at java.base/java.util.stream.ReferencePipeline$2$1.accept(ReferencePipeline.java:197)
	at java.base/java.util.HashMap$KeySpliterator.forEachRemaining(HashMap.java:1716)
	at java.base/java.util.stream.AbstractPipeline.copyInto(AbstractPipeline.java:570)
	at java.base/java.util.stream.AbstractPipeline.wrapAndCopyInto(AbstractPipeline.java:560)
	at java.base/java.util.stream.ReduceOps$ReduceOp.evaluateSequential(ReduceOps.java:921)
	at java.base/java.util.stream.AbstractPipeline.evaluate(AbstractPipeline.java:265)
	at java.base/java.util.stream.ReferencePipeline.collect(ReferencePipeline.java:727)
	at com.tngtech.archunit.core.importer.DomainBuilders$BuilderWithBuildParameter$BuildFinisher.build(DomainBuilders.java:892)
	at com.tngtech.archunit.core.importer.ClassGraphCreator.createMethods(ClassGraphCreator.java:322)
	at com.tngtech.archunit.core.domain.JavaClassMembers.create(JavaClassMembers.java:352)
	at com.tngtech.archunit.core.domain.JavaClass.completeMembers(JavaClass.java:1477)
	at com.tngtech.archunit.core.domain.DomainObjectCreationContext.completeMembers(DomainObjectCreationContext.java:96)
	at com.tngtech.archunit.core.importer.ClassGraphCreator.completeClasses(ClassGraphCreator.java:120)
	at com.tngtech.archunit.core.importer.ClassGraphCreator.complete(ClassGraphCreator.java:108)
	at com.tngtech.archunit.core.importer.ClassFileProcessor.process(ClassFileProcessor.java:75)
	at com.tngtech.archunit.core.importer.ClassFileImporter.importLocations(ClassFileImporter.java:325)
	at com.tngtech.archunit.junit.internal.ClassCache$CacheClassFileImporter.importClasses(ClassCache.java:126)
	at com.tngtech.archunit.junit.internal.ClassCache$LazyJavaClasses.initialize(ClassCache.java:118)
	at com.tngtech.archunit.junit.internal.ClassCache$LazyJavaClasses.get(ClassCache.java:107)
	at com.tngtech.archunit.junit.internal.ClassCache.getClassesToAnalyzeFor(ClassCache.java:84)
	at com.tngtech.archunit.junit.internal.ArchUnitTestDescriptor.lambda$createChildren$1(ArchUnitTestDescriptor.java:90)
	at com.tngtech.archunit.junit.internal.ArchUnitTestDescriptor$ArchUnitRuleDescriptor.execute(ArchUnitTestDescriptor.java:167)
	at com.tngtech.archunit.junit.internal.ArchUnitTestDescriptor$ArchUnitRuleDescriptor.execute(ArchUnitTestDescriptor.java:150)
	at org.junit.platform.engine.support.hierarchical.NodeTestTask.lambda$executeRecursively$6(NodeTestTask.java:156)
	at org.junit.platform.engine.support.hierarchical.ThrowableCollector.execute(ThrowableCollector.java:73)
	at org.junit.platform.engine.support.hierarchical.NodeTestTask.lambda$executeRecursively$8(NodeTestTask.java:146)
	at org.junit.platform.engine.support.hierarchical.Node.around(Node.java:137)
	at org.junit.platform.engine.support.hierarchical.NodeTestTask.lambda$executeRecursively$9(NodeTestTask.java:144)
	at org.junit.platform.engine.support.hierarchical.ThrowableCollector.execute(ThrowableCollector.java:73)
	at org.junit.platform.engine.support.hierarchical.NodeTestTask.executeRecursively(NodeTestTask.java:143)
	at org.junit.platform.engine.support.hierarchical.NodeTestTask.execute(NodeTestTask.java:100)
	at java.base/java.util.ArrayList.forEach(ArrayList.java:1604)
	at org.junit.platform.engine.support.hierarchical.SameThreadHierarchicalTestExecutorService.invokeAll(SameThreadHierarchicalTestExecutorService.java:41)
	at org.junit.platform.engine.support.hierarchical.NodeTestTask.lambda$executeRecursively$6(NodeTestTask.java:160)
	at org.junit.platform.engine.support.hierarchical.ThrowableCollector.execute(ThrowableCollector.java:73)
	at org.junit.platform.engine.support.hierarchical.NodeTestTask.lambda$executeRecursively$8(NodeTestTask.java:146)
	at org.junit.platform.engine.support.hierarchical.Node.around(Node.java:137)
	at org.junit.platform.engine.support.hierarchical.NodeTestTask.lambda$executeRecursively$9(NodeTestTask.java:144)
	at org.junit.platform.engine.support.hierarchical.ThrowableCollector.execute(ThrowableCollector.java:73)
	at org.junit.platform.engine.support.hierarchical.NodeTestTask.executeRecursively(NodeTestTask.java:143)
	at org.junit.platform.engine.support.hierarchical.NodeTestTask.execute(NodeTestTask.java:100)
	at java.base/java.util.ArrayList.forEach(ArrayList.java:1604)
	at org.junit.platform.engine.support.hierarchical.SameThreadHierarchicalTestExecutorService.invokeAll(SameThreadHierarchicalTestExecutorService.java:41)
	at org.junit.platform.engine.support.hierarchical.NodeTestTask.lambda$executeRecursively$6(NodeTestTask.java:160)
	at org.junit.platform.engine.support.hierarchical.ThrowableCollector.execute(ThrowableCollector.java:73)
	at org.junit.platform.engine.support.hierarchical.NodeTestTask.lambda$executeRecursively$8(NodeTestTask.java:146)
	at org.junit.platform.engine.support.hierarchical.Node.around(Node.java:137)
	at org.junit.platform.engine.support.hierarchical.NodeTestTask.lambda$executeRecursively$9(NodeTestTask.java:144)
	at org.junit.platform.engine.support.hierarchical.ThrowableCollector.execute(ThrowableCollector.java:73)
	at org.junit.platform.engine.support.hierarchical.NodeTestTask.executeRecursively(NodeTestTask.java:143)
	at org.junit.platform.engine.support.hierarchical.NodeTestTask.execute(NodeTestTask.java:100)
	at org.junit.platform.engine.support.hierarchical.SameThreadHierarchicalTestExecutorService.submit(SameThreadHierarchicalTestExecutorService.java:35)
	at org.junit.platform.engine.support.hierarchical.HierarchicalTestExecutor.execute(HierarchicalTestExecutor.java:57)
	at org.junit.platform.engine.support.hierarchical.HierarchicalTestEngine.execute(HierarchicalTestEngine.java:54)
	at org.junit.platform.launcher.core.EngineExecutionOrchestrator.execute(EngineExecutionOrchestrator.java:198)
	at org.junit.platform.launcher.core.EngineExecutionOrchestrator.execute(EngineExecutionOrchestrator.java:169)
	at org.junit.platform.launcher.core.EngineExecutionOrchestrator.execute(EngineExecutionOrchestrator.java:93)
	at org.junit.platform.launcher.core.EngineExecutionOrchestrator.lambda$execute$0(EngineExecutionOrchestrator.java:58)
	at org.junit.platform.launcher.core.EngineExecutionOrchestrator.withInterceptedStreams(EngineExecutionOrchestrator.java:141)
	at org.junit.platform.launcher.core.EngineExecutionOrchestrator.execute(EngineExecutionOrchestrator.java:57)
	at org.junit.platform.launcher.core.DefaultLauncher.execute(DefaultLauncher.java:103)
	at org.junit.platform.launcher.core.DefaultLauncher.execute(DefaultLauncher.java:85)
	at org.junit.platform.launcher.core.DelegatingLauncher.execute(DelegatingLauncher.java:47)
	at org.apache.maven.surefire.junitplatform.LazyLauncher.execute(LazyLauncher.java:56)
	at org.apache.maven.surefire.junitplatform.JUnitPlatformProvider.execute(JUnitPlatformProvider.java:184)
	at org.apache.maven.surefire.junitplatform.JUnitPlatformProvider.invokeAllTests(JUnitPlatformProvider.java:148)
	at org.apache.maven.surefire.junitplatform.JUnitPlatformProvider.invoke(JUnitPlatformProvider.java:122)
	at org.apache.maven.surefire.booter.ForkedBooter.runSuitesInProcess(ForkedBooter.java:385)
	at org.apache.maven.surefire.booter.ForkedBooter.execute(ForkedBooter.java:162)
	at org.apache.maven.surefire.booter.ForkedBooter.run(ForkedBooter.java:507)
	at org.apache.maven.surefire.booter.ForkedBooter.main(ForkedBooter.java:495)
15:17:20.118 [main] WARN com.tngtech.archunit.core.importer.ClassFileProcessor -- Error during import from jrt:/java.base/java/util/function/BiConsumer.class, falling back to simple import
java.lang.IllegalArgumentException: Unsupported class file major version 68
	at com.tngtech.archunit.thirdparty.org.objectweb.asm.ClassReader.<init>(ClassReader.java:200)
	at com.tngtech.archunit.thirdparty.org.objectweb.asm.ClassReader.<init>(ClassReader.java:180)
	at com.tngtech.archunit.thirdparty.org.objectweb.asm.ClassReader.<init>(ClassReader.java:166)
	at com.tngtech.archunit.thirdparty.org.objectweb.asm.ClassReader.<init>(ClassReader.java:288)
	at com.tngtech.archunit.core.importer.ClassFileProcessor$UriImporterOfProcessor.tryImport(ClassFileProcessor.java:350)
	at com.tngtech.archunit.core.importer.resolvers.ClassResolverFromClasspath.tryResolve(ClassResolverFromClasspath.java:51)
	at com.tngtech.archunit.core.importer.ImportedClasses.resolve(ImportedClasses.java:80)
	at com.tngtech.archunit.core.importer.ImportedClasses.getOrResolve(ImportedClasses.java:67)
	at com.tngtech.archunit.core.importer.DomainBuilders$JavaMemberBuilder.get(DomainBuilders.java:179)
	at com.tngtech.archunit.core.importer.DomainBuilders$JavaCodeUnitBuilder.asJavaClasses(DomainBuilders.java:329)
	at com.tngtech.archunit.core.importer.DomainBuilders$JavaCodeUnitBuilder.getRawParameterTypes(DomainBuilders.java:303)
	at com.tngtech.archunit.core.domain.JavaCodeUnit$Parameters.<init>(JavaCodeUnit.java:317)
	at com.tngtech.archunit.core.domain.JavaCodeUnit.<init>(JavaCodeUnit.java:82)
	at com.tngtech.archunit.core.domain.JavaMethod.<init>(JavaMethod.java:44)
	at com.tngtech.archunit.core.domain.DomainObjectCreationContext.createJavaMethod(DomainObjectCreationContext.java:144)
	at com.tngtech.archunit.core.importer.DomainBuilders$JavaMethodBuilder.construct(DomainBuilders.java:373)
	at com.tngtech.archunit.core.importer.DomainBuilders$JavaMethodBuilder.construct(DomainBuilders.java:358)
	at com.tngtech.archunit.core.importer.DomainBuilders$JavaMemberBuilder.build(DomainBuilders.java:206)
	at com.tngtech.archunit.core.importer.DomainBuilders$JavaMemberBuilder.build(DomainBuilders.java:138)
	at com.tngtech.archunit.core.importer.DomainBuilders$BuilderWithBuildParameter$BuildFinisher.lambda$build$0(DomainBuilders.java:892)
	at java.base/java.util.stream.ReferencePipeline$3$1.accept(ReferencePipeline.java:215)
	at java.base/java.util.stream.ReferencePipeline$2$1.accept(ReferencePipeline.java:197)
	at java.base/java.util.HashMap$KeySpliterator.forEachRemaining(HashMap.java:1716)
	at java.base/java.util.stream.AbstractPipeline.copyInto(AbstractPipeline.java:570)
	at java.base/java.util.stream.AbstractPipeline.wrapAndCopyInto(AbstractPipeline.java:560)
	at java.base/java.util.stream.ReduceOps$ReduceOp.evaluateSequential(ReduceOps.java:921)
	at java.base/java.util.stream.AbstractPipeline.evaluate(AbstractPipeline.java:265)
	at java.base/java.util.stream.ReferencePipeline.collect(ReferencePipeline.java:727)
	at com.tngtech.archunit.core.importer.DomainBuilders$BuilderWithBuildParameter$BuildFinisher.build(DomainBuilders.java:892)
	at com.tngtech.archunit.core.importer.ClassGraphCreator.createMethods(ClassGraphCreator.java:322)
	at com.tngtech.archunit.core.domain.JavaClassMembers.create(JavaClassMembers.java:352)
	at com.tngtech.archunit.core.domain.JavaClass.completeMembers(JavaClass.java:1477)
	at com.tngtech.archunit.core.domain.DomainObjectCreationContext.completeMembers(DomainObjectCreationContext.java:96)
	at com.tngtech.archunit.core.importer.ClassGraphCreator.completeClasses(ClassGraphCreator.java:120)
	at com.tngtech.archunit.core.importer.ClassGraphCreator.complete(ClassGraphCreator.java:108)
	at com.tngtech.archunit.core.importer.ClassFileProcessor.process(ClassFileProcessor.java:75)
	at com.tngtech.archunit.core.importer.ClassFileImporter.importLocations(ClassFileImporter.java:325)
	at com.tngtech.archunit.junit.internal.ClassCache$CacheClassFileImporter.importClasses(ClassCache.java:126)
	at com.tngtech.archunit.junit.internal.ClassCache$LazyJavaClasses.initialize(ClassCache.java:118)
	at com.tngtech.archunit.junit.internal.ClassCache$LazyJavaClasses.get(ClassCache.java:107)
	at com.tngtech.archunit.junit.internal.ClassCache.getClassesToAnalyzeFor(ClassCache.java:84)
	at com.tngtech.archunit.junit.internal.ArchUnitTestDescriptor.lambda$createChildren$1(ArchUnitTestDescriptor.java:90)
	at com.tngtech.archunit.junit.internal.ArchUnitTestDescriptor$ArchUnitRuleDescriptor.execute(ArchUnitTestDescriptor.java:167)
	at com.tngtech.archunit.junit.internal.ArchUnitTestDescriptor$ArchUnitRuleDescriptor.execute(ArchUnitTestDescriptor.java:150)
	at org.junit.platform.engine.support.hierarchical.NodeTestTask.lambda$executeRecursively$6(NodeTestTask.java:156)
	at org.junit.platform.engine.support.hierarchical.ThrowableCollector.execute(ThrowableCollector.java:73)
	at org.junit.platform.engine.support.hierarchical.NodeTestTask.lambda$executeRecursively$8(NodeTestTask.java:146)
	at org.junit.platform.engine.support.hierarchical.Node.around(Node.java:137)
	at org.junit.platform.engine.support.hierarchical.NodeTestTask.lambda$executeRecursively$9(NodeTestTask.java:144)
	at org.junit.platform.engine.support.hierarchical.ThrowableCollector.execute(ThrowableCollector.java:73)
	at org.junit.platform.engine.support.hierarchical.NodeTestTask.executeRecursively(NodeTestTask.java:143)
	at org.junit.platform.engine.support.hierarchical.NodeTestTask.execute(NodeTestTask.java:100)
	at java.base/java.util.ArrayList.forEach(ArrayList.java:1604)
	at org.junit.platform.engine.support.hierarchical.SameThreadHierarchicalTestExecutorService.invokeAll(SameThreadHierarchicalTestExecutorService.java:41)
	at org.junit.platform.engine.support.hierarchical.NodeTestTask.lambda$executeRecursively$6(NodeTestTask.java:160)
	at org.junit.platform.engine.support.hierarchical.ThrowableCollector.execute(ThrowableCollector.java:73)
	at org.junit.platform.engine.support.hierarchical.NodeTestTask.lambda$executeRecursively$8(NodeTestTask.java:146)
	at org.junit.platform.engine.support.hierarchical.Node.around(Node.java:137)
	at org.junit.platform.engine.support.hierarchical.NodeTestTask.lambda$executeRecursively$9(NodeTestTask.java:144)
	at org.junit.platform.engine.support.hierarchical.ThrowableCollector.execute(ThrowableCollector.java:73)
	at org.junit.platform.engine.support.hierarchical.NodeTestTask.executeRecursively(NodeTestTask.java:143)
	at org.junit.platform.engine.support.hierarchical.NodeTestTask.execute(NodeTestTask.java:100)
	at java.base/java.util.ArrayList.forEach(ArrayList.java:1604)
	at org.junit.platform.engine.support.hierarchical.SameThreadHierarchicalTestExecutorService.invokeAll(SameThreadHierarchicalTestExecutorService.java:41)
	at org.junit.platform.engine.support.hierarchical.NodeTestTask.lambda$executeRecursively$6(NodeTestTask.java:160)
	at org.junit.platform.engine.support.hierarchical.ThrowableCollector.execute(ThrowableCollector.java:73)
	at org.junit.platform.engine.support.hierarchical.NodeTestTask.lambda$executeRecursively$8(NodeTestTask.java:146)
	at org.junit.platform.engine.support.hierarchical.Node.around(Node.java:137)
	at org.junit.platform.engine.support.hierarchical.NodeTestTask.lambda$executeRecursively$9(NodeTestTask.java:144)
	at org.junit.platform.engine.support.hierarchical.ThrowableCollector.execute(ThrowableCollector.java:73)
	at org.junit.platform.engine.support.hierarchical.NodeTestTask.executeRecursively(NodeTestTask.java:143)
	at org.junit.platform.engine.support.hierarchical.NodeTestTask.execute(NodeTestTask.java:100)
	at org.junit.platform.engine.support.hierarchical.SameThreadHierarchicalTestExecutorService.submit(SameThreadHierarchicalTestExecutorService.java:35)
	at org.junit.platform.engine.support.hierarchical.HierarchicalTestExecutor.execute(HierarchicalTestExecutor.java:57)
	at org.junit.platform.engine.support.hierarchical.HierarchicalTestEngine.execute(HierarchicalTestEngine.java:54)
	at org.junit.platform.launcher.core.EngineExecutionOrchestrator.execute(EngineExecutionOrchestrator.java:198)
	at org.junit.platform.launcher.core.EngineExecutionOrchestrator.execute(EngineExecutionOrchestrator.java:169)
	at org.junit.platform.launcher.core.EngineExecutionOrchestrator.execute(EngineExecutionOrchestrator.java:93)
	at org.junit.platform.launcher.core.EngineExecutionOrchestrator.lambda$execute$0(EngineExecutionOrchestrator.java:58)
	at org.junit.platform.launcher.core.EngineExecutionOrchestrator.withInterceptedStreams(EngineExecutionOrchestrator.java:141)
	at org.junit.platform.launcher.core.EngineExecutionOrchestrator.execute(EngineExecutionOrchestrator.java:57)
	at org.junit.platform.launcher.core.DefaultLauncher.execute(DefaultLauncher.java:103)
	at org.junit.platform.launcher.core.DefaultLauncher.execute(DefaultLauncher.java:85)
	at org.junit.platform.launcher.core.DelegatingLauncher.execute(DelegatingLauncher.java:47)
	at org.apache.maven.surefire.junitplatform.LazyLauncher.execute(LazyLauncher.java:56)
	at org.apache.maven.surefire.junitplatform.JUnitPlatformProvider.execute(JUnitPlatformProvider.java:184)
	at org.apache.maven.surefire.junitplatform.JUnitPlatformProvider.invokeAllTests(JUnitPlatformProvider.java:148)
	at org.apache.maven.surefire.junitplatform.JUnitPlatformProvider.invoke(JUnitPlatformProvider.java:122)
	at org.apache.maven.surefire.booter.ForkedBooter.runSuitesInProcess(ForkedBooter.java:385)
	at org.apache.maven.surefire.booter.ForkedBooter.execute(ForkedBooter.java:162)
	at org.apache.maven.surefire.booter.ForkedBooter.run(ForkedBooter.java:507)
	at org.apache.maven.surefire.booter.ForkedBooter.main(ForkedBooter.java:495)
15:17:20.125 [main] WARN com.tngtech.archunit.core.importer.ClassFileProcessor -- Error during import from jrt:/java.base/java/time/Month.class, falling back to simple import
java.lang.IllegalArgumentException: Unsupported class file major version 68
	at com.tngtech.archunit.thirdparty.org.objectweb.asm.ClassReader.<init>(ClassReader.java:200)
	at com.tngtech.archunit.thirdparty.org.objectweb.asm.ClassReader.<init>(ClassReader.java:180)
	at com.tngtech.archunit.thirdparty.org.objectweb.asm.ClassReader.<init>(ClassReader.java:166)
	at com.tngtech.archunit.thirdparty.org.objectweb.asm.ClassReader.<init>(ClassReader.java:288)
	at com.tngtech.archunit.core.importer.ClassFileProcessor$UriImporterOfProcessor.tryImport(ClassFileProcessor.java:350)
	at com.tngtech.archunit.core.importer.resolvers.ClassResolverFromClasspath.tryResolve(ClassResolverFromClasspath.java:51)
	at com.tngtech.archunit.core.importer.ImportedClasses.resolve(ImportedClasses.java:80)
	at com.tngtech.archunit.core.importer.ImportedClasses.getOrResolve(ImportedClasses.java:67)
	at com.tngtech.archunit.core.importer.DomainBuilders$JavaMemberBuilder.get(DomainBuilders.java:179)
	at com.tngtech.archunit.core.importer.DomainBuilders$JavaCodeUnitBuilder.asJavaClasses(DomainBuilders.java:329)
	at com.tngtech.archunit.core.importer.DomainBuilders$JavaCodeUnitBuilder.getRawParameterTypes(DomainBuilders.java:303)
	at com.tngtech.archunit.core.domain.JavaCodeUnit$Parameters.<init>(JavaCodeUnit.java:317)
	at com.tngtech.archunit.core.domain.JavaCodeUnit.<init>(JavaCodeUnit.java:82)
	at com.tngtech.archunit.core.domain.JavaMethod.<init>(JavaMethod.java:44)
	at com.tngtech.archunit.core.domain.DomainObjectCreationContext.createJavaMethod(DomainObjectCreationContext.java:144)
	at com.tngtech.archunit.core.importer.DomainBuilders$JavaMethodBuilder.construct(DomainBuilders.java:373)
	at com.tngtech.archunit.core.importer.DomainBuilders$JavaMethodBuilder.construct(DomainBuilders.java:358)
	at com.tngtech.archunit.core.importer.DomainBuilders$JavaMemberBuilder.build(DomainBuilders.java:206)
	at com.tngtech.archunit.core.importer.DomainBuilders$JavaMemberBuilder.build(DomainBuilders.java:138)
	at com.tngtech.archunit.core.importer.DomainBuilders$BuilderWithBuildParameter$BuildFinisher.lambda$build$0(DomainBuilders.java:892)
	at java.base/java.util.stream.ReferencePipeline$3$1.accept(ReferencePipeline.java:215)
	at java.base/java.util.stream.ReferencePipeline$2$1.accept(ReferencePipeline.java:197)
	at java.base/java.util.HashMap$KeySpliterator.forEachRemaining(HashMap.java:1716)
	at java.base/java.util.stream.AbstractPipeline.copyInto(AbstractPipeline.java:570)
	at java.base/java.util.stream.AbstractPipeline.wrapAndCopyInto(AbstractPipeline.java:560)
	at java.base/java.util.stream.ReduceOps$ReduceOp.evaluateSequential(ReduceOps.java:921)
	at java.base/java.util.stream.AbstractPipeline.evaluate(AbstractPipeline.java:265)
	at java.base/java.util.stream.ReferencePipeline.collect(ReferencePipeline.java:727)
	at com.tngtech.archunit.core.importer.DomainBuilders$BuilderWithBuildParameter$BuildFinisher.build(DomainBuilders.java:892)
	at com.tngtech.archunit.core.importer.ClassGraphCreator.createMethods(ClassGraphCreator.java:322)
	at com.tngtech.archunit.core.domain.JavaClassMembers.create(JavaClassMembers.java:352)
	at com.tngtech.archunit.core.domain.JavaClass.completeMembers(JavaClass.java:1477)
	at com.tngtech.archunit.core.domain.DomainObjectCreationContext.completeMembers(DomainObjectCreationContext.java:96)
	at com.tngtech.archunit.core.importer.ClassGraphCreator.completeClasses(ClassGraphCreator.java:120)
	at com.tngtech.archunit.core.importer.ClassGraphCreator.complete(ClassGraphCreator.java:108)
	at com.tngtech.archunit.core.importer.ClassFileProcessor.process(ClassFileProcessor.java:75)
	at com.tngtech.archunit.core.importer.ClassFileImporter.importLocations(ClassFileImporter.java:325)
	at com.tngtech.archunit.junit.internal.ClassCache$CacheClassFileImporter.importClasses(ClassCache.java:126)
	at com.tngtech.archunit.junit.internal.ClassCache$LazyJavaClasses.initialize(ClassCache.java:118)
	at com.tngtech.archunit.junit.internal.ClassCache$LazyJavaClasses.get(ClassCache.java:107)
	at com.tngtech.archunit.junit.internal.ClassCache.getClassesToAnalyzeFor(ClassCache.java:84)
	at com.tngtech.archunit.junit.internal.ArchUnitTestDescriptor.lambda$createChildren$1(ArchUnitTestDescriptor.java:90)
	at com.tngtech.archunit.junit.internal.ArchUnitTestDescriptor$ArchUnitRuleDescriptor.execute(ArchUnitTestDescriptor.java:167)
	at com.tngtech.archunit.junit.internal.ArchUnitTestDescriptor$ArchUnitRuleDescriptor.execute(ArchUnitTestDescriptor.java:150)
	at org.junit.platform.engine.support.hierarchical.NodeTestTask.lambda$executeRecursively$6(NodeTestTask.java:156)
	at org.junit.platform.engine.support.hierarchical.ThrowableCollector.execute(ThrowableCollector.java:73)
	at org.junit.platform.engine.support.hierarchical.NodeTestTask.lambda$executeRecursively$8(NodeTestTask.java:146)
	at org.junit.platform.engine.support.hierarchical.Node.around(Node.java:137)
	at org.junit.platform.engine.support.hierarchical.NodeTestTask.lambda$executeRecursively$9(NodeTestTask.java:144)
	at org.junit.platform.engine.support.hierarchical.ThrowableCollector.execute(ThrowableCollector.java:73)
	at org.junit.platform.engine.support.hierarchical.NodeTestTask.executeRecursively(NodeTestTask.java:143)
	at org.junit.platform.engine.support.hierarchical.NodeTestTask.execute(NodeTestTask.java:100)
	at java.base/java.util.ArrayList.forEach(ArrayList.java:1604)
	at org.junit.platform.engine.support.hierarchical.SameThreadHierarchicalTestExecutorService.invokeAll(SameThreadHierarchicalTestExecutorService.java:41)
	at org.junit.platform.engine.support.hierarchical.NodeTestTask.lambda$executeRecursively$6(NodeTestTask.java:160)
	at org.junit.platform.engine.support.hierarchical.ThrowableCollector.execute(ThrowableCollector.java:73)
	at org.junit.platform.engine.support.hierarchical.NodeTestTask.lambda$executeRecursively$8(NodeTestTask.java:146)
	at org.junit.platform.engine.support.hierarchical.Node.around(Node.java:137)
	at org.junit.platform.engine.support.hierarchical.NodeTestTask.lambda$executeRecursively$9(NodeTestTask.java:144)
	at org.junit.platform.engine.support.hierarchical.ThrowableCollector.execute(ThrowableCollector.java:73)
	at org.junit.platform.engine.support.hierarchical.NodeTestTask.executeRecursively(NodeTestTask.java:143)
	at org.junit.platform.engine.support.hierarchical.NodeTestTask.execute(NodeTestTask.java:100)
	at java.base/java.util.ArrayList.forEach(ArrayList.java:1604)
	at org.junit.platform.engine.support.hierarchical.SameThreadHierarchicalTestExecutorService.invokeAll(SameThreadHierarchicalTestExecutorService.java:41)
	at org.junit.platform.engine.support.hierarchical.NodeTestTask.lambda$executeRecursively$6(NodeTestTask.java:160)
	at org.junit.platform.engine.support.hierarchical.ThrowableCollector.execute(ThrowableCollector.java:73)
	at org.junit.platform.engine.support.hierarchical.NodeTestTask.lambda$executeRecursively$8(NodeTestTask.java:146)
	at org.junit.platform.engine.support.hierarchical.Node.around(Node.java:137)
	at org.junit.platform.engine.support.hierarchical.NodeTestTask.lambda$executeRecursively$9(NodeTestTask.java:144)
	at org.junit.platform.engine.support.hierarchical.ThrowableCollector.execute(ThrowableCollector.java:73)
	at org.junit.platform.engine.support.hierarchical.NodeTestTask.executeRecursively(NodeTestTask.java:143)
	at org.junit.platform.engine.support.hierarchical.NodeTestTask.execute(NodeTestTask.java:100)
	at org.junit.platform.engine.support.hierarchical.SameThreadHierarchicalTestExecutorService.submit(SameThreadHierarchicalTestExecutorService.java:35)
	at org.junit.platform.engine.support.hierarchical.HierarchicalTestExecutor.execute(HierarchicalTestExecutor.java:57)
	at org.junit.platform.engine.support.hierarchical.HierarchicalTestEngine.execute(HierarchicalTestEngine.java:54)
	at org.junit.platform.launcher.core.EngineExecutionOrchestrator.execute(EngineExecutionOrchestrator.java:198)
	at org.junit.platform.launcher.core.EngineExecutionOrchestrator.execute(EngineExecutionOrchestrator.java:169)
	at org.junit.platform.launcher.core.EngineExecutionOrchestrator.execute(EngineExecutionOrchestrator.java:93)
	at org.junit.platform.launcher.core.EngineExecutionOrchestrator.lambda$execute$0(EngineExecutionOrchestrator.java:58)
	at org.junit.platform.launcher.core.EngineExecutionOrchestrator.withInterceptedStreams(EngineExecutionOrchestrator.java:141)
	at org.junit.platform.launcher.core.EngineExecutionOrchestrator.execute(EngineExecutionOrchestrator.java:57)
	at org.junit.platform.launcher.core.DefaultLauncher.execute(DefaultLauncher.java:103)
	at org.junit.platform.launcher.core.DefaultLauncher.execute(DefaultLauncher.java:85)
	at org.junit.platform.launcher.core.DelegatingLauncher.execute(DelegatingLauncher.java:47)
	at org.apache.maven.surefire.junitplatform.LazyLauncher.execute(LazyLauncher.java:56)
	at org.apache.maven.surefire.junitplatform.JUnitPlatformProvider.execute(JUnitPlatformProvider.java:184)
	at org.apache.maven.surefire.junitplatform.JUnitPlatformProvider.invokeAllTests(JUnitPlatformProvider.java:148)
	at org.apache.maven.surefire.junitplatform.JUnitPlatformProvider.invoke(JUnitPlatformProvider.java:122)
	at org.apache.maven.surefire.booter.ForkedBooter.runSuitesInProcess(ForkedBooter.java:385)
	at org.apache.maven.surefire.booter.ForkedBooter.execute(ForkedBooter.java:162)
	at org.apache.maven.surefire.booter.ForkedBooter.run(ForkedBooter.java:507)
	at org.apache.maven.surefire.booter.ForkedBooter.main(ForkedBooter.java:495)
15:17:20.138 [main] WARN com.tngtech.archunit.core.importer.ClassFileProcessor -- Error during import from jrt:/java.base/java/nio/file/FileSystem.class, falling back to simple import
java.lang.IllegalArgumentException: Unsupported class file major version 68
	at com.tngtech.archunit.thirdparty.org.objectweb.asm.ClassReader.<init>(ClassReader.java:200)
	at com.tngtech.archunit.thirdparty.org.objectweb.asm.ClassReader.<init>(ClassReader.java:180)
	at com.tngtech.archunit.thirdparty.org.objectweb.asm.ClassReader.<init>(ClassReader.java:166)
	at com.tngtech.archunit.thirdparty.org.objectweb.asm.ClassReader.<init>(ClassReader.java:288)
	at com.tngtech.archunit.core.importer.ClassFileProcessor$UriImporterOfProcessor.tryImport(ClassFileProcessor.java:350)
	at com.tngtech.archunit.core.importer.resolvers.ClassResolverFromClasspath.tryResolve(ClassResolverFromClasspath.java:51)
	at com.tngtech.archunit.core.importer.ImportedClasses.resolve(ImportedClasses.java:80)
	at com.tngtech.archunit.core.importer.ImportedClasses.getOrResolve(ImportedClasses.java:67)
	at com.tngtech.archunit.core.importer.DomainBuilders$JavaMemberBuilder.get(DomainBuilders.java:179)
	at com.tngtech.archunit.core.importer.DomainBuilders$JavaCodeUnitBuilder.asJavaClasses(DomainBuilders.java:329)
	at com.tngtech.archunit.core.importer.DomainBuilders$JavaCodeUnitBuilder.getRawParameterTypes(DomainBuilders.java:303)
	at com.tngtech.archunit.core.domain.JavaCodeUnit$Parameters.<init>(JavaCodeUnit.java:317)
	at com.tngtech.archunit.core.domain.JavaCodeUnit.<init>(JavaCodeUnit.java:82)
	at com.tngtech.archunit.core.domain.JavaMethod.<init>(JavaMethod.java:44)
	at com.tngtech.archunit.core.domain.DomainObjectCreationContext.createJavaMethod(DomainObjectCreationContext.java:144)
	at com.tngtech.archunit.core.importer.DomainBuilders$JavaMethodBuilder.construct(DomainBuilders.java:373)
	at com.tngtech.archunit.core.importer.DomainBuilders$JavaMethodBuilder.construct(DomainBuilders.java:358)
	at com.tngtech.archunit.core.importer.DomainBuilders$JavaMemberBuilder.build(DomainBuilders.java:206)
	at com.tngtech.archunit.core.importer.DomainBuilders$JavaMemberBuilder.build(DomainBuilders.java:138)
	at com.tngtech.archunit.core.importer.DomainBuilders$BuilderWithBuildParameter$BuildFinisher.lambda$build$0(DomainBuilders.java:892)
	at java.base/java.util.stream.ReferencePipeline$3$1.accept(ReferencePipeline.java:215)
	at java.base/java.util.stream.ReferencePipeline$2$1.accept(ReferencePipeline.java:197)
	at java.base/java.util.HashMap$KeySpliterator.forEachRemaining(HashMap.java:1716)
	at java.base/java.util.stream.AbstractPipeline.copyInto(AbstractPipeline.java:570)
	at java.base/java.util.stream.AbstractPipeline.wrapAndCopyInto(AbstractPipeline.java:560)
	at java.base/java.util.stream.ReduceOps$ReduceOp.evaluateSequential(ReduceOps.java:921)
	at java.base/java.util.stream.AbstractPipeline.evaluate(AbstractPipeline.java:265)
	at java.base/java.util.stream.ReferencePipeline.collect(ReferencePipeline.java:727)
	at com.tngtech.archunit.core.importer.DomainBuilders$BuilderWithBuildParameter$BuildFinisher.build(DomainBuilders.java:892)
	at com.tngtech.archunit.core.importer.ClassGraphCreator.createMethods(ClassGraphCreator.java:322)
	at com.tngtech.archunit.core.domain.JavaClassMembers.create(JavaClassMembers.java:352)
	at com.tngtech.archunit.core.domain.JavaClass.completeMembers(JavaClass.java:1477)
	at com.tngtech.archunit.core.domain.DomainObjectCreationContext.completeMembers(DomainObjectCreationContext.java:96)
	at com.tngtech.archunit.core.importer.ClassGraphCreator.completeClasses(ClassGraphCreator.java:120)
	at com.tngtech.archunit.core.importer.ClassGraphCreator.complete(ClassGraphCreator.java:108)
	at com.tngtech.archunit.core.importer.ClassFileProcessor.process(ClassFileProcessor.java:75)
	at com.tngtech.archunit.core.importer.ClassFileImporter.importLocations(ClassFileImporter.java:325)
	at com.tngtech.archunit.junit.internal.ClassCache$CacheClassFileImporter.importClasses(ClassCache.java:126)
	at com.tngtech.archunit.junit.internal.ClassCache$LazyJavaClasses.initialize(ClassCache.java:118)
	at com.tngtech.archunit.junit.internal.ClassCache$LazyJavaClasses.get(ClassCache.java:107)
	at com.tngtech.archunit.junit.internal.ClassCache.getClassesToAnalyzeFor(ClassCache.java:84)
	at com.tngtech.archunit.junit.internal.ArchUnitTestDescriptor.lambda$createChildren$1(ArchUnitTestDescriptor.java:90)
	at com.tngtech.archunit.junit.internal.ArchUnitTestDescriptor$ArchUnitRuleDescriptor.execute(ArchUnitTestDescriptor.java:167)
	at com.tngtech.archunit.junit.internal.ArchUnitTestDescriptor$ArchUnitRuleDescriptor.execute(ArchUnitTestDescriptor.java:150)
	at org.junit.platform.engine.support.hierarchical.NodeTestTask.lambda$executeRecursively$6(NodeTestTask.java:156)
	at org.junit.platform.engine.support.hierarchical.ThrowableCollector.execute(ThrowableCollector.java:73)
	at org.junit.platform.engine.support.hierarchical.NodeTestTask.lambda$executeRecursively$8(NodeTestTask.java:146)
	at org.junit.platform.engine.support.hierarchical.Node.around(Node.java:137)
	at org.junit.platform.engine.support.hierarchical.NodeTestTask.lambda$executeRecursively$9(NodeTestTask.java:144)
	at org.junit.platform.engine.support.hierarchical.ThrowableCollector.execute(ThrowableCollector.java:73)
	at org.junit.platform.engine.support.hierarchical.NodeTestTask.executeRecursively(NodeTestTask.java:143)
	at org.junit.platform.engine.support.hierarchical.NodeTestTask.execute(NodeTestTask.java:100)
	at java.base/java.util.ArrayList.forEach(ArrayList.java:1604)
	at org.junit.platform.engine.support.hierarchical.SameThreadHierarchicalTestExecutorService.invokeAll(SameThreadHierarchicalTestExecutorService.java:41)
	at org.junit.platform.engine.support.hierarchical.NodeTestTask.lambda$executeRecursively$6(NodeTestTask.java:160)
	at org.junit.platform.engine.support.hierarchical.ThrowableCollector.execute(ThrowableCollector.java:73)
	at org.junit.platform.engine.support.hierarchical.NodeTestTask.lambda$executeRecursively$8(NodeTestTask.java:146)
	at org.junit.platform.engine.support.hierarchical.Node.around(Node.java:137)
	at org.junit.platform.engine.support.hierarchical.NodeTestTask.lambda$executeRecursively$9(NodeTestTask.java:144)
	at org.junit.platform.engine.support.hierarchical.ThrowableCollector.execute(ThrowableCollector.java:73)
	at org.junit.platform.engine.support.hierarchical.NodeTestTask.executeRecursively(NodeTestTask.java:143)
	at org.junit.platform.engine.support.hierarchical.NodeTestTask.execute(NodeTestTask.java:100)
	at java.base/java.util.ArrayList.forEach(ArrayList.java:1604)
	at org.junit.platform.engine.support.hierarchical.SameThreadHierarchicalTestExecutorService.invokeAll(SameThreadHierarchicalTestExecutorService.java:41)
	at org.junit.platform.engine.support.hierarchical.NodeTestTask.lambda$executeRecursively$6(NodeTestTask.java:160)
	at org.junit.platform.engine.support.hierarchical.ThrowableCollector.execute(ThrowableCollector.java:73)
	at org.junit.platform.engine.support.hierarchical.NodeTestTask.lambda$executeRecursively$8(NodeTestTask.java:146)
	at org.junit.platform.engine.support.hierarchical.Node.around(Node.java:137)
	at org.junit.platform.engine.support.hierarchical.NodeTestTask.lambda$executeRecursively$9(NodeTestTask.java:144)
	at org.junit.platform.engine.support.hierarchical.ThrowableCollector.execute(ThrowableCollector.java:73)
	at org.junit.platform.engine.support.hierarchical.NodeTestTask.executeRecursively(NodeTestTask.java:143)
	at org.junit.platform.engine.support.hierarchical.NodeTestTask.execute(NodeTestTask.java:100)
	at org.junit.platform.engine.support.hierarchical.SameThreadHierarchicalTestExecutorService.submit(SameThreadHierarchicalTestExecutorService.java:35)
	at org.junit.platform.engine.support.hierarchical.HierarchicalTestExecutor.execute(HierarchicalTestExecutor.java:57)
	at org.junit.platform.engine.support.hierarchical.HierarchicalTestEngine.execute(HierarchicalTestEngine.java:54)
	at org.junit.platform.launcher.core.EngineExecutionOrchestrator.execute(EngineExecutionOrchestrator.java:198)
	at org.junit.platform.launcher.core.EngineExecutionOrchestrator.execute(EngineExecutionOrchestrator.java:169)
	at org.junit.platform.launcher.core.EngineExecutionOrchestrator.execute(EngineExecutionOrchestrator.java:93)
	at org.junit.platform.launcher.core.EngineExecutionOrchestrator.lambda$execute$0(EngineExecutionOrchestrator.java:58)
	at org.junit.platform.launcher.core.EngineExecutionOrchestrator.withInterceptedStreams(EngineExecutionOrchestrator.java:141)
	at org.junit.platform.launcher.core.EngineExecutionOrchestrator.execute(EngineExecutionOrchestrator.java:57)
	at org.junit.platform.launcher.core.DefaultLauncher.execute(DefaultLauncher.java:103)
	at org.junit.platform.launcher.core.DefaultLauncher.execute(DefaultLauncher.java:85)
	at org.junit.platform.launcher.core.DelegatingLauncher.execute(DelegatingLauncher.java:47)
	at org.apache.maven.surefire.junitplatform.LazyLauncher.execute(LazyLauncher.java:56)
	at org.apache.maven.surefire.junitplatform.JUnitPlatformProvider.execute(JUnitPlatformProvider.java:184)
	at org.apache.maven.surefire.junitplatform.JUnitPlatformProvider.invokeAllTests(JUnitPlatformProvider.java:148)
	at org.apache.maven.surefire.junitplatform.JUnitPlatformProvider.invoke(JUnitPlatformProvider.java:122)
	at org.apache.maven.surefire.booter.ForkedBooter.runSuitesInProcess(ForkedBooter.java:385)
	at org.apache.maven.surefire.booter.ForkedBooter.execute(ForkedBooter.java:162)
	at org.apache.maven.surefire.booter.ForkedBooter.run(ForkedBooter.java:507)
	at org.apache.maven.surefire.booter.ForkedBooter.main(ForkedBooter.java:495)
15:17:20.149 [main] WARN com.tngtech.archunit.core.importer.ClassFileProcessor -- Error during import from jrt:/java.base/java/time/temporal/TemporalUnit.class, falling back to simple import
java.lang.IllegalArgumentException: Unsupported class file major version 68
	at com.tngtech.archunit.thirdparty.org.objectweb.asm.ClassReader.<init>(ClassReader.java:200)
	at com.tngtech.archunit.thirdparty.org.objectweb.asm.ClassReader.<init>(ClassReader.java:180)
	at com.tngtech.archunit.thirdparty.org.objectweb.asm.ClassReader.<init>(ClassReader.java:166)
	at com.tngtech.archunit.thirdparty.org.objectweb.asm.ClassReader.<init>(ClassReader.java:288)
	at com.tngtech.archunit.core.importer.ClassFileProcessor$UriImporterOfProcessor.tryImport(ClassFileProcessor.java:350)
	at com.tngtech.archunit.core.importer.resolvers.ClassResolverFromClasspath.tryResolve(ClassResolverFromClasspath.java:51)
	at com.tngtech.archunit.core.importer.ImportedClasses.resolve(ImportedClasses.java:80)
	at com.tngtech.archunit.core.importer.ImportedClasses.getOrResolve(ImportedClasses.java:67)
	at com.tngtech.archunit.core.importer.DomainBuilders$JavaMemberBuilder.get(DomainBuilders.java:179)
	at com.tngtech.archunit.core.importer.DomainBuilders$JavaCodeUnitBuilder.asJavaClasses(DomainBuilders.java:329)
	at com.tngtech.archunit.core.importer.DomainBuilders$JavaCodeUnitBuilder.getRawParameterTypes(DomainBuilders.java:303)
	at com.tngtech.archunit.core.domain.JavaCodeUnit$Parameters.<init>(JavaCodeUnit.java:317)
	at com.tngtech.archunit.core.domain.JavaCodeUnit.<init>(JavaCodeUnit.java:82)
	at com.tngtech.archunit.core.domain.JavaMethod.<init>(JavaMethod.java:44)
	at com.tngtech.archunit.core.domain.DomainObjectCreationContext.createJavaMethod(DomainObjectCreationContext.java:144)
	at com.tngtech.archunit.core.importer.DomainBuilders$JavaMethodBuilder.construct(DomainBuilders.java:373)
	at com.tngtech.archunit.core.importer.DomainBuilders$JavaMethodBuilder.construct(DomainBuilders.java:358)
	at com.tngtech.archunit.core.importer.DomainBuilders$JavaMemberBuilder.build(DomainBuilders.java:206)
	at com.tngtech.archunit.core.importer.DomainBuilders$JavaMemberBuilder.build(DomainBuilders.java:138)
	at com.tngtech.archunit.core.importer.DomainBuilders$BuilderWithBuildParameter$BuildFinisher.lambda$build$0(DomainBuilders.java:892)
	at java.base/java.util.stream.ReferencePipeline$3$1.accept(ReferencePipeline.java:215)
	at java.base/java.util.stream.ReferencePipeline$2$1.accept(ReferencePipeline.java:197)
	at java.base/java.util.HashMap$KeySpliterator.forEachRemaining(HashMap.java:1716)
	at java.base/java.util.stream.AbstractPipeline.copyInto(AbstractPipeline.java:570)
	at java.base/java.util.stream.AbstractPipeline.wrapAndCopyInto(AbstractPipeline.java:560)
	at java.base/java.util.stream.ReduceOps$ReduceOp.evaluateSequential(ReduceOps.java:921)
	at java.base/java.util.stream.AbstractPipeline.evaluate(AbstractPipeline.java:265)
	at java.base/java.util.stream.ReferencePipeline.collect(ReferencePipeline.java:727)
	at com.tngtech.archunit.core.importer.DomainBuilders$BuilderWithBuildParameter$BuildFinisher.build(DomainBuilders.java:892)
	at com.tngtech.archunit.core.importer.ClassGraphCreator.createMethods(ClassGraphCreator.java:322)
	at com.tngtech.archunit.core.domain.JavaClassMembers.create(JavaClassMembers.java:352)
	at com.tngtech.archunit.core.domain.JavaClass.completeMembers(JavaClass.java:1477)
	at com.tngtech.archunit.core.domain.DomainObjectCreationContext.completeMembers(DomainObjectCreationContext.java:96)
	at com.tngtech.archunit.core.importer.ClassGraphCreator.completeClasses(ClassGraphCreator.java:120)
	at com.tngtech.archunit.core.importer.ClassGraphCreator.complete(ClassGraphCreator.java:108)
	at com.tngtech.archunit.core.importer.ClassFileProcessor.process(ClassFileProcessor.java:75)
	at com.tngtech.archunit.core.importer.ClassFileImporter.importLocations(ClassFileImporter.java:325)
	at com.tngtech.archunit.junit.internal.ClassCache$CacheClassFileImporter.importClasses(ClassCache.java:126)
	at com.tngtech.archunit.junit.internal.ClassCache$LazyJavaClasses.initialize(ClassCache.java:118)
	at com.tngtech.archunit.junit.internal.ClassCache$LazyJavaClasses.get(ClassCache.java:107)
	at com.tngtech.archunit.junit.internal.ClassCache.getClassesToAnalyzeFor(ClassCache.java:84)
	at com.tngtech.archunit.junit.internal.ArchUnitTestDescriptor.lambda$createChildren$1(ArchUnitTestDescriptor.java:90)
	at com.tngtech.archunit.junit.internal.ArchUnitTestDescriptor$ArchUnitRuleDescriptor.execute(ArchUnitTestDescriptor.java:167)
	at com.tngtech.archunit.junit.internal.ArchUnitTestDescriptor$ArchUnitRuleDescriptor.execute(ArchUnitTestDescriptor.java:150)
	at org.junit.platform.engine.support.hierarchical.NodeTestTask.lambda$executeRecursively$6(NodeTestTask.java:156)
	at org.junit.platform.engine.support.hierarchical.ThrowableCollector.execute(ThrowableCollector.java:73)
	at org.junit.platform.engine.support.hierarchical.NodeTestTask.lambda$executeRecursively$8(NodeTestTask.java:146)
	at org.junit.platform.engine.support.hierarchical.Node.around(Node.java:137)
	at org.junit.platform.engine.support.hierarchical.NodeTestTask.lambda$executeRecursively$9(NodeTestTask.java:144)
	at org.junit.platform.engine.support.hierarchical.ThrowableCollector.execute(ThrowableCollector.java:73)
	at org.junit.platform.engine.support.hierarchical.NodeTestTask.executeRecursively(NodeTestTask.java:143)
	at org.junit.platform.engine.support.hierarchical.NodeTestTask.execute(NodeTestTask.java:100)
	at java.base/java.util.ArrayList.forEach(ArrayList.java:1604)
	at org.junit.platform.engine.support.hierarchical.SameThreadHierarchicalTestExecutorService.invokeAll(SameThreadHierarchicalTestExecutorService.java:41)
	at org.junit.platform.engine.support.hierarchical.NodeTestTask.lambda$executeRecursively$6(NodeTestTask.java:160)
	at org.junit.platform.engine.support.hierarchical.ThrowableCollector.execute(ThrowableCollector.java:73)
	at org.junit.platform.engine.support.hierarchical.NodeTestTask.lambda$executeRecursively$8(NodeTestTask.java:146)
	at org.junit.platform.engine.support.hierarchical.Node.around(Node.java:137)
	at org.junit.platform.engine.support.hierarchical.NodeTestTask.lambda$executeRecursively$9(NodeTestTask.java:144)
	at org.junit.platform.engine.support.hierarchical.ThrowableCollector.execute(ThrowableCollector.java:73)
	at org.junit.platform.engine.support.hierarchical.NodeTestTask.executeRecursively(NodeTestTask.java:143)
	at org.junit.platform.engine.support.hierarchical.NodeTestTask.execute(NodeTestTask.java:100)
	at java.base/java.util.ArrayList.forEach(ArrayList.java:1604)
	at org.junit.platform.engine.support.hierarchical.SameThreadHierarchicalTestExecutorService.invokeAll(SameThreadHierarchicalTestExecutorService.java:41)
	at org.junit.platform.engine.support.hierarchical.NodeTestTask.lambda$executeRecursively$6(NodeTestTask.java:160)
	at org.junit.platform.engine.support.hierarchical.ThrowableCollector.execute(ThrowableCollector.java:73)
	at org.junit.platform.engine.support.hierarchical.NodeTestTask.lambda$executeRecursively$8(NodeTestTask.java:146)
	at org.junit.platform.engine.support.hierarchical.Node.around(Node.java:137)
	at org.junit.platform.engine.support.hierarchical.NodeTestTask.lambda$executeRecursively$9(NodeTestTask.java:144)
	at org.junit.platform.engine.support.hierarchical.ThrowableCollector.execute(ThrowableCollector.java:73)
	at org.junit.platform.engine.support.hierarchical.NodeTestTask.executeRecursively(NodeTestTask.java:143)
	at org.junit.platform.engine.support.hierarchical.NodeTestTask.execute(NodeTestTask.java:100)
	at org.junit.platform.engine.support.hierarchical.SameThreadHierarchicalTestExecutorService.submit(SameThreadHierarchicalTestExecutorService.java:35)
	at org.junit.platform.engine.support.hierarchical.HierarchicalTestExecutor.execute(HierarchicalTestExecutor.java:57)
	at org.junit.platform.engine.support.hierarchical.HierarchicalTestEngine.execute(HierarchicalTestEngine.java:54)
	at org.junit.platform.launcher.core.EngineExecutionOrchestrator.execute(EngineExecutionOrchestrator.java:198)
	at org.junit.platform.launcher.core.EngineExecutionOrchestrator.execute(EngineExecutionOrchestrator.java:169)
	at org.junit.platform.launcher.core.EngineExecutionOrchestrator.execute(EngineExecutionOrchestrator.java:93)
	at org.junit.platform.launcher.core.EngineExecutionOrchestrator.lambda$execute$0(EngineExecutionOrchestrator.java:58)
	at org.junit.platform.launcher.core.EngineExecutionOrchestrator.withInterceptedStreams(EngineExecutionOrchestrator.java:141)
	at org.junit.platform.launcher.core.EngineExecutionOrchestrator.execute(EngineExecutionOrchestrator.java:57)
	at org.junit.platform.launcher.core.DefaultLauncher.execute(DefaultLauncher.java:103)
	at org.junit.platform.launcher.core.DefaultLauncher.execute(DefaultLauncher.java:85)
	at org.junit.platform.launcher.core.DelegatingLauncher.execute(DelegatingLauncher.java:47)
	at org.apache.maven.surefire.junitplatform.LazyLauncher.execute(LazyLauncher.java:56)
	at org.apache.maven.surefire.junitplatform.JUnitPlatformProvider.execute(JUnitPlatformProvider.java:184)
	at org.apache.maven.surefire.junitplatform.JUnitPlatformProvider.invokeAllTests(JUnitPlatformProvider.java:148)
	at org.apache.maven.surefire.junitplatform.JUnitPlatformProvider.invoke(JUnitPlatformProvider.java:122)
	at org.apache.maven.surefire.booter.ForkedBooter.runSuitesInProcess(ForkedBooter.java:385)
	at org.apache.maven.surefire.booter.ForkedBooter.execute(ForkedBooter.java:162)
	at org.apache.maven.surefire.booter.ForkedBooter.run(ForkedBooter.java:507)
	at org.apache.maven.surefire.booter.ForkedBooter.main(ForkedBooter.java:495)
15:17:20.165 [main] WARN com.tngtech.archunit.core.importer.ClassFileProcessor -- Error during import from jrt:/java.base/java/util/ServiceLoader.class, falling back to simple import
java.lang.IllegalArgumentException: Unsupported class file major version 68
	at com.tngtech.archunit.thirdparty.org.objectweb.asm.ClassReader.<init>(ClassReader.java:200)
	at com.tngtech.archunit.thirdparty.org.objectweb.asm.ClassReader.<init>(ClassReader.java:180)
	at com.tngtech.archunit.thirdparty.org.objectweb.asm.ClassReader.<init>(ClassReader.java:166)
	at com.tngtech.archunit.thirdparty.org.objectweb.asm.ClassReader.<init>(ClassReader.java:288)
	at com.tngtech.archunit.core.importer.ClassFileProcessor$UriImporterOfProcessor.tryImport(ClassFileProcessor.java:350)
	at com.tngtech.archunit.core.importer.resolvers.ClassResolverFromClasspath.tryResolve(ClassResolverFromClasspath.java:51)
	at com.tngtech.archunit.core.importer.ImportedClasses.resolve(ImportedClasses.java:80)
	at com.tngtech.archunit.core.importer.ImportedClasses.getOrResolve(ImportedClasses.java:67)
	at com.tngtech.archunit.core.importer.DomainBuilders$JavaMemberBuilder.get(DomainBuilders.java:179)
	at com.tngtech.archunit.core.importer.DomainBuilders$JavaCodeUnitBuilder.getRawReturnType(DomainBuilders.java:289)
	at com.tngtech.archunit.core.domain.JavaCodeUnit$ReturnType.<init>(JavaCodeUnit.java:367)
	at com.tngtech.archunit.core.domain.JavaCodeUnit.<init>(JavaCodeUnit.java:81)
	at com.tngtech.archunit.core.domain.JavaMethod.<init>(JavaMethod.java:44)
	at com.tngtech.archunit.core.domain.DomainObjectCreationContext.createJavaMethod(DomainObjectCreationContext.java:144)
	at com.tngtech.archunit.core.importer.DomainBuilders$JavaMethodBuilder.construct(DomainBuilders.java:373)
	at com.tngtech.archunit.core.importer.DomainBuilders$JavaMethodBuilder.construct(DomainBuilders.java:358)
	at com.tngtech.archunit.core.importer.DomainBuilders$JavaMemberBuilder.build(DomainBuilders.java:206)
	at com.tngtech.archunit.core.importer.DomainBuilders$JavaMemberBuilder.build(DomainBuilders.java:138)
	at com.tngtech.archunit.core.importer.DomainBuilders$BuilderWithBuildParameter$BuildFinisher.lambda$build$0(DomainBuilders.java:892)
	at java.base/java.util.stream.ReferencePipeline$3$1.accept(ReferencePipeline.java:215)
	at java.base/java.util.stream.ReferencePipeline$2$1.accept(ReferencePipeline.java:197)
	at java.base/java.util.HashMap$KeySpliterator.forEachRemaining(HashMap.java:1716)
	at java.base/java.util.stream.AbstractPipeline.copyInto(AbstractPipeline.java:570)
	at java.base/java.util.stream.AbstractPipeline.wrapAndCopyInto(AbstractPipeline.java:560)
	at java.base/java.util.stream.ReduceOps$ReduceOp.evaluateSequential(ReduceOps.java:921)
	at java.base/java.util.stream.AbstractPipeline.evaluate(AbstractPipeline.java:265)
	at java.base/java.util.stream.ReferencePipeline.collect(ReferencePipeline.java:727)
	at com.tngtech.archunit.core.importer.DomainBuilders$BuilderWithBuildParameter$BuildFinisher.build(DomainBuilders.java:892)
	at com.tngtech.archunit.core.importer.ClassGraphCreator.createMethods(ClassGraphCreator.java:322)
	at com.tngtech.archunit.core.domain.JavaClassMembers.create(JavaClassMembers.java:352)
	at com.tngtech.archunit.core.domain.JavaClass.completeMembers(JavaClass.java:1477)
	at com.tngtech.archunit.core.domain.DomainObjectCreationContext.completeMembers(DomainObjectCreationContext.java:96)
	at com.tngtech.archunit.core.importer.ClassGraphCreator.completeClasses(ClassGraphCreator.java:120)
	at com.tngtech.archunit.core.importer.ClassGraphCreator.complete(ClassGraphCreator.java:108)
	at com.tngtech.archunit.core.importer.ClassFileProcessor.process(ClassFileProcessor.java:75)
	at com.tngtech.archunit.core.importer.ClassFileImporter.importLocations(ClassFileImporter.java:325)
	at com.tngtech.archunit.junit.internal.ClassCache$CacheClassFileImporter.importClasses(ClassCache.java:126)
	at com.tngtech.archunit.junit.internal.ClassCache$LazyJavaClasses.initialize(ClassCache.java:118)
	at com.tngtech.archunit.junit.internal.ClassCache$LazyJavaClasses.get(ClassCache.java:107)
	at com.tngtech.archunit.junit.internal.ClassCache.getClassesToAnalyzeFor(ClassCache.java:84)
	at com.tngtech.archunit.junit.internal.ArchUnitTestDescriptor.lambda$createChildren$1(ArchUnitTestDescriptor.java:90)
	at com.tngtech.archunit.junit.internal.ArchUnitTestDescriptor$ArchUnitRuleDescriptor.execute(ArchUnitTestDescriptor.java:167)
	at com.tngtech.archunit.junit.internal.ArchUnitTestDescriptor$ArchUnitRuleDescriptor.execute(ArchUnitTestDescriptor.java:150)
	at org.junit.platform.engine.support.hierarchical.NodeTestTask.lambda$executeRecursively$6(NodeTestTask.java:156)
	at org.junit.platform.engine.support.hierarchical.ThrowableCollector.execute(ThrowableCollector.java:73)
	at org.junit.platform.engine.support.hierarchical.NodeTestTask.lambda$executeRecursively$8(NodeTestTask.java:146)
	at org.junit.platform.engine.support.hierarchical.Node.around(Node.java:137)
	at org.junit.platform.engine.support.hierarchical.NodeTestTask.lambda$executeRecursively$9(NodeTestTask.java:144)
	at org.junit.platform.engine.support.hierarchical.ThrowableCollector.execute(ThrowableCollector.java:73)
	at org.junit.platform.engine.support.hierarchical.NodeTestTask.executeRecursively(NodeTestTask.java:143)
	at org.junit.platform.engine.support.hierarchical.NodeTestTask.execute(NodeTestTask.java:100)
	at java.base/java.util.ArrayList.forEach(ArrayList.java:1604)
	at org.junit.platform.engine.support.hierarchical.SameThreadHierarchicalTestExecutorService.invokeAll(SameThreadHierarchicalTestExecutorService.java:41)
	at org.junit.platform.engine.support.hierarchical.NodeTestTask.lambda$executeRecursively$6(NodeTestTask.java:160)
	at org.junit.platform.engine.support.hierarchical.ThrowableCollector.execute(ThrowableCollector.java:73)
	at org.junit.platform.engine.support.hierarchical.NodeTestTask.lambda$executeRecursively$8(NodeTestTask.java:146)
	at org.junit.platform.engine.support.hierarchical.Node.around(Node.java:137)
	at org.junit.platform.engine.support.hierarchical.NodeTestTask.lambda$executeRecursively$9(NodeTestTask.java:144)
	at org.junit.platform.engine.support.hierarchical.ThrowableCollector.execute(ThrowableCollector.java:73)
	at org.junit.platform.engine.support.hierarchical.NodeTestTask.executeRecursively(NodeTestTask.java:143)
	at org.junit.platform.engine.support.hierarchical.NodeTestTask.execute(NodeTestTask.java:100)
	at java.base/java.util.ArrayList.forEach(ArrayList.java:1604)
	at org.junit.platform.engine.support.hierarchical.SameThreadHierarchicalTestExecutorService.invokeAll(SameThreadHierarchicalTestExecutorService.java:41)
	at org.junit.platform.engine.support.hierarchical.NodeTestTask.lambda$executeRecursively$6(NodeTestTask.java:160)
	at org.junit.platform.engine.support.hierarchical.ThrowableCollector.execute(ThrowableCollector.java:73)
	at org.junit.platform.engine.support.hierarchical.NodeTestTask.lambda$executeRecursively$8(NodeTestTask.java:146)
	at org.junit.platform.engine.support.hierarchical.Node.around(Node.java:137)
	at org.junit.platform.engine.support.hierarchical.NodeTestTask.lambda$executeRecursively$9(NodeTestTask.java:144)
	at org.junit.platform.engine.support.hierarchical.ThrowableCollector.execute(ThrowableCollector.java:73)
	at org.junit.platform.engine.support.hierarchical.NodeTestTask.executeRecursively(NodeTestTask.java:143)
	at org.junit.platform.engine.support.hierarchical.NodeTestTask.execute(NodeTestTask.java:100)
	at org.junit.platform.engine.support.hierarchical.SameThreadHierarchicalTestExecutorService.submit(SameThreadHierarchicalTestExecutorService.java:35)
	at org.junit.platform.engine.support.hierarchical.HierarchicalTestExecutor.execute(HierarchicalTestExecutor.java:57)
	at org.junit.platform.engine.support.hierarchical.HierarchicalTestEngine.execute(HierarchicalTestEngine.java:54)
	at org.junit.platform.launcher.core.EngineExecutionOrchestrator.execute(EngineExecutionOrchestrator.java:198)
	at org.junit.platform.launcher.core.EngineExecutionOrchestrator.execute(EngineExecutionOrchestrator.java:169)
	at org.junit.platform.launcher.core.EngineExecutionOrchestrator.execute(EngineExecutionOrchestrator.java:93)
	at org.junit.platform.launcher.core.EngineExecutionOrchestrator.lambda$execute$0(EngineExecutionOrchestrator.java:58)
	at org.junit.platform.launcher.core.EngineExecutionOrchestrator.withInterceptedStreams(EngineExecutionOrchestrator.java:141)
	at org.junit.platform.launcher.core.EngineExecutionOrchestrator.execute(EngineExecutionOrchestrator.java:57)
	at org.junit.platform.launcher.core.DefaultLauncher.execute(DefaultLauncher.java:103)
	at org.junit.platform.launcher.core.DefaultLauncher.execute(DefaultLauncher.java:85)
	at org.junit.platform.launcher.core.DelegatingLauncher.execute(DelegatingLauncher.java:47)
	at org.apache.maven.surefire.junitplatform.LazyLauncher.execute(LazyLauncher.java:56)
	at org.apache.maven.surefire.junitplatform.JUnitPlatformProvider.execute(JUnitPlatformProvider.java:184)
	at org.apache.maven.surefire.junitplatform.JUnitPlatformProvider.invokeAllTests(JUnitPlatformProvider.java:148)
	at org.apache.maven.surefire.junitplatform.JUnitPlatformProvider.invoke(JUnitPlatformProvider.java:122)
	at org.apache.maven.surefire.booter.ForkedBooter.runSuitesInProcess(ForkedBooter.java:385)
	at org.apache.maven.surefire.booter.ForkedBooter.execute(ForkedBooter.java:162)
	at org.apache.maven.surefire.booter.ForkedBooter.run(ForkedBooter.java:507)
	at org.apache.maven.surefire.booter.ForkedBooter.main(ForkedBooter.java:495)
15:17:20.168 [main] WARN com.tngtech.archunit.core.importer.ClassFileProcessor -- Error during import from jrt:/java.base/java/lang/reflect/AnnotatedElement.class, falling back to simple import
java.lang.IllegalArgumentException: Unsupported class file major version 68
	at com.tngtech.archunit.thirdparty.org.objectweb.asm.ClassReader.<init>(ClassReader.java:200)
	at com.tngtech.archunit.thirdparty.org.objectweb.asm.ClassReader.<init>(ClassReader.java:180)
	at com.tngtech.archunit.thirdparty.org.objectweb.asm.ClassReader.<init>(ClassReader.java:166)
	at com.tngtech.archunit.thirdparty.org.objectweb.asm.ClassReader.<init>(ClassReader.java:288)
	at com.tngtech.archunit.core.importer.ClassFileProcessor$UriImporterOfProcessor.tryImport(ClassFileProcessor.java:350)
	at com.tngtech.archunit.core.importer.resolvers.ClassResolverFromClasspath.tryResolve(ClassResolverFromClasspath.java:51)
	at com.tngtech.archunit.core.importer.ImportedClasses.resolve(ImportedClasses.java:80)
	at com.tngtech.archunit.core.importer.ImportedClasses.getOrResolve(ImportedClasses.java:67)
	at com.tngtech.archunit.core.importer.DomainBuilders$JavaMemberBuilder.get(DomainBuilders.java:179)
	at com.tngtech.archunit.core.importer.DomainBuilders$JavaCodeUnitBuilder.asJavaClasses(DomainBuilders.java:329)
	at com.tngtech.archunit.core.importer.DomainBuilders$JavaCodeUnitBuilder.getRawParameterTypes(DomainBuilders.java:303)
	at com.tngtech.archunit.core.domain.JavaCodeUnit$Parameters.<init>(JavaCodeUnit.java:317)
	at com.tngtech.archunit.core.domain.JavaCodeUnit.<init>(JavaCodeUnit.java:82)
	at com.tngtech.archunit.core.domain.JavaMethod.<init>(JavaMethod.java:44)
	at com.tngtech.archunit.core.domain.DomainObjectCreationContext.createJavaMethod(DomainObjectCreationContext.java:144)
	at com.tngtech.archunit.core.importer.DomainBuilders$JavaMethodBuilder.construct(DomainBuilders.java:373)
	at com.tngtech.archunit.core.importer.DomainBuilders$JavaMethodBuilder.construct(DomainBuilders.java:358)
	at com.tngtech.archunit.core.importer.DomainBuilders$JavaMemberBuilder.build(DomainBuilders.java:206)
	at com.tngtech.archunit.core.importer.DomainBuilders$JavaMemberBuilder.build(DomainBuilders.java:138)
	at com.tngtech.archunit.core.importer.DomainBuilders$BuilderWithBuildParameter$BuildFinisher.lambda$build$0(DomainBuilders.java:892)
	at java.base/java.util.stream.ReferencePipeline$3$1.accept(ReferencePipeline.java:215)
	at java.base/java.util.stream.ReferencePipeline$2$1.accept(ReferencePipeline.java:197)
	at java.base/java.util.HashMap$KeySpliterator.forEachRemaining(HashMap.java:1716)
	at java.base/java.util.stream.AbstractPipeline.copyInto(AbstractPipeline.java:570)
	at java.base/java.util.stream.AbstractPipeline.wrapAndCopyInto(AbstractPipeline.java:560)
	at java.base/java.util.stream.ReduceOps$ReduceOp.evaluateSequential(ReduceOps.java:921)
	at java.base/java.util.stream.AbstractPipeline.evaluate(AbstractPipeline.java:265)
	at java.base/java.util.stream.ReferencePipeline.collect(ReferencePipeline.java:727)
	at com.tngtech.archunit.core.importer.DomainBuilders$BuilderWithBuildParameter$BuildFinisher.build(DomainBuilders.java:892)
	at com.tngtech.archunit.core.importer.ClassGraphCreator.createMethods(ClassGraphCreator.java:322)
	at com.tngtech.archunit.core.domain.JavaClassMembers.create(JavaClassMembers.java:352)
	at com.tngtech.archunit.core.domain.JavaClass.completeMembers(JavaClass.java:1477)
	at com.tngtech.archunit.core.domain.DomainObjectCreationContext.completeMembers(DomainObjectCreationContext.java:96)
	at com.tngtech.archunit.core.importer.ClassGraphCreator.completeClasses(ClassGraphCreator.java:120)
	at com.tngtech.archunit.core.importer.ClassGraphCreator.complete(ClassGraphCreator.java:108)
	at com.tngtech.archunit.core.importer.ClassFileProcessor.process(ClassFileProcessor.java:75)
	at com.tngtech.archunit.core.importer.ClassFileImporter.importLocations(ClassFileImporter.java:325)
	at com.tngtech.archunit.junit.internal.ClassCache$CacheClassFileImporter.importClasses(ClassCache.java:126)
	at com.tngtech.archunit.junit.internal.ClassCache$LazyJavaClasses.initialize(ClassCache.java:118)
	at com.tngtech.archunit.junit.internal.ClassCache$LazyJavaClasses.get(ClassCache.java:107)
	at com.tngtech.archunit.junit.internal.ClassCache.getClassesToAnalyzeFor(ClassCache.java:84)
	at com.tngtech.archunit.junit.internal.ArchUnitTestDescriptor.lambda$createChildren$1(ArchUnitTestDescriptor.java:90)
	at com.tngtech.archunit.junit.internal.ArchUnitTestDescriptor$ArchUnitRuleDescriptor.execute(ArchUnitTestDescriptor.java:167)
	at com.tngtech.archunit.junit.internal.ArchUnitTestDescriptor$ArchUnitRuleDescriptor.execute(ArchUnitTestDescriptor.java:150)
	at org.junit.platform.engine.support.hierarchical.NodeTestTask.lambda$executeRecursively$6(NodeTestTask.java:156)
	at org.junit.platform.engine.support.hierarchical.ThrowableCollector.execute(ThrowableCollector.java:73)
	at org.junit.platform.engine.support.hierarchical.NodeTestTask.lambda$executeRecursively$8(NodeTestTask.java:146)
	at org.junit.platform.engine.support.hierarchical.Node.around(Node.java:137)
	at org.junit.platform.engine.support.hierarchical.NodeTestTask.lambda$executeRecursively$9(NodeTestTask.java:144)
	at org.junit.platform.engine.support.hierarchical.ThrowableCollector.execute(ThrowableCollector.java:73)
	at org.junit.platform.engine.support.hierarchical.NodeTestTask.executeRecursively(NodeTestTask.java:143)
	at org.junit.platform.engine.support.hierarchical.NodeTestTask.execute(NodeTestTask.java:100)
	at java.base/java.util.ArrayList.forEach(ArrayList.java:1604)
	at org.junit.platform.engine.support.hierarchical.SameThreadHierarchicalTestExecutorService.invokeAll(SameThreadHierarchicalTestExecutorService.java:41)
	at org.junit.platform.engine.support.hierarchical.NodeTestTask.lambda$executeRecursively$6(NodeTestTask.java:160)
	at org.junit.platform.engine.support.hierarchical.ThrowableCollector.execute(ThrowableCollector.java:73)
	at org.junit.platform.engine.support.hierarchical.NodeTestTask.lambda$executeRecursively$8(NodeTestTask.java:146)
	at org.junit.platform.engine.support.hierarchical.Node.around(Node.java:137)
	at org.junit.platform.engine.support.hierarchical.NodeTestTask.lambda$executeRecursively$9(NodeTestTask.java:144)
	at org.junit.platform.engine.support.hierarchical.ThrowableCollector.execute(ThrowableCollector.java:73)
	at org.junit.platform.engine.support.hierarchical.NodeTestTask.executeRecursively(NodeTestTask.java:143)
	at org.junit.platform.engine.support.hierarchical.NodeTestTask.execute(NodeTestTask.java:100)
	at java.base/java.util.ArrayList.forEach(ArrayList.java:1604)
	at org.junit.platform.engine.support.hierarchical.SameThreadHierarchicalTestExecutorService.invokeAll(SameThreadHierarchicalTestExecutorService.java:41)
	at org.junit.platform.engine.support.hierarchical.NodeTestTask.lambda$executeRecursively$6(NodeTestTask.java:160)
	at org.junit.platform.engine.support.hierarchical.ThrowableCollector.execute(ThrowableCollector.java:73)
	at org.junit.platform.engine.support.hierarchical.NodeTestTask.lambda$executeRecursively$8(NodeTestTask.java:146)
	at org.junit.platform.engine.support.hierarchical.Node.around(Node.java:137)
	at org.junit.platform.engine.support.hierarchical.NodeTestTask.lambda$executeRecursively$9(NodeTestTask.java:144)
	at org.junit.platform.engine.support.hierarchical.ThrowableCollector.execute(ThrowableCollector.java:73)
	at org.junit.platform.engine.support.hierarchical.NodeTestTask.executeRecursively(NodeTestTask.java:143)
	at org.junit.platform.engine.support.hierarchical.NodeTestTask.execute(NodeTestTask.java:100)
	at org.junit.platform.engine.support.hierarchical.SameThreadHierarchicalTestExecutorService.submit(SameThreadHierarchicalTestExecutorService.java:35)
	at org.junit.platform.engine.support.hierarchical.HierarchicalTestExecutor.execute(HierarchicalTestExecutor.java:57)
	at org.junit.platform.engine.support.hierarchical.HierarchicalTestEngine.execute(HierarchicalTestEngine.java:54)
	at org.junit.platform.launcher.core.EngineExecutionOrchestrator.execute(EngineExecutionOrchestrator.java:198)
	at org.junit.platform.launcher.core.EngineExecutionOrchestrator.execute(EngineExecutionOrchestrator.java:169)
	at org.junit.platform.launcher.core.EngineExecutionOrchestrator.execute(EngineExecutionOrchestrator.java:93)
	at org.junit.platform.launcher.core.EngineExecutionOrchestrator.lambda$execute$0(EngineExecutionOrchestrator.java:58)
	at org.junit.platform.launcher.core.EngineExecutionOrchestrator.withInterceptedStreams(EngineExecutionOrchestrator.java:141)
	at org.junit.platform.launcher.core.EngineExecutionOrchestrator.execute(EngineExecutionOrchestrator.java:57)
	at org.junit.platform.launcher.core.DefaultLauncher.execute(DefaultLauncher.java:103)
	at org.junit.platform.launcher.core.DefaultLauncher.execute(DefaultLauncher.java:85)
	at org.junit.platform.launcher.core.DelegatingLauncher.execute(DelegatingLauncher.java:47)
	at org.apache.maven.surefire.junitplatform.LazyLauncher.execute(LazyLauncher.java:56)
	at org.apache.maven.surefire.junitplatform.JUnitPlatformProvider.execute(JUnitPlatformProvider.java:184)
	at org.apache.maven.surefire.junitplatform.JUnitPlatformProvider.invokeAllTests(JUnitPlatformProvider.java:148)
	at org.apache.maven.surefire.junitplatform.JUnitPlatformProvider.invoke(JUnitPlatformProvider.java:122)
	at org.apache.maven.surefire.booter.ForkedBooter.runSuitesInProcess(ForkedBooter.java:385)
	at org.apache.maven.surefire.booter.ForkedBooter.execute(ForkedBooter.java:162)
	at org.apache.maven.surefire.booter.ForkedBooter.run(ForkedBooter.java:507)
	at org.apache.maven.surefire.booter.ForkedBooter.main(ForkedBooter.java:495)
15:17:20.179 [main] WARN com.tngtech.archunit.core.importer.ClassFileProcessor -- Error during import from jrt:/java.base/java/util/Properties.class, falling back to simple import
java.lang.IllegalArgumentException: Unsupported class file major version 68
	at com.tngtech.archunit.thirdparty.org.objectweb.asm.ClassReader.<init>(ClassReader.java:200)
	at com.tngtech.archunit.thirdparty.org.objectweb.asm.ClassReader.<init>(ClassReader.java:180)
	at com.tngtech.archunit.thirdparty.org.objectweb.asm.ClassReader.<init>(ClassReader.java:166)
	at com.tngtech.archunit.thirdparty.org.objectweb.asm.ClassReader.<init>(ClassReader.java:288)
	at com.tngtech.archunit.core.importer.ClassFileProcessor$UriImporterOfProcessor.tryImport(ClassFileProcessor.java:350)
	at com.tngtech.archunit.core.importer.resolvers.ClassResolverFromClasspath.tryResolve(ClassResolverFromClasspath.java:51)
	at com.tngtech.archunit.core.importer.ImportedClasses.resolve(ImportedClasses.java:80)
	at com.tngtech.archunit.core.importer.ImportedClasses.getOrResolve(ImportedClasses.java:67)
	at com.tngtech.archunit.core.importer.DomainBuilders$JavaMemberBuilder.get(DomainBuilders.java:179)
	at com.tngtech.archunit.core.importer.DomainBuilders$JavaCodeUnitBuilder.asJavaClasses(DomainBuilders.java:329)
	at com.tngtech.archunit.core.importer.DomainBuilders$JavaCodeUnitBuilder.getRawParameterTypes(DomainBuilders.java:303)
	at com.tngtech.archunit.core.domain.JavaCodeUnit$Parameters.<init>(JavaCodeUnit.java:317)
	at com.tngtech.archunit.core.domain.JavaCodeUnit.<init>(JavaCodeUnit.java:82)
	at com.tngtech.archunit.core.domain.JavaMethod.<init>(JavaMethod.java:44)
	at com.tngtech.archunit.core.domain.DomainObjectCreationContext.createJavaMethod(DomainObjectCreationContext.java:144)
	at com.tngtech.archunit.core.importer.DomainBuilders$JavaMethodBuilder.construct(DomainBuilders.java:373)
	at com.tngtech.archunit.core.importer.DomainBuilders$JavaMethodBuilder.construct(DomainBuilders.java:358)
	at com.tngtech.archunit.core.importer.DomainBuilders$JavaMemberBuilder.build(DomainBuilders.java:206)
	at com.tngtech.archunit.core.importer.DomainBuilders$JavaMemberBuilder.build(DomainBuilders.java:138)
	at com.tngtech.archunit.core.importer.DomainBuilders$BuilderWithBuildParameter$BuildFinisher.lambda$build$0(DomainBuilders.java:892)
	at java.base/java.util.stream.ReferencePipeline$3$1.accept(ReferencePipeline.java:215)
	at java.base/java.util.stream.ReferencePipeline$2$1.accept(ReferencePipeline.java:197)
	at java.base/java.util.HashMap$KeySpliterator.forEachRemaining(HashMap.java:1716)
	at java.base/java.util.stream.AbstractPipeline.copyInto(AbstractPipeline.java:570)
	at java.base/java.util.stream.AbstractPipeline.wrapAndCopyInto(AbstractPipeline.java:560)
	at java.base/java.util.stream.ReduceOps$ReduceOp.evaluateSequential(ReduceOps.java:921)
	at java.base/java.util.stream.AbstractPipeline.evaluate(AbstractPipeline.java:265)
	at java.base/java.util.stream.ReferencePipeline.collect(ReferencePipeline.java:727)
	at com.tngtech.archunit.core.importer.DomainBuilders$BuilderWithBuildParameter$BuildFinisher.build(DomainBuilders.java:892)
	at com.tngtech.archunit.core.importer.ClassGraphCreator.createMethods(ClassGraphCreator.java:322)
	at com.tngtech.archunit.core.domain.JavaClassMembers.create(JavaClassMembers.java:352)
	at com.tngtech.archunit.core.domain.JavaClass.completeMembers(JavaClass.java:1477)
	at com.tngtech.archunit.core.domain.DomainObjectCreationContext.completeMembers(DomainObjectCreationContext.java:96)
	at com.tngtech.archunit.core.importer.ClassGraphCreator.completeClasses(ClassGraphCreator.java:120)
	at com.tngtech.archunit.core.importer.ClassGraphCreator.complete(ClassGraphCreator.java:108)
	at com.tngtech.archunit.core.importer.ClassFileProcessor.process(ClassFileProcessor.java:75)
	at com.tngtech.archunit.core.importer.ClassFileImporter.importLocations(ClassFileImporter.java:325)
	at com.tngtech.archunit.junit.internal.ClassCache$CacheClassFileImporter.importClasses(ClassCache.java:126)
	at com.tngtech.archunit.junit.internal.ClassCache$LazyJavaClasses.initialize(ClassCache.java:118)
	at com.tngtech.archunit.junit.internal.ClassCache$LazyJavaClasses.get(ClassCache.java:107)
	at com.tngtech.archunit.junit.internal.ClassCache.getClassesToAnalyzeFor(ClassCache.java:84)
	at com.tngtech.archunit.junit.internal.ArchUnitTestDescriptor.lambda$createChildren$1(ArchUnitTestDescriptor.java:90)
	at com.tngtech.archunit.junit.internal.ArchUnitTestDescriptor$ArchUnitRuleDescriptor.execute(ArchUnitTestDescriptor.java:167)
	at com.tngtech.archunit.junit.internal.ArchUnitTestDescriptor$ArchUnitRuleDescriptor.execute(ArchUnitTestDescriptor.java:150)
	at org.junit.platform.engine.support.hierarchical.NodeTestTask.lambda$executeRecursively$6(NodeTestTask.java:156)
	at org.junit.platform.engine.support.hierarchical.ThrowableCollector.execute(ThrowableCollector.java:73)
	at org.junit.platform.engine.support.hierarchical.NodeTestTask.lambda$executeRecursively$8(NodeTestTask.java:146)
	at org.junit.platform.engine.support.hierarchical.Node.around(Node.java:137)
	at org.junit.platform.engine.support.hierarchical.NodeTestTask.lambda$executeRecursively$9(NodeTestTask.java:144)
	at org.junit.platform.engine.support.hierarchical.ThrowableCollector.execute(ThrowableCollector.java:73)
	at org.junit.platform.engine.support.hierarchical.NodeTestTask.executeRecursively(NodeTestTask.java:143)
	at org.junit.platform.engine.support.hierarchical.NodeTestTask.execute(NodeTestTask.java:100)
	at java.base/java.util.ArrayList.forEach(ArrayList.java:1604)
	at org.junit.platform.engine.support.hierarchical.SameThreadHierarchicalTestExecutorService.invokeAll(SameThreadHierarchicalTestExecutorService.java:41)
	at org.junit.platform.engine.support.hierarchical.NodeTestTask.lambda$executeRecursively$6(NodeTestTask.java:160)
	at org.junit.platform.engine.support.hierarchical.ThrowableCollector.execute(ThrowableCollector.java:73)
	at org.junit.platform.engine.support.hierarchical.NodeTestTask.lambda$executeRecursively$8(NodeTestTask.java:146)
	at org.junit.platform.engine.support.hierarchical.Node.around(Node.java:137)
	at org.junit.platform.engine.support.hierarchical.NodeTestTask.lambda$executeRecursively$9(NodeTestTask.java:144)
	at org.junit.platform.engine.support.hierarchical.ThrowableCollector.execute(ThrowableCollector.java:73)
	at org.junit.platform.engine.support.hierarchical.NodeTestTask.executeRecursively(NodeTestTask.java:143)
	at org.junit.platform.engine.support.hierarchical.NodeTestTask.execute(NodeTestTask.java:100)
	at java.base/java.util.ArrayList.forEach(ArrayList.java:1604)
	at org.junit.platform.engine.support.hierarchical.SameThreadHierarchicalTestExecutorService.invokeAll(SameThreadHierarchicalTestExecutorService.java:41)
	at org.junit.platform.engine.support.hierarchical.NodeTestTask.lambda$executeRecursively$6(NodeTestTask.java:160)
	at org.junit.platform.engine.support.hierarchical.ThrowableCollector.execute(ThrowableCollector.java:73)
	at org.junit.platform.engine.support.hierarchical.NodeTestTask.lambda$executeRecursively$8(NodeTestTask.java:146)
	at org.junit.platform.engine.support.hierarchical.Node.around(Node.java:137)
	at org.junit.platform.engine.support.hierarchical.NodeTestTask.lambda$executeRecursively$9(NodeTestTask.java:144)
	at org.junit.platform.engine.support.hierarchical.ThrowableCollector.execute(ThrowableCollector.java:73)
	at org.junit.platform.engine.support.hierarchical.NodeTestTask.executeRecursively(NodeTestTask.java:143)
	at org.junit.platform.engine.support.hierarchical.NodeTestTask.execute(NodeTestTask.java:100)
	at org.junit.platform.engine.support.hierarchical.SameThreadHierarchicalTestExecutorService.submit(SameThreadHierarchicalTestExecutorService.java:35)
	at org.junit.platform.engine.support.hierarchical.HierarchicalTestExecutor.execute(HierarchicalTestExecutor.java:57)
	at org.junit.platform.engine.support.hierarchical.HierarchicalTestEngine.execute(HierarchicalTestEngine.java:54)
	at org.junit.platform.launcher.core.EngineExecutionOrchestrator.execute(EngineExecutionOrchestrator.java:198)
	at org.junit.platform.launcher.core.EngineExecutionOrchestrator.execute(EngineExecutionOrchestrator.java:169)
	at org.junit.platform.launcher.core.EngineExecutionOrchestrator.execute(EngineExecutionOrchestrator.java:93)
	at org.junit.platform.launcher.core.EngineExecutionOrchestrator.lambda$execute$0(EngineExecutionOrchestrator.java:58)
	at org.junit.platform.launcher.core.EngineExecutionOrchestrator.withInterceptedStreams(EngineExecutionOrchestrator.java:141)
	at org.junit.platform.launcher.core.EngineExecutionOrchestrator.execute(EngineExecutionOrchestrator.java:57)
	at org.junit.platform.launcher.core.DefaultLauncher.execute(DefaultLauncher.java:103)
	at org.junit.platform.launcher.core.DefaultLauncher.execute(DefaultLauncher.java:85)
	at org.junit.platform.launcher.core.DelegatingLauncher.execute(DelegatingLauncher.java:47)
	at org.apache.maven.surefire.junitplatform.LazyLauncher.execute(LazyLauncher.java:56)
	at org.apache.maven.surefire.junitplatform.JUnitPlatformProvider.execute(JUnitPlatformProvider.java:184)
	at org.apache.maven.surefire.junitplatform.JUnitPlatformProvider.invokeAllTests(JUnitPlatformProvider.java:148)
	at org.apache.maven.surefire.junitplatform.JUnitPlatformProvider.invoke(JUnitPlatformProvider.java:122)
	at org.apache.maven.surefire.booter.ForkedBooter.runSuitesInProcess(ForkedBooter.java:385)
	at org.apache.maven.surefire.booter.ForkedBooter.execute(ForkedBooter.java:162)
	at org.apache.maven.surefire.booter.ForkedBooter.run(ForkedBooter.java:507)
	at org.apache.maven.surefire.booter.ForkedBooter.main(ForkedBooter.java:495)
15:17:20.180 [main] WARN com.tngtech.archunit.core.importer.ClassFileProcessor -- Error during import from jrt:/java.base/java/lang/Thread.class, falling back to simple import
java.lang.IllegalArgumentException: Unsupported class file major version 68
	at com.tngtech.archunit.thirdparty.org.objectweb.asm.ClassReader.<init>(ClassReader.java:200)
	at com.tngtech.archunit.thirdparty.org.objectweb.asm.ClassReader.<init>(ClassReader.java:180)
	at com.tngtech.archunit.thirdparty.org.objectweb.asm.ClassReader.<init>(ClassReader.java:166)
	at com.tngtech.archunit.thirdparty.org.objectweb.asm.ClassReader.<init>(ClassReader.java:288)
	at com.tngtech.archunit.core.importer.ClassFileProcessor$UriImporterOfProcessor.tryImport(ClassFileProcessor.java:350)
	at com.tngtech.archunit.core.importer.resolvers.ClassResolverFromClasspath.tryResolve(ClassResolverFromClasspath.java:51)
	at com.tngtech.archunit.core.importer.ImportedClasses.resolve(ImportedClasses.java:80)
	at com.tngtech.archunit.core.importer.ImportedClasses.getOrResolve(ImportedClasses.java:67)
	at com.tngtech.archunit.core.importer.DomainBuilders$JavaMemberBuilder.get(DomainBuilders.java:179)
	at com.tngtech.archunit.core.importer.DomainBuilders$JavaCodeUnitBuilder.asJavaClasses(DomainBuilders.java:329)
	at com.tngtech.archunit.core.importer.DomainBuilders$JavaCodeUnitBuilder.getRawParameterTypes(DomainBuilders.java:303)
	at com.tngtech.archunit.core.domain.JavaCodeUnit$Parameters.<init>(JavaCodeUnit.java:317)
	at com.tngtech.archunit.core.domain.JavaCodeUnit.<init>(JavaCodeUnit.java:82)
	at com.tngtech.archunit.core.domain.JavaMethod.<init>(JavaMethod.java:44)
	at com.tngtech.archunit.core.domain.DomainObjectCreationContext.createJavaMethod(DomainObjectCreationContext.java:144)
	at com.tngtech.archunit.core.importer.DomainBuilders$JavaMethodBuilder.construct(DomainBuilders.java:373)
	at com.tngtech.archunit.core.importer.DomainBuilders$JavaMethodBuilder.construct(DomainBuilders.java:358)
	at com.tngtech.archunit.core.importer.DomainBuilders$JavaMemberBuilder.build(DomainBuilders.java:206)
	at com.tngtech.archunit.core.importer.DomainBuilders$JavaMemberBuilder.build(DomainBuilders.java:138)
	at com.tngtech.archunit.core.importer.DomainBuilders$BuilderWithBuildParameter$BuildFinisher.lambda$build$0(DomainBuilders.java:892)
	at java.base/java.util.stream.ReferencePipeline$3$1.accept(ReferencePipeline.java:215)
	at java.base/java.util.stream.ReferencePipeline$2$1.accept(ReferencePipeline.java:197)
	at java.base/java.util.HashMap$KeySpliterator.forEachRemaining(HashMap.java:1716)
	at java.base/java.util.stream.AbstractPipeline.copyInto(AbstractPipeline.java:570)
	at java.base/java.util.stream.AbstractPipeline.wrapAndCopyInto(AbstractPipeline.java:560)
	at java.base/java.util.stream.ReduceOps$ReduceOp.evaluateSequential(ReduceOps.java:921)
	at java.base/java.util.stream.AbstractPipeline.evaluate(AbstractPipeline.java:265)
	at java.base/java.util.stream.ReferencePipeline.collect(ReferencePipeline.java:727)
	at com.tngtech.archunit.core.importer.DomainBuilders$BuilderWithBuildParameter$BuildFinisher.build(DomainBuilders.java:892)
	at com.tngtech.archunit.core.importer.ClassGraphCreator.createMethods(ClassGraphCreator.java:322)
	at com.tngtech.archunit.core.domain.JavaClassMembers.create(JavaClassMembers.java:352)
	at com.tngtech.archunit.core.domain.JavaClass.completeMembers(JavaClass.java:1477)
	at com.tngtech.archunit.core.domain.DomainObjectCreationContext.completeMembers(DomainObjectCreationContext.java:96)
	at com.tngtech.archunit.core.importer.ClassGraphCreator.completeClasses(ClassGraphCreator.java:120)
	at com.tngtech.archunit.core.importer.ClassGraphCreator.complete(ClassGraphCreator.java:108)
	at com.tngtech.archunit.core.importer.ClassFileProcessor.process(ClassFileProcessor.java:75)
	at com.tngtech.archunit.core.importer.ClassFileImporter.importLocations(ClassFileImporter.java:325)
	at com.tngtech.archunit.junit.internal.ClassCache$CacheClassFileImporter.importClasses(ClassCache.java:126)
	at com.tngtech.archunit.junit.internal.ClassCache$LazyJavaClasses.initialize(ClassCache.java:118)
	at com.tngtech.archunit.junit.internal.ClassCache$LazyJavaClasses.get(ClassCache.java:107)
	at com.tngtech.archunit.junit.internal.ClassCache.getClassesToAnalyzeFor(ClassCache.java:84)
	at com.tngtech.archunit.junit.internal.ArchUnitTestDescriptor.lambda$createChildren$1(ArchUnitTestDescriptor.java:90)
	at com.tngtech.archunit.junit.internal.ArchUnitTestDescriptor$ArchUnitRuleDescriptor.execute(ArchUnitTestDescriptor.java:167)
	at com.tngtech.archunit.junit.internal.ArchUnitTestDescriptor$ArchUnitRuleDescriptor.execute(ArchUnitTestDescriptor.java:150)
	at org.junit.platform.engine.support.hierarchical.NodeTestTask.lambda$executeRecursively$6(NodeTestTask.java:156)
	at org.junit.platform.engine.support.hierarchical.ThrowableCollector.execute(ThrowableCollector.java:73)
	at org.junit.platform.engine.support.hierarchical.NodeTestTask.lambda$executeRecursively$8(NodeTestTask.java:146)
	at org.junit.platform.engine.support.hierarchical.Node.around(Node.java:137)
	at org.junit.platform.engine.support.hierarchical.NodeTestTask.lambda$executeRecursively$9(NodeTestTask.java:144)
	at org.junit.platform.engine.support.hierarchical.ThrowableCollector.execute(ThrowableCollector.java:73)
	at org.junit.platform.engine.support.hierarchical.NodeTestTask.executeRecursively(NodeTestTask.java:143)
	at org.junit.platform.engine.support.hierarchical.NodeTestTask.execute(NodeTestTask.java:100)
	at java.base/java.util.ArrayList.forEach(ArrayList.java:1604)
	at org.junit.platform.engine.support.hierarchical.SameThreadHierarchicalTestExecutorService.invokeAll(SameThreadHierarchicalTestExecutorService.java:41)
	at org.junit.platform.engine.support.hierarchical.NodeTestTask.lambda$executeRecursively$6(NodeTestTask.java:160)
	at org.junit.platform.engine.support.hierarchical.ThrowableCollector.execute(ThrowableCollector.java:73)
	at org.junit.platform.engine.support.hierarchical.NodeTestTask.lambda$executeRecursively$8(NodeTestTask.java:146)
	at org.junit.platform.engine.support.hierarchical.Node.around(Node.java:137)
	at org.junit.platform.engine.support.hierarchical.NodeTestTask.lambda$executeRecursively$9(NodeTestTask.java:144)
	at org.junit.platform.engine.support.hierarchical.ThrowableCollector.execute(ThrowableCollector.java:73)
	at org.junit.platform.engine.support.hierarchical.NodeTestTask.executeRecursively(NodeTestTask.java:143)
	at org.junit.platform.engine.support.hierarchical.NodeTestTask.execute(NodeTestTask.java:100)
	at java.base/java.util.ArrayList.forEach(ArrayList.java:1604)
	at org.junit.platform.engine.support.hierarchical.SameThreadHierarchicalTestExecutorService.invokeAll(SameThreadHierarchicalTestExecutorService.java:41)
	at org.junit.platform.engine.support.hierarchical.NodeTestTask.lambda$executeRecursively$6(NodeTestTask.java:160)
	at org.junit.platform.engine.support.hierarchical.ThrowableCollector.execute(ThrowableCollector.java:73)
	at org.junit.platform.engine.support.hierarchical.NodeTestTask.lambda$executeRecursively$8(NodeTestTask.java:146)
	at org.junit.platform.engine.support.hierarchical.Node.around(Node.java:137)
	at org.junit.platform.engine.support.hierarchical.NodeTestTask.lambda$executeRecursively$9(NodeTestTask.java:144)
	at org.junit.platform.engine.support.hierarchical.ThrowableCollector.execute(ThrowableCollector.java:73)
	at org.junit.platform.engine.support.hierarchical.NodeTestTask.executeRecursively(NodeTestTask.java:143)
	at org.junit.platform.engine.support.hierarchical.NodeTestTask.execute(NodeTestTask.java:100)
	at org.junit.platform.engine.support.hierarchical.SameThreadHierarchicalTestExecutorService.submit(SameThreadHierarchicalTestExecutorService.java:35)
	at org.junit.platform.engine.support.hierarchical.HierarchicalTestExecutor.execute(HierarchicalTestExecutor.java:57)
	at org.junit.platform.engine.support.hierarchical.HierarchicalTestEngine.execute(HierarchicalTestEngine.java:54)
	at org.junit.platform.launcher.core.EngineExecutionOrchestrator.execute(EngineExecutionOrchestrator.java:198)
	at org.junit.platform.launcher.core.EngineExecutionOrchestrator.execute(EngineExecutionOrchestrator.java:169)
	at org.junit.platform.launcher.core.EngineExecutionOrchestrator.execute(EngineExecutionOrchestrator.java:93)
	at org.junit.platform.launcher.core.EngineExecutionOrchestrator.lambda$execute$0(EngineExecutionOrchestrator.java:58)
	at org.junit.platform.launcher.core.EngineExecutionOrchestrator.withInterceptedStreams(EngineExecutionOrchestrator.java:141)
	at org.junit.platform.launcher.core.EngineExecutionOrchestrator.execute(EngineExecutionOrchestrator.java:57)
	at org.junit.platform.launcher.core.DefaultLauncher.execute(DefaultLauncher.java:103)
	at org.junit.platform.launcher.core.DefaultLauncher.execute(DefaultLauncher.java:85)
	at org.junit.platform.launcher.core.DelegatingLauncher.execute(DelegatingLauncher.java:47)
	at org.apache.maven.surefire.junitplatform.LazyLauncher.execute(LazyLauncher.java:56)
	at org.apache.maven.surefire.junitplatform.JUnitPlatformProvider.execute(JUnitPlatformProvider.java:184)
	at org.apache.maven.surefire.junitplatform.JUnitPlatformProvider.invokeAllTests(JUnitPlatformProvider.java:148)
	at org.apache.maven.surefire.junitplatform.JUnitPlatformProvider.invoke(JUnitPlatformProvider.java:122)
	at org.apache.maven.surefire.booter.ForkedBooter.runSuitesInProcess(ForkedBooter.java:385)
	at org.apache.maven.surefire.booter.ForkedBooter.execute(ForkedBooter.java:162)
	at org.apache.maven.surefire.booter.ForkedBooter.run(ForkedBooter.java:507)
	at org.apache.maven.surefire.booter.ForkedBooter.main(ForkedBooter.java:495)
15:17:20.197 [main] WARN com.tngtech.archunit.core.importer.ClassFileProcessor -- Error during import from jrt:/java.base/java/util/stream/Collector.class, falling back to simple import
java.lang.IllegalArgumentException: Unsupported class file major version 68
	at com.tngtech.archunit.thirdparty.org.objectweb.asm.ClassReader.<init>(ClassReader.java:200)
	at com.tngtech.archunit.thirdparty.org.objectweb.asm.ClassReader.<init>(ClassReader.java:180)
	at com.tngtech.archunit.thirdparty.org.objectweb.asm.ClassReader.<init>(ClassReader.java:166)
	at com.tngtech.archunit.thirdparty.org.objectweb.asm.ClassReader.<init>(ClassReader.java:288)
	at com.tngtech.archunit.core.importer.ClassFileProcessor$UriImporterOfProcessor.tryImport(ClassFileProcessor.java:350)
	at com.tngtech.archunit.core.importer.resolvers.ClassResolverFromClasspath.tryResolve(ClassResolverFromClasspath.java:51)
	at com.tngtech.archunit.core.importer.ImportedClasses.resolve(ImportedClasses.java:80)
	at com.tngtech.archunit.core.importer.ImportedClasses.getOrResolve(ImportedClasses.java:67)
	at com.tngtech.archunit.core.importer.DomainBuilders$JavaMemberBuilder.get(DomainBuilders.java:179)
	at com.tngtech.archunit.core.importer.DomainBuilders$JavaCodeUnitBuilder.getRawReturnType(DomainBuilders.java:289)
	at com.tngtech.archunit.core.domain.JavaCodeUnit$ReturnType.<init>(JavaCodeUnit.java:367)
	at com.tngtech.archunit.core.domain.JavaCodeUnit.<init>(JavaCodeUnit.java:81)
	at com.tngtech.archunit.core.domain.JavaMethod.<init>(JavaMethod.java:44)
	at com.tngtech.archunit.core.domain.DomainObjectCreationContext.createJavaMethod(DomainObjectCreationContext.java:144)
	at com.tngtech.archunit.core.importer.DomainBuilders$JavaMethodBuilder.construct(DomainBuilders.java:373)
	at com.tngtech.archunit.core.importer.DomainBuilders$JavaMethodBuilder.construct(DomainBuilders.java:358)
	at com.tngtech.archunit.core.importer.DomainBuilders$JavaMemberBuilder.build(DomainBuilders.java:206)
	at com.tngtech.archunit.core.importer.DomainBuilders$JavaMemberBuilder.build(DomainBuilders.java:138)
	at com.tngtech.archunit.core.importer.DomainBuilders$BuilderWithBuildParameter$BuildFinisher.lambda$build$0(DomainBuilders.java:892)
	at java.base/java.util.stream.ReferencePipeline$3$1.accept(ReferencePipeline.java:215)
	at java.base/java.util.stream.ReferencePipeline$2$1.accept(ReferencePipeline.java:197)
	at java.base/java.util.HashMap$KeySpliterator.forEachRemaining(HashMap.java:1716)
	at java.base/java.util.stream.AbstractPipeline.copyInto(AbstractPipeline.java:570)
	at java.base/java.util.stream.AbstractPipeline.wrapAndCopyInto(AbstractPipeline.java:560)
	at java.base/java.util.stream.ReduceOps$ReduceOp.evaluateSequential(ReduceOps.java:921)
	at java.base/java.util.stream.AbstractPipeline.evaluate(AbstractPipeline.java:265)
	at java.base/java.util.stream.ReferencePipeline.collect(ReferencePipeline.java:727)
	at com.tngtech.archunit.core.importer.DomainBuilders$BuilderWithBuildParameter$BuildFinisher.build(DomainBuilders.java:892)
	at com.tngtech.archunit.core.importer.ClassGraphCreator.createMethods(ClassGraphCreator.java:322)
	at com.tngtech.archunit.core.domain.JavaClassMembers.create(JavaClassMembers.java:352)
	at com.tngtech.archunit.core.domain.JavaClass.completeMembers(JavaClass.java:1477)
	at com.tngtech.archunit.core.domain.DomainObjectCreationContext.completeMembers(DomainObjectCreationContext.java:96)
	at com.tngtech.archunit.core.importer.ClassGraphCreator.completeClasses(ClassGraphCreator.java:120)
	at com.tngtech.archunit.core.importer.ClassGraphCreator.complete(ClassGraphCreator.java:108)
	at com.tngtech.archunit.core.importer.ClassFileProcessor.process(ClassFileProcessor.java:75)
	at com.tngtech.archunit.core.importer.ClassFileImporter.importLocations(ClassFileImporter.java:325)
	at com.tngtech.archunit.junit.internal.ClassCache$CacheClassFileImporter.importClasses(ClassCache.java:126)
	at com.tngtech.archunit.junit.internal.ClassCache$LazyJavaClasses.initialize(ClassCache.java:118)
	at com.tngtech.archunit.junit.internal.ClassCache$LazyJavaClasses.get(ClassCache.java:107)
	at com.tngtech.archunit.junit.internal.ClassCache.getClassesToAnalyzeFor(ClassCache.java:84)
	at com.tngtech.archunit.junit.internal.ArchUnitTestDescriptor.lambda$createChildren$1(ArchUnitTestDescriptor.java:90)
	at com.tngtech.archunit.junit.internal.ArchUnitTestDescriptor$ArchUnitRuleDescriptor.execute(ArchUnitTestDescriptor.java:167)
	at com.tngtech.archunit.junit.internal.ArchUnitTestDescriptor$ArchUnitRuleDescriptor.execute(ArchUnitTestDescriptor.java:150)
	at org.junit.platform.engine.support.hierarchical.NodeTestTask.lambda$executeRecursively$6(NodeTestTask.java:156)
	at org.junit.platform.engine.support.hierarchical.ThrowableCollector.execute(ThrowableCollector.java:73)
	at org.junit.platform.engine.support.hierarchical.NodeTestTask.lambda$executeRecursively$8(NodeTestTask.java:146)
	at org.junit.platform.engine.support.hierarchical.Node.around(Node.java:137)
	at org.junit.platform.engine.support.hierarchical.NodeTestTask.lambda$executeRecursively$9(NodeTestTask.java:144)
	at org.junit.platform.engine.support.hierarchical.ThrowableCollector.execute(ThrowableCollector.java:73)
	at org.junit.platform.engine.support.hierarchical.NodeTestTask.executeRecursively(NodeTestTask.java:143)
	at org.junit.platform.engine.support.hierarchical.NodeTestTask.execute(NodeTestTask.java:100)
	at java.base/java.util.ArrayList.forEach(ArrayList.java:1604)
	at org.junit.platform.engine.support.hierarchical.SameThreadHierarchicalTestExecutorService.invokeAll(SameThreadHierarchicalTestExecutorService.java:41)
	at org.junit.platform.engine.support.hierarchical.NodeTestTask.lambda$executeRecursively$6(NodeTestTask.java:160)
	at org.junit.platform.engine.support.hierarchical.ThrowableCollector.execute(ThrowableCollector.java:73)
	at org.junit.platform.engine.support.hierarchical.NodeTestTask.lambda$executeRecursively$8(NodeTestTask.java:146)
	at org.junit.platform.engine.support.hierarchical.Node.around(Node.java:137)
	at org.junit.platform.engine.support.hierarchical.NodeTestTask.lambda$executeRecursively$9(NodeTestTask.java:144)
	at org.junit.platform.engine.support.hierarchical.ThrowableCollector.execute(ThrowableCollector.java:73)
	at org.junit.platform.engine.support.hierarchical.NodeTestTask.executeRecursively(NodeTestTask.java:143)
	at org.junit.platform.engine.support.hierarchical.NodeTestTask.execute(NodeTestTask.java:100)
	at java.base/java.util.ArrayList.forEach(ArrayList.java:1604)
	at org.junit.platform.engine.support.hierarchical.SameThreadHierarchicalTestExecutorService.invokeAll(SameThreadHierarchicalTestExecutorService.java:41)
	at org.junit.platform.engine.support.hierarchical.NodeTestTask.lambda$executeRecursively$6(NodeTestTask.java:160)
	at org.junit.platform.engine.support.hierarchical.ThrowableCollector.execute(ThrowableCollector.java:73)
	at org.junit.platform.engine.support.hierarchical.NodeTestTask.lambda$executeRecursively$8(NodeTestTask.java:146)
	at org.junit.platform.engine.support.hierarchical.Node.around(Node.java:137)
	at org.junit.platform.engine.support.hierarchical.NodeTestTask.lambda$executeRecursively$9(NodeTestTask.java:144)
	at org.junit.platform.engine.support.hierarchical.ThrowableCollector.execute(ThrowableCollector.java:73)
	at org.junit.platform.engine.support.hierarchical.NodeTestTask.executeRecursively(NodeTestTask.java:143)
	at org.junit.platform.engine.support.hierarchical.NodeTestTask.execute(NodeTestTask.java:100)
	at org.junit.platform.engine.support.hierarchical.SameThreadHierarchicalTestExecutorService.submit(SameThreadHierarchicalTestExecutorService.java:35)
	at org.junit.platform.engine.support.hierarchical.HierarchicalTestExecutor.execute(HierarchicalTestExecutor.java:57)
	at org.junit.platform.engine.support.hierarchical.HierarchicalTestEngine.execute(HierarchicalTestEngine.java:54)
	at org.junit.platform.launcher.core.EngineExecutionOrchestrator.execute(EngineExecutionOrchestrator.java:198)
	at org.junit.platform.launcher.core.EngineExecutionOrchestrator.execute(EngineExecutionOrchestrator.java:169)
	at org.junit.platform.launcher.core.EngineExecutionOrchestrator.execute(EngineExecutionOrchestrator.java:93)
	at org.junit.platform.launcher.core.EngineExecutionOrchestrator.lambda$execute$0(EngineExecutionOrchestrator.java:58)
	at org.junit.platform.launcher.core.EngineExecutionOrchestrator.withInterceptedStreams(EngineExecutionOrchestrator.java:141)
	at org.junit.platform.launcher.core.EngineExecutionOrchestrator.execute(EngineExecutionOrchestrator.java:57)
	at org.junit.platform.launcher.core.DefaultLauncher.execute(DefaultLauncher.java:103)
	at org.junit.platform.launcher.core.DefaultLauncher.execute(DefaultLauncher.java:85)
	at org.junit.platform.launcher.core.DelegatingLauncher.execute(DelegatingLauncher.java:47)
	at org.apache.maven.surefire.junitplatform.LazyLauncher.execute(LazyLauncher.java:56)
	at org.apache.maven.surefire.junitplatform.JUnitPlatformProvider.execute(JUnitPlatformProvider.java:184)
	at org.apache.maven.surefire.junitplatform.JUnitPlatformProvider.invokeAllTests(JUnitPlatformProvider.java:148)
	at org.apache.maven.surefire.junitplatform.JUnitPlatformProvider.invoke(JUnitPlatformProvider.java:122)
	at org.apache.maven.surefire.booter.ForkedBooter.runSuitesInProcess(ForkedBooter.java:385)
	at org.apache.maven.surefire.booter.ForkedBooter.execute(ForkedBooter.java:162)
	at org.apache.maven.surefire.booter.ForkedBooter.run(ForkedBooter.java:507)
	at org.apache.maven.surefire.booter.ForkedBooter.main(ForkedBooter.java:495)
15:17:20.314 [main] WARN com.tngtech.archunit.core.importer.ClassFileProcessor -- Error during import from jrt:/java.base/java/time/temporal/TemporalAccessor.class, falling back to simple import
java.lang.IllegalArgumentException: Unsupported class file major version 68
	at com.tngtech.archunit.thirdparty.org.objectweb.asm.ClassReader.<init>(ClassReader.java:200)
	at com.tngtech.archunit.thirdparty.org.objectweb.asm.ClassReader.<init>(ClassReader.java:180)
	at com.tngtech.archunit.thirdparty.org.objectweb.asm.ClassReader.<init>(ClassReader.java:166)
	at com.tngtech.archunit.thirdparty.org.objectweb.asm.ClassReader.<init>(ClassReader.java:288)
	at com.tngtech.archunit.core.importer.ClassFileProcessor$UriImporterOfProcessor.tryImport(ClassFileProcessor.java:350)
	at com.tngtech.archunit.core.importer.resolvers.ClassResolverFromClasspath.tryResolve(ClassResolverFromClasspath.java:51)
	at com.tngtech.archunit.core.importer.ImportedClasses.resolve(ImportedClasses.java:80)
	at com.tngtech.archunit.core.importer.ImportedClasses.getOrResolve(ImportedClasses.java:67)
	at com.tngtech.archunit.core.importer.AccessRecord$Factory.getArgumentTypesFrom(AccessRecord.java:300)
	at com.tngtech.archunit.core.importer.AccessRecord$Factory.access$700(AccessRecord.java:67)
	at com.tngtech.archunit.core.importer.AccessRecord$Factory$MethodAccessTargetFactory.create(AccessRecord.java:182)
	at com.tngtech.archunit.core.importer.AccessRecord$Factory$MethodAccessTargetFactory.create(AccessRecord.java:172)
	at com.tngtech.archunit.core.importer.AccessRecord$Factory$RawAccessRecordProcessed.getTarget(AccessRecord.java:260)
	at com.tngtech.archunit.core.importer.ClassGraphCreator.accessBuilderFrom(ClassGraphCreator.java:251)
	at com.tngtech.archunit.core.importer.ClassGraphCreator.createMethodReferencesFor(ClassGraphCreator.java:225)
	at com.tngtech.archunit.core.domain.JavaCodeUnit.completeFrom(JavaCodeUnit.java:295)
	at com.tngtech.archunit.core.domain.JavaClassMembers.completeFrom(JavaClassMembers.java:323)
	at com.tngtech.archunit.core.domain.JavaClass.completeFrom(JavaClass.java:1489)
	at com.tngtech.archunit.core.domain.JavaClasses.of(JavaClasses.java:203)
	at com.tngtech.archunit.core.domain.DomainObjectCreationContext.createJavaClasses(DomainObjectCreationContext.java:68)
	at com.tngtech.archunit.core.importer.ClassGraphCreator.complete(ClassGraphCreator.java:110)
	at com.tngtech.archunit.core.importer.ClassFileProcessor.process(ClassFileProcessor.java:75)
	at com.tngtech.archunit.core.importer.ClassFileImporter.importLocations(ClassFileImporter.java:325)
	at com.tngtech.archunit.junit.internal.ClassCache$CacheClassFileImporter.importClasses(ClassCache.java:126)
	at com.tngtech.archunit.junit.internal.ClassCache$LazyJavaClasses.initialize(ClassCache.java:118)
	at com.tngtech.archunit.junit.internal.ClassCache$LazyJavaClasses.get(ClassCache.java:107)
	at com.tngtech.archunit.junit.internal.ClassCache.getClassesToAnalyzeFor(ClassCache.java:84)
	at com.tngtech.archunit.junit.internal.ArchUnitTestDescriptor.lambda$createChildren$1(ArchUnitTestDescriptor.java:90)
	at com.tngtech.archunit.junit.internal.ArchUnitTestDescriptor$ArchUnitRuleDescriptor.execute(ArchUnitTestDescriptor.java:167)
	at com.tngtech.archunit.junit.internal.ArchUnitTestDescriptor$ArchUnitRuleDescriptor.execute(ArchUnitTestDescriptor.java:150)
	at org.junit.platform.engine.support.hierarchical.NodeTestTask.lambda$executeRecursively$6(NodeTestTask.java:156)
	at org.junit.platform.engine.support.hierarchical.ThrowableCollector.execute(ThrowableCollector.java:73)
	at org.junit.platform.engine.support.hierarchical.NodeTestTask.lambda$executeRecursively$8(NodeTestTask.java:146)
	at org.junit.platform.engine.support.hierarchical.Node.around(Node.java:137)
	at org.junit.platform.engine.support.hierarchical.NodeTestTask.lambda$executeRecursively$9(NodeTestTask.java:144)
	at org.junit.platform.engine.support.hierarchical.ThrowableCollector.execute(ThrowableCollector.java:73)
	at org.junit.platform.engine.support.hierarchical.NodeTestTask.executeRecursively(NodeTestTask.java:143)
	at org.junit.platform.engine.support.hierarchical.NodeTestTask.execute(NodeTestTask.java:100)
	at java.base/java.util.ArrayList.forEach(ArrayList.java:1604)
	at org.junit.platform.engine.support.hierarchical.SameThreadHierarchicalTestExecutorService.invokeAll(SameThreadHierarchicalTestExecutorService.java:41)
	at org.junit.platform.engine.support.hierarchical.NodeTestTask.lambda$executeRecursively$6(NodeTestTask.java:160)
	at org.junit.platform.engine.support.hierarchical.ThrowableCollector.execute(ThrowableCollector.java:73)
	at org.junit.platform.engine.support.hierarchical.NodeTestTask.lambda$executeRecursively$8(NodeTestTask.java:146)
	at org.junit.platform.engine.support.hierarchical.Node.around(Node.java:137)
	at org.junit.platform.engine.support.hierarchical.NodeTestTask.lambda$executeRecursively$9(NodeTestTask.java:144)
	at org.junit.platform.engine.support.hierarchical.ThrowableCollector.execute(ThrowableCollector.java:73)
	at org.junit.platform.engine.support.hierarchical.NodeTestTask.executeRecursively(NodeTestTask.java:143)
	at org.junit.platform.engine.support.hierarchical.NodeTestTask.execute(NodeTestTask.java:100)
	at java.base/java.util.ArrayList.forEach(ArrayList.java:1604)
	at org.junit.platform.engine.support.hierarchical.SameThreadHierarchicalTestExecutorService.invokeAll(SameThreadHierarchicalTestExecutorService.java:41)
	at org.junit.platform.engine.support.hierarchical.NodeTestTask.lambda$executeRecursively$6(NodeTestTask.java:160)
	at org.junit.platform.engine.support.hierarchical.ThrowableCollector.execute(ThrowableCollector.java:73)
	at org.junit.platform.engine.support.hierarchical.NodeTestTask.lambda$executeRecursively$8(NodeTestTask.java:146)
	at org.junit.platform.engine.support.hierarchical.Node.around(Node.java:137)
	at org.junit.platform.engine.support.hierarchical.NodeTestTask.lambda$executeRecursively$9(NodeTestTask.java:144)
	at org.junit.platform.engine.support.hierarchical.ThrowableCollector.execute(ThrowableCollector.java:73)
	at org.junit.platform.engine.support.hierarchical.NodeTestTask.executeRecursively(NodeTestTask.java:143)
	at org.junit.platform.engine.support.hierarchical.NodeTestTask.execute(NodeTestTask.java:100)
	at org.junit.platform.engine.support.hierarchical.SameThreadHierarchicalTestExecutorService.submit(SameThreadHierarchicalTestExecutorService.java:35)
	at org.junit.platform.engine.support.hierarchical.HierarchicalTestExecutor.execute(HierarchicalTestExecutor.java:57)
	at org.junit.platform.engine.support.hierarchical.HierarchicalTestEngine.execute(HierarchicalTestEngine.java:54)
	at org.junit.platform.launcher.core.EngineExecutionOrchestrator.execute(EngineExecutionOrchestrator.java:198)
	at org.junit.platform.launcher.core.EngineExecutionOrchestrator.execute(EngineExecutionOrchestrator.java:169)
	at org.junit.platform.launcher.core.EngineExecutionOrchestrator.execute(EngineExecutionOrchestrator.java:93)
	at org.junit.platform.launcher.core.EngineExecutionOrchestrator.lambda$execute$0(EngineExecutionOrchestrator.java:58)
	at org.junit.platform.launcher.core.EngineExecutionOrchestrator.withInterceptedStreams(EngineExecutionOrchestrator.java:141)
	at org.junit.platform.launcher.core.EngineExecutionOrchestrator.execute(EngineExecutionOrchestrator.java:57)
	at org.junit.platform.launcher.core.DefaultLauncher.execute(DefaultLauncher.java:103)
	at org.junit.platform.launcher.core.DefaultLauncher.execute(DefaultLauncher.java:85)
	at org.junit.platform.launcher.core.DelegatingLauncher.execute(DelegatingLauncher.java:47)
	at org.apache.maven.surefire.junitplatform.LazyLauncher.execute(LazyLauncher.java:56)
	at org.apache.maven.surefire.junitplatform.JUnitPlatformProvider.execute(JUnitPlatformProvider.java:184)
	at org.apache.maven.surefire.junitplatform.JUnitPlatformProvider.invokeAllTests(JUnitPlatformProvider.java:148)
	at org.apache.maven.surefire.junitplatform.JUnitPlatformProvider.invoke(JUnitPlatformProvider.java:122)
	at org.apache.maven.surefire.booter.ForkedBooter.runSuitesInProcess(ForkedBooter.java:385)
	at org.apache.maven.surefire.booter.ForkedBooter.execute(ForkedBooter.java:162)
	at org.apache.maven.surefire.booter.ForkedBooter.run(ForkedBooter.java:507)
	at org.apache.maven.surefire.booter.ForkedBooter.main(ForkedBooter.java:495)
15:17:20.315 [main] WARN com.tngtech.archunit.core.importer.ClassFileProcessor -- Error during import from jrt:/java.base/java/time/ZoneId.class, falling back to simple import
java.lang.IllegalArgumentException: Unsupported class file major version 68
	at com.tngtech.archunit.thirdparty.org.objectweb.asm.ClassReader.<init>(ClassReader.java:200)
	at com.tngtech.archunit.thirdparty.org.objectweb.asm.ClassReader.<init>(ClassReader.java:180)
	at com.tngtech.archunit.thirdparty.org.objectweb.asm.ClassReader.<init>(ClassReader.java:166)
	at com.tngtech.archunit.thirdparty.org.objectweb.asm.ClassReader.<init>(ClassReader.java:288)
	at com.tngtech.archunit.core.importer.ClassFileProcessor$UriImporterOfProcessor.tryImport(ClassFileProcessor.java:350)
	at com.tngtech.archunit.core.importer.resolvers.ClassResolverFromClasspath.tryResolve(ClassResolverFromClasspath.java:51)
	at com.tngtech.archunit.core.importer.ImportedClasses.resolve(ImportedClasses.java:80)
	at com.tngtech.archunit.core.importer.ImportedClasses.getOrResolve(ImportedClasses.java:67)
	at com.tngtech.archunit.core.importer.AccessRecord$Factory$MethodAccessTargetFactory.create(AccessRecord.java:183)
	at com.tngtech.archunit.core.importer.AccessRecord$Factory$MethodAccessTargetFactory.create(AccessRecord.java:172)
	at com.tngtech.archunit.core.importer.AccessRecord$Factory$RawAccessRecordProcessed.getTarget(AccessRecord.java:260)
	at com.tngtech.archunit.core.importer.ClassGraphCreator.accessBuilderFrom(ClassGraphCreator.java:251)
	at com.tngtech.archunit.core.importer.ClassGraphCreator.createMethodCallsFor(ClassGraphCreator.java:203)
	at com.tngtech.archunit.core.domain.JavaCodeUnit.completeFrom(JavaCodeUnit.java:293)
	at com.tngtech.archunit.core.domain.JavaClassMembers.completeFrom(JavaClassMembers.java:323)
	at com.tngtech.archunit.core.domain.JavaClass.completeFrom(JavaClass.java:1489)
	at com.tngtech.archunit.core.domain.JavaClasses.of(JavaClasses.java:203)
	at com.tngtech.archunit.core.domain.DomainObjectCreationContext.createJavaClasses(DomainObjectCreationContext.java:68)
	at com.tngtech.archunit.core.importer.ClassGraphCreator.complete(ClassGraphCreator.java:110)
	at com.tngtech.archunit.core.importer.ClassFileProcessor.process(ClassFileProcessor.java:75)
	at com.tngtech.archunit.core.importer.ClassFileImporter.importLocations(ClassFileImporter.java:325)
	at com.tngtech.archunit.junit.internal.ClassCache$CacheClassFileImporter.importClasses(ClassCache.java:126)
	at com.tngtech.archunit.junit.internal.ClassCache$LazyJavaClasses.initialize(ClassCache.java:118)
	at com.tngtech.archunit.junit.internal.ClassCache$LazyJavaClasses.get(ClassCache.java:107)
	at com.tngtech.archunit.junit.internal.ClassCache.getClassesToAnalyzeFor(ClassCache.java:84)
	at com.tngtech.archunit.junit.internal.ArchUnitTestDescriptor.lambda$createChildren$1(ArchUnitTestDescriptor.java:90)
	at com.tngtech.archunit.junit.internal.ArchUnitTestDescriptor$ArchUnitRuleDescriptor.execute(ArchUnitTestDescriptor.java:167)
	at com.tngtech.archunit.junit.internal.ArchUnitTestDescriptor$ArchUnitRuleDescriptor.execute(ArchUnitTestDescriptor.java:150)
	at org.junit.platform.engine.support.hierarchical.NodeTestTask.lambda$executeRecursively$6(NodeTestTask.java:156)
	at org.junit.platform.engine.support.hierarchical.ThrowableCollector.execute(ThrowableCollector.java:73)
	at org.junit.platform.engine.support.hierarchical.NodeTestTask.lambda$executeRecursively$8(NodeTestTask.java:146)
	at org.junit.platform.engine.support.hierarchical.Node.around(Node.java:137)
	at org.junit.platform.engine.support.hierarchical.NodeTestTask.lambda$executeRecursively$9(NodeTestTask.java:144)
	at org.junit.platform.engine.support.hierarchical.ThrowableCollector.execute(ThrowableCollector.java:73)
	at org.junit.platform.engine.support.hierarchical.NodeTestTask.executeRecursively(NodeTestTask.java:143)
	at org.junit.platform.engine.support.hierarchical.NodeTestTask.execute(NodeTestTask.java:100)
	at java.base/java.util.ArrayList.forEach(ArrayList.java:1604)
	at org.junit.platform.engine.support.hierarchical.SameThreadHierarchicalTestExecutorService.invokeAll(SameThreadHierarchicalTestExecutorService.java:41)
	at org.junit.platform.engine.support.hierarchical.NodeTestTask.lambda$executeRecursively$6(NodeTestTask.java:160)
	at org.junit.platform.engine.support.hierarchical.ThrowableCollector.execute(ThrowableCollector.java:73)
	at org.junit.platform.engine.support.hierarchical.NodeTestTask.lambda$executeRecursively$8(NodeTestTask.java:146)
	at org.junit.platform.engine.support.hierarchical.Node.around(Node.java:137)
	at org.junit.platform.engine.support.hierarchical.NodeTestTask.lambda$executeRecursively$9(NodeTestTask.java:144)
	at org.junit.platform.engine.support.hierarchical.ThrowableCollector.execute(ThrowableCollector.java:73)
	at org.junit.platform.engine.support.hierarchical.NodeTestTask.executeRecursively(NodeTestTask.java:143)
	at org.junit.platform.engine.support.hierarchical.NodeTestTask.execute(NodeTestTask.java:100)
	at java.base/java.util.ArrayList.forEach(ArrayList.java:1604)
	at org.junit.platform.engine.support.hierarchical.SameThreadHierarchicalTestExecutorService.invokeAll(SameThreadHierarchicalTestExecutorService.java:41)
	at org.junit.platform.engine.support.hierarchical.NodeTestTask.lambda$executeRecursively$6(NodeTestTask.java:160)
	at org.junit.platform.engine.support.hierarchical.ThrowableCollector.execute(ThrowableCollector.java:73)
	at org.junit.platform.engine.support.hierarchical.NodeTestTask.lambda$executeRecursively$8(NodeTestTask.java:146)
	at org.junit.platform.engine.support.hierarchical.Node.around(Node.java:137)
	at org.junit.platform.engine.support.hierarchical.NodeTestTask.lambda$executeRecursively$9(NodeTestTask.java:144)
	at org.junit.platform.engine.support.hierarchical.ThrowableCollector.execute(ThrowableCollector.java:73)
	at org.junit.platform.engine.support.hierarchical.NodeTestTask.executeRecursively(NodeTestTask.java:143)
	at org.junit.platform.engine.support.hierarchical.NodeTestTask.execute(NodeTestTask.java:100)
	at org.junit.platform.engine.support.hierarchical.SameThreadHierarchicalTestExecutorService.submit(SameThreadHierarchicalTestExecutorService.java:35)
	at org.junit.platform.engine.support.hierarchical.HierarchicalTestExecutor.execute(HierarchicalTestExecutor.java:57)
	at org.junit.platform.engine.support.hierarchical.HierarchicalTestEngine.execute(HierarchicalTestEngine.java:54)
	at org.junit.platform.launcher.core.EngineExecutionOrchestrator.execute(EngineExecutionOrchestrator.java:198)
	at org.junit.platform.launcher.core.EngineExecutionOrchestrator.execute(EngineExecutionOrchestrator.java:169)
	at org.junit.platform.launcher.core.EngineExecutionOrchestrator.execute(EngineExecutionOrchestrator.java:93)
	at org.junit.platform.launcher.core.EngineExecutionOrchestrator.lambda$execute$0(EngineExecutionOrchestrator.java:58)
	at org.junit.platform.launcher.core.EngineExecutionOrchestrator.withInterceptedStreams(EngineExecutionOrchestrator.java:141)
	at org.junit.platform.launcher.core.EngineExecutionOrchestrator.execute(EngineExecutionOrchestrator.java:57)
	at org.junit.platform.launcher.core.DefaultLauncher.execute(DefaultLauncher.java:103)
	at org.junit.platform.launcher.core.DefaultLauncher.execute(DefaultLauncher.java:85)
	at org.junit.platform.launcher.core.DelegatingLauncher.execute(DelegatingLauncher.java:47)
	at org.apache.maven.surefire.junitplatform.LazyLauncher.execute(LazyLauncher.java:56)
	at org.apache.maven.surefire.junitplatform.JUnitPlatformProvider.execute(JUnitPlatformProvider.java:184)
	at org.apache.maven.surefire.junitplatform.JUnitPlatformProvider.invokeAllTests(JUnitPlatformProvider.java:148)
	at org.apache.maven.surefire.junitplatform.JUnitPlatformProvider.invoke(JUnitPlatformProvider.java:122)
	at org.apache.maven.surefire.booter.ForkedBooter.runSuitesInProcess(ForkedBooter.java:385)
	at org.apache.maven.surefire.booter.ForkedBooter.execute(ForkedBooter.java:162)
	at org.apache.maven.surefire.booter.ForkedBooter.run(ForkedBooter.java:507)
	at org.apache.maven.surefire.booter.ForkedBooter.main(ForkedBooter.java:495)
]]></system-out>
  </testcase>
  <testcase name="domain_model_should_not_depend_on_the_user_interface" classname="ArchitectureTest" time="0.002"/>
  <testcase name="repositories_should_only_be_used_by_application_services_and_other_domain_classes" classname="ArchitectureTest" time="0.117"/>
  <testcase name="repositories_should_only_be_accessed_by_transactional_classes" classname="ArchitectureTest" time="0.026"/>
  <testcase name="application_services_should_not_depend_on_the_user_interface" classname="ArchitectureTest" time="0.0"/>
  <testcase name="there_should_not_be_circular_dependencies_between_feature_packages" classname="ArchitectureTest" time="0.099"/>
</testsuite>